2021-03-19 12:17:22,007 [INFO]: variables added
2021-03-19 12:17:22,007 [DEBUG]: Adding callback on port [6] to [<bound method Localization._incoming of <cflib.crazyflie.localization.Localization object at 0x000001E576DA7D48>>]
2021-03-19 12:17:22,007 [DEBUG]: Adding callback on port [5] to [<bound method Log._new_packet_cb of <cflib.crazyflie.log.Log object at 0x000001E576DA7E48>>]
2021-03-19 12:17:22,007 [DEBUG]: Adding callback on port [0] to [<bound method Console.incoming of <cflib.crazyflie.console.Console object at 0x000001E576DA7EC8>>]
2021-03-19 12:17:22,007 [DEBUG]: Adding callback on port [2] to [<bound method _ParamUpdater._new_packet_cb of <_ParamUpdater(Thread-2, initial daemon)>>]
2021-03-19 12:17:22,008 [DEBUG]: Adding callback on port [4] to [<bound method Memory._new_packet_cb of <cflib.crazyflie.mem.Memory object at 0x000001E576DB3248>>]
2021-03-19 12:17:22,008 [DEBUG]: Adding callback on port [13] to [<bound method PlatformService._platform_callback of <cflib.crazyflie.platformservice.PlatformService object at 0x000001E576DB3348>>]
2021-03-19 12:17:22,008 [DEBUG]: Adding callback on port [15] to [<bound method PlatformService._crt_service_callback of <cflib.crazyflie.platformservice.PlatformService object at 0x000001E576DB3348>>]
2021-03-19 12:17:22,008 [INFO]: Callback->Connection initialized[radio://0/80/2M]
2021-03-19 12:17:22,011 [INFO]: We are connected[radio://0/80/2M], request connection setup
2021-03-19 12:17:22,013 [INFO]: Callback->Connected to [radio://0/80/2M]
2021-03-19 12:17:22,050 [INFO]: Protocol  version: 4
2021-03-19 12:17:22,054 [DEBUG]: Logging reset, continue with TOC download
2021-03-19 12:17:22,055 [DEBUG]: [5]: Using V2 protocol: 1
2021-03-19 12:17:22,055 [DEBUG]: [5]: Start fetching...
2021-03-19 12:17:22,055 [DEBUG]: Adding callback on port [5] to [<bound method TocFetcher._new_packet_cb of <cflib.crazyflie.toc.TocFetcher object at 0x000001E576DBC8C8>>]
2021-03-19 12:17:22,060 [DEBUG]: [5]: Got TOC CRC, 317 items and crc=0x05C5AF70
2021-03-19 12:17:22,060 [DEBUG]: Requesting index 0 on port 5
2021-03-19 12:17:22,064 [DEBUG]: Added element [0]
2021-03-19 12:17:22,064 [DEBUG]: [5]: More variables, requesting index 1
2021-03-19 12:17:22,065 [DEBUG]: Requesting index 1 on port 5
2021-03-19 12:17:22,069 [DEBUG]: Added element [1]
2021-03-19 12:17:22,069 [DEBUG]: [5]: More variables, requesting index 2
2021-03-19 12:17:22,069 [DEBUG]: Requesting index 2 on port 5
2021-03-19 12:17:22,074 [DEBUG]: Added element [2]
2021-03-19 12:17:22,074 [DEBUG]: [5]: More variables, requesting index 3
2021-03-19 12:17:22,074 [DEBUG]: Requesting index 3 on port 5
2021-03-19 12:17:22,078 [DEBUG]: Added element [3]
2021-03-19 12:17:22,079 [DEBUG]: [5]: More variables, requesting index 4
2021-03-19 12:17:22,079 [DEBUG]: Requesting index 4 on port 5
2021-03-19 12:17:22,083 [DEBUG]: Added element [4]
2021-03-19 12:17:22,083 [DEBUG]: [5]: More variables, requesting index 5
2021-03-19 12:17:22,083 [DEBUG]: Requesting index 5 on port 5
2021-03-19 12:17:22,087 [DEBUG]: Added element [5]
2021-03-19 12:17:22,087 [DEBUG]: [5]: More variables, requesting index 6
2021-03-19 12:17:22,087 [DEBUG]: Requesting index 6 on port 5
2021-03-19 12:17:22,092 [DEBUG]: Added element [6]
2021-03-19 12:17:22,092 [DEBUG]: [5]: More variables, requesting index 7
2021-03-19 12:17:22,092 [DEBUG]: Requesting index 7 on port 5
2021-03-19 12:17:22,096 [DEBUG]: Added element [7]
2021-03-19 12:17:22,096 [DEBUG]: [5]: More variables, requesting index 8
2021-03-19 12:17:22,096 [DEBUG]: Requesting index 8 on port 5
2021-03-19 12:17:22,100 [DEBUG]: Added element [8]
2021-03-19 12:17:22,100 [DEBUG]: [5]: More variables, requesting index 9
2021-03-19 12:17:22,100 [DEBUG]: Requesting index 9 on port 5
2021-03-19 12:17:22,104 [DEBUG]: Added element [9]
2021-03-19 12:17:22,104 [DEBUG]: [5]: More variables, requesting index 10
2021-03-19 12:17:22,104 [DEBUG]: Requesting index 10 on port 5
2021-03-19 12:17:22,108 [DEBUG]: Added element [10]
2021-03-19 12:17:22,109 [DEBUG]: [5]: More variables, requesting index 11
2021-03-19 12:17:22,109 [DEBUG]: Requesting index 11 on port 5
2021-03-19 12:17:22,113 [DEBUG]: Added element [11]
2021-03-19 12:17:22,113 [DEBUG]: [5]: More variables, requesting index 12
2021-03-19 12:17:22,113 [DEBUG]: Requesting index 12 on port 5
2021-03-19 12:17:22,116 [DEBUG]: Added element [12]
2021-03-19 12:17:22,116 [DEBUG]: [5]: More variables, requesting index 13
2021-03-19 12:17:22,116 [DEBUG]: Requesting index 13 on port 5
2021-03-19 12:17:22,120 [DEBUG]: Added element [13]
2021-03-19 12:17:22,120 [DEBUG]: [5]: More variables, requesting index 14
2021-03-19 12:17:22,120 [DEBUG]: Requesting index 14 on port 5
2021-03-19 12:17:22,124 [DEBUG]: Added element [14]
2021-03-19 12:17:22,124 [DEBUG]: [5]: More variables, requesting index 15
2021-03-19 12:17:22,124 [DEBUG]: Requesting index 15 on port 5
2021-03-19 12:17:22,128 [DEBUG]: Added element [15]
2021-03-19 12:17:22,129 [DEBUG]: [5]: More variables, requesting index 16
2021-03-19 12:17:22,129 [DEBUG]: Requesting index 16 on port 5
2021-03-19 12:17:22,133 [DEBUG]: Added element [16]
2021-03-19 12:17:22,133 [DEBUG]: [5]: More variables, requesting index 17
2021-03-19 12:17:22,133 [DEBUG]: Requesting index 17 on port 5
2021-03-19 12:17:22,137 [DEBUG]: Added element [17]
2021-03-19 12:17:22,137 [DEBUG]: [5]: More variables, requesting index 18
2021-03-19 12:17:22,137 [DEBUG]: Requesting index 18 on port 5
2021-03-19 12:17:22,142 [DEBUG]: Added element [18]
2021-03-19 12:17:22,142 [DEBUG]: [5]: More variables, requesting index 19
2021-03-19 12:17:22,142 [DEBUG]: Requesting index 19 on port 5
2021-03-19 12:17:22,146 [DEBUG]: Added element [19]
2021-03-19 12:17:22,146 [DEBUG]: [5]: More variables, requesting index 20
2021-03-19 12:17:22,146 [DEBUG]: Requesting index 20 on port 5
2021-03-19 12:17:22,150 [DEBUG]: Added element [20]
2021-03-19 12:17:22,150 [DEBUG]: [5]: More variables, requesting index 21
2021-03-19 12:17:22,150 [DEBUG]: Requesting index 21 on port 5
2021-03-19 12:17:22,154 [DEBUG]: Added element [21]
2021-03-19 12:17:22,154 [DEBUG]: [5]: More variables, requesting index 22
2021-03-19 12:17:22,155 [DEBUG]: Requesting index 22 on port 5
2021-03-19 12:17:22,168 [DEBUG]: Added element [22]
2021-03-19 12:17:22,169 [DEBUG]: [5]: More variables, requesting index 23
2021-03-19 12:17:22,169 [DEBUG]: Requesting index 23 on port 5
2021-03-19 12:17:22,174 [DEBUG]: Added element [23]
2021-03-19 12:17:22,174 [DEBUG]: [5]: More variables, requesting index 24
2021-03-19 12:17:22,175 [DEBUG]: Requesting index 24 on port 5
2021-03-19 12:17:22,179 [DEBUG]: Added element [24]
2021-03-19 12:17:22,179 [DEBUG]: [5]: More variables, requesting index 25
2021-03-19 12:17:22,179 [DEBUG]: Requesting index 25 on port 5
2021-03-19 12:17:22,183 [DEBUG]: Added element [25]
2021-03-19 12:17:22,183 [DEBUG]: [5]: More variables, requesting index 26
2021-03-19 12:17:22,183 [DEBUG]: Requesting index 26 on port 5
2021-03-19 12:17:22,187 [DEBUG]: Added element [26]
2021-03-19 12:17:22,187 [DEBUG]: [5]: More variables, requesting index 27
2021-03-19 12:17:22,187 [DEBUG]: Requesting index 27 on port 5
2021-03-19 12:17:22,191 [DEBUG]: Added element [27]
2021-03-19 12:17:22,191 [DEBUG]: [5]: More variables, requesting index 28
2021-03-19 12:17:22,191 [DEBUG]: Requesting index 28 on port 5
2021-03-19 12:17:22,196 [DEBUG]: Added element [28]
2021-03-19 12:17:22,196 [DEBUG]: [5]: More variables, requesting index 29
2021-03-19 12:17:22,196 [DEBUG]: Requesting index 29 on port 5
2021-03-19 12:17:22,200 [DEBUG]: Added element [29]
2021-03-19 12:17:22,200 [DEBUG]: [5]: More variables, requesting index 30
2021-03-19 12:17:22,200 [DEBUG]: Requesting index 30 on port 5
2021-03-19 12:17:22,204 [DEBUG]: Added element [30]
2021-03-19 12:17:22,204 [DEBUG]: [5]: More variables, requesting index 31
2021-03-19 12:17:22,204 [DEBUG]: Requesting index 31 on port 5
2021-03-19 12:17:22,208 [DEBUG]: Added element [31]
2021-03-19 12:17:22,208 [DEBUG]: [5]: More variables, requesting index 32
2021-03-19 12:17:22,208 [DEBUG]: Requesting index 32 on port 5
2021-03-19 12:17:22,212 [DEBUG]: Added element [32]
2021-03-19 12:17:22,212 [DEBUG]: [5]: More variables, requesting index 33
2021-03-19 12:17:22,212 [DEBUG]: Requesting index 33 on port 5
2021-03-19 12:17:22,217 [DEBUG]: Added element [33]
2021-03-19 12:17:22,217 [DEBUG]: [5]: More variables, requesting index 34
2021-03-19 12:17:22,217 [DEBUG]: Requesting index 34 on port 5
2021-03-19 12:17:22,221 [DEBUG]: Added element [34]
2021-03-19 12:17:22,221 [DEBUG]: [5]: More variables, requesting index 35
2021-03-19 12:17:22,221 [DEBUG]: Requesting index 35 on port 5
2021-03-19 12:17:22,226 [DEBUG]: Added element [35]
2021-03-19 12:17:22,226 [DEBUG]: [5]: More variables, requesting index 36
2021-03-19 12:17:22,226 [DEBUG]: Requesting index 36 on port 5
2021-03-19 12:17:22,230 [DEBUG]: Added element [36]
2021-03-19 12:17:22,231 [DEBUG]: [5]: More variables, requesting index 37
2021-03-19 12:17:22,231 [DEBUG]: Requesting index 37 on port 5
2021-03-19 12:17:22,235 [DEBUG]: Added element [37]
2021-03-19 12:17:22,235 [DEBUG]: [5]: More variables, requesting index 38
2021-03-19 12:17:22,235 [DEBUG]: Requesting index 38 on port 5
2021-03-19 12:17:22,239 [DEBUG]: Added element [38]
2021-03-19 12:17:22,239 [DEBUG]: [5]: More variables, requesting index 39
2021-03-19 12:17:22,239 [DEBUG]: Requesting index 39 on port 5
2021-03-19 12:17:22,242 [DEBUG]: Added element [39]
2021-03-19 12:17:22,243 [DEBUG]: [5]: More variables, requesting index 40
2021-03-19 12:17:22,243 [DEBUG]: Requesting index 40 on port 5
2021-03-19 12:17:22,247 [DEBUG]: Added element [40]
2021-03-19 12:17:22,247 [DEBUG]: [5]: More variables, requesting index 41
2021-03-19 12:17:22,247 [DEBUG]: Requesting index 41 on port 5
2021-03-19 12:17:22,252 [DEBUG]: Added element [41]
2021-03-19 12:17:22,252 [DEBUG]: [5]: More variables, requesting index 42
2021-03-19 12:17:22,253 [DEBUG]: Requesting index 42 on port 5
2021-03-19 12:17:22,256 [DEBUG]: Added element [42]
2021-03-19 12:17:22,256 [DEBUG]: [5]: More variables, requesting index 43
2021-03-19 12:17:22,256 [DEBUG]: Requesting index 43 on port 5
2021-03-19 12:17:22,260 [DEBUG]: Added element [43]
2021-03-19 12:17:22,260 [DEBUG]: [5]: More variables, requesting index 44
2021-03-19 12:17:22,260 [DEBUG]: Requesting index 44 on port 5
2021-03-19 12:17:22,265 [DEBUG]: Added element [44]
2021-03-19 12:17:22,265 [DEBUG]: [5]: More variables, requesting index 45
2021-03-19 12:17:22,265 [DEBUG]: Requesting index 45 on port 5
2021-03-19 12:17:22,269 [DEBUG]: Added element [45]
2021-03-19 12:17:22,269 [DEBUG]: [5]: More variables, requesting index 46
2021-03-19 12:17:22,269 [DEBUG]: Requesting index 46 on port 5
2021-03-19 12:17:22,274 [DEBUG]: Added element [46]
2021-03-19 12:17:22,274 [DEBUG]: [5]: More variables, requesting index 47
2021-03-19 12:17:22,274 [DEBUG]: Requesting index 47 on port 5
2021-03-19 12:17:22,278 [DEBUG]: Added element [47]
2021-03-19 12:17:22,278 [DEBUG]: [5]: More variables, requesting index 48
2021-03-19 12:17:22,278 [DEBUG]: Requesting index 48 on port 5
2021-03-19 12:17:22,292 [DEBUG]: Added element [48]
2021-03-19 12:17:22,292 [DEBUG]: [5]: More variables, requesting index 49
2021-03-19 12:17:22,292 [DEBUG]: Requesting index 49 on port 5
2021-03-19 12:17:22,297 [DEBUG]: Added element [49]
2021-03-19 12:17:22,297 [DEBUG]: [5]: More variables, requesting index 50
2021-03-19 12:17:22,297 [DEBUG]: Requesting index 50 on port 5
2021-03-19 12:17:22,301 [DEBUG]: Added element [50]
2021-03-19 12:17:22,301 [DEBUG]: [5]: More variables, requesting index 51
2021-03-19 12:17:22,301 [DEBUG]: Requesting index 51 on port 5
2021-03-19 12:17:22,306 [DEBUG]: Added element [51]
2021-03-19 12:17:22,306 [DEBUG]: [5]: More variables, requesting index 52
2021-03-19 12:17:22,306 [DEBUG]: Requesting index 52 on port 5
2021-03-19 12:17:22,311 [DEBUG]: Added element [52]
2021-03-19 12:17:22,311 [DEBUG]: [5]: More variables, requesting index 53
2021-03-19 12:17:22,311 [DEBUG]: Requesting index 53 on port 5
2021-03-19 12:17:22,315 [DEBUG]: Added element [53]
2021-03-19 12:17:22,315 [DEBUG]: [5]: More variables, requesting index 54
2021-03-19 12:17:22,315 [DEBUG]: Requesting index 54 on port 5
2021-03-19 12:17:22,319 [DEBUG]: Added element [54]
2021-03-19 12:17:22,319 [DEBUG]: [5]: More variables, requesting index 55
2021-03-19 12:17:22,319 [DEBUG]: Requesting index 55 on port 5
2021-03-19 12:17:22,323 [DEBUG]: Added element [55]
2021-03-19 12:17:22,324 [DEBUG]: [5]: More variables, requesting index 56
2021-03-19 12:17:22,324 [DEBUG]: Requesting index 56 on port 5
2021-03-19 12:17:22,328 [DEBUG]: Added element [56]
2021-03-19 12:17:22,328 [DEBUG]: [5]: More variables, requesting index 57
2021-03-19 12:17:22,328 [DEBUG]: Requesting index 57 on port 5
2021-03-19 12:17:22,332 [DEBUG]: Added element [57]
2021-03-19 12:17:22,332 [DEBUG]: [5]: More variables, requesting index 58
2021-03-19 12:17:22,332 [DEBUG]: Requesting index 58 on port 5
2021-03-19 12:17:22,340 [DEBUG]: Added element [58]
2021-03-19 12:17:22,340 [DEBUG]: [5]: More variables, requesting index 59
2021-03-19 12:17:22,341 [DEBUG]: Requesting index 59 on port 5
2021-03-19 12:17:22,345 [DEBUG]: Added element [59]
2021-03-19 12:17:22,345 [DEBUG]: [5]: More variables, requesting index 60
2021-03-19 12:17:22,345 [DEBUG]: Requesting index 60 on port 5
2021-03-19 12:17:22,349 [DEBUG]: Added element [60]
2021-03-19 12:17:22,349 [DEBUG]: [5]: More variables, requesting index 61
2021-03-19 12:17:22,349 [DEBUG]: Requesting index 61 on port 5
2021-03-19 12:17:22,353 [DEBUG]: Added element [61]
2021-03-19 12:17:22,354 [DEBUG]: [5]: More variables, requesting index 62
2021-03-19 12:17:22,354 [DEBUG]: Requesting index 62 on port 5
2021-03-19 12:17:22,358 [DEBUG]: Added element [62]
2021-03-19 12:17:22,358 [DEBUG]: [5]: More variables, requesting index 63
2021-03-19 12:17:22,359 [DEBUG]: Requesting index 63 on port 5
2021-03-19 12:17:22,363 [DEBUG]: Added element [63]
2021-03-19 12:17:22,363 [DEBUG]: [5]: More variables, requesting index 64
2021-03-19 12:17:22,363 [DEBUG]: Requesting index 64 on port 5
2021-03-19 12:17:22,368 [DEBUG]: Added element [64]
2021-03-19 12:17:22,368 [DEBUG]: [5]: More variables, requesting index 65
2021-03-19 12:17:22,368 [DEBUG]: Requesting index 65 on port 5
2021-03-19 12:17:22,372 [DEBUG]: Added element [65]
2021-03-19 12:17:22,372 [DEBUG]: [5]: More variables, requesting index 66
2021-03-19 12:17:22,372 [DEBUG]: Requesting index 66 on port 5
2021-03-19 12:17:22,377 [DEBUG]: Added element [66]
2021-03-19 12:17:22,377 [DEBUG]: [5]: More variables, requesting index 67
2021-03-19 12:17:22,377 [DEBUG]: Requesting index 67 on port 5
2021-03-19 12:17:22,381 [DEBUG]: Added element [67]
2021-03-19 12:17:22,382 [DEBUG]: [5]: More variables, requesting index 68
2021-03-19 12:17:22,382 [DEBUG]: Requesting index 68 on port 5
2021-03-19 12:17:22,386 [DEBUG]: Added element [68]
2021-03-19 12:17:22,386 [DEBUG]: [5]: More variables, requesting index 69
2021-03-19 12:17:22,386 [DEBUG]: Requesting index 69 on port 5
2021-03-19 12:17:22,390 [DEBUG]: Added element [69]
2021-03-19 12:17:22,390 [DEBUG]: [5]: More variables, requesting index 70
2021-03-19 12:17:22,390 [DEBUG]: Requesting index 70 on port 5
2021-03-19 12:17:22,395 [DEBUG]: Added element [70]
2021-03-19 12:17:22,395 [DEBUG]: [5]: More variables, requesting index 71
2021-03-19 12:17:22,395 [DEBUG]: Requesting index 71 on port 5
2021-03-19 12:17:22,399 [DEBUG]: Added element [71]
2021-03-19 12:17:22,399 [DEBUG]: [5]: More variables, requesting index 72
2021-03-19 12:17:22,399 [DEBUG]: Requesting index 72 on port 5
2021-03-19 12:17:22,403 [DEBUG]: Added element [72]
2021-03-19 12:17:22,403 [DEBUG]: [5]: More variables, requesting index 73
2021-03-19 12:17:22,403 [DEBUG]: Requesting index 73 on port 5
2021-03-19 12:17:22,409 [DEBUG]: Added element [73]
2021-03-19 12:17:22,409 [DEBUG]: [5]: More variables, requesting index 74
2021-03-19 12:17:22,409 [DEBUG]: Requesting index 74 on port 5
2021-03-19 12:17:22,422 [DEBUG]: Added element [74]
2021-03-19 12:17:22,423 [DEBUG]: [5]: More variables, requesting index 75
2021-03-19 12:17:22,423 [DEBUG]: Requesting index 75 on port 5
2021-03-19 12:17:22,427 [DEBUG]: Added element [75]
2021-03-19 12:17:22,427 [DEBUG]: [5]: More variables, requesting index 76
2021-03-19 12:17:22,427 [DEBUG]: Requesting index 76 on port 5
2021-03-19 12:17:22,431 [DEBUG]: Added element [76]
2021-03-19 12:17:22,431 [DEBUG]: [5]: More variables, requesting index 77
2021-03-19 12:17:22,431 [DEBUG]: Requesting index 77 on port 5
2021-03-19 12:17:22,435 [DEBUG]: Added element [77]
2021-03-19 12:17:22,435 [DEBUG]: [5]: More variables, requesting index 78
2021-03-19 12:17:22,435 [DEBUG]: Requesting index 78 on port 5
2021-03-19 12:17:22,440 [DEBUG]: Added element [78]
2021-03-19 12:17:22,440 [DEBUG]: [5]: More variables, requesting index 79
2021-03-19 12:17:22,440 [DEBUG]: Requesting index 79 on port 5
2021-03-19 12:17:22,444 [DEBUG]: Added element [79]
2021-03-19 12:17:22,444 [DEBUG]: [5]: More variables, requesting index 80
2021-03-19 12:17:22,444 [DEBUG]: Requesting index 80 on port 5
2021-03-19 12:17:22,448 [DEBUG]: Added element [80]
2021-03-19 12:17:22,448 [DEBUG]: [5]: More variables, requesting index 81
2021-03-19 12:17:22,448 [DEBUG]: Requesting index 81 on port 5
2021-03-19 12:17:22,453 [DEBUG]: Added element [81]
2021-03-19 12:17:22,453 [DEBUG]: [5]: More variables, requesting index 82
2021-03-19 12:17:22,453 [DEBUG]: Requesting index 82 on port 5
2021-03-19 12:17:22,457 [DEBUG]: Added element [82]
2021-03-19 12:17:22,457 [DEBUG]: [5]: More variables, requesting index 83
2021-03-19 12:17:22,457 [DEBUG]: Requesting index 83 on port 5
2021-03-19 12:17:22,461 [DEBUG]: Added element [83]
2021-03-19 12:17:22,461 [DEBUG]: [5]: More variables, requesting index 84
2021-03-19 12:17:22,462 [DEBUG]: Requesting index 84 on port 5
2021-03-19 12:17:22,467 [DEBUG]: Added element [84]
2021-03-19 12:17:22,467 [DEBUG]: [5]: More variables, requesting index 85
2021-03-19 12:17:22,467 [DEBUG]: Requesting index 85 on port 5
2021-03-19 12:17:22,471 [DEBUG]: Added element [85]
2021-03-19 12:17:22,471 [DEBUG]: [5]: More variables, requesting index 86
2021-03-19 12:17:22,471 [DEBUG]: Requesting index 86 on port 5
2021-03-19 12:17:22,477 [DEBUG]: Added element [86]
2021-03-19 12:17:22,477 [DEBUG]: [5]: More variables, requesting index 87
2021-03-19 12:17:22,477 [DEBUG]: Requesting index 87 on port 5
2021-03-19 12:17:22,482 [DEBUG]: Added element [87]
2021-03-19 12:17:22,482 [DEBUG]: [5]: More variables, requesting index 88
2021-03-19 12:17:22,482 [DEBUG]: Requesting index 88 on port 5
2021-03-19 12:17:22,486 [DEBUG]: Added element [88]
2021-03-19 12:17:22,486 [DEBUG]: [5]: More variables, requesting index 89
2021-03-19 12:17:22,486 [DEBUG]: Requesting index 89 on port 5
2021-03-19 12:17:22,490 [DEBUG]: Added element [89]
2021-03-19 12:17:22,490 [DEBUG]: [5]: More variables, requesting index 90
2021-03-19 12:17:22,490 [DEBUG]: Requesting index 90 on port 5
2021-03-19 12:17:22,495 [DEBUG]: Added element [90]
2021-03-19 12:17:22,495 [DEBUG]: [5]: More variables, requesting index 91
2021-03-19 12:17:22,495 [DEBUG]: Requesting index 91 on port 5
2021-03-19 12:17:22,504 [DEBUG]: Added element [91]
2021-03-19 12:17:22,504 [DEBUG]: [5]: More variables, requesting index 92
2021-03-19 12:17:22,504 [DEBUG]: Requesting index 92 on port 5
2021-03-19 12:17:22,508 [DEBUG]: Added element [92]
2021-03-19 12:17:22,509 [DEBUG]: [5]: More variables, requesting index 93
2021-03-19 12:17:22,509 [DEBUG]: Requesting index 93 on port 5
2021-03-19 12:17:22,513 [DEBUG]: Added element [93]
2021-03-19 12:17:22,513 [DEBUG]: [5]: More variables, requesting index 94
2021-03-19 12:17:22,513 [DEBUG]: Requesting index 94 on port 5
2021-03-19 12:17:22,517 [DEBUG]: Added element [94]
2021-03-19 12:17:22,518 [DEBUG]: [5]: More variables, requesting index 95
2021-03-19 12:17:22,518 [DEBUG]: Requesting index 95 on port 5
2021-03-19 12:17:22,522 [DEBUG]: Added element [95]
2021-03-19 12:17:22,522 [DEBUG]: [5]: More variables, requesting index 96
2021-03-19 12:17:22,522 [DEBUG]: Requesting index 96 on port 5
2021-03-19 12:17:22,526 [DEBUG]: Added element [96]
2021-03-19 12:17:22,526 [DEBUG]: [5]: More variables, requesting index 97
2021-03-19 12:17:22,526 [DEBUG]: Requesting index 97 on port 5
2021-03-19 12:17:22,531 [DEBUG]: Added element [97]
2021-03-19 12:17:22,531 [DEBUG]: [5]: More variables, requesting index 98
2021-03-19 12:17:22,531 [DEBUG]: Requesting index 98 on port 5
2021-03-19 12:17:22,535 [DEBUG]: Added element [98]
2021-03-19 12:17:22,535 [DEBUG]: [5]: More variables, requesting index 99
2021-03-19 12:17:22,535 [DEBUG]: Requesting index 99 on port 5
2021-03-19 12:17:22,539 [DEBUG]: Added element [99]
2021-03-19 12:17:22,539 [DEBUG]: [5]: More variables, requesting index 100
2021-03-19 12:17:22,539 [DEBUG]: Requesting index 100 on port 5
2021-03-19 12:17:22,543 [DEBUG]: Added element [100]
2021-03-19 12:17:22,543 [DEBUG]: [5]: More variables, requesting index 101
2021-03-19 12:17:22,543 [DEBUG]: Requesting index 101 on port 5
2021-03-19 12:17:22,556 [DEBUG]: Added element [101]
2021-03-19 12:17:22,556 [DEBUG]: [5]: More variables, requesting index 102
2021-03-19 12:17:22,557 [DEBUG]: Requesting index 102 on port 5
2021-03-19 12:17:22,560 [DEBUG]: Added element [102]
2021-03-19 12:17:22,560 [DEBUG]: [5]: More variables, requesting index 103
2021-03-19 12:17:22,560 [DEBUG]: Requesting index 103 on port 5
2021-03-19 12:17:22,564 [DEBUG]: Added element [103]
2021-03-19 12:17:22,564 [DEBUG]: [5]: More variables, requesting index 104
2021-03-19 12:17:22,564 [DEBUG]: Requesting index 104 on port 5
2021-03-19 12:17:22,569 [DEBUG]: Added element [104]
2021-03-19 12:17:22,569 [DEBUG]: [5]: More variables, requesting index 105
2021-03-19 12:17:22,570 [DEBUG]: Requesting index 105 on port 5
2021-03-19 12:17:22,575 [DEBUG]: Added element [105]
2021-03-19 12:17:22,575 [DEBUG]: [5]: More variables, requesting index 106
2021-03-19 12:17:22,576 [DEBUG]: Requesting index 106 on port 5
2021-03-19 12:17:22,582 [DEBUG]: Added element [106]
2021-03-19 12:17:22,582 [DEBUG]: [5]: More variables, requesting index 107
2021-03-19 12:17:22,582 [DEBUG]: Requesting index 107 on port 5
2021-03-19 12:17:22,588 [DEBUG]: Added element [107]
2021-03-19 12:17:22,588 [DEBUG]: [5]: More variables, requesting index 108
2021-03-19 12:17:22,589 [DEBUG]: Requesting index 108 on port 5
2021-03-19 12:17:22,594 [DEBUG]: Added element [108]
2021-03-19 12:17:22,594 [DEBUG]: [5]: More variables, requesting index 109
2021-03-19 12:17:22,594 [DEBUG]: Requesting index 109 on port 5
2021-03-19 12:17:22,599 [DEBUG]: Added element [109]
2021-03-19 12:17:22,599 [DEBUG]: [5]: More variables, requesting index 110
2021-03-19 12:17:22,599 [DEBUG]: Requesting index 110 on port 5
2021-03-19 12:17:22,604 [DEBUG]: Added element [110]
2021-03-19 12:17:22,604 [DEBUG]: [5]: More variables, requesting index 111
2021-03-19 12:17:22,604 [DEBUG]: Requesting index 111 on port 5
2021-03-19 12:17:22,608 [DEBUG]: Added element [111]
2021-03-19 12:17:22,608 [DEBUG]: [5]: More variables, requesting index 112
2021-03-19 12:17:22,608 [DEBUG]: Requesting index 112 on port 5
2021-03-19 12:17:22,612 [DEBUG]: Added element [112]
2021-03-19 12:17:22,613 [DEBUG]: [5]: More variables, requesting index 113
2021-03-19 12:17:22,613 [DEBUG]: Requesting index 113 on port 5
2021-03-19 12:17:22,618 [DEBUG]: Added element [113]
2021-03-19 12:17:22,618 [DEBUG]: [5]: More variables, requesting index 114
2021-03-19 12:17:22,618 [DEBUG]: Requesting index 114 on port 5
2021-03-19 12:17:22,622 [DEBUG]: Added element [114]
2021-03-19 12:17:22,622 [DEBUG]: [5]: More variables, requesting index 115
2021-03-19 12:17:22,622 [DEBUG]: Requesting index 115 on port 5
2021-03-19 12:17:22,627 [DEBUG]: Added element [115]
2021-03-19 12:17:22,627 [DEBUG]: [5]: More variables, requesting index 116
2021-03-19 12:17:22,627 [DEBUG]: Requesting index 116 on port 5
2021-03-19 12:17:22,630 [DEBUG]: Added element [116]
2021-03-19 12:17:22,630 [DEBUG]: [5]: More variables, requesting index 117
2021-03-19 12:17:22,630 [DEBUG]: Requesting index 117 on port 5
2021-03-19 12:17:22,634 [DEBUG]: Added element [117]
2021-03-19 12:17:22,634 [DEBUG]: [5]: More variables, requesting index 118
2021-03-19 12:17:22,634 [DEBUG]: Requesting index 118 on port 5
2021-03-19 12:17:22,638 [DEBUG]: Added element [118]
2021-03-19 12:17:22,639 [DEBUG]: [5]: More variables, requesting index 119
2021-03-19 12:17:22,639 [DEBUG]: Requesting index 119 on port 5
2021-03-19 12:17:22,643 [DEBUG]: Added element [119]
2021-03-19 12:17:22,643 [DEBUG]: [5]: More variables, requesting index 120
2021-03-19 12:17:22,643 [DEBUG]: Requesting index 120 on port 5
2021-03-19 12:17:22,647 [DEBUG]: Added element [120]
2021-03-19 12:17:22,647 [DEBUG]: [5]: More variables, requesting index 121
2021-03-19 12:17:22,647 [DEBUG]: Requesting index 121 on port 5
2021-03-19 12:17:22,651 [DEBUG]: Added element [121]
2021-03-19 12:17:22,652 [DEBUG]: [5]: More variables, requesting index 122
2021-03-19 12:17:22,652 [DEBUG]: Requesting index 122 on port 5
2021-03-19 12:17:22,656 [DEBUG]: Added element [122]
2021-03-19 12:17:22,656 [DEBUG]: [5]: More variables, requesting index 123
2021-03-19 12:17:22,657 [DEBUG]: Requesting index 123 on port 5
2021-03-19 12:17:22,661 [DEBUG]: Added element [123]
2021-03-19 12:17:22,661 [DEBUG]: [5]: More variables, requesting index 124
2021-03-19 12:17:22,661 [DEBUG]: Requesting index 124 on port 5
2021-03-19 12:17:22,665 [DEBUG]: Added element [124]
2021-03-19 12:17:22,665 [DEBUG]: [5]: More variables, requesting index 125
2021-03-19 12:17:22,665 [DEBUG]: Requesting index 125 on port 5
2021-03-19 12:17:22,669 [DEBUG]: Added element [125]
2021-03-19 12:17:22,669 [DEBUG]: [5]: More variables, requesting index 126
2021-03-19 12:17:22,670 [DEBUG]: Requesting index 126 on port 5
2021-03-19 12:17:22,674 [DEBUG]: Added element [126]
2021-03-19 12:17:22,674 [DEBUG]: [5]: More variables, requesting index 127
2021-03-19 12:17:22,674 [DEBUG]: Requesting index 127 on port 5
2021-03-19 12:17:22,687 [DEBUG]: Added element [127]
2021-03-19 12:17:22,687 [DEBUG]: [5]: More variables, requesting index 128
2021-03-19 12:17:22,687 [DEBUG]: Requesting index 128 on port 5
2021-03-19 12:17:22,691 [DEBUG]: Added element [128]
2021-03-19 12:17:22,692 [DEBUG]: [5]: More variables, requesting index 129
2021-03-19 12:17:22,692 [DEBUG]: Requesting index 129 on port 5
2021-03-19 12:17:22,696 [DEBUG]: Added element [129]
2021-03-19 12:17:22,696 [DEBUG]: [5]: More variables, requesting index 130
2021-03-19 12:17:22,696 [DEBUG]: Requesting index 130 on port 5
2021-03-19 12:17:22,700 [DEBUG]: Added element [130]
2021-03-19 12:17:22,700 [DEBUG]: [5]: More variables, requesting index 131
2021-03-19 12:17:22,700 [DEBUG]: Requesting index 131 on port 5
2021-03-19 12:17:22,705 [DEBUG]: Added element [131]
2021-03-19 12:17:22,705 [DEBUG]: [5]: More variables, requesting index 132
2021-03-19 12:17:22,705 [DEBUG]: Requesting index 132 on port 5
2021-03-19 12:17:22,711 [DEBUG]: Added element [132]
2021-03-19 12:17:22,711 [DEBUG]: [5]: More variables, requesting index 133
2021-03-19 12:17:22,711 [DEBUG]: Requesting index 133 on port 5
2021-03-19 12:17:22,717 [DEBUG]: Added element [133]
2021-03-19 12:17:22,717 [DEBUG]: [5]: More variables, requesting index 134
2021-03-19 12:17:22,717 [DEBUG]: Requesting index 134 on port 5
2021-03-19 12:17:22,723 [DEBUG]: Added element [134]
2021-03-19 12:17:22,724 [DEBUG]: [5]: More variables, requesting index 135
2021-03-19 12:17:22,724 [DEBUG]: Requesting index 135 on port 5
2021-03-19 12:17:22,730 [DEBUG]: Added element [135]
2021-03-19 12:17:22,730 [DEBUG]: [5]: More variables, requesting index 136
2021-03-19 12:17:22,730 [DEBUG]: Requesting index 136 on port 5
2021-03-19 12:17:22,734 [DEBUG]: Added element [136]
2021-03-19 12:17:22,735 [DEBUG]: [5]: More variables, requesting index 137
2021-03-19 12:17:22,735 [DEBUG]: Requesting index 137 on port 5
2021-03-19 12:17:22,739 [DEBUG]: Added element [137]
2021-03-19 12:17:22,739 [DEBUG]: [5]: More variables, requesting index 138
2021-03-19 12:17:22,739 [DEBUG]: Requesting index 138 on port 5
2021-03-19 12:17:22,744 [DEBUG]: Added element [138]
2021-03-19 12:17:22,744 [DEBUG]: [5]: More variables, requesting index 139
2021-03-19 12:17:22,744 [DEBUG]: Requesting index 139 on port 5
2021-03-19 12:17:22,749 [DEBUG]: Added element [139]
2021-03-19 12:17:22,749 [DEBUG]: [5]: More variables, requesting index 140
2021-03-19 12:17:22,749 [DEBUG]: Requesting index 140 on port 5
2021-03-19 12:17:22,753 [DEBUG]: Added element [140]
2021-03-19 12:17:22,753 [DEBUG]: [5]: More variables, requesting index 141
2021-03-19 12:17:22,753 [DEBUG]: Requesting index 141 on port 5
2021-03-19 12:17:22,758 [DEBUG]: Added element [141]
2021-03-19 12:17:22,758 [DEBUG]: [5]: More variables, requesting index 142
2021-03-19 12:17:22,758 [DEBUG]: Requesting index 142 on port 5
2021-03-19 12:17:22,761 [DEBUG]: Added element [142]
2021-03-19 12:17:22,761 [DEBUG]: [5]: More variables, requesting index 143
2021-03-19 12:17:22,761 [DEBUG]: Requesting index 143 on port 5
2021-03-19 12:17:22,766 [DEBUG]: Added element [143]
2021-03-19 12:17:22,766 [DEBUG]: [5]: More variables, requesting index 144
2021-03-19 12:17:22,766 [DEBUG]: Requesting index 144 on port 5
2021-03-19 12:17:22,771 [DEBUG]: Added element [144]
2021-03-19 12:17:22,771 [DEBUG]: [5]: More variables, requesting index 145
2021-03-19 12:17:22,771 [DEBUG]: Requesting index 145 on port 5
2021-03-19 12:17:22,774 [DEBUG]: Added element [145]
2021-03-19 12:17:22,774 [DEBUG]: [5]: More variables, requesting index 146
2021-03-19 12:17:22,774 [DEBUG]: Requesting index 146 on port 5
2021-03-19 12:17:22,779 [DEBUG]: Added element [146]
2021-03-19 12:17:22,779 [DEBUG]: [5]: More variables, requesting index 147
2021-03-19 12:17:22,779 [DEBUG]: Requesting index 147 on port 5
2021-03-19 12:17:22,785 [DEBUG]: Added element [147]
2021-03-19 12:17:22,786 [DEBUG]: [5]: More variables, requesting index 148
2021-03-19 12:17:22,786 [DEBUG]: Requesting index 148 on port 5
2021-03-19 12:17:22,792 [DEBUG]: Added element [148]
2021-03-19 12:17:22,793 [DEBUG]: [5]: More variables, requesting index 149
2021-03-19 12:17:22,793 [DEBUG]: Requesting index 149 on port 5
2021-03-19 12:17:22,798 [DEBUG]: Added element [149]
2021-03-19 12:17:22,798 [DEBUG]: [5]: More variables, requesting index 150
2021-03-19 12:17:22,798 [DEBUG]: Requesting index 150 on port 5
2021-03-19 12:17:22,802 [DEBUG]: Added element [150]
2021-03-19 12:17:22,802 [DEBUG]: [5]: More variables, requesting index 151
2021-03-19 12:17:22,802 [DEBUG]: Requesting index 151 on port 5
2021-03-19 12:17:22,816 [DEBUG]: Added element [151]
2021-03-19 12:17:22,816 [DEBUG]: [5]: More variables, requesting index 152
2021-03-19 12:17:22,816 [DEBUG]: Requesting index 152 on port 5
2021-03-19 12:17:22,820 [DEBUG]: Added element [152]
2021-03-19 12:17:22,821 [DEBUG]: [5]: More variables, requesting index 153
2021-03-19 12:17:22,821 [DEBUG]: Requesting index 153 on port 5
2021-03-19 12:17:22,826 [DEBUG]: Added element [153]
2021-03-19 12:17:22,826 [DEBUG]: [5]: More variables, requesting index 154
2021-03-19 12:17:22,826 [DEBUG]: Requesting index 154 on port 5
2021-03-19 12:17:22,830 [DEBUG]: Added element [154]
2021-03-19 12:17:22,830 [DEBUG]: [5]: More variables, requesting index 155
2021-03-19 12:17:22,830 [DEBUG]: Requesting index 155 on port 5
2021-03-19 12:17:22,834 [DEBUG]: Added element [155]
2021-03-19 12:17:22,834 [DEBUG]: [5]: More variables, requesting index 156
2021-03-19 12:17:22,834 [DEBUG]: Requesting index 156 on port 5
2021-03-19 12:17:22,838 [DEBUG]: Added element [156]
2021-03-19 12:17:22,839 [DEBUG]: [5]: More variables, requesting index 157
2021-03-19 12:17:22,839 [DEBUG]: Requesting index 157 on port 5
2021-03-19 12:17:22,843 [DEBUG]: Added element [157]
2021-03-19 12:17:22,843 [DEBUG]: [5]: More variables, requesting index 158
2021-03-19 12:17:22,843 [DEBUG]: Requesting index 158 on port 5
2021-03-19 12:17:22,847 [DEBUG]: Added element [158]
2021-03-19 12:17:22,847 [DEBUG]: [5]: More variables, requesting index 159
2021-03-19 12:17:22,847 [DEBUG]: Requesting index 159 on port 5
2021-03-19 12:17:22,851 [DEBUG]: Added element [159]
2021-03-19 12:17:22,851 [DEBUG]: [5]: More variables, requesting index 160
2021-03-19 12:17:22,852 [DEBUG]: Requesting index 160 on port 5
2021-03-19 12:17:22,856 [DEBUG]: Added element [160]
2021-03-19 12:17:22,856 [DEBUG]: [5]: More variables, requesting index 161
2021-03-19 12:17:22,856 [DEBUG]: Requesting index 161 on port 5
2021-03-19 12:17:22,859 [DEBUG]: Added element [161]
2021-03-19 12:17:22,860 [DEBUG]: [5]: More variables, requesting index 162
2021-03-19 12:17:22,860 [DEBUG]: Requesting index 162 on port 5
2021-03-19 12:17:22,863 [DEBUG]: Added element [162]
2021-03-19 12:17:22,864 [DEBUG]: [5]: More variables, requesting index 163
2021-03-19 12:17:22,864 [DEBUG]: Requesting index 163 on port 5
2021-03-19 12:17:22,869 [DEBUG]: Added element [163]
2021-03-19 12:17:22,869 [DEBUG]: [5]: More variables, requesting index 164
2021-03-19 12:17:22,869 [DEBUG]: Requesting index 164 on port 5
2021-03-19 12:17:22,873 [DEBUG]: Added element [164]
2021-03-19 12:17:22,873 [DEBUG]: [5]: More variables, requesting index 165
2021-03-19 12:17:22,873 [DEBUG]: Requesting index 165 on port 5
2021-03-19 12:17:22,877 [DEBUG]: Added element [165]
2021-03-19 12:17:22,877 [DEBUG]: [5]: More variables, requesting index 166
2021-03-19 12:17:22,877 [DEBUG]: Requesting index 166 on port 5
2021-03-19 12:17:22,881 [DEBUG]: Added element [166]
2021-03-19 12:17:22,881 [DEBUG]: [5]: More variables, requesting index 167
2021-03-19 12:17:22,881 [DEBUG]: Requesting index 167 on port 5
2021-03-19 12:17:22,884 [DEBUG]: Added element [167]
2021-03-19 12:17:22,884 [DEBUG]: [5]: More variables, requesting index 168
2021-03-19 12:17:22,884 [DEBUG]: Requesting index 168 on port 5
2021-03-19 12:17:22,888 [DEBUG]: Added element [168]
2021-03-19 12:17:22,889 [DEBUG]: [5]: More variables, requesting index 169
2021-03-19 12:17:22,889 [DEBUG]: Requesting index 169 on port 5
2021-03-19 12:17:22,893 [DEBUG]: Added element [169]
2021-03-19 12:17:22,893 [DEBUG]: [5]: More variables, requesting index 170
2021-03-19 12:17:22,893 [DEBUG]: Requesting index 170 on port 5
2021-03-19 12:17:22,898 [DEBUG]: Added element [170]
2021-03-19 12:17:22,898 [DEBUG]: [5]: More variables, requesting index 171
2021-03-19 12:17:22,898 [DEBUG]: Requesting index 171 on port 5
2021-03-19 12:17:23,199 [WARNING]: Got link error callback [Too many packets lost] in state [2]
2021-03-19 12:17:23,200 [INFO]: Callback->Disconnected from [radio://0/80/2M]
2021-03-19 12:17:23,200 [INFO]: Callback->Connection lost to [radio://0/80/2M]: Too many packets lost
