2020-12-21 17:27:00,685 [INFO]: Connecting to the Vicon...
2020-12-21 17:27:00,687 [INFO]: Connected to Vicon!
2020-12-21 17:27:00,688 [INFO]: Setting up the buffer...
2020-12-21 17:27:00,688 [INFO]: Buffer of 1000 frames created.
2020-12-21 17:27:00,688 [INFO]: Enabling data types...
2020-12-21 17:27:00,688 [DEBUG]: Segments: True
2020-12-21 17:27:00,688 [DEBUG]: Markers: True
2020-12-21 17:27:00,689 [DEBUG]: Unlabeled Markers: True
2020-12-21 17:27:00,689 [DEBUG]: Marker Rays: True
2020-12-21 17:27:00,689 [DEBUG]: Devices: True
2020-12-21 17:27:00,689 [DEBUG]: Centroids: True 
2020-12-21 17:27:00,689 [INFO]: Testing stream modes...
2020-12-21 17:27:00,689 [INFO]: Getting a frame in ClientPull mode...
2020-12-21 17:27:00,690 [DEBUG]: Fetched! Pulled frame number: 1306748
2020-12-21 17:27:00,690 [INFO]: Getting a frame in PreFetch mode...
2020-12-21 17:27:01,693 [INFO]: Getting a frame in ServerPush mode...
2020-12-21 17:27:01,694 [DEBUG]: Fetched! Pulled frame number: 1306839
2020-12-21 17:27:01,694 [INFO]: ServerPush mode set.
2020-12-21 17:27:01,694 [INFO]: Getting available framerates...
2020-12-21 17:27:01,694 [INFO]: Current frame rate: 100.0 Hz.
2020-12-21 17:27:01,694 [INFO]: Frame rates available: 
2020-12-21 17:27:01,694 [INFO]: Process Rate : 0 Hz 

2020-12-21 17:27:01,694 [INFO]: Setting axis...
2020-12-21 17:27:01,695 [INFO]: X Axis: AxisMapping.EForward
2020-12-21 17:27:01,695 [INFO]: Y Axis: AxisMapping.ELeft
2020-12-21 17:27:01,695 [INFO]: Z Axis: AxisMapping.EUp
2020-12-21 17:27:01,695 [INFO]: Initializing drivers...
2020-12-21 17:27:01,695 [INFO]: Drivers initialized.
2020-12-21 17:27:01,695 [INFO]: Connecting to the Crazyflie...
2020-12-21 17:27:01,695 [DEBUG]: Adding callback on port [6] to [<bound method Localization._incoming of <cflib.crazyflie.localization.Localization object at 0x0000021916A67E48>>]
2020-12-21 17:27:01,696 [DEBUG]: Adding callback on port [5] to [<bound method Log._new_packet_cb of <cflib.crazyflie.log.Log object at 0x0000021916A67FC8>>]
2020-12-21 17:27:01,696 [DEBUG]: Adding callback on port [0] to [<bound method Console.incoming of <cflib.crazyflie.console.Console object at 0x000002191473DA88>>]
2020-12-21 17:27:01,696 [DEBUG]: Adding callback on port [2] to [<bound method _ParamUpdater._new_packet_cb of <_ParamUpdater(Thread-7, initial daemon)>>]
2020-12-21 17:27:01,697 [DEBUG]: Adding callback on port [4] to [<bound method Memory._new_packet_cb of <cflib.crazyflie.mem.Memory object at 0x00000219147446C8>>]
2020-12-21 17:27:01,697 [DEBUG]: Adding callback on port [13] to [<bound method PlatformService._platform_callback of <cflib.crazyflie.platformservice.PlatformService object at 0x0000021916A76548>>]
2020-12-21 17:27:01,698 [DEBUG]: Adding callback on port [15] to [<bound method PlatformService._crt_service_callback of <cflib.crazyflie.platformservice.PlatformService object at 0x0000021916A76548>>]
2020-12-21 17:27:04,859 [INFO]: Callback->Connection initialized[radio://0/80/2M]
2020-12-21 17:27:04,865 [INFO]: We are connected[radio://0/80/2M], request connection setup
2020-12-21 17:27:05,200 [WARNING]: Got link error callback [Too many packets lost] in state [1]
2020-12-21 17:27:05,200 [INFO]: Callback->Connected failed to [radio://0/80/2M]: Too many packets lost
