2021-03-19 12:33:21,431 [INFO]: Connecting to the Vicon...
2021-03-19 12:33:21,433 [INFO]: Connected to Vicon!
2021-03-19 12:33:21,433 [INFO]: Setting up the buffer...
2021-03-19 12:33:21,434 [INFO]: Buffer of 1000 frames created.
2021-03-19 12:33:21,434 [INFO]: Enabling data types...
2021-03-19 12:33:21,434 [DEBUG]: Segments: True
2021-03-19 12:33:21,434 [DEBUG]: Markers: True
2021-03-19 12:33:21,435 [DEBUG]: Unlabeled Markers: True
2021-03-19 12:33:21,435 [DEBUG]: Marker Rays: True
2021-03-19 12:33:21,435 [DEBUG]: Devices: True
2021-03-19 12:33:21,436 [DEBUG]: Centroids: True 
2021-03-19 12:33:21,436 [INFO]: Testing stream modes...
2021-03-19 12:33:21,436 [INFO]: Getting a frame in ClientPull mode...
2021-03-19 12:33:21,436 [DEBUG]: Fetched! Pulled frame number: 771436
2021-03-19 12:33:21,436 [INFO]: Getting a frame in PreFetch mode...
2021-03-19 12:33:22,441 [INFO]: Getting a frame in ServerPush mode...
2021-03-19 12:33:22,441 [DEBUG]: Fetched! Pulled frame number: 771527
2021-03-19 12:33:22,441 [INFO]: ServerPush mode set.
2021-03-19 12:33:22,441 [INFO]: Getting available framerates...
2021-03-19 12:33:22,441 [INFO]: Current Vicon frame rate: 100.0 Hz.
2021-03-19 12:33:22,442 [INFO]: Available frame rates: 
2021-03-19 12:33:22,442 [INFO]: Process Rate : 0 Hz 

2021-03-19 12:33:22,442 [INFO]: Setting axis...
2021-03-19 12:33:22,442 [INFO]: X Axis: AxisMapping.EForward
2021-03-19 12:33:22,442 [INFO]: Y Axis: AxisMapping.ELeft
2021-03-19 12:33:22,442 [INFO]: Z Axis: AxisMapping.EUp
2021-03-19 12:33:22,442 [INFO]: Initializing drivers...
2021-03-19 12:33:22,442 [INFO]: Drivers initialized.
2021-03-19 12:33:22,442 [INFO]: Connecting to the Crazyflie...
2021-03-19 12:33:22,443 [DEBUG]: Adding callback on port [6] to [<bound method Localization._incoming of <cflib.crazyflie.localization.Localization object at 0x000001DA6B39F9C8>>]
2021-03-19 12:33:22,443 [DEBUG]: Adding callback on port [5] to [<bound method Log._new_packet_cb of <cflib.crazyflie.log.Log object at 0x000001DA6B4342C8>>]
2021-03-19 12:33:22,443 [DEBUG]: Adding callback on port [0] to [<bound method Console.incoming of <cflib.crazyflie.console.Console object at 0x000001DA6B434388>>]
2021-03-19 12:33:22,443 [DEBUG]: Adding callback on port [2] to [<bound method _ParamUpdater._new_packet_cb of <_ParamUpdater(Thread-7, initial daemon)>>]
2021-03-19 12:33:22,444 [DEBUG]: Adding callback on port [4] to [<bound method Memory._new_packet_cb of <cflib.crazyflie.mem.Memory object at 0x000001DA6B434888>>]
2021-03-19 12:33:22,444 [DEBUG]: Adding callback on port [13] to [<bound method PlatformService._platform_callback of <cflib.crazyflie.platformservice.PlatformService object at 0x000001DA6B434A08>>]
2021-03-19 12:33:22,444 [DEBUG]: Adding callback on port [15] to [<bound method PlatformService._crt_service_callback of <cflib.crazyflie.platformservice.PlatformService object at 0x000001DA6B434A08>>]
2021-03-19 12:33:22,445 [INFO]: Crazyflie has the following segments: ['Crazyflie']
2021-03-19 12:33:22,445 [INFO]: Crazyflie has root: Crazyflie
2021-03-19 12:33:22,445 [INFO]: Crazyflie has children: []
