2020-12-21 17:07:39,677 [INFO]: Connecting to the Vicon...
2020-12-21 17:07:39,679 [INFO]: Connected to Vicon!
2020-12-21 17:07:39,680 [INFO]: Setting up the buffer...
2020-12-21 17:07:39,680 [INFO]: Buffer of 1000 frames created.
2020-12-21 17:07:39,680 [INFO]: Enabling data types...
2020-12-21 17:07:39,680 [DEBUG]: Segments: True
2020-12-21 17:07:39,681 [DEBUG]: Markers: True
2020-12-21 17:07:39,681 [DEBUG]: Unlabeled Markers: True
2020-12-21 17:07:39,681 [DEBUG]: Marker Rays: True
2020-12-21 17:07:39,681 [DEBUG]: Devices: True
2020-12-21 17:07:39,681 [DEBUG]: Centroids: True 
2020-12-21 17:07:39,681 [INFO]: Testing stream modes...
2020-12-21 17:07:39,681 [INFO]: Getting a frame in ClientPull mode...
2020-12-21 17:07:39,682 [DEBUG]: Fetched! Pulled frame number: 1190646
2020-12-21 17:07:39,682 [INFO]: Getting a frame in PreFetch mode...
2020-12-21 17:07:40,692 [INFO]: Getting a frame in ServerPush mode...
2020-12-21 17:07:40,693 [DEBUG]: Fetched! Pulled frame number: 1190738
2020-12-21 17:07:40,693 [INFO]: ServerPush mode set.
2020-12-21 17:07:40,693 [INFO]: Getting available framerates...
2020-12-21 17:07:40,693 [INFO]: Current frame rate: 100.0 Hz.
2020-12-21 17:07:40,693 [INFO]: Frame rates available: 
2020-12-21 17:07:40,693 [INFO]: Process Rate : 4 Hz 

2020-12-21 17:07:40,693 [INFO]: Setting axis...
2020-12-21 17:07:40,693 [INFO]: X Axis: AxisMapping.EForward
2020-12-21 17:07:40,693 [INFO]: Y Axis: AxisMapping.ELeft
2020-12-21 17:07:40,693 [INFO]: Z Axis: AxisMapping.EUp
2020-12-21 17:07:40,693 [INFO]: Initializing drivers...
2020-12-21 17:07:40,693 [INFO]: Drivers initialized.
2020-12-21 17:07:40,693 [INFO]: Connecting to the Crazyflie...
2020-12-21 17:07:40,693 [DEBUG]: Adding callback on port [6] to [<bound method Localization._incoming of <cflib.crazyflie.localization.Localization object at 0x000002B42E1B3BC8>>]
2020-12-21 17:07:40,693 [DEBUG]: Adding callback on port [5] to [<bound method Log._new_packet_cb of <cflib.crazyflie.log.Log object at 0x000002B42E1B3CC8>>]
2020-12-21 17:07:40,693 [DEBUG]: Adding callback on port [0] to [<bound method Console.incoming of <cflib.crazyflie.console.Console object at 0x000002B42E1B3D88>>]
2020-12-21 17:07:40,694 [DEBUG]: Adding callback on port [2] to [<bound method _ParamUpdater._new_packet_cb of <_ParamUpdater(Thread-2, initial daemon)>>]
2020-12-21 17:07:40,694 [DEBUG]: Adding callback on port [4] to [<bound method Memory._new_packet_cb of <cflib.crazyflie.mem.Memory object at 0x000002B42E1C7148>>]
2020-12-21 17:07:40,694 [DEBUG]: Adding callback on port [13] to [<bound method PlatformService._platform_callback of <cflib.crazyflie.platformservice.PlatformService object at 0x000002B42E1C7288>>]
2020-12-21 17:07:40,694 [DEBUG]: Adding callback on port [15] to [<bound method PlatformService._crt_service_callback of <cflib.crazyflie.platformservice.PlatformService object at 0x000002B42E1C7288>>]
