2021-03-19 17:07:40,923 [DEBUG]: Adding callback on port [6] to [<bound method Localization._incoming of <cflib.crazyflie.localization.Localization object at 0x00000198FE39DE48>>]
2021-03-19 17:07:40,924 [DEBUG]: Adding callback on port [5] to [<bound method Log._new_packet_cb of <cflib.crazyflie.log.Log object at 0x00000198FE3A13C8>>]
2021-03-19 17:07:40,924 [DEBUG]: Adding callback on port [0] to [<bound method Console.incoming of <cflib.crazyflie.console.Console object at 0x00000198FE3A16C8>>]
2021-03-19 17:07:40,924 [DEBUG]: Adding callback on port [2] to [<bound method _ParamUpdater._new_packet_cb of <_ParamUpdater(Thread-2, initial daemon)>>]
2021-03-19 17:07:40,924 [DEBUG]: Adding callback on port [4] to [<bound method Memory._new_packet_cb of <cflib.crazyflie.mem.Memory object at 0x00000198FE3A1A48>>]
2021-03-19 17:07:40,925 [DEBUG]: Adding callback on port [13] to [<bound method PlatformService._platform_callback of <cflib.crazyflie.platformservice.PlatformService object at 0x00000198FE3A1BC8>>]
2021-03-19 17:07:40,925 [DEBUG]: Adding callback on port [15] to [<bound method PlatformService._crt_service_callback of <cflib.crazyflie.platformservice.PlatformService object at 0x00000198FE3A1BC8>>]
2021-03-19 17:07:40,925 [INFO]: Callback->Connection initialized[radio://0/80/2M]
2021-03-19 17:07:40,929 [INFO]: We are connected[radio://0/80/2M], request connection setup
2021-03-19 17:07:40,930 [INFO]: Callback->Connected to [radio://0/80/2M]
2021-03-19 17:07:40,931 [WARNING]: Error no LogEntry to handle id=1
2021-03-19 17:07:40,932 [WARNING]: Error no LogEntry to handle id=1
2021-03-19 17:07:40,948 [INFO]: Protocol  version: 4
2021-03-19 17:07:40,951 [DEBUG]: Logging reset, continue with TOC download
2021-03-19 17:07:40,951 [DEBUG]: [5]: Using V2 protocol: 1
2021-03-19 17:07:40,951 [DEBUG]: [5]: Start fetching...
2021-03-19 17:07:40,951 [DEBUG]: Adding callback on port [5] to [<bound method TocFetcher._new_packet_cb of <cflib.crazyflie.toc.TocFetcher object at 0x00000198FE3BC288>>]
2021-03-19 17:07:40,954 [DEBUG]: [5]: Got TOC CRC, 317 items and crc=0x05C5AF70
2021-03-19 17:07:40,959 [INFO]: TOC for port [5] found in cache
2021-03-19 17:07:40,959 [DEBUG]: Removing callback on port [5] to [<bound method TocFetcher._new_packet_cb of <cflib.crazyflie.toc.TocFetcher object at 0x00000198FE3BC288>>]
2021-03-19 17:07:40,959 [DEBUG]: [5]: Done!
2021-03-19 17:07:40,959 [INFO]: Log TOC finished updating
2021-03-19 17:07:40,959 [DEBUG]: Requesting number of memories
2021-03-19 17:07:40,962 [INFO]: 9 memories found
2021-03-19 17:07:40,962 [DEBUG]: Requesting first id
2021-03-19 17:07:40,966 [DEBUG]: Requesting information about memory 1
2021-03-19 17:07:40,971 [DEBUG]: Memory: id=1, type=LED driver, size=24
2021-03-19 17:07:40,971 [DEBUG]: Requesting information about memory 2
2021-03-19 17:07:40,975 [DEBUG]: Memory: id=2, type=Loco Positioning, size=6144
2021-03-19 17:07:40,975 [DEBUG]: Requesting information about memory 3
2021-03-19 17:07:40,979 [DEBUG]: Memory: id=3, type=Trajectory, size=4096
2021-03-19 17:07:40,979 [DEBUG]: Requesting information about memory 4
2021-03-19 17:07:40,983 [DEBUG]: Memory: id=4, type=Loco Positioning 2, size=69632
2021-03-19 17:07:40,983 [DEBUG]: Requesting information about memory 5
2021-03-19 17:07:40,987 [DEBUG]: Memory: id=5, type=Lighthouse positioning, size=96
2021-03-19 17:07:40,987 [DEBUG]: Requesting information about memory 6
2021-03-19 17:07:40,992 [DEBUG]: Memory: id=6, type=Memory tester, size=4096
2021-03-19 17:07:40,992 [DEBUG]: Requesting information about memory 7
2021-03-19 17:07:40,996 [DEBUG]: Memory: id=7, type=Unknown, size=0
2021-03-19 17:07:40,996 [DEBUG]: Requesting information about memory 8
2021-03-19 17:07:41,000 [DEBUG]: Done getting all the memories, start reading the OWs
2021-03-19 17:07:41,000 [DEBUG]: Updating content of memory 8
2021-03-19 17:07:41,000 [DEBUG]: Requesting new chunk of 11bytes at 0x0
2021-03-19 17:07:41,005 [DEBUG]: READ: Mem=8, addr=0x0, status=0x0, data=(235, 12, 0, 0, 0, 188, 15, 205, 0, 12, 1)
2021-03-19 17:07:41,005 [DEBUG]: READING: We are still interested in request for mem 8
2021-03-19 17:07:41,005 [DEBUG]: Requesting new chunk of 15bytes at 0x8
2021-03-19 17:07:41,011 [DEBUG]: READ: Mem=8, addr=0x8, status=0x0, data=(0, 12, 1, 7, 98, 99, 70, 108, 111, 119, 50, 2, 1, 65, 84)
2021-03-19 17:07:41,011 [DEBUG]: READING: We are still interested in request for mem 8
2021-03-19 17:07:41,012 [DEBUG]: OW 0DD9203F00000040 (BC:0F): {'Board name': 'bcFlow2', 'Board revision': 'A'}
2021-03-19 17:07:41,012 [INFO]: Memories finished updating
2021-03-19 17:07:41,012 [DEBUG]: [2]: Using V2 protocol: 1
2021-03-19 17:07:41,012 [DEBUG]: [2]: Start fetching...
2021-03-19 17:07:41,012 [DEBUG]: Adding callback on port [2] to [<bound method TocFetcher._new_packet_cb of <cflib.crazyflie.toc.TocFetcher object at 0x00000198FE3F42C8>>]
2021-03-19 17:07:41,015 [DEBUG]: [2]: Got TOC CRC, 164 items and crc=0x1042AFA8
2021-03-19 17:07:41,018 [INFO]: TOC for port [2] found in cache
2021-03-19 17:07:41,018 [DEBUG]: Removing callback on port [2] to [<bound method TocFetcher._new_packet_cb of <cflib.crazyflie.toc.TocFetcher object at 0x00000198FE3F42C8>>]
2021-03-19 17:07:41,018 [DEBUG]: [2]: Done!
2021-03-19 17:07:41,018 [INFO]: Param TOC finished updating
2021-03-19 17:07:41,018 [INFO]: Callback->Connection setup finished [radio://0/80/2M]
2021-03-19 17:07:41,018 [DEBUG]: Requesting request to update param [6]
2021-03-19 17:07:41,018 [DEBUG]: Requesting request to update param [1]
2021-03-19 17:07:41,018 [DEBUG]: Requesting request to update param [2]
2021-03-19 17:07:41,018 [DEBUG]: Requesting request to update param [3]
2021-03-19 17:07:41,019 [DEBUG]: Adding stateEstimate.x with id=121 and type=0x77
2021-03-19 17:07:41,019 [DEBUG]: Requesting request to update param [4]
2021-03-19 17:07:41,019 [DEBUG]: Adding stateEstimate.y with id=122 and type=0x77
2021-03-19 17:07:41,019 [DEBUG]: Requesting request to update param [5]
2021-03-19 17:07:41,019 [DEBUG]: Adding log block id 1
2021-03-19 17:07:41,019 [DEBUG]: Requesting request to update param [7]
2021-03-19 17:07:41,020 [DEBUG]: Requesting request to update param [8]
2021-03-19 17:07:41,020 [DEBUG]: First time block is started, add block
2021-03-19 17:07:41,020 [DEBUG]: Requesting request to update param [9]
2021-03-19 17:07:41,020 [DEBUG]: Requesting request to update param [10]
2021-03-19 17:07:41,020 [DEBUG]: Requesting request to update param [11]
2021-03-19 17:07:41,020 [DEBUG]: Requesting request to update param [16]
2021-03-19 17:07:41,020 [DEBUG]: Requesting request to update param [12]
2021-03-19 17:07:41,021 [DEBUG]: Requesting request to update param [13]
2021-03-19 17:07:41,021 [DEBUG]: Requesting request to update param [14]
2021-03-19 17:07:41,021 [DEBUG]: Requesting request to update param [15]
2021-03-19 17:07:41,021 [DEBUG]: Requesting request to update param [17]
2021-03-19 17:07:41,021 [DEBUG]: Requesting request to update param [18]
2021-03-19 17:07:41,021 [DEBUG]: Requesting request to update param [19]
2021-03-19 17:07:41,021 [DEBUG]: Requesting request to update param [20]
2021-03-19 17:07:41,021 [DEBUG]: Requesting request to update param [21]
2021-03-19 17:07:41,021 [DEBUG]: Requesting request to update param [22]
2021-03-19 17:07:41,021 [DEBUG]: Requesting request to update param [23]
2021-03-19 17:07:41,021 [DEBUG]: Requesting request to update param [24]
2021-03-19 17:07:41,021 [DEBUG]: Requesting request to update param [25]
2021-03-19 17:07:41,021 [DEBUG]: Requesting request to update param [26]
2021-03-19 17:07:41,022 [DEBUG]: Requesting request to update param [27]
2021-03-19 17:07:41,022 [DEBUG]: Requesting request to update param [28]
2021-03-19 17:07:41,022 [DEBUG]: Requesting request to update param [29]
2021-03-19 17:07:41,022 [DEBUG]: Requesting request to update param [30]
2021-03-19 17:07:41,022 [DEBUG]: Requesting request to update param [31]
2021-03-19 17:07:41,022 [DEBUG]: Requesting request to update param [32]
2021-03-19 17:07:41,022 [DEBUG]: Requesting request to update param [33]
2021-03-19 17:07:41,022 [DEBUG]: Requesting request to update param [34]
2021-03-19 17:07:41,022 [DEBUG]: Requesting request to update param [35]
2021-03-19 17:07:41,022 [DEBUG]: Requesting request to update param [36]
2021-03-19 17:07:41,022 [DEBUG]: Requesting request to update param [37]
2021-03-19 17:07:41,023 [DEBUG]: Requesting request to update param [38]
2021-03-19 17:07:41,023 [DEBUG]: Requesting request to update param [39]
2021-03-19 17:07:41,023 [DEBUG]: Requesting request to update param [40]
2021-03-19 17:07:41,023 [DEBUG]: Requesting request to update param [41]
2021-03-19 17:07:41,023 [DEBUG]: Requesting request to update param [42]
2021-03-19 17:07:41,023 [DEBUG]: Requesting request to update param [43]
2021-03-19 17:07:41,023 [DEBUG]: Requesting request to update param [44]
2021-03-19 17:07:41,023 [DEBUG]: Requesting request to update param [45]
2021-03-19 17:07:41,023 [DEBUG]: Requesting request to update param [46]
2021-03-19 17:07:41,023 [DEBUG]: Requesting request to update param [47]
2021-03-19 17:07:41,023 [DEBUG]: Requesting request to update param [48]
2021-03-19 17:07:41,023 [DEBUG]: Requesting request to update param [49]
2021-03-19 17:07:41,023 [DEBUG]: Requesting request to update param [50]
2021-03-19 17:07:41,023 [DEBUG]: Requesting request to update param [51]
2021-03-19 17:07:41,023 [DEBUG]: Requesting request to update param [52]
2021-03-19 17:07:41,024 [DEBUG]: Requesting request to update param [53]
2021-03-19 17:07:41,024 [DEBUG]: Requesting request to update param [54]
2021-03-19 17:07:41,024 [DEBUG]: Requesting request to update param [55]
2021-03-19 17:07:41,024 [DEBUG]: Requesting request to update param [56]
2021-03-19 17:07:41,024 [DEBUG]: Requesting request to update param [57]
2021-03-19 17:07:41,024 [DEBUG]: Requesting request to update param [58]
2021-03-19 17:07:41,024 [DEBUG]: Requesting request to update param [59]
2021-03-19 17:07:41,024 [DEBUG]: Requesting request to update param [60]
2021-03-19 17:07:41,024 [DEBUG]: Requesting request to update param [61]
2021-03-19 17:07:41,024 [DEBUG]: Requesting request to update param [62]
2021-03-19 17:07:41,024 [DEBUG]: Requesting request to update param [63]
2021-03-19 17:07:41,024 [DEBUG]: Requesting request to update param [64]
2021-03-19 17:07:41,024 [DEBUG]: Requesting request to update param [65]
2021-03-19 17:07:41,025 [DEBUG]: Requesting request to update param [66]
2021-03-19 17:07:41,025 [DEBUG]: Requesting request to update param [67]
2021-03-19 17:07:41,025 [DEBUG]: Requesting request to update param [68]
2021-03-19 17:07:41,025 [DEBUG]: Requesting request to update param [69]
2021-03-19 17:07:41,025 [DEBUG]: Requesting request to update param [70]
2021-03-19 17:07:41,025 [DEBUG]: Requesting request to update param [71]
2021-03-19 17:07:41,025 [DEBUG]: Requesting request to update param [72]
2021-03-19 17:07:41,025 [DEBUG]: Requesting request to update param [73]
2021-03-19 17:07:41,025 [DEBUG]: Requesting request to update param [74]
2021-03-19 17:07:41,025 [DEBUG]: Requesting request to update param [75]
2021-03-19 17:07:41,025 [DEBUG]: Requesting request to update param [76]
2021-03-19 17:07:41,025 [DEBUG]: Requesting request to update param [77]
2021-03-19 17:07:41,026 [DEBUG]: Requesting request to update param [78]
2021-03-19 17:07:41,026 [DEBUG]: Requesting request to update param [79]
2021-03-19 17:07:41,026 [DEBUG]: Requesting request to update param [80]
2021-03-19 17:07:41,026 [DEBUG]: Requesting request to update param [81]
2021-03-19 17:07:41,026 [DEBUG]: Requesting request to update param [82]
2021-03-19 17:07:41,026 [DEBUG]: Requesting request to update param [83]
2021-03-19 17:07:41,026 [DEBUG]: Requesting request to update param [84]
2021-03-19 17:07:41,026 [DEBUG]: Requesting request to update param [85]
2021-03-19 17:07:41,026 [DEBUG]: Requesting request to update param [86]
2021-03-19 17:07:41,026 [DEBUG]: Requesting request to update param [87]
2021-03-19 17:07:41,027 [DEBUG]: Requesting request to update param [88]
2021-03-19 17:07:41,027 [DEBUG]: Requesting request to update param [89]
2021-03-19 17:07:41,027 [DEBUG]: Requesting request to update param [90]
2021-03-19 17:07:41,027 [DEBUG]: Requesting request to update param [91]
2021-03-19 17:07:41,027 [DEBUG]: Requesting request to update param [92]
2021-03-19 17:07:41,027 [DEBUG]: Requesting request to update param [93]
2021-03-19 17:07:41,027 [DEBUG]: Requesting request to update param [94]
2021-03-19 17:07:41,027 [DEBUG]: Requesting request to update param [95]
2021-03-19 17:07:41,027 [DEBUG]: Requesting request to update param [96]
2021-03-19 17:07:41,027 [DEBUG]: Requesting request to update param [97]
2021-03-19 17:07:41,027 [DEBUG]: Requesting request to update param [98]
2021-03-19 17:07:41,027 [DEBUG]: Requesting request to update param [99]
2021-03-19 17:07:41,028 [DEBUG]: Requesting request to update param [100]
2021-03-19 17:07:41,028 [DEBUG]: Requesting request to update param [101]
2021-03-19 17:07:41,028 [DEBUG]: Requesting request to update param [102]
2021-03-19 17:07:41,028 [DEBUG]: Requesting request to update param [103]
2021-03-19 17:07:41,028 [DEBUG]: Requesting request to update param [104]
2021-03-19 17:07:41,028 [DEBUG]: Requesting request to update param [105]
2021-03-19 17:07:41,028 [DEBUG]: Requesting request to update param [106]
2021-03-19 17:07:41,028 [DEBUG]: Requesting request to update param [107]
2021-03-19 17:07:41,029 [DEBUG]: Requesting request to update param [108]
2021-03-19 17:07:41,029 [DEBUG]: Requesting request to update param [109]
2021-03-19 17:07:41,029 [DEBUG]: Requesting request to update param [110]
2021-03-19 17:07:41,029 [DEBUG]: Requesting request to update param [111]
2021-03-19 17:07:41,029 [DEBUG]: Requesting request to update param [112]
2021-03-19 17:07:41,029 [DEBUG]: Requesting request to update param [113]
2021-03-19 17:07:41,029 [DEBUG]: Requesting request to update param [114]
2021-03-19 17:07:41,029 [DEBUG]: Requesting request to update param [115]
2021-03-19 17:07:41,030 [DEBUG]: Requesting request to update param [116]
2021-03-19 17:07:41,030 [DEBUG]: Requesting request to update param [117]
2021-03-19 17:07:41,030 [DEBUG]: Requesting request to update param [118]
2021-03-19 17:07:41,030 [DEBUG]: Requesting request to update param [119]
2021-03-19 17:07:41,030 [DEBUG]: Requesting request to update param [120]
2021-03-19 17:07:41,030 [DEBUG]: Requesting request to update param [121]
2021-03-19 17:07:41,030 [DEBUG]: Requesting request to update param [122]
2021-03-19 17:07:41,030 [DEBUG]: Requesting request to update param [123]
2021-03-19 17:07:41,030 [DEBUG]: Requesting request to update param [124]
2021-03-19 17:07:41,030 [DEBUG]: Requesting request to update param [125]
2021-03-19 17:07:41,030 [DEBUG]: Requesting request to update param [126]
2021-03-19 17:07:41,030 [DEBUG]: Requesting request to update param [127]
2021-03-19 17:07:41,031 [DEBUG]: Requesting request to update param [128]
2021-03-19 17:07:41,031 [DEBUG]: Requesting request to update param [140]
2021-03-19 17:07:41,031 [DEBUG]: Requesting request to update param [141]
2021-03-19 17:07:41,031 [DEBUG]: Requesting request to update param [142]
2021-03-19 17:07:41,031 [DEBUG]: Requesting request to update param [143]
2021-03-19 17:07:41,031 [DEBUG]: Requesting request to update param [145]
2021-03-19 17:07:41,031 [DEBUG]: Requesting request to update param [146]
2021-03-19 17:07:41,031 [DEBUG]: Requesting request to update param [147]
2021-03-19 17:07:41,031 [DEBUG]: Requesting request to update param [151]
2021-03-19 17:07:41,031 [DEBUG]: Requesting request to update param [152]
2021-03-19 17:07:41,031 [DEBUG]: Requesting request to update param [154]
2021-03-19 17:07:41,031 [DEBUG]: Requesting request to update param [155]
2021-03-19 17:07:41,031 [DEBUG]: Requesting request to update param [156]
2021-03-19 17:07:41,031 [DEBUG]: Requesting request to update param [129]
2021-03-19 17:07:41,032 [DEBUG]: Requesting request to update param [130]
2021-03-19 17:07:41,032 [DEBUG]: Requesting request to update param [131]
2021-03-19 17:07:41,032 [DEBUG]: Requesting request to update param [132]
2021-03-19 17:07:41,032 [DEBUG]: Requesting request to update param [133]
2021-03-19 17:07:41,032 [DEBUG]: Requesting request to update param [134]
2021-03-19 17:07:41,032 [DEBUG]: Requesting request to update param [135]
2021-03-19 17:07:41,032 [DEBUG]: Requesting request to update param [136]
2021-03-19 17:07:41,032 [DEBUG]: Requesting request to update param [137]
2021-03-19 17:07:41,032 [DEBUG]: Requesting request to update param [138]
2021-03-19 17:07:41,032 [DEBUG]: Requesting request to update param [139]
2021-03-19 17:07:41,032 [DEBUG]: Requesting request to update param [144]
2021-03-19 17:07:41,032 [DEBUG]: Requesting request to update param [148]
2021-03-19 17:07:41,032 [DEBUG]: Requesting request to update param [149]
2021-03-19 17:07:41,032 [DEBUG]: Requesting request to update param [150]
2021-03-19 17:07:41,032 [DEBUG]: Requesting request to update param [153]
2021-03-19 17:07:41,033 [DEBUG]: Requesting request to update param [157]
2021-03-19 17:07:41,033 [DEBUG]: Requesting request to update param [158]
2021-03-19 17:07:41,033 [DEBUG]: Requesting request to update param [159]
2021-03-19 17:07:41,033 [DEBUG]: Requesting request to update param [160]
2021-03-19 17:07:41,033 [DEBUG]: Requesting request to update param [161]
2021-03-19 17:07:41,033 [DEBUG]: Requesting request to update param [162]
2021-03-19 17:07:41,033 [DEBUG]: Requesting request to update param [163]
2021-03-19 17:07:41,033 [DEBUG]: Updated parameter [imu_sensors.BMP388]
2021-03-19 17:07:41,033 [DEBUG]: Have successfully added id=1
2021-03-19 17:07:41,036 [DEBUG]: Updated parameter [imu_sensors.HMC5883L]
2021-03-19 17:07:41,037 [INFO]: Have successfully started logging for id=1
2021-03-19 17:07:41,039 [DEBUG]: Updated parameter [imu_sensors.MS5611]
2021-03-19 17:07:41,043 [DEBUG]: Updated parameter [imu_tests.MPU6500]
2021-03-19 17:07:41,054 [DEBUG]: Updated parameter [imu_tests.HMC5883L]
2021-03-19 17:07:41,058 [DEBUG]: Updated parameter [imu_tests.MS5611]
2021-03-19 17:07:41,061 [DEBUG]: Updated parameter [cpu.flash]
2021-03-19 17:07:41,072 [DEBUG]: Updated parameter [cpu.id0]
2021-03-19 17:07:41,075 [DEBUG]: Updated parameter [kalman.resetEstimation]
2021-03-19 17:07:41,079 [DEBUG]: Updated parameter [cpu.id1]
2021-03-19 17:07:41,082 [DEBUG]: Updated parameter [cpu.id2]
2021-03-19 17:07:41,085 [DEBUG]: Updated parameter [system.selftestPassed]
2021-03-19 17:07:41,089 [DEBUG]: Updated parameter [system.taskDump]
2021-03-19 17:07:41,092 [DEBUG]: Updated parameter [sound.effect]
2021-03-19 17:07:41,096 [DEBUG]: Updated parameter [sound.neffect]
2021-03-19 17:07:41,100 [DEBUG]: Updated parameter [sound.freq]
2021-03-19 17:07:41,103 [DEBUG]: Updated parameter [sound.ratio]
2021-03-19 17:07:41,106 [DEBUG]: Updated parameter [memTst.resetW]
2021-03-19 17:07:41,109 [DEBUG]: Updated parameter [commander.enHighLevel]
2021-03-19 17:07:41,113 [DEBUG]: Updated parameter [flightmode.althold]
2021-03-19 17:07:41,116 [DEBUG]: Updated parameter [flightmode.poshold]
2021-03-19 17:07:41,120 [DEBUG]: Updated parameter [flightmode.posSet]
2021-03-19 17:07:41,124 [DEBUG]: Updated parameter [flightmode.yawMode]
2021-03-19 17:07:41,127 [DEBUG]: Updated parameter [flightmode.yawRst]
2021-03-19 17:07:41,130 [DEBUG]: Updated parameter [flightmode.stabModeRoll]
2021-03-19 17:07:41,133 [DEBUG]: Updated parameter [flightmode.stabModePitch]
2021-03-19 17:07:41,138 [DEBUG]: Updated parameter [flightmode.stabModeYaw]
2021-03-19 17:07:41,141 [DEBUG]: Updated parameter [cmdrCPPM.rateRoll]
2021-03-19 17:07:41,145 [DEBUG]: Updated parameter [cmdrCPPM.ratePitch]
2021-03-19 17:07:41,148 [DEBUG]: Updated parameter [cmdrCPPM.rateYaw]
2021-03-19 17:07:41,153 [DEBUG]: Updated parameter [cmdrCPPM.angRoll]
2021-03-19 17:07:41,156 [DEBUG]: Updated parameter [cmdrCPPM.angPitch]
2021-03-19 17:07:41,159 [DEBUG]: Updated parameter [locSrv.enRangeStreamFP32]
2021-03-19 17:07:41,162 [DEBUG]: Updated parameter [locSrv.extPosStdDev]
2021-03-19 17:07:41,166 [DEBUG]: Updated parameter [locSrv.extQuatStdDev]
2021-03-19 17:07:41,169 [DEBUG]: Updated parameter [pid_attitude.roll_kp]
2021-03-19 17:07:41,172 [DEBUG]: Updated parameter [pid_attitude.roll_ki]
2021-03-19 17:07:41,176 [DEBUG]: Updated parameter [pid_attitude.roll_kd]
2021-03-19 17:07:41,189 [DEBUG]: Updated parameter [pid_attitude.pitch_kp]
2021-03-19 17:07:41,192 [DEBUG]: Updated parameter [pid_attitude.pitch_ki]
2021-03-19 17:07:41,196 [DEBUG]: Updated parameter [pid_attitude.pitch_kd]
2021-03-19 17:07:41,199 [DEBUG]: Updated parameter [pid_attitude.yaw_kp]
2021-03-19 17:07:41,203 [DEBUG]: Updated parameter [pid_attitude.yaw_ki]
2021-03-19 17:07:41,206 [DEBUG]: Updated parameter [pid_attitude.yaw_kd]
2021-03-19 17:07:41,209 [DEBUG]: Updated parameter [pid_rate.roll_kp]
2021-03-19 17:07:41,213 [DEBUG]: Updated parameter [pid_rate.roll_ki]
2021-03-19 17:07:41,216 [DEBUG]: Updated parameter [pid_rate.roll_kd]
2021-03-19 17:07:41,219 [DEBUG]: Updated parameter [pid_rate.pitch_kp]
2021-03-19 17:07:41,222 [DEBUG]: Updated parameter [pid_rate.pitch_ki]
2021-03-19 17:07:41,226 [DEBUG]: Updated parameter [pid_rate.pitch_kd]
2021-03-19 17:07:41,229 [DEBUG]: Updated parameter [pid_rate.yaw_kp]
2021-03-19 17:07:41,232 [DEBUG]: Updated parameter [pid_rate.yaw_ki]
2021-03-19 17:07:41,236 [DEBUG]: Updated parameter [pid_rate.yaw_kd]
2021-03-19 17:07:41,239 [DEBUG]: Updated parameter [sensfusion6.kp]
2021-03-19 17:07:41,243 [DEBUG]: Updated parameter [sensfusion6.ki]
2021-03-19 17:07:41,246 [DEBUG]: Updated parameter [sensfusion6.baseZacc]
2021-03-19 17:07:41,249 [DEBUG]: Updated parameter [health.startPropTest]
2021-03-19 17:07:41,253 [DEBUG]: Updated parameter [stabilizer.estimator]
2021-03-19 17:07:41,256 [DEBUG]: Updated parameter [stabilizer.controller]
2021-03-19 17:07:41,259 [DEBUG]: Updated parameter [posEstAlt.estAlphaAsl]
2021-03-19 17:07:41,263 [DEBUG]: Updated parameter [posEstAlt.estAlphaZr]
2021-03-19 17:07:41,266 [DEBUG]: Updated parameter [posEstAlt.velFactor]
2021-03-19 17:07:41,270 [DEBUG]: Updated parameter [posEstAlt.velZAlpha]
2021-03-19 17:07:41,273 [DEBUG]: Updated parameter [posEstAlt.vAccDeadband]
2021-03-19 17:07:41,277 [DEBUG]: Updated parameter [posCtlPid.xKp]
2021-03-19 17:07:41,280 [DEBUG]: Updated parameter [posCtlPid.xKi]
2021-03-19 17:07:41,283 [DEBUG]: Updated parameter [posCtlPid.xKd]
2021-03-19 17:07:41,287 [DEBUG]: Updated parameter [posCtlPid.yKp]
2021-03-19 17:07:41,290 [DEBUG]: Updated parameter [posCtlPid.yKi]
2021-03-19 17:07:41,293 [DEBUG]: Updated parameter [posCtlPid.yKd]
2021-03-19 17:07:41,296 [DEBUG]: Updated parameter [posCtlPid.zKp]
2021-03-19 17:07:41,299 [DEBUG]: Updated parameter [posCtlPid.zKi]
2021-03-19 17:07:41,303 [DEBUG]: Updated parameter [posCtlPid.zKd]
2021-03-19 17:07:41,315 [DEBUG]: Updated parameter [posCtlPid.thrustBase]
2021-03-19 17:07:41,318 [DEBUG]: Updated parameter [posCtlPid.thrustMin]
2021-03-19 17:07:41,321 [DEBUG]: Updated parameter [posCtlPid.rpLimit]
2021-03-19 17:07:41,325 [DEBUG]: Updated parameter [posCtlPid.xyVelMax]
2021-03-19 17:07:41,329 [DEBUG]: Updated parameter [posCtlPid.zVelMax]
2021-03-19 17:07:41,333 [DEBUG]: Updated parameter [velCtlPid.vxKp]
2021-03-19 17:07:41,337 [DEBUG]: Updated parameter [velCtlPid.vxKi]
2021-03-19 17:07:41,340 [DEBUG]: Updated parameter [velCtlPid.vxKd]
2021-03-19 17:07:41,343 [DEBUG]: Updated parameter [velCtlPid.vyKp]
2021-03-19 17:07:41,346 [DEBUG]: Updated parameter [velCtlPid.vyKi]
2021-03-19 17:07:41,350 [DEBUG]: Updated parameter [velCtlPid.vyKd]
2021-03-19 17:07:41,353 [DEBUG]: Updated parameter [velCtlPid.vzKp]
2021-03-19 17:07:41,356 [DEBUG]: Updated parameter [velCtlPid.vzKi]
2021-03-19 17:07:41,360 [DEBUG]: Updated parameter [velCtlPid.vzKd]
2021-03-19 17:07:41,363 [DEBUG]: Updated parameter [controller.tiltComp]
2021-03-19 17:07:41,368 [DEBUG]: Updated parameter [ctrlMel.kp_xy]
2021-03-19 17:07:41,371 [DEBUG]: Updated parameter [ctrlMel.kd_xy]
2021-03-19 17:07:41,374 [DEBUG]: Updated parameter [ctrlMel.ki_xy]
2021-03-19 17:07:41,378 [DEBUG]: Updated parameter [ctrlMel.i_range_xy]
2021-03-19 17:07:41,381 [DEBUG]: Updated parameter [ctrlMel.kp_z]
2021-03-19 17:07:41,384 [DEBUG]: Updated parameter [ctrlMel.kd_z]
2021-03-19 17:07:41,395 [DEBUG]: Updated parameter [ctrlMel.ki_z]
2021-03-19 17:07:41,401 [DEBUG]: Updated parameter [ctrlMel.i_range_z]
2021-03-19 17:07:41,407 [DEBUG]: Updated parameter [ctrlMel.mass]
2021-03-19 17:07:41,417 [DEBUG]: Updated parameter [ctrlMel.massThrust]
2021-03-19 17:07:41,423 [DEBUG]: Updated parameter [ctrlMel.kR_xy]
2021-03-19 17:07:41,456 [DEBUG]: Updated parameter [ctrlMel.kR_z]
2021-03-19 17:07:41,482 [DEBUG]: Updated parameter [ctrlMel.kw_xy]
2021-03-19 17:07:41,487 [DEBUG]: Updated parameter [ctrlMel.kw_z]
2021-03-19 17:07:41,492 [DEBUG]: Updated parameter [ctrlMel.ki_m_xy]
2021-03-19 17:07:41,496 [DEBUG]: Updated parameter [ctrlMel.ki_m_z]
2021-03-19 17:07:41,500 [DEBUG]: Updated parameter [ctrlMel.kd_omega_rp]
2021-03-19 17:07:41,504 [DEBUG]: Updated parameter [ctrlMel.i_range_m_xy]
2021-03-19 17:07:41,507 [DEBUG]: Updated parameter [ctrlMel.i_range_m_z]
2021-03-19 17:07:41,510 [DEBUG]: Updated parameter [motorPowerSet.enable]
2021-03-19 17:07:41,513 [DEBUG]: Updated parameter [motorPowerSet.m1]
2021-03-19 17:07:41,516 [DEBUG]: Updated parameter [motorPowerSet.m2]
2021-03-19 17:07:41,518 [DEBUG]: Updated parameter [motorPowerSet.m3]
2021-03-19 17:07:41,522 [DEBUG]: Updated parameter [motorPowerSet.m4]
2021-03-19 17:07:41,526 [DEBUG]: Updated parameter [kalman.resetEstimation]
2021-03-19 17:07:41,529 [DEBUG]: Updated parameter [kalman.quadIsFlying]
2021-03-19 17:07:41,532 [DEBUG]: Updated parameter [kalman.pNAcc_xy]
2021-03-19 17:07:41,536 [DEBUG]: Updated parameter [kalman.pNAcc_z]
2021-03-19 17:07:41,539 [DEBUG]: Updated parameter [kalman.pNVel]
2021-03-19 17:07:41,543 [DEBUG]: Updated parameter [kalman.pNPos]
2021-03-19 17:07:41,546 [DEBUG]: Updated parameter [kalman.pNAtt]
2021-03-19 17:07:41,549 [DEBUG]: Updated parameter [kalman.mNBaro]
2021-03-19 17:07:41,552 [DEBUG]: Updated parameter [kalman.mNGyro_rollpitch]
2021-03-19 17:07:41,555 [DEBUG]: Updated parameter [kalman.mNGyro_yaw]
2021-03-19 17:07:41,559 [DEBUG]: Updated parameter [kalman.initialX]
2021-03-19 17:07:41,562 [DEBUG]: Updated parameter [kalman.initialY]
2021-03-19 17:07:41,565 [DEBUG]: Updated parameter [kalman.initialZ]
2021-03-19 17:07:41,577 [DEBUG]: Updated parameter [kalman.initialYaw]
2021-03-19 17:07:41,581 [DEBUG]: Updated parameter [kalman.maxPos]
2021-03-19 17:07:41,585 [DEBUG]: Updated parameter [kalman.maxVel]
2021-03-19 17:07:41,589 [DEBUG]: Updated parameter [deck.bcLedRing]
2021-03-19 17:07:41,592 [DEBUG]: Updated parameter [deck.bcBuzzer]
2021-03-19 17:07:41,595 [DEBUG]: Updated parameter [deck.bcGTGPS]
2021-03-19 17:07:41,598 [DEBUG]: Updated parameter [deck.bcCPPM]
2021-03-19 17:07:41,602 [DEBUG]: Updated parameter [deck.bcUSD]
2021-03-19 17:07:41,605 [DEBUG]: Updated parameter [deck.bcZRanger]
2021-03-19 17:07:41,609 [DEBUG]: Updated parameter [deck.bcZRanger2]
2021-03-19 17:07:41,612 [DEBUG]: Updated parameter [deck.bcDWM1000]
2021-03-19 17:07:41,615 [DEBUG]: Updated parameter [deck.bcFlow]
2021-03-19 17:07:41,619 [DEBUG]: Updated parameter [deck.bcFlow2]
2021-03-19 17:07:41,622 [DEBUG]: Updated parameter [deck.bcOA]
2021-03-19 17:07:41,625 [DEBUG]: Updated parameter [deck.bcMultiranger]
2021-03-19 17:07:41,628 [DEBUG]: Updated parameter [deck.bdLighthouse4]
2021-03-19 17:07:41,631 [DEBUG]: Updated parameter [ring.effect]
2021-03-19 17:07:41,635 [DEBUG]: Updated parameter [ring.neffect]
2021-03-19 17:07:41,639 [DEBUG]: Updated parameter [ring.solidRed]
2021-03-19 17:07:41,642 [DEBUG]: Updated parameter [ring.solidGreen]
2021-03-19 17:07:41,645 [DEBUG]: Updated parameter [ring.solidBlue]
2021-03-19 17:07:41,648 [DEBUG]: Updated parameter [ring.headlightEnable]
2021-03-19 17:07:41,652 [DEBUG]: Updated parameter [ring.glowstep]
2021-03-19 17:07:41,655 [DEBUG]: Updated parameter [ring.emptyCharge]
2021-03-19 17:07:41,658 [DEBUG]: Updated parameter [ring.fullCharge]
2021-03-19 17:07:41,662 [DEBUG]: Updated parameter [ring.fadeColor]
2021-03-19 17:07:41,666 [DEBUG]: Updated parameter [ring.fadeTime]
2021-03-19 17:07:41,669 [DEBUG]: Updated parameter [usd.logging]
2021-03-19 17:07:41,672 [DEBUG]: Updated parameter [loco.mode]
2021-03-19 17:07:41,675 [DEBUG]: Updated parameter [tdoa3.logId]
2021-03-19 17:07:41,679 [DEBUG]: Updated parameter [tdoa3.logOthrId]
2021-03-19 17:07:41,682 [DEBUG]: Updated parameter [motion.disable]
2021-03-19 17:07:41,686 [DEBUG]: Updated parameter [activeMarker.front]
2021-03-19 17:07:41,689 [DEBUG]: Updated parameter [activeMarker.back]
2021-03-19 17:07:41,692 [DEBUG]: Updated parameter [activeMarker.left]
2021-03-19 17:07:41,695 [DEBUG]: Updated parameter [activeMarker.right]
2021-03-19 17:07:41,699 [DEBUG]: Updated parameter [firmware.revision0]
2021-03-19 17:07:41,711 [DEBUG]: Updated parameter [firmware.revision1]
2021-03-19 17:07:41,715 [DEBUG]: Updated parameter [firmware.modified]
2021-03-19 17:07:41,718 [DEBUG]: Updated parameter [kalman.resetEstimation]
