2020-12-21 14:53:18,057 [INFO]: Connecting to the Vicon...
2020-12-21 14:53:18,058 [INFO]: Connected to Vicon!
2020-12-21 14:53:18,059 [INFO]: Setting up the buffer...
2020-12-21 14:53:18,059 [INFO]: Buffer of 1000 frames created.
2020-12-21 14:53:18,059 [INFO]: Enabling data types...
2020-12-21 14:53:18,059 [DEBUG]: Segments: True
2020-12-21 14:53:18,059 [DEBUG]: Markers: True
2020-12-21 14:53:18,059 [DEBUG]: Unlabeled Markers: True
2020-12-21 14:53:18,059 [DEBUG]: Marker Rays: True
2020-12-21 14:53:18,059 [DEBUG]: Devices: True
2020-12-21 14:53:18,060 [DEBUG]: Centroids: True 
2020-12-21 14:53:18,060 [INFO]: Testing stream modes...
2020-12-21 14:53:18,060 [INFO]: Getting a frame in ClientPull mode...
2020-12-21 14:53:19,061 [ERROR]: Error using ClientPull mode. 
 NoFrame
2020-12-21 14:53:19,061 [INFO]: Getting a frame in PreFetch mode...
2020-12-21 14:53:20,062 [ERROR]: Error using ClientPreFetch mode. 
 NoFrame
2020-12-21 14:53:20,062 [INFO]: Getting a frame in ServerPush mode...
2020-12-21 14:53:20,064 [DEBUG]: Fetched! Pulled frame number: 384667
2020-12-21 14:53:20,064 [INFO]: ServerPush mode set.
2020-12-21 14:53:20,064 [INFO]: Getting available framerates...
2020-12-21 14:53:20,064 [INFO]: Current frame rate: 100.0 Hz.
2020-12-21 14:53:20,065 [INFO]: Frame rates available: 
2020-12-21 14:53:20,065 [INFO]: Process Rate : 99 Hz 

2020-12-21 14:53:20,065 [INFO]: Setting axis...
2020-12-21 14:53:20,066 [INFO]: X Axis: AxisMapping.EForward
2020-12-21 14:53:20,066 [INFO]: Y Axis: AxisMapping.ELeft
2020-12-21 14:53:20,066 [INFO]: Z Axis: AxisMapping.EUp
2020-12-21 14:53:20,066 [INFO]: Initializing drivers...
2020-12-21 14:53:20,067 [INFO]: Drivers initialized.
2020-12-21 14:53:20,067 [INFO]: Connecting to the Crazyflie...
2020-12-21 14:53:20,067 [DEBUG]: Adding callback on port [6] to [<bound method Localization._incoming of <cflib.crazyflie.localization.Localization object at 0x000001A9CA28C108>>]
2020-12-21 14:53:20,067 [DEBUG]: Adding callback on port [5] to [<bound method Log._new_packet_cb of <cflib.crazyflie.log.Log object at 0x000001A9CA28C208>>]
2020-12-21 14:53:20,068 [DEBUG]: Adding callback on port [0] to [<bound method Console.incoming of <cflib.crazyflie.console.Console object at 0x000001A9C7F2D1C8>>]
2020-12-21 14:53:20,068 [DEBUG]: Adding callback on port [2] to [<bound method _ParamUpdater._new_packet_cb of <_ParamUpdater(Thread-2, initial daemon)>>]
2020-12-21 14:53:20,069 [DEBUG]: Adding callback on port [4] to [<bound method Memory._new_packet_cb of <cflib.crazyflie.mem.Memory object at 0x000001A9B97ACB88>>]
2020-12-21 14:53:20,070 [DEBUG]: Adding callback on port [13] to [<bound method PlatformService._platform_callback of <cflib.crazyflie.platformservice.PlatformService object at 0x000001A9CA28C6C8>>]
2020-12-21 14:53:20,070 [DEBUG]: Adding callback on port [15] to [<bound method PlatformService._crt_service_callback of <cflib.crazyflie.platformservice.PlatformService object at 0x000001A9CA28C6C8>>]
