2020-12-21 17:07:20,625 [INFO]: Connecting to the Vicon...
2020-12-21 17:07:20,627 [INFO]: Connected to Vicon!
2020-12-21 17:07:20,627 [INFO]: Setting up the buffer...
2020-12-21 17:07:20,627 [INFO]: Buffer of 1000 frames created.
2020-12-21 17:07:20,627 [INFO]: Enabling data types...
2020-12-21 17:07:20,627 [DEBUG]: Segments: True
2020-12-21 17:07:20,627 [DEBUG]: Markers: True
2020-12-21 17:07:20,628 [DEBUG]: Unlabeled Markers: True
2020-12-21 17:07:20,628 [DEBUG]: Marker Rays: True
2020-12-21 17:07:20,628 [DEBUG]: Devices: True
2020-12-21 17:07:20,628 [DEBUG]: Centroids: True 
2020-12-21 17:07:20,628 [INFO]: Testing stream modes...
2020-12-21 17:07:20,628 [INFO]: Getting a frame in ClientPull mode...
2020-12-21 17:07:21,628 [ERROR]: Error using ClientPull mode. 
 NoFrame
2020-12-21 17:07:21,628 [INFO]: Getting a frame in PreFetch mode...
2020-12-21 17:07:22,629 [ERROR]: Error using ClientPreFetch mode. 
 NoFrame
2020-12-21 17:07:22,629 [INFO]: Getting a frame in ServerPush mode...
2020-12-21 17:07:22,629 [DEBUG]: Fetched! Pulled frame number: 1188931
2020-12-21 17:07:22,630 [INFO]: ServerPush mode set.
2020-12-21 17:07:22,630 [INFO]: Getting available framerates...
2020-12-21 17:07:22,630 [INFO]: Current frame rate: 100.0 Hz.
2020-12-21 17:07:22,631 [INFO]: Frame rates available: 
2020-12-21 17:07:22,631 [INFO]: Process Rate : 100 Hz 

2020-12-21 17:07:22,631 [INFO]: Setting axis...
2020-12-21 17:07:22,631 [INFO]: X Axis: AxisMapping.EForward
2020-12-21 17:07:22,632 [INFO]: Y Axis: AxisMapping.ELeft
2020-12-21 17:07:22,632 [INFO]: Z Axis: AxisMapping.EUp
2020-12-21 17:07:22,632 [INFO]: Initializing drivers...
2020-12-21 17:07:22,632 [INFO]: Drivers initialized.
2020-12-21 17:07:22,632 [INFO]: Connecting to the Crazyflie...
2020-12-21 17:07:22,633 [DEBUG]: Adding callback on port [6] to [<bound method Localization._incoming of <cflib.crazyflie.localization.Localization object at 0x0000025F4A9EC248>>]
2020-12-21 17:07:22,633 [DEBUG]: Adding callback on port [5] to [<bound method Log._new_packet_cb of <cflib.crazyflie.log.Log object at 0x0000025F4A9EC308>>]
2020-12-21 17:07:22,633 [DEBUG]: Adding callback on port [0] to [<bound method Console.incoming of <cflib.crazyflie.console.Console object at 0x0000025F4A9EC3C8>>]
2020-12-21 17:07:22,634 [DEBUG]: Adding callback on port [2] to [<bound method _ParamUpdater._new_packet_cb of <_ParamUpdater(Thread-2, initial daemon)>>]
2020-12-21 17:07:22,635 [DEBUG]: Adding callback on port [4] to [<bound method Memory._new_packet_cb of <cflib.crazyflie.mem.Memory object at 0x0000025F4A9EC6C8>>]
2020-12-21 17:07:22,635 [DEBUG]: Adding callback on port [13] to [<bound method PlatformService._platform_callback of <cflib.crazyflie.platformservice.PlatformService object at 0x0000025F39C2F7C8>>]
2020-12-21 17:07:22,635 [DEBUG]: Adding callback on port [15] to [<bound method PlatformService._crt_service_callback of <cflib.crazyflie.platformservice.PlatformService object at 0x0000025F39C2F7C8>>]
