2021-03-19 15:45:01,178 [DEBUG]: Adding callback on port [6] to [<bound method Localization._incoming of <cflib.crazyflie.localization.Localization object at 0x000001E8A8BA1108>>]
2021-03-19 15:45:01,178 [DEBUG]: Adding callback on port [5] to [<bound method Log._new_packet_cb of <cflib.crazyflie.log.Log object at 0x000001E8A8BA1448>>]
2021-03-19 15:45:01,178 [DEBUG]: Adding callback on port [0] to [<bound method Console.incoming of <cflib.crazyflie.console.Console object at 0x000001E8A8B5F808>>]
2021-03-19 15:45:01,178 [DEBUG]: Adding callback on port [2] to [<bound method _ParamUpdater._new_packet_cb of <_ParamUpdater(Thread-2, initial daemon)>>]
2021-03-19 15:45:01,179 [DEBUG]: Adding callback on port [4] to [<bound method Memory._new_packet_cb of <cflib.crazyflie.mem.Memory object at 0x000001E8A8BA1C08>>]
2021-03-19 15:45:01,179 [DEBUG]: Adding callback on port [13] to [<bound method PlatformService._platform_callback of <cflib.crazyflie.platformservice.PlatformService object at 0x000001E8A8BA1D88>>]
2021-03-19 15:45:01,179 [DEBUG]: Adding callback on port [15] to [<bound method PlatformService._crt_service_callback of <cflib.crazyflie.platformservice.PlatformService object at 0x000001E8A8BA1D88>>]
2021-03-19 15:45:01,179 [INFO]: Callback->Connection initialized[radio://0/80/2M]
2021-03-19 15:45:01,183 [INFO]: We are connected[radio://0/80/2M], request connection setup
2021-03-19 15:45:01,185 [INFO]: Callback->Connected to [radio://0/80/2M]
2021-03-19 15:45:01,187 [WARNING]: Error no LogEntry to handle id=1
2021-03-19 15:45:01,188 [WARNING]: Error no LogEntry to handle id=2
2021-03-19 15:45:01,193 [INFO]: Protocol  version: 4
2021-03-19 15:45:01,196 [DEBUG]: Logging reset, continue with TOC download
2021-03-19 15:45:01,196 [DEBUG]: [5]: Using V2 protocol: 1
2021-03-19 15:45:01,196 [DEBUG]: [5]: Start fetching...
2021-03-19 15:45:01,196 [DEBUG]: Adding callback on port [5] to [<bound method TocFetcher._new_packet_cb of <cflib.crazyflie.toc.TocFetcher object at 0x000001E8A8BBE208>>]
2021-03-19 15:45:01,200 [DEBUG]: [5]: Got TOC CRC, 317 items and crc=0x05C5AF70
2021-03-19 15:45:01,203 [INFO]: TOC for port [5] found in cache
2021-03-19 15:45:01,203 [DEBUG]: Removing callback on port [5] to [<bound method TocFetcher._new_packet_cb of <cflib.crazyflie.toc.TocFetcher object at 0x000001E8A8BBE208>>]
2021-03-19 15:45:01,203 [DEBUG]: [5]: Done!
2021-03-19 15:45:01,203 [INFO]: Log TOC finished updating
2021-03-19 15:45:01,203 [DEBUG]: Requesting number of memories
2021-03-19 15:45:01,206 [INFO]: 9 memories found
2021-03-19 15:45:01,206 [DEBUG]: Requesting first id
2021-03-19 15:45:01,210 [DEBUG]: Requesting information about memory 1
2021-03-19 15:45:01,215 [DEBUG]: Memory: id=1, type=LED driver, size=24
2021-03-19 15:45:01,215 [DEBUG]: Requesting information about memory 2
2021-03-19 15:45:01,219 [DEBUG]: Memory: id=2, type=Loco Positioning, size=6144
2021-03-19 15:45:01,219 [DEBUG]: Requesting information about memory 3
2021-03-19 15:45:01,223 [DEBUG]: Memory: id=3, type=Trajectory, size=4096
2021-03-19 15:45:01,223 [DEBUG]: Requesting information about memory 4
2021-03-19 15:45:01,228 [DEBUG]: Memory: id=4, type=Loco Positioning 2, size=69632
2021-03-19 15:45:01,228 [DEBUG]: Requesting information about memory 5
2021-03-19 15:45:01,232 [DEBUG]: Memory: id=5, type=Lighthouse positioning, size=96
2021-03-19 15:45:01,232 [DEBUG]: Requesting information about memory 6
2021-03-19 15:45:01,237 [DEBUG]: Memory: id=6, type=Memory tester, size=4096
2021-03-19 15:45:01,237 [DEBUG]: Requesting information about memory 7
2021-03-19 15:45:01,241 [DEBUG]: Memory: id=7, type=Unknown, size=0
2021-03-19 15:45:01,241 [DEBUG]: Requesting information about memory 8
2021-03-19 15:45:01,245 [DEBUG]: Done getting all the memories, start reading the OWs
2021-03-19 15:45:01,246 [DEBUG]: Updating content of memory 8
2021-03-19 15:45:01,246 [DEBUG]: Requesting new chunk of 11bytes at 0x0
2021-03-19 15:45:01,251 [DEBUG]: READ: Mem=8, addr=0x0, status=0x0, data=(235, 12, 0, 0, 0, 188, 15, 205, 0, 12, 1)
2021-03-19 15:45:01,252 [DEBUG]: READING: We are still interested in request for mem 8
2021-03-19 15:45:01,252 [DEBUG]: Requesting new chunk of 15bytes at 0x8
2021-03-19 15:45:01,258 [DEBUG]: READ: Mem=8, addr=0x8, status=0x0, data=(0, 12, 1, 7, 98, 99, 70, 108, 111, 119, 50, 2, 1, 65, 84)
2021-03-19 15:45:01,258 [DEBUG]: READING: We are still interested in request for mem 8
2021-03-19 15:45:01,258 [DEBUG]: OW 0DD9203F00000040 (BC:0F): {'Board name': 'bcFlow2', 'Board revision': 'A'}
2021-03-19 15:45:01,258 [INFO]: Memories finished updating
2021-03-19 15:45:01,258 [DEBUG]: [2]: Using V2 protocol: 1
2021-03-19 15:45:01,258 [DEBUG]: [2]: Start fetching...
2021-03-19 15:45:01,258 [DEBUG]: Adding callback on port [2] to [<bound method TocFetcher._new_packet_cb of <cflib.crazyflie.toc.TocFetcher object at 0x000001E8A8BF4048>>]
2021-03-19 15:45:01,261 [DEBUG]: [2]: Got TOC CRC, 164 items and crc=0x1042AFA8
2021-03-19 15:45:01,262 [INFO]: TOC for port [2] found in cache
2021-03-19 15:45:01,263 [DEBUG]: Removing callback on port [2] to [<bound method TocFetcher._new_packet_cb of <cflib.crazyflie.toc.TocFetcher object at 0x000001E8A8BF4048>>]
2021-03-19 15:45:01,263 [DEBUG]: [2]: Done!
2021-03-19 15:45:01,263 [INFO]: Param TOC finished updating
2021-03-19 15:45:01,263 [INFO]: Callback->Connection setup finished [radio://0/80/2M]
2021-03-19 15:45:01,263 [DEBUG]: Requesting request to update param [6]
2021-03-19 15:45:01,263 [DEBUG]: Requesting request to update param [1]
2021-03-19 15:45:01,263 [DEBUG]: Requesting request to update param [2]
2021-03-19 15:45:01,263 [DEBUG]: Requesting request to update param [3]
2021-03-19 15:45:01,263 [DEBUG]: Requesting request to update param [4]
2021-03-19 15:45:01,263 [DEBUG]: Requesting request to update param [5]
2021-03-19 15:45:01,263 [DEBUG]: Requesting request to update param [7]
2021-03-19 15:45:01,264 [DEBUG]: Adding stateEstimate.x with id=121 and type=0x77
2021-03-19 15:45:01,264 [DEBUG]: Requesting request to update param [8]
2021-03-19 15:45:01,264 [DEBUG]: Adding stateEstimate.y with id=122 and type=0x77
2021-03-19 15:45:01,264 [DEBUG]: Requesting request to update param [9]
2021-03-19 15:45:01,264 [DEBUG]: Adding log block id 1
2021-03-19 15:45:01,264 [DEBUG]: Requesting request to update param [10]
2021-03-19 15:45:01,264 [DEBUG]: First time block is started, add block
2021-03-19 15:45:01,265 [DEBUG]: Requesting request to update param [11]
2021-03-19 15:45:01,265 [DEBUG]: Requesting request to update param [16]
2021-03-19 15:45:01,265 [DEBUG]: Requesting request to update param [12]
2021-03-19 15:45:01,265 [DEBUG]: Requesting request to update param [13]
2021-03-19 15:45:01,265 [DEBUG]: Requesting request to update param [14]
2021-03-19 15:45:01,265 [DEBUG]: Requesting request to update param [15]
2021-03-19 15:45:01,265 [DEBUG]: Requesting request to update param [17]
2021-03-19 15:45:01,265 [DEBUG]: Requesting request to update param [18]
2021-03-19 15:45:01,265 [DEBUG]: Requesting request to update param [19]
2021-03-19 15:45:01,265 [DEBUG]: Requesting request to update param [20]
2021-03-19 15:45:01,265 [DEBUG]: Requesting request to update param [21]
2021-03-19 15:45:01,266 [DEBUG]: Requesting request to update param [22]
2021-03-19 15:45:01,266 [DEBUG]: Requesting request to update param [23]
2021-03-19 15:45:01,266 [DEBUG]: Requesting request to update param [24]
2021-03-19 15:45:01,266 [DEBUG]: Requesting request to update param [25]
2021-03-19 15:45:01,266 [DEBUG]: Requesting request to update param [26]
2021-03-19 15:45:01,266 [DEBUG]: Requesting request to update param [27]
2021-03-19 15:45:01,266 [DEBUG]: Requesting request to update param [28]
2021-03-19 15:45:01,266 [DEBUG]: Requesting request to update param [29]
2021-03-19 15:45:01,266 [DEBUG]: Requesting request to update param [30]
2021-03-19 15:45:01,266 [DEBUG]: Requesting request to update param [31]
2021-03-19 15:45:01,266 [DEBUG]: Requesting request to update param [32]
2021-03-19 15:45:01,266 [DEBUG]: Requesting request to update param [33]
2021-03-19 15:45:01,266 [DEBUG]: Requesting request to update param [34]
2021-03-19 15:45:01,267 [DEBUG]: Requesting request to update param [35]
2021-03-19 15:45:01,267 [DEBUG]: Requesting request to update param [36]
2021-03-19 15:45:01,267 [DEBUG]: Requesting request to update param [37]
2021-03-19 15:45:01,267 [DEBUG]: Requesting request to update param [38]
2021-03-19 15:45:01,267 [DEBUG]: Requesting request to update param [39]
2021-03-19 15:45:01,267 [DEBUG]: Requesting request to update param [40]
2021-03-19 15:45:01,267 [DEBUG]: Requesting request to update param [41]
2021-03-19 15:45:01,267 [DEBUG]: Requesting request to update param [42]
2021-03-19 15:45:01,267 [DEBUG]: Requesting request to update param [43]
2021-03-19 15:45:01,267 [DEBUG]: Requesting request to update param [44]
2021-03-19 15:45:01,267 [DEBUG]: Requesting request to update param [45]
2021-03-19 15:45:01,267 [DEBUG]: Requesting request to update param [46]
2021-03-19 15:45:01,267 [DEBUG]: Requesting request to update param [47]
2021-03-19 15:45:01,267 [DEBUG]: Requesting request to update param [48]
2021-03-19 15:45:01,268 [DEBUG]: Requesting request to update param [49]
2021-03-19 15:45:01,268 [DEBUG]: Requesting request to update param [50]
2021-03-19 15:45:01,268 [DEBUG]: Requesting request to update param [51]
2021-03-19 15:45:01,268 [DEBUG]: Requesting request to update param [52]
2021-03-19 15:45:01,268 [DEBUG]: Requesting request to update param [53]
2021-03-19 15:45:01,268 [DEBUG]: Requesting request to update param [54]
2021-03-19 15:45:01,268 [DEBUG]: Requesting request to update param [55]
2021-03-19 15:45:01,268 [DEBUG]: Requesting request to update param [56]
2021-03-19 15:45:01,268 [DEBUG]: Requesting request to update param [57]
2021-03-19 15:45:01,268 [DEBUG]: Requesting request to update param [58]
2021-03-19 15:45:01,268 [DEBUG]: Requesting request to update param [59]
2021-03-19 15:45:01,268 [DEBUG]: Requesting request to update param [60]
2021-03-19 15:45:01,268 [DEBUG]: Requesting request to update param [61]
2021-03-19 15:45:01,268 [DEBUG]: Requesting request to update param [62]
2021-03-19 15:45:01,269 [DEBUG]: Requesting request to update param [63]
2021-03-19 15:45:01,269 [DEBUG]: Requesting request to update param [64]
2021-03-19 15:45:01,269 [DEBUG]: Requesting request to update param [65]
2021-03-19 15:45:01,269 [DEBUG]: Requesting request to update param [66]
2021-03-19 15:45:01,269 [DEBUG]: Requesting request to update param [67]
2021-03-19 15:45:01,269 [DEBUG]: Requesting request to update param [68]
2021-03-19 15:45:01,269 [DEBUG]: Requesting request to update param [69]
2021-03-19 15:45:01,269 [DEBUG]: Requesting request to update param [70]
2021-03-19 15:45:01,269 [DEBUG]: Requesting request to update param [71]
2021-03-19 15:45:01,269 [DEBUG]: Requesting request to update param [72]
2021-03-19 15:45:01,269 [DEBUG]: Requesting request to update param [73]
2021-03-19 15:45:01,269 [DEBUG]: Requesting request to update param [74]
2021-03-19 15:45:01,269 [DEBUG]: Requesting request to update param [75]
2021-03-19 15:45:01,270 [DEBUG]: Requesting request to update param [76]
2021-03-19 15:45:01,270 [DEBUG]: Requesting request to update param [77]
2021-03-19 15:45:01,270 [DEBUG]: Requesting request to update param [78]
2021-03-19 15:45:01,270 [DEBUG]: Requesting request to update param [79]
2021-03-19 15:45:01,270 [DEBUG]: Requesting request to update param [80]
2021-03-19 15:45:01,270 [DEBUG]: Requesting request to update param [81]
2021-03-19 15:45:01,270 [DEBUG]: Requesting request to update param [82]
2021-03-19 15:45:01,270 [DEBUG]: Requesting request to update param [83]
2021-03-19 15:45:01,270 [DEBUG]: Requesting request to update param [84]
2021-03-19 15:45:01,270 [DEBUG]: Requesting request to update param [85]
2021-03-19 15:45:01,270 [DEBUG]: Requesting request to update param [86]
2021-03-19 15:45:01,270 [DEBUG]: Requesting request to update param [87]
2021-03-19 15:45:01,270 [DEBUG]: Requesting request to update param [88]
2021-03-19 15:45:01,270 [DEBUG]: Requesting request to update param [89]
2021-03-19 15:45:01,271 [DEBUG]: Requesting request to update param [90]
2021-03-19 15:45:01,271 [DEBUG]: Requesting request to update param [91]
2021-03-19 15:45:01,271 [DEBUG]: Requesting request to update param [92]
2021-03-19 15:45:01,271 [DEBUG]: Requesting request to update param [93]
2021-03-19 15:45:01,271 [DEBUG]: Requesting request to update param [94]
2021-03-19 15:45:01,271 [DEBUG]: Requesting request to update param [95]
2021-03-19 15:45:01,271 [DEBUG]: Requesting request to update param [96]
2021-03-19 15:45:01,271 [DEBUG]: Requesting request to update param [97]
2021-03-19 15:45:01,271 [DEBUG]: Requesting request to update param [98]
2021-03-19 15:45:01,271 [DEBUG]: Requesting request to update param [99]
2021-03-19 15:45:01,271 [DEBUG]: Requesting request to update param [100]
2021-03-19 15:45:01,271 [DEBUG]: Requesting request to update param [101]
2021-03-19 15:45:01,271 [DEBUG]: Requesting request to update param [102]
2021-03-19 15:45:01,272 [DEBUG]: Requesting request to update param [103]
2021-03-19 15:45:01,272 [DEBUG]: Requesting request to update param [104]
2021-03-19 15:45:01,272 [DEBUG]: Requesting request to update param [105]
2021-03-19 15:45:01,272 [DEBUG]: Requesting request to update param [106]
2021-03-19 15:45:01,272 [DEBUG]: Requesting request to update param [107]
2021-03-19 15:45:01,272 [DEBUG]: Requesting request to update param [108]
2021-03-19 15:45:01,272 [DEBUG]: Requesting request to update param [109]
2021-03-19 15:45:01,272 [DEBUG]: Requesting request to update param [110]
2021-03-19 15:45:01,272 [DEBUG]: Requesting request to update param [111]
2021-03-19 15:45:01,272 [DEBUG]: Requesting request to update param [112]
2021-03-19 15:45:01,272 [DEBUG]: Requesting request to update param [113]
2021-03-19 15:45:01,272 [DEBUG]: Requesting request to update param [114]
2021-03-19 15:45:01,272 [DEBUG]: Requesting request to update param [115]
2021-03-19 15:45:01,272 [DEBUG]: Requesting request to update param [116]
2021-03-19 15:45:01,272 [DEBUG]: Requesting request to update param [117]
2021-03-19 15:45:01,273 [DEBUG]: Requesting request to update param [118]
2021-03-19 15:45:01,273 [DEBUG]: Requesting request to update param [119]
2021-03-19 15:45:01,273 [DEBUG]: Requesting request to update param [120]
2021-03-19 15:45:01,273 [DEBUG]: Requesting request to update param [121]
2021-03-19 15:45:01,273 [DEBUG]: Requesting request to update param [122]
2021-03-19 15:45:01,273 [DEBUG]: Requesting request to update param [123]
2021-03-19 15:45:01,273 [DEBUG]: Requesting request to update param [124]
2021-03-19 15:45:01,273 [DEBUG]: Requesting request to update param [125]
2021-03-19 15:45:01,273 [DEBUG]: Requesting request to update param [126]
2021-03-19 15:45:01,273 [DEBUG]: Requesting request to update param [127]
2021-03-19 15:45:01,273 [DEBUG]: Requesting request to update param [128]
2021-03-19 15:45:01,273 [DEBUG]: Requesting request to update param [140]
2021-03-19 15:45:01,273 [DEBUG]: Requesting request to update param [141]
2021-03-19 15:45:01,273 [DEBUG]: Requesting request to update param [142]
2021-03-19 15:45:01,273 [DEBUG]: Requesting request to update param [143]
2021-03-19 15:45:01,273 [DEBUG]: Requesting request to update param [145]
2021-03-19 15:45:01,273 [DEBUG]: Requesting request to update param [146]
2021-03-19 15:45:01,274 [DEBUG]: Requesting request to update param [147]
2021-03-19 15:45:01,274 [DEBUG]: Requesting request to update param [151]
2021-03-19 15:45:01,274 [DEBUG]: Requesting request to update param [152]
2021-03-19 15:45:01,274 [DEBUG]: Requesting request to update param [154]
2021-03-19 15:45:01,274 [DEBUG]: Requesting request to update param [155]
2021-03-19 15:45:01,274 [DEBUG]: Requesting request to update param [156]
2021-03-19 15:45:01,274 [DEBUG]: Requesting request to update param [129]
2021-03-19 15:45:01,274 [DEBUG]: Requesting request to update param [130]
2021-03-19 15:45:01,274 [DEBUG]: Requesting request to update param [131]
2021-03-19 15:45:01,274 [DEBUG]: Requesting request to update param [132]
2021-03-19 15:45:01,274 [DEBUG]: Requesting request to update param [133]
2021-03-19 15:45:01,274 [DEBUG]: Requesting request to update param [134]
2021-03-19 15:45:01,274 [DEBUG]: Requesting request to update param [135]
2021-03-19 15:45:01,274 [DEBUG]: Requesting request to update param [136]
2021-03-19 15:45:01,275 [DEBUG]: Requesting request to update param [137]
2021-03-19 15:45:01,275 [DEBUG]: Requesting request to update param [138]
2021-03-19 15:45:01,275 [DEBUG]: Requesting request to update param [139]
2021-03-19 15:45:01,275 [DEBUG]: Requesting request to update param [144]
2021-03-19 15:45:01,275 [DEBUG]: Requesting request to update param [148]
2021-03-19 15:45:01,275 [DEBUG]: Requesting request to update param [149]
2021-03-19 15:45:01,275 [DEBUG]: Requesting request to update param [150]
2021-03-19 15:45:01,275 [DEBUG]: Requesting request to update param [153]
2021-03-19 15:45:01,275 [DEBUG]: Requesting request to update param [157]
2021-03-19 15:45:01,275 [DEBUG]: Requesting request to update param [158]
2021-03-19 15:45:01,275 [DEBUG]: Requesting request to update param [159]
2021-03-19 15:45:01,275 [DEBUG]: Requesting request to update param [160]
2021-03-19 15:45:01,275 [DEBUG]: Requesting request to update param [161]
2021-03-19 15:45:01,275 [DEBUG]: Requesting request to update param [162]
2021-03-19 15:45:01,275 [DEBUG]: Requesting request to update param [163]
2021-03-19 15:45:01,275 [DEBUG]: Updated parameter [imu_sensors.BMP388]
2021-03-19 15:45:01,276 [DEBUG]: Have successfully added id=1
2021-03-19 15:45:01,286 [DEBUG]: Updated parameter [imu_sensors.HMC5883L]
2021-03-19 15:45:01,287 [INFO]: Have successfully started logging for id=1
2021-03-19 15:45:01,289 [DEBUG]: Updated parameter [imu_sensors.MS5611]
2021-03-19 15:45:01,292 [DEBUG]: Updated parameter [imu_tests.MPU6500]
2021-03-19 15:45:01,296 [DEBUG]: Updated parameter [imu_tests.HMC5883L]
2021-03-19 15:45:01,299 [DEBUG]: Updated parameter [imu_tests.MS5611]
2021-03-19 15:45:01,302 [DEBUG]: Updated parameter [cpu.flash]
2021-03-19 15:45:01,306 [DEBUG]: Updated parameter [cpu.id0]
2021-03-19 15:45:01,309 [DEBUG]: Updated parameter [cpu.id1]
2021-03-19 15:45:01,312 [DEBUG]: Updated parameter [cpu.id2]
2021-03-19 15:45:01,315 [DEBUG]: Updated parameter [kalman.resetEstimation]
2021-03-19 15:45:01,318 [DEBUG]: Updated parameter [system.selftestPassed]
2021-03-19 15:45:01,322 [DEBUG]: Updated parameter [system.taskDump]
2021-03-19 15:45:01,326 [DEBUG]: Updated parameter [sound.effect]
2021-03-19 15:45:01,329 [DEBUG]: Updated parameter [sound.neffect]
2021-03-19 15:45:01,332 [DEBUG]: Updated parameter [sound.freq]
2021-03-19 15:45:01,336 [DEBUG]: Updated parameter [sound.ratio]
2021-03-19 15:45:01,340 [DEBUG]: Updated parameter [memTst.resetW]
2021-03-19 15:45:01,343 [DEBUG]: Updated parameter [commander.enHighLevel]
2021-03-19 15:45:01,347 [DEBUG]: Updated parameter [flightmode.althold]
2021-03-19 15:45:01,350 [DEBUG]: Updated parameter [flightmode.poshold]
2021-03-19 15:45:01,354 [DEBUG]: Updated parameter [flightmode.posSet]
2021-03-19 15:45:01,357 [DEBUG]: Updated parameter [flightmode.yawMode]
2021-03-19 15:45:01,360 [DEBUG]: Updated parameter [flightmode.yawRst]
2021-03-19 15:45:01,363 [DEBUG]: Updated parameter [flightmode.stabModeRoll]
2021-03-19 15:45:01,366 [DEBUG]: Updated parameter [flightmode.stabModePitch]
2021-03-19 15:45:01,369 [DEBUG]: Updated parameter [flightmode.stabModeYaw]
2021-03-19 15:45:01,373 [DEBUG]: Updated parameter [cmdrCPPM.rateRoll]
2021-03-19 15:45:01,377 [DEBUG]: Updated parameter [cmdrCPPM.ratePitch]
2021-03-19 15:45:01,381 [DEBUG]: Updated parameter [cmdrCPPM.rateYaw]
2021-03-19 15:45:01,384 [DEBUG]: Updated parameter [cmdrCPPM.angRoll]
2021-03-19 15:45:01,388 [DEBUG]: Updated parameter [cmdrCPPM.angPitch]
2021-03-19 15:45:01,391 [DEBUG]: Updated parameter [locSrv.enRangeStreamFP32]
2021-03-19 15:45:01,395 [DEBUG]: Updated parameter [locSrv.extPosStdDev]
2021-03-19 15:45:01,399 [DEBUG]: Updated parameter [locSrv.extQuatStdDev]
2021-03-19 15:45:01,402 [DEBUG]: Updated parameter [pid_attitude.roll_kp]
2021-03-19 15:45:01,406 [DEBUG]: Updated parameter [pid_attitude.roll_ki]
2021-03-19 15:45:01,419 [DEBUG]: Updated parameter [pid_attitude.roll_kd]
2021-03-19 15:45:01,423 [DEBUG]: Updated parameter [pid_attitude.pitch_kp]
2021-03-19 15:45:01,426 [DEBUG]: Updated parameter [pid_attitude.pitch_ki]
2021-03-19 15:45:01,429 [DEBUG]: Updated parameter [pid_attitude.pitch_kd]
2021-03-19 15:45:01,432 [DEBUG]: Updated parameter [pid_attitude.yaw_kp]
2021-03-19 15:45:01,436 [DEBUG]: Updated parameter [pid_attitude.yaw_ki]
2021-03-19 15:45:01,439 [DEBUG]: Updated parameter [pid_attitude.yaw_kd]
2021-03-19 15:45:01,443 [DEBUG]: Updated parameter [pid_rate.roll_kp]
2021-03-19 15:45:01,446 [DEBUG]: Updated parameter [pid_rate.roll_ki]
2021-03-19 15:45:01,449 [DEBUG]: Updated parameter [pid_rate.roll_kd]
2021-03-19 15:45:01,452 [DEBUG]: Updated parameter [pid_rate.pitch_kp]
2021-03-19 15:45:01,456 [DEBUG]: Updated parameter [pid_rate.pitch_ki]
2021-03-19 15:45:01,460 [DEBUG]: Updated parameter [pid_rate.pitch_kd]
2021-03-19 15:45:01,464 [DEBUG]: Updated parameter [pid_rate.yaw_kp]
2021-03-19 15:45:01,469 [DEBUG]: Updated parameter [pid_rate.yaw_ki]
2021-03-19 15:45:01,472 [DEBUG]: Updated parameter [pid_rate.yaw_kd]
2021-03-19 15:45:01,476 [DEBUG]: Updated parameter [sensfusion6.kp]
2021-03-19 15:45:01,479 [DEBUG]: Updated parameter [sensfusion6.ki]
2021-03-19 15:45:01,483 [DEBUG]: Updated parameter [sensfusion6.baseZacc]
2021-03-19 15:45:01,489 [DEBUG]: Updated parameter [health.startPropTest]
2021-03-19 15:45:01,492 [DEBUG]: Updated parameter [stabilizer.estimator]
2021-03-19 15:45:01,496 [DEBUG]: Updated parameter [stabilizer.controller]
2021-03-19 15:45:01,499 [DEBUG]: Updated parameter [posEstAlt.estAlphaAsl]
2021-03-19 15:45:01,502 [DEBUG]: Updated parameter [posEstAlt.estAlphaZr]
2021-03-19 15:45:01,506 [DEBUG]: Updated parameter [posEstAlt.velFactor]
2021-03-19 15:45:01,509 [DEBUG]: Updated parameter [posEstAlt.velZAlpha]
2021-03-19 15:45:01,513 [DEBUG]: Updated parameter [posEstAlt.vAccDeadband]
2021-03-19 15:45:01,517 [DEBUG]: Updated parameter [posCtlPid.xKp]
2021-03-19 15:45:01,521 [DEBUG]: Updated parameter [posCtlPid.xKi]
2021-03-19 15:45:01,524 [DEBUG]: Updated parameter [posCtlPid.xKd]
2021-03-19 15:45:01,528 [DEBUG]: Updated parameter [posCtlPid.yKp]
2021-03-19 15:45:01,531 [DEBUG]: Updated parameter [posCtlPid.yKi]
2021-03-19 15:45:01,535 [DEBUG]: Updated parameter [posCtlPid.yKd]
2021-03-19 15:45:01,547 [DEBUG]: Updated parameter [posCtlPid.zKp]
2021-03-19 15:45:01,551 [DEBUG]: Updated parameter [posCtlPid.zKi]
2021-03-19 15:45:01,554 [DEBUG]: Updated parameter [posCtlPid.zKd]
2021-03-19 15:45:01,557 [DEBUG]: Updated parameter [posCtlPid.thrustBase]
2021-03-19 15:45:01,561 [DEBUG]: Updated parameter [posCtlPid.thrustMin]
2021-03-19 15:45:01,564 [DEBUG]: Updated parameter [posCtlPid.rpLimit]
2021-03-19 15:45:01,567 [DEBUG]: Updated parameter [posCtlPid.xyVelMax]
2021-03-19 15:45:01,571 [DEBUG]: Updated parameter [posCtlPid.zVelMax]
2021-03-19 15:45:01,574 [DEBUG]: Updated parameter [velCtlPid.vxKp]
2021-03-19 15:45:01,577 [DEBUG]: Updated parameter [velCtlPid.vxKi]
2021-03-19 15:45:01,581 [DEBUG]: Updated parameter [velCtlPid.vxKd]
2021-03-19 15:45:01,585 [DEBUG]: Updated parameter [velCtlPid.vyKp]
2021-03-19 15:45:01,589 [DEBUG]: Updated parameter [velCtlPid.vyKi]
2021-03-19 15:45:01,592 [DEBUG]: Updated parameter [velCtlPid.vyKd]
2021-03-19 15:45:01,595 [DEBUG]: Updated parameter [velCtlPid.vzKp]
2021-03-19 15:45:01,598 [DEBUG]: Updated parameter [velCtlPid.vzKi]
2021-03-19 15:45:01,601 [DEBUG]: Updated parameter [velCtlPid.vzKd]
2021-03-19 15:45:01,605 [DEBUG]: Updated parameter [controller.tiltComp]
2021-03-19 15:45:01,608 [DEBUG]: Updated parameter [ctrlMel.kp_xy]
2021-03-19 15:45:01,611 [DEBUG]: Updated parameter [ctrlMel.kd_xy]
2021-03-19 15:45:01,615 [DEBUG]: Updated parameter [ctrlMel.ki_xy]
2021-03-19 15:45:01,618 [DEBUG]: Updated parameter [ctrlMel.i_range_xy]
2021-03-19 15:45:01,622 [DEBUG]: Updated parameter [ctrlMel.kp_z]
2021-03-19 15:45:01,625 [DEBUG]: Updated parameter [ctrlMel.kd_z]
2021-03-19 15:45:01,628 [DEBUG]: Updated parameter [ctrlMel.ki_z]
2021-03-19 15:45:01,632 [DEBUG]: Updated parameter [ctrlMel.i_range_z]
2021-03-19 15:45:01,636 [DEBUG]: Updated parameter [ctrlMel.mass]
2021-03-19 15:45:01,639 [DEBUG]: Updated parameter [ctrlMel.massThrust]
2021-03-19 15:45:01,643 [DEBUG]: Updated parameter [ctrlMel.kR_xy]
2021-03-19 15:45:01,647 [DEBUG]: Updated parameter [ctrlMel.kR_z]
2021-03-19 15:45:01,650 [DEBUG]: Updated parameter [ctrlMel.kw_xy]
2021-03-19 15:45:01,654 [DEBUG]: Updated parameter [ctrlMel.kw_z]
2021-03-19 15:45:01,657 [DEBUG]: Updated parameter [ctrlMel.ki_m_xy]
2021-03-19 15:45:01,660 [DEBUG]: Updated parameter [ctrlMel.ki_m_z]
2021-03-19 15:45:01,663 [DEBUG]: Updated parameter [ctrlMel.kd_omega_rp]
2021-03-19 15:45:01,667 [DEBUG]: Updated parameter [ctrlMel.i_range_m_xy]
2021-03-19 15:45:01,680 [DEBUG]: Updated parameter [ctrlMel.i_range_m_z]
2021-03-19 15:45:01,683 [DEBUG]: Updated parameter [motorPowerSet.enable]
2021-03-19 15:45:01,686 [DEBUG]: Updated parameter [motorPowerSet.m1]
2021-03-19 15:45:01,691 [DEBUG]: Updated parameter [motorPowerSet.m2]
2021-03-19 15:45:01,694 [DEBUG]: Updated parameter [motorPowerSet.m3]
2021-03-19 15:45:01,697 [DEBUG]: Updated parameter [motorPowerSet.m4]
2021-03-19 15:45:01,700 [DEBUG]: Updated parameter [kalman.resetEstimation]
2021-03-19 15:45:01,704 [DEBUG]: Updated parameter [kalman.quadIsFlying]
2021-03-19 15:45:01,706 [DEBUG]: Updated parameter [kalman.pNAcc_xy]
2021-03-19 15:45:01,710 [DEBUG]: Updated parameter [kalman.pNAcc_z]
2021-03-19 15:45:01,713 [DEBUG]: Updated parameter [kalman.pNVel]
2021-03-19 15:45:01,716 [DEBUG]: Updated parameter [kalman.pNPos]
2021-03-19 15:45:01,720 [DEBUG]: Updated parameter [kalman.pNAtt]
2021-03-19 15:45:01,723 [DEBUG]: Updated parameter [kalman.mNBaro]
2021-03-19 15:45:01,727 [DEBUG]: Updated parameter [kalman.mNGyro_rollpitch]
2021-03-19 15:45:01,730 [DEBUG]: Updated parameter [kalman.mNGyro_yaw]
2021-03-19 15:45:01,734 [DEBUG]: Updated parameter [kalman.initialX]
2021-03-19 15:45:01,737 [DEBUG]: Updated parameter [kalman.initialY]
2021-03-19 15:45:01,740 [DEBUG]: Updated parameter [kalman.initialZ]
2021-03-19 15:45:01,743 [DEBUG]: Updated parameter [kalman.initialYaw]
2021-03-19 15:45:01,746 [DEBUG]: Updated parameter [kalman.maxPos]
2021-03-19 15:45:01,750 [DEBUG]: Updated parameter [kalman.maxVel]
2021-03-19 15:45:01,753 [DEBUG]: Updated parameter [deck.bcLedRing]
2021-03-19 15:45:01,756 [DEBUG]: Updated parameter [deck.bcBuzzer]
2021-03-19 15:45:01,760 [DEBUG]: Updated parameter [deck.bcGTGPS]
2021-03-19 15:45:01,763 [DEBUG]: Updated parameter [deck.bcCPPM]
2021-03-19 15:45:01,767 [DEBUG]: Updated parameter [deck.bcUSD]
2021-03-19 15:45:01,770 [DEBUG]: Updated parameter [deck.bcZRanger]
2021-03-19 15:45:01,773 [DEBUG]: Updated parameter [deck.bcZRanger2]
2021-03-19 15:45:01,776 [DEBUG]: Updated parameter [deck.bcDWM1000]
2021-03-19 15:45:01,780 [DEBUG]: Updated parameter [deck.bcFlow]
2021-03-19 15:45:01,783 [DEBUG]: Updated parameter [deck.bcFlow2]
2021-03-19 15:45:01,787 [DEBUG]: Updated parameter [deck.bcOA]
2021-03-19 15:45:01,790 [DEBUG]: Updated parameter [deck.bcMultiranger]
2021-03-19 15:45:01,793 [DEBUG]: Updated parameter [deck.bdLighthouse4]
2021-03-19 15:45:01,796 [DEBUG]: Updated parameter [ring.effect]
2021-03-19 15:45:01,809 [DEBUG]: Updated parameter [ring.neffect]
2021-03-19 15:45:01,812 [DEBUG]: Updated parameter [ring.solidRed]
2021-03-19 15:45:01,816 [DEBUG]: Updated parameter [ring.solidGreen]
2021-03-19 15:45:01,819 [DEBUG]: Updated parameter [ring.solidBlue]
2021-03-19 15:45:01,822 [DEBUG]: Updated parameter [ring.headlightEnable]
2021-03-19 15:45:01,825 [DEBUG]: Updated parameter [ring.glowstep]
2021-03-19 15:45:01,829 [DEBUG]: Updated parameter [ring.emptyCharge]
2021-03-19 15:45:01,832 [DEBUG]: Updated parameter [ring.fullCharge]
2021-03-19 15:45:01,835 [DEBUG]: Updated parameter [ring.fadeColor]
2021-03-19 15:45:01,839 [DEBUG]: Updated parameter [ring.fadeTime]
2021-03-19 15:45:01,842 [DEBUG]: Updated parameter [usd.logging]
2021-03-19 15:45:01,845 [DEBUG]: Updated parameter [loco.mode]
2021-03-19 15:45:01,848 [DEBUG]: Updated parameter [tdoa3.logId]
2021-03-19 15:45:01,851 [DEBUG]: Updated parameter [tdoa3.logOthrId]
2021-03-19 15:45:01,855 [DEBUG]: Updated parameter [motion.disable]
2021-03-19 15:45:01,859 [DEBUG]: Updated parameter [activeMarker.front]
2021-03-19 15:45:01,862 [DEBUG]: Updated parameter [activeMarker.back]
2021-03-19 15:45:01,866 [DEBUG]: Updated parameter [activeMarker.left]
2021-03-19 15:45:01,869 [DEBUG]: Updated parameter [activeMarker.right]
2021-03-19 15:45:01,873 [DEBUG]: Updated parameter [firmware.revision0]
2021-03-19 15:45:01,876 [DEBUG]: Updated parameter [firmware.revision1]
2021-03-19 15:45:01,879 [DEBUG]: Updated parameter [firmware.modified]
2021-03-19 15:45:01,882 [DEBUG]: Updated parameter [kalman.resetEstimation]
