2020-12-21 17:05:32,957 [INFO]: Connecting to the Vicon...
2020-12-21 17:05:32,958 [INFO]: Connected to Vicon!
2020-12-21 17:05:32,958 [INFO]: Setting up the buffer...
2020-12-21 17:05:32,958 [INFO]: Buffer of 1000 frames created.
2020-12-21 17:05:32,958 [INFO]: Enabling data types...
2020-12-21 17:05:32,959 [DEBUG]: Segments: True
2020-12-21 17:05:32,959 [DEBUG]: Markers: True
2020-12-21 17:05:32,959 [DEBUG]: Unlabeled Markers: True
2020-12-21 17:05:32,959 [DEBUG]: Marker Rays: True
2020-12-21 17:05:32,959 [DEBUG]: Devices: True
2020-12-21 17:05:32,959 [DEBUG]: Centroids: True 
2020-12-21 17:05:32,959 [INFO]: Testing stream modes...
2020-12-21 17:05:32,959 [INFO]: Getting a frame in ClientPull mode...
2020-12-21 17:05:33,959 [ERROR]: Error using ClientPull mode. 
 NoFrame
2020-12-21 17:05:33,959 [INFO]: Getting a frame in PreFetch mode...
2020-12-21 17:05:34,962 [ERROR]: Error using ClientPreFetch mode. 
 NoFrame
2020-12-21 17:05:34,962 [INFO]: Getting a frame in ServerPush mode...
2020-12-21 17:05:34,963 [DEBUG]: Fetched! Pulled frame number: 1178164
2020-12-21 17:05:34,963 [INFO]: ServerPush mode set.
2020-12-21 17:05:34,963 [INFO]: Getting available framerates...
2020-12-21 17:05:34,963 [INFO]: Current frame rate: 100.0 Hz.
2020-12-21 17:05:34,963 [INFO]: Frame rates available: 
2020-12-21 17:05:34,963 [INFO]: Process Rate : 99 Hz 

2020-12-21 17:05:34,964 [INFO]: Setting axis...
2020-12-21 17:05:34,964 [INFO]: X Axis: AxisMapping.EForward
2020-12-21 17:05:34,964 [INFO]: Y Axis: AxisMapping.ELeft
2020-12-21 17:05:34,964 [INFO]: Z Axis: AxisMapping.EUp
2020-12-21 17:05:34,964 [INFO]: Initializing drivers...
2020-12-21 17:05:34,964 [INFO]: Drivers initialized.
2020-12-21 17:05:34,964 [INFO]: Connecting to the Crazyflie...
2020-12-21 17:05:34,964 [DEBUG]: Adding callback on port [6] to [<bound method Localization._incoming of <cflib.crazyflie.localization.Localization object at 0x0000024F2DBAD048>>]
2020-12-21 17:05:34,964 [DEBUG]: Adding callback on port [5] to [<bound method Log._new_packet_cb of <cflib.crazyflie.log.Log object at 0x0000024F2DBAD148>>]
2020-12-21 17:05:34,964 [DEBUG]: Adding callback on port [0] to [<bound method Console.incoming of <cflib.crazyflie.console.Console object at 0x0000024F2DBAD208>>]
2020-12-21 17:05:34,965 [DEBUG]: Adding callback on port [2] to [<bound method _ParamUpdater._new_packet_cb of <_ParamUpdater(Thread-2, initial daemon)>>]
2020-12-21 17:05:34,965 [DEBUG]: Adding callback on port [4] to [<bound method Memory._new_packet_cb of <cflib.crazyflie.mem.Memory object at 0x0000024F2DBAD588>>]
2020-12-21 17:05:34,965 [DEBUG]: Adding callback on port [13] to [<bound method PlatformService._platform_callback of <cflib.crazyflie.platformservice.PlatformService object at 0x0000024F2DBAD6C8>>]
2020-12-21 17:05:34,965 [DEBUG]: Adding callback on port [15] to [<bound method PlatformService._crt_service_callback of <cflib.crazyflie.platformservice.PlatformService object at 0x0000024F2DBAD6C8>>]
