2021-01-15 11:47:47,692 [INFO]: Connecting to the Vicon...
2021-01-15 11:47:47,694 [INFO]: Connected to Vicon!
2021-01-15 11:47:47,694 [INFO]: Setting up the buffer...
2021-01-15 11:47:47,694 [INFO]: Buffer of 1000 frames created.
2021-01-15 11:47:47,694 [INFO]: Enabling data types...
2021-01-15 11:47:47,694 [DEBUG]: Segments: True
2021-01-15 11:47:47,695 [DEBUG]: Markers: True
2021-01-15 11:47:47,695 [DEBUG]: Unlabeled Markers: True
2021-01-15 11:47:47,695 [DEBUG]: Marker Rays: True
2021-01-15 11:47:47,695 [DEBUG]: Devices: True
2021-01-15 11:47:47,695 [DEBUG]: Centroids: True 
2021-01-15 11:47:47,695 [INFO]: Testing stream modes...
2021-01-15 11:47:47,695 [INFO]: Getting a frame in ClientPull mode...
2021-01-15 11:47:48,696 [ERROR]: Error using ClientPull mode. --> NoFrame
2021-01-15 11:47:48,696 [INFO]: Getting a frame in PreFetch mode...
2021-01-15 11:47:49,698 [ERROR]: Error using ClientPreFetch mode. --> NoFrame
2021-01-15 11:47:49,698 [INFO]: Getting a frame in ServerPush mode...
2021-01-15 11:47:49,699 [DEBUG]: Fetched! Pulled frame number: 580828
2021-01-15 11:47:49,699 [INFO]: ServerPush mode set.
2021-01-15 11:47:49,699 [INFO]: Getting available framerates...
2021-01-15 11:47:49,700 [INFO]: Current Vicon frame rate: 100.0 Hz.
2021-01-15 11:47:49,700 [INFO]: Available frame rates: 
2021-01-15 11:47:49,700 [INFO]: Process Rate : 100 Hz 

2021-01-15 11:47:49,700 [INFO]: Setting axis...
2021-01-15 11:47:49,701 [INFO]: X Axis: AxisMapping.EForward
2021-01-15 11:47:49,701 [INFO]: Y Axis: AxisMapping.ELeft
2021-01-15 11:47:49,701 [INFO]: Z Axis: AxisMapping.EUp
2021-01-15 11:47:49,701 [INFO]: Initializing drivers...
2021-01-15 11:47:49,701 [INFO]: Drivers initialized.
2021-01-15 11:47:49,702 [INFO]: Connecting to the Crazyflie...
2021-01-15 11:47:49,702 [DEBUG]: Adding callback on port [6] to [<bound method Localization._incoming of <cflib.crazyflie.localization.Localization object at 0x00000151EACA64C8>>]
2021-01-15 11:47:49,702 [DEBUG]: Adding callback on port [5] to [<bound method Log._new_packet_cb of <cflib.crazyflie.log.Log object at 0x00000151EACA6688>>]
2021-01-15 11:47:49,702 [DEBUG]: Adding callback on port [0] to [<bound method Console.incoming of <cflib.crazyflie.console.Console object at 0x00000151EACA6748>>]
2021-01-15 11:47:49,703 [DEBUG]: Adding callback on port [2] to [<bound method _ParamUpdater._new_packet_cb of <_ParamUpdater(Thread-7, initial daemon)>>]
2021-01-15 11:47:49,704 [DEBUG]: Adding callback on port [4] to [<bound method Memory._new_packet_cb of <cflib.crazyflie.mem.Memory object at 0x00000151E899DD48>>]
2021-01-15 11:47:49,704 [DEBUG]: Adding callback on port [13] to [<bound method PlatformService._platform_callback of <cflib.crazyflie.platformservice.PlatformService object at 0x00000151EACA6C48>>]
2021-01-15 11:47:49,705 [DEBUG]: Adding callback on port [15] to [<bound method PlatformService._crt_service_callback of <cflib.crazyflie.platformservice.PlatformService object at 0x00000151EACA6C48>>]
2021-01-15 11:47:49,705 [INFO]: Active Wand v2 (Origin Tracking) has the following segments: ['Root']
2021-01-15 11:47:49,705 [INFO]: Active Wand v2 (Origin Tracking) has root: Root
2021-01-15 11:47:49,705 [INFO]: Crazyflie has the following segments: ['Crazyflie']
2021-01-15 11:47:49,706 [INFO]: Crazyflie has root: Crazyflie
2021-01-15 11:47:49,707 [DEBUG]: Drone rotation matrix from Vicon: [ 0.32788284  0.94453041 -0.01884548] [-0.94348711  0.32840848  0.04449665] [0.04821745 0.00319078 0.99883177] 
2021-01-15 11:47:49,712 [DEBUG]: Drone Euler XYZ from Vicon to deg: (-2.55076546426316, -2.55076546426316, -2.55076546426316)
2021-01-15 11:47:49,712 [DEBUG]: Drone Euler XYZ from Vicon to rad: (-0.0007770075942048896, -0.0007770075942048896, -0.0007770075942048896)
2021-01-15 11:47:49,713 [DEBUG]: Drone rotation matrix from Vicon: [ 0.32788284  0.94453041 -0.01884548] [-0.94348711  0.32840848  0.04449665] [0.04821745 0.00319078 0.99883177] 
2021-01-15 11:47:49,715 [DEBUG]: Drone Euler XYZ from Vicon to deg: (-2.55076546426316, -2.55076546426316, -2.55076546426316)
2021-01-15 11:47:49,715 [DEBUG]: Drone Euler XYZ from Vicon to rad: (-0.0007770075942048896, -0.0007770075942048896, -0.0007770075942048896)
2021-01-15 11:47:49,716 [DEBUG]: Drone rotation matrix from Vicon: [ 0.32788284  0.94453041 -0.01884548] [-0.94348711  0.32840848  0.04449665] [0.04821745 0.00319078 0.99883177] 
2021-01-15 11:47:49,718 [DEBUG]: Drone Euler XYZ from Vicon to deg: (-2.55076546426316, -2.55076546426316, -2.55076546426316)
2021-01-15 11:47:49,718 [DEBUG]: Drone Euler XYZ from Vicon to rad: (-0.0007770075942048896, -0.0007770075942048896, -0.0007770075942048896)
2021-01-15 11:47:49,719 [DEBUG]: Drone rotation matrix from Vicon: [ 0.32788284  0.94453041 -0.01884548] [-0.94348711  0.32840848  0.04449665] [0.04821745 0.00319078 0.99883177] 
2021-01-15 11:47:49,720 [DEBUG]: Drone Euler XYZ from Vicon to deg: (-2.55076546426316, -2.55076546426316, -2.55076546426316)
2021-01-15 11:47:49,720 [DEBUG]: Drone Euler XYZ from Vicon to rad: (-0.0007770075942048896, -0.0007770075942048896, -0.0007770075942048896)
2021-01-15 11:47:49,721 [DEBUG]: Drone rotation matrix from Vicon: [ 0.32788284  0.94453041 -0.01884548] [-0.94348711  0.32840848  0.04449665] [0.04821745 0.00319078 0.99883177] 
2021-01-15 11:47:49,722 [DEBUG]: Drone Euler XYZ from Vicon to deg: (-2.55076546426316, -2.55076546426316, -2.55076546426316)
2021-01-15 11:47:49,722 [DEBUG]: Drone Euler XYZ from Vicon to rad: (-0.0007770075942048896, -0.0007770075942048896, -0.0007770075942048896)
2021-01-15 11:47:49,723 [DEBUG]: Drone rotation matrix from Vicon: [ 0.32788284  0.94453041 -0.01884548] [-0.94348711  0.32840848  0.04449665] [0.04821745 0.00319078 0.99883177] 
2021-01-15 11:47:49,724 [DEBUG]: Drone Euler XYZ from Vicon to deg: (-2.55076546426316, -2.55076546426316, -2.55076546426316)
2021-01-15 11:47:49,724 [DEBUG]: Drone Euler XYZ from Vicon to rad: (-0.0007770075942048896, -0.0007770075942048896, -0.0007770075942048896)
2021-01-15 11:47:49,725 [DEBUG]: Drone rotation matrix from Vicon: [ 0.32788284  0.94453041 -0.01884548] [-0.94348711  0.32840848  0.04449665] [0.04821745 0.00319078 0.99883177] 
2021-01-15 11:47:49,726 [DEBUG]: Drone Euler XYZ from Vicon to deg: (-2.55076546426316, -2.55076546426316, -2.55076546426316)
2021-01-15 11:47:49,726 [DEBUG]: Drone Euler XYZ from Vicon to rad: (-0.0007770075942048896, -0.0007770075942048896, -0.0007770075942048896)
2021-01-15 11:47:49,727 [DEBUG]: Drone rotation matrix from Vicon: [ 0.32788284  0.94453041 -0.01884548] [-0.94348711  0.32840848  0.04449665] [0.04821745 0.00319078 0.99883177] 
2021-01-15 11:47:49,728 [DEBUG]: Drone Euler XYZ from Vicon to deg: (-2.55076546426316, -2.55076546426316, -2.55076546426316)
2021-01-15 11:47:49,728 [DEBUG]: Drone Euler XYZ from Vicon to rad: (-0.0007770075942048896, -0.0007770075942048896, -0.0007770075942048896)
2021-01-15 11:47:49,729 [DEBUG]: Drone rotation matrix from Vicon: [ 0.32788284  0.94453041 -0.01884548] [-0.94348711  0.32840848  0.04449665] [0.04821745 0.00319078 0.99883177] 
2021-01-15 11:47:49,730 [DEBUG]: Drone Euler XYZ from Vicon to deg: (-2.55076546426316, -2.55076546426316, -2.55076546426316)
2021-01-15 11:47:49,730 [DEBUG]: Drone Euler XYZ from Vicon to rad: (-0.0007770075942048896, -0.0007770075942048896, -0.0007770075942048896)
2021-01-15 11:47:49,731 [DEBUG]: Drone rotation matrix from Vicon: [ 0.32788284  0.94453041 -0.01884548] [-0.94348711  0.32840848  0.04449665] [0.04821745 0.00319078 0.99883177] 
2021-01-15 11:47:49,732 [DEBUG]: Drone Euler XYZ from Vicon to deg: (-2.55076546426316, -2.55076546426316, -2.55076546426316)
2021-01-15 11:47:49,732 [DEBUG]: Drone Euler XYZ from Vicon to rad: (-0.0007770075942048896, -0.0007770075942048896, -0.0007770075942048896)
