2021-03-19 17:13:34,191 [DEBUG]: Adding callback on port [6] to [<bound method Localization._incoming of <cflib.crazyflie.localization.Localization object at 0x000001CFBD5010C8>>]
2021-03-19 17:13:34,192 [DEBUG]: Adding callback on port [5] to [<bound method Log._new_packet_cb of <cflib.crazyflie.log.Log object at 0x000001CFBD5015C8>>]
2021-03-19 17:13:34,192 [DEBUG]: Adding callback on port [0] to [<bound method Console.incoming of <cflib.crazyflie.console.Console object at 0x000001CFBD0D1608>>]
2021-03-19 17:13:34,192 [DEBUG]: Adding callback on port [2] to [<bound method _ParamUpdater._new_packet_cb of <_ParamUpdater(Thread-2, initial daemon)>>]
2021-03-19 17:13:34,193 [DEBUG]: Adding callback on port [4] to [<bound method Memory._new_packet_cb of <cflib.crazyflie.mem.Memory object at 0x000001CFBD501C48>>]
2021-03-19 17:13:34,193 [DEBUG]: Adding callback on port [13] to [<bound method PlatformService._platform_callback of <cflib.crazyflie.platformservice.PlatformService object at 0x000001CFBD501D88>>]
2021-03-19 17:13:34,193 [DEBUG]: Adding callback on port [15] to [<bound method PlatformService._crt_service_callback of <cflib.crazyflie.platformservice.PlatformService object at 0x000001CFBD501D88>>]
2021-03-19 17:13:34,193 [INFO]: Callback->Connection initialized[radio://0/80/2M]
2021-03-19 17:13:34,197 [INFO]: We are connected[radio://0/80/2M], request connection setup
2021-03-19 17:13:34,204 [INFO]: Callback->Connected to [radio://0/80/2M]
2021-03-19 17:13:34,259 [INFO]: Protocol  version: 4
2021-03-19 17:13:34,262 [DEBUG]: Logging reset, continue with TOC download
2021-03-19 17:13:34,262 [DEBUG]: [5]: Using V2 protocol: 1
2021-03-19 17:13:34,262 [DEBUG]: [5]: Start fetching...
2021-03-19 17:13:34,263 [DEBUG]: Adding callback on port [5] to [<bound method TocFetcher._new_packet_cb of <cflib.crazyflie.toc.TocFetcher object at 0x000001CFBD51D288>>]
2021-03-19 17:13:34,265 [DEBUG]: [5]: Got TOC CRC, 317 items and crc=0x05C5AF70
2021-03-19 17:13:34,268 [INFO]: TOC for port [5] found in cache
2021-03-19 17:13:34,269 [DEBUG]: Removing callback on port [5] to [<bound method TocFetcher._new_packet_cb of <cflib.crazyflie.toc.TocFetcher object at 0x000001CFBD51D288>>]
2021-03-19 17:13:34,269 [DEBUG]: [5]: Done!
2021-03-19 17:13:34,269 [INFO]: Log TOC finished updating
2021-03-19 17:13:34,269 [DEBUG]: Requesting number of memories
2021-03-19 17:13:34,271 [INFO]: 9 memories found
2021-03-19 17:13:34,271 [DEBUG]: Requesting first id
2021-03-19 17:13:34,275 [DEBUG]: Requesting information about memory 1
2021-03-19 17:13:34,280 [DEBUG]: Memory: id=1, type=LED driver, size=24
2021-03-19 17:13:34,280 [DEBUG]: Requesting information about memory 2
2021-03-19 17:13:34,284 [DEBUG]: Memory: id=2, type=Loco Positioning, size=6144
2021-03-19 17:13:34,284 [DEBUG]: Requesting information about memory 3
2021-03-19 17:13:34,288 [DEBUG]: Memory: id=3, type=Trajectory, size=4096
2021-03-19 17:13:34,288 [DEBUG]: Requesting information about memory 4
2021-03-19 17:13:34,293 [DEBUG]: Memory: id=4, type=Loco Positioning 2, size=69632
2021-03-19 17:13:34,293 [DEBUG]: Requesting information about memory 5
2021-03-19 17:13:34,297 [DEBUG]: Memory: id=5, type=Lighthouse positioning, size=96
2021-03-19 17:13:34,297 [DEBUG]: Requesting information about memory 6
2021-03-19 17:13:34,301 [DEBUG]: Memory: id=6, type=Memory tester, size=4096
2021-03-19 17:13:34,301 [DEBUG]: Requesting information about memory 7
2021-03-19 17:13:34,305 [DEBUG]: Memory: id=7, type=Unknown, size=0
2021-03-19 17:13:34,305 [DEBUG]: Requesting information about memory 8
2021-03-19 17:13:34,310 [DEBUG]: Done getting all the memories, start reading the OWs
2021-03-19 17:13:34,310 [DEBUG]: Updating content of memory 8
2021-03-19 17:13:34,310 [DEBUG]: Requesting new chunk of 11bytes at 0x0
2021-03-19 17:13:34,315 [DEBUG]: READ: Mem=8, addr=0x0, status=0x0, data=(235, 12, 0, 0, 0, 188, 15, 205, 0, 12, 1)
2021-03-19 17:13:34,315 [DEBUG]: READING: We are still interested in request for mem 8
2021-03-19 17:13:34,315 [DEBUG]: Requesting new chunk of 15bytes at 0x8
2021-03-19 17:13:34,320 [DEBUG]: READ: Mem=8, addr=0x8, status=0x0, data=(0, 12, 1, 7, 98, 99, 70, 108, 111, 119, 50, 2, 1, 65, 84)
2021-03-19 17:13:34,321 [DEBUG]: READING: We are still interested in request for mem 8
2021-03-19 17:13:34,321 [DEBUG]: OW 0DD9203F00000040 (BC:0F): {'Board name': 'bcFlow2', 'Board revision': 'A'}
2021-03-19 17:13:34,321 [INFO]: Memories finished updating
2021-03-19 17:13:34,321 [DEBUG]: [2]: Using V2 protocol: 1
2021-03-19 17:13:34,321 [DEBUG]: [2]: Start fetching...
2021-03-19 17:13:34,321 [DEBUG]: Adding callback on port [2] to [<bound method TocFetcher._new_packet_cb of <cflib.crazyflie.toc.TocFetcher object at 0x000001CFBD553048>>]
2021-03-19 17:13:34,324 [DEBUG]: [2]: Got TOC CRC, 164 items and crc=0x1042AFA8
2021-03-19 17:13:34,326 [INFO]: TOC for port [2] found in cache
2021-03-19 17:13:34,326 [DEBUG]: Removing callback on port [2] to [<bound method TocFetcher._new_packet_cb of <cflib.crazyflie.toc.TocFetcher object at 0x000001CFBD553048>>]
2021-03-19 17:13:34,326 [DEBUG]: [2]: Done!
2021-03-19 17:13:34,326 [INFO]: Param TOC finished updating
2021-03-19 17:13:34,326 [INFO]: Callback->Connection setup finished [radio://0/80/2M]
2021-03-19 17:13:34,327 [DEBUG]: Requesting request to update param [6]
2021-03-19 17:13:34,327 [DEBUG]: Requesting request to update param [1]
2021-03-19 17:13:34,327 [DEBUG]: Requesting request to update param [2]
2021-03-19 17:13:34,327 [DEBUG]: Requesting request to update param [3]
2021-03-19 17:13:34,327 [DEBUG]: Requesting request to update param [4]
2021-03-19 17:13:34,327 [DEBUG]: Requesting request to update param [5]
2021-03-19 17:13:34,327 [DEBUG]: Requesting request to update param [7]
2021-03-19 17:13:34,327 [DEBUG]: Requesting request to update param [8]
2021-03-19 17:13:34,327 [DEBUG]: Requesting request to update param [9]
2021-03-19 17:13:34,327 [DEBUG]: Requesting request to update param [10]
2021-03-19 17:13:34,327 [DEBUG]: Requesting request to update param [11]
2021-03-19 17:13:34,327 [DEBUG]: Requesting request to update param [16]
2021-03-19 17:13:34,327 [DEBUG]: Requesting request to update param [12]
2021-03-19 17:13:34,327 [DEBUG]: Requesting request to update param [13]
2021-03-19 17:13:34,327 [DEBUG]: Requesting request to update param [14]
2021-03-19 17:13:34,327 [DEBUG]: Requesting request to update param [15]
2021-03-19 17:13:34,328 [DEBUG]: Adding stateEstimate.x with id=121 and type=0x77
2021-03-19 17:13:34,328 [DEBUG]: Requesting request to update param [17]
2021-03-19 17:13:34,328 [DEBUG]: Adding stateEstimate.y with id=122 and type=0x77
2021-03-19 17:13:34,328 [DEBUG]: Adding log block id 1
2021-03-19 17:13:34,328 [DEBUG]: Requesting request to update param [18]
2021-03-19 17:13:34,328 [DEBUG]: First time block is started, add block
2021-03-19 17:13:34,329 [DEBUG]: Requesting request to update param [19]
2021-03-19 17:13:34,329 [DEBUG]: Requesting request to update param [20]
2021-03-19 17:13:34,329 [DEBUG]: Requesting request to update param [21]
2021-03-19 17:13:34,329 [DEBUG]: Requesting request to update param [22]
2021-03-19 17:13:34,329 [DEBUG]: Requesting request to update param [23]
2021-03-19 17:13:34,329 [DEBUG]: Requesting request to update param [24]
2021-03-19 17:13:34,329 [DEBUG]: Requesting request to update param [25]
2021-03-19 17:13:34,329 [DEBUG]: Requesting request to update param [26]
2021-03-19 17:13:34,329 [DEBUG]: Requesting request to update param [27]
2021-03-19 17:13:34,329 [DEBUG]: Requesting request to update param [28]
2021-03-19 17:13:34,329 [DEBUG]: Requesting request to update param [29]
2021-03-19 17:13:34,329 [DEBUG]: Requesting request to update param [30]
2021-03-19 17:13:34,329 [DEBUG]: Requesting request to update param [31]
2021-03-19 17:13:34,330 [DEBUG]: Requesting request to update param [32]
2021-03-19 17:13:34,330 [DEBUG]: Requesting request to update param [33]
2021-03-19 17:13:34,330 [DEBUG]: Requesting request to update param [34]
2021-03-19 17:13:34,330 [DEBUG]: Requesting request to update param [35]
2021-03-19 17:13:34,330 [DEBUG]: Requesting request to update param [36]
2021-03-19 17:13:34,330 [DEBUG]: Requesting request to update param [37]
2021-03-19 17:13:34,330 [DEBUG]: Requesting request to update param [38]
2021-03-19 17:13:34,330 [DEBUG]: Requesting request to update param [39]
2021-03-19 17:13:34,330 [DEBUG]: Requesting request to update param [40]
2021-03-19 17:13:34,330 [DEBUG]: Requesting request to update param [41]
2021-03-19 17:13:34,330 [DEBUG]: Requesting request to update param [42]
2021-03-19 17:13:34,330 [DEBUG]: Requesting request to update param [43]
2021-03-19 17:13:34,330 [DEBUG]: Requesting request to update param [44]
2021-03-19 17:13:34,330 [DEBUG]: Requesting request to update param [45]
2021-03-19 17:13:34,330 [DEBUG]: Requesting request to update param [46]
2021-03-19 17:13:34,330 [DEBUG]: Requesting request to update param [47]
2021-03-19 17:13:34,330 [DEBUG]: Requesting request to update param [48]
2021-03-19 17:13:34,330 [DEBUG]: Requesting request to update param [49]
2021-03-19 17:13:34,330 [DEBUG]: Requesting request to update param [50]
2021-03-19 17:13:34,331 [DEBUG]: Requesting request to update param [51]
2021-03-19 17:13:34,331 [DEBUG]: Requesting request to update param [52]
2021-03-19 17:13:34,331 [DEBUG]: Requesting request to update param [53]
2021-03-19 17:13:34,331 [DEBUG]: Requesting request to update param [54]
2021-03-19 17:13:34,331 [DEBUG]: Requesting request to update param [55]
2021-03-19 17:13:34,331 [DEBUG]: Requesting request to update param [56]
2021-03-19 17:13:34,331 [DEBUG]: Requesting request to update param [57]
2021-03-19 17:13:34,331 [DEBUG]: Requesting request to update param [58]
2021-03-19 17:13:34,331 [DEBUG]: Requesting request to update param [59]
2021-03-19 17:13:34,331 [DEBUG]: Requesting request to update param [60]
2021-03-19 17:13:34,331 [DEBUG]: Requesting request to update param [61]
2021-03-19 17:13:34,331 [DEBUG]: Requesting request to update param [62]
2021-03-19 17:13:34,331 [DEBUG]: Requesting request to update param [63]
2021-03-19 17:13:34,331 [DEBUG]: Requesting request to update param [64]
2021-03-19 17:13:34,331 [DEBUG]: Requesting request to update param [65]
2021-03-19 17:13:34,331 [DEBUG]: Requesting request to update param [66]
2021-03-19 17:13:34,331 [DEBUG]: Requesting request to update param [67]
2021-03-19 17:13:34,331 [DEBUG]: Requesting request to update param [68]
2021-03-19 17:13:34,331 [DEBUG]: Requesting request to update param [69]
2021-03-19 17:13:34,332 [DEBUG]: Requesting request to update param [70]
2021-03-19 17:13:34,332 [DEBUG]: Requesting request to update param [71]
2021-03-19 17:13:34,332 [DEBUG]: Requesting request to update param [72]
2021-03-19 17:13:34,332 [DEBUG]: Requesting request to update param [73]
2021-03-19 17:13:34,332 [DEBUG]: Requesting request to update param [74]
2021-03-19 17:13:34,332 [DEBUG]: Requesting request to update param [75]
2021-03-19 17:13:34,332 [DEBUG]: Requesting request to update param [76]
2021-03-19 17:13:34,332 [DEBUG]: Requesting request to update param [77]
2021-03-19 17:13:34,332 [DEBUG]: Requesting request to update param [78]
2021-03-19 17:13:34,332 [DEBUG]: Requesting request to update param [79]
2021-03-19 17:13:34,333 [DEBUG]: Requesting request to update param [80]
2021-03-19 17:13:34,333 [DEBUG]: Requesting request to update param [81]
2021-03-19 17:13:34,333 [DEBUG]: Requesting request to update param [82]
2021-03-19 17:13:34,333 [DEBUG]: Requesting request to update param [83]
2021-03-19 17:13:34,333 [DEBUG]: Requesting request to update param [84]
2021-03-19 17:13:34,333 [DEBUG]: Requesting request to update param [85]
2021-03-19 17:13:34,333 [DEBUG]: Requesting request to update param [86]
2021-03-19 17:13:34,333 [DEBUG]: Requesting request to update param [87]
2021-03-19 17:13:34,333 [DEBUG]: Requesting request to update param [88]
2021-03-19 17:13:34,333 [DEBUG]: Requesting request to update param [89]
2021-03-19 17:13:34,333 [DEBUG]: Requesting request to update param [90]
2021-03-19 17:13:34,333 [DEBUG]: Requesting request to update param [91]
2021-03-19 17:13:34,333 [DEBUG]: Requesting request to update param [92]
2021-03-19 17:13:34,333 [DEBUG]: Requesting request to update param [93]
2021-03-19 17:13:34,334 [DEBUG]: Requesting request to update param [94]
2021-03-19 17:13:34,334 [DEBUG]: Requesting request to update param [95]
2021-03-19 17:13:34,334 [DEBUG]: Requesting request to update param [96]
2021-03-19 17:13:34,334 [DEBUG]: Requesting request to update param [97]
2021-03-19 17:13:34,334 [DEBUG]: Requesting request to update param [98]
2021-03-19 17:13:34,334 [DEBUG]: Requesting request to update param [99]
2021-03-19 17:13:34,334 [DEBUG]: Requesting request to update param [100]
2021-03-19 17:13:34,334 [DEBUG]: Requesting request to update param [101]
2021-03-19 17:13:34,334 [DEBUG]: Requesting request to update param [102]
2021-03-19 17:13:34,334 [DEBUG]: Requesting request to update param [103]
2021-03-19 17:13:34,334 [DEBUG]: Requesting request to update param [104]
2021-03-19 17:13:34,334 [DEBUG]: Requesting request to update param [105]
2021-03-19 17:13:34,335 [DEBUG]: Requesting request to update param [106]
2021-03-19 17:13:34,335 [DEBUG]: Requesting request to update param [107]
2021-03-19 17:13:34,335 [DEBUG]: Requesting request to update param [108]
2021-03-19 17:13:34,335 [DEBUG]: Requesting request to update param [109]
2021-03-19 17:13:34,335 [DEBUG]: Requesting request to update param [110]
2021-03-19 17:13:34,335 [DEBUG]: Requesting request to update param [111]
2021-03-19 17:13:34,335 [DEBUG]: Requesting request to update param [112]
2021-03-19 17:13:34,335 [DEBUG]: Requesting request to update param [113]
2021-03-19 17:13:34,336 [DEBUG]: Requesting request to update param [114]
2021-03-19 17:13:34,336 [DEBUG]: Requesting request to update param [115]
2021-03-19 17:13:34,336 [DEBUG]: Requesting request to update param [116]
2021-03-19 17:13:34,336 [DEBUG]: Requesting request to update param [117]
2021-03-19 17:13:34,336 [DEBUG]: Requesting request to update param [118]
2021-03-19 17:13:34,336 [DEBUG]: Requesting request to update param [119]
2021-03-19 17:13:34,336 [DEBUG]: Requesting request to update param [120]
2021-03-19 17:13:34,336 [DEBUG]: Requesting request to update param [121]
2021-03-19 17:13:34,336 [DEBUG]: Requesting request to update param [122]
2021-03-19 17:13:34,336 [DEBUG]: Requesting request to update param [123]
2021-03-19 17:13:34,336 [DEBUG]: Requesting request to update param [124]
2021-03-19 17:13:34,336 [DEBUG]: Requesting request to update param [125]
2021-03-19 17:13:34,336 [DEBUG]: Requesting request to update param [126]
2021-03-19 17:13:34,337 [DEBUG]: Requesting request to update param [127]
2021-03-19 17:13:34,337 [DEBUG]: Requesting request to update param [128]
2021-03-19 17:13:34,337 [DEBUG]: Requesting request to update param [140]
2021-03-19 17:13:34,337 [DEBUG]: Requesting request to update param [141]
2021-03-19 17:13:34,337 [DEBUG]: Requesting request to update param [142]
2021-03-19 17:13:34,337 [DEBUG]: Requesting request to update param [143]
2021-03-19 17:13:34,337 [DEBUG]: Requesting request to update param [145]
2021-03-19 17:13:34,337 [DEBUG]: Requesting request to update param [146]
2021-03-19 17:13:34,337 [DEBUG]: Requesting request to update param [147]
2021-03-19 17:13:34,337 [DEBUG]: Requesting request to update param [151]
2021-03-19 17:13:34,337 [DEBUG]: Requesting request to update param [152]
2021-03-19 17:13:34,337 [DEBUG]: Requesting request to update param [154]
2021-03-19 17:13:34,337 [DEBUG]: Requesting request to update param [155]
2021-03-19 17:13:34,337 [DEBUG]: Requesting request to update param [156]
2021-03-19 17:13:34,337 [DEBUG]: Requesting request to update param [129]
2021-03-19 17:13:34,337 [DEBUG]: Requesting request to update param [130]
2021-03-19 17:13:34,337 [DEBUG]: Requesting request to update param [131]
2021-03-19 17:13:34,337 [DEBUG]: Requesting request to update param [132]
2021-03-19 17:13:34,337 [DEBUG]: Requesting request to update param [133]
2021-03-19 17:13:34,337 [DEBUG]: Requesting request to update param [134]
2021-03-19 17:13:34,338 [DEBUG]: Requesting request to update param [135]
2021-03-19 17:13:34,338 [DEBUG]: Requesting request to update param [136]
2021-03-19 17:13:34,338 [DEBUG]: Requesting request to update param [137]
2021-03-19 17:13:34,338 [DEBUG]: Requesting request to update param [138]
2021-03-19 17:13:34,338 [DEBUG]: Requesting request to update param [139]
2021-03-19 17:13:34,338 [DEBUG]: Requesting request to update param [144]
2021-03-19 17:13:34,338 [DEBUG]: Requesting request to update param [148]
2021-03-19 17:13:34,338 [DEBUG]: Requesting request to update param [149]
2021-03-19 17:13:34,338 [DEBUG]: Requesting request to update param [150]
2021-03-19 17:13:34,338 [DEBUG]: Requesting request to update param [153]
2021-03-19 17:13:34,338 [DEBUG]: Requesting request to update param [157]
2021-03-19 17:13:34,338 [DEBUG]: Requesting request to update param [158]
2021-03-19 17:13:34,338 [DEBUG]: Requesting request to update param [159]
2021-03-19 17:13:34,338 [DEBUG]: Requesting request to update param [160]
2021-03-19 17:13:34,339 [DEBUG]: Requesting request to update param [161]
2021-03-19 17:13:34,339 [DEBUG]: Requesting request to update param [162]
2021-03-19 17:13:34,339 [DEBUG]: Requesting request to update param [163]
2021-03-19 17:13:34,341 [DEBUG]: Updated parameter [imu_sensors.BMP388]
2021-03-19 17:13:34,342 [DEBUG]: Have successfully added id=1
2021-03-19 17:13:34,344 [DEBUG]: Updated parameter [imu_sensors.HMC5883L]
2021-03-19 17:13:34,345 [INFO]: Have successfully started logging for id=1
2021-03-19 17:13:34,348 [DEBUG]: Updated parameter [imu_sensors.MS5611]
2021-03-19 17:13:34,352 [DEBUG]: Updated parameter [imu_tests.MPU6500]
2021-03-19 17:13:34,355 [DEBUG]: Updated parameter [imu_tests.HMC5883L]
2021-03-19 17:13:34,358 [DEBUG]: Updated parameter [imu_tests.MS5611]
2021-03-19 17:13:34,362 [DEBUG]: Updated parameter [cpu.flash]
2021-03-19 17:13:34,365 [DEBUG]: Updated parameter [cpu.id0]
2021-03-19 17:13:34,369 [DEBUG]: Updated parameter [cpu.id1]
2021-03-19 17:13:34,373 [DEBUG]: Updated parameter [cpu.id2]
2021-03-19 17:13:34,376 [DEBUG]: Updated parameter [system.selftestPassed]
2021-03-19 17:13:34,379 [DEBUG]: Updated parameter [system.taskDump]
2021-03-19 17:13:34,382 [DEBUG]: Updated parameter [sound.effect]
2021-03-19 17:13:34,385 [DEBUG]: Updated parameter [sound.neffect]
2021-03-19 17:13:34,389 [DEBUG]: Updated parameter [sound.freq]
2021-03-19 17:13:34,392 [DEBUG]: Updated parameter [sound.ratio]
2021-03-19 17:13:34,395 [DEBUG]: Updated parameter [memTst.resetW]
2021-03-19 17:13:34,398 [DEBUG]: Updated parameter [commander.enHighLevel]
2021-03-19 17:13:34,401 [DEBUG]: Updated parameter [kalman.resetEstimation]
2021-03-19 17:13:34,404 [DEBUG]: Updated parameter [flightmode.althold]
2021-03-19 17:13:34,407 [DEBUG]: Updated parameter [flightmode.poshold]
2021-03-19 17:13:34,412 [DEBUG]: Updated parameter [flightmode.posSet]
2021-03-19 17:13:34,415 [DEBUG]: Updated parameter [flightmode.yawMode]
2021-03-19 17:13:34,419 [DEBUG]: Updated parameter [flightmode.yawRst]
2021-03-19 17:13:34,422 [DEBUG]: Updated parameter [flightmode.stabModeRoll]
2021-03-19 17:13:34,425 [DEBUG]: Updated parameter [flightmode.stabModePitch]
2021-03-19 17:13:34,428 [DEBUG]: Updated parameter [flightmode.stabModeYaw]
2021-03-19 17:13:34,432 [DEBUG]: Updated parameter [cmdrCPPM.rateRoll]
2021-03-19 17:13:34,435 [DEBUG]: Updated parameter [cmdrCPPM.ratePitch]
2021-03-19 17:13:34,438 [DEBUG]: Updated parameter [cmdrCPPM.rateYaw]
2021-03-19 17:13:34,442 [DEBUG]: Updated parameter [cmdrCPPM.angRoll]
2021-03-19 17:13:34,445 [DEBUG]: Updated parameter [cmdrCPPM.angPitch]
2021-03-19 17:13:34,449 [DEBUG]: Updated parameter [locSrv.enRangeStreamFP32]
2021-03-19 17:13:34,453 [DEBUG]: Updated parameter [locSrv.extPosStdDev]
2021-03-19 17:13:34,467 [DEBUG]: Updated parameter [locSrv.extQuatStdDev]
2021-03-19 17:13:34,471 [DEBUG]: Updated parameter [pid_attitude.roll_kp]
2021-03-19 17:13:34,475 [DEBUG]: Updated parameter [pid_attitude.roll_ki]
2021-03-19 17:13:34,478 [DEBUG]: Updated parameter [pid_attitude.roll_kd]
2021-03-19 17:13:34,482 [DEBUG]: Updated parameter [pid_attitude.pitch_kp]
2021-03-19 17:13:34,486 [DEBUG]: Updated parameter [pid_attitude.pitch_ki]
2021-03-19 17:13:34,490 [DEBUG]: Updated parameter [pid_attitude.pitch_kd]
2021-03-19 17:13:34,493 [DEBUG]: Updated parameter [pid_attitude.yaw_kp]
2021-03-19 17:13:34,497 [DEBUG]: Updated parameter [pid_attitude.yaw_ki]
2021-03-19 17:13:34,500 [DEBUG]: Updated parameter [pid_attitude.yaw_kd]
2021-03-19 17:13:34,504 [DEBUG]: Updated parameter [pid_rate.roll_kp]
2021-03-19 17:13:34,507 [DEBUG]: Updated parameter [pid_rate.roll_ki]
2021-03-19 17:13:34,510 [DEBUG]: Updated parameter [pid_rate.roll_kd]
2021-03-19 17:13:34,514 [DEBUG]: Updated parameter [pid_rate.pitch_kp]
2021-03-19 17:13:34,517 [DEBUG]: Updated parameter [pid_rate.pitch_ki]
2021-03-19 17:13:34,521 [DEBUG]: Updated parameter [pid_rate.pitch_kd]
2021-03-19 17:13:34,524 [DEBUG]: Updated parameter [pid_rate.yaw_kp]
2021-03-19 17:13:34,527 [DEBUG]: Updated parameter [pid_rate.yaw_ki]
2021-03-19 17:13:34,531 [DEBUG]: Updated parameter [pid_rate.yaw_kd]
2021-03-19 17:13:34,534 [DEBUG]: Updated parameter [sensfusion6.kp]
2021-03-19 17:13:34,537 [DEBUG]: Updated parameter [sensfusion6.ki]
2021-03-19 17:13:34,540 [DEBUG]: Updated parameter [sensfusion6.baseZacc]
2021-03-19 17:13:34,543 [DEBUG]: Updated parameter [health.startPropTest]
2021-03-19 17:13:34,547 [DEBUG]: Updated parameter [stabilizer.estimator]
2021-03-19 17:13:34,550 [DEBUG]: Updated parameter [stabilizer.controller]
2021-03-19 17:13:34,554 [DEBUG]: Updated parameter [posEstAlt.estAlphaAsl]
2021-03-19 17:13:34,558 [DEBUG]: Updated parameter [posEstAlt.estAlphaZr]
2021-03-19 17:13:34,562 [DEBUG]: Updated parameter [posEstAlt.velFactor]
2021-03-19 17:13:34,565 [DEBUG]: Updated parameter [posEstAlt.velZAlpha]
2021-03-19 17:13:34,568 [DEBUG]: Updated parameter [posEstAlt.vAccDeadband]
2021-03-19 17:13:34,572 [DEBUG]: Updated parameter [posCtlPid.xKp]
2021-03-19 17:13:34,575 [DEBUG]: Updated parameter [posCtlPid.xKi]
2021-03-19 17:13:34,578 [DEBUG]: Updated parameter [posCtlPid.xKd]
2021-03-19 17:13:34,582 [DEBUG]: Updated parameter [posCtlPid.yKp]
2021-03-19 17:13:34,585 [DEBUG]: Updated parameter [posCtlPid.yKi]
2021-03-19 17:13:34,597 [DEBUG]: Updated parameter [posCtlPid.yKd]
2021-03-19 17:13:34,601 [DEBUG]: Updated parameter [posCtlPid.zKp]
2021-03-19 17:13:34,605 [DEBUG]: Updated parameter [posCtlPid.zKi]
2021-03-19 17:13:34,608 [DEBUG]: Updated parameter [posCtlPid.zKd]
2021-03-19 17:13:34,612 [DEBUG]: Updated parameter [posCtlPid.thrustBase]
2021-03-19 17:13:34,615 [DEBUG]: Updated parameter [posCtlPid.thrustMin]
2021-03-19 17:13:34,619 [DEBUG]: Updated parameter [posCtlPid.rpLimit]
2021-03-19 17:13:34,622 [DEBUG]: Updated parameter [posCtlPid.xyVelMax]
2021-03-19 17:13:34,626 [DEBUG]: Updated parameter [posCtlPid.zVelMax]
2021-03-19 17:13:34,629 [DEBUG]: Updated parameter [velCtlPid.vxKp]
2021-03-19 17:13:34,633 [DEBUG]: Updated parameter [velCtlPid.vxKi]
2021-03-19 17:13:34,635 [DEBUG]: Updated parameter [velCtlPid.vxKd]
2021-03-19 17:13:34,638 [DEBUG]: Updated parameter [velCtlPid.vyKp]
2021-03-19 17:13:34,641 [DEBUG]: Updated parameter [velCtlPid.vyKi]
2021-03-19 17:13:34,645 [DEBUG]: Updated parameter [velCtlPid.vyKd]
2021-03-19 17:13:34,648 [DEBUG]: Updated parameter [velCtlPid.vzKp]
2021-03-19 17:13:34,651 [DEBUG]: Updated parameter [velCtlPid.vzKi]
2021-03-19 17:13:34,655 [DEBUG]: Updated parameter [velCtlPid.vzKd]
2021-03-19 17:13:34,659 [DEBUG]: Updated parameter [controller.tiltComp]
2021-03-19 17:13:34,662 [DEBUG]: Updated parameter [ctrlMel.kp_xy]
2021-03-19 17:13:34,665 [DEBUG]: Updated parameter [ctrlMel.kd_xy]
2021-03-19 17:13:34,668 [DEBUG]: Updated parameter [ctrlMel.ki_xy]
2021-03-19 17:13:34,672 [DEBUG]: Updated parameter [ctrlMel.i_range_xy]
2021-03-19 17:13:34,675 [DEBUG]: Updated parameter [ctrlMel.kp_z]
2021-03-19 17:13:34,678 [DEBUG]: Updated parameter [ctrlMel.kd_z]
2021-03-19 17:13:34,682 [DEBUG]: Updated parameter [ctrlMel.ki_z]
2021-03-19 17:13:34,685 [DEBUG]: Updated parameter [ctrlMel.i_range_z]
2021-03-19 17:13:34,688 [DEBUG]: Updated parameter [ctrlMel.mass]
2021-03-19 17:13:34,692 [DEBUG]: Updated parameter [ctrlMel.massThrust]
2021-03-19 17:13:34,696 [DEBUG]: Updated parameter [ctrlMel.kR_xy]
2021-03-19 17:13:34,700 [DEBUG]: Updated parameter [ctrlMel.kR_z]
2021-03-19 17:13:34,703 [DEBUG]: Updated parameter [ctrlMel.kw_xy]
2021-03-19 17:13:34,707 [DEBUG]: Updated parameter [ctrlMel.kw_z]
2021-03-19 17:13:34,711 [DEBUG]: Updated parameter [ctrlMel.ki_m_xy]
2021-03-19 17:13:34,714 [DEBUG]: Updated parameter [ctrlMel.ki_m_z]
2021-03-19 17:13:34,718 [DEBUG]: Updated parameter [ctrlMel.kd_omega_rp]
2021-03-19 17:13:34,730 [DEBUG]: Updated parameter [ctrlMel.i_range_m_xy]
2021-03-19 17:13:34,733 [DEBUG]: Updated parameter [ctrlMel.i_range_m_z]
2021-03-19 17:13:34,736 [DEBUG]: Updated parameter [motorPowerSet.enable]
2021-03-19 17:13:34,740 [DEBUG]: Updated parameter [motorPowerSet.m1]
2021-03-19 17:13:34,743 [DEBUG]: Updated parameter [motorPowerSet.m2]
2021-03-19 17:13:34,746 [DEBUG]: Updated parameter [motorPowerSet.m3]
2021-03-19 17:13:34,749 [DEBUG]: Updated parameter [motorPowerSet.m4]
2021-03-19 17:13:34,753 [DEBUG]: Updated parameter [kalman.resetEstimation]
2021-03-19 17:13:34,757 [DEBUG]: Updated parameter [kalman.quadIsFlying]
2021-03-19 17:13:34,761 [DEBUG]: Updated parameter [kalman.pNAcc_xy]
2021-03-19 17:13:34,764 [DEBUG]: Updated parameter [kalman.pNAcc_z]
2021-03-19 17:13:34,767 [DEBUG]: Updated parameter [kalman.pNVel]
2021-03-19 17:13:34,772 [DEBUG]: Updated parameter [kalman.pNPos]
2021-03-19 17:13:34,775 [DEBUG]: Updated parameter [kalman.pNAtt]
2021-03-19 17:13:34,778 [DEBUG]: Updated parameter [kalman.mNBaro]
2021-03-19 17:13:34,781 [DEBUG]: Updated parameter [kalman.mNGyro_rollpitch]
2021-03-19 17:13:34,785 [DEBUG]: Updated parameter [kalman.mNGyro_yaw]
2021-03-19 17:13:34,788 [DEBUG]: Updated parameter [kalman.initialX]
2021-03-19 17:13:34,792 [DEBUG]: Updated parameter [kalman.initialY]
2021-03-19 17:13:34,796 [DEBUG]: Updated parameter [kalman.initialZ]
2021-03-19 17:13:34,799 [DEBUG]: Updated parameter [kalman.initialYaw]
2021-03-19 17:13:34,803 [DEBUG]: Updated parameter [kalman.maxPos]
2021-03-19 17:13:34,807 [DEBUG]: Updated parameter [kalman.maxVel]
2021-03-19 17:13:34,810 [DEBUG]: Updated parameter [deck.bcLedRing]
2021-03-19 17:13:34,814 [DEBUG]: Updated parameter [deck.bcBuzzer]
2021-03-19 17:13:34,817 [DEBUG]: Updated parameter [deck.bcGTGPS]
2021-03-19 17:13:34,820 [DEBUG]: Updated parameter [deck.bcCPPM]
2021-03-19 17:13:34,824 [DEBUG]: Updated parameter [deck.bcUSD]
2021-03-19 17:13:34,827 [DEBUG]: Updated parameter [deck.bcZRanger]
2021-03-19 17:13:34,831 [DEBUG]: Updated parameter [deck.bcZRanger2]
2021-03-19 17:13:34,834 [DEBUG]: Updated parameter [deck.bcDWM1000]
2021-03-19 17:13:34,838 [DEBUG]: Updated parameter [deck.bcFlow]
2021-03-19 17:13:34,841 [DEBUG]: Updated parameter [deck.bcFlow2]
2021-03-19 17:13:34,845 [DEBUG]: Updated parameter [deck.bcOA]
2021-03-19 17:13:34,848 [DEBUG]: Updated parameter [deck.bcMultiranger]
2021-03-19 17:13:34,851 [DEBUG]: Updated parameter [deck.bdLighthouse4]
2021-03-19 17:13:34,863 [DEBUG]: Updated parameter [ring.effect]
2021-03-19 17:13:34,867 [DEBUG]: Updated parameter [ring.neffect]
2021-03-19 17:13:34,872 [DEBUG]: Updated parameter [ring.solidRed]
2021-03-19 17:13:34,875 [DEBUG]: Updated parameter [ring.solidGreen]
2021-03-19 17:13:34,878 [DEBUG]: Updated parameter [ring.solidBlue]
2021-03-19 17:13:34,881 [DEBUG]: Updated parameter [ring.headlightEnable]
2021-03-19 17:13:34,885 [DEBUG]: Updated parameter [ring.glowstep]
2021-03-19 17:13:34,889 [DEBUG]: Updated parameter [ring.emptyCharge]
2021-03-19 17:13:34,893 [DEBUG]: Updated parameter [ring.fullCharge]
2021-03-19 17:13:34,896 [DEBUG]: Updated parameter [ring.fadeColor]
2021-03-19 17:13:34,899 [DEBUG]: Updated parameter [ring.fadeTime]
2021-03-19 17:13:34,902 [DEBUG]: Updated parameter [usd.logging]
2021-03-19 17:13:34,905 [DEBUG]: Updated parameter [loco.mode]
2021-03-19 17:13:34,909 [DEBUG]: Updated parameter [tdoa3.logId]
2021-03-19 17:13:34,912 [DEBUG]: Updated parameter [tdoa3.logOthrId]
2021-03-19 17:13:34,915 [DEBUG]: Updated parameter [motion.disable]
2021-03-19 17:13:34,918 [DEBUG]: Updated parameter [activeMarker.front]
2021-03-19 17:13:34,921 [DEBUG]: Updated parameter [activeMarker.back]
2021-03-19 17:13:34,925 [DEBUG]: Updated parameter [activeMarker.left]
2021-03-19 17:13:34,928 [DEBUG]: Updated parameter [activeMarker.right]
2021-03-19 17:13:34,931 [DEBUG]: Updated parameter [firmware.revision0]
2021-03-19 17:13:34,934 [DEBUG]: Updated parameter [firmware.revision1]
2021-03-19 17:13:34,937 [DEBUG]: Updated parameter [firmware.modified]
2021-03-19 17:13:34,941 [DEBUG]: Updated parameter [kalman.resetEstimation]
