2021-01-15 10:50:49,772 [INFO]: Connecting to the Vicon...
2021-01-15 10:50:49,774 [INFO]: Connected to Vicon!
2021-01-15 10:50:49,774 [INFO]: Setting up the buffer...
2021-01-15 10:50:49,774 [INFO]: Buffer of 1000 frames created.
2021-01-15 10:50:49,774 [INFO]: Enabling data types...
2021-01-15 10:50:49,774 [DEBUG]: Segments: True
2021-01-15 10:50:49,774 [DEBUG]: Markers: True
2021-01-15 10:50:49,775 [DEBUG]: Unlabeled Markers: True
2021-01-15 10:50:49,775 [DEBUG]: Marker Rays: True
2021-01-15 10:50:49,775 [DEBUG]: Devices: True
2021-01-15 10:50:49,775 [DEBUG]: Centroids: True 
2021-01-15 10:50:49,775 [INFO]: Testing stream modes...
2021-01-15 10:50:49,776 [INFO]: Getting a frame in ClientPull mode...
2021-01-15 10:50:50,777 [ERROR]: Error using ClientPull mode. --> NoFrame
2021-01-15 10:50:50,778 [INFO]: Getting a frame in PreFetch mode...
2021-01-15 10:50:51,779 [ERROR]: Error using ClientPreFetch mode. --> NoFrame
2021-01-15 10:50:51,779 [INFO]: Getting a frame in ServerPush mode...
2021-01-15 10:50:51,779 [DEBUG]: Fetched! Pulled frame number: 239038
2021-01-15 10:50:51,780 [INFO]: ServerPush mode set.
2021-01-15 10:50:51,780 [INFO]: Getting available framerates...
2021-01-15 10:50:51,780 [INFO]: Current frame rate: 100.0 Hz.
2021-01-15 10:50:51,780 [INFO]: Frame rates available: 
2021-01-15 10:50:51,780 [INFO]: Process Rate : 99 Hz 

2021-01-15 10:50:51,781 [INFO]: Setting axis...
2021-01-15 10:50:51,781 [INFO]: X Axis: AxisMapping.EForward
2021-01-15 10:50:51,781 [INFO]: Y Axis: AxisMapping.ELeft
2021-01-15 10:50:51,781 [INFO]: Z Axis: AxisMapping.EUp
2021-01-15 10:50:51,781 [INFO]: Initializing drivers...
2021-01-15 10:50:51,781 [INFO]: Drivers initialized.
2021-01-15 10:50:51,782 [INFO]: Connecting to the Crazyflie...
2021-01-15 10:50:51,782 [DEBUG]: Adding callback on port [6] to [<bound method Localization._incoming of <cflib.crazyflie.localization.Localization object at 0x00000256B064B6C8>>]
2021-01-15 10:50:51,782 [DEBUG]: Adding callback on port [5] to [<bound method Log._new_packet_cb of <cflib.crazyflie.log.Log object at 0x00000256B063EE88>>]
2021-01-15 10:50:51,782 [DEBUG]: Adding callback on port [0] to [<bound method Console.incoming of <cflib.crazyflie.console.Console object at 0x00000256B064B808>>]
2021-01-15 10:50:51,783 [DEBUG]: Adding callback on port [2] to [<bound method _ParamUpdater._new_packet_cb of <_ParamUpdater(Thread-7, initial daemon)>>]
2021-01-15 10:50:51,784 [DEBUG]: Adding callback on port [4] to [<bound method Memory._new_packet_cb of <cflib.crazyflie.mem.Memory object at 0x00000256B064BCC8>>]
2021-01-15 10:50:51,784 [DEBUG]: Adding callback on port [13] to [<bound method PlatformService._platform_callback of <cflib.crazyflie.platformservice.PlatformService object at 0x00000256B064BE48>>]
2021-01-15 10:50:51,784 [DEBUG]: Adding callback on port [15] to [<bound method PlatformService._crt_service_callback of <cflib.crazyflie.platformservice.PlatformService object at 0x00000256B064BE48>>]
2021-01-15 10:50:51,785 [INFO]: Active Wand v2 (Origin Tracking) has the following segments: ['Root']
2021-01-15 10:50:51,785 [INFO]: Active Wand v2 (Origin Tracking) has root: Root
2021-01-15 10:50:51,785 [INFO]: Crazyflie has the following segments: ['Crazyflie']
2021-01-15 10:50:51,785 [INFO]: Crazyflie has root: Crazyflie
