2021-03-19 15:47:39,202 [DEBUG]: Adding callback on port [6] to [<bound method Localization._incoming of <cflib.crazyflie.localization.Localization object at 0x000002485E481048>>]
2021-03-19 15:47:39,202 [DEBUG]: Adding callback on port [5] to [<bound method Log._new_packet_cb of <cflib.crazyflie.log.Log object at 0x000002485E481408>>]
2021-03-19 15:47:39,202 [DEBUG]: Adding callback on port [0] to [<bound method Console.incoming of <cflib.crazyflie.console.Console object at 0x000002485E481948>>]
2021-03-19 15:47:39,203 [DEBUG]: Adding callback on port [2] to [<bound method _ParamUpdater._new_packet_cb of <_ParamUpdater(Thread-2, initial daemon)>>]
2021-03-19 15:47:39,203 [DEBUG]: Adding callback on port [4] to [<bound method Memory._new_packet_cb of <cflib.crazyflie.mem.Memory object at 0x000002485E481CC8>>]
2021-03-19 15:47:39,203 [DEBUG]: Adding callback on port [13] to [<bound method PlatformService._platform_callback of <cflib.crazyflie.platformservice.PlatformService object at 0x000002485DF7DD48>>]
2021-03-19 15:47:39,204 [DEBUG]: Adding callback on port [15] to [<bound method PlatformService._crt_service_callback of <cflib.crazyflie.platformservice.PlatformService object at 0x000002485DF7DD48>>]
2021-03-19 15:47:39,204 [INFO]: Callback->Connection initialized[radio://0/80/2M]
2021-03-19 15:47:39,208 [INFO]: We are connected[radio://0/80/2M], request connection setup
2021-03-19 15:47:39,209 [INFO]: Callback->Connected to [radio://0/80/2M]
2021-03-19 15:47:39,212 [WARNING]: Error no LogEntry to handle id=1
2021-03-19 15:47:39,213 [WARNING]: Error no LogEntry to handle id=2
2021-03-19 15:47:39,218 [INFO]: Protocol  version: 4
2021-03-19 15:47:39,221 [DEBUG]: Logging reset, continue with TOC download
2021-03-19 15:47:39,221 [DEBUG]: [5]: Using V2 protocol: 1
2021-03-19 15:47:39,221 [DEBUG]: [5]: Start fetching...
2021-03-19 15:47:39,221 [DEBUG]: Adding callback on port [5] to [<bound method TocFetcher._new_packet_cb of <cflib.crazyflie.toc.TocFetcher object at 0x000002485E49F0C8>>]
2021-03-19 15:47:39,224 [DEBUG]: [5]: Got TOC CRC, 317 items and crc=0x05C5AF70
2021-03-19 15:47:39,228 [INFO]: TOC for port [5] found in cache
2021-03-19 15:47:39,228 [DEBUG]: Removing callback on port [5] to [<bound method TocFetcher._new_packet_cb of <cflib.crazyflie.toc.TocFetcher object at 0x000002485E49F0C8>>]
2021-03-19 15:47:39,228 [DEBUG]: [5]: Done!
2021-03-19 15:47:39,228 [INFO]: Log TOC finished updating
2021-03-19 15:47:39,228 [DEBUG]: Requesting number of memories
2021-03-19 15:47:39,231 [INFO]: 9 memories found
2021-03-19 15:47:39,231 [DEBUG]: Requesting first id
2021-03-19 15:47:39,236 [DEBUG]: Requesting information about memory 1
2021-03-19 15:47:39,239 [DEBUG]: Memory: id=1, type=LED driver, size=24
2021-03-19 15:47:39,239 [DEBUG]: Requesting information about memory 2
2021-03-19 15:47:39,244 [DEBUG]: Memory: id=2, type=Loco Positioning, size=6144
2021-03-19 15:47:39,244 [DEBUG]: Requesting information about memory 3
2021-03-19 15:47:39,248 [DEBUG]: Memory: id=3, type=Trajectory, size=4096
2021-03-19 15:47:39,248 [DEBUG]: Requesting information about memory 4
2021-03-19 15:47:39,252 [DEBUG]: Memory: id=4, type=Loco Positioning 2, size=69632
2021-03-19 15:47:39,252 [DEBUG]: Requesting information about memory 5
2021-03-19 15:47:39,256 [DEBUG]: Memory: id=5, type=Lighthouse positioning, size=96
2021-03-19 15:47:39,256 [DEBUG]: Requesting information about memory 6
2021-03-19 15:47:39,260 [DEBUG]: Memory: id=6, type=Memory tester, size=4096
2021-03-19 15:47:39,260 [DEBUG]: Requesting information about memory 7
2021-03-19 15:47:39,265 [DEBUG]: Memory: id=7, type=Unknown, size=0
2021-03-19 15:47:39,265 [DEBUG]: Requesting information about memory 8
2021-03-19 15:47:39,269 [DEBUG]: Done getting all the memories, start reading the OWs
2021-03-19 15:47:39,269 [DEBUG]: Updating content of memory 8
2021-03-19 15:47:39,269 [DEBUG]: Requesting new chunk of 11bytes at 0x0
2021-03-19 15:47:39,274 [DEBUG]: READ: Mem=8, addr=0x0, status=0x0, data=(235, 12, 0, 0, 0, 188, 15, 205, 0, 12, 1)
2021-03-19 15:47:39,274 [DEBUG]: READING: We are still interested in request for mem 8
2021-03-19 15:47:39,274 [DEBUG]: Requesting new chunk of 15bytes at 0x8
2021-03-19 15:47:39,281 [DEBUG]: READ: Mem=8, addr=0x8, status=0x0, data=(0, 12, 1, 7, 98, 99, 70, 108, 111, 119, 50, 2, 1, 65, 84)
2021-03-19 15:47:39,281 [DEBUG]: READING: We are still interested in request for mem 8
2021-03-19 15:47:39,281 [DEBUG]: OW 0DD9203F00000040 (BC:0F): {'Board name': 'bcFlow2', 'Board revision': 'A'}
2021-03-19 15:47:39,281 [INFO]: Memories finished updating
2021-03-19 15:47:39,281 [DEBUG]: [2]: Using V2 protocol: 1
2021-03-19 15:47:39,281 [DEBUG]: [2]: Start fetching...
2021-03-19 15:47:39,281 [DEBUG]: Adding callback on port [2] to [<bound method TocFetcher._new_packet_cb of <cflib.crazyflie.toc.TocFetcher object at 0x000002485E4D4288>>]
2021-03-19 15:47:39,284 [DEBUG]: [2]: Got TOC CRC, 164 items and crc=0x1042AFA8
2021-03-19 15:47:39,286 [INFO]: TOC for port [2] found in cache
2021-03-19 15:47:39,286 [DEBUG]: Removing callback on port [2] to [<bound method TocFetcher._new_packet_cb of <cflib.crazyflie.toc.TocFetcher object at 0x000002485E4D4288>>]
2021-03-19 15:47:39,286 [DEBUG]: [2]: Done!
2021-03-19 15:47:39,286 [INFO]: Param TOC finished updating
2021-03-19 15:47:39,286 [INFO]: Callback->Connection setup finished [radio://0/80/2M]
2021-03-19 15:47:39,286 [DEBUG]: Requesting request to update param [6]
2021-03-19 15:47:39,287 [DEBUG]: Adding stateEstimate.x with id=121 and type=0x77
2021-03-19 15:47:39,287 [DEBUG]: Requesting request to update param [1]
2021-03-19 15:47:39,287 [DEBUG]: Adding stateEstimate.y with id=122 and type=0x77
2021-03-19 15:47:39,287 [DEBUG]: Requesting request to update param [2]
2021-03-19 15:47:39,287 [DEBUG]: Adding log block id 1
2021-03-19 15:47:39,287 [DEBUG]: Requesting request to update param [3]
2021-03-19 15:47:39,287 [DEBUG]: Requesting request to update param [4]
2021-03-19 15:47:39,288 [DEBUG]: Requesting request to update param [5]
2021-03-19 15:47:39,288 [DEBUG]: Requesting request to update param [7]
2021-03-19 15:47:39,288 [DEBUG]: Requesting request to update param [8]
2021-03-19 15:47:39,288 [DEBUG]: Requesting request to update param [9]
2021-03-19 15:47:39,288 [DEBUG]: Requesting request to update param [10]
2021-03-19 15:47:39,288 [DEBUG]: Requesting request to update param [11]
2021-03-19 15:47:39,288 [DEBUG]: Requesting request to update param [16]
2021-03-19 15:47:39,288 [DEBUG]: First time block is started, add block
2021-03-19 15:47:39,288 [DEBUG]: Requesting request to update param [12]
2021-03-19 15:47:39,288 [DEBUG]: Requesting request to update param [13]
2021-03-19 15:47:39,289 [DEBUG]: Requesting request to update param [14]
2021-03-19 15:47:39,289 [DEBUG]: Requesting request to update param [15]
2021-03-19 15:47:39,289 [DEBUG]: Requesting request to update param [17]
2021-03-19 15:47:39,289 [DEBUG]: Requesting request to update param [18]
2021-03-19 15:47:39,289 [DEBUG]: Requesting request to update param [19]
2021-03-19 15:47:39,289 [DEBUG]: Requesting request to update param [20]
2021-03-19 15:47:39,289 [DEBUG]: Requesting request to update param [21]
2021-03-19 15:47:39,289 [DEBUG]: Requesting request to update param [22]
2021-03-19 15:47:39,289 [DEBUG]: Requesting request to update param [23]
2021-03-19 15:47:39,289 [DEBUG]: Requesting request to update param [24]
2021-03-19 15:47:39,289 [DEBUG]: Requesting request to update param [25]
2021-03-19 15:47:39,289 [DEBUG]: Requesting request to update param [26]
2021-03-19 15:47:39,289 [DEBUG]: Requesting request to update param [27]
2021-03-19 15:47:39,289 [DEBUG]: Requesting request to update param [28]
2021-03-19 15:47:39,290 [DEBUG]: Requesting request to update param [29]
2021-03-19 15:47:39,290 [DEBUG]: Requesting request to update param [30]
2021-03-19 15:47:39,290 [DEBUG]: Requesting request to update param [31]
2021-03-19 15:47:39,290 [DEBUG]: Requesting request to update param [32]
2021-03-19 15:47:39,290 [DEBUG]: Requesting request to update param [33]
2021-03-19 15:47:39,290 [DEBUG]: Requesting request to update param [34]
2021-03-19 15:47:39,290 [DEBUG]: Requesting request to update param [35]
2021-03-19 15:47:39,290 [DEBUG]: Requesting request to update param [36]
2021-03-19 15:47:39,290 [DEBUG]: Requesting request to update param [37]
2021-03-19 15:47:39,290 [DEBUG]: Requesting request to update param [38]
2021-03-19 15:47:39,290 [DEBUG]: Requesting request to update param [39]
2021-03-19 15:47:39,290 [DEBUG]: Requesting request to update param [40]
2021-03-19 15:47:39,291 [DEBUG]: Requesting request to update param [41]
2021-03-19 15:47:39,291 [DEBUG]: Requesting request to update param [42]
2021-03-19 15:47:39,291 [DEBUG]: Requesting request to update param [43]
2021-03-19 15:47:39,291 [DEBUG]: Requesting request to update param [44]
2021-03-19 15:47:39,291 [DEBUG]: Requesting request to update param [45]
2021-03-19 15:47:39,291 [DEBUG]: Requesting request to update param [46]
2021-03-19 15:47:39,291 [DEBUG]: Requesting request to update param [47]
2021-03-19 15:47:39,291 [DEBUG]: Requesting request to update param [48]
2021-03-19 15:47:39,291 [DEBUG]: Requesting request to update param [49]
2021-03-19 15:47:39,291 [DEBUG]: Requesting request to update param [50]
2021-03-19 15:47:39,291 [DEBUG]: Requesting request to update param [51]
2021-03-19 15:47:39,291 [DEBUG]: Requesting request to update param [52]
2021-03-19 15:47:39,291 [DEBUG]: Requesting request to update param [53]
2021-03-19 15:47:39,291 [DEBUG]: Requesting request to update param [54]
2021-03-19 15:47:39,291 [DEBUG]: Requesting request to update param [55]
2021-03-19 15:47:39,291 [DEBUG]: Requesting request to update param [56]
2021-03-19 15:47:39,291 [DEBUG]: Requesting request to update param [57]
2021-03-19 15:47:39,292 [DEBUG]: Requesting request to update param [58]
2021-03-19 15:47:39,292 [DEBUG]: Requesting request to update param [59]
2021-03-19 15:47:39,292 [DEBUG]: Requesting request to update param [60]
2021-03-19 15:47:39,292 [DEBUG]: Requesting request to update param [61]
2021-03-19 15:47:39,292 [DEBUG]: Requesting request to update param [62]
2021-03-19 15:47:39,292 [DEBUG]: Requesting request to update param [63]
2021-03-19 15:47:39,292 [DEBUG]: Requesting request to update param [64]
2021-03-19 15:47:39,292 [DEBUG]: Requesting request to update param [65]
2021-03-19 15:47:39,292 [DEBUG]: Requesting request to update param [66]
2021-03-19 15:47:39,292 [DEBUG]: Requesting request to update param [67]
2021-03-19 15:47:39,292 [DEBUG]: Requesting request to update param [68]
2021-03-19 15:47:39,292 [DEBUG]: Requesting request to update param [69]
2021-03-19 15:47:39,292 [DEBUG]: Requesting request to update param [70]
2021-03-19 15:47:39,292 [DEBUG]: Requesting request to update param [71]
2021-03-19 15:47:39,293 [DEBUG]: Requesting request to update param [72]
2021-03-19 15:47:39,293 [DEBUG]: Requesting request to update param [73]
2021-03-19 15:47:39,293 [DEBUG]: Requesting request to update param [74]
2021-03-19 15:47:39,293 [DEBUG]: Requesting request to update param [75]
2021-03-19 15:47:39,293 [DEBUG]: Requesting request to update param [76]
2021-03-19 15:47:39,293 [DEBUG]: Requesting request to update param [77]
2021-03-19 15:47:39,293 [DEBUG]: Requesting request to update param [78]
2021-03-19 15:47:39,293 [DEBUG]: Requesting request to update param [79]
2021-03-19 15:47:39,293 [DEBUG]: Requesting request to update param [80]
2021-03-19 15:47:39,293 [DEBUG]: Requesting request to update param [81]
2021-03-19 15:47:39,293 [DEBUG]: Requesting request to update param [82]
2021-03-19 15:47:39,293 [DEBUG]: Requesting request to update param [83]
2021-03-19 15:47:39,294 [DEBUG]: Requesting request to update param [84]
2021-03-19 15:47:39,294 [DEBUG]: Requesting request to update param [85]
2021-03-19 15:47:39,294 [DEBUG]: Requesting request to update param [86]
2021-03-19 15:47:39,294 [DEBUG]: Requesting request to update param [87]
2021-03-19 15:47:39,294 [DEBUG]: Requesting request to update param [88]
2021-03-19 15:47:39,294 [DEBUG]: Requesting request to update param [89]
2021-03-19 15:47:39,294 [DEBUG]: Requesting request to update param [90]
2021-03-19 15:47:39,294 [DEBUG]: Requesting request to update param [91]
2021-03-19 15:47:39,294 [DEBUG]: Requesting request to update param [92]
2021-03-19 15:47:39,294 [DEBUG]: Requesting request to update param [93]
2021-03-19 15:47:39,294 [DEBUG]: Requesting request to update param [94]
2021-03-19 15:47:39,294 [DEBUG]: Requesting request to update param [95]
2021-03-19 15:47:39,294 [DEBUG]: Requesting request to update param [96]
2021-03-19 15:47:39,294 [DEBUG]: Requesting request to update param [97]
2021-03-19 15:47:39,295 [DEBUG]: Requesting request to update param [98]
2021-03-19 15:47:39,295 [DEBUG]: Requesting request to update param [99]
2021-03-19 15:47:39,295 [DEBUG]: Requesting request to update param [100]
2021-03-19 15:47:39,295 [DEBUG]: Requesting request to update param [101]
2021-03-19 15:47:39,295 [DEBUG]: Requesting request to update param [102]
2021-03-19 15:47:39,295 [DEBUG]: Requesting request to update param [103]
2021-03-19 15:47:39,295 [DEBUG]: Requesting request to update param [104]
2021-03-19 15:47:39,295 [DEBUG]: Requesting request to update param [105]
2021-03-19 15:47:39,295 [DEBUG]: Requesting request to update param [106]
2021-03-19 15:47:39,295 [DEBUG]: Requesting request to update param [107]
2021-03-19 15:47:39,295 [DEBUG]: Requesting request to update param [108]
2021-03-19 15:47:39,295 [DEBUG]: Requesting request to update param [109]
2021-03-19 15:47:39,295 [DEBUG]: Requesting request to update param [110]
2021-03-19 15:47:39,295 [DEBUG]: Requesting request to update param [111]
2021-03-19 15:47:39,295 [DEBUG]: Requesting request to update param [112]
2021-03-19 15:47:39,296 [DEBUG]: Requesting request to update param [113]
2021-03-19 15:47:39,296 [DEBUG]: Requesting request to update param [114]
2021-03-19 15:47:39,296 [DEBUG]: Requesting request to update param [115]
2021-03-19 15:47:39,296 [DEBUG]: Requesting request to update param [116]
2021-03-19 15:47:39,296 [DEBUG]: Requesting request to update param [117]
2021-03-19 15:47:39,296 [DEBUG]: Requesting request to update param [118]
2021-03-19 15:47:39,296 [DEBUG]: Requesting request to update param [119]
2021-03-19 15:47:39,296 [DEBUG]: Requesting request to update param [120]
2021-03-19 15:47:39,296 [DEBUG]: Requesting request to update param [121]
2021-03-19 15:47:39,296 [DEBUG]: Requesting request to update param [122]
2021-03-19 15:47:39,296 [DEBUG]: Requesting request to update param [123]
2021-03-19 15:47:39,296 [DEBUG]: Requesting request to update param [124]
2021-03-19 15:47:39,296 [DEBUG]: Requesting request to update param [125]
2021-03-19 15:47:39,296 [DEBUG]: Requesting request to update param [126]
2021-03-19 15:47:39,296 [DEBUG]: Requesting request to update param [127]
2021-03-19 15:47:39,296 [DEBUG]: Requesting request to update param [128]
2021-03-19 15:47:39,297 [DEBUG]: Requesting request to update param [140]
2021-03-19 15:47:39,297 [DEBUG]: Requesting request to update param [141]
2021-03-19 15:47:39,297 [DEBUG]: Requesting request to update param [142]
2021-03-19 15:47:39,297 [DEBUG]: Requesting request to update param [143]
2021-03-19 15:47:39,297 [DEBUG]: Requesting request to update param [145]
2021-03-19 15:47:39,297 [DEBUG]: Requesting request to update param [146]
2021-03-19 15:47:39,297 [DEBUG]: Requesting request to update param [147]
2021-03-19 15:47:39,297 [DEBUG]: Requesting request to update param [151]
2021-03-19 15:47:39,297 [DEBUG]: Requesting request to update param [152]
2021-03-19 15:47:39,297 [DEBUG]: Requesting request to update param [154]
2021-03-19 15:47:39,297 [DEBUG]: Requesting request to update param [155]
2021-03-19 15:47:39,297 [DEBUG]: Requesting request to update param [156]
2021-03-19 15:47:39,297 [DEBUG]: Requesting request to update param [129]
2021-03-19 15:47:39,297 [DEBUG]: Requesting request to update param [130]
2021-03-19 15:47:39,297 [DEBUG]: Requesting request to update param [131]
2021-03-19 15:47:39,297 [DEBUG]: Requesting request to update param [132]
2021-03-19 15:47:39,298 [DEBUG]: Requesting request to update param [133]
2021-03-19 15:47:39,298 [DEBUG]: Requesting request to update param [134]
2021-03-19 15:47:39,298 [DEBUG]: Requesting request to update param [135]
2021-03-19 15:47:39,298 [DEBUG]: Requesting request to update param [136]
2021-03-19 15:47:39,298 [DEBUG]: Requesting request to update param [137]
2021-03-19 15:47:39,298 [DEBUG]: Requesting request to update param [138]
2021-03-19 15:47:39,298 [DEBUG]: Requesting request to update param [139]
2021-03-19 15:47:39,298 [DEBUG]: Requesting request to update param [144]
2021-03-19 15:47:39,298 [DEBUG]: Requesting request to update param [148]
2021-03-19 15:47:39,298 [DEBUG]: Requesting request to update param [149]
2021-03-19 15:47:39,298 [DEBUG]: Requesting request to update param [150]
2021-03-19 15:47:39,298 [DEBUG]: Requesting request to update param [153]
2021-03-19 15:47:39,298 [DEBUG]: Requesting request to update param [157]
2021-03-19 15:47:39,298 [DEBUG]: Requesting request to update param [158]
2021-03-19 15:47:39,298 [DEBUG]: Requesting request to update param [159]
2021-03-19 15:47:39,299 [DEBUG]: Requesting request to update param [160]
2021-03-19 15:47:39,299 [DEBUG]: Requesting request to update param [161]
2021-03-19 15:47:39,299 [DEBUG]: Requesting request to update param [162]
2021-03-19 15:47:39,299 [DEBUG]: Requesting request to update param [163]
2021-03-19 15:47:39,299 [DEBUG]: Updated parameter [imu_sensors.BMP388]
2021-03-19 15:47:39,299 [DEBUG]: Have successfully added id=1
2021-03-19 15:47:39,302 [INFO]: Have successfully started logging for id=1
2021-03-19 15:47:39,302 [DEBUG]: Updated parameter [imu_sensors.HMC5883L]
2021-03-19 15:47:39,305 [DEBUG]: Updated parameter [imu_sensors.MS5611]
2021-03-19 15:47:39,309 [DEBUG]: Updated parameter [imu_tests.MPU6500]
2021-03-19 15:47:39,312 [DEBUG]: Updated parameter [imu_tests.HMC5883L]
2021-03-19 15:47:39,316 [DEBUG]: Updated parameter [imu_tests.MS5611]
2021-03-19 15:47:39,319 [DEBUG]: Updated parameter [cpu.flash]
2021-03-19 15:47:39,331 [DEBUG]: Updated parameter [cpu.id0]
2021-03-19 15:47:39,335 [DEBUG]: Updated parameter [cpu.id1]
2021-03-19 15:47:39,338 [DEBUG]: Updated parameter [cpu.id2]
2021-03-19 15:47:39,341 [DEBUG]: Updated parameter [system.selftestPassed]
2021-03-19 15:47:39,344 [DEBUG]: Updated parameter [system.taskDump]
2021-03-19 15:47:39,347 [DEBUG]: Updated parameter [kalman.resetEstimation]
2021-03-19 15:47:39,351 [DEBUG]: Updated parameter [sound.effect]
2021-03-19 15:47:39,354 [DEBUG]: Updated parameter [sound.neffect]
2021-03-19 15:47:39,357 [DEBUG]: Updated parameter [sound.freq]
2021-03-19 15:47:39,360 [DEBUG]: Updated parameter [sound.ratio]
2021-03-19 15:47:39,363 [DEBUG]: Updated parameter [memTst.resetW]
2021-03-19 15:47:39,367 [DEBUG]: Updated parameter [commander.enHighLevel]
2021-03-19 15:47:39,370 [DEBUG]: Updated parameter [flightmode.althold]
2021-03-19 15:47:39,374 [DEBUG]: Updated parameter [flightmode.poshold]
2021-03-19 15:47:39,378 [DEBUG]: Updated parameter [flightmode.posSet]
2021-03-19 15:47:39,381 [DEBUG]: Updated parameter [flightmode.yawMode]
2021-03-19 15:47:39,384 [DEBUG]: Updated parameter [flightmode.yawRst]
2021-03-19 15:47:39,388 [DEBUG]: Updated parameter [flightmode.stabModeRoll]
2021-03-19 15:47:39,392 [DEBUG]: Updated parameter [flightmode.stabModePitch]
2021-03-19 15:47:39,397 [DEBUG]: Updated parameter [flightmode.stabModeYaw]
2021-03-19 15:47:39,401 [DEBUG]: Updated parameter [cmdrCPPM.rateRoll]
2021-03-19 15:47:39,406 [DEBUG]: Updated parameter [cmdrCPPM.ratePitch]
2021-03-19 15:47:39,409 [DEBUG]: Updated parameter [cmdrCPPM.rateYaw]
2021-03-19 15:47:39,413 [DEBUG]: Updated parameter [cmdrCPPM.angRoll]
2021-03-19 15:47:39,416 [DEBUG]: Updated parameter [cmdrCPPM.angPitch]
2021-03-19 15:47:39,420 [DEBUG]: Updated parameter [locSrv.enRangeStreamFP32]
2021-03-19 15:47:39,423 [DEBUG]: Updated parameter [locSrv.extPosStdDev]
2021-03-19 15:47:39,426 [DEBUG]: Updated parameter [locSrv.extQuatStdDev]
2021-03-19 15:47:39,430 [DEBUG]: Updated parameter [pid_attitude.roll_kp]
2021-03-19 15:47:39,433 [DEBUG]: Updated parameter [pid_attitude.roll_ki]
2021-03-19 15:47:39,437 [DEBUG]: Updated parameter [pid_attitude.roll_kd]
2021-03-19 15:47:39,441 [DEBUG]: Updated parameter [pid_attitude.pitch_kp]
2021-03-19 15:47:39,444 [DEBUG]: Updated parameter [pid_attitude.pitch_ki]
2021-03-19 15:47:39,447 [DEBUG]: Updated parameter [pid_attitude.pitch_kd]
2021-03-19 15:47:39,451 [DEBUG]: Updated parameter [pid_attitude.yaw_kp]
2021-03-19 15:47:39,454 [DEBUG]: Updated parameter [pid_attitude.yaw_ki]
2021-03-19 15:47:39,466 [DEBUG]: Updated parameter [pid_attitude.yaw_kd]
2021-03-19 15:47:39,469 [DEBUG]: Updated parameter [pid_rate.roll_kp]
2021-03-19 15:47:39,473 [DEBUG]: Updated parameter [pid_rate.roll_ki]
2021-03-19 15:47:39,477 [DEBUG]: Updated parameter [pid_rate.roll_kd]
2021-03-19 15:47:39,481 [DEBUG]: Updated parameter [pid_rate.pitch_kp]
2021-03-19 15:47:39,484 [DEBUG]: Updated parameter [pid_rate.pitch_ki]
2021-03-19 15:47:39,487 [DEBUG]: Updated parameter [pid_rate.pitch_kd]
2021-03-19 15:47:39,491 [DEBUG]: Updated parameter [pid_rate.yaw_kp]
2021-03-19 15:47:39,495 [DEBUG]: Updated parameter [pid_rate.yaw_ki]
2021-03-19 15:47:39,499 [DEBUG]: Updated parameter [pid_rate.yaw_kd]
2021-03-19 15:47:39,504 [DEBUG]: Updated parameter [sensfusion6.kp]
2021-03-19 15:47:39,508 [DEBUG]: Updated parameter [sensfusion6.ki]
2021-03-19 15:47:39,512 [DEBUG]: Updated parameter [sensfusion6.baseZacc]
2021-03-19 15:47:39,515 [DEBUG]: Updated parameter [health.startPropTest]
2021-03-19 15:47:39,518 [DEBUG]: Updated parameter [stabilizer.estimator]
2021-03-19 15:47:39,522 [DEBUG]: Updated parameter [stabilizer.controller]
2021-03-19 15:47:39,525 [DEBUG]: Updated parameter [posEstAlt.estAlphaAsl]
2021-03-19 15:47:39,529 [DEBUG]: Updated parameter [posEstAlt.estAlphaZr]
2021-03-19 15:47:39,533 [DEBUG]: Updated parameter [posEstAlt.velFactor]
2021-03-19 15:47:39,537 [DEBUG]: Updated parameter [posEstAlt.velZAlpha]
2021-03-19 15:47:39,540 [DEBUG]: Updated parameter [posEstAlt.vAccDeadband]
2021-03-19 15:47:39,544 [DEBUG]: Updated parameter [posCtlPid.xKp]
2021-03-19 15:47:39,547 [DEBUG]: Updated parameter [posCtlPid.xKi]
2021-03-19 15:47:39,550 [DEBUG]: Updated parameter [posCtlPid.xKd]
2021-03-19 15:47:39,553 [DEBUG]: Updated parameter [posCtlPid.yKp]
2021-03-19 15:47:39,557 [DEBUG]: Updated parameter [posCtlPid.yKi]
2021-03-19 15:47:39,560 [DEBUG]: Updated parameter [posCtlPid.yKd]
2021-03-19 15:47:39,563 [DEBUG]: Updated parameter [posCtlPid.zKp]
2021-03-19 15:47:39,567 [DEBUG]: Updated parameter [posCtlPid.zKi]
2021-03-19 15:47:39,570 [DEBUG]: Updated parameter [posCtlPid.zKd]
2021-03-19 15:47:39,573 [DEBUG]: Updated parameter [posCtlPid.thrustBase]
2021-03-19 15:47:39,576 [DEBUG]: Updated parameter [posCtlPid.thrustMin]
2021-03-19 15:47:39,580 [DEBUG]: Updated parameter [posCtlPid.rpLimit]
2021-03-19 15:47:39,583 [DEBUG]: Updated parameter [posCtlPid.xyVelMax]
2021-03-19 15:47:39,596 [DEBUG]: Updated parameter [posCtlPid.zVelMax]
2021-03-19 15:47:39,599 [DEBUG]: Updated parameter [velCtlPid.vxKp]
2021-03-19 15:47:39,603 [DEBUG]: Updated parameter [velCtlPid.vxKi]
2021-03-19 15:47:39,606 [DEBUG]: Updated parameter [velCtlPid.vxKd]
2021-03-19 15:47:39,609 [DEBUG]: Updated parameter [velCtlPid.vyKp]
2021-03-19 15:47:39,613 [DEBUG]: Updated parameter [velCtlPid.vyKi]
2021-03-19 15:47:39,616 [DEBUG]: Updated parameter [velCtlPid.vyKd]
2021-03-19 15:47:39,619 [DEBUG]: Updated parameter [velCtlPid.vzKp]
2021-03-19 15:47:39,623 [DEBUG]: Updated parameter [velCtlPid.vzKi]
2021-03-19 15:47:39,626 [DEBUG]: Updated parameter [velCtlPid.vzKd]
2021-03-19 15:47:39,629 [DEBUG]: Updated parameter [controller.tiltComp]
2021-03-19 15:47:39,632 [DEBUG]: Updated parameter [ctrlMel.kp_xy]
2021-03-19 15:47:39,636 [DEBUG]: Updated parameter [ctrlMel.kd_xy]
2021-03-19 15:47:39,639 [DEBUG]: Updated parameter [ctrlMel.ki_xy]
2021-03-19 15:47:39,643 [DEBUG]: Updated parameter [ctrlMel.i_range_xy]
2021-03-19 15:47:39,646 [DEBUG]: Updated parameter [ctrlMel.kp_z]
2021-03-19 15:47:39,649 [DEBUG]: Updated parameter [ctrlMel.kd_z]
2021-03-19 15:47:39,652 [DEBUG]: Updated parameter [ctrlMel.ki_z]
2021-03-19 15:47:39,656 [DEBUG]: Updated parameter [ctrlMel.i_range_z]
2021-03-19 15:47:39,659 [DEBUG]: Updated parameter [ctrlMel.mass]
2021-03-19 15:47:39,662 [DEBUG]: Updated parameter [ctrlMel.massThrust]
2021-03-19 15:47:39,666 [DEBUG]: Updated parameter [ctrlMel.kR_xy]
2021-03-19 15:47:39,669 [DEBUG]: Updated parameter [ctrlMel.kR_z]
2021-03-19 15:47:39,672 [DEBUG]: Updated parameter [ctrlMel.kw_xy]
2021-03-19 15:47:39,675 [DEBUG]: Updated parameter [ctrlMel.kw_z]
2021-03-19 15:47:39,678 [DEBUG]: Updated parameter [ctrlMel.ki_m_xy]
2021-03-19 15:47:39,682 [DEBUG]: Updated parameter [ctrlMel.ki_m_z]
2021-03-19 15:47:39,686 [DEBUG]: Updated parameter [ctrlMel.kd_omega_rp]
2021-03-19 15:47:39,689 [DEBUG]: Updated parameter [ctrlMel.i_range_m_xy]
2021-03-19 15:47:39,693 [DEBUG]: Updated parameter [ctrlMel.i_range_m_z]
2021-03-19 15:47:39,696 [DEBUG]: Updated parameter [motorPowerSet.enable]
2021-03-19 15:47:39,699 [DEBUG]: Updated parameter [motorPowerSet.m1]
2021-03-19 15:47:39,702 [DEBUG]: Updated parameter [motorPowerSet.m2]
2021-03-19 15:47:39,705 [DEBUG]: Updated parameter [motorPowerSet.m3]
2021-03-19 15:47:39,709 [DEBUG]: Updated parameter [motorPowerSet.m4]
2021-03-19 15:47:39,721 [DEBUG]: Updated parameter [kalman.resetEstimation]
2021-03-19 15:47:39,724 [DEBUG]: Updated parameter [kalman.quadIsFlying]
2021-03-19 15:47:39,728 [DEBUG]: Updated parameter [kalman.pNAcc_xy]
2021-03-19 15:47:39,731 [DEBUG]: Updated parameter [kalman.pNAcc_z]
2021-03-19 15:47:39,734 [DEBUG]: Updated parameter [kalman.pNVel]
2021-03-19 15:47:39,738 [DEBUG]: Updated parameter [kalman.pNPos]
2021-03-19 15:47:39,743 [DEBUG]: Updated parameter [kalman.pNAtt]
2021-03-19 15:47:39,747 [DEBUG]: Updated parameter [kalman.mNBaro]
2021-03-19 15:47:39,750 [DEBUG]: Updated parameter [kalman.mNGyro_rollpitch]
2021-03-19 15:47:39,754 [DEBUG]: Updated parameter [kalman.mNGyro_yaw]
2021-03-19 15:47:39,757 [DEBUG]: Updated parameter [kalman.initialX]
2021-03-19 15:47:39,762 [DEBUG]: Updated parameter [kalman.initialY]
2021-03-19 15:47:39,766 [DEBUG]: Updated parameter [kalman.initialZ]
2021-03-19 15:47:39,769 [DEBUG]: Updated parameter [kalman.initialYaw]
2021-03-19 15:47:39,772 [DEBUG]: Updated parameter [kalman.maxPos]
2021-03-19 15:47:39,775 [DEBUG]: Updated parameter [kalman.maxVel]
2021-03-19 15:47:39,778 [DEBUG]: Updated parameter [deck.bcLedRing]
2021-03-19 15:47:39,782 [DEBUG]: Updated parameter [deck.bcBuzzer]
2021-03-19 15:47:39,785 [DEBUG]: Updated parameter [deck.bcGTGPS]
2021-03-19 15:47:39,788 [DEBUG]: Updated parameter [deck.bcCPPM]
2021-03-19 15:47:39,792 [DEBUG]: Updated parameter [deck.bcUSD]
2021-03-19 15:47:39,795 [DEBUG]: Updated parameter [deck.bcZRanger]
2021-03-19 15:47:39,798 [DEBUG]: Updated parameter [deck.bcZRanger2]
2021-03-19 15:47:39,803 [DEBUG]: Updated parameter [deck.bcDWM1000]
2021-03-19 15:47:39,807 [DEBUG]: Updated parameter [deck.bcFlow]
2021-03-19 15:47:39,810 [DEBUG]: Updated parameter [deck.bcFlow2]
2021-03-19 15:47:39,814 [DEBUG]: Updated parameter [deck.bcOA]
2021-03-19 15:47:39,817 [DEBUG]: Updated parameter [deck.bcMultiranger]
2021-03-19 15:47:39,821 [DEBUG]: Updated parameter [deck.bdLighthouse4]
2021-03-19 15:47:39,825 [DEBUG]: Updated parameter [ring.effect]
2021-03-19 15:47:39,828 [DEBUG]: Updated parameter [ring.neffect]
2021-03-19 15:47:39,831 [DEBUG]: Updated parameter [ring.solidRed]
2021-03-19 15:47:39,834 [DEBUG]: Updated parameter [ring.solidGreen]
2021-03-19 15:47:39,847 [DEBUG]: Updated parameter [ring.solidBlue]
2021-03-19 15:47:39,849 [DEBUG]: Updated parameter [ring.headlightEnable]
2021-03-19 15:47:39,852 [DEBUG]: Updated parameter [ring.glowstep]
2021-03-19 15:47:39,855 [DEBUG]: Updated parameter [ring.emptyCharge]
2021-03-19 15:47:39,860 [DEBUG]: Updated parameter [ring.fullCharge]
2021-03-19 15:47:39,863 [DEBUG]: Updated parameter [ring.fadeColor]
2021-03-19 15:47:39,866 [DEBUG]: Updated parameter [ring.fadeTime]
2021-03-19 15:47:39,869 [DEBUG]: Updated parameter [usd.logging]
2021-03-19 15:47:39,873 [DEBUG]: Updated parameter [loco.mode]
2021-03-19 15:47:39,876 [DEBUG]: Updated parameter [tdoa3.logId]
2021-03-19 15:47:39,879 [DEBUG]: Updated parameter [tdoa3.logOthrId]
2021-03-19 15:47:39,882 [DEBUG]: Updated parameter [motion.disable]
2021-03-19 15:47:39,885 [DEBUG]: Updated parameter [activeMarker.front]
2021-03-19 15:47:39,889 [DEBUG]: Updated parameter [activeMarker.back]
2021-03-19 15:47:39,893 [DEBUG]: Updated parameter [activeMarker.left]
2021-03-19 15:47:39,896 [DEBUG]: Updated parameter [activeMarker.right]
2021-03-19 15:47:39,899 [DEBUG]: Updated parameter [firmware.revision0]
2021-03-19 15:47:39,903 [DEBUG]: Updated parameter [firmware.revision1]
2021-03-19 15:47:39,906 [DEBUG]: Updated parameter [firmware.modified]
2021-03-19 15:47:39,909 [DEBUG]: Updated parameter [kalman.resetEstimation]
