2021-03-19 12:33:09,089 [INFO]: Connecting to the Vicon...
2021-03-19 12:33:09,090 [INFO]: Connected to Vicon!
2021-03-19 12:33:09,090 [INFO]: Setting up the buffer...
2021-03-19 12:33:09,091 [INFO]: Buffer of 1000 frames created.
2021-03-19 12:33:09,091 [INFO]: Enabling data types...
2021-03-19 12:33:09,091 [DEBUG]: Segments: True
2021-03-19 12:33:09,091 [DEBUG]: Markers: True
2021-03-19 12:33:09,091 [DEBUG]: Unlabeled Markers: True
2021-03-19 12:33:09,091 [DEBUG]: Marker Rays: True
2021-03-19 12:33:09,091 [DEBUG]: Devices: True
2021-03-19 12:33:09,092 [DEBUG]: Centroids: True 
2021-03-19 12:33:09,092 [INFO]: Testing stream modes...
2021-03-19 12:33:09,092 [INFO]: Getting a frame in ClientPull mode...
2021-03-19 12:33:10,093 [ERROR]: Error using ClientPull mode. --> NoFrame
2021-03-19 12:33:10,093 [INFO]: Getting a frame in PreFetch mode...
2021-03-19 12:33:11,094 [ERROR]: Error using ClientPreFetch mode. --> NoFrame
2021-03-19 12:33:11,094 [INFO]: Getting a frame in ServerPush mode...
2021-03-19 12:33:11,094 [DEBUG]: Fetched! Pulled frame number: 770392
2021-03-19 12:33:11,095 [INFO]: ServerPush mode set.
2021-03-19 12:33:11,095 [INFO]: Getting available framerates...
2021-03-19 12:33:11,095 [INFO]: Current Vicon frame rate: 100.0 Hz.
2021-03-19 12:33:11,095 [INFO]: Available frame rates: 
2021-03-19 12:33:11,095 [INFO]: Process Rate : 100 Hz 

2021-03-19 12:33:11,095 [INFO]: Setting axis...
2021-03-19 12:33:11,095 [INFO]: X Axis: AxisMapping.EForward
2021-03-19 12:33:11,095 [INFO]: Y Axis: AxisMapping.ELeft
2021-03-19 12:33:11,095 [INFO]: Z Axis: AxisMapping.EUp
2021-03-19 12:33:11,096 [INFO]: Initializing drivers...
2021-03-19 12:33:11,096 [INFO]: Drivers initialized.
2021-03-19 12:33:11,096 [INFO]: Connecting to the Crazyflie...
2021-03-19 12:33:11,096 [DEBUG]: Adding callback on port [6] to [<bound method Localization._incoming of <cflib.crazyflie.localization.Localization object at 0x000001E0B2FE37C8>>]
2021-03-19 12:33:11,096 [DEBUG]: Adding callback on port [5] to [<bound method Log._new_packet_cb of <cflib.crazyflie.log.Log object at 0x000001E0A20BDA88>>]
2021-03-19 12:33:11,096 [DEBUG]: Adding callback on port [0] to [<bound method Console.incoming of <cflib.crazyflie.console.Console object at 0x000001E0B2FE3988>>]
2021-03-19 12:33:11,097 [DEBUG]: Adding callback on port [2] to [<bound method _ParamUpdater._new_packet_cb of <_ParamUpdater(Thread-7, initial daemon)>>]
2021-03-19 12:33:11,098 [DEBUG]: Adding callback on port [4] to [<bound method Memory._new_packet_cb of <cflib.crazyflie.mem.Memory object at 0x000001E0B2FE3D88>>]
2021-03-19 12:33:11,098 [DEBUG]: Adding callback on port [13] to [<bound method PlatformService._platform_callback of <cflib.crazyflie.platformservice.PlatformService object at 0x000001E0B2FE3F08>>]
2021-03-19 12:33:11,098 [DEBUG]: Adding callback on port [15] to [<bound method PlatformService._crt_service_callback of <cflib.crazyflie.platformservice.PlatformService object at 0x000001E0B2FE3F08>>]
