2021-03-19 12:32:57,500 [INFO]: Connecting to the Vicon...
2021-03-19 12:32:57,502 [INFO]: Connected to Vicon!
2021-03-19 12:32:57,502 [INFO]: Setting up the buffer...
2021-03-19 12:32:57,502 [INFO]: Buffer of 1000 frames created.
2021-03-19 12:32:57,503 [INFO]: Enabling data types...
2021-03-19 12:32:57,503 [DEBUG]: Segments: True
2021-03-19 12:32:57,503 [DEBUG]: Markers: True
2021-03-19 12:32:57,503 [DEBUG]: Unlabeled Markers: True
2021-03-19 12:32:57,503 [DEBUG]: Marker Rays: True
2021-03-19 12:32:57,503 [DEBUG]: Devices: True
2021-03-19 12:32:57,504 [DEBUG]: Centroids: True 
2021-03-19 12:32:57,504 [INFO]: Testing stream modes...
2021-03-19 12:32:57,504 [INFO]: Getting a frame in ClientPull mode...
2021-03-19 12:32:58,504 [ERROR]: Error using ClientPull mode. --> NoFrame
2021-03-19 12:32:58,505 [INFO]: Getting a frame in PreFetch mode...
2021-03-19 12:32:59,505 [ERROR]: Error using ClientPreFetch mode. --> NoFrame
2021-03-19 12:32:59,506 [INFO]: Getting a frame in ServerPush mode...
2021-03-19 12:32:59,507 [DEBUG]: Fetched! Pulled frame number: 769233
2021-03-19 12:32:59,507 [INFO]: ServerPush mode set.
2021-03-19 12:32:59,508 [INFO]: Getting available framerates...
2021-03-19 12:32:59,508 [INFO]: Current Vicon frame rate: 100.0 Hz.
2021-03-19 12:32:59,508 [INFO]: Available frame rates: 
2021-03-19 12:32:59,509 [INFO]: Process Rate : 99 Hz 

2021-03-19 12:32:59,509 [INFO]: Setting axis...
2021-03-19 12:32:59,509 [INFO]: X Axis: AxisMapping.EForward
2021-03-19 12:32:59,509 [INFO]: Y Axis: AxisMapping.ELeft
2021-03-19 12:32:59,510 [INFO]: Z Axis: AxisMapping.EUp
2021-03-19 12:32:59,510 [INFO]: Initializing drivers...
2021-03-19 12:32:59,510 [INFO]: Drivers initialized.
2021-03-19 12:32:59,510 [INFO]: Connecting to the Crazyflie...
2021-03-19 12:32:59,511 [DEBUG]: Adding callback on port [6] to [<bound method Localization._incoming of <cflib.crazyflie.localization.Localization object at 0x00000212DEE7A988>>]
2021-03-19 12:32:59,512 [DEBUG]: Adding callback on port [5] to [<bound method Log._new_packet_cb of <cflib.crazyflie.log.Log object at 0x00000212DEE5FF08>>]
2021-03-19 12:32:59,512 [DEBUG]: Adding callback on port [0] to [<bound method Console.incoming of <cflib.crazyflie.console.Console object at 0x00000212DEE7AAC8>>]
2021-03-19 12:32:59,512 [DEBUG]: Adding callback on port [2] to [<bound method _ParamUpdater._new_packet_cb of <_ParamUpdater(Thread-7, initial daemon)>>]
2021-03-19 12:32:59,514 [DEBUG]: Adding callback on port [4] to [<bound method Memory._new_packet_cb of <cflib.crazyflie.mem.Memory object at 0x00000212DEE7ADC8>>]
2021-03-19 12:32:59,514 [DEBUG]: Adding callback on port [13] to [<bound method PlatformService._platform_callback of <cflib.crazyflie.platformservice.PlatformService object at 0x00000212DEE7AF48>>]
2021-03-19 12:32:59,515 [DEBUG]: Adding callback on port [15] to [<bound method PlatformService._crt_service_callback of <cflib.crazyflie.platformservice.PlatformService object at 0x00000212DEE7AF48>>]
