2020-12-21 17:23:00,861 [INFO]: Connecting to the Vicon...
2020-12-21 17:23:00,863 [INFO]: Connected to Vicon!
2020-12-21 17:23:00,863 [INFO]: Setting up the buffer...
2020-12-21 17:23:00,864 [INFO]: Buffer of 1000 frames created.
2020-12-21 17:23:00,864 [INFO]: Enabling data types...
2020-12-21 17:23:00,864 [DEBUG]: Segments: True
2020-12-21 17:23:00,864 [DEBUG]: Markers: True
2020-12-21 17:23:00,864 [DEBUG]: Unlabeled Markers: True
2020-12-21 17:23:00,864 [DEBUG]: Marker Rays: True
2020-12-21 17:23:00,864 [DEBUG]: Devices: True
2020-12-21 17:23:00,865 [DEBUG]: Centroids: True 
2020-12-21 17:23:00,865 [INFO]: Testing stream modes...
2020-12-21 17:23:00,865 [INFO]: Getting a frame in ClientPull mode...
2020-12-21 17:23:01,866 [ERROR]: Error using ClientPull mode. 
 NoFrame
2020-12-21 17:23:01,866 [INFO]: Getting a frame in PreFetch mode...
2020-12-21 17:23:02,866 [ERROR]: Error using ClientPreFetch mode. 
 NoFrame
2020-12-21 17:23:02,866 [INFO]: Getting a frame in ServerPush mode...
2020-12-21 17:23:02,867 [DEBUG]: Fetched! Pulled frame number: 1282956
2020-12-21 17:23:02,867 [INFO]: ServerPush mode set.
2020-12-21 17:23:02,867 [INFO]: Getting available framerates...
2020-12-21 17:23:02,867 [INFO]: Current frame rate: 100.0 Hz.
2020-12-21 17:23:02,867 [INFO]: Frame rates available: 
2020-12-21 17:23:02,867 [INFO]: Process Rate : 99 Hz 

2020-12-21 17:23:02,867 [INFO]: Setting axis...
2020-12-21 17:23:02,867 [INFO]: X Axis: AxisMapping.EForward
2020-12-21 17:23:02,867 [INFO]: Y Axis: AxisMapping.ELeft
2020-12-21 17:23:02,867 [INFO]: Z Axis: AxisMapping.EUp
2020-12-21 17:23:02,868 [INFO]: Initializing drivers...
2020-12-21 17:23:02,868 [INFO]: Drivers initialized.
2020-12-21 17:23:02,868 [INFO]: Connecting to the Crazyflie...
2020-12-21 17:23:02,868 [DEBUG]: Adding callback on port [6] to [<bound method Localization._incoming of <cflib.crazyflie.localization.Localization object at 0x0000027BBE3D5688>>]
2020-12-21 17:23:02,868 [DEBUG]: Adding callback on port [5] to [<bound method Log._new_packet_cb of <cflib.crazyflie.log.Log object at 0x0000027BBE3D57C8>>]
2020-12-21 17:23:02,868 [DEBUG]: Adding callback on port [0] to [<bound method Console.incoming of <cflib.crazyflie.console.Console object at 0x0000027BBE3D5888>>]
2020-12-21 17:23:02,868 [DEBUG]: Adding callback on port [2] to [<bound method _ParamUpdater._new_packet_cb of <_ParamUpdater(Thread-7, initial daemon)>>]
2020-12-21 17:23:02,869 [DEBUG]: Adding callback on port [4] to [<bound method Memory._new_packet_cb of <cflib.crazyflie.mem.Memory object at 0x0000027BBE3D5C88>>]
2020-12-21 17:23:02,869 [DEBUG]: Adding callback on port [13] to [<bound method PlatformService._platform_callback of <cflib.crazyflie.platformservice.PlatformService object at 0x0000027BBE3D5E08>>]
2020-12-21 17:23:02,869 [DEBUG]: Adding callback on port [15] to [<bound method PlatformService._crt_service_callback of <cflib.crazyflie.platformservice.PlatformService object at 0x0000027BBE3D5E08>>]
2020-12-21 17:23:21,548 [INFO]: Getting a frame during flight...
2020-12-21 17:23:21,548 [DEBUG]: Fetched! Pulled frame number: 1283834
2020-12-21 17:24:09,559 [INFO]: Getting a frame during flight...
2020-12-21 17:26:53,117 [INFO]: Callback->Connection initialized[radio://0/80/2M]
2020-12-21 17:26:53,123 [INFO]: We are connected[radio://0/80/2M], request connection setup
2020-12-21 17:26:53,456 [WARNING]: Got link error callback [Too many packets lost] in state [1]
2020-12-21 17:26:53,457 [INFO]: Callback->Connected failed to [radio://0/80/2M]: Too many packets lost
