2020-12-21 17:07:16,694 [INFO]: Connecting to the Vicon...
2020-12-21 17:07:16,695 [INFO]: Connected to Vicon!
2020-12-21 17:07:16,695 [INFO]: Setting up the buffer...
2020-12-21 17:07:16,696 [INFO]: Buffer of 1000 frames created.
2020-12-21 17:07:16,696 [INFO]: Enabling data types...
2020-12-21 17:07:16,696 [DEBUG]: Segments: True
2020-12-21 17:07:16,696 [DEBUG]: Markers: True
2020-12-21 17:07:16,696 [DEBUG]: Unlabeled Markers: True
2020-12-21 17:07:16,696 [DEBUG]: Marker Rays: True
2020-12-21 17:07:16,696 [DEBUG]: Devices: True
2020-12-21 17:07:16,696 [DEBUG]: Centroids: True 
2020-12-21 17:07:16,696 [INFO]: Testing stream modes...
2020-12-21 17:07:16,696 [INFO]: Getting a frame in ClientPull mode...
2020-12-21 17:07:17,697 [ERROR]: Error using ClientPull mode. 
 NoFrame
2020-12-21 17:07:17,697 [INFO]: Getting a frame in PreFetch mode...
2020-12-21 17:07:18,698 [ERROR]: Error using ClientPreFetch mode. 
 NoFrame
2020-12-21 17:07:18,698 [INFO]: Getting a frame in ServerPush mode...
2020-12-21 17:07:18,699 [DEBUG]: Fetched! Pulled frame number: 1188538
2020-12-21 17:07:18,700 [INFO]: ServerPush mode set.
2020-12-21 17:07:18,700 [INFO]: Getting available framerates...
2020-12-21 17:07:18,700 [INFO]: Current frame rate: 100.0 Hz.
2020-12-21 17:07:18,701 [INFO]: Frame rates available: 
2020-12-21 17:07:18,701 [INFO]: Process Rate : 99 Hz 

2020-12-21 17:07:18,701 [INFO]: Setting axis...
2020-12-21 17:07:18,702 [INFO]: X Axis: AxisMapping.EForward
2020-12-21 17:07:18,702 [INFO]: Y Axis: AxisMapping.ELeft
2020-12-21 17:07:18,702 [INFO]: Z Axis: AxisMapping.EUp
2020-12-21 17:07:18,702 [INFO]: Initializing drivers...
2020-12-21 17:07:18,702 [INFO]: Drivers initialized.
2020-12-21 17:07:18,703 [INFO]: Connecting to the Crazyflie...
2020-12-21 17:07:18,703 [DEBUG]: Adding callback on port [6] to [<bound method Localization._incoming of <cflib.crazyflie.localization.Localization object at 0x000001DFCA3FC2C8>>]
2020-12-21 17:07:18,703 [DEBUG]: Adding callback on port [5] to [<bound method Log._new_packet_cb of <cflib.crazyflie.log.Log object at 0x000001DFCA3FC388>>]
2020-12-21 17:07:18,704 [DEBUG]: Adding callback on port [0] to [<bound method Console.incoming of <cflib.crazyflie.console.Console object at 0x000001DFC82A5DC8>>]
2020-12-21 17:07:18,704 [DEBUG]: Adding callback on port [2] to [<bound method _ParamUpdater._new_packet_cb of <_ParamUpdater(Thread-2, initial daemon)>>]
2020-12-21 17:07:18,705 [DEBUG]: Adding callback on port [4] to [<bound method Memory._new_packet_cb of <cflib.crazyflie.mem.Memory object at 0x000001DFCA3FC748>>]
2020-12-21 17:07:18,705 [DEBUG]: Adding callback on port [13] to [<bound method PlatformService._platform_callback of <cflib.crazyflie.platformservice.PlatformService object at 0x000001DFCA3FC888>>]
2020-12-21 17:07:18,706 [DEBUG]: Adding callback on port [15] to [<bound method PlatformService._crt_service_callback of <cflib.crazyflie.platformservice.PlatformService object at 0x000001DFCA3FC888>>]
