2020-12-21 19:15:32,294 [INFO]: Connecting to the Vicon...
2020-12-21 19:15:32,296 [INFO]: Connected to Vicon!
2020-12-21 19:15:32,296 [INFO]: Setting up the buffer...
2020-12-21 19:15:32,296 [INFO]: Buffer of 1000 frames created.
2020-12-21 19:15:32,296 [INFO]: Enabling data types...
2020-12-21 19:15:32,297 [DEBUG]: Segments: True
2020-12-21 19:15:32,297 [DEBUG]: Markers: True
2020-12-21 19:15:32,297 [DEBUG]: Unlabeled Markers: True
2020-12-21 19:15:32,297 [DEBUG]: Marker Rays: True
2020-12-21 19:15:32,297 [DEBUG]: Devices: True
2020-12-21 19:15:32,297 [DEBUG]: Centroids: True 
2020-12-21 19:15:32,297 [INFO]: Testing stream modes...
2020-12-21 19:15:32,297 [INFO]: Getting a frame in ClientPull mode...
2020-12-21 19:15:33,298 [ERROR]: Error using ClientPull mode. 
 NoFrame
2020-12-21 19:15:33,298 [INFO]: Getting a frame in PreFetch mode...
2020-12-21 19:15:34,298 [ERROR]: Error using ClientPreFetch mode. 
 NoFrame
2020-12-21 19:15:34,298 [INFO]: Getting a frame in ServerPush mode...
2020-12-21 19:15:34,298 [DEBUG]: Fetched! Pulled frame number: 1958107
2020-12-21 19:15:34,298 [INFO]: ServerPush mode set.
2020-12-21 19:15:34,298 [INFO]: Getting available framerates...
2020-12-21 19:15:34,299 [INFO]: Current frame rate: 100.0 Hz.
2020-12-21 19:15:34,299 [INFO]: Frame rates available: 
2020-12-21 19:15:34,299 [INFO]: Process Rate : 99 Hz 

2020-12-21 19:15:34,299 [INFO]: Setting axis...
2020-12-21 19:15:34,299 [INFO]: X Axis: AxisMapping.EForward
2020-12-21 19:15:34,299 [INFO]: Y Axis: AxisMapping.ELeft
2020-12-21 19:15:34,299 [INFO]: Z Axis: AxisMapping.EUp
2020-12-21 19:15:34,299 [INFO]: Initializing drivers...
2020-12-21 19:15:34,299 [INFO]: Drivers initialized.
2020-12-21 19:15:34,299 [INFO]: Connecting to the Crazyflie...
2020-12-21 19:15:34,299 [DEBUG]: Adding callback on port [6] to [<bound method Localization._incoming of <cflib.crazyflie.localization.Localization object at 0x000001C1FF6C4448>>]
2020-12-21 19:15:34,299 [DEBUG]: Adding callback on port [5] to [<bound method Log._new_packet_cb of <cflib.crazyflie.log.Log object at 0x000001C1FF6C4548>>]
2020-12-21 19:15:34,299 [DEBUG]: Adding callback on port [0] to [<bound method Console.incoming of <cflib.crazyflie.console.Console object at 0x000001C1F2C93748>>]
2020-12-21 19:15:34,299 [DEBUG]: Adding callback on port [2] to [<bound method _ParamUpdater._new_packet_cb of <_ParamUpdater(Thread-2, initial daemon)>>]
2020-12-21 19:15:34,300 [DEBUG]: Adding callback on port [4] to [<bound method Memory._new_packet_cb of <cflib.crazyflie.mem.Memory object at 0x000001C1FF6C4948>>]
2020-12-21 19:15:34,300 [DEBUG]: Adding callback on port [13] to [<bound method PlatformService._platform_callback of <cflib.crazyflie.platformservice.PlatformService object at 0x000001C1FF6C4A88>>]
2020-12-21 19:15:34,300 [DEBUG]: Adding callback on port [15] to [<bound method PlatformService._crt_service_callback of <cflib.crazyflie.platformservice.PlatformService object at 0x000001C1FF6C4A88>>]
2020-12-21 19:15:34,300 [INFO]: Callback->Connection initialized[radio://0/80/2M]
2020-12-21 19:15:34,304 [INFO]: We are connected[radio://0/80/2M], request connection setup
2020-12-21 19:15:34,634 [WARNING]: Got link error callback [Too many packets lost] in state [1]
2020-12-21 19:15:34,634 [INFO]: Callback->Connected failed to [radio://0/80/2M]: Too many packets lost
