2021-03-30 14:17:42,720 [INFO]: variables added
2021-03-30 14:17:42,721 [DEBUG]: Adding callback on port [6] to [<bound method Localization._incoming of <cflib.crazyflie.localization.Localization object at 0x0000016C9C62CA08>>]
2021-03-30 14:17:42,721 [DEBUG]: Adding callback on port [5] to [<bound method Log._new_packet_cb of <cflib.crazyflie.log.Log object at 0x0000016C9C62CB88>>]
2021-03-30 14:17:42,721 [DEBUG]: Adding callback on port [0] to [<bound method Console.incoming of <cflib.crazyflie.console.Console object at 0x0000016C9C62CC48>>]
2021-03-30 14:17:42,721 [DEBUG]: Adding callback on port [2] to [<bound method _ParamUpdater._new_packet_cb of <_ParamUpdater(Thread-7, initial daemon)>>]
2021-03-30 14:17:42,722 [DEBUG]: Adding callback on port [4] to [<bound method Memory._new_packet_cb of <cflib.crazyflie.mem.Memory object at 0x0000016C8AD0B988>>]
2021-03-30 14:17:42,722 [DEBUG]: Adding callback on port [13] to [<bound method PlatformService._platform_callback of <cflib.crazyflie.platformservice.PlatformService object at 0x0000016C8AC02188>>]
2021-03-30 14:17:42,723 [DEBUG]: Adding callback on port [15] to [<bound method PlatformService._crt_service_callback of <cflib.crazyflie.platformservice.PlatformService object at 0x0000016C8AC02188>>]
2021-03-30 14:17:42,723 [INFO]: Callback->Connection initialized[radio://0/80/2M]
2021-03-30 14:17:42,729 [INFO]: We are connected[radio://0/80/2M], request connection setup
2021-03-30 14:17:42,730 [INFO]: Callback->Connected to [radio://0/80/2M]
2021-03-30 14:17:42,737 [INFO]: Protocol  version: 4
2021-03-30 14:17:42,740 [DEBUG]: Logging reset, continue with TOC download
2021-03-30 14:17:42,741 [DEBUG]: [5]: Using V2 protocol: 1
2021-03-30 14:17:42,741 [DEBUG]: [5]: Start fetching...
2021-03-30 14:17:42,741 [DEBUG]: Adding callback on port [5] to [<bound method TocFetcher._new_packet_cb of <cflib.crazyflie.toc.TocFetcher object at 0x0000016C9C682FC8>>]
2021-03-30 14:17:42,744 [DEBUG]: [5]: Got TOC CRC, 317 items and crc=0x05C5AF70
2021-03-30 14:17:42,744 [DEBUG]: Requesting index 0 on port 5
2021-03-30 14:17:42,748 [DEBUG]: Added element [0]
2021-03-30 14:17:42,749 [DEBUG]: [5]: More variables, requesting index 1
2021-03-30 14:17:42,749 [DEBUG]: Requesting index 1 on port 5
2021-03-30 14:17:42,753 [DEBUG]: Added element [1]
2021-03-30 14:17:42,753 [DEBUG]: [5]: More variables, requesting index 2
2021-03-30 14:17:42,753 [DEBUG]: Requesting index 2 on port 5
2021-03-30 14:17:42,757 [DEBUG]: Added element [2]
2021-03-30 14:17:42,757 [DEBUG]: [5]: More variables, requesting index 3
2021-03-30 14:17:42,757 [DEBUG]: Requesting index 3 on port 5
2021-03-30 14:17:42,761 [DEBUG]: Added element [3]
2021-03-30 14:17:42,761 [DEBUG]: [5]: More variables, requesting index 4
2021-03-30 14:17:42,761 [DEBUG]: Requesting index 4 on port 5
2021-03-30 14:17:42,766 [DEBUG]: Added element [4]
2021-03-30 14:17:42,766 [DEBUG]: [5]: More variables, requesting index 5
2021-03-30 14:17:42,766 [DEBUG]: Requesting index 5 on port 5
2021-03-30 14:17:42,771 [DEBUG]: Added element [5]
2021-03-30 14:17:42,771 [DEBUG]: [5]: More variables, requesting index 6
2021-03-30 14:17:42,771 [DEBUG]: Requesting index 6 on port 5
2021-03-30 14:17:42,776 [DEBUG]: Added element [6]
2021-03-30 14:17:42,776 [DEBUG]: [5]: More variables, requesting index 7
2021-03-30 14:17:42,776 [DEBUG]: Requesting index 7 on port 5
2021-03-30 14:17:42,780 [DEBUG]: Added element [7]
2021-03-30 14:17:42,780 [DEBUG]: [5]: More variables, requesting index 8
2021-03-30 14:17:42,780 [DEBUG]: Requesting index 8 on port 5
2021-03-30 14:17:42,784 [DEBUG]: Added element [8]
2021-03-30 14:17:42,784 [DEBUG]: [5]: More variables, requesting index 9
2021-03-30 14:17:42,785 [DEBUG]: Requesting index 9 on port 5
2021-03-30 14:17:42,788 [DEBUG]: Added element [9]
2021-03-30 14:17:42,789 [DEBUG]: [5]: More variables, requesting index 10
2021-03-30 14:17:42,789 [DEBUG]: Requesting index 10 on port 5
2021-03-30 14:17:42,793 [DEBUG]: Added element [10]
2021-03-30 14:17:42,793 [DEBUG]: [5]: More variables, requesting index 11
2021-03-30 14:17:42,793 [DEBUG]: Requesting index 11 on port 5
2021-03-30 14:17:42,797 [DEBUG]: Added element [11]
2021-03-30 14:17:42,797 [DEBUG]: [5]: More variables, requesting index 12
2021-03-30 14:17:42,798 [DEBUG]: Requesting index 12 on port 5
2021-03-30 14:17:42,802 [DEBUG]: Added element [12]
2021-03-30 14:17:42,802 [DEBUG]: [5]: More variables, requesting index 13
2021-03-30 14:17:42,802 [DEBUG]: Requesting index 13 on port 5
2021-03-30 14:17:42,806 [DEBUG]: Added element [13]
2021-03-30 14:17:42,806 [DEBUG]: [5]: More variables, requesting index 14
2021-03-30 14:17:42,806 [DEBUG]: Requesting index 14 on port 5
2021-03-30 14:17:42,820 [DEBUG]: Added element [14]
2021-03-30 14:17:42,820 [DEBUG]: [5]: More variables, requesting index 15
2021-03-30 14:17:42,820 [DEBUG]: Requesting index 15 on port 5
2021-03-30 14:17:42,824 [DEBUG]: Added element [15]
2021-03-30 14:17:42,825 [DEBUG]: [5]: More variables, requesting index 16
2021-03-30 14:17:42,825 [DEBUG]: Requesting index 16 on port 5
2021-03-30 14:17:42,829 [DEBUG]: Added element [16]
2021-03-30 14:17:42,829 [DEBUG]: [5]: More variables, requesting index 17
2021-03-30 14:17:42,829 [DEBUG]: Requesting index 17 on port 5
2021-03-30 14:17:42,833 [DEBUG]: Added element [17]
2021-03-30 14:17:42,833 [DEBUG]: [5]: More variables, requesting index 18
2021-03-30 14:17:42,833 [DEBUG]: Requesting index 18 on port 5
2021-03-30 14:17:42,837 [DEBUG]: Added element [18]
2021-03-30 14:17:42,837 [DEBUG]: [5]: More variables, requesting index 19
2021-03-30 14:17:42,837 [DEBUG]: Requesting index 19 on port 5
2021-03-30 14:17:42,842 [DEBUG]: Added element [19]
2021-03-30 14:17:42,842 [DEBUG]: [5]: More variables, requesting index 20
2021-03-30 14:17:42,842 [DEBUG]: Requesting index 20 on port 5
2021-03-30 14:17:42,846 [DEBUG]: Added element [20]
2021-03-30 14:17:42,847 [DEBUG]: [5]: More variables, requesting index 21
2021-03-30 14:17:42,847 [DEBUG]: Requesting index 21 on port 5
2021-03-30 14:17:42,851 [DEBUG]: Added element [21]
2021-03-30 14:17:42,851 [DEBUG]: [5]: More variables, requesting index 22
2021-03-30 14:17:42,851 [DEBUG]: Requesting index 22 on port 5
2021-03-30 14:17:42,856 [DEBUG]: Added element [22]
2021-03-30 14:17:42,856 [DEBUG]: [5]: More variables, requesting index 23
2021-03-30 14:17:42,856 [DEBUG]: Requesting index 23 on port 5
2021-03-30 14:17:42,860 [DEBUG]: Added element [23]
2021-03-30 14:17:42,861 [DEBUG]: [5]: More variables, requesting index 24
2021-03-30 14:17:42,861 [DEBUG]: Requesting index 24 on port 5
2021-03-30 14:17:42,865 [DEBUG]: Added element [24]
2021-03-30 14:17:42,865 [DEBUG]: [5]: More variables, requesting index 25
2021-03-30 14:17:42,865 [DEBUG]: Requesting index 25 on port 5
2021-03-30 14:17:42,870 [DEBUG]: Added element [25]
2021-03-30 14:17:42,870 [DEBUG]: [5]: More variables, requesting index 26
2021-03-30 14:17:42,870 [DEBUG]: Requesting index 26 on port 5
2021-03-30 14:17:42,874 [DEBUG]: Added element [26]
2021-03-30 14:17:42,874 [DEBUG]: [5]: More variables, requesting index 27
2021-03-30 14:17:42,874 [DEBUG]: Requesting index 27 on port 5
2021-03-30 14:17:42,878 [DEBUG]: Added element [27]
2021-03-30 14:17:42,878 [DEBUG]: [5]: More variables, requesting index 28
2021-03-30 14:17:42,878 [DEBUG]: Requesting index 28 on port 5
2021-03-30 14:17:42,883 [DEBUG]: Added element [28]
2021-03-30 14:17:42,883 [DEBUG]: [5]: More variables, requesting index 29
2021-03-30 14:17:42,883 [DEBUG]: Requesting index 29 on port 5
2021-03-30 14:17:42,887 [DEBUG]: Added element [29]
2021-03-30 14:17:42,887 [DEBUG]: [5]: More variables, requesting index 30
2021-03-30 14:17:42,887 [DEBUG]: Requesting index 30 on port 5
2021-03-30 14:17:42,892 [DEBUG]: Added element [30]
2021-03-30 14:17:42,892 [DEBUG]: [5]: More variables, requesting index 31
2021-03-30 14:17:42,893 [DEBUG]: Requesting index 31 on port 5
2021-03-30 14:17:42,897 [DEBUG]: Added element [31]
2021-03-30 14:17:42,897 [DEBUG]: [5]: More variables, requesting index 32
2021-03-30 14:17:42,897 [DEBUG]: Requesting index 32 on port 5
2021-03-30 14:17:42,901 [DEBUG]: Added element [32]
2021-03-30 14:17:42,901 [DEBUG]: [5]: More variables, requesting index 33
2021-03-30 14:17:42,901 [DEBUG]: Requesting index 33 on port 5
2021-03-30 14:17:42,906 [DEBUG]: Added element [33]
2021-03-30 14:17:42,906 [DEBUG]: [5]: More variables, requesting index 34
2021-03-30 14:17:42,906 [DEBUG]: Requesting index 34 on port 5
2021-03-30 14:17:42,910 [DEBUG]: Added element [34]
2021-03-30 14:17:42,911 [DEBUG]: [5]: More variables, requesting index 35
2021-03-30 14:17:42,911 [DEBUG]: Requesting index 35 on port 5
2021-03-30 14:17:42,915 [DEBUG]: Added element [35]
2021-03-30 14:17:42,915 [DEBUG]: [5]: More variables, requesting index 36
2021-03-30 14:17:42,915 [DEBUG]: Requesting index 36 on port 5
2021-03-30 14:17:42,919 [DEBUG]: Added element [36]
2021-03-30 14:17:42,919 [DEBUG]: [5]: More variables, requesting index 37
2021-03-30 14:17:42,919 [DEBUG]: Requesting index 37 on port 5
2021-03-30 14:17:42,924 [DEBUG]: Added element [37]
2021-03-30 14:17:42,924 [DEBUG]: [5]: More variables, requesting index 38
2021-03-30 14:17:42,924 [DEBUG]: Requesting index 38 on port 5
2021-03-30 14:17:42,928 [DEBUG]: Added element [38]
2021-03-30 14:17:42,928 [DEBUG]: [5]: More variables, requesting index 39
2021-03-30 14:17:42,929 [DEBUG]: Requesting index 39 on port 5
2021-03-30 14:17:42,933 [DEBUG]: Added element [39]
2021-03-30 14:17:42,933 [DEBUG]: [5]: More variables, requesting index 40
2021-03-30 14:17:42,933 [DEBUG]: Requesting index 40 on port 5
2021-03-30 14:17:42,937 [DEBUG]: Added element [40]
2021-03-30 14:17:42,937 [DEBUG]: [5]: More variables, requesting index 41
2021-03-30 14:17:42,937 [DEBUG]: Requesting index 41 on port 5
2021-03-30 14:17:42,941 [DEBUG]: Added element [41]
2021-03-30 14:17:42,942 [DEBUG]: [5]: More variables, requesting index 42
2021-03-30 14:17:42,942 [DEBUG]: Requesting index 42 on port 5
2021-03-30 14:17:42,955 [DEBUG]: Added element [42]
2021-03-30 14:17:42,955 [DEBUG]: [5]: More variables, requesting index 43
2021-03-30 14:17:42,955 [DEBUG]: Requesting index 43 on port 5
2021-03-30 14:17:42,959 [DEBUG]: Added element [43]
2021-03-30 14:17:42,959 [DEBUG]: [5]: More variables, requesting index 44
2021-03-30 14:17:42,960 [DEBUG]: Requesting index 44 on port 5
2021-03-30 14:17:42,965 [DEBUG]: Added element [44]
2021-03-30 14:17:42,965 [DEBUG]: [5]: More variables, requesting index 45
2021-03-30 14:17:42,965 [DEBUG]: Requesting index 45 on port 5
2021-03-30 14:17:42,969 [DEBUG]: Added element [45]
2021-03-30 14:17:42,970 [DEBUG]: [5]: More variables, requesting index 46
2021-03-30 14:17:42,970 [DEBUG]: Requesting index 46 on port 5
2021-03-30 14:17:42,974 [DEBUG]: Added element [46]
2021-03-30 14:17:42,974 [DEBUG]: [5]: More variables, requesting index 47
2021-03-30 14:17:42,975 [DEBUG]: Requesting index 47 on port 5
2021-03-30 14:17:42,980 [DEBUG]: Added element [47]
2021-03-30 14:17:42,980 [DEBUG]: [5]: More variables, requesting index 48
2021-03-30 14:17:42,980 [DEBUG]: Requesting index 48 on port 5
2021-03-30 14:17:42,984 [DEBUG]: Added element [48]
2021-03-30 14:17:42,984 [DEBUG]: [5]: More variables, requesting index 49
2021-03-30 14:17:42,984 [DEBUG]: Requesting index 49 on port 5
2021-03-30 14:17:42,989 [DEBUG]: Added element [49]
2021-03-30 14:17:42,989 [DEBUG]: [5]: More variables, requesting index 50
2021-03-30 14:17:42,989 [DEBUG]: Requesting index 50 on port 5
2021-03-30 14:17:42,994 [DEBUG]: Added element [50]
2021-03-30 14:17:42,994 [DEBUG]: [5]: More variables, requesting index 51
2021-03-30 14:17:42,994 [DEBUG]: Requesting index 51 on port 5
2021-03-30 14:17:42,999 [DEBUG]: Added element [51]
2021-03-30 14:17:42,999 [DEBUG]: [5]: More variables, requesting index 52
2021-03-30 14:17:42,999 [DEBUG]: Requesting index 52 on port 5
2021-03-30 14:17:43,004 [DEBUG]: Added element [52]
2021-03-30 14:17:43,004 [DEBUG]: [5]: More variables, requesting index 53
2021-03-30 14:17:43,004 [DEBUG]: Requesting index 53 on port 5
2021-03-30 14:17:43,008 [DEBUG]: Added element [53]
2021-03-30 14:17:43,009 [DEBUG]: [5]: More variables, requesting index 54
2021-03-30 14:17:43,009 [DEBUG]: Requesting index 54 on port 5
2021-03-30 14:17:43,013 [DEBUG]: Added element [54]
2021-03-30 14:17:43,014 [DEBUG]: [5]: More variables, requesting index 55
2021-03-30 14:17:43,014 [DEBUG]: Requesting index 55 on port 5
2021-03-30 14:17:43,021 [DEBUG]: Added element [55]
2021-03-30 14:17:43,022 [DEBUG]: [5]: More variables, requesting index 56
2021-03-30 14:17:43,023 [DEBUG]: Requesting index 56 on port 5
2021-03-30 14:17:43,029 [DEBUG]: Added element [56]
2021-03-30 14:17:43,030 [DEBUG]: [5]: More variables, requesting index 57
2021-03-30 14:17:43,030 [DEBUG]: Requesting index 57 on port 5
2021-03-30 14:17:43,035 [DEBUG]: Added element [57]
2021-03-30 14:17:43,036 [DEBUG]: [5]: More variables, requesting index 58
2021-03-30 14:17:43,036 [DEBUG]: Requesting index 58 on port 5
2021-03-30 14:17:43,040 [DEBUG]: Added element [58]
2021-03-30 14:17:43,041 [DEBUG]: [5]: More variables, requesting index 59
2021-03-30 14:17:43,041 [DEBUG]: Requesting index 59 on port 5
2021-03-30 14:17:43,045 [DEBUG]: Added element [59]
2021-03-30 14:17:43,045 [DEBUG]: [5]: More variables, requesting index 60
2021-03-30 14:17:43,045 [DEBUG]: Requesting index 60 on port 5
2021-03-30 14:17:43,049 [DEBUG]: Added element [60]
2021-03-30 14:17:43,049 [DEBUG]: [5]: More variables, requesting index 61
2021-03-30 14:17:43,050 [DEBUG]: Requesting index 61 on port 5
2021-03-30 14:17:43,054 [DEBUG]: Added element [61]
2021-03-30 14:17:43,054 [DEBUG]: [5]: More variables, requesting index 62
2021-03-30 14:17:43,054 [DEBUG]: Requesting index 62 on port 5
2021-03-30 14:17:43,058 [DEBUG]: Added element [62]
2021-03-30 14:17:43,059 [DEBUG]: [5]: More variables, requesting index 63
2021-03-30 14:17:43,059 [DEBUG]: Requesting index 63 on port 5
2021-03-30 14:17:43,063 [DEBUG]: Added element [63]
2021-03-30 14:17:43,063 [DEBUG]: [5]: More variables, requesting index 64
2021-03-30 14:17:43,063 [DEBUG]: Requesting index 64 on port 5
2021-03-30 14:17:43,067 [DEBUG]: Added element [64]
2021-03-30 14:17:43,068 [DEBUG]: [5]: More variables, requesting index 65
2021-03-30 14:17:43,068 [DEBUG]: Requesting index 65 on port 5
2021-03-30 14:17:43,072 [DEBUG]: Added element [65]
2021-03-30 14:17:43,072 [DEBUG]: [5]: More variables, requesting index 66
2021-03-30 14:17:43,072 [DEBUG]: Requesting index 66 on port 5
2021-03-30 14:17:43,085 [DEBUG]: Added element [66]
2021-03-30 14:17:43,085 [DEBUG]: [5]: More variables, requesting index 67
2021-03-30 14:17:43,085 [DEBUG]: Requesting index 67 on port 5
2021-03-30 14:17:43,089 [DEBUG]: Added element [67]
2021-03-30 14:17:43,090 [DEBUG]: [5]: More variables, requesting index 68
2021-03-30 14:17:43,090 [DEBUG]: Requesting index 68 on port 5
2021-03-30 14:17:43,095 [DEBUG]: Added element [68]
2021-03-30 14:17:43,095 [DEBUG]: [5]: More variables, requesting index 69
2021-03-30 14:17:43,095 [DEBUG]: Requesting index 69 on port 5
2021-03-30 14:17:43,100 [DEBUG]: Added element [69]
2021-03-30 14:17:43,100 [DEBUG]: [5]: More variables, requesting index 70
2021-03-30 14:17:43,100 [DEBUG]: Requesting index 70 on port 5
2021-03-30 14:17:43,105 [DEBUG]: Added element [70]
2021-03-30 14:17:43,105 [DEBUG]: [5]: More variables, requesting index 71
2021-03-30 14:17:43,105 [DEBUG]: Requesting index 71 on port 5
2021-03-30 14:17:43,110 [DEBUG]: Added element [71]
2021-03-30 14:17:43,110 [DEBUG]: [5]: More variables, requesting index 72
2021-03-30 14:17:43,110 [DEBUG]: Requesting index 72 on port 5
2021-03-30 14:17:43,114 [DEBUG]: Added element [72]
2021-03-30 14:17:43,114 [DEBUG]: [5]: More variables, requesting index 73
2021-03-30 14:17:43,114 [DEBUG]: Requesting index 73 on port 5
2021-03-30 14:17:43,118 [DEBUG]: Added element [73]
2021-03-30 14:17:43,118 [DEBUG]: [5]: More variables, requesting index 74
2021-03-30 14:17:43,118 [DEBUG]: Requesting index 74 on port 5
2021-03-30 14:17:43,121 [DEBUG]: Added element [74]
2021-03-30 14:17:43,122 [DEBUG]: [5]: More variables, requesting index 75
2021-03-30 14:17:43,122 [DEBUG]: Requesting index 75 on port 5
2021-03-30 14:17:43,125 [DEBUG]: Added element [75]
2021-03-30 14:17:43,125 [DEBUG]: [5]: More variables, requesting index 76
2021-03-30 14:17:43,125 [DEBUG]: Requesting index 76 on port 5
2021-03-30 14:17:43,129 [DEBUG]: Added element [76]
2021-03-30 14:17:43,129 [DEBUG]: [5]: More variables, requesting index 77
2021-03-30 14:17:43,130 [DEBUG]: Requesting index 77 on port 5
2021-03-30 14:17:43,134 [DEBUG]: Added element [77]
2021-03-30 14:17:43,134 [DEBUG]: [5]: More variables, requesting index 78
2021-03-30 14:17:43,134 [DEBUG]: Requesting index 78 on port 5
2021-03-30 14:17:43,139 [DEBUG]: Added element [78]
2021-03-30 14:17:43,139 [DEBUG]: [5]: More variables, requesting index 79
2021-03-30 14:17:43,139 [DEBUG]: Requesting index 79 on port 5
2021-03-30 14:17:43,143 [DEBUG]: Added element [79]
2021-03-30 14:17:43,144 [DEBUG]: [5]: More variables, requesting index 80
2021-03-30 14:17:43,144 [DEBUG]: Requesting index 80 on port 5
2021-03-30 14:17:43,150 [DEBUG]: Added element [80]
2021-03-30 14:17:43,150 [DEBUG]: [5]: More variables, requesting index 81
2021-03-30 14:17:43,150 [DEBUG]: Requesting index 81 on port 5
2021-03-30 14:17:43,154 [DEBUG]: Added element [81]
2021-03-30 14:17:43,154 [DEBUG]: [5]: More variables, requesting index 82
2021-03-30 14:17:43,154 [DEBUG]: Requesting index 82 on port 5
2021-03-30 14:17:43,158 [DEBUG]: Added element [82]
2021-03-30 14:17:43,159 [DEBUG]: [5]: More variables, requesting index 83
2021-03-30 14:17:43,159 [DEBUG]: Requesting index 83 on port 5
2021-03-30 14:17:43,163 [DEBUG]: Added element [83]
2021-03-30 14:17:43,163 [DEBUG]: [5]: More variables, requesting index 84
2021-03-30 14:17:43,163 [DEBUG]: Requesting index 84 on port 5
2021-03-30 14:17:43,168 [DEBUG]: Added element [84]
2021-03-30 14:17:43,168 [DEBUG]: [5]: More variables, requesting index 85
2021-03-30 14:17:43,169 [DEBUG]: Requesting index 85 on port 5
2021-03-30 14:17:43,173 [DEBUG]: Added element [85]
2021-03-30 14:17:43,173 [DEBUG]: [5]: More variables, requesting index 86
2021-03-30 14:17:43,173 [DEBUG]: Requesting index 86 on port 5
2021-03-30 14:17:43,176 [DEBUG]: Added element [86]
2021-03-30 14:17:43,176 [DEBUG]: [5]: More variables, requesting index 87
2021-03-30 14:17:43,177 [DEBUG]: Requesting index 87 on port 5
2021-03-30 14:17:43,181 [DEBUG]: Added element [87]
2021-03-30 14:17:43,181 [DEBUG]: [5]: More variables, requesting index 88
2021-03-30 14:17:43,181 [DEBUG]: Requesting index 88 on port 5
2021-03-30 14:17:43,185 [DEBUG]: Added element [88]
2021-03-30 14:17:43,186 [DEBUG]: [5]: More variables, requesting index 89
2021-03-30 14:17:43,186 [DEBUG]: Requesting index 89 on port 5
2021-03-30 14:17:43,190 [DEBUG]: Added element [89]
2021-03-30 14:17:43,190 [DEBUG]: [5]: More variables, requesting index 90
2021-03-30 14:17:43,190 [DEBUG]: Requesting index 90 on port 5
2021-03-30 14:17:43,194 [DEBUG]: Added element [90]
2021-03-30 14:17:43,195 [DEBUG]: [5]: More variables, requesting index 91
2021-03-30 14:17:43,195 [DEBUG]: Requesting index 91 on port 5
2021-03-30 14:17:43,199 [DEBUG]: Added element [91]
2021-03-30 14:17:43,199 [DEBUG]: [5]: More variables, requesting index 92
2021-03-30 14:17:43,199 [DEBUG]: Requesting index 92 on port 5
2021-03-30 14:17:43,203 [DEBUG]: Added element [92]
2021-03-30 14:17:43,203 [DEBUG]: [5]: More variables, requesting index 93
2021-03-30 14:17:43,204 [DEBUG]: Requesting index 93 on port 5
2021-03-30 14:17:43,217 [DEBUG]: Added element [93]
2021-03-30 14:17:43,217 [DEBUG]: [5]: More variables, requesting index 94
2021-03-30 14:17:43,217 [DEBUG]: Requesting index 94 on port 5
2021-03-30 14:17:43,223 [DEBUG]: Added element [94]
2021-03-30 14:17:43,223 [DEBUG]: [5]: More variables, requesting index 95
2021-03-30 14:17:43,223 [DEBUG]: Requesting index 95 on port 5
2021-03-30 14:17:43,227 [DEBUG]: Added element [95]
2021-03-30 14:17:43,227 [DEBUG]: [5]: More variables, requesting index 96
2021-03-30 14:17:43,227 [DEBUG]: Requesting index 96 on port 5
2021-03-30 14:17:43,230 [DEBUG]: Added element [96]
2021-03-30 14:17:43,231 [DEBUG]: [5]: More variables, requesting index 97
2021-03-30 14:17:43,231 [DEBUG]: Requesting index 97 on port 5
2021-03-30 14:17:43,235 [DEBUG]: Added element [97]
2021-03-30 14:17:43,235 [DEBUG]: [5]: More variables, requesting index 98
2021-03-30 14:17:43,235 [DEBUG]: Requesting index 98 on port 5
2021-03-30 14:17:43,239 [DEBUG]: Added element [98]
2021-03-30 14:17:43,239 [DEBUG]: [5]: More variables, requesting index 99
2021-03-30 14:17:43,239 [DEBUG]: Requesting index 99 on port 5
2021-03-30 14:17:43,244 [DEBUG]: Added element [99]
2021-03-30 14:17:43,244 [DEBUG]: [5]: More variables, requesting index 100
2021-03-30 14:17:43,244 [DEBUG]: Requesting index 100 on port 5
2021-03-30 14:17:43,248 [DEBUG]: Added element [100]
2021-03-30 14:17:43,248 [DEBUG]: [5]: More variables, requesting index 101
2021-03-30 14:17:43,248 [DEBUG]: Requesting index 101 on port 5
2021-03-30 14:17:43,252 [DEBUG]: Added element [101]
2021-03-30 14:17:43,252 [DEBUG]: [5]: More variables, requesting index 102
2021-03-30 14:17:43,252 [DEBUG]: Requesting index 102 on port 5
2021-03-30 14:17:43,256 [DEBUG]: Added element [102]
2021-03-30 14:17:43,256 [DEBUG]: [5]: More variables, requesting index 103
2021-03-30 14:17:43,256 [DEBUG]: Requesting index 103 on port 5
2021-03-30 14:17:43,261 [DEBUG]: Added element [103]
2021-03-30 14:17:43,261 [DEBUG]: [5]: More variables, requesting index 104
2021-03-30 14:17:43,261 [DEBUG]: Requesting index 104 on port 5
2021-03-30 14:17:43,265 [DEBUG]: Added element [104]
2021-03-30 14:17:43,265 [DEBUG]: [5]: More variables, requesting index 105
2021-03-30 14:17:43,265 [DEBUG]: Requesting index 105 on port 5
2021-03-30 14:17:43,270 [DEBUG]: Added element [105]
2021-03-30 14:17:43,270 [DEBUG]: [5]: More variables, requesting index 106
2021-03-30 14:17:43,270 [DEBUG]: Requesting index 106 on port 5
2021-03-30 14:17:43,274 [DEBUG]: Added element [106]
2021-03-30 14:17:43,275 [DEBUG]: [5]: More variables, requesting index 107
2021-03-30 14:17:43,275 [DEBUG]: Requesting index 107 on port 5
2021-03-30 14:17:43,279 [DEBUG]: Added element [107]
2021-03-30 14:17:43,279 [DEBUG]: [5]: More variables, requesting index 108
2021-03-30 14:17:43,279 [DEBUG]: Requesting index 108 on port 5
2021-03-30 14:17:43,283 [DEBUG]: Added element [108]
2021-03-30 14:17:43,284 [DEBUG]: [5]: More variables, requesting index 109
2021-03-30 14:17:43,284 [DEBUG]: Requesting index 109 on port 5
2021-03-30 14:17:43,288 [DEBUG]: Added element [109]
2021-03-30 14:17:43,288 [DEBUG]: [5]: More variables, requesting index 110
2021-03-30 14:17:43,288 [DEBUG]: Requesting index 110 on port 5
2021-03-30 14:17:43,292 [DEBUG]: Added element [110]
2021-03-30 14:17:43,292 [DEBUG]: [5]: More variables, requesting index 111
2021-03-30 14:17:43,293 [DEBUG]: Requesting index 111 on port 5
2021-03-30 14:17:43,297 [DEBUG]: Added element [111]
2021-03-30 14:17:43,297 [DEBUG]: [5]: More variables, requesting index 112
2021-03-30 14:17:43,297 [DEBUG]: Requesting index 112 on port 5
2021-03-30 14:17:43,301 [DEBUG]: Added element [112]
2021-03-30 14:17:43,302 [DEBUG]: [5]: More variables, requesting index 113
2021-03-30 14:17:43,302 [DEBUG]: Requesting index 113 on port 5
2021-03-30 14:17:43,306 [DEBUG]: Added element [113]
2021-03-30 14:17:43,306 [DEBUG]: [5]: More variables, requesting index 114
2021-03-30 14:17:43,306 [DEBUG]: Requesting index 114 on port 5
2021-03-30 14:17:43,309 [DEBUG]: Added element [114]
2021-03-30 14:17:43,310 [DEBUG]: [5]: More variables, requesting index 115
2021-03-30 14:17:43,310 [DEBUG]: Requesting index 115 on port 5
2021-03-30 14:17:43,313 [DEBUG]: Added element [115]
2021-03-30 14:17:43,313 [DEBUG]: [5]: More variables, requesting index 116
2021-03-30 14:17:43,313 [DEBUG]: Requesting index 116 on port 5
2021-03-30 14:17:43,317 [DEBUG]: Added element [116]
2021-03-30 14:17:43,318 [DEBUG]: [5]: More variables, requesting index 117
2021-03-30 14:17:43,318 [DEBUG]: Requesting index 117 on port 5
2021-03-30 14:17:43,322 [DEBUG]: Added element [117]
2021-03-30 14:17:43,322 [DEBUG]: [5]: More variables, requesting index 118
2021-03-30 14:17:43,322 [DEBUG]: Requesting index 118 on port 5
2021-03-30 14:17:43,326 [DEBUG]: Added element [118]
2021-03-30 14:17:43,327 [DEBUG]: [5]: More variables, requesting index 119
2021-03-30 14:17:43,327 [DEBUG]: Requesting index 119 on port 5
2021-03-30 14:17:43,331 [DEBUG]: Added element [119]
2021-03-30 14:17:43,331 [DEBUG]: [5]: More variables, requesting index 120
2021-03-30 14:17:43,331 [DEBUG]: Requesting index 120 on port 5
2021-03-30 14:17:43,345 [DEBUG]: Added element [120]
2021-03-30 14:17:43,346 [DEBUG]: [5]: More variables, requesting index 121
2021-03-30 14:17:43,346 [DEBUG]: Requesting index 121 on port 5
2021-03-30 14:17:43,353 [DEBUG]: Added element [121]
2021-03-30 14:17:43,353 [DEBUG]: [5]: More variables, requesting index 122
2021-03-30 14:17:43,353 [DEBUG]: Requesting index 122 on port 5
2021-03-30 14:17:43,359 [DEBUG]: Added element [122]
2021-03-30 14:17:43,360 [DEBUG]: [5]: More variables, requesting index 123
2021-03-30 14:17:43,361 [DEBUG]: Requesting index 123 on port 5
2021-03-30 14:17:43,368 [DEBUG]: Added element [123]
2021-03-30 14:17:43,368 [DEBUG]: [5]: More variables, requesting index 124
2021-03-30 14:17:43,369 [DEBUG]: Requesting index 124 on port 5
2021-03-30 14:17:43,374 [DEBUG]: Added element [124]
2021-03-30 14:17:43,374 [DEBUG]: [5]: More variables, requesting index 125
2021-03-30 14:17:43,375 [DEBUG]: Requesting index 125 on port 5
2021-03-30 14:17:43,380 [DEBUG]: Added element [125]
2021-03-30 14:17:43,380 [DEBUG]: [5]: More variables, requesting index 126
2021-03-30 14:17:43,380 [DEBUG]: Requesting index 126 on port 5
2021-03-30 14:17:43,384 [DEBUG]: Added element [126]
2021-03-30 14:17:43,384 [DEBUG]: [5]: More variables, requesting index 127
2021-03-30 14:17:43,385 [DEBUG]: Requesting index 127 on port 5
2021-03-30 14:17:43,389 [DEBUG]: Added element [127]
2021-03-30 14:17:43,389 [DEBUG]: [5]: More variables, requesting index 128
2021-03-30 14:17:43,389 [DEBUG]: Requesting index 128 on port 5
2021-03-30 14:17:43,393 [DEBUG]: Added element [128]
2021-03-30 14:17:43,394 [DEBUG]: [5]: More variables, requesting index 129
2021-03-30 14:17:43,394 [DEBUG]: Requesting index 129 on port 5
2021-03-30 14:17:43,398 [DEBUG]: Added element [129]
2021-03-30 14:17:43,398 [DEBUG]: [5]: More variables, requesting index 130
2021-03-30 14:17:43,398 [DEBUG]: Requesting index 130 on port 5
2021-03-30 14:17:43,403 [DEBUG]: Added element [130]
2021-03-30 14:17:43,403 [DEBUG]: [5]: More variables, requesting index 131
2021-03-30 14:17:43,403 [DEBUG]: Requesting index 131 on port 5
2021-03-30 14:17:43,409 [DEBUG]: Added element [131]
2021-03-30 14:17:43,409 [DEBUG]: [5]: More variables, requesting index 132
2021-03-30 14:17:43,409 [DEBUG]: Requesting index 132 on port 5
2021-03-30 14:17:43,413 [DEBUG]: Added element [132]
2021-03-30 14:17:43,414 [DEBUG]: [5]: More variables, requesting index 133
2021-03-30 14:17:43,414 [DEBUG]: Requesting index 133 on port 5
2021-03-30 14:17:43,418 [DEBUG]: Added element [133]
2021-03-30 14:17:43,418 [DEBUG]: [5]: More variables, requesting index 134
2021-03-30 14:17:43,418 [DEBUG]: Requesting index 134 on port 5
2021-03-30 14:17:43,422 [DEBUG]: Added element [134]
2021-03-30 14:17:43,423 [DEBUG]: [5]: More variables, requesting index 135
2021-03-30 14:17:43,423 [DEBUG]: Requesting index 135 on port 5
2021-03-30 14:17:43,428 [DEBUG]: Added element [135]
2021-03-30 14:17:43,428 [DEBUG]: [5]: More variables, requesting index 136
2021-03-30 14:17:43,428 [DEBUG]: Requesting index 136 on port 5
2021-03-30 14:17:43,432 [DEBUG]: Added element [136]
2021-03-30 14:17:43,432 [DEBUG]: [5]: More variables, requesting index 137
2021-03-30 14:17:43,433 [DEBUG]: Requesting index 137 on port 5
2021-03-30 14:17:43,437 [DEBUG]: Added element [137]
2021-03-30 14:17:43,437 [DEBUG]: [5]: More variables, requesting index 138
2021-03-30 14:17:43,437 [DEBUG]: Requesting index 138 on port 5
2021-03-30 14:17:43,441 [DEBUG]: Added element [138]
2021-03-30 14:17:43,441 [DEBUG]: [5]: More variables, requesting index 139
2021-03-30 14:17:43,442 [DEBUG]: Requesting index 139 on port 5
2021-03-30 14:17:43,446 [DEBUG]: Added element [139]
2021-03-30 14:17:43,446 [DEBUG]: [5]: More variables, requesting index 140
2021-03-30 14:17:43,446 [DEBUG]: Requesting index 140 on port 5
2021-03-30 14:17:43,450 [DEBUG]: Added element [140]
2021-03-30 14:17:43,451 [DEBUG]: [5]: More variables, requesting index 141
2021-03-30 14:17:43,451 [DEBUG]: Requesting index 141 on port 5
2021-03-30 14:17:43,455 [DEBUG]: Added element [141]
2021-03-30 14:17:43,455 [DEBUG]: [5]: More variables, requesting index 142
2021-03-30 14:17:43,455 [DEBUG]: Requesting index 142 on port 5
2021-03-30 14:17:43,460 [DEBUG]: Added element [142]
2021-03-30 14:17:43,460 [DEBUG]: [5]: More variables, requesting index 143
2021-03-30 14:17:43,460 [DEBUG]: Requesting index 143 on port 5
2021-03-30 14:17:43,473 [DEBUG]: Added element [143]
2021-03-30 14:17:43,473 [DEBUG]: [5]: More variables, requesting index 144
2021-03-30 14:17:43,473 [DEBUG]: Requesting index 144 on port 5
2021-03-30 14:17:43,477 [DEBUG]: Added element [144]
2021-03-30 14:17:43,477 [DEBUG]: [5]: More variables, requesting index 145
2021-03-30 14:17:43,477 [DEBUG]: Requesting index 145 on port 5
2021-03-30 14:17:43,482 [DEBUG]: Added element [145]
2021-03-30 14:17:43,482 [DEBUG]: [5]: More variables, requesting index 146
2021-03-30 14:17:43,482 [DEBUG]: Requesting index 146 on port 5
2021-03-30 14:17:43,487 [DEBUG]: Added element [146]
2021-03-30 14:17:43,487 [DEBUG]: [5]: More variables, requesting index 147
2021-03-30 14:17:43,487 [DEBUG]: Requesting index 147 on port 5
2021-03-30 14:17:43,492 [DEBUG]: Added element [147]
2021-03-30 14:17:43,492 [DEBUG]: [5]: More variables, requesting index 148
2021-03-30 14:17:43,492 [DEBUG]: Requesting index 148 on port 5
2021-03-30 14:17:43,497 [DEBUG]: Added element [148]
2021-03-30 14:17:43,497 [DEBUG]: [5]: More variables, requesting index 149
2021-03-30 14:17:43,497 [DEBUG]: Requesting index 149 on port 5
2021-03-30 14:17:43,501 [DEBUG]: Added element [149]
2021-03-30 14:17:43,501 [DEBUG]: [5]: More variables, requesting index 150
2021-03-30 14:17:43,501 [DEBUG]: Requesting index 150 on port 5
2021-03-30 14:17:43,506 [DEBUG]: Added element [150]
2021-03-30 14:17:43,507 [DEBUG]: [5]: More variables, requesting index 151
2021-03-30 14:17:43,507 [DEBUG]: Requesting index 151 on port 5
2021-03-30 14:17:43,511 [DEBUG]: Added element [151]
2021-03-30 14:17:43,511 [DEBUG]: [5]: More variables, requesting index 152
2021-03-30 14:17:43,511 [DEBUG]: Requesting index 152 on port 5
2021-03-30 14:17:43,515 [DEBUG]: Added element [152]
2021-03-30 14:17:43,516 [DEBUG]: [5]: More variables, requesting index 153
2021-03-30 14:17:43,516 [DEBUG]: Requesting index 153 on port 5
2021-03-30 14:17:43,520 [DEBUG]: Added element [153]
2021-03-30 14:17:43,520 [DEBUG]: [5]: More variables, requesting index 154
2021-03-30 14:17:43,520 [DEBUG]: Requesting index 154 on port 5
2021-03-30 14:17:43,524 [DEBUG]: Added element [154]
2021-03-30 14:17:43,525 [DEBUG]: [5]: More variables, requesting index 155
2021-03-30 14:17:43,525 [DEBUG]: Requesting index 155 on port 5
2021-03-30 14:17:43,529 [DEBUG]: Added element [155]
2021-03-30 14:17:43,529 [DEBUG]: [5]: More variables, requesting index 156
2021-03-30 14:17:43,529 [DEBUG]: Requesting index 156 on port 5
2021-03-30 14:17:43,533 [DEBUG]: Added element [156]
2021-03-30 14:17:43,533 [DEBUG]: [5]: More variables, requesting index 157
2021-03-30 14:17:43,534 [DEBUG]: Requesting index 157 on port 5
2021-03-30 14:17:43,538 [DEBUG]: Added element [157]
2021-03-30 14:17:43,538 [DEBUG]: [5]: More variables, requesting index 158
2021-03-30 14:17:43,538 [DEBUG]: Requesting index 158 on port 5
2021-03-30 14:17:43,542 [DEBUG]: Added element [158]
2021-03-30 14:17:43,542 [DEBUG]: [5]: More variables, requesting index 159
2021-03-30 14:17:43,543 [DEBUG]: Requesting index 159 on port 5
2021-03-30 14:17:43,547 [DEBUG]: Added element [159]
2021-03-30 14:17:43,547 [DEBUG]: [5]: More variables, requesting index 160
2021-03-30 14:17:43,547 [DEBUG]: Requesting index 160 on port 5
2021-03-30 14:17:43,550 [DEBUG]: Added element [160]
2021-03-30 14:17:43,550 [DEBUG]: [5]: More variables, requesting index 161
2021-03-30 14:17:43,550 [DEBUG]: Requesting index 161 on port 5
2021-03-30 14:17:43,554 [DEBUG]: Added element [161]
2021-03-30 14:17:43,555 [DEBUG]: [5]: More variables, requesting index 162
2021-03-30 14:17:43,555 [DEBUG]: Requesting index 162 on port 5
2021-03-30 14:17:43,559 [DEBUG]: Added element [162]
2021-03-30 14:17:43,559 [DEBUG]: [5]: More variables, requesting index 163
2021-03-30 14:17:43,559 [DEBUG]: Requesting index 163 on port 5
2021-03-30 14:17:43,563 [DEBUG]: Added element [163]
2021-03-30 14:17:43,563 [DEBUG]: [5]: More variables, requesting index 164
2021-03-30 14:17:43,563 [DEBUG]: Requesting index 164 on port 5
2021-03-30 14:17:43,567 [DEBUG]: Added element [164]
2021-03-30 14:17:43,567 [DEBUG]: [5]: More variables, requesting index 165
2021-03-30 14:17:43,567 [DEBUG]: Requesting index 165 on port 5
2021-03-30 14:17:43,572 [DEBUG]: Added element [165]
2021-03-30 14:17:43,572 [DEBUG]: [5]: More variables, requesting index 166
2021-03-30 14:17:43,572 [DEBUG]: Requesting index 166 on port 5
2021-03-30 14:17:43,575 [DEBUG]: Added element [166]
2021-03-30 14:17:43,575 [DEBUG]: [5]: More variables, requesting index 167
2021-03-30 14:17:43,575 [DEBUG]: Requesting index 167 on port 5
2021-03-30 14:17:43,579 [DEBUG]: Added element [167]
2021-03-30 14:17:43,580 [DEBUG]: [5]: More variables, requesting index 168
2021-03-30 14:17:43,580 [DEBUG]: Requesting index 168 on port 5
2021-03-30 14:17:43,584 [DEBUG]: Added element [168]
2021-03-30 14:17:43,584 [DEBUG]: [5]: More variables, requesting index 169
2021-03-30 14:17:43,584 [DEBUG]: Requesting index 169 on port 5
2021-03-30 14:17:43,589 [DEBUG]: Added element [169]
2021-03-30 14:17:43,589 [DEBUG]: [5]: More variables, requesting index 170
2021-03-30 14:17:43,589 [DEBUG]: Requesting index 170 on port 5
2021-03-30 14:17:43,601 [DEBUG]: Added element [170]
2021-03-30 14:17:43,602 [DEBUG]: [5]: More variables, requesting index 171
2021-03-30 14:17:43,602 [DEBUG]: Requesting index 171 on port 5
2021-03-30 14:17:43,606 [DEBUG]: Added element [171]
2021-03-30 14:17:43,606 [DEBUG]: [5]: More variables, requesting index 172
2021-03-30 14:17:43,606 [DEBUG]: Requesting index 172 on port 5
2021-03-30 14:17:43,610 [DEBUG]: Added element [172]
2021-03-30 14:17:43,610 [DEBUG]: [5]: More variables, requesting index 173
2021-03-30 14:17:43,610 [DEBUG]: Requesting index 173 on port 5
2021-03-30 14:17:43,614 [DEBUG]: Added element [173]
2021-03-30 14:17:43,614 [DEBUG]: [5]: More variables, requesting index 174
2021-03-30 14:17:43,615 [DEBUG]: Requesting index 174 on port 5
2021-03-30 14:17:43,619 [DEBUG]: Added element [174]
2021-03-30 14:17:43,619 [DEBUG]: [5]: More variables, requesting index 175
2021-03-30 14:17:43,619 [DEBUG]: Requesting index 175 on port 5
2021-03-30 14:17:43,624 [DEBUG]: Added element [175]
2021-03-30 14:17:43,625 [DEBUG]: [5]: More variables, requesting index 176
2021-03-30 14:17:43,625 [DEBUG]: Requesting index 176 on port 5
2021-03-30 14:17:43,629 [DEBUG]: Added element [176]
2021-03-30 14:17:43,629 [DEBUG]: [5]: More variables, requesting index 177
2021-03-30 14:17:43,629 [DEBUG]: Requesting index 177 on port 5
2021-03-30 14:17:43,633 [DEBUG]: Added element [177]
2021-03-30 14:17:43,634 [DEBUG]: [5]: More variables, requesting index 178
2021-03-30 14:17:43,634 [DEBUG]: Requesting index 178 on port 5
2021-03-30 14:17:43,638 [DEBUG]: Added element [178]
2021-03-30 14:17:43,638 [DEBUG]: [5]: More variables, requesting index 179
2021-03-30 14:17:43,638 [DEBUG]: Requesting index 179 on port 5
2021-03-30 14:17:43,643 [DEBUG]: Added element [179]
2021-03-30 14:17:43,643 [DEBUG]: [5]: More variables, requesting index 180
2021-03-30 14:17:43,643 [DEBUG]: Requesting index 180 on port 5
2021-03-30 14:17:43,647 [DEBUG]: Added element [180]
2021-03-30 14:17:43,647 [DEBUG]: [5]: More variables, requesting index 181
2021-03-30 14:17:43,648 [DEBUG]: Requesting index 181 on port 5
2021-03-30 14:17:43,652 [DEBUG]: Added element [181]
2021-03-30 14:17:43,652 [DEBUG]: [5]: More variables, requesting index 182
2021-03-30 14:17:43,652 [DEBUG]: Requesting index 182 on port 5
2021-03-30 14:17:43,656 [DEBUG]: Added element [182]
2021-03-30 14:17:43,656 [DEBUG]: [5]: More variables, requesting index 183
2021-03-30 14:17:43,656 [DEBUG]: Requesting index 183 on port 5
2021-03-30 14:17:43,660 [DEBUG]: Added element [183]
2021-03-30 14:17:43,661 [DEBUG]: [5]: More variables, requesting index 184
2021-03-30 14:17:43,661 [DEBUG]: Requesting index 184 on port 5
2021-03-30 14:17:43,665 [DEBUG]: Added element [184]
2021-03-30 14:17:43,665 [DEBUG]: [5]: More variables, requesting index 185
2021-03-30 14:17:43,665 [DEBUG]: Requesting index 185 on port 5
2021-03-30 14:17:43,670 [DEBUG]: Added element [185]
2021-03-30 14:17:43,670 [DEBUG]: [5]: More variables, requesting index 186
2021-03-30 14:17:43,670 [DEBUG]: Requesting index 186 on port 5
2021-03-30 14:17:43,674 [DEBUG]: Added element [186]
2021-03-30 14:17:43,674 [DEBUG]: [5]: More variables, requesting index 187
2021-03-30 14:17:43,674 [DEBUG]: Requesting index 187 on port 5
2021-03-30 14:17:43,678 [DEBUG]: Added element [187]
2021-03-30 14:17:43,679 [DEBUG]: [5]: More variables, requesting index 188
2021-03-30 14:17:43,679 [DEBUG]: Requesting index 188 on port 5
2021-03-30 14:17:43,684 [DEBUG]: Added element [188]
2021-03-30 14:17:43,684 [DEBUG]: [5]: More variables, requesting index 189
2021-03-30 14:17:43,684 [DEBUG]: Requesting index 189 on port 5
2021-03-30 14:17:43,688 [DEBUG]: Added element [189]
2021-03-30 14:17:43,688 [DEBUG]: [5]: More variables, requesting index 190
2021-03-30 14:17:43,688 [DEBUG]: Requesting index 190 on port 5
2021-03-30 14:17:43,692 [DEBUG]: Added element [190]
2021-03-30 14:17:43,692 [DEBUG]: [5]: More variables, requesting index 191
2021-03-30 14:17:43,692 [DEBUG]: Requesting index 191 on port 5
2021-03-30 14:17:43,696 [DEBUG]: Added element [191]
2021-03-30 14:17:43,697 [DEBUG]: [5]: More variables, requesting index 192
2021-03-30 14:17:43,697 [DEBUG]: Requesting index 192 on port 5
2021-03-30 14:17:43,701 [DEBUG]: Added element [192]
2021-03-30 14:17:43,701 [DEBUG]: [5]: More variables, requesting index 193
2021-03-30 14:17:43,701 [DEBUG]: Requesting index 193 on port 5
2021-03-30 14:17:43,705 [DEBUG]: Added element [193]
2021-03-30 14:17:43,705 [DEBUG]: [5]: More variables, requesting index 194
2021-03-30 14:17:43,706 [DEBUG]: Requesting index 194 on port 5
2021-03-30 14:17:43,710 [DEBUG]: Added element [194]
2021-03-30 14:17:43,710 [DEBUG]: [5]: More variables, requesting index 195
2021-03-30 14:17:43,710 [DEBUG]: Requesting index 195 on port 5
2021-03-30 14:17:43,714 [DEBUG]: Added element [195]
2021-03-30 14:17:43,714 [DEBUG]: [5]: More variables, requesting index 196
2021-03-30 14:17:43,715 [DEBUG]: Requesting index 196 on port 5
2021-03-30 14:17:43,719 [DEBUG]: Added element [196]
2021-03-30 14:17:43,719 [DEBUG]: [5]: More variables, requesting index 197
2021-03-30 14:17:43,719 [DEBUG]: Requesting index 197 on port 5
2021-03-30 14:17:43,732 [DEBUG]: Added element [197]
2021-03-30 14:17:43,732 [DEBUG]: [5]: More variables, requesting index 198
2021-03-30 14:17:43,732 [DEBUG]: Requesting index 198 on port 5
2021-03-30 14:17:43,737 [DEBUG]: Added element [198]
2021-03-30 14:17:43,737 [DEBUG]: [5]: More variables, requesting index 199
2021-03-30 14:17:43,737 [DEBUG]: Requesting index 199 on port 5
2021-03-30 14:17:43,742 [DEBUG]: Added element [199]
2021-03-30 14:17:43,742 [DEBUG]: [5]: More variables, requesting index 200
2021-03-30 14:17:43,742 [DEBUG]: Requesting index 200 on port 5
2021-03-30 14:17:43,746 [DEBUG]: Added element [200]
2021-03-30 14:17:43,746 [DEBUG]: [5]: More variables, requesting index 201
2021-03-30 14:17:43,747 [DEBUG]: Requesting index 201 on port 5
2021-03-30 14:17:43,752 [DEBUG]: Added element [201]
2021-03-30 14:17:43,752 [DEBUG]: [5]: More variables, requesting index 202
2021-03-30 14:17:43,752 [DEBUG]: Requesting index 202 on port 5
2021-03-30 14:17:43,756 [DEBUG]: Added element [202]
2021-03-30 14:17:43,756 [DEBUG]: [5]: More variables, requesting index 203
2021-03-30 14:17:43,756 [DEBUG]: Requesting index 203 on port 5
2021-03-30 14:17:43,760 [DEBUG]: Added element [203]
2021-03-30 14:17:43,761 [DEBUG]: [5]: More variables, requesting index 204
2021-03-30 14:17:43,761 [DEBUG]: Requesting index 204 on port 5
2021-03-30 14:17:43,765 [DEBUG]: Added element [204]
2021-03-30 14:17:43,765 [DEBUG]: [5]: More variables, requesting index 205
2021-03-30 14:17:43,765 [DEBUG]: Requesting index 205 on port 5
2021-03-30 14:17:43,769 [DEBUG]: Added element [205]
2021-03-30 14:17:43,770 [DEBUG]: [5]: More variables, requesting index 206
2021-03-30 14:17:43,770 [DEBUG]: Requesting index 206 on port 5
2021-03-30 14:17:43,774 [DEBUG]: Added element [206]
2021-03-30 14:17:43,774 [DEBUG]: [5]: More variables, requesting index 207
2021-03-30 14:17:43,774 [DEBUG]: Requesting index 207 on port 5
2021-03-30 14:17:43,778 [DEBUG]: Added element [207]
2021-03-30 14:17:43,778 [DEBUG]: [5]: More variables, requesting index 208
2021-03-30 14:17:43,779 [DEBUG]: Requesting index 208 on port 5
2021-03-30 14:17:43,783 [DEBUG]: Added element [208]
2021-03-30 14:17:43,783 [DEBUG]: [5]: More variables, requesting index 209
2021-03-30 14:17:43,783 [DEBUG]: Requesting index 209 on port 5
2021-03-30 14:17:43,787 [DEBUG]: Added element [209]
2021-03-30 14:17:43,787 [DEBUG]: [5]: More variables, requesting index 210
2021-03-30 14:17:43,787 [DEBUG]: Requesting index 210 on port 5
2021-03-30 14:17:43,791 [DEBUG]: Added element [210]
2021-03-30 14:17:43,791 [DEBUG]: [5]: More variables, requesting index 211
2021-03-30 14:17:43,791 [DEBUG]: Requesting index 211 on port 5
2021-03-30 14:17:43,796 [DEBUG]: Added element [211]
2021-03-30 14:17:43,796 [DEBUG]: [5]: More variables, requesting index 212
2021-03-30 14:17:43,796 [DEBUG]: Requesting index 212 on port 5
2021-03-30 14:17:43,801 [DEBUG]: Added element [212]
2021-03-30 14:17:43,801 [DEBUG]: [5]: More variables, requesting index 213
2021-03-30 14:17:43,801 [DEBUG]: Requesting index 213 on port 5
2021-03-30 14:17:43,805 [DEBUG]: Added element [213]
2021-03-30 14:17:43,805 [DEBUG]: [5]: More variables, requesting index 214
2021-03-30 14:17:43,805 [DEBUG]: Requesting index 214 on port 5
2021-03-30 14:17:43,810 [DEBUG]: Added element [214]
2021-03-30 14:17:43,810 [DEBUG]: [5]: More variables, requesting index 215
2021-03-30 14:17:43,810 [DEBUG]: Requesting index 215 on port 5
2021-03-30 14:17:43,814 [DEBUG]: Added element [215]
2021-03-30 14:17:43,814 [DEBUG]: [5]: More variables, requesting index 216
2021-03-30 14:17:43,815 [DEBUG]: Requesting index 216 on port 5
2021-03-30 14:17:43,819 [DEBUG]: Added element [216]
2021-03-30 14:17:43,819 [DEBUG]: [5]: More variables, requesting index 217
2021-03-30 14:17:43,819 [DEBUG]: Requesting index 217 on port 5
2021-03-30 14:17:43,823 [DEBUG]: Added element [217]
2021-03-30 14:17:43,823 [DEBUG]: [5]: More variables, requesting index 218
2021-03-30 14:17:43,824 [DEBUG]: Requesting index 218 on port 5
2021-03-30 14:17:43,828 [DEBUG]: Added element [218]
2021-03-30 14:17:43,828 [DEBUG]: [5]: More variables, requesting index 219
2021-03-30 14:17:43,828 [DEBUG]: Requesting index 219 on port 5
2021-03-30 14:17:43,833 [DEBUG]: Added element [219]
2021-03-30 14:17:43,833 [DEBUG]: [5]: More variables, requesting index 220
2021-03-30 14:17:43,833 [DEBUG]: Requesting index 220 on port 5
2021-03-30 14:17:43,837 [DEBUG]: Added element [220]
2021-03-30 14:17:43,837 [DEBUG]: [5]: More variables, requesting index 221
2021-03-30 14:17:43,837 [DEBUG]: Requesting index 221 on port 5
2021-03-30 14:17:43,842 [DEBUG]: Added element [221]
2021-03-30 14:17:43,842 [DEBUG]: [5]: More variables, requesting index 222
2021-03-30 14:17:43,842 [DEBUG]: Requesting index 222 on port 5
2021-03-30 14:17:43,855 [DEBUG]: Added element [222]
2021-03-30 14:17:43,856 [DEBUG]: [5]: More variables, requesting index 223
2021-03-30 14:17:43,856 [DEBUG]: Requesting index 223 on port 5
2021-03-30 14:17:43,859 [DEBUG]: Added element [223]
2021-03-30 14:17:43,859 [DEBUG]: [5]: More variables, requesting index 224
2021-03-30 14:17:43,859 [DEBUG]: Requesting index 224 on port 5
2021-03-30 14:17:43,863 [DEBUG]: Added element [224]
2021-03-30 14:17:43,863 [DEBUG]: [5]: More variables, requesting index 225
2021-03-30 14:17:43,863 [DEBUG]: Requesting index 225 on port 5
2021-03-30 14:17:43,867 [DEBUG]: Added element [225]
2021-03-30 14:17:43,867 [DEBUG]: [5]: More variables, requesting index 226
2021-03-30 14:17:43,867 [DEBUG]: Requesting index 226 on port 5
2021-03-30 14:17:43,871 [DEBUG]: Added element [226]
2021-03-30 14:17:43,871 [DEBUG]: [5]: More variables, requesting index 227
2021-03-30 14:17:43,871 [DEBUG]: Requesting index 227 on port 5
2021-03-30 14:17:43,875 [DEBUG]: Added element [227]
2021-03-30 14:17:43,875 [DEBUG]: [5]: More variables, requesting index 228
2021-03-30 14:17:43,876 [DEBUG]: Requesting index 228 on port 5
2021-03-30 14:17:43,879 [DEBUG]: Added element [228]
2021-03-30 14:17:43,879 [DEBUG]: [5]: More variables, requesting index 229
2021-03-30 14:17:43,880 [DEBUG]: Requesting index 229 on port 5
2021-03-30 14:17:43,883 [DEBUG]: Added element [229]
2021-03-30 14:17:43,884 [DEBUG]: [5]: More variables, requesting index 230
2021-03-30 14:17:43,884 [DEBUG]: Requesting index 230 on port 5
2021-03-30 14:17:43,888 [DEBUG]: Added element [230]
2021-03-30 14:17:43,888 [DEBUG]: [5]: More variables, requesting index 231
2021-03-30 14:17:43,888 [DEBUG]: Requesting index 231 on port 5
2021-03-30 14:17:43,893 [DEBUG]: Added element [231]
2021-03-30 14:17:43,893 [DEBUG]: [5]: More variables, requesting index 232
2021-03-30 14:17:43,893 [DEBUG]: Requesting index 232 on port 5
2021-03-30 14:17:43,897 [DEBUG]: Added element [232]
2021-03-30 14:17:43,897 [DEBUG]: [5]: More variables, requesting index 233
2021-03-30 14:17:43,898 [DEBUG]: Requesting index 233 on port 5
2021-03-30 14:17:43,902 [DEBUG]: Added element [233]
2021-03-30 14:17:43,902 [DEBUG]: [5]: More variables, requesting index 234
2021-03-30 14:17:43,902 [DEBUG]: Requesting index 234 on port 5
2021-03-30 14:17:43,906 [DEBUG]: Added element [234]
2021-03-30 14:17:43,907 [DEBUG]: [5]: More variables, requesting index 235
2021-03-30 14:17:43,907 [DEBUG]: Requesting index 235 on port 5
2021-03-30 14:17:43,911 [DEBUG]: Added element [235]
2021-03-30 14:17:43,911 [DEBUG]: [5]: More variables, requesting index 236
2021-03-30 14:17:43,911 [DEBUG]: Requesting index 236 on port 5
2021-03-30 14:17:43,915 [DEBUG]: Added element [236]
2021-03-30 14:17:43,916 [DEBUG]: [5]: More variables, requesting index 237
2021-03-30 14:17:43,916 [DEBUG]: Requesting index 237 on port 5
2021-03-30 14:17:43,920 [DEBUG]: Added element [237]
2021-03-30 14:17:43,920 [DEBUG]: [5]: More variables, requesting index 238
2021-03-30 14:17:43,920 [DEBUG]: Requesting index 238 on port 5
2021-03-30 14:17:43,925 [DEBUG]: Added element [238]
2021-03-30 14:17:43,925 [DEBUG]: [5]: More variables, requesting index 239
2021-03-30 14:17:43,925 [DEBUG]: Requesting index 239 on port 5
2021-03-30 14:17:43,929 [DEBUG]: Added element [239]
2021-03-30 14:17:43,929 [DEBUG]: [5]: More variables, requesting index 240
2021-03-30 14:17:43,929 [DEBUG]: Requesting index 240 on port 5
2021-03-30 14:17:43,934 [DEBUG]: Added element [240]
2021-03-30 14:17:43,934 [DEBUG]: [5]: More variables, requesting index 241
2021-03-30 14:17:43,934 [DEBUG]: Requesting index 241 on port 5
2021-03-30 14:17:43,938 [DEBUG]: Added element [241]
2021-03-30 14:17:43,938 [DEBUG]: [5]: More variables, requesting index 242
2021-03-30 14:17:43,939 [DEBUG]: Requesting index 242 on port 5
2021-03-30 14:17:43,943 [DEBUG]: Added element [242]
2021-03-30 14:17:43,943 [DEBUG]: [5]: More variables, requesting index 243
2021-03-30 14:17:43,943 [DEBUG]: Requesting index 243 on port 5
2021-03-30 14:17:43,947 [DEBUG]: Added element [243]
2021-03-30 14:17:43,948 [DEBUG]: [5]: More variables, requesting index 244
2021-03-30 14:17:43,948 [DEBUG]: Requesting index 244 on port 5
2021-03-30 14:17:43,952 [DEBUG]: Added element [244]
2021-03-30 14:17:43,952 [DEBUG]: [5]: More variables, requesting index 245
2021-03-30 14:17:43,952 [DEBUG]: Requesting index 245 on port 5
2021-03-30 14:17:43,957 [DEBUG]: Added element [245]
2021-03-30 14:17:43,957 [DEBUG]: [5]: More variables, requesting index 246
2021-03-30 14:17:43,957 [DEBUG]: Requesting index 246 on port 5
2021-03-30 14:17:43,961 [DEBUG]: Added element [246]
2021-03-30 14:17:43,961 [DEBUG]: [5]: More variables, requesting index 247
2021-03-30 14:17:43,961 [DEBUG]: Requesting index 247 on port 5
2021-03-30 14:17:43,966 [DEBUG]: Added element [247]
2021-03-30 14:17:43,966 [DEBUG]: [5]: More variables, requesting index 248
2021-03-30 14:17:43,966 [DEBUG]: Requesting index 248 on port 5
2021-03-30 14:17:43,970 [DEBUG]: Added element [248]
2021-03-30 14:17:43,970 [DEBUG]: [5]: More variables, requesting index 249
2021-03-30 14:17:43,970 [DEBUG]: Requesting index 249 on port 5
2021-03-30 14:17:43,984 [DEBUG]: Added element [249]
2021-03-30 14:17:43,984 [DEBUG]: [5]: More variables, requesting index 250
2021-03-30 14:17:43,985 [DEBUG]: Requesting index 250 on port 5
2021-03-30 14:17:43,990 [DEBUG]: Added element [250]
2021-03-30 14:17:43,990 [DEBUG]: [5]: More variables, requesting index 251
2021-03-30 14:17:43,990 [DEBUG]: Requesting index 251 on port 5
2021-03-30 14:17:43,994 [DEBUG]: Added element [251]
2021-03-30 14:17:43,995 [DEBUG]: [5]: More variables, requesting index 252
2021-03-30 14:17:43,995 [DEBUG]: Requesting index 252 on port 5
2021-03-30 14:17:44,000 [DEBUG]: Added element [252]
2021-03-30 14:17:44,000 [DEBUG]: [5]: More variables, requesting index 253
2021-03-30 14:17:44,000 [DEBUG]: Requesting index 253 on port 5
2021-03-30 14:17:44,005 [DEBUG]: Added element [253]
2021-03-30 14:17:44,005 [DEBUG]: [5]: More variables, requesting index 254
2021-03-30 14:17:44,005 [DEBUG]: Requesting index 254 on port 5
2021-03-30 14:17:44,009 [DEBUG]: Added element [254]
2021-03-30 14:17:44,009 [DEBUG]: [5]: More variables, requesting index 255
2021-03-30 14:17:44,009 [DEBUG]: Requesting index 255 on port 5
2021-03-30 14:17:44,014 [DEBUG]: Added element [255]
2021-03-30 14:17:44,014 [DEBUG]: [5]: More variables, requesting index 256
2021-03-30 14:17:44,014 [DEBUG]: Requesting index 256 on port 5
2021-03-30 14:17:44,019 [DEBUG]: Added element [256]
2021-03-30 14:17:44,019 [DEBUG]: [5]: More variables, requesting index 257
2021-03-30 14:17:44,019 [DEBUG]: Requesting index 257 on port 5
2021-03-30 14:17:44,023 [DEBUG]: Added element [257]
2021-03-30 14:17:44,024 [DEBUG]: [5]: More variables, requesting index 258
2021-03-30 14:17:44,024 [DEBUG]: Requesting index 258 on port 5
2021-03-30 14:17:44,028 [DEBUG]: Added element [258]
2021-03-30 14:17:44,028 [DEBUG]: [5]: More variables, requesting index 259
2021-03-30 14:17:44,028 [DEBUG]: Requesting index 259 on port 5
2021-03-30 14:17:44,031 [DEBUG]: Added element [259]
2021-03-30 14:17:44,032 [DEBUG]: [5]: More variables, requesting index 260
2021-03-30 14:17:44,032 [DEBUG]: Requesting index 260 on port 5
2021-03-30 14:17:44,036 [DEBUG]: Added element [260]
2021-03-30 14:17:44,036 [DEBUG]: [5]: More variables, requesting index 261
2021-03-30 14:17:44,036 [DEBUG]: Requesting index 261 on port 5
2021-03-30 14:17:44,040 [DEBUG]: Added element [261]
2021-03-30 14:17:44,040 [DEBUG]: [5]: More variables, requesting index 262
2021-03-30 14:17:44,040 [DEBUG]: Requesting index 262 on port 5
2021-03-30 14:17:44,044 [DEBUG]: Added element [262]
2021-03-30 14:17:44,044 [DEBUG]: [5]: More variables, requesting index 263
2021-03-30 14:17:44,045 [DEBUG]: Requesting index 263 on port 5
2021-03-30 14:17:44,048 [DEBUG]: Added element [263]
2021-03-30 14:17:44,048 [DEBUG]: [5]: More variables, requesting index 264
2021-03-30 14:17:44,048 [DEBUG]: Requesting index 264 on port 5
2021-03-30 14:17:44,052 [DEBUG]: Added element [264]
2021-03-30 14:17:44,052 [DEBUG]: [5]: More variables, requesting index 265
2021-03-30 14:17:44,052 [DEBUG]: Requesting index 265 on port 5
2021-03-30 14:17:44,056 [DEBUG]: Added element [265]
2021-03-30 14:17:44,056 [DEBUG]: [5]: More variables, requesting index 266
2021-03-30 14:17:44,056 [DEBUG]: Requesting index 266 on port 5
2021-03-30 14:17:44,059 [DEBUG]: Added element [266]
2021-03-30 14:17:44,059 [DEBUG]: [5]: More variables, requesting index 267
2021-03-30 14:17:44,060 [DEBUG]: Requesting index 267 on port 5
2021-03-30 14:17:44,064 [DEBUG]: Added element [267]
2021-03-30 14:17:44,064 [DEBUG]: [5]: More variables, requesting index 268
2021-03-30 14:17:44,064 [DEBUG]: Requesting index 268 on port 5
2021-03-30 14:17:44,068 [DEBUG]: Added element [268]
2021-03-30 14:17:44,068 [DEBUG]: [5]: More variables, requesting index 269
2021-03-30 14:17:44,068 [DEBUG]: Requesting index 269 on port 5
2021-03-30 14:17:44,071 [DEBUG]: Added element [269]
2021-03-30 14:17:44,071 [DEBUG]: [5]: More variables, requesting index 270
2021-03-30 14:17:44,071 [DEBUG]: Requesting index 270 on port 5
2021-03-30 14:17:44,076 [DEBUG]: Added element [270]
2021-03-30 14:17:44,076 [DEBUG]: [5]: More variables, requesting index 271
2021-03-30 14:17:44,076 [DEBUG]: Requesting index 271 on port 5
2021-03-30 14:17:44,080 [DEBUG]: Added element [271]
2021-03-30 14:17:44,080 [DEBUG]: [5]: More variables, requesting index 272
2021-03-30 14:17:44,080 [DEBUG]: Requesting index 272 on port 5
2021-03-30 14:17:44,085 [DEBUG]: Added element [272]
2021-03-30 14:17:44,085 [DEBUG]: [5]: More variables, requesting index 273
2021-03-30 14:17:44,085 [DEBUG]: Requesting index 273 on port 5
2021-03-30 14:17:44,089 [DEBUG]: Added element [273]
2021-03-30 14:17:44,089 [DEBUG]: [5]: More variables, requesting index 274
2021-03-30 14:17:44,089 [DEBUG]: Requesting index 274 on port 5
2021-03-30 14:17:44,093 [DEBUG]: Added element [274]
2021-03-30 14:17:44,094 [DEBUG]: [5]: More variables, requesting index 275
2021-03-30 14:17:44,094 [DEBUG]: Requesting index 275 on port 5
2021-03-30 14:17:44,098 [DEBUG]: Added element [275]
2021-03-30 14:17:44,098 [DEBUG]: [5]: More variables, requesting index 276
2021-03-30 14:17:44,098 [DEBUG]: Requesting index 276 on port 5
2021-03-30 14:17:44,111 [DEBUG]: Added element [276]
2021-03-30 14:17:44,111 [DEBUG]: [5]: More variables, requesting index 277
2021-03-30 14:17:44,111 [DEBUG]: Requesting index 277 on port 5
2021-03-30 14:17:44,116 [DEBUG]: Added element [277]
2021-03-30 14:17:44,116 [DEBUG]: [5]: More variables, requesting index 278
2021-03-30 14:17:44,116 [DEBUG]: Requesting index 278 on port 5
2021-03-30 14:17:44,120 [DEBUG]: Added element [278]
2021-03-30 14:17:44,120 [DEBUG]: [5]: More variables, requesting index 279
2021-03-30 14:17:44,120 [DEBUG]: Requesting index 279 on port 5
2021-03-30 14:17:44,125 [DEBUG]: Added element [279]
2021-03-30 14:17:44,125 [DEBUG]: [5]: More variables, requesting index 280
2021-03-30 14:17:44,125 [DEBUG]: Requesting index 280 on port 5
2021-03-30 14:17:44,129 [DEBUG]: Added element [280]
2021-03-30 14:17:44,129 [DEBUG]: [5]: More variables, requesting index 281
2021-03-30 14:17:44,129 [DEBUG]: Requesting index 281 on port 5
2021-03-30 14:17:44,134 [DEBUG]: Added element [281]
2021-03-30 14:17:44,134 [DEBUG]: [5]: More variables, requesting index 282
2021-03-30 14:17:44,134 [DEBUG]: Requesting index 282 on port 5
2021-03-30 14:17:44,138 [DEBUG]: Added element [282]
2021-03-30 14:17:44,138 [DEBUG]: [5]: More variables, requesting index 283
2021-03-30 14:17:44,138 [DEBUG]: Requesting index 283 on port 5
2021-03-30 14:17:44,143 [DEBUG]: Added element [283]
2021-03-30 14:17:44,143 [DEBUG]: [5]: More variables, requesting index 284
2021-03-30 14:17:44,143 [DEBUG]: Requesting index 284 on port 5
2021-03-30 14:17:44,147 [DEBUG]: Added element [284]
2021-03-30 14:17:44,148 [DEBUG]: [5]: More variables, requesting index 285
2021-03-30 14:17:44,148 [DEBUG]: Requesting index 285 on port 5
2021-03-30 14:17:44,152 [DEBUG]: Added element [285]
2021-03-30 14:17:44,152 [DEBUG]: [5]: More variables, requesting index 286
2021-03-30 14:17:44,152 [DEBUG]: Requesting index 286 on port 5
2021-03-30 14:17:44,157 [DEBUG]: Added element [286]
2021-03-30 14:17:44,157 [DEBUG]: [5]: More variables, requesting index 287
2021-03-30 14:17:44,157 [DEBUG]: Requesting index 287 on port 5
2021-03-30 14:17:44,161 [DEBUG]: Added element [287]
2021-03-30 14:17:44,161 [DEBUG]: [5]: More variables, requesting index 288
2021-03-30 14:17:44,161 [DEBUG]: Requesting index 288 on port 5
2021-03-30 14:17:44,165 [DEBUG]: Added element [288]
2021-03-30 14:17:44,166 [DEBUG]: [5]: More variables, requesting index 289
2021-03-30 14:17:44,166 [DEBUG]: Requesting index 289 on port 5
2021-03-30 14:17:44,169 [DEBUG]: Added element [289]
2021-03-30 14:17:44,169 [DEBUG]: [5]: More variables, requesting index 290
2021-03-30 14:17:44,169 [DEBUG]: Requesting index 290 on port 5
2021-03-30 14:17:44,174 [DEBUG]: Added element [290]
2021-03-30 14:17:44,174 [DEBUG]: [5]: More variables, requesting index 291
2021-03-30 14:17:44,174 [DEBUG]: Requesting index 291 on port 5
2021-03-30 14:17:44,178 [DEBUG]: Added element [291]
2021-03-30 14:17:44,178 [DEBUG]: [5]: More variables, requesting index 292
2021-03-30 14:17:44,178 [DEBUG]: Requesting index 292 on port 5
2021-03-30 14:17:44,182 [DEBUG]: Added element [292]
2021-03-30 14:17:44,183 [DEBUG]: [5]: More variables, requesting index 293
2021-03-30 14:17:44,183 [DEBUG]: Requesting index 293 on port 5
2021-03-30 14:17:44,187 [DEBUG]: Added element [293]
2021-03-30 14:17:44,187 [DEBUG]: [5]: More variables, requesting index 294
2021-03-30 14:17:44,187 [DEBUG]: Requesting index 294 on port 5
2021-03-30 14:17:44,191 [DEBUG]: Added element [294]
2021-03-30 14:17:44,191 [DEBUG]: [5]: More variables, requesting index 295
2021-03-30 14:17:44,191 [DEBUG]: Requesting index 295 on port 5
2021-03-30 14:17:44,195 [DEBUG]: Added element [295]
2021-03-30 14:17:44,195 [DEBUG]: [5]: More variables, requesting index 296
2021-03-30 14:17:44,195 [DEBUG]: Requesting index 296 on port 5
2021-03-30 14:17:44,200 [DEBUG]: Added element [296]
2021-03-30 14:17:44,200 [DEBUG]: [5]: More variables, requesting index 297
2021-03-30 14:17:44,200 [DEBUG]: Requesting index 297 on port 5
2021-03-30 14:17:44,205 [DEBUG]: Added element [297]
2021-03-30 14:17:44,205 [DEBUG]: [5]: More variables, requesting index 298
2021-03-30 14:17:44,205 [DEBUG]: Requesting index 298 on port 5
2021-03-30 14:17:44,210 [DEBUG]: Added element [298]
2021-03-30 14:17:44,210 [DEBUG]: [5]: More variables, requesting index 299
2021-03-30 14:17:44,210 [DEBUG]: Requesting index 299 on port 5
2021-03-30 14:17:44,214 [DEBUG]: Added element [299]
2021-03-30 14:17:44,215 [DEBUG]: [5]: More variables, requesting index 300
2021-03-30 14:17:44,215 [DEBUG]: Requesting index 300 on port 5
2021-03-30 14:17:44,219 [DEBUG]: Added element [300]
2021-03-30 14:17:44,219 [DEBUG]: [5]: More variables, requesting index 301
2021-03-30 14:17:44,219 [DEBUG]: Requesting index 301 on port 5
2021-03-30 14:17:44,223 [DEBUG]: Added element [301]
2021-03-30 14:17:44,224 [DEBUG]: [5]: More variables, requesting index 302
2021-03-30 14:17:44,224 [DEBUG]: Requesting index 302 on port 5
2021-03-30 14:17:44,228 [DEBUG]: Added element [302]
2021-03-30 14:17:44,228 [DEBUG]: [5]: More variables, requesting index 303
2021-03-30 14:17:44,228 [DEBUG]: Requesting index 303 on port 5
2021-03-30 14:17:44,242 [DEBUG]: Added element [303]
2021-03-30 14:17:44,242 [DEBUG]: [5]: More variables, requesting index 304
2021-03-30 14:17:44,242 [DEBUG]: Requesting index 304 on port 5
2021-03-30 14:17:44,247 [DEBUG]: Added element [304]
2021-03-30 14:17:44,247 [DEBUG]: [5]: More variables, requesting index 305
2021-03-30 14:17:44,247 [DEBUG]: Requesting index 305 on port 5
2021-03-30 14:17:44,251 [DEBUG]: Added element [305]
2021-03-30 14:17:44,251 [DEBUG]: [5]: More variables, requesting index 306
2021-03-30 14:17:44,251 [DEBUG]: Requesting index 306 on port 5
2021-03-30 14:17:44,255 [DEBUG]: Added element [306]
2021-03-30 14:17:44,256 [DEBUG]: [5]: More variables, requesting index 307
2021-03-30 14:17:44,256 [DEBUG]: Requesting index 307 on port 5
2021-03-30 14:17:44,260 [DEBUG]: Added element [307]
2021-03-30 14:17:44,260 [DEBUG]: [5]: More variables, requesting index 308
2021-03-30 14:17:44,260 [DEBUG]: Requesting index 308 on port 5
2021-03-30 14:17:44,265 [DEBUG]: Added element [308]
2021-03-30 14:17:44,265 [DEBUG]: [5]: More variables, requesting index 309
2021-03-30 14:17:44,265 [DEBUG]: Requesting index 309 on port 5
2021-03-30 14:17:44,269 [DEBUG]: Added element [309]
2021-03-30 14:17:44,269 [DEBUG]: [5]: More variables, requesting index 310
2021-03-30 14:17:44,269 [DEBUG]: Requesting index 310 on port 5
2021-03-30 14:17:44,273 [DEBUG]: Added element [310]
2021-03-30 14:17:44,274 [DEBUG]: [5]: More variables, requesting index 311
2021-03-30 14:17:44,274 [DEBUG]: Requesting index 311 on port 5
2021-03-30 14:17:44,278 [DEBUG]: Added element [311]
2021-03-30 14:17:44,278 [DEBUG]: [5]: More variables, requesting index 312
2021-03-30 14:17:44,278 [DEBUG]: Requesting index 312 on port 5
2021-03-30 14:17:44,282 [DEBUG]: Added element [312]
2021-03-30 14:17:44,283 [DEBUG]: [5]: More variables, requesting index 313
2021-03-30 14:17:44,283 [DEBUG]: Requesting index 313 on port 5
2021-03-30 14:17:44,287 [DEBUG]: Added element [313]
2021-03-30 14:17:44,288 [DEBUG]: [5]: More variables, requesting index 314
2021-03-30 14:17:44,288 [DEBUG]: Requesting index 314 on port 5
2021-03-30 14:17:44,292 [DEBUG]: Added element [314]
2021-03-30 14:17:44,292 [DEBUG]: [5]: More variables, requesting index 315
2021-03-30 14:17:44,292 [DEBUG]: Requesting index 315 on port 5
2021-03-30 14:17:44,295 [DEBUG]: Added element [315]
2021-03-30 14:17:44,295 [DEBUG]: [5]: More variables, requesting index 316
2021-03-30 14:17:44,295 [DEBUG]: Requesting index 316 on port 5
2021-03-30 14:17:44,299 [DEBUG]: Added element [316]
2021-03-30 14:17:44,300 [WARNING]: Could not save cache, no writable directory
2021-03-30 14:17:44,300 [DEBUG]: Removing callback on port [5] to [<bound method TocFetcher._new_packet_cb of <cflib.crazyflie.toc.TocFetcher object at 0x0000016C9C682FC8>>]
2021-03-30 14:17:44,300 [DEBUG]: [5]: Done!
2021-03-30 14:17:44,300 [INFO]: Log TOC finished updating
2021-03-30 14:17:44,300 [DEBUG]: Requesting number of memories
2021-03-30 14:17:44,304 [INFO]: 8 memories found
2021-03-30 14:17:44,304 [DEBUG]: Requesting first id
2021-03-30 14:17:44,309 [DEBUG]: Requesting information about memory 1
2021-03-30 14:17:44,313 [DEBUG]: Memory: id=1, type=LED driver, size=24
2021-03-30 14:17:44,313 [DEBUG]: Requesting information about memory 2
2021-03-30 14:17:44,317 [DEBUG]: Memory: id=2, type=Loco Positioning, size=6144
2021-03-30 14:17:44,317 [DEBUG]: Requesting information about memory 3
2021-03-30 14:17:44,321 [DEBUG]: Memory: id=3, type=Trajectory, size=4096
2021-03-30 14:17:44,321 [DEBUG]: Requesting information about memory 4
2021-03-30 14:17:44,325 [DEBUG]: Memory: id=4, type=Loco Positioning 2, size=69632
2021-03-30 14:17:44,326 [DEBUG]: Requesting information about memory 5
2021-03-30 14:17:44,330 [DEBUG]: Memory: id=5, type=Lighthouse positioning, size=96
2021-03-30 14:17:44,330 [DEBUG]: Requesting information about memory 6
2021-03-30 14:17:44,334 [DEBUG]: Memory: id=6, type=Memory tester, size=4096
2021-03-30 14:17:44,334 [DEBUG]: Requesting information about memory 7
2021-03-30 14:17:44,338 [DEBUG]: Memory: id=7, type=Unknown, size=0
2021-03-30 14:17:44,338 [DEBUG]: Done getting all the memories, start reading the OWs
2021-03-30 14:17:44,339 [INFO]: Memories finished updating
2021-03-30 14:17:44,339 [DEBUG]: [2]: Using V2 protocol: 1
2021-03-30 14:17:44,339 [DEBUG]: [2]: Start fetching...
2021-03-30 14:17:44,339 [DEBUG]: Adding callback on port [2] to [<bound method TocFetcher._new_packet_cb of <cflib.crazyflie.toc.TocFetcher object at 0x0000016C9C6C35C8>>]
2021-03-30 14:17:44,342 [DEBUG]: [2]: Got TOC CRC, 164 items and crc=0x1042AFA8
2021-03-30 14:17:44,343 [DEBUG]: Requesting index 0 on port 2
2021-03-30 14:17:44,347 [DEBUG]: Added element [0]
2021-03-30 14:17:44,347 [DEBUG]: [2]: More variables, requesting index 1
2021-03-30 14:17:44,347 [DEBUG]: Requesting index 1 on port 2
2021-03-30 14:17:44,352 [DEBUG]: Added element [1]
2021-03-30 14:17:44,352 [DEBUG]: [2]: More variables, requesting index 2
2021-03-30 14:17:44,353 [DEBUG]: Requesting index 2 on port 2
2021-03-30 14:17:44,358 [DEBUG]: Added element [2]
2021-03-30 14:17:44,358 [DEBUG]: [2]: More variables, requesting index 3
2021-03-30 14:17:44,358 [DEBUG]: Requesting index 3 on port 2
2021-03-30 14:17:44,362 [DEBUG]: Added element [3]
2021-03-30 14:17:44,362 [DEBUG]: [2]: More variables, requesting index 4
2021-03-30 14:17:44,363 [DEBUG]: Requesting index 4 on port 2
2021-03-30 14:17:44,375 [DEBUG]: Added element [4]
2021-03-30 14:17:44,375 [DEBUG]: [2]: More variables, requesting index 5
2021-03-30 14:17:44,375 [DEBUG]: Requesting index 5 on port 2
2021-03-30 14:17:44,379 [DEBUG]: Added element [5]
2021-03-30 14:17:44,379 [DEBUG]: [2]: More variables, requesting index 6
2021-03-30 14:17:44,379 [DEBUG]: Requesting index 6 on port 2
2021-03-30 14:17:44,384 [DEBUG]: Added element [6]
2021-03-30 14:17:44,384 [DEBUG]: [2]: More variables, requesting index 7
2021-03-30 14:17:44,384 [DEBUG]: Requesting index 7 on port 2
2021-03-30 14:17:44,388 [DEBUG]: Added element [7]
2021-03-30 14:17:44,389 [DEBUG]: [2]: More variables, requesting index 8
2021-03-30 14:17:44,389 [DEBUG]: Requesting index 8 on port 2
2021-03-30 14:17:44,392 [DEBUG]: Added element [8]
2021-03-30 14:17:44,392 [DEBUG]: [2]: More variables, requesting index 9
2021-03-30 14:17:44,392 [DEBUG]: Requesting index 9 on port 2
2021-03-30 14:17:44,396 [DEBUG]: Added element [9]
2021-03-30 14:17:44,396 [DEBUG]: [2]: More variables, requesting index 10
2021-03-30 14:17:44,396 [DEBUG]: Requesting index 10 on port 2
2021-03-30 14:17:44,401 [DEBUG]: Added element [10]
2021-03-30 14:17:44,401 [DEBUG]: [2]: More variables, requesting index 11
2021-03-30 14:17:44,401 [DEBUG]: Requesting index 11 on port 2
2021-03-30 14:17:44,405 [DEBUG]: Added element [11]
2021-03-30 14:17:44,405 [DEBUG]: [2]: More variables, requesting index 12
2021-03-30 14:17:44,405 [DEBUG]: Requesting index 12 on port 2
2021-03-30 14:17:44,410 [DEBUG]: Added element [12]
2021-03-30 14:17:44,410 [DEBUG]: [2]: More variables, requesting index 13
2021-03-30 14:17:44,410 [DEBUG]: Requesting index 13 on port 2
2021-03-30 14:17:44,414 [DEBUG]: Added element [13]
2021-03-30 14:17:44,414 [DEBUG]: [2]: More variables, requesting index 14
2021-03-30 14:17:44,415 [DEBUG]: Requesting index 14 on port 2
2021-03-30 14:17:44,419 [DEBUG]: Added element [14]
2021-03-30 14:17:44,419 [DEBUG]: [2]: More variables, requesting index 15
2021-03-30 14:17:44,419 [DEBUG]: Requesting index 15 on port 2
2021-03-30 14:17:44,423 [DEBUG]: Added element [15]
2021-03-30 14:17:44,423 [DEBUG]: [2]: More variables, requesting index 16
2021-03-30 14:17:44,423 [DEBUG]: Requesting index 16 on port 2
2021-03-30 14:17:44,427 [DEBUG]: Added element [16]
2021-03-30 14:17:44,428 [DEBUG]: [2]: More variables, requesting index 17
2021-03-30 14:17:44,428 [DEBUG]: Requesting index 17 on port 2
2021-03-30 14:17:44,432 [DEBUG]: Added element [17]
2021-03-30 14:17:44,432 [DEBUG]: [2]: More variables, requesting index 18
2021-03-30 14:17:44,432 [DEBUG]: Requesting index 18 on port 2
2021-03-30 14:17:44,437 [DEBUG]: Added element [18]
2021-03-30 14:17:44,437 [DEBUG]: [2]: More variables, requesting index 19
2021-03-30 14:17:44,437 [DEBUG]: Requesting index 19 on port 2
2021-03-30 14:17:44,441 [DEBUG]: Added element [19]
2021-03-30 14:17:44,441 [DEBUG]: [2]: More variables, requesting index 20
2021-03-30 14:17:44,442 [DEBUG]: Requesting index 20 on port 2
2021-03-30 14:17:44,446 [DEBUG]: Added element [20]
2021-03-30 14:17:44,446 [DEBUG]: [2]: More variables, requesting index 21
2021-03-30 14:17:44,446 [DEBUG]: Requesting index 21 on port 2
2021-03-30 14:17:44,451 [DEBUG]: Added element [21]
2021-03-30 14:17:44,452 [DEBUG]: [2]: More variables, requesting index 22
2021-03-30 14:17:44,452 [DEBUG]: Requesting index 22 on port 2
2021-03-30 14:17:44,456 [DEBUG]: Added element [22]
2021-03-30 14:17:44,456 [DEBUG]: [2]: More variables, requesting index 23
2021-03-30 14:17:44,456 [DEBUG]: Requesting index 23 on port 2
2021-03-30 14:17:44,460 [DEBUG]: Added element [23]
2021-03-30 14:17:44,460 [DEBUG]: [2]: More variables, requesting index 24
2021-03-30 14:17:44,460 [DEBUG]: Requesting index 24 on port 2
2021-03-30 14:17:44,465 [DEBUG]: Added element [24]
2021-03-30 14:17:44,465 [DEBUG]: [2]: More variables, requesting index 25
2021-03-30 14:17:44,465 [DEBUG]: Requesting index 25 on port 2
2021-03-30 14:17:44,470 [DEBUG]: Added element [25]
2021-03-30 14:17:44,470 [DEBUG]: [2]: More variables, requesting index 26
2021-03-30 14:17:44,470 [DEBUG]: Requesting index 26 on port 2
2021-03-30 14:17:44,475 [DEBUG]: Added element [26]
2021-03-30 14:17:44,475 [DEBUG]: [2]: More variables, requesting index 27
2021-03-30 14:17:44,476 [DEBUG]: Requesting index 27 on port 2
2021-03-30 14:17:44,480 [DEBUG]: Added element [27]
2021-03-30 14:17:44,480 [DEBUG]: [2]: More variables, requesting index 28
2021-03-30 14:17:44,480 [DEBUG]: Requesting index 28 on port 2
2021-03-30 14:17:44,484 [DEBUG]: Added element [28]
2021-03-30 14:17:44,485 [DEBUG]: [2]: More variables, requesting index 29
2021-03-30 14:17:44,485 [DEBUG]: Requesting index 29 on port 2
2021-03-30 14:17:44,489 [DEBUG]: Added element [29]
2021-03-30 14:17:44,489 [DEBUG]: [2]: More variables, requesting index 30
2021-03-30 14:17:44,489 [DEBUG]: Requesting index 30 on port 2
2021-03-30 14:17:44,493 [DEBUG]: Added element [30]
2021-03-30 14:17:44,494 [DEBUG]: [2]: More variables, requesting index 31
2021-03-30 14:17:44,494 [DEBUG]: Requesting index 31 on port 2
2021-03-30 14:17:44,507 [DEBUG]: Added element [31]
2021-03-30 14:17:44,507 [DEBUG]: [2]: More variables, requesting index 32
2021-03-30 14:17:44,507 [DEBUG]: Requesting index 32 on port 2
2021-03-30 14:17:44,512 [DEBUG]: Added element [32]
2021-03-30 14:17:44,512 [DEBUG]: [2]: More variables, requesting index 33
2021-03-30 14:17:44,512 [DEBUG]: Requesting index 33 on port 2
2021-03-30 14:17:44,517 [DEBUG]: Added element [33]
2021-03-30 14:17:44,517 [DEBUG]: [2]: More variables, requesting index 34
2021-03-30 14:17:44,517 [DEBUG]: Requesting index 34 on port 2
2021-03-30 14:17:44,522 [DEBUG]: Added element [34]
2021-03-30 14:17:44,522 [DEBUG]: [2]: More variables, requesting index 35
2021-03-30 14:17:44,522 [DEBUG]: Requesting index 35 on port 2
2021-03-30 14:17:44,527 [DEBUG]: Added element [35]
2021-03-30 14:17:44,527 [DEBUG]: [2]: More variables, requesting index 36
2021-03-30 14:17:44,527 [DEBUG]: Requesting index 36 on port 2
2021-03-30 14:17:44,531 [DEBUG]: Added element [36]
2021-03-30 14:17:44,532 [DEBUG]: [2]: More variables, requesting index 37
2021-03-30 14:17:44,532 [DEBUG]: Requesting index 37 on port 2
2021-03-30 14:17:44,536 [DEBUG]: Added element [37]
2021-03-30 14:17:44,536 [DEBUG]: [2]: More variables, requesting index 38
2021-03-30 14:17:44,536 [DEBUG]: Requesting index 38 on port 2
2021-03-30 14:17:44,541 [DEBUG]: Added element [38]
2021-03-30 14:17:44,541 [DEBUG]: [2]: More variables, requesting index 39
2021-03-30 14:17:44,541 [DEBUG]: Requesting index 39 on port 2
2021-03-30 14:17:44,546 [DEBUG]: Added element [39]
2021-03-30 14:17:44,546 [DEBUG]: [2]: More variables, requesting index 40
2021-03-30 14:17:44,546 [DEBUG]: Requesting index 40 on port 2
2021-03-30 14:17:44,551 [DEBUG]: Added element [40]
2021-03-30 14:17:44,551 [DEBUG]: [2]: More variables, requesting index 41
2021-03-30 14:17:44,551 [DEBUG]: Requesting index 41 on port 2
2021-03-30 14:17:44,555 [DEBUG]: Added element [41]
2021-03-30 14:17:44,555 [DEBUG]: [2]: More variables, requesting index 42
2021-03-30 14:17:44,556 [DEBUG]: Requesting index 42 on port 2
2021-03-30 14:17:44,560 [DEBUG]: Added element [42]
2021-03-30 14:17:44,560 [DEBUG]: [2]: More variables, requesting index 43
2021-03-30 14:17:44,560 [DEBUG]: Requesting index 43 on port 2
2021-03-30 14:17:44,564 [DEBUG]: Added element [43]
2021-03-30 14:17:44,565 [DEBUG]: [2]: More variables, requesting index 44
2021-03-30 14:17:44,565 [DEBUG]: Requesting index 44 on port 2
2021-03-30 14:17:44,569 [DEBUG]: Added element [44]
2021-03-30 14:17:44,569 [DEBUG]: [2]: More variables, requesting index 45
2021-03-30 14:17:44,569 [DEBUG]: Requesting index 45 on port 2
2021-03-30 14:17:44,573 [DEBUG]: Added element [45]
2021-03-30 14:17:44,574 [DEBUG]: [2]: More variables, requesting index 46
2021-03-30 14:17:44,574 [DEBUG]: Requesting index 46 on port 2
2021-03-30 14:17:44,578 [DEBUG]: Added element [46]
2021-03-30 14:17:44,578 [DEBUG]: [2]: More variables, requesting index 47
2021-03-30 14:17:44,578 [DEBUG]: Requesting index 47 on port 2
2021-03-30 14:17:44,582 [DEBUG]: Added element [47]
2021-03-30 14:17:44,583 [DEBUG]: [2]: More variables, requesting index 48
2021-03-30 14:17:44,583 [DEBUG]: Requesting index 48 on port 2
2021-03-30 14:17:44,587 [DEBUG]: Added element [48]
2021-03-30 14:17:44,587 [DEBUG]: [2]: More variables, requesting index 49
2021-03-30 14:17:44,587 [DEBUG]: Requesting index 49 on port 2
2021-03-30 14:17:44,591 [DEBUG]: Added element [49]
2021-03-30 14:17:44,592 [DEBUG]: [2]: More variables, requesting index 50
2021-03-30 14:17:44,592 [DEBUG]: Requesting index 50 on port 2
2021-03-30 14:17:44,596 [DEBUG]: Added element [50]
2021-03-30 14:17:44,596 [DEBUG]: [2]: More variables, requesting index 51
2021-03-30 14:17:44,596 [DEBUG]: Requesting index 51 on port 2
2021-03-30 14:17:44,600 [DEBUG]: Added element [51]
2021-03-30 14:17:44,600 [DEBUG]: [2]: More variables, requesting index 52
2021-03-30 14:17:44,601 [DEBUG]: Requesting index 52 on port 2
2021-03-30 14:17:44,605 [DEBUG]: Added element [52]
2021-03-30 14:17:44,605 [DEBUG]: [2]: More variables, requesting index 53
2021-03-30 14:17:44,605 [DEBUG]: Requesting index 53 on port 2
2021-03-30 14:17:44,609 [DEBUG]: Added element [53]
2021-03-30 14:17:44,609 [DEBUG]: [2]: More variables, requesting index 54
2021-03-30 14:17:44,610 [DEBUG]: Requesting index 54 on port 2
2021-03-30 14:17:44,614 [DEBUG]: Added element [54]
2021-03-30 14:17:44,614 [DEBUG]: [2]: More variables, requesting index 55
2021-03-30 14:17:44,614 [DEBUG]: Requesting index 55 on port 2
2021-03-30 14:17:44,619 [DEBUG]: Added element [55]
2021-03-30 14:17:44,619 [DEBUG]: [2]: More variables, requesting index 56
2021-03-30 14:17:44,619 [DEBUG]: Requesting index 56 on port 2
2021-03-30 14:17:44,624 [DEBUG]: Added element [56]
2021-03-30 14:17:44,625 [DEBUG]: [2]: More variables, requesting index 57
2021-03-30 14:17:44,625 [DEBUG]: Requesting index 57 on port 2
2021-03-30 14:17:44,638 [DEBUG]: Added element [57]
2021-03-30 14:17:44,638 [DEBUG]: [2]: More variables, requesting index 58
2021-03-30 14:17:44,638 [DEBUG]: Requesting index 58 on port 2
2021-03-30 14:17:44,643 [DEBUG]: Added element [58]
2021-03-30 14:17:44,643 [DEBUG]: [2]: More variables, requesting index 59
2021-03-30 14:17:44,643 [DEBUG]: Requesting index 59 on port 2
2021-03-30 14:17:44,648 [DEBUG]: Added element [59]
2021-03-30 14:17:44,648 [DEBUG]: [2]: More variables, requesting index 60
2021-03-30 14:17:44,648 [DEBUG]: Requesting index 60 on port 2
2021-03-30 14:17:44,652 [DEBUG]: Added element [60]
2021-03-30 14:17:44,652 [DEBUG]: [2]: More variables, requesting index 61
2021-03-30 14:17:44,652 [DEBUG]: Requesting index 61 on port 2
2021-03-30 14:17:44,657 [DEBUG]: Added element [61]
2021-03-30 14:17:44,657 [DEBUG]: [2]: More variables, requesting index 62
2021-03-30 14:17:44,657 [DEBUG]: Requesting index 62 on port 2
2021-03-30 14:17:44,661 [DEBUG]: Added element [62]
2021-03-30 14:17:44,661 [DEBUG]: [2]: More variables, requesting index 63
2021-03-30 14:17:44,661 [DEBUG]: Requesting index 63 on port 2
2021-03-30 14:17:44,666 [DEBUG]: Added element [63]
2021-03-30 14:17:44,666 [DEBUG]: [2]: More variables, requesting index 64
2021-03-30 14:17:44,666 [DEBUG]: Requesting index 64 on port 2
2021-03-30 14:17:44,670 [DEBUG]: Added element [64]
2021-03-30 14:17:44,670 [DEBUG]: [2]: More variables, requesting index 65
2021-03-30 14:17:44,670 [DEBUG]: Requesting index 65 on port 2
2021-03-30 14:17:44,674 [DEBUG]: Added element [65]
2021-03-30 14:17:44,675 [DEBUG]: [2]: More variables, requesting index 66
2021-03-30 14:17:44,675 [DEBUG]: Requesting index 66 on port 2
2021-03-30 14:17:44,679 [DEBUG]: Added element [66]
2021-03-30 14:17:44,679 [DEBUG]: [2]: More variables, requesting index 67
2021-03-30 14:17:44,679 [DEBUG]: Requesting index 67 on port 2
2021-03-30 14:17:44,683 [DEBUG]: Added element [67]
2021-03-30 14:17:44,684 [DEBUG]: [2]: More variables, requesting index 68
2021-03-30 14:17:44,684 [DEBUG]: Requesting index 68 on port 2
2021-03-30 14:17:44,688 [DEBUG]: Added element [68]
2021-03-30 14:17:44,688 [DEBUG]: [2]: More variables, requesting index 69
2021-03-30 14:17:44,688 [DEBUG]: Requesting index 69 on port 2
2021-03-30 14:17:44,692 [DEBUG]: Added element [69]
2021-03-30 14:17:44,692 [DEBUG]: [2]: More variables, requesting index 70
2021-03-30 14:17:44,693 [DEBUG]: Requesting index 70 on port 2
2021-03-30 14:17:44,697 [DEBUG]: Added element [70]
2021-03-30 14:17:44,697 [DEBUG]: [2]: More variables, requesting index 71
2021-03-30 14:17:44,697 [DEBUG]: Requesting index 71 on port 2
2021-03-30 14:17:44,701 [DEBUG]: Added element [71]
2021-03-30 14:17:44,701 [DEBUG]: [2]: More variables, requesting index 72
2021-03-30 14:17:44,702 [DEBUG]: Requesting index 72 on port 2
2021-03-30 14:17:44,706 [DEBUG]: Added element [72]
2021-03-30 14:17:44,706 [DEBUG]: [2]: More variables, requesting index 73
2021-03-30 14:17:44,706 [DEBUG]: Requesting index 73 on port 2
2021-03-30 14:17:44,710 [DEBUG]: Added element [73]
2021-03-30 14:17:44,711 [DEBUG]: [2]: More variables, requesting index 74
2021-03-30 14:17:44,711 [DEBUG]: Requesting index 74 on port 2
2021-03-30 14:17:44,715 [DEBUG]: Added element [74]
2021-03-30 14:17:44,715 [DEBUG]: [2]: More variables, requesting index 75
2021-03-30 14:17:44,715 [DEBUG]: Requesting index 75 on port 2
2021-03-30 14:17:44,720 [DEBUG]: Added element [75]
2021-03-30 14:17:44,720 [DEBUG]: [2]: More variables, requesting index 76
2021-03-30 14:17:44,720 [DEBUG]: Requesting index 76 on port 2
2021-03-30 14:17:44,724 [DEBUG]: Added element [76]
2021-03-30 14:17:44,724 [DEBUG]: [2]: More variables, requesting index 77
2021-03-30 14:17:44,725 [DEBUG]: Requesting index 77 on port 2
2021-03-30 14:17:44,729 [DEBUG]: Added element [77]
2021-03-30 14:17:44,729 [DEBUG]: [2]: More variables, requesting index 78
2021-03-30 14:17:44,729 [DEBUG]: Requesting index 78 on port 2
2021-03-30 14:17:44,733 [DEBUG]: Added element [78]
2021-03-30 14:17:44,734 [DEBUG]: [2]: More variables, requesting index 79
2021-03-30 14:17:44,734 [DEBUG]: Requesting index 79 on port 2
2021-03-30 14:17:44,738 [DEBUG]: Added element [79]
2021-03-30 14:17:44,738 [DEBUG]: [2]: More variables, requesting index 80
2021-03-30 14:17:44,738 [DEBUG]: Requesting index 80 on port 2
2021-03-30 14:17:44,742 [DEBUG]: Added element [80]
2021-03-30 14:17:44,742 [DEBUG]: [2]: More variables, requesting index 81
2021-03-30 14:17:44,743 [DEBUG]: Requesting index 81 on port 2
2021-03-30 14:17:44,747 [DEBUG]: Added element [81]
2021-03-30 14:17:44,747 [DEBUG]: [2]: More variables, requesting index 82
2021-03-30 14:17:44,747 [DEBUG]: Requesting index 82 on port 2
2021-03-30 14:17:44,751 [DEBUG]: Added element [82]
2021-03-30 14:17:44,751 [DEBUG]: [2]: More variables, requesting index 83
2021-03-30 14:17:44,751 [DEBUG]: Requesting index 83 on port 2
2021-03-30 14:17:44,755 [DEBUG]: Added element [83]
2021-03-30 14:17:44,756 [DEBUG]: [2]: More variables, requesting index 84
2021-03-30 14:17:44,756 [DEBUG]: Requesting index 84 on port 2
2021-03-30 14:17:44,769 [DEBUG]: Added element [84]
2021-03-30 14:17:44,769 [DEBUG]: [2]: More variables, requesting index 85
2021-03-30 14:17:44,769 [DEBUG]: Requesting index 85 on port 2
2021-03-30 14:17:44,774 [DEBUG]: Added element [85]
2021-03-30 14:17:44,774 [DEBUG]: [2]: More variables, requesting index 86
2021-03-30 14:17:44,774 [DEBUG]: Requesting index 86 on port 2
2021-03-30 14:17:44,778 [DEBUG]: Added element [86]
2021-03-30 14:17:44,778 [DEBUG]: [2]: More variables, requesting index 87
2021-03-30 14:17:44,779 [DEBUG]: Requesting index 87 on port 2
2021-03-30 14:17:44,783 [DEBUG]: Added element [87]
2021-03-30 14:17:44,783 [DEBUG]: [2]: More variables, requesting index 88
2021-03-30 14:17:44,783 [DEBUG]: Requesting index 88 on port 2
2021-03-30 14:17:44,788 [DEBUG]: Added element [88]
2021-03-30 14:17:44,788 [DEBUG]: [2]: More variables, requesting index 89
2021-03-30 14:17:44,788 [DEBUG]: Requesting index 89 on port 2
2021-03-30 14:17:44,792 [DEBUG]: Added element [89]
2021-03-30 14:17:44,793 [DEBUG]: [2]: More variables, requesting index 90
2021-03-30 14:17:44,793 [DEBUG]: Requesting index 90 on port 2
2021-03-30 14:17:44,797 [DEBUG]: Added element [90]
2021-03-30 14:17:44,797 [DEBUG]: [2]: More variables, requesting index 91
2021-03-30 14:17:44,797 [DEBUG]: Requesting index 91 on port 2
2021-03-30 14:17:44,802 [DEBUG]: Added element [91]
2021-03-30 14:17:44,802 [DEBUG]: [2]: More variables, requesting index 92
2021-03-30 14:17:44,802 [DEBUG]: Requesting index 92 on port 2
2021-03-30 14:17:44,807 [DEBUG]: Added element [92]
2021-03-30 14:17:44,807 [DEBUG]: [2]: More variables, requesting index 93
2021-03-30 14:17:44,807 [DEBUG]: Requesting index 93 on port 2
2021-03-30 14:17:44,812 [DEBUG]: Added element [93]
2021-03-30 14:17:44,812 [DEBUG]: [2]: More variables, requesting index 94
2021-03-30 14:17:44,812 [DEBUG]: Requesting index 94 on port 2
2021-03-30 14:17:44,816 [DEBUG]: Added element [94]
2021-03-30 14:17:44,816 [DEBUG]: [2]: More variables, requesting index 95
2021-03-30 14:17:44,816 [DEBUG]: Requesting index 95 on port 2
2021-03-30 14:17:44,821 [DEBUG]: Added element [95]
2021-03-30 14:17:44,821 [DEBUG]: [2]: More variables, requesting index 96
2021-03-30 14:17:44,821 [DEBUG]: Requesting index 96 on port 2
2021-03-30 14:17:44,825 [DEBUG]: Added element [96]
2021-03-30 14:17:44,825 [DEBUG]: [2]: More variables, requesting index 97
2021-03-30 14:17:44,825 [DEBUG]: Requesting index 97 on port 2
2021-03-30 14:17:44,829 [DEBUG]: Added element [97]
2021-03-30 14:17:44,830 [DEBUG]: [2]: More variables, requesting index 98
2021-03-30 14:17:44,830 [DEBUG]: Requesting index 98 on port 2
2021-03-30 14:17:44,834 [DEBUG]: Added element [98]
2021-03-30 14:17:44,834 [DEBUG]: [2]: More variables, requesting index 99
2021-03-30 14:17:44,834 [DEBUG]: Requesting index 99 on port 2
2021-03-30 14:17:44,838 [DEBUG]: Added element [99]
2021-03-30 14:17:44,839 [DEBUG]: [2]: More variables, requesting index 100
2021-03-30 14:17:44,839 [DEBUG]: Requesting index 100 on port 2
2021-03-30 14:17:44,843 [DEBUG]: Added element [100]
2021-03-30 14:17:44,843 [DEBUG]: [2]: More variables, requesting index 101
2021-03-30 14:17:44,843 [DEBUG]: Requesting index 101 on port 2
2021-03-30 14:17:44,848 [DEBUG]: Added element [101]
2021-03-30 14:17:44,848 [DEBUG]: [2]: More variables, requesting index 102
2021-03-30 14:17:44,848 [DEBUG]: Requesting index 102 on port 2
2021-03-30 14:17:44,853 [DEBUG]: Added element [102]
2021-03-30 14:17:44,853 [DEBUG]: [2]: More variables, requesting index 103
2021-03-30 14:17:44,854 [DEBUG]: Requesting index 103 on port 2
2021-03-30 14:17:44,858 [DEBUG]: Added element [103]
2021-03-30 14:17:44,859 [DEBUG]: [2]: More variables, requesting index 104
2021-03-30 14:17:44,859 [DEBUG]: Requesting index 104 on port 2
2021-03-30 14:17:44,863 [DEBUG]: Added element [104]
2021-03-30 14:17:44,863 [DEBUG]: [2]: More variables, requesting index 105
2021-03-30 14:17:44,863 [DEBUG]: Requesting index 105 on port 2
2021-03-30 14:17:44,868 [DEBUG]: Added element [105]
2021-03-30 14:17:44,868 [DEBUG]: [2]: More variables, requesting index 106
2021-03-30 14:17:44,869 [DEBUG]: Requesting index 106 on port 2
2021-03-30 14:17:44,873 [DEBUG]: Added element [106]
2021-03-30 14:17:44,873 [DEBUG]: [2]: More variables, requesting index 107
2021-03-30 14:17:44,873 [DEBUG]: Requesting index 107 on port 2
2021-03-30 14:17:44,878 [DEBUG]: Added element [107]
2021-03-30 14:17:44,878 [DEBUG]: [2]: More variables, requesting index 108
2021-03-30 14:17:44,879 [DEBUG]: Requesting index 108 on port 2
2021-03-30 14:17:44,883 [DEBUG]: Added element [108]
2021-03-30 14:17:44,883 [DEBUG]: [2]: More variables, requesting index 109
2021-03-30 14:17:44,883 [DEBUG]: Requesting index 109 on port 2
2021-03-30 14:17:44,888 [DEBUG]: Added element [109]
2021-03-30 14:17:44,888 [DEBUG]: [2]: More variables, requesting index 110
2021-03-30 14:17:44,888 [DEBUG]: Requesting index 110 on port 2
2021-03-30 14:17:44,902 [DEBUG]: Added element [110]
2021-03-30 14:17:44,902 [DEBUG]: [2]: More variables, requesting index 111
2021-03-30 14:17:44,902 [DEBUG]: Requesting index 111 on port 2
2021-03-30 14:17:44,907 [DEBUG]: Added element [111]
2021-03-30 14:17:44,907 [DEBUG]: [2]: More variables, requesting index 112
2021-03-30 14:17:44,907 [DEBUG]: Requesting index 112 on port 2
2021-03-30 14:17:44,912 [DEBUG]: Added element [112]
2021-03-30 14:17:44,912 [DEBUG]: [2]: More variables, requesting index 113
2021-03-30 14:17:44,912 [DEBUG]: Requesting index 113 on port 2
2021-03-30 14:17:44,917 [DEBUG]: Added element [113]
2021-03-30 14:17:44,917 [DEBUG]: [2]: More variables, requesting index 114
2021-03-30 14:17:44,918 [DEBUG]: Requesting index 114 on port 2
2021-03-30 14:17:44,922 [DEBUG]: Added element [114]
2021-03-30 14:17:44,922 [DEBUG]: [2]: More variables, requesting index 115
2021-03-30 14:17:44,922 [DEBUG]: Requesting index 115 on port 2
2021-03-30 14:17:44,926 [DEBUG]: Added element [115]
2021-03-30 14:17:44,927 [DEBUG]: [2]: More variables, requesting index 116
2021-03-30 14:17:44,927 [DEBUG]: Requesting index 116 on port 2
2021-03-30 14:17:44,931 [DEBUG]: Added element [116]
2021-03-30 14:17:44,931 [DEBUG]: [2]: More variables, requesting index 117
2021-03-30 14:17:44,931 [DEBUG]: Requesting index 117 on port 2
2021-03-30 14:17:44,935 [DEBUG]: Added element [117]
2021-03-30 14:17:44,935 [DEBUG]: [2]: More variables, requesting index 118
2021-03-30 14:17:44,935 [DEBUG]: Requesting index 118 on port 2
2021-03-30 14:17:44,939 [DEBUG]: Added element [118]
2021-03-30 14:17:44,940 [DEBUG]: [2]: More variables, requesting index 119
2021-03-30 14:17:44,940 [DEBUG]: Requesting index 119 on port 2
2021-03-30 14:17:44,944 [DEBUG]: Added element [119]
2021-03-30 14:17:44,944 [DEBUG]: [2]: More variables, requesting index 120
2021-03-30 14:17:44,944 [DEBUG]: Requesting index 120 on port 2
2021-03-30 14:17:44,950 [DEBUG]: Added element [120]
2021-03-30 14:17:44,950 [DEBUG]: [2]: More variables, requesting index 121
2021-03-30 14:17:44,950 [DEBUG]: Requesting index 121 on port 2
2021-03-30 14:17:44,954 [DEBUG]: Added element [121]
2021-03-30 14:17:44,954 [DEBUG]: [2]: More variables, requesting index 122
2021-03-30 14:17:44,954 [DEBUG]: Requesting index 122 on port 2
2021-03-30 14:17:44,958 [DEBUG]: Added element [122]
2021-03-30 14:17:44,958 [DEBUG]: [2]: More variables, requesting index 123
2021-03-30 14:17:44,958 [DEBUG]: Requesting index 123 on port 2
2021-03-30 14:17:44,962 [DEBUG]: Added element [123]
2021-03-30 14:17:44,963 [DEBUG]: [2]: More variables, requesting index 124
2021-03-30 14:17:44,963 [DEBUG]: Requesting index 124 on port 2
2021-03-30 14:17:44,967 [DEBUG]: Added element [124]
2021-03-30 14:17:44,967 [DEBUG]: [2]: More variables, requesting index 125
2021-03-30 14:17:44,967 [DEBUG]: Requesting index 125 on port 2
2021-03-30 14:17:44,971 [DEBUG]: Added element [125]
2021-03-30 14:17:44,971 [DEBUG]: [2]: More variables, requesting index 126
2021-03-30 14:17:44,972 [DEBUG]: Requesting index 126 on port 2
2021-03-30 14:17:44,976 [DEBUG]: Added element [126]
2021-03-30 14:17:44,976 [DEBUG]: [2]: More variables, requesting index 127
2021-03-30 14:17:44,976 [DEBUG]: Requesting index 127 on port 2
2021-03-30 14:17:44,981 [DEBUG]: Added element [127]
2021-03-30 14:17:44,981 [DEBUG]: [2]: More variables, requesting index 128
2021-03-30 14:17:44,981 [DEBUG]: Requesting index 128 on port 2
2021-03-30 14:17:44,985 [DEBUG]: Added element [128]
2021-03-30 14:17:44,985 [DEBUG]: [2]: More variables, requesting index 129
2021-03-30 14:17:44,985 [DEBUG]: Requesting index 129 on port 2
2021-03-30 14:17:44,990 [DEBUG]: Added element [129]
2021-03-30 14:17:44,990 [DEBUG]: [2]: More variables, requesting index 130
2021-03-30 14:17:44,990 [DEBUG]: Requesting index 130 on port 2
2021-03-30 14:17:44,994 [DEBUG]: Added element [130]
2021-03-30 14:17:44,995 [DEBUG]: [2]: More variables, requesting index 131
2021-03-30 14:17:44,995 [DEBUG]: Requesting index 131 on port 2
2021-03-30 14:17:44,999 [DEBUG]: Added element [131]
2021-03-30 14:17:44,999 [DEBUG]: [2]: More variables, requesting index 132
2021-03-30 14:17:44,999 [DEBUG]: Requesting index 132 on port 2
2021-03-30 14:17:45,003 [DEBUG]: Added element [132]
2021-03-30 14:17:45,003 [DEBUG]: [2]: More variables, requesting index 133
2021-03-30 14:17:45,003 [DEBUG]: Requesting index 133 on port 2
2021-03-30 14:17:45,007 [DEBUG]: Added element [133]
2021-03-30 14:17:45,008 [DEBUG]: [2]: More variables, requesting index 134
2021-03-30 14:17:45,008 [DEBUG]: Requesting index 134 on port 2
2021-03-30 14:17:45,012 [DEBUG]: Added element [134]
2021-03-30 14:17:45,012 [DEBUG]: [2]: More variables, requesting index 135
2021-03-30 14:17:45,012 [DEBUG]: Requesting index 135 on port 2
2021-03-30 14:17:45,016 [DEBUG]: Added element [135]
2021-03-30 14:17:45,017 [DEBUG]: [2]: More variables, requesting index 136
2021-03-30 14:17:45,017 [DEBUG]: Requesting index 136 on port 2
2021-03-30 14:17:45,030 [DEBUG]: Added element [136]
2021-03-30 14:17:45,030 [DEBUG]: [2]: More variables, requesting index 137
2021-03-30 14:17:45,030 [DEBUG]: Requesting index 137 on port 2
2021-03-30 14:17:45,035 [DEBUG]: Added element [137]
2021-03-30 14:17:45,035 [DEBUG]: [2]: More variables, requesting index 138
2021-03-30 14:17:45,035 [DEBUG]: Requesting index 138 on port 2
2021-03-30 14:17:45,040 [DEBUG]: Added element [138]
2021-03-30 14:17:45,040 [DEBUG]: [2]: More variables, requesting index 139
2021-03-30 14:17:45,041 [DEBUG]: Requesting index 139 on port 2
2021-03-30 14:17:45,044 [DEBUG]: Added element [139]
2021-03-30 14:17:45,044 [DEBUG]: [2]: More variables, requesting index 140
2021-03-30 14:17:45,044 [DEBUG]: Requesting index 140 on port 2
2021-03-30 14:17:45,048 [DEBUG]: Added element [140]
2021-03-30 14:17:45,049 [DEBUG]: [2]: More variables, requesting index 141
2021-03-30 14:17:45,049 [DEBUG]: Requesting index 141 on port 2
2021-03-30 14:17:45,053 [DEBUG]: Added element [141]
2021-03-30 14:17:45,053 [DEBUG]: [2]: More variables, requesting index 142
2021-03-30 14:17:45,053 [DEBUG]: Requesting index 142 on port 2
2021-03-30 14:17:45,058 [DEBUG]: Added element [142]
2021-03-30 14:17:45,058 [DEBUG]: [2]: More variables, requesting index 143
2021-03-30 14:17:45,058 [DEBUG]: Requesting index 143 on port 2
2021-03-30 14:17:45,062 [DEBUG]: Added element [143]
2021-03-30 14:17:45,063 [DEBUG]: [2]: More variables, requesting index 144
2021-03-30 14:17:45,063 [DEBUG]: Requesting index 144 on port 2
2021-03-30 14:17:45,067 [DEBUG]: Added element [144]
2021-03-30 14:17:45,067 [DEBUG]: [2]: More variables, requesting index 145
2021-03-30 14:17:45,067 [DEBUG]: Requesting index 145 on port 2
2021-03-30 14:17:45,071 [DEBUG]: Added element [145]
2021-03-30 14:17:45,071 [DEBUG]: [2]: More variables, requesting index 146
2021-03-30 14:17:45,071 [DEBUG]: Requesting index 146 on port 2
2021-03-30 14:17:45,076 [DEBUG]: Added element [146]
2021-03-30 14:17:45,076 [DEBUG]: [2]: More variables, requesting index 147
2021-03-30 14:17:45,076 [DEBUG]: Requesting index 147 on port 2
2021-03-30 14:17:45,080 [DEBUG]: Added element [147]
2021-03-30 14:17:45,080 [DEBUG]: [2]: More variables, requesting index 148
2021-03-30 14:17:45,080 [DEBUG]: Requesting index 148 on port 2
2021-03-30 14:17:45,084 [DEBUG]: Added element [148]
2021-03-30 14:17:45,084 [DEBUG]: [2]: More variables, requesting index 149
2021-03-30 14:17:45,085 [DEBUG]: Requesting index 149 on port 2
2021-03-30 14:17:45,089 [DEBUG]: Added element [149]
2021-03-30 14:17:45,090 [DEBUG]: [2]: More variables, requesting index 150
2021-03-30 14:17:45,090 [DEBUG]: Requesting index 150 on port 2
2021-03-30 14:17:45,094 [DEBUG]: Added element [150]
2021-03-30 14:17:45,094 [DEBUG]: [2]: More variables, requesting index 151
2021-03-30 14:17:45,094 [DEBUG]: Requesting index 151 on port 2
2021-03-30 14:17:45,098 [DEBUG]: Added element [151]
2021-03-30 14:17:45,099 [DEBUG]: [2]: More variables, requesting index 152
2021-03-30 14:17:45,099 [DEBUG]: Requesting index 152 on port 2
2021-03-30 14:17:45,103 [DEBUG]: Added element [152]
2021-03-30 14:17:45,103 [DEBUG]: [2]: More variables, requesting index 153
2021-03-30 14:17:45,103 [DEBUG]: Requesting index 153 on port 2
2021-03-30 14:17:45,108 [DEBUG]: Added element [153]
2021-03-30 14:17:45,108 [DEBUG]: [2]: More variables, requesting index 154
2021-03-30 14:17:45,108 [DEBUG]: Requesting index 154 on port 2
2021-03-30 14:17:45,112 [DEBUG]: Added element [154]
2021-03-30 14:17:45,112 [DEBUG]: [2]: More variables, requesting index 155
2021-03-30 14:17:45,112 [DEBUG]: Requesting index 155 on port 2
2021-03-30 14:17:45,117 [DEBUG]: Added element [155]
2021-03-30 14:17:45,117 [DEBUG]: [2]: More variables, requesting index 156
2021-03-30 14:17:45,117 [DEBUG]: Requesting index 156 on port 2
2021-03-30 14:17:45,121 [DEBUG]: Added element [156]
2021-03-30 14:17:45,121 [DEBUG]: [2]: More variables, requesting index 157
2021-03-30 14:17:45,121 [DEBUG]: Requesting index 157 on port 2
2021-03-30 14:17:45,125 [DEBUG]: Added element [157]
2021-03-30 14:17:45,126 [DEBUG]: [2]: More variables, requesting index 158
2021-03-30 14:17:45,126 [DEBUG]: Requesting index 158 on port 2
2021-03-30 14:17:45,130 [DEBUG]: Added element [158]
2021-03-30 14:17:45,130 [DEBUG]: [2]: More variables, requesting index 159
2021-03-30 14:17:45,130 [DEBUG]: Requesting index 159 on port 2
2021-03-30 14:17:45,134 [DEBUG]: Added element [159]
2021-03-30 14:17:45,134 [DEBUG]: [2]: More variables, requesting index 160
2021-03-30 14:17:45,134 [DEBUG]: Requesting index 160 on port 2
2021-03-30 14:17:45,139 [DEBUG]: Added element [160]
2021-03-30 14:17:45,139 [DEBUG]: [2]: More variables, requesting index 161
2021-03-30 14:17:45,139 [DEBUG]: Requesting index 161 on port 2
2021-03-30 14:17:45,143 [DEBUG]: Added element [161]
2021-03-30 14:17:45,143 [DEBUG]: [2]: More variables, requesting index 162
2021-03-30 14:17:45,143 [DEBUG]: Requesting index 162 on port 2
2021-03-30 14:17:45,147 [DEBUG]: Added element [162]
2021-03-30 14:17:45,147 [DEBUG]: [2]: More variables, requesting index 163
2021-03-30 14:17:45,147 [DEBUG]: Requesting index 163 on port 2
2021-03-30 14:17:45,160 [DEBUG]: Added element [163]
2021-03-30 14:17:45,160 [WARNING]: Could not save cache, no writable directory
2021-03-30 14:17:45,160 [DEBUG]: Removing callback on port [2] to [<bound method TocFetcher._new_packet_cb of <cflib.crazyflie.toc.TocFetcher object at 0x0000016C9C6C35C8>>]
2021-03-30 14:17:45,160 [DEBUG]: [2]: Done!
2021-03-30 14:17:45,160 [INFO]: Param TOC finished updating
2021-03-30 14:17:45,161 [INFO]: Callback->Connection setup finished [radio://0/80/2M]
2021-03-30 14:17:45,161 [DEBUG]: Requesting request to update param [6]
2021-03-30 14:17:45,161 [DEBUG]: Requesting request to update param [1]
2021-03-30 14:17:45,161 [DEBUG]: Requesting request to update param [2]
2021-03-30 14:17:45,162 [INFO]: Closing link
2021-03-30 14:17:45,162 [DEBUG]: Requesting request to update param [3]
2021-03-30 14:17:45,163 [DEBUG]: Requesting request to update param [4]
2021-03-30 14:17:45,163 [DEBUG]: Requesting request to update param [5]
2021-03-30 14:17:45,163 [DEBUG]: Requesting request to update param [7]
2021-03-30 14:17:45,164 [DEBUG]: Requesting request to update param [8]
2021-03-30 14:17:45,164 [INFO]: Callback->Disconnected from [radio://0/80/2M]
2021-03-30 14:17:45,164 [WARNING]: Unable to find variable [cpu.id1]
2021-03-30 14:17:45,167 [ERROR]: Exception while doing callback on port [2]

Traceback (most recent call last):
  File "C:\Users\Vicon-PC\Desktop\PROGETTO CRAZYFLIE\virtual env generic\lib\site-packages\cflib\crazyflie\__init__.py", line 403, in run
    cb.callback(pk)
  File "C:\Users\Vicon-PC\Desktop\PROGETTO CRAZYFLIE\virtual env generic\lib\site-packages\cflib\crazyflie\toc.py", line 204, in _new_packet_cb
    self._toc_fetch_finished()
  File "C:\Users\Vicon-PC\Desktop\PROGETTO CRAZYFLIE\virtual env generic\lib\site-packages\cflib\crazyflie\toc.py", line 153, in _toc_fetch_finished
    self.finished_callback()
  File "C:\Users\Vicon-PC\Desktop\PROGETTO CRAZYFLIE\virtual env generic\lib\site-packages\cflib\crazyflie\__init__.py", line 172, in _param_toc_updated_cb
    self.param.request_update_of_all_params()
  File "C:\Users\Vicon-PC\Desktop\PROGETTO CRAZYFLIE\virtual env generic\lib\site-packages\cflib\crazyflie\param.py", line 143, in request_update_of_all_params
    self.request_param_update(complete_name)
  File "C:\Users\Vicon-PC\Desktop\PROGETTO CRAZYFLIE\virtual env generic\lib\site-packages\cflib\crazyflie\param.py", line 248, in request_param_update
    self.toc.get_element_id(complete_name))
  File "C:\Users\Vicon-PC\Desktop\PROGETTO CRAZYFLIE\virtual env generic\lib\site-packages\cflib\crazyflie\param.py", line 339, in request_param_update
    pk.data = struct.pack('<H', var_id)
struct.error: required argument is not an integer

