2021-03-23 12:11:47,367 [INFO]: variables added
2021-03-23 12:11:47,368 [DEBUG]: Adding callback on port [6] to [<bound method Localization._incoming of <cflib.crazyflie.localization.Localization object at 0x0000018C5D6B9E08>>]
2021-03-23 12:11:47,368 [DEBUG]: Adding callback on port [5] to [<bound method Log._new_packet_cb of <cflib.crazyflie.log.Log object at 0x0000018C5D6B9F08>>]
2021-03-23 12:11:47,368 [DEBUG]: Adding callback on port [0] to [<bound method Console.incoming of <cflib.crazyflie.console.Console object at 0x0000018C5D6B9FC8>>]
2021-03-23 12:11:47,368 [DEBUG]: Adding callback on port [2] to [<bound method _ParamUpdater._new_packet_cb of <_ParamUpdater(Thread-2, initial daemon)>>]
2021-03-23 12:11:47,368 [DEBUG]: Adding callback on port [4] to [<bound method Memory._new_packet_cb of <cflib.crazyflie.mem.Memory object at 0x0000018C5D6CB388>>]
2021-03-23 12:11:47,368 [DEBUG]: Adding callback on port [13] to [<bound method PlatformService._platform_callback of <cflib.crazyflie.platformservice.PlatformService object at 0x0000018C5D6CB4C8>>]
2021-03-23 12:11:47,368 [DEBUG]: Adding callback on port [15] to [<bound method PlatformService._crt_service_callback of <cflib.crazyflie.platformservice.PlatformService object at 0x0000018C5D6CB4C8>>]
2021-03-23 12:11:47,369 [INFO]: Callback->Connection initialized[radio://0/80/2M]
2021-03-23 12:11:47,373 [INFO]: We are connected[radio://0/80/2M], request connection setup
2021-03-23 12:11:47,374 [INFO]: Callback->Connected to [radio://0/80/2M]
2021-03-23 12:11:47,376 [WARNING]: Error no LogEntry to handle id=1
2021-03-23 12:11:47,378 [WARNING]: Error no LogEntry to handle id=1
2021-03-23 12:11:47,385 [INFO]: Protocol  version: 4
2021-03-23 12:11:47,388 [DEBUG]: Logging reset, continue with TOC download
2021-03-23 12:11:47,388 [DEBUG]: [5]: Using V2 protocol: 1
2021-03-23 12:11:47,389 [DEBUG]: [5]: Start fetching...
2021-03-23 12:11:47,389 [DEBUG]: Adding callback on port [5] to [<bound method TocFetcher._new_packet_cb of <cflib.crazyflie.toc.TocFetcher object at 0x0000018C5D7150C8>>]
2021-03-23 12:11:47,392 [DEBUG]: [5]: Got TOC CRC, 317 items and crc=0x05C5AF70
2021-03-23 12:11:47,392 [DEBUG]: Requesting index 0 on port 5
2021-03-23 12:11:47,396 [DEBUG]: Added element [0]
2021-03-23 12:11:47,396 [DEBUG]: [5]: More variables, requesting index 1
2021-03-23 12:11:47,396 [DEBUG]: Requesting index 1 on port 5
2021-03-23 12:11:47,401 [DEBUG]: Added element [1]
2021-03-23 12:11:47,401 [DEBUG]: [5]: More variables, requesting index 2
2021-03-23 12:11:47,401 [DEBUG]: Requesting index 2 on port 5
2021-03-23 12:11:47,405 [DEBUG]: Added element [2]
2021-03-23 12:11:47,405 [DEBUG]: [5]: More variables, requesting index 3
2021-03-23 12:11:47,405 [DEBUG]: Requesting index 3 on port 5
2021-03-23 12:11:47,410 [DEBUG]: Added element [3]
2021-03-23 12:11:47,410 [DEBUG]: [5]: More variables, requesting index 4
2021-03-23 12:11:47,410 [DEBUG]: Requesting index 4 on port 5
2021-03-23 12:11:47,414 [DEBUG]: Added element [4]
2021-03-23 12:11:47,414 [DEBUG]: [5]: More variables, requesting index 5
2021-03-23 12:11:47,414 [DEBUG]: Requesting index 5 on port 5
2021-03-23 12:11:47,418 [DEBUG]: Added element [5]
2021-03-23 12:11:47,418 [DEBUG]: [5]: More variables, requesting index 6
2021-03-23 12:11:47,419 [DEBUG]: Requesting index 6 on port 5
2021-03-23 12:11:47,422 [DEBUG]: Added element [6]
2021-03-23 12:11:47,423 [DEBUG]: [5]: More variables, requesting index 7
2021-03-23 12:11:47,423 [DEBUG]: Requesting index 7 on port 5
2021-03-23 12:11:47,427 [DEBUG]: Added element [7]
2021-03-23 12:11:47,427 [DEBUG]: [5]: More variables, requesting index 8
2021-03-23 12:11:47,427 [DEBUG]: Requesting index 8 on port 5
2021-03-23 12:11:47,431 [DEBUG]: Added element [8]
2021-03-23 12:11:47,431 [DEBUG]: [5]: More variables, requesting index 9
2021-03-23 12:11:47,431 [DEBUG]: Requesting index 9 on port 5
2021-03-23 12:11:47,435 [DEBUG]: Added element [9]
2021-03-23 12:11:47,435 [DEBUG]: [5]: More variables, requesting index 10
2021-03-23 12:11:47,435 [DEBUG]: Requesting index 10 on port 5
2021-03-23 12:11:47,439 [DEBUG]: Added element [10]
2021-03-23 12:11:47,439 [DEBUG]: [5]: More variables, requesting index 11
2021-03-23 12:11:47,439 [DEBUG]: Requesting index 11 on port 5
2021-03-23 12:11:47,444 [DEBUG]: Added element [11]
2021-03-23 12:11:47,444 [DEBUG]: [5]: More variables, requesting index 12
2021-03-23 12:11:47,444 [DEBUG]: Requesting index 12 on port 5
2021-03-23 12:11:47,448 [DEBUG]: Added element [12]
2021-03-23 12:11:47,448 [DEBUG]: [5]: More variables, requesting index 13
2021-03-23 12:11:47,448 [DEBUG]: Requesting index 13 on port 5
2021-03-23 12:11:47,452 [DEBUG]: Added element [13]
2021-03-23 12:11:47,453 [DEBUG]: [5]: More variables, requesting index 14
2021-03-23 12:11:47,453 [DEBUG]: Requesting index 14 on port 5
2021-03-23 12:11:47,457 [DEBUG]: Added element [14]
2021-03-23 12:11:47,457 [DEBUG]: [5]: More variables, requesting index 15
2021-03-23 12:11:47,457 [DEBUG]: Requesting index 15 on port 5
2021-03-23 12:11:47,461 [DEBUG]: Added element [15]
2021-03-23 12:11:47,461 [DEBUG]: [5]: More variables, requesting index 16
2021-03-23 12:11:47,461 [DEBUG]: Requesting index 16 on port 5
2021-03-23 12:11:47,466 [DEBUG]: Added element [16]
2021-03-23 12:11:47,466 [DEBUG]: [5]: More variables, requesting index 17
2021-03-23 12:11:47,466 [DEBUG]: Requesting index 17 on port 5
2021-03-23 12:11:47,469 [DEBUG]: Added element [17]
2021-03-23 12:11:47,469 [DEBUG]: [5]: More variables, requesting index 18
2021-03-23 12:11:47,469 [DEBUG]: Requesting index 18 on port 5
2021-03-23 12:11:47,473 [DEBUG]: Added element [18]
2021-03-23 12:11:47,473 [DEBUG]: [5]: More variables, requesting index 19
2021-03-23 12:11:47,473 [DEBUG]: Requesting index 19 on port 5
2021-03-23 12:11:47,478 [DEBUG]: Added element [19]
2021-03-23 12:11:47,478 [DEBUG]: [5]: More variables, requesting index 20
2021-03-23 12:11:47,478 [DEBUG]: Requesting index 20 on port 5
2021-03-23 12:11:47,482 [DEBUG]: Added element [20]
2021-03-23 12:11:47,482 [DEBUG]: [5]: More variables, requesting index 21
2021-03-23 12:11:47,482 [DEBUG]: Requesting index 21 on port 5
2021-03-23 12:11:47,488 [DEBUG]: Added element [21]
2021-03-23 12:11:47,488 [DEBUG]: [5]: More variables, requesting index 22
2021-03-23 12:11:47,488 [DEBUG]: Requesting index 22 on port 5
2021-03-23 12:11:47,500 [DEBUG]: Added element [22]
2021-03-23 12:11:47,500 [DEBUG]: [5]: More variables, requesting index 23
2021-03-23 12:11:47,500 [DEBUG]: Requesting index 23 on port 5
2021-03-23 12:11:47,504 [DEBUG]: Added element [23]
2021-03-23 12:11:47,504 [DEBUG]: [5]: More variables, requesting index 24
2021-03-23 12:11:47,504 [DEBUG]: Requesting index 24 on port 5
2021-03-23 12:11:47,509 [DEBUG]: Added element [24]
2021-03-23 12:11:47,509 [DEBUG]: [5]: More variables, requesting index 25
2021-03-23 12:11:47,509 [DEBUG]: Requesting index 25 on port 5
2021-03-23 12:11:47,513 [DEBUG]: Added element [25]
2021-03-23 12:11:47,513 [DEBUG]: [5]: More variables, requesting index 26
2021-03-23 12:11:47,513 [DEBUG]: Requesting index 26 on port 5
2021-03-23 12:11:47,517 [DEBUG]: Added element [26]
2021-03-23 12:11:47,517 [DEBUG]: [5]: More variables, requesting index 27
2021-03-23 12:11:47,517 [DEBUG]: Requesting index 27 on port 5
2021-03-23 12:11:47,521 [DEBUG]: Added element [27]
2021-03-23 12:11:47,521 [DEBUG]: [5]: More variables, requesting index 28
2021-03-23 12:11:47,521 [DEBUG]: Requesting index 28 on port 5
2021-03-23 12:11:47,526 [DEBUG]: Added element [28]
2021-03-23 12:11:47,526 [DEBUG]: [5]: More variables, requesting index 29
2021-03-23 12:11:47,526 [DEBUG]: Requesting index 29 on port 5
2021-03-23 12:11:47,530 [DEBUG]: Added element [29]
2021-03-23 12:11:47,530 [DEBUG]: [5]: More variables, requesting index 30
2021-03-23 12:11:47,530 [DEBUG]: Requesting index 30 on port 5
2021-03-23 12:11:47,533 [DEBUG]: Added element [30]
2021-03-23 12:11:47,533 [DEBUG]: [5]: More variables, requesting index 31
2021-03-23 12:11:47,533 [DEBUG]: Requesting index 31 on port 5
2021-03-23 12:11:47,538 [DEBUG]: Added element [31]
2021-03-23 12:11:47,538 [DEBUG]: [5]: More variables, requesting index 32
2021-03-23 12:11:47,538 [DEBUG]: Requesting index 32 on port 5
2021-03-23 12:11:47,542 [DEBUG]: Added element [32]
2021-03-23 12:11:47,542 [DEBUG]: [5]: More variables, requesting index 33
2021-03-23 12:11:47,542 [DEBUG]: Requesting index 33 on port 5
2021-03-23 12:11:47,546 [DEBUG]: Added element [33]
2021-03-23 12:11:47,546 [DEBUG]: [5]: More variables, requesting index 34
2021-03-23 12:11:47,546 [DEBUG]: Requesting index 34 on port 5
2021-03-23 12:11:47,551 [DEBUG]: Added element [34]
2021-03-23 12:11:47,551 [DEBUG]: [5]: More variables, requesting index 35
2021-03-23 12:11:47,551 [DEBUG]: Requesting index 35 on port 5
2021-03-23 12:11:47,555 [DEBUG]: Added element [35]
2021-03-23 12:11:47,555 [DEBUG]: [5]: More variables, requesting index 36
2021-03-23 12:11:47,555 [DEBUG]: Requesting index 36 on port 5
2021-03-23 12:11:47,559 [DEBUG]: Added element [36]
2021-03-23 12:11:47,559 [DEBUG]: [5]: More variables, requesting index 37
2021-03-23 12:11:47,559 [DEBUG]: Requesting index 37 on port 5
2021-03-23 12:11:47,563 [DEBUG]: Added element [37]
2021-03-23 12:11:47,563 [DEBUG]: [5]: More variables, requesting index 38
2021-03-23 12:11:47,563 [DEBUG]: Requesting index 38 on port 5
2021-03-23 12:11:47,568 [DEBUG]: Added element [38]
2021-03-23 12:11:47,568 [DEBUG]: [5]: More variables, requesting index 39
2021-03-23 12:11:47,568 [DEBUG]: Requesting index 39 on port 5
2021-03-23 12:11:47,571 [DEBUG]: Added element [39]
2021-03-23 12:11:47,571 [DEBUG]: [5]: More variables, requesting index 40
2021-03-23 12:11:47,571 [DEBUG]: Requesting index 40 on port 5
2021-03-23 12:11:47,575 [DEBUG]: Added element [40]
2021-03-23 12:11:47,576 [DEBUG]: [5]: More variables, requesting index 41
2021-03-23 12:11:47,576 [DEBUG]: Requesting index 41 on port 5
2021-03-23 12:11:47,580 [DEBUG]: Added element [41]
2021-03-23 12:11:47,580 [DEBUG]: [5]: More variables, requesting index 42
2021-03-23 12:11:47,580 [DEBUG]: Requesting index 42 on port 5
2021-03-23 12:11:47,584 [DEBUG]: Added element [42]
2021-03-23 12:11:47,584 [DEBUG]: [5]: More variables, requesting index 43
2021-03-23 12:11:47,584 [DEBUG]: Requesting index 43 on port 5
2021-03-23 12:11:47,588 [DEBUG]: Added element [43]
2021-03-23 12:11:47,588 [DEBUG]: [5]: More variables, requesting index 44
2021-03-23 12:11:47,588 [DEBUG]: Requesting index 44 on port 5
2021-03-23 12:11:47,593 [DEBUG]: Added element [44]
2021-03-23 12:11:47,593 [DEBUG]: [5]: More variables, requesting index 45
2021-03-23 12:11:47,593 [DEBUG]: Requesting index 45 on port 5
2021-03-23 12:11:47,598 [DEBUG]: Added element [45]
2021-03-23 12:11:47,598 [DEBUG]: [5]: More variables, requesting index 46
2021-03-23 12:11:47,598 [DEBUG]: Requesting index 46 on port 5
2021-03-23 12:11:47,603 [DEBUG]: Added element [46]
2021-03-23 12:11:47,603 [DEBUG]: [5]: More variables, requesting index 47
2021-03-23 12:11:47,603 [DEBUG]: Requesting index 47 on port 5
2021-03-23 12:11:47,607 [DEBUG]: Added element [47]
2021-03-23 12:11:47,607 [DEBUG]: [5]: More variables, requesting index 48
2021-03-23 12:11:47,607 [DEBUG]: Requesting index 48 on port 5
2021-03-23 12:11:47,611 [DEBUG]: Added element [48]
2021-03-23 12:11:47,611 [DEBUG]: [5]: More variables, requesting index 49
2021-03-23 12:11:47,612 [DEBUG]: Requesting index 49 on port 5
2021-03-23 12:11:47,616 [DEBUG]: Added element [49]
2021-03-23 12:11:47,616 [DEBUG]: [5]: More variables, requesting index 50
2021-03-23 12:11:47,616 [DEBUG]: Requesting index 50 on port 5
2021-03-23 12:11:47,620 [DEBUG]: Added element [50]
2021-03-23 12:11:47,620 [DEBUG]: [5]: More variables, requesting index 51
2021-03-23 12:11:47,620 [DEBUG]: Requesting index 51 on port 5
2021-03-23 12:11:47,634 [DEBUG]: Added element [51]
2021-03-23 12:11:47,634 [DEBUG]: [5]: More variables, requesting index 52
2021-03-23 12:11:47,634 [DEBUG]: Requesting index 52 on port 5
2021-03-23 12:11:47,639 [DEBUG]: Added element [52]
2021-03-23 12:11:47,639 [DEBUG]: [5]: More variables, requesting index 53
2021-03-23 12:11:47,639 [DEBUG]: Requesting index 53 on port 5
2021-03-23 12:11:47,643 [DEBUG]: Added element [53]
2021-03-23 12:11:47,644 [DEBUG]: [5]: More variables, requesting index 54
2021-03-23 12:11:47,644 [DEBUG]: Requesting index 54 on port 5
2021-03-23 12:11:47,648 [DEBUG]: Added element [54]
2021-03-23 12:11:47,648 [DEBUG]: [5]: More variables, requesting index 55
2021-03-23 12:11:47,648 [DEBUG]: Requesting index 55 on port 5
2021-03-23 12:11:47,653 [DEBUG]: Added element [55]
2021-03-23 12:11:47,653 [DEBUG]: [5]: More variables, requesting index 56
2021-03-23 12:11:47,653 [DEBUG]: Requesting index 56 on port 5
2021-03-23 12:11:47,658 [DEBUG]: Added element [56]
2021-03-23 12:11:47,658 [DEBUG]: [5]: More variables, requesting index 57
2021-03-23 12:11:47,658 [DEBUG]: Requesting index 57 on port 5
2021-03-23 12:11:47,663 [DEBUG]: Added element [57]
2021-03-23 12:11:47,663 [DEBUG]: [5]: More variables, requesting index 58
2021-03-23 12:11:47,663 [DEBUG]: Requesting index 58 on port 5
2021-03-23 12:11:47,667 [DEBUG]: Added element [58]
2021-03-23 12:11:47,667 [DEBUG]: [5]: More variables, requesting index 59
2021-03-23 12:11:47,667 [DEBUG]: Requesting index 59 on port 5
2021-03-23 12:11:47,672 [DEBUG]: Added element [59]
2021-03-23 12:11:47,672 [DEBUG]: [5]: More variables, requesting index 60
2021-03-23 12:11:47,672 [DEBUG]: Requesting index 60 on port 5
2021-03-23 12:11:47,677 [DEBUG]: Added element [60]
2021-03-23 12:11:47,677 [DEBUG]: [5]: More variables, requesting index 61
2021-03-23 12:11:47,677 [DEBUG]: Requesting index 61 on port 5
2021-03-23 12:11:47,681 [DEBUG]: Added element [61]
2021-03-23 12:11:47,681 [DEBUG]: [5]: More variables, requesting index 62
2021-03-23 12:11:47,682 [DEBUG]: Requesting index 62 on port 5
2021-03-23 12:11:47,687 [DEBUG]: Added element [62]
2021-03-23 12:11:47,688 [DEBUG]: [5]: More variables, requesting index 63
2021-03-23 12:11:47,688 [DEBUG]: Requesting index 63 on port 5
2021-03-23 12:11:47,694 [DEBUG]: Added element [63]
2021-03-23 12:11:47,695 [DEBUG]: [5]: More variables, requesting index 64
2021-03-23 12:11:47,695 [DEBUG]: Requesting index 64 on port 5
2021-03-23 12:11:47,700 [DEBUG]: Added element [64]
2021-03-23 12:11:47,701 [DEBUG]: [5]: More variables, requesting index 65
2021-03-23 12:11:47,701 [DEBUG]: Requesting index 65 on port 5
2021-03-23 12:11:47,705 [DEBUG]: Added element [65]
2021-03-23 12:11:47,706 [DEBUG]: [5]: More variables, requesting index 66
2021-03-23 12:11:47,706 [DEBUG]: Requesting index 66 on port 5
2021-03-23 12:11:47,711 [DEBUG]: Added element [66]
2021-03-23 12:11:47,711 [DEBUG]: [5]: More variables, requesting index 67
2021-03-23 12:11:47,711 [DEBUG]: Requesting index 67 on port 5
2021-03-23 12:11:47,716 [DEBUG]: Added element [67]
2021-03-23 12:11:47,716 [DEBUG]: [5]: More variables, requesting index 68
2021-03-23 12:11:47,716 [DEBUG]: Requesting index 68 on port 5
2021-03-23 12:11:47,721 [DEBUG]: Added element [68]
2021-03-23 12:11:47,721 [DEBUG]: [5]: More variables, requesting index 69
2021-03-23 12:11:47,721 [DEBUG]: Requesting index 69 on port 5
2021-03-23 12:11:47,727 [DEBUG]: Added element [69]
2021-03-23 12:11:47,727 [DEBUG]: [5]: More variables, requesting index 70
2021-03-23 12:11:47,727 [DEBUG]: Requesting index 70 on port 5
2021-03-23 12:11:47,732 [DEBUG]: Added element [70]
2021-03-23 12:11:47,733 [DEBUG]: [5]: More variables, requesting index 71
2021-03-23 12:11:47,733 [DEBUG]: Requesting index 71 on port 5
2021-03-23 12:11:47,737 [DEBUG]: Added element [71]
2021-03-23 12:11:47,737 [DEBUG]: [5]: More variables, requesting index 72
2021-03-23 12:11:47,737 [DEBUG]: Requesting index 72 on port 5
2021-03-23 12:11:47,741 [DEBUG]: Added element [72]
2021-03-23 12:11:47,741 [DEBUG]: [5]: More variables, requesting index 73
2021-03-23 12:11:47,741 [DEBUG]: Requesting index 73 on port 5
2021-03-23 12:11:47,745 [DEBUG]: Added element [73]
2021-03-23 12:11:47,745 [DEBUG]: [5]: More variables, requesting index 74
2021-03-23 12:11:47,745 [DEBUG]: Requesting index 74 on port 5
2021-03-23 12:11:47,748 [DEBUG]: Added element [74]
2021-03-23 12:11:47,748 [DEBUG]: [5]: More variables, requesting index 75
2021-03-23 12:11:47,748 [DEBUG]: Requesting index 75 on port 5
2021-03-23 12:11:47,761 [DEBUG]: Added element [75]
2021-03-23 12:11:47,761 [DEBUG]: [5]: More variables, requesting index 76
2021-03-23 12:11:47,761 [DEBUG]: Requesting index 76 on port 5
2021-03-23 12:11:47,765 [DEBUG]: Added element [76]
2021-03-23 12:11:47,765 [DEBUG]: [5]: More variables, requesting index 77
2021-03-23 12:11:47,765 [DEBUG]: Requesting index 77 on port 5
2021-03-23 12:11:47,770 [DEBUG]: Added element [77]
2021-03-23 12:11:47,770 [DEBUG]: [5]: More variables, requesting index 78
2021-03-23 12:11:47,770 [DEBUG]: Requesting index 78 on port 5
2021-03-23 12:11:47,774 [DEBUG]: Added element [78]
2021-03-23 12:11:47,774 [DEBUG]: [5]: More variables, requesting index 79
2021-03-23 12:11:47,775 [DEBUG]: Requesting index 79 on port 5
2021-03-23 12:11:47,779 [DEBUG]: Added element [79]
2021-03-23 12:11:47,779 [DEBUG]: [5]: More variables, requesting index 80
2021-03-23 12:11:47,779 [DEBUG]: Requesting index 80 on port 5
2021-03-23 12:11:47,783 [DEBUG]: Added element [80]
2021-03-23 12:11:47,784 [DEBUG]: [5]: More variables, requesting index 81
2021-03-23 12:11:47,784 [DEBUG]: Requesting index 81 on port 5
2021-03-23 12:11:47,787 [DEBUG]: Added element [81]
2021-03-23 12:11:47,788 [DEBUG]: [5]: More variables, requesting index 82
2021-03-23 12:11:47,788 [DEBUG]: Requesting index 82 on port 5
2021-03-23 12:11:47,792 [DEBUG]: Added element [82]
2021-03-23 12:11:47,792 [DEBUG]: [5]: More variables, requesting index 83
2021-03-23 12:11:47,792 [DEBUG]: Requesting index 83 on port 5
2021-03-23 12:11:47,796 [DEBUG]: Added element [83]
2021-03-23 12:11:47,796 [DEBUG]: [5]: More variables, requesting index 84
2021-03-23 12:11:47,796 [DEBUG]: Requesting index 84 on port 5
2021-03-23 12:11:47,800 [DEBUG]: Added element [84]
2021-03-23 12:11:47,800 [DEBUG]: [5]: More variables, requesting index 85
2021-03-23 12:11:47,800 [DEBUG]: Requesting index 85 on port 5
2021-03-23 12:11:47,804 [DEBUG]: Added element [85]
2021-03-23 12:11:47,805 [DEBUG]: [5]: More variables, requesting index 86
2021-03-23 12:11:47,805 [DEBUG]: Requesting index 86 on port 5
2021-03-23 12:11:47,809 [DEBUG]: Added element [86]
2021-03-23 12:11:47,809 [DEBUG]: [5]: More variables, requesting index 87
2021-03-23 12:11:47,809 [DEBUG]: Requesting index 87 on port 5
2021-03-23 12:11:47,813 [DEBUG]: Added element [87]
2021-03-23 12:11:47,813 [DEBUG]: [5]: More variables, requesting index 88
2021-03-23 12:11:47,813 [DEBUG]: Requesting index 88 on port 5
2021-03-23 12:11:47,818 [DEBUG]: Added element [88]
2021-03-23 12:11:47,818 [DEBUG]: [5]: More variables, requesting index 89
2021-03-23 12:11:47,818 [DEBUG]: Requesting index 89 on port 5
2021-03-23 12:11:47,823 [DEBUG]: Added element [89]
2021-03-23 12:11:47,823 [DEBUG]: [5]: More variables, requesting index 90
2021-03-23 12:11:47,823 [DEBUG]: Requesting index 90 on port 5
2021-03-23 12:11:47,827 [DEBUG]: Added element [90]
2021-03-23 12:11:47,827 [DEBUG]: [5]: More variables, requesting index 91
2021-03-23 12:11:47,827 [DEBUG]: Requesting index 91 on port 5
2021-03-23 12:11:47,832 [DEBUG]: Added element [91]
2021-03-23 12:11:47,832 [DEBUG]: [5]: More variables, requesting index 92
2021-03-23 12:11:47,832 [DEBUG]: Requesting index 92 on port 5
2021-03-23 12:11:47,836 [DEBUG]: Added element [92]
2021-03-23 12:11:47,836 [DEBUG]: [5]: More variables, requesting index 93
2021-03-23 12:11:47,836 [DEBUG]: Requesting index 93 on port 5
2021-03-23 12:11:47,840 [DEBUG]: Added element [93]
2021-03-23 12:11:47,840 [DEBUG]: [5]: More variables, requesting index 94
2021-03-23 12:11:47,840 [DEBUG]: Requesting index 94 on port 5
2021-03-23 12:11:47,844 [DEBUG]: Added element [94]
2021-03-23 12:11:47,844 [DEBUG]: [5]: More variables, requesting index 95
2021-03-23 12:11:47,844 [DEBUG]: Requesting index 95 on port 5
2021-03-23 12:11:47,848 [DEBUG]: Added element [95]
2021-03-23 12:11:47,848 [DEBUG]: [5]: More variables, requesting index 96
2021-03-23 12:11:47,848 [DEBUG]: Requesting index 96 on port 5
2021-03-23 12:11:47,853 [DEBUG]: Added element [96]
2021-03-23 12:11:47,853 [DEBUG]: [5]: More variables, requesting index 97
2021-03-23 12:11:47,854 [DEBUG]: Requesting index 97 on port 5
2021-03-23 12:11:47,858 [DEBUG]: Added element [97]
2021-03-23 12:11:47,858 [DEBUG]: [5]: More variables, requesting index 98
2021-03-23 12:11:47,858 [DEBUG]: Requesting index 98 on port 5
2021-03-23 12:11:47,862 [DEBUG]: Added element [98]
2021-03-23 12:11:47,862 [DEBUG]: [5]: More variables, requesting index 99
2021-03-23 12:11:47,862 [DEBUG]: Requesting index 99 on port 5
2021-03-23 12:11:47,866 [DEBUG]: Added element [99]
2021-03-23 12:11:47,866 [DEBUG]: [5]: More variables, requesting index 100
2021-03-23 12:11:47,866 [DEBUG]: Requesting index 100 on port 5
2021-03-23 12:11:47,871 [DEBUG]: Added element [100]
2021-03-23 12:11:47,871 [DEBUG]: [5]: More variables, requesting index 101
2021-03-23 12:11:47,871 [DEBUG]: Requesting index 101 on port 5
2021-03-23 12:11:47,874 [DEBUG]: Added element [101]
2021-03-23 12:11:47,874 [DEBUG]: [5]: More variables, requesting index 102
2021-03-23 12:11:47,874 [DEBUG]: Requesting index 102 on port 5
2021-03-23 12:11:47,879 [DEBUG]: Added element [102]
2021-03-23 12:11:47,879 [DEBUG]: [5]: More variables, requesting index 103
2021-03-23 12:11:47,879 [DEBUG]: Requesting index 103 on port 5
2021-03-23 12:11:47,894 [DEBUG]: Added element [103]
2021-03-23 12:11:47,894 [DEBUG]: [5]: More variables, requesting index 104
2021-03-23 12:11:47,895 [DEBUG]: Requesting index 104 on port 5
2021-03-23 12:11:47,900 [DEBUG]: Added element [104]
2021-03-23 12:11:47,901 [DEBUG]: [5]: More variables, requesting index 105
2021-03-23 12:11:47,901 [DEBUG]: Requesting index 105 on port 5
2021-03-23 12:11:47,906 [DEBUG]: Added element [105]
2021-03-23 12:11:47,906 [DEBUG]: [5]: More variables, requesting index 106
2021-03-23 12:11:47,906 [DEBUG]: Requesting index 106 on port 5
2021-03-23 12:11:47,911 [DEBUG]: Added element [106]
2021-03-23 12:11:47,911 [DEBUG]: [5]: More variables, requesting index 107
2021-03-23 12:11:47,911 [DEBUG]: Requesting index 107 on port 5
2021-03-23 12:11:47,914 [DEBUG]: Added element [107]
2021-03-23 12:11:47,914 [DEBUG]: [5]: More variables, requesting index 108
2021-03-23 12:11:47,914 [DEBUG]: Requesting index 108 on port 5
2021-03-23 12:11:47,919 [DEBUG]: Added element [108]
2021-03-23 12:11:47,919 [DEBUG]: [5]: More variables, requesting index 109
2021-03-23 12:11:47,919 [DEBUG]: Requesting index 109 on port 5
2021-03-23 12:11:47,923 [DEBUG]: Added element [109]
2021-03-23 12:11:47,923 [DEBUG]: [5]: More variables, requesting index 110
2021-03-23 12:11:47,923 [DEBUG]: Requesting index 110 on port 5
2021-03-23 12:11:47,928 [DEBUG]: Added element [110]
2021-03-23 12:11:47,928 [DEBUG]: [5]: More variables, requesting index 111
2021-03-23 12:11:47,928 [DEBUG]: Requesting index 111 on port 5
2021-03-23 12:11:47,932 [DEBUG]: Added element [111]
2021-03-23 12:11:47,932 [DEBUG]: [5]: More variables, requesting index 112
2021-03-23 12:11:47,932 [DEBUG]: Requesting index 112 on port 5
2021-03-23 12:11:47,937 [DEBUG]: Added element [112]
2021-03-23 12:11:47,937 [DEBUG]: [5]: More variables, requesting index 113
2021-03-23 12:11:47,937 [DEBUG]: Requesting index 113 on port 5
2021-03-23 12:11:47,940 [DEBUG]: Added element [113]
2021-03-23 12:11:47,940 [DEBUG]: [5]: More variables, requesting index 114
2021-03-23 12:11:47,940 [DEBUG]: Requesting index 114 on port 5
2021-03-23 12:11:47,943 [DEBUG]: Added element [114]
2021-03-23 12:11:47,943 [DEBUG]: [5]: More variables, requesting index 115
2021-03-23 12:11:47,943 [DEBUG]: Requesting index 115 on port 5
2021-03-23 12:11:47,947 [DEBUG]: Added element [115]
2021-03-23 12:11:47,947 [DEBUG]: [5]: More variables, requesting index 116
2021-03-23 12:11:47,947 [DEBUG]: Requesting index 116 on port 5
2021-03-23 12:11:47,951 [DEBUG]: Added element [116]
2021-03-23 12:11:47,951 [DEBUG]: [5]: More variables, requesting index 117
2021-03-23 12:11:47,951 [DEBUG]: Requesting index 117 on port 5
2021-03-23 12:11:47,956 [DEBUG]: Added element [117]
2021-03-23 12:11:47,956 [DEBUG]: [5]: More variables, requesting index 118
2021-03-23 12:11:47,956 [DEBUG]: Requesting index 118 on port 5
2021-03-23 12:11:47,960 [DEBUG]: Added element [118]
2021-03-23 12:11:47,960 [DEBUG]: [5]: More variables, requesting index 119
2021-03-23 12:11:47,960 [DEBUG]: Requesting index 119 on port 5
2021-03-23 12:11:47,964 [DEBUG]: Added element [119]
2021-03-23 12:11:47,964 [DEBUG]: [5]: More variables, requesting index 120
2021-03-23 12:11:47,964 [DEBUG]: Requesting index 120 on port 5
2021-03-23 12:11:47,969 [DEBUG]: Added element [120]
2021-03-23 12:11:47,969 [DEBUG]: [5]: More variables, requesting index 121
2021-03-23 12:11:47,969 [DEBUG]: Requesting index 121 on port 5
2021-03-23 12:11:47,974 [DEBUG]: Added element [121]
2021-03-23 12:11:47,974 [DEBUG]: [5]: More variables, requesting index 122
2021-03-23 12:11:47,974 [DEBUG]: Requesting index 122 on port 5
2021-03-23 12:11:47,978 [DEBUG]: Added element [122]
2021-03-23 12:11:47,978 [DEBUG]: [5]: More variables, requesting index 123
2021-03-23 12:11:47,978 [DEBUG]: Requesting index 123 on port 5
2021-03-23 12:11:47,983 [DEBUG]: Added element [123]
2021-03-23 12:11:47,983 [DEBUG]: [5]: More variables, requesting index 124
2021-03-23 12:11:47,983 [DEBUG]: Requesting index 124 on port 5
2021-03-23 12:11:47,987 [DEBUG]: Added element [124]
2021-03-23 12:11:47,987 [DEBUG]: [5]: More variables, requesting index 125
2021-03-23 12:11:47,987 [DEBUG]: Requesting index 125 on port 5
2021-03-23 12:11:47,991 [DEBUG]: Added element [125]
2021-03-23 12:11:47,991 [DEBUG]: [5]: More variables, requesting index 126
2021-03-23 12:11:47,991 [DEBUG]: Requesting index 126 on port 5
2021-03-23 12:11:47,996 [DEBUG]: Added element [126]
2021-03-23 12:11:47,996 [DEBUG]: [5]: More variables, requesting index 127
2021-03-23 12:11:47,996 [DEBUG]: Requesting index 127 on port 5
2021-03-23 12:11:47,999 [DEBUG]: Added element [127]
2021-03-23 12:11:48,000 [DEBUG]: [5]: More variables, requesting index 128
2021-03-23 12:11:48,000 [DEBUG]: Requesting index 128 on port 5
2021-03-23 12:11:48,004 [DEBUG]: Added element [128]
2021-03-23 12:11:48,004 [DEBUG]: [5]: More variables, requesting index 129
2021-03-23 12:11:48,004 [DEBUG]: Requesting index 129 on port 5
2021-03-23 12:11:48,008 [DEBUG]: Added element [129]
2021-03-23 12:11:48,008 [DEBUG]: [5]: More variables, requesting index 130
2021-03-23 12:11:48,008 [DEBUG]: Requesting index 130 on port 5
2021-03-23 12:11:48,022 [DEBUG]: Added element [130]
2021-03-23 12:11:48,022 [DEBUG]: [5]: More variables, requesting index 131
2021-03-23 12:11:48,022 [DEBUG]: Requesting index 131 on port 5
2021-03-23 12:11:48,027 [DEBUG]: Added element [131]
2021-03-23 12:11:48,027 [DEBUG]: [5]: More variables, requesting index 132
2021-03-23 12:11:48,027 [DEBUG]: Requesting index 132 on port 5
2021-03-23 12:11:48,032 [DEBUG]: Added element [132]
2021-03-23 12:11:48,032 [DEBUG]: [5]: More variables, requesting index 133
2021-03-23 12:11:48,032 [DEBUG]: Requesting index 133 on port 5
2021-03-23 12:11:48,037 [DEBUG]: Added element [133]
2021-03-23 12:11:48,037 [DEBUG]: [5]: More variables, requesting index 134
2021-03-23 12:11:48,037 [DEBUG]: Requesting index 134 on port 5
2021-03-23 12:11:48,042 [DEBUG]: Added element [134]
2021-03-23 12:11:48,043 [DEBUG]: [5]: More variables, requesting index 135
2021-03-23 12:11:48,043 [DEBUG]: Requesting index 135 on port 5
2021-03-23 12:11:48,049 [DEBUG]: Added element [135]
2021-03-23 12:11:48,049 [DEBUG]: [5]: More variables, requesting index 136
2021-03-23 12:11:48,049 [DEBUG]: Requesting index 136 on port 5
2021-03-23 12:11:48,053 [DEBUG]: Added element [136]
2021-03-23 12:11:48,054 [DEBUG]: [5]: More variables, requesting index 137
2021-03-23 12:11:48,054 [DEBUG]: Requesting index 137 on port 5
2021-03-23 12:11:48,064 [DEBUG]: Added element [137]
2021-03-23 12:11:48,065 [DEBUG]: [5]: More variables, requesting index 138
2021-03-23 12:11:48,065 [DEBUG]: Requesting index 138 on port 5
2021-03-23 12:11:48,070 [DEBUG]: Added element [138]
2021-03-23 12:11:48,070 [DEBUG]: [5]: More variables, requesting index 139
2021-03-23 12:11:48,070 [DEBUG]: Requesting index 139 on port 5
2021-03-23 12:11:48,074 [DEBUG]: Added element [139]
2021-03-23 12:11:48,074 [DEBUG]: [5]: More variables, requesting index 140
2021-03-23 12:11:48,074 [DEBUG]: Requesting index 140 on port 5
2021-03-23 12:11:48,079 [DEBUG]: Added element [140]
2021-03-23 12:11:48,079 [DEBUG]: [5]: More variables, requesting index 141
2021-03-23 12:11:48,079 [DEBUG]: Requesting index 141 on port 5
2021-03-23 12:11:48,083 [DEBUG]: Added element [141]
2021-03-23 12:11:48,084 [DEBUG]: [5]: More variables, requesting index 142
2021-03-23 12:11:48,084 [DEBUG]: Requesting index 142 on port 5
2021-03-23 12:11:48,088 [DEBUG]: Added element [142]
2021-03-23 12:11:48,088 [DEBUG]: [5]: More variables, requesting index 143
2021-03-23 12:11:48,088 [DEBUG]: Requesting index 143 on port 5
2021-03-23 12:11:48,092 [DEBUG]: Added element [143]
2021-03-23 12:11:48,092 [DEBUG]: [5]: More variables, requesting index 144
2021-03-23 12:11:48,092 [DEBUG]: Requesting index 144 on port 5
2021-03-23 12:11:48,097 [DEBUG]: Added element [144]
2021-03-23 12:11:48,097 [DEBUG]: [5]: More variables, requesting index 145
2021-03-23 12:11:48,097 [DEBUG]: Requesting index 145 on port 5
2021-03-23 12:11:48,101 [DEBUG]: Added element [145]
2021-03-23 12:11:48,101 [DEBUG]: [5]: More variables, requesting index 146
2021-03-23 12:11:48,101 [DEBUG]: Requesting index 146 on port 5
2021-03-23 12:11:48,106 [DEBUG]: Added element [146]
2021-03-23 12:11:48,106 [DEBUG]: [5]: More variables, requesting index 147
2021-03-23 12:11:48,106 [DEBUG]: Requesting index 147 on port 5
2021-03-23 12:11:48,111 [DEBUG]: Added element [147]
2021-03-23 12:11:48,111 [DEBUG]: [5]: More variables, requesting index 148
2021-03-23 12:11:48,111 [DEBUG]: Requesting index 148 on port 5
2021-03-23 12:11:48,115 [DEBUG]: Added element [148]
2021-03-23 12:11:48,115 [DEBUG]: [5]: More variables, requesting index 149
2021-03-23 12:11:48,115 [DEBUG]: Requesting index 149 on port 5
2021-03-23 12:11:48,120 [DEBUG]: Added element [149]
2021-03-23 12:11:48,120 [DEBUG]: [5]: More variables, requesting index 150
2021-03-23 12:11:48,120 [DEBUG]: Requesting index 150 on port 5
2021-03-23 12:11:48,126 [DEBUG]: Added element [150]
2021-03-23 12:11:48,126 [DEBUG]: [5]: More variables, requesting index 151
2021-03-23 12:11:48,127 [DEBUG]: Requesting index 151 on port 5
2021-03-23 12:11:48,133 [DEBUG]: Added element [151]
2021-03-23 12:11:48,133 [DEBUG]: [5]: More variables, requesting index 152
2021-03-23 12:11:48,134 [DEBUG]: Requesting index 152 on port 5
2021-03-23 12:11:48,148 [DEBUG]: Added element [152]
2021-03-23 12:11:48,149 [DEBUG]: [5]: More variables, requesting index 153
2021-03-23 12:11:48,149 [DEBUG]: Requesting index 153 on port 5
2021-03-23 12:11:48,153 [DEBUG]: Added element [153]
2021-03-23 12:11:48,154 [DEBUG]: [5]: More variables, requesting index 154
2021-03-23 12:11:48,154 [DEBUG]: Requesting index 154 on port 5
2021-03-23 12:11:48,158 [DEBUG]: Added element [154]
2021-03-23 12:11:48,158 [DEBUG]: [5]: More variables, requesting index 155
2021-03-23 12:11:48,158 [DEBUG]: Requesting index 155 on port 5
2021-03-23 12:11:48,162 [DEBUG]: Added element [155]
2021-03-23 12:11:48,162 [DEBUG]: [5]: More variables, requesting index 156
2021-03-23 12:11:48,162 [DEBUG]: Requesting index 156 on port 5
2021-03-23 12:11:48,166 [DEBUG]: Added element [156]
2021-03-23 12:11:48,166 [DEBUG]: [5]: More variables, requesting index 157
2021-03-23 12:11:48,166 [DEBUG]: Requesting index 157 on port 5
2021-03-23 12:11:48,170 [DEBUG]: Added element [157]
2021-03-23 12:11:48,170 [DEBUG]: [5]: More variables, requesting index 158
2021-03-23 12:11:48,170 [DEBUG]: Requesting index 158 on port 5
2021-03-23 12:11:48,175 [DEBUG]: Added element [158]
2021-03-23 12:11:48,175 [DEBUG]: [5]: More variables, requesting index 159
2021-03-23 12:11:48,175 [DEBUG]: Requesting index 159 on port 5
2021-03-23 12:11:48,179 [DEBUG]: Added element [159]
2021-03-23 12:11:48,179 [DEBUG]: [5]: More variables, requesting index 160
2021-03-23 12:11:48,179 [DEBUG]: Requesting index 160 on port 5
2021-03-23 12:11:48,182 [DEBUG]: Added element [160]
2021-03-23 12:11:48,182 [DEBUG]: [5]: More variables, requesting index 161
2021-03-23 12:11:48,182 [DEBUG]: Requesting index 161 on port 5
2021-03-23 12:11:48,187 [DEBUG]: Added element [161]
2021-03-23 12:11:48,187 [DEBUG]: [5]: More variables, requesting index 162
2021-03-23 12:11:48,187 [DEBUG]: Requesting index 162 on port 5
2021-03-23 12:11:48,191 [DEBUG]: Added element [162]
2021-03-23 12:11:48,191 [DEBUG]: [5]: More variables, requesting index 163
2021-03-23 12:11:48,191 [DEBUG]: Requesting index 163 on port 5
2021-03-23 12:11:48,195 [DEBUG]: Added element [163]
2021-03-23 12:11:48,195 [DEBUG]: [5]: More variables, requesting index 164
2021-03-23 12:11:48,195 [DEBUG]: Requesting index 164 on port 5
2021-03-23 12:11:48,199 [DEBUG]: Added element [164]
2021-03-23 12:11:48,199 [DEBUG]: [5]: More variables, requesting index 165
2021-03-23 12:11:48,199 [DEBUG]: Requesting index 165 on port 5
2021-03-23 12:11:48,204 [DEBUG]: Added element [165]
2021-03-23 12:11:48,204 [DEBUG]: [5]: More variables, requesting index 166
2021-03-23 12:11:48,204 [DEBUG]: Requesting index 166 on port 5
2021-03-23 12:11:48,208 [DEBUG]: Added element [166]
2021-03-23 12:11:48,208 [DEBUG]: [5]: More variables, requesting index 167
2021-03-23 12:11:48,208 [DEBUG]: Requesting index 167 on port 5
2021-03-23 12:11:48,212 [DEBUG]: Added element [167]
2021-03-23 12:11:48,212 [DEBUG]: [5]: More variables, requesting index 168
2021-03-23 12:11:48,212 [DEBUG]: Requesting index 168 on port 5
2021-03-23 12:11:48,216 [DEBUG]: Added element [168]
2021-03-23 12:11:48,216 [DEBUG]: [5]: More variables, requesting index 169
2021-03-23 12:11:48,216 [DEBUG]: Requesting index 169 on port 5
2021-03-23 12:11:48,220 [DEBUG]: Added element [169]
2021-03-23 12:11:48,220 [DEBUG]: [5]: More variables, requesting index 170
2021-03-23 12:11:48,220 [DEBUG]: Requesting index 170 on port 5
2021-03-23 12:11:48,224 [DEBUG]: Added element [170]
2021-03-23 12:11:48,224 [DEBUG]: [5]: More variables, requesting index 171
2021-03-23 12:11:48,225 [DEBUG]: Requesting index 171 on port 5
2021-03-23 12:11:48,229 [DEBUG]: Added element [171]
2021-03-23 12:11:48,229 [DEBUG]: [5]: More variables, requesting index 172
2021-03-23 12:11:48,229 [DEBUG]: Requesting index 172 on port 5
2021-03-23 12:11:48,232 [DEBUG]: Added element [172]
2021-03-23 12:11:48,232 [DEBUG]: [5]: More variables, requesting index 173
2021-03-23 12:11:48,232 [DEBUG]: Requesting index 173 on port 5
2021-03-23 12:11:48,237 [DEBUG]: Added element [173]
2021-03-23 12:11:48,237 [DEBUG]: [5]: More variables, requesting index 174
2021-03-23 12:11:48,237 [DEBUG]: Requesting index 174 on port 5
2021-03-23 12:11:48,241 [DEBUG]: Added element [174]
2021-03-23 12:11:48,241 [DEBUG]: [5]: More variables, requesting index 175
2021-03-23 12:11:48,241 [DEBUG]: Requesting index 175 on port 5
2021-03-23 12:11:48,245 [DEBUG]: Added element [175]
2021-03-23 12:11:48,246 [DEBUG]: [5]: More variables, requesting index 176
2021-03-23 12:11:48,246 [DEBUG]: Requesting index 176 on port 5
2021-03-23 12:11:48,250 [DEBUG]: Added element [176]
2021-03-23 12:11:48,250 [DEBUG]: [5]: More variables, requesting index 177
2021-03-23 12:11:48,250 [DEBUG]: Requesting index 177 on port 5
2021-03-23 12:11:48,254 [DEBUG]: Added element [177]
2021-03-23 12:11:48,254 [DEBUG]: [5]: More variables, requesting index 178
2021-03-23 12:11:48,254 [DEBUG]: Requesting index 178 on port 5
2021-03-23 12:11:48,259 [DEBUG]: Added element [178]
2021-03-23 12:11:48,259 [DEBUG]: [5]: More variables, requesting index 179
2021-03-23 12:11:48,259 [DEBUG]: Requesting index 179 on port 5
2021-03-23 12:11:48,263 [DEBUG]: Added element [179]
2021-03-23 12:11:48,264 [DEBUG]: [5]: More variables, requesting index 180
2021-03-23 12:11:48,264 [DEBUG]: Requesting index 180 on port 5
2021-03-23 12:11:48,268 [DEBUG]: Added element [180]
2021-03-23 12:11:48,268 [DEBUG]: [5]: More variables, requesting index 181
2021-03-23 12:11:48,268 [DEBUG]: Requesting index 181 on port 5
2021-03-23 12:11:48,272 [DEBUG]: Added element [181]
2021-03-23 12:11:48,272 [DEBUG]: [5]: More variables, requesting index 182
2021-03-23 12:11:48,272 [DEBUG]: Requesting index 182 on port 5
2021-03-23 12:11:48,285 [DEBUG]: Added element [182]
2021-03-23 12:11:48,285 [DEBUG]: [5]: More variables, requesting index 183
2021-03-23 12:11:48,285 [DEBUG]: Requesting index 183 on port 5
2021-03-23 12:11:48,290 [DEBUG]: Added element [183]
2021-03-23 12:11:48,290 [DEBUG]: [5]: More variables, requesting index 184
2021-03-23 12:11:48,290 [DEBUG]: Requesting index 184 on port 5
2021-03-23 12:11:48,294 [DEBUG]: Added element [184]
2021-03-23 12:11:48,294 [DEBUG]: [5]: More variables, requesting index 185
2021-03-23 12:11:48,294 [DEBUG]: Requesting index 185 on port 5
2021-03-23 12:11:48,298 [DEBUG]: Added element [185]
2021-03-23 12:11:48,298 [DEBUG]: [5]: More variables, requesting index 186
2021-03-23 12:11:48,298 [DEBUG]: Requesting index 186 on port 5
2021-03-23 12:11:48,303 [DEBUG]: Added element [186]
2021-03-23 12:11:48,303 [DEBUG]: [5]: More variables, requesting index 187
2021-03-23 12:11:48,303 [DEBUG]: Requesting index 187 on port 5
2021-03-23 12:11:48,306 [DEBUG]: Added element [187]
2021-03-23 12:11:48,307 [DEBUG]: [5]: More variables, requesting index 188
2021-03-23 12:11:48,307 [DEBUG]: Requesting index 188 on port 5
2021-03-23 12:11:48,311 [DEBUG]: Added element [188]
2021-03-23 12:11:48,311 [DEBUG]: [5]: More variables, requesting index 189
2021-03-23 12:11:48,311 [DEBUG]: Requesting index 189 on port 5
2021-03-23 12:11:48,315 [DEBUG]: Added element [189]
2021-03-23 12:11:48,315 [DEBUG]: [5]: More variables, requesting index 190
2021-03-23 12:11:48,315 [DEBUG]: Requesting index 190 on port 5
2021-03-23 12:11:48,319 [DEBUG]: Added element [190]
2021-03-23 12:11:48,320 [DEBUG]: [5]: More variables, requesting index 191
2021-03-23 12:11:48,320 [DEBUG]: Requesting index 191 on port 5
2021-03-23 12:11:48,324 [DEBUG]: Added element [191]
2021-03-23 12:11:48,324 [DEBUG]: [5]: More variables, requesting index 192
2021-03-23 12:11:48,324 [DEBUG]: Requesting index 192 on port 5
2021-03-23 12:11:48,329 [DEBUG]: Added element [192]
2021-03-23 12:11:48,329 [DEBUG]: [5]: More variables, requesting index 193
2021-03-23 12:11:48,329 [DEBUG]: Requesting index 193 on port 5
2021-03-23 12:11:48,333 [DEBUG]: Added element [193]
2021-03-23 12:11:48,333 [DEBUG]: [5]: More variables, requesting index 194
2021-03-23 12:11:48,333 [DEBUG]: Requesting index 194 on port 5
2021-03-23 12:11:48,337 [DEBUG]: Added element [194]
2021-03-23 12:11:48,337 [DEBUG]: [5]: More variables, requesting index 195
2021-03-23 12:11:48,337 [DEBUG]: Requesting index 195 on port 5
2021-03-23 12:11:48,341 [DEBUG]: Added element [195]
2021-03-23 12:11:48,341 [DEBUG]: [5]: More variables, requesting index 196
2021-03-23 12:11:48,341 [DEBUG]: Requesting index 196 on port 5
2021-03-23 12:11:48,345 [DEBUG]: Added element [196]
2021-03-23 12:11:48,345 [DEBUG]: [5]: More variables, requesting index 197
2021-03-23 12:11:48,345 [DEBUG]: Requesting index 197 on port 5
2021-03-23 12:11:48,349 [DEBUG]: Added element [197]
2021-03-23 12:11:48,349 [DEBUG]: [5]: More variables, requesting index 198
2021-03-23 12:11:48,349 [DEBUG]: Requesting index 198 on port 5
2021-03-23 12:11:48,353 [DEBUG]: Added element [198]
2021-03-23 12:11:48,353 [DEBUG]: [5]: More variables, requesting index 199
2021-03-23 12:11:48,354 [DEBUG]: Requesting index 199 on port 5
2021-03-23 12:11:48,359 [DEBUG]: Added element [199]
2021-03-23 12:11:48,359 [DEBUG]: [5]: More variables, requesting index 200
2021-03-23 12:11:48,359 [DEBUG]: Requesting index 200 on port 5
2021-03-23 12:11:48,363 [DEBUG]: Added element [200]
2021-03-23 12:11:48,364 [DEBUG]: [5]: More variables, requesting index 201
2021-03-23 12:11:48,364 [DEBUG]: Requesting index 201 on port 5
2021-03-23 12:11:48,368 [DEBUG]: Added element [201]
2021-03-23 12:11:48,368 [DEBUG]: [5]: More variables, requesting index 202
2021-03-23 12:11:48,369 [DEBUG]: Requesting index 202 on port 5
2021-03-23 12:11:48,373 [DEBUG]: Added element [202]
2021-03-23 12:11:48,374 [DEBUG]: [5]: More variables, requesting index 203
2021-03-23 12:11:48,374 [DEBUG]: Requesting index 203 on port 5
2021-03-23 12:11:48,379 [DEBUG]: Added element [203]
2021-03-23 12:11:48,379 [DEBUG]: [5]: More variables, requesting index 204
2021-03-23 12:11:48,379 [DEBUG]: Requesting index 204 on port 5
2021-03-23 12:11:48,384 [DEBUG]: Added element [204]
2021-03-23 12:11:48,384 [DEBUG]: [5]: More variables, requesting index 205
2021-03-23 12:11:48,385 [DEBUG]: Requesting index 205 on port 5
2021-03-23 12:11:48,390 [DEBUG]: Added element [205]
2021-03-23 12:11:48,390 [DEBUG]: [5]: More variables, requesting index 206
2021-03-23 12:11:48,390 [DEBUG]: Requesting index 206 on port 5
2021-03-23 12:11:48,395 [DEBUG]: Added element [206]
2021-03-23 12:11:48,395 [DEBUG]: [5]: More variables, requesting index 207
2021-03-23 12:11:48,395 [DEBUG]: Requesting index 207 on port 5
2021-03-23 12:11:48,400 [DEBUG]: Added element [207]
2021-03-23 12:11:48,400 [DEBUG]: [5]: More variables, requesting index 208
2021-03-23 12:11:48,400 [DEBUG]: Requesting index 208 on port 5
2021-03-23 12:11:48,404 [DEBUG]: Added element [208]
2021-03-23 12:11:48,404 [DEBUG]: [5]: More variables, requesting index 209
2021-03-23 12:11:48,404 [DEBUG]: Requesting index 209 on port 5
2021-03-23 12:11:48,418 [DEBUG]: Added element [209]
2021-03-23 12:11:48,418 [DEBUG]: [5]: More variables, requesting index 210
2021-03-23 12:11:48,418 [DEBUG]: Requesting index 210 on port 5
2021-03-23 12:11:48,422 [DEBUG]: Added element [210]
2021-03-23 12:11:48,422 [DEBUG]: [5]: More variables, requesting index 211
2021-03-23 12:11:48,422 [DEBUG]: Requesting index 211 on port 5
2021-03-23 12:11:48,426 [DEBUG]: Added element [211]
2021-03-23 12:11:48,426 [DEBUG]: [5]: More variables, requesting index 212
2021-03-23 12:11:48,426 [DEBUG]: Requesting index 212 on port 5
2021-03-23 12:11:48,430 [DEBUG]: Added element [212]
2021-03-23 12:11:48,431 [DEBUG]: [5]: More variables, requesting index 213
2021-03-23 12:11:48,431 [DEBUG]: Requesting index 213 on port 5
2021-03-23 12:11:48,434 [DEBUG]: Added element [213]
2021-03-23 12:11:48,434 [DEBUG]: [5]: More variables, requesting index 214
2021-03-23 12:11:48,435 [DEBUG]: Requesting index 214 on port 5
2021-03-23 12:11:48,439 [DEBUG]: Added element [214]
2021-03-23 12:11:48,439 [DEBUG]: [5]: More variables, requesting index 215
2021-03-23 12:11:48,439 [DEBUG]: Requesting index 215 on port 5
2021-03-23 12:11:48,443 [DEBUG]: Added element [215]
2021-03-23 12:11:48,443 [DEBUG]: [5]: More variables, requesting index 216
2021-03-23 12:11:48,443 [DEBUG]: Requesting index 216 on port 5
2021-03-23 12:11:48,448 [DEBUG]: Added element [216]
2021-03-23 12:11:48,448 [DEBUG]: [5]: More variables, requesting index 217
2021-03-23 12:11:48,448 [DEBUG]: Requesting index 217 on port 5
2021-03-23 12:11:48,452 [DEBUG]: Added element [217]
2021-03-23 12:11:48,452 [DEBUG]: [5]: More variables, requesting index 218
2021-03-23 12:11:48,452 [DEBUG]: Requesting index 218 on port 5
2021-03-23 12:11:48,456 [DEBUG]: Added element [218]
2021-03-23 12:11:48,457 [DEBUG]: [5]: More variables, requesting index 219
2021-03-23 12:11:48,457 [DEBUG]: Requesting index 219 on port 5
2021-03-23 12:11:48,462 [DEBUG]: Added element [219]
2021-03-23 12:11:48,462 [DEBUG]: [5]: More variables, requesting index 220
2021-03-23 12:11:48,462 [DEBUG]: Requesting index 220 on port 5
2021-03-23 12:11:48,466 [DEBUG]: Added element [220]
2021-03-23 12:11:48,466 [DEBUG]: [5]: More variables, requesting index 221
2021-03-23 12:11:48,466 [DEBUG]: Requesting index 221 on port 5
2021-03-23 12:11:48,471 [DEBUG]: Added element [221]
2021-03-23 12:11:48,471 [DEBUG]: [5]: More variables, requesting index 222
2021-03-23 12:11:48,471 [DEBUG]: Requesting index 222 on port 5
2021-03-23 12:11:48,475 [DEBUG]: Added element [222]
2021-03-23 12:11:48,475 [DEBUG]: [5]: More variables, requesting index 223
2021-03-23 12:11:48,475 [DEBUG]: Requesting index 223 on port 5
2021-03-23 12:11:48,479 [DEBUG]: Added element [223]
2021-03-23 12:11:48,479 [DEBUG]: [5]: More variables, requesting index 224
2021-03-23 12:11:48,479 [DEBUG]: Requesting index 224 on port 5
2021-03-23 12:11:48,483 [DEBUG]: Added element [224]
2021-03-23 12:11:48,483 [DEBUG]: [5]: More variables, requesting index 225
2021-03-23 12:11:48,483 [DEBUG]: Requesting index 225 on port 5
2021-03-23 12:11:48,487 [DEBUG]: Added element [225]
2021-03-23 12:11:48,487 [DEBUG]: [5]: More variables, requesting index 226
2021-03-23 12:11:48,487 [DEBUG]: Requesting index 226 on port 5
2021-03-23 12:11:48,491 [DEBUG]: Added element [226]
2021-03-23 12:11:48,491 [DEBUG]: [5]: More variables, requesting index 227
2021-03-23 12:11:48,491 [DEBUG]: Requesting index 227 on port 5
2021-03-23 12:11:48,495 [DEBUG]: Added element [227]
2021-03-23 12:11:48,495 [DEBUG]: [5]: More variables, requesting index 228
2021-03-23 12:11:48,495 [DEBUG]: Requesting index 228 on port 5
2021-03-23 12:11:48,499 [DEBUG]: Added element [228]
2021-03-23 12:11:48,499 [DEBUG]: [5]: More variables, requesting index 229
2021-03-23 12:11:48,499 [DEBUG]: Requesting index 229 on port 5
2021-03-23 12:11:48,503 [DEBUG]: Added element [229]
2021-03-23 12:11:48,503 [DEBUG]: [5]: More variables, requesting index 230
2021-03-23 12:11:48,503 [DEBUG]: Requesting index 230 on port 5
2021-03-23 12:11:48,507 [DEBUG]: Added element [230]
2021-03-23 12:11:48,507 [DEBUG]: [5]: More variables, requesting index 231
2021-03-23 12:11:48,507 [DEBUG]: Requesting index 231 on port 5
2021-03-23 12:11:48,511 [DEBUG]: Added element [231]
2021-03-23 12:11:48,511 [DEBUG]: [5]: More variables, requesting index 232
2021-03-23 12:11:48,511 [DEBUG]: Requesting index 232 on port 5
2021-03-23 12:11:48,516 [DEBUG]: Added element [232]
2021-03-23 12:11:48,516 [DEBUG]: [5]: More variables, requesting index 233
2021-03-23 12:11:48,516 [DEBUG]: Requesting index 233 on port 5
2021-03-23 12:11:48,520 [DEBUG]: Added element [233]
2021-03-23 12:11:48,520 [DEBUG]: [5]: More variables, requesting index 234
2021-03-23 12:11:48,520 [DEBUG]: Requesting index 234 on port 5
2021-03-23 12:11:48,526 [DEBUG]: Added element [234]
2021-03-23 12:11:48,526 [DEBUG]: [5]: More variables, requesting index 235
2021-03-23 12:11:48,526 [DEBUG]: Requesting index 235 on port 5
2021-03-23 12:11:48,530 [DEBUG]: Added element [235]
2021-03-23 12:11:48,530 [DEBUG]: [5]: More variables, requesting index 236
2021-03-23 12:11:48,530 [DEBUG]: Requesting index 236 on port 5
2021-03-23 12:11:48,534 [DEBUG]: Added element [236]
2021-03-23 12:11:48,535 [DEBUG]: [5]: More variables, requesting index 237
2021-03-23 12:11:48,535 [DEBUG]: Requesting index 237 on port 5
2021-03-23 12:11:48,548 [DEBUG]: Added element [237]
2021-03-23 12:11:48,548 [DEBUG]: [5]: More variables, requesting index 238
2021-03-23 12:11:48,548 [DEBUG]: Requesting index 238 on port 5
2021-03-23 12:11:48,552 [DEBUG]: Added element [238]
2021-03-23 12:11:48,552 [DEBUG]: [5]: More variables, requesting index 239
2021-03-23 12:11:48,552 [DEBUG]: Requesting index 239 on port 5
2021-03-23 12:11:48,556 [DEBUG]: Added element [239]
2021-03-23 12:11:48,557 [DEBUG]: [5]: More variables, requesting index 240
2021-03-23 12:11:48,557 [DEBUG]: Requesting index 240 on port 5
2021-03-23 12:11:48,561 [DEBUG]: Added element [240]
2021-03-23 12:11:48,561 [DEBUG]: [5]: More variables, requesting index 241
2021-03-23 12:11:48,561 [DEBUG]: Requesting index 241 on port 5
2021-03-23 12:11:48,565 [DEBUG]: Added element [241]
2021-03-23 12:11:48,565 [DEBUG]: [5]: More variables, requesting index 242
2021-03-23 12:11:48,565 [DEBUG]: Requesting index 242 on port 5
2021-03-23 12:11:48,570 [DEBUG]: Added element [242]
2021-03-23 12:11:48,570 [DEBUG]: [5]: More variables, requesting index 243
2021-03-23 12:11:48,570 [DEBUG]: Requesting index 243 on port 5
2021-03-23 12:11:48,574 [DEBUG]: Added element [243]
2021-03-23 12:11:48,574 [DEBUG]: [5]: More variables, requesting index 244
2021-03-23 12:11:48,574 [DEBUG]: Requesting index 244 on port 5
2021-03-23 12:11:48,578 [DEBUG]: Added element [244]
2021-03-23 12:11:48,578 [DEBUG]: [5]: More variables, requesting index 245
2021-03-23 12:11:48,578 [DEBUG]: Requesting index 245 on port 5
