2021-03-30 14:23:23,589 [INFO]: variables added
2021-03-30 14:23:23,589 [DEBUG]: Adding callback on port [6] to [<bound method Localization._incoming of <cflib.crazyflie.localization.Localization object at 0x0000027D96B3EA08>>]
2021-03-30 14:23:23,590 [DEBUG]: Adding callback on port [5] to [<bound method Log._new_packet_cb of <cflib.crazyflie.log.Log object at 0x0000027D96B3EB08>>]
2021-03-30 14:23:23,590 [DEBUG]: Adding callback on port [0] to [<bound method Console.incoming of <cflib.crazyflie.console.Console object at 0x0000027D96B3EBC8>>]
2021-03-30 14:23:23,590 [DEBUG]: Adding callback on port [2] to [<bound method _ParamUpdater._new_packet_cb of <_ParamUpdater(Thread-2, initial daemon)>>]
2021-03-30 14:23:23,591 [DEBUG]: Adding callback on port [4] to [<bound method Memory._new_packet_cb of <cflib.crazyflie.mem.Memory object at 0x0000027D96B3EE08>>]
2021-03-30 14:23:23,591 [DEBUG]: Adding callback on port [13] to [<bound method PlatformService._platform_callback of <cflib.crazyflie.platformservice.PlatformService object at 0x0000027D86158448>>]
2021-03-30 14:23:23,591 [DEBUG]: Adding callback on port [15] to [<bound method PlatformService._crt_service_callback of <cflib.crazyflie.platformservice.PlatformService object at 0x0000027D86158448>>]
2021-03-30 14:23:23,591 [INFO]: Callback->Connection initialized[radio://0/80/2M]
2021-03-30 14:23:23,595 [INFO]: We are connected[radio://0/80/2M], request connection setup
2021-03-30 14:23:23,596 [INFO]: Callback->Connected to [radio://0/80/2M]
2021-03-30 14:23:23,603 [INFO]: Protocol  version: 4
2021-03-30 14:23:23,606 [DEBUG]: Logging reset, continue with TOC download
2021-03-30 14:23:23,606 [DEBUG]: [5]: Using V2 protocol: 1
2021-03-30 14:23:23,606 [DEBUG]: [5]: Start fetching...
2021-03-30 14:23:23,606 [DEBUG]: Adding callback on port [5] to [<bound method TocFetcher._new_packet_cb of <cflib.crazyflie.toc.TocFetcher object at 0x0000027D96B8F9C8>>]
2021-03-30 14:23:23,619 [DEBUG]: [5]: Got TOC CRC, 317 items and crc=0x05C5AF70
2021-03-30 14:23:23,620 [DEBUG]: Requesting index 0 on port 5
2021-03-30 14:23:23,623 [DEBUG]: Added element [0]
2021-03-30 14:23:23,624 [DEBUG]: [5]: More variables, requesting index 1
2021-03-30 14:23:23,624 [DEBUG]: Requesting index 1 on port 5
2021-03-30 14:23:23,628 [DEBUG]: Added element [1]
2021-03-30 14:23:23,628 [DEBUG]: [5]: More variables, requesting index 2
2021-03-30 14:23:23,628 [DEBUG]: Requesting index 2 on port 5
2021-03-30 14:23:23,632 [DEBUG]: Added element [2]
2021-03-30 14:23:23,632 [DEBUG]: [5]: More variables, requesting index 3
2021-03-30 14:23:23,632 [DEBUG]: Requesting index 3 on port 5
2021-03-30 14:23:23,637 [DEBUG]: Added element [3]
2021-03-30 14:23:23,637 [DEBUG]: [5]: More variables, requesting index 4
2021-03-30 14:23:23,637 [DEBUG]: Requesting index 4 on port 5
2021-03-30 14:23:23,641 [DEBUG]: Added element [4]
2021-03-30 14:23:23,641 [DEBUG]: [5]: More variables, requesting index 5
2021-03-30 14:23:23,641 [DEBUG]: Requesting index 5 on port 5
2021-03-30 14:23:23,645 [DEBUG]: Added element [5]
2021-03-30 14:23:23,645 [DEBUG]: [5]: More variables, requesting index 6
2021-03-30 14:23:23,645 [DEBUG]: Requesting index 6 on port 5
2021-03-30 14:23:23,650 [DEBUG]: Added element [6]
2021-03-30 14:23:23,650 [DEBUG]: [5]: More variables, requesting index 7
2021-03-30 14:23:23,650 [DEBUG]: Requesting index 7 on port 5
2021-03-30 14:23:23,655 [DEBUG]: Added element [7]
2021-03-30 14:23:23,655 [DEBUG]: [5]: More variables, requesting index 8
2021-03-30 14:23:23,655 [DEBUG]: Requesting index 8 on port 5
2021-03-30 14:23:23,659 [DEBUG]: Added element [8]
2021-03-30 14:23:23,660 [DEBUG]: [5]: More variables, requesting index 9
2021-03-30 14:23:23,660 [DEBUG]: Requesting index 9 on port 5
2021-03-30 14:23:23,664 [DEBUG]: Added element [9]
2021-03-30 14:23:23,664 [DEBUG]: [5]: More variables, requesting index 10
2021-03-30 14:23:23,664 [DEBUG]: Requesting index 10 on port 5
2021-03-30 14:23:23,668 [DEBUG]: Added element [10]
2021-03-30 14:23:23,668 [DEBUG]: [5]: More variables, requesting index 11
2021-03-30 14:23:23,668 [DEBUG]: Requesting index 11 on port 5
2021-03-30 14:23:23,672 [DEBUG]: Added element [11]
2021-03-30 14:23:23,672 [DEBUG]: [5]: More variables, requesting index 12
2021-03-30 14:23:23,672 [DEBUG]: Requesting index 12 on port 5
2021-03-30 14:23:23,676 [DEBUG]: Added element [12]
2021-03-30 14:23:23,676 [DEBUG]: [5]: More variables, requesting index 13
2021-03-30 14:23:23,676 [DEBUG]: Requesting index 13 on port 5
2021-03-30 14:23:23,680 [DEBUG]: Added element [13]
2021-03-30 14:23:23,680 [DEBUG]: [5]: More variables, requesting index 14
2021-03-30 14:23:23,680 [DEBUG]: Requesting index 14 on port 5
2021-03-30 14:23:23,684 [DEBUG]: Added element [14]
2021-03-30 14:23:23,684 [DEBUG]: [5]: More variables, requesting index 15
2021-03-30 14:23:23,684 [DEBUG]: Requesting index 15 on port 5
2021-03-30 14:23:23,688 [DEBUG]: Added element [15]
2021-03-30 14:23:23,688 [DEBUG]: [5]: More variables, requesting index 16
2021-03-30 14:23:23,688 [DEBUG]: Requesting index 16 on port 5
2021-03-30 14:23:23,692 [DEBUG]: Added element [16]
2021-03-30 14:23:23,692 [DEBUG]: [5]: More variables, requesting index 17
2021-03-30 14:23:23,692 [DEBUG]: Requesting index 17 on port 5
2021-03-30 14:23:23,697 [DEBUG]: Added element [17]
2021-03-30 14:23:23,697 [DEBUG]: [5]: More variables, requesting index 18
2021-03-30 14:23:23,697 [DEBUG]: Requesting index 18 on port 5
2021-03-30 14:23:23,700 [DEBUG]: Added element [18]
2021-03-30 14:23:23,700 [DEBUG]: [5]: More variables, requesting index 19
2021-03-30 14:23:23,700 [DEBUG]: Requesting index 19 on port 5
2021-03-30 14:23:23,704 [DEBUG]: Added element [19]
2021-03-30 14:23:23,704 [DEBUG]: [5]: More variables, requesting index 20
2021-03-30 14:23:23,705 [DEBUG]: Requesting index 20 on port 5
2021-03-30 14:23:23,709 [DEBUG]: Added element [20]
2021-03-30 14:23:23,709 [DEBUG]: [5]: More variables, requesting index 21
2021-03-30 14:23:23,709 [DEBUG]: Requesting index 21 on port 5
2021-03-30 14:23:23,713 [DEBUG]: Added element [21]
2021-03-30 14:23:23,713 [DEBUG]: [5]: More variables, requesting index 22
2021-03-30 14:23:23,713 [DEBUG]: Requesting index 22 on port 5
2021-03-30 14:23:23,717 [DEBUG]: Added element [22]
2021-03-30 14:23:23,717 [DEBUG]: [5]: More variables, requesting index 23
2021-03-30 14:23:23,717 [DEBUG]: Requesting index 23 on port 5
2021-03-30 14:23:23,721 [DEBUG]: Added element [23]
2021-03-30 14:23:23,721 [DEBUG]: [5]: More variables, requesting index 24
2021-03-30 14:23:23,721 [DEBUG]: Requesting index 24 on port 5
2021-03-30 14:23:23,726 [DEBUG]: Added element [24]
2021-03-30 14:23:23,726 [DEBUG]: [5]: More variables, requesting index 25
2021-03-30 14:23:23,726 [DEBUG]: Requesting index 25 on port 5
2021-03-30 14:23:23,730 [DEBUG]: Added element [25]
2021-03-30 14:23:23,730 [DEBUG]: [5]: More variables, requesting index 26
2021-03-30 14:23:23,730 [DEBUG]: Requesting index 26 on port 5
2021-03-30 14:23:23,744 [DEBUG]: Added element [26]
2021-03-30 14:23:23,745 [DEBUG]: [5]: More variables, requesting index 27
2021-03-30 14:23:23,745 [DEBUG]: Requesting index 27 on port 5
2021-03-30 14:23:23,749 [DEBUG]: Added element [27]
2021-03-30 14:23:23,749 [DEBUG]: [5]: More variables, requesting index 28
2021-03-30 14:23:23,750 [DEBUG]: Requesting index 28 on port 5
2021-03-30 14:23:23,754 [DEBUG]: Added element [28]
2021-03-30 14:23:23,754 [DEBUG]: [5]: More variables, requesting index 29
2021-03-30 14:23:23,754 [DEBUG]: Requesting index 29 on port 5
2021-03-30 14:23:23,759 [DEBUG]: Added element [29]
2021-03-30 14:23:23,759 [DEBUG]: [5]: More variables, requesting index 30
2021-03-30 14:23:23,760 [DEBUG]: Requesting index 30 on port 5
2021-03-30 14:23:23,764 [DEBUG]: Added element [30]
2021-03-30 14:23:23,764 [DEBUG]: [5]: More variables, requesting index 31
2021-03-30 14:23:23,764 [DEBUG]: Requesting index 31 on port 5
2021-03-30 14:23:23,769 [DEBUG]: Added element [31]
2021-03-30 14:23:23,769 [DEBUG]: [5]: More variables, requesting index 32
2021-03-30 14:23:23,769 [DEBUG]: Requesting index 32 on port 5
2021-03-30 14:23:23,773 [DEBUG]: Added element [32]
2021-03-30 14:23:23,774 [DEBUG]: [5]: More variables, requesting index 33
2021-03-30 14:23:23,774 [DEBUG]: Requesting index 33 on port 5
2021-03-30 14:23:23,778 [DEBUG]: Added element [33]
2021-03-30 14:23:23,778 [DEBUG]: [5]: More variables, requesting index 34
2021-03-30 14:23:23,778 [DEBUG]: Requesting index 34 on port 5
2021-03-30 14:23:23,781 [DEBUG]: Added element [34]
2021-03-30 14:23:23,782 [DEBUG]: [5]: More variables, requesting index 35
2021-03-30 14:23:23,782 [DEBUG]: Requesting index 35 on port 5
2021-03-30 14:23:23,787 [DEBUG]: Added element [35]
2021-03-30 14:23:23,787 [DEBUG]: [5]: More variables, requesting index 36
2021-03-30 14:23:23,787 [DEBUG]: Requesting index 36 on port 5
2021-03-30 14:23:23,791 [DEBUG]: Added element [36]
2021-03-30 14:23:23,791 [DEBUG]: [5]: More variables, requesting index 37
2021-03-30 14:23:23,791 [DEBUG]: Requesting index 37 on port 5
2021-03-30 14:23:23,794 [DEBUG]: Added element [37]
2021-03-30 14:23:23,795 [DEBUG]: [5]: More variables, requesting index 38
2021-03-30 14:23:23,795 [DEBUG]: Requesting index 38 on port 5
2021-03-30 14:23:23,799 [DEBUG]: Added element [38]
2021-03-30 14:23:23,799 [DEBUG]: [5]: More variables, requesting index 39
2021-03-30 14:23:23,799 [DEBUG]: Requesting index 39 on port 5
2021-03-30 14:23:23,803 [DEBUG]: Added element [39]
2021-03-30 14:23:23,803 [DEBUG]: [5]: More variables, requesting index 40
2021-03-30 14:23:23,803 [DEBUG]: Requesting index 40 on port 5
2021-03-30 14:23:23,807 [DEBUG]: Added element [40]
2021-03-30 14:23:23,807 [DEBUG]: [5]: More variables, requesting index 41
2021-03-30 14:23:23,807 [DEBUG]: Requesting index 41 on port 5
2021-03-30 14:23:23,811 [DEBUG]: Added element [41]
2021-03-30 14:23:23,811 [DEBUG]: [5]: More variables, requesting index 42
2021-03-30 14:23:23,811 [DEBUG]: Requesting index 42 on port 5
2021-03-30 14:23:23,816 [DEBUG]: Added element [42]
2021-03-30 14:23:23,816 [DEBUG]: [5]: More variables, requesting index 43
2021-03-30 14:23:23,816 [DEBUG]: Requesting index 43 on port 5
2021-03-30 14:23:23,820 [DEBUG]: Added element [43]
2021-03-30 14:23:23,820 [DEBUG]: [5]: More variables, requesting index 44
2021-03-30 14:23:23,820 [DEBUG]: Requesting index 44 on port 5
2021-03-30 14:23:23,825 [DEBUG]: Added element [44]
2021-03-30 14:23:23,825 [DEBUG]: [5]: More variables, requesting index 45
2021-03-30 14:23:23,825 [DEBUG]: Requesting index 45 on port 5
2021-03-30 14:23:23,829 [DEBUG]: Added element [45]
2021-03-30 14:23:23,829 [DEBUG]: [5]: More variables, requesting index 46
2021-03-30 14:23:23,829 [DEBUG]: Requesting index 46 on port 5
2021-03-30 14:23:23,834 [DEBUG]: Added element [46]
2021-03-30 14:23:23,834 [DEBUG]: [5]: More variables, requesting index 47
2021-03-30 14:23:23,834 [DEBUG]: Requesting index 47 on port 5
2021-03-30 14:23:23,838 [DEBUG]: Added element [47]
2021-03-30 14:23:23,838 [DEBUG]: [5]: More variables, requesting index 48
2021-03-30 14:23:23,838 [DEBUG]: Requesting index 48 on port 5
2021-03-30 14:23:23,843 [DEBUG]: Added element [48]
2021-03-30 14:23:23,843 [DEBUG]: [5]: More variables, requesting index 49
2021-03-30 14:23:23,843 [DEBUG]: Requesting index 49 on port 5
2021-03-30 14:23:23,847 [DEBUG]: Added element [49]
2021-03-30 14:23:23,847 [DEBUG]: [5]: More variables, requesting index 50
2021-03-30 14:23:23,848 [DEBUG]: Requesting index 50 on port 5
2021-03-30 14:23:23,852 [DEBUG]: Added element [50]
2021-03-30 14:23:23,852 [DEBUG]: [5]: More variables, requesting index 51
2021-03-30 14:23:23,852 [DEBUG]: Requesting index 51 on port 5
2021-03-30 14:23:23,856 [DEBUG]: Added element [51]
2021-03-30 14:23:23,856 [DEBUG]: [5]: More variables, requesting index 52
2021-03-30 14:23:23,856 [DEBUG]: Requesting index 52 on port 5
2021-03-30 14:23:23,871 [DEBUG]: Added element [52]
2021-03-30 14:23:23,872 [DEBUG]: [5]: More variables, requesting index 53
2021-03-30 14:23:23,872 [DEBUG]: Requesting index 53 on port 5
2021-03-30 14:23:23,876 [DEBUG]: Added element [53]
2021-03-30 14:23:23,876 [DEBUG]: [5]: More variables, requesting index 54
2021-03-30 14:23:23,877 [DEBUG]: Requesting index 54 on port 5
2021-03-30 14:23:23,882 [DEBUG]: Added element [54]
2021-03-30 14:23:23,883 [DEBUG]: [5]: More variables, requesting index 55
2021-03-30 14:23:23,883 [DEBUG]: Requesting index 55 on port 5
2021-03-30 14:23:23,888 [DEBUG]: Added element [55]
2021-03-30 14:23:23,889 [DEBUG]: [5]: More variables, requesting index 56
2021-03-30 14:23:23,889 [DEBUG]: Requesting index 56 on port 5
2021-03-30 14:23:23,894 [DEBUG]: Added element [56]
2021-03-30 14:23:23,894 [DEBUG]: [5]: More variables, requesting index 57
2021-03-30 14:23:23,895 [DEBUG]: Requesting index 57 on port 5
2021-03-30 14:23:23,900 [DEBUG]: Added element [57]
2021-03-30 14:23:23,900 [DEBUG]: [5]: More variables, requesting index 58
2021-03-30 14:23:23,901 [DEBUG]: Requesting index 58 on port 5
2021-03-30 14:23:23,905 [DEBUG]: Added element [58]
2021-03-30 14:23:23,905 [DEBUG]: [5]: More variables, requesting index 59
2021-03-30 14:23:23,905 [DEBUG]: Requesting index 59 on port 5
2021-03-30 14:23:23,910 [DEBUG]: Added element [59]
2021-03-30 14:23:23,910 [DEBUG]: [5]: More variables, requesting index 60
2021-03-30 14:23:23,910 [DEBUG]: Requesting index 60 on port 5
2021-03-30 14:23:23,914 [DEBUG]: Added element [60]
2021-03-30 14:23:23,914 [DEBUG]: [5]: More variables, requesting index 61
2021-03-30 14:23:23,914 [DEBUG]: Requesting index 61 on port 5
2021-03-30 14:23:23,919 [DEBUG]: Added element [61]
2021-03-30 14:23:23,919 [DEBUG]: [5]: More variables, requesting index 62
2021-03-30 14:23:23,919 [DEBUG]: Requesting index 62 on port 5
2021-03-30 14:23:23,923 [DEBUG]: Added element [62]
2021-03-30 14:23:23,923 [DEBUG]: [5]: More variables, requesting index 63
2021-03-30 14:23:23,923 [DEBUG]: Requesting index 63 on port 5
2021-03-30 14:23:23,927 [DEBUG]: Added element [63]
2021-03-30 14:23:23,927 [DEBUG]: [5]: More variables, requesting index 64
2021-03-30 14:23:23,927 [DEBUG]: Requesting index 64 on port 5
2021-03-30 14:23:23,931 [DEBUG]: Added element [64]
2021-03-30 14:23:23,931 [DEBUG]: [5]: More variables, requesting index 65
2021-03-30 14:23:23,931 [DEBUG]: Requesting index 65 on port 5
2021-03-30 14:23:23,936 [DEBUG]: Added element [65]
2021-03-30 14:23:23,936 [DEBUG]: [5]: More variables, requesting index 66
2021-03-30 14:23:23,936 [DEBUG]: Requesting index 66 on port 5
2021-03-30 14:23:23,940 [DEBUG]: Added element [66]
2021-03-30 14:23:23,940 [DEBUG]: [5]: More variables, requesting index 67
2021-03-30 14:23:23,940 [DEBUG]: Requesting index 67 on port 5
2021-03-30 14:23:23,944 [DEBUG]: Added element [67]
2021-03-30 14:23:23,944 [DEBUG]: [5]: More variables, requesting index 68
2021-03-30 14:23:23,945 [DEBUG]: Requesting index 68 on port 5
2021-03-30 14:23:23,949 [DEBUG]: Added element [68]
2021-03-30 14:23:23,949 [DEBUG]: [5]: More variables, requesting index 69
2021-03-30 14:23:23,949 [DEBUG]: Requesting index 69 on port 5
2021-03-30 14:23:23,953 [DEBUG]: Added element [69]
2021-03-30 14:23:23,953 [DEBUG]: [5]: More variables, requesting index 70
2021-03-30 14:23:23,953 [DEBUG]: Requesting index 70 on port 5
2021-03-30 14:23:23,957 [DEBUG]: Added element [70]
2021-03-30 14:23:23,957 [DEBUG]: [5]: More variables, requesting index 71
2021-03-30 14:23:23,958 [DEBUG]: Requesting index 71 on port 5
2021-03-30 14:23:23,962 [DEBUG]: Added element [71]
2021-03-30 14:23:23,962 [DEBUG]: [5]: More variables, requesting index 72
2021-03-30 14:23:23,962 [DEBUG]: Requesting index 72 on port 5
2021-03-30 14:23:23,965 [DEBUG]: Added element [72]
2021-03-30 14:23:23,965 [DEBUG]: [5]: More variables, requesting index 73
2021-03-30 14:23:23,965 [DEBUG]: Requesting index 73 on port 5
2021-03-30 14:23:23,969 [DEBUG]: Added element [73]
2021-03-30 14:23:23,969 [DEBUG]: [5]: More variables, requesting index 74
2021-03-30 14:23:23,969 [DEBUG]: Requesting index 74 on port 5
2021-03-30 14:23:23,972 [DEBUG]: Added element [74]
2021-03-30 14:23:23,972 [DEBUG]: [5]: More variables, requesting index 75
2021-03-30 14:23:23,972 [DEBUG]: Requesting index 75 on port 5
2021-03-30 14:23:23,976 [DEBUG]: Added element [75]
2021-03-30 14:23:23,976 [DEBUG]: [5]: More variables, requesting index 76
2021-03-30 14:23:23,976 [DEBUG]: Requesting index 76 on port 5
2021-03-30 14:23:23,980 [DEBUG]: Added element [76]
2021-03-30 14:23:23,980 [DEBUG]: [5]: More variables, requesting index 77
2021-03-30 14:23:23,980 [DEBUG]: Requesting index 77 on port 5
2021-03-30 14:23:23,984 [DEBUG]: Added element [77]
2021-03-30 14:23:23,984 [DEBUG]: [5]: More variables, requesting index 78
2021-03-30 14:23:23,984 [DEBUG]: Requesting index 78 on port 5
2021-03-30 14:23:23,998 [DEBUG]: Added element [78]
2021-03-30 14:23:23,998 [DEBUG]: [5]: More variables, requesting index 79
2021-03-30 14:23:23,999 [DEBUG]: Requesting index 79 on port 5
2021-03-30 14:23:24,003 [DEBUG]: Added element [79]
2021-03-30 14:23:24,003 [DEBUG]: [5]: More variables, requesting index 80
2021-03-30 14:23:24,003 [DEBUG]: Requesting index 80 on port 5
2021-03-30 14:23:24,007 [DEBUG]: Added element [80]
2021-03-30 14:23:24,007 [DEBUG]: [5]: More variables, requesting index 81
2021-03-30 14:23:24,007 [DEBUG]: Requesting index 81 on port 5
2021-03-30 14:23:24,011 [DEBUG]: Added element [81]
2021-03-30 14:23:24,011 [DEBUG]: [5]: More variables, requesting index 82
2021-03-30 14:23:24,012 [DEBUG]: Requesting index 82 on port 5
2021-03-30 14:23:24,016 [DEBUG]: Added element [82]
2021-03-30 14:23:24,016 [DEBUG]: [5]: More variables, requesting index 83
2021-03-30 14:23:24,016 [DEBUG]: Requesting index 83 on port 5
2021-03-30 14:23:24,021 [DEBUG]: Added element [83]
2021-03-30 14:23:24,021 [DEBUG]: [5]: More variables, requesting index 84
2021-03-30 14:23:24,021 [DEBUG]: Requesting index 84 on port 5
2021-03-30 14:23:24,025 [DEBUG]: Added element [84]
2021-03-30 14:23:24,025 [DEBUG]: [5]: More variables, requesting index 85
2021-03-30 14:23:24,025 [DEBUG]: Requesting index 85 on port 5
2021-03-30 14:23:24,029 [DEBUG]: Added element [85]
2021-03-30 14:23:24,029 [DEBUG]: [5]: More variables, requesting index 86
2021-03-30 14:23:24,029 [DEBUG]: Requesting index 86 on port 5
2021-03-30 14:23:24,034 [DEBUG]: Added element [86]
2021-03-30 14:23:24,034 [DEBUG]: [5]: More variables, requesting index 87
2021-03-30 14:23:24,034 [DEBUG]: Requesting index 87 on port 5
2021-03-30 14:23:24,038 [DEBUG]: Added element [87]
2021-03-30 14:23:24,038 [DEBUG]: [5]: More variables, requesting index 88
2021-03-30 14:23:24,038 [DEBUG]: Requesting index 88 on port 5
2021-03-30 14:23:24,042 [DEBUG]: Added element [88]
2021-03-30 14:23:24,042 [DEBUG]: [5]: More variables, requesting index 89
2021-03-30 14:23:24,042 [DEBUG]: Requesting index 89 on port 5
2021-03-30 14:23:24,047 [DEBUG]: Added element [89]
2021-03-30 14:23:24,047 [DEBUG]: [5]: More variables, requesting index 90
2021-03-30 14:23:24,047 [DEBUG]: Requesting index 90 on port 5
2021-03-30 14:23:24,051 [DEBUG]: Added element [90]
2021-03-30 14:23:24,051 [DEBUG]: [5]: More variables, requesting index 91
2021-03-30 14:23:24,051 [DEBUG]: Requesting index 91 on port 5
2021-03-30 14:23:24,055 [DEBUG]: Added element [91]
2021-03-30 14:23:24,055 [DEBUG]: [5]: More variables, requesting index 92
2021-03-30 14:23:24,055 [DEBUG]: Requesting index 92 on port 5
2021-03-30 14:23:24,060 [DEBUG]: Added element [92]
2021-03-30 14:23:24,060 [DEBUG]: [5]: More variables, requesting index 93
2021-03-30 14:23:24,060 [DEBUG]: Requesting index 93 on port 5
2021-03-30 14:23:24,064 [DEBUG]: Added element [93]
2021-03-30 14:23:24,064 [DEBUG]: [5]: More variables, requesting index 94
2021-03-30 14:23:24,064 [DEBUG]: Requesting index 94 on port 5
2021-03-30 14:23:24,068 [DEBUG]: Added element [94]
2021-03-30 14:23:24,068 [DEBUG]: [5]: More variables, requesting index 95
2021-03-30 14:23:24,068 [DEBUG]: Requesting index 95 on port 5
2021-03-30 14:23:24,072 [DEBUG]: Added element [95]
2021-03-30 14:23:24,073 [DEBUG]: [5]: More variables, requesting index 96
2021-03-30 14:23:24,073 [DEBUG]: Requesting index 96 on port 5
2021-03-30 14:23:24,077 [DEBUG]: Added element [96]
2021-03-30 14:23:24,077 [DEBUG]: [5]: More variables, requesting index 97
2021-03-30 14:23:24,077 [DEBUG]: Requesting index 97 on port 5
2021-03-30 14:23:24,081 [DEBUG]: Added element [97]
2021-03-30 14:23:24,081 [DEBUG]: [5]: More variables, requesting index 98
2021-03-30 14:23:24,081 [DEBUG]: Requesting index 98 on port 5
2021-03-30 14:23:24,086 [DEBUG]: Added element [98]
2021-03-30 14:23:24,086 [DEBUG]: [5]: More variables, requesting index 99
2021-03-30 14:23:24,086 [DEBUG]: Requesting index 99 on port 5
2021-03-30 14:23:24,091 [DEBUG]: Added element [99]
2021-03-30 14:23:24,091 [DEBUG]: [5]: More variables, requesting index 100
2021-03-30 14:23:24,091 [DEBUG]: Requesting index 100 on port 5
2021-03-30 14:23:24,095 [DEBUG]: Added element [100]
2021-03-30 14:23:24,095 [DEBUG]: [5]: More variables, requesting index 101
2021-03-30 14:23:24,095 [DEBUG]: Requesting index 101 on port 5
2021-03-30 14:23:24,100 [DEBUG]: Added element [101]
2021-03-30 14:23:24,100 [DEBUG]: [5]: More variables, requesting index 102
2021-03-30 14:23:24,100 [DEBUG]: Requesting index 102 on port 5
2021-03-30 14:23:24,104 [DEBUG]: Added element [102]
2021-03-30 14:23:24,104 [DEBUG]: [5]: More variables, requesting index 103
2021-03-30 14:23:24,104 [DEBUG]: Requesting index 103 on port 5
2021-03-30 14:23:24,108 [DEBUG]: Added element [103]
2021-03-30 14:23:24,109 [DEBUG]: [5]: More variables, requesting index 104
2021-03-30 14:23:24,109 [DEBUG]: Requesting index 104 on port 5
2021-03-30 14:23:24,123 [DEBUG]: Added element [104]
2021-03-30 14:23:24,123 [DEBUG]: [5]: More variables, requesting index 105
2021-03-30 14:23:24,123 [DEBUG]: Requesting index 105 on port 5
2021-03-30 14:23:24,127 [DEBUG]: Added element [105]
2021-03-30 14:23:24,127 [DEBUG]: [5]: More variables, requesting index 106
2021-03-30 14:23:24,127 [DEBUG]: Requesting index 106 on port 5
2021-03-30 14:23:24,132 [DEBUG]: Added element [106]
2021-03-30 14:23:24,132 [DEBUG]: [5]: More variables, requesting index 107
2021-03-30 14:23:24,132 [DEBUG]: Requesting index 107 on port 5
2021-03-30 14:23:24,137 [DEBUG]: Added element [107]
2021-03-30 14:23:24,137 [DEBUG]: [5]: More variables, requesting index 108
2021-03-30 14:23:24,137 [DEBUG]: Requesting index 108 on port 5
2021-03-30 14:23:24,141 [DEBUG]: Added element [108]
2021-03-30 14:23:24,141 [DEBUG]: [5]: More variables, requesting index 109
2021-03-30 14:23:24,141 [DEBUG]: Requesting index 109 on port 5
2021-03-30 14:23:24,145 [DEBUG]: Added element [109]
2021-03-30 14:23:24,145 [DEBUG]: [5]: More variables, requesting index 110
2021-03-30 14:23:24,146 [DEBUG]: Requesting index 110 on port 5
2021-03-30 14:23:24,150 [DEBUG]: Added element [110]
2021-03-30 14:23:24,150 [DEBUG]: [5]: More variables, requesting index 111
2021-03-30 14:23:24,150 [DEBUG]: Requesting index 111 on port 5
2021-03-30 14:23:24,154 [DEBUG]: Added element [111]
2021-03-30 14:23:24,154 [DEBUG]: [5]: More variables, requesting index 112
2021-03-30 14:23:24,154 [DEBUG]: Requesting index 112 on port 5
2021-03-30 14:23:24,158 [DEBUG]: Added element [112]
2021-03-30 14:23:24,158 [DEBUG]: [5]: More variables, requesting index 113
2021-03-30 14:23:24,158 [DEBUG]: Requesting index 113 on port 5
2021-03-30 14:23:24,163 [DEBUG]: Added element [113]
2021-03-30 14:23:24,163 [DEBUG]: [5]: More variables, requesting index 114
2021-03-30 14:23:24,163 [DEBUG]: Requesting index 114 on port 5
2021-03-30 14:23:24,167 [DEBUG]: Added element [114]
2021-03-30 14:23:24,167 [DEBUG]: [5]: More variables, requesting index 115
2021-03-30 14:23:24,168 [DEBUG]: Requesting index 115 on port 5
2021-03-30 14:23:24,171 [DEBUG]: Added element [115]
2021-03-30 14:23:24,171 [DEBUG]: [5]: More variables, requesting index 116
2021-03-30 14:23:24,171 [DEBUG]: Requesting index 116 on port 5
2021-03-30 14:23:24,174 [DEBUG]: Added element [116]
2021-03-30 14:23:24,174 [DEBUG]: [5]: More variables, requesting index 117
2021-03-30 14:23:24,174 [DEBUG]: Requesting index 117 on port 5
2021-03-30 14:23:24,178 [DEBUG]: Added element [117]
2021-03-30 14:23:24,178 [DEBUG]: [5]: More variables, requesting index 118
2021-03-30 14:23:24,179 [DEBUG]: Requesting index 118 on port 5
2021-03-30 14:23:24,183 [DEBUG]: Added element [118]
2021-03-30 14:23:24,183 [DEBUG]: [5]: More variables, requesting index 119
2021-03-30 14:23:24,183 [DEBUG]: Requesting index 119 on port 5
2021-03-30 14:23:24,187 [DEBUG]: Added element [119]
2021-03-30 14:23:24,187 [DEBUG]: [5]: More variables, requesting index 120
2021-03-30 14:23:24,187 [DEBUG]: Requesting index 120 on port 5
2021-03-30 14:23:24,191 [DEBUG]: Added element [120]
2021-03-30 14:23:24,191 [DEBUG]: [5]: More variables, requesting index 121
2021-03-30 14:23:24,191 [DEBUG]: Requesting index 121 on port 5
2021-03-30 14:23:24,195 [DEBUG]: Added element [121]
2021-03-30 14:23:24,195 [DEBUG]: [5]: More variables, requesting index 122
2021-03-30 14:23:24,195 [DEBUG]: Requesting index 122 on port 5
2021-03-30 14:23:24,200 [DEBUG]: Added element [122]
2021-03-30 14:23:24,200 [DEBUG]: [5]: More variables, requesting index 123
2021-03-30 14:23:24,200 [DEBUG]: Requesting index 123 on port 5
2021-03-30 14:23:24,204 [DEBUG]: Added element [123]
2021-03-30 14:23:24,204 [DEBUG]: [5]: More variables, requesting index 124
2021-03-30 14:23:24,204 [DEBUG]: Requesting index 124 on port 5
2021-03-30 14:23:24,208 [DEBUG]: Added element [124]
2021-03-30 14:23:24,208 [DEBUG]: [5]: More variables, requesting index 125
2021-03-30 14:23:24,208 [DEBUG]: Requesting index 125 on port 5
2021-03-30 14:23:24,212 [DEBUG]: Added element [125]
2021-03-30 14:23:24,212 [DEBUG]: [5]: More variables, requesting index 126
2021-03-30 14:23:24,212 [DEBUG]: Requesting index 126 on port 5
2021-03-30 14:23:24,216 [DEBUG]: Added element [126]
2021-03-30 14:23:24,216 [DEBUG]: [5]: More variables, requesting index 127
2021-03-30 14:23:24,216 [DEBUG]: Requesting index 127 on port 5
2021-03-30 14:23:24,220 [DEBUG]: Added element [127]
2021-03-30 14:23:24,221 [DEBUG]: [5]: More variables, requesting index 128
2021-03-30 14:23:24,221 [DEBUG]: Requesting index 128 on port 5
2021-03-30 14:23:24,225 [DEBUG]: Added element [128]
2021-03-30 14:23:24,225 [DEBUG]: [5]: More variables, requesting index 129
2021-03-30 14:23:24,225 [DEBUG]: Requesting index 129 on port 5
2021-03-30 14:23:24,230 [DEBUG]: Added element [129]
2021-03-30 14:23:24,230 [DEBUG]: [5]: More variables, requesting index 130
2021-03-30 14:23:24,230 [DEBUG]: Requesting index 130 on port 5
2021-03-30 14:23:24,234 [DEBUG]: Added element [130]
2021-03-30 14:23:24,234 [DEBUG]: [5]: More variables, requesting index 131
2021-03-30 14:23:24,234 [DEBUG]: Requesting index 131 on port 5
2021-03-30 14:23:24,239 [DEBUG]: Added element [131]
2021-03-30 14:23:24,239 [DEBUG]: [5]: More variables, requesting index 132
2021-03-30 14:23:24,239 [DEBUG]: Requesting index 132 on port 5
2021-03-30 14:23:24,243 [DEBUG]: Added element [132]
2021-03-30 14:23:24,243 [DEBUG]: [5]: More variables, requesting index 133
2021-03-30 14:23:24,243 [DEBUG]: Requesting index 133 on port 5
2021-03-30 14:23:24,257 [DEBUG]: Added element [133]
2021-03-30 14:23:24,257 [DEBUG]: [5]: More variables, requesting index 134
2021-03-30 14:23:24,257 [DEBUG]: Requesting index 134 on port 5
2021-03-30 14:23:24,261 [DEBUG]: Added element [134]
2021-03-30 14:23:24,261 [DEBUG]: [5]: More variables, requesting index 135
2021-03-30 14:23:24,261 [DEBUG]: Requesting index 135 on port 5
2021-03-30 14:23:24,266 [DEBUG]: Added element [135]
2021-03-30 14:23:24,266 [DEBUG]: [5]: More variables, requesting index 136
2021-03-30 14:23:24,266 [DEBUG]: Requesting index 136 on port 5
2021-03-30 14:23:24,270 [DEBUG]: Added element [136]
2021-03-30 14:23:24,271 [DEBUG]: [5]: More variables, requesting index 137
2021-03-30 14:23:24,271 [DEBUG]: Requesting index 137 on port 5
2021-03-30 14:23:24,275 [DEBUG]: Added element [137]
2021-03-30 14:23:24,275 [DEBUG]: [5]: More variables, requesting index 138
2021-03-30 14:23:24,275 [DEBUG]: Requesting index 138 on port 5
2021-03-30 14:23:24,279 [DEBUG]: Added element [138]
2021-03-30 14:23:24,280 [DEBUG]: [5]: More variables, requesting index 139
2021-03-30 14:23:24,280 [DEBUG]: Requesting index 139 on port 5
2021-03-30 14:23:24,284 [DEBUG]: Added element [139]
2021-03-30 14:23:24,284 [DEBUG]: [5]: More variables, requesting index 140
2021-03-30 14:23:24,284 [DEBUG]: Requesting index 140 on port 5
2021-03-30 14:23:24,288 [DEBUG]: Added element [140]
2021-03-30 14:23:24,288 [DEBUG]: [5]: More variables, requesting index 141
2021-03-30 14:23:24,288 [DEBUG]: Requesting index 141 on port 5
2021-03-30 14:23:24,293 [DEBUG]: Added element [141]
2021-03-30 14:23:24,293 [DEBUG]: [5]: More variables, requesting index 142
2021-03-30 14:23:24,293 [DEBUG]: Requesting index 142 on port 5
2021-03-30 14:23:24,297 [DEBUG]: Added element [142]
2021-03-30 14:23:24,297 [DEBUG]: [5]: More variables, requesting index 143
2021-03-30 14:23:24,297 [DEBUG]: Requesting index 143 on port 5
2021-03-30 14:23:24,301 [DEBUG]: Added element [143]
2021-03-30 14:23:24,301 [DEBUG]: [5]: More variables, requesting index 144
2021-03-30 14:23:24,301 [DEBUG]: Requesting index 144 on port 5
2021-03-30 14:23:24,306 [DEBUG]: Added element [144]
2021-03-30 14:23:24,306 [DEBUG]: [5]: More variables, requesting index 145
2021-03-30 14:23:24,306 [DEBUG]: Requesting index 145 on port 5
2021-03-30 14:23:24,310 [DEBUG]: Added element [145]
2021-03-30 14:23:24,310 [DEBUG]: [5]: More variables, requesting index 146
2021-03-30 14:23:24,311 [DEBUG]: Requesting index 146 on port 5
2021-03-30 14:23:24,315 [DEBUG]: Added element [146]
2021-03-30 14:23:24,315 [DEBUG]: [5]: More variables, requesting index 147
2021-03-30 14:23:24,315 [DEBUG]: Requesting index 147 on port 5
2021-03-30 14:23:24,319 [DEBUG]: Added element [147]
2021-03-30 14:23:24,319 [DEBUG]: [5]: More variables, requesting index 148
2021-03-30 14:23:24,319 [DEBUG]: Requesting index 148 on port 5
2021-03-30 14:23:24,324 [DEBUG]: Added element [148]
2021-03-30 14:23:24,324 [DEBUG]: [5]: More variables, requesting index 149
2021-03-30 14:23:24,324 [DEBUG]: Requesting index 149 on port 5
2021-03-30 14:23:24,328 [DEBUG]: Added element [149]
2021-03-30 14:23:24,328 [DEBUG]: [5]: More variables, requesting index 150
2021-03-30 14:23:24,328 [DEBUG]: Requesting index 150 on port 5
2021-03-30 14:23:24,332 [DEBUG]: Added element [150]
2021-03-30 14:23:24,333 [DEBUG]: [5]: More variables, requesting index 151
2021-03-30 14:23:24,333 [DEBUG]: Requesting index 151 on port 5
2021-03-30 14:23:24,337 [DEBUG]: Added element [151]
2021-03-30 14:23:24,337 [DEBUG]: [5]: More variables, requesting index 152
2021-03-30 14:23:24,337 [DEBUG]: Requesting index 152 on port 5
2021-03-30 14:23:24,341 [DEBUG]: Added element [152]
2021-03-30 14:23:24,341 [DEBUG]: [5]: More variables, requesting index 153
2021-03-30 14:23:24,341 [DEBUG]: Requesting index 153 on port 5
2021-03-30 14:23:24,345 [DEBUG]: Added element [153]
2021-03-30 14:23:24,345 [DEBUG]: [5]: More variables, requesting index 154
2021-03-30 14:23:24,346 [DEBUG]: Requesting index 154 on port 5
2021-03-30 14:23:24,350 [DEBUG]: Added element [154]
2021-03-30 14:23:24,350 [DEBUG]: [5]: More variables, requesting index 155
2021-03-30 14:23:24,350 [DEBUG]: Requesting index 155 on port 5
2021-03-30 14:23:24,354 [DEBUG]: Added element [155]
2021-03-30 14:23:24,354 [DEBUG]: [5]: More variables, requesting index 156
2021-03-30 14:23:24,354 [DEBUG]: Requesting index 156 on port 5
2021-03-30 14:23:24,358 [DEBUG]: Added element [156]
2021-03-30 14:23:24,358 [DEBUG]: [5]: More variables, requesting index 157
2021-03-30 14:23:24,358 [DEBUG]: Requesting index 157 on port 5
2021-03-30 14:23:24,362 [DEBUG]: Added element [157]
2021-03-30 14:23:24,362 [DEBUG]: [5]: More variables, requesting index 158
2021-03-30 14:23:24,362 [DEBUG]: Requesting index 158 on port 5
2021-03-30 14:23:24,366 [DEBUG]: Added element [158]
2021-03-30 14:23:24,367 [DEBUG]: [5]: More variables, requesting index 159
2021-03-30 14:23:24,367 [DEBUG]: Requesting index 159 on port 5
2021-03-30 14:23:24,371 [DEBUG]: Added element [159]
2021-03-30 14:23:24,371 [DEBUG]: [5]: More variables, requesting index 160
2021-03-30 14:23:24,371 [DEBUG]: Requesting index 160 on port 5
2021-03-30 14:23:24,384 [DEBUG]: Added element [160]
2021-03-30 14:23:24,384 [DEBUG]: [5]: More variables, requesting index 161
2021-03-30 14:23:24,384 [DEBUG]: Requesting index 161 on port 5
2021-03-30 14:23:24,387 [DEBUG]: Added element [161]
2021-03-30 14:23:24,387 [DEBUG]: [5]: More variables, requesting index 162
2021-03-30 14:23:24,387 [DEBUG]: Requesting index 162 on port 5
2021-03-30 14:23:24,391 [DEBUG]: Added element [162]
2021-03-30 14:23:24,391 [DEBUG]: [5]: More variables, requesting index 163
2021-03-30 14:23:24,391 [DEBUG]: Requesting index 163 on port 5
2021-03-30 14:23:24,394 [DEBUG]: Added element [163]
2021-03-30 14:23:24,395 [DEBUG]: [5]: More variables, requesting index 164
2021-03-30 14:23:24,395 [DEBUG]: Requesting index 164 on port 5
2021-03-30 14:23:24,399 [DEBUG]: Added element [164]
2021-03-30 14:23:24,399 [DEBUG]: [5]: More variables, requesting index 165
2021-03-30 14:23:24,399 [DEBUG]: Requesting index 165 on port 5
2021-03-30 14:23:24,403 [DEBUG]: Added element [165]
2021-03-30 14:23:24,403 [DEBUG]: [5]: More variables, requesting index 166
2021-03-30 14:23:24,403 [DEBUG]: Requesting index 166 on port 5
2021-03-30 14:23:24,407 [DEBUG]: Added element [166]
2021-03-30 14:23:24,407 [DEBUG]: [5]: More variables, requesting index 167
2021-03-30 14:23:24,407 [DEBUG]: Requesting index 167 on port 5
2021-03-30 14:23:24,411 [DEBUG]: Added element [167]
2021-03-30 14:23:24,411 [DEBUG]: [5]: More variables, requesting index 168
2021-03-30 14:23:24,411 [DEBUG]: Requesting index 168 on port 5
2021-03-30 14:23:24,415 [DEBUG]: Added element [168]
2021-03-30 14:23:24,415 [DEBUG]: [5]: More variables, requesting index 169
2021-03-30 14:23:24,415 [DEBUG]: Requesting index 169 on port 5
2021-03-30 14:23:24,419 [DEBUG]: Added element [169]
2021-03-30 14:23:24,419 [DEBUG]: [5]: More variables, requesting index 170
2021-03-30 14:23:24,419 [DEBUG]: Requesting index 170 on port 5
2021-03-30 14:23:24,423 [DEBUG]: Added element [170]
2021-03-30 14:23:24,423 [DEBUG]: [5]: More variables, requesting index 171
2021-03-30 14:23:24,423 [DEBUG]: Requesting index 171 on port 5
2021-03-30 14:23:24,427 [DEBUG]: Added element [171]
2021-03-30 14:23:24,427 [DEBUG]: [5]: More variables, requesting index 172
2021-03-30 14:23:24,428 [DEBUG]: Requesting index 172 on port 5
2021-03-30 14:23:24,431 [DEBUG]: Added element [172]
2021-03-30 14:23:24,432 [DEBUG]: [5]: More variables, requesting index 173
2021-03-30 14:23:24,432 [DEBUG]: Requesting index 173 on port 5
2021-03-30 14:23:24,436 [DEBUG]: Added element [173]
2021-03-30 14:23:24,436 [DEBUG]: [5]: More variables, requesting index 174
2021-03-30 14:23:24,436 [DEBUG]: Requesting index 174 on port 5
2021-03-30 14:23:24,440 [DEBUG]: Added element [174]
2021-03-30 14:23:24,440 [DEBUG]: [5]: More variables, requesting index 175
2021-03-30 14:23:24,440 [DEBUG]: Requesting index 175 on port 5
2021-03-30 14:23:24,445 [DEBUG]: Added element [175]
2021-03-30 14:23:24,445 [DEBUG]: [5]: More variables, requesting index 176
2021-03-30 14:23:24,445 [DEBUG]: Requesting index 176 on port 5
2021-03-30 14:23:24,449 [DEBUG]: Added element [176]
2021-03-30 14:23:24,449 [DEBUG]: [5]: More variables, requesting index 177
2021-03-30 14:23:24,449 [DEBUG]: Requesting index 177 on port 5
2021-03-30 14:23:24,453 [DEBUG]: Added element [177]
2021-03-30 14:23:24,453 [DEBUG]: [5]: More variables, requesting index 178
2021-03-30 14:23:24,454 [DEBUG]: Requesting index 178 on port 5
2021-03-30 14:23:24,458 [DEBUG]: Added element [178]
2021-03-30 14:23:24,458 [DEBUG]: [5]: More variables, requesting index 179
2021-03-30 14:23:24,459 [DEBUG]: Requesting index 179 on port 5
2021-03-30 14:23:24,463 [DEBUG]: Added element [179]
2021-03-30 14:23:24,463 [DEBUG]: [5]: More variables, requesting index 180
2021-03-30 14:23:24,463 [DEBUG]: Requesting index 180 on port 5
2021-03-30 14:23:24,467 [DEBUG]: Added element [180]
2021-03-30 14:23:24,467 [DEBUG]: [5]: More variables, requesting index 181
2021-03-30 14:23:24,467 [DEBUG]: Requesting index 181 on port 5
2021-03-30 14:23:24,470 [DEBUG]: Added element [181]
2021-03-30 14:23:24,470 [DEBUG]: [5]: More variables, requesting index 182
2021-03-30 14:23:24,470 [DEBUG]: Requesting index 182 on port 5
2021-03-30 14:23:24,474 [DEBUG]: Added element [182]
2021-03-30 14:23:24,474 [DEBUG]: [5]: More variables, requesting index 183
2021-03-30 14:23:24,475 [DEBUG]: Requesting index 183 on port 5
2021-03-30 14:23:24,479 [DEBUG]: Added element [183]
2021-03-30 14:23:24,479 [DEBUG]: [5]: More variables, requesting index 184
2021-03-30 14:23:24,479 [DEBUG]: Requesting index 184 on port 5
2021-03-30 14:23:24,483 [DEBUG]: Added element [184]
2021-03-30 14:23:24,484 [DEBUG]: [5]: More variables, requesting index 185
2021-03-30 14:23:24,484 [DEBUG]: Requesting index 185 on port 5
2021-03-30 14:23:24,488 [DEBUG]: Added element [185]
2021-03-30 14:23:24,488 [DEBUG]: [5]: More variables, requesting index 186
2021-03-30 14:23:24,488 [DEBUG]: Requesting index 186 on port 5
2021-03-30 14:23:24,492 [DEBUG]: Added element [186]
2021-03-30 14:23:24,492 [DEBUG]: [5]: More variables, requesting index 187
2021-03-30 14:23:24,492 [DEBUG]: Requesting index 187 on port 5
2021-03-30 14:23:24,496 [DEBUG]: Added element [187]
2021-03-30 14:23:24,496 [DEBUG]: [5]: More variables, requesting index 188
2021-03-30 14:23:24,496 [DEBUG]: Requesting index 188 on port 5
2021-03-30 14:23:24,501 [DEBUG]: Added element [188]
2021-03-30 14:23:24,501 [DEBUG]: [5]: More variables, requesting index 189
2021-03-30 14:23:24,501 [DEBUG]: Requesting index 189 on port 5
2021-03-30 14:23:24,515 [DEBUG]: Added element [189]
2021-03-30 14:23:24,515 [DEBUG]: [5]: More variables, requesting index 190
2021-03-30 14:23:24,515 [DEBUG]: Requesting index 190 on port 5
2021-03-30 14:23:24,519 [DEBUG]: Added element [190]
2021-03-30 14:23:24,519 [DEBUG]: [5]: More variables, requesting index 191
2021-03-30 14:23:24,519 [DEBUG]: Requesting index 191 on port 5
2021-03-30 14:23:24,523 [DEBUG]: Added element [191]
2021-03-30 14:23:24,523 [DEBUG]: [5]: More variables, requesting index 192
2021-03-30 14:23:24,523 [DEBUG]: Requesting index 192 on port 5
2021-03-30 14:23:24,527 [DEBUG]: Added element [192]
2021-03-30 14:23:24,528 [DEBUG]: [5]: More variables, requesting index 193
2021-03-30 14:23:24,528 [DEBUG]: Requesting index 193 on port 5
2021-03-30 14:23:24,532 [DEBUG]: Added element [193]
2021-03-30 14:23:24,532 [DEBUG]: [5]: More variables, requesting index 194
2021-03-30 14:23:24,532 [DEBUG]: Requesting index 194 on port 5
2021-03-30 14:23:24,536 [DEBUG]: Added element [194]
2021-03-30 14:23:24,536 [DEBUG]: [5]: More variables, requesting index 195
2021-03-30 14:23:24,536 [DEBUG]: Requesting index 195 on port 5
2021-03-30 14:23:24,541 [DEBUG]: Added element [195]
2021-03-30 14:23:24,541 [DEBUG]: [5]: More variables, requesting index 196
2021-03-30 14:23:24,541 [DEBUG]: Requesting index 196 on port 5
2021-03-30 14:23:24,545 [DEBUG]: Added element [196]
2021-03-30 14:23:24,545 [DEBUG]: [5]: More variables, requesting index 197
2021-03-30 14:23:24,545 [DEBUG]: Requesting index 197 on port 5
2021-03-30 14:23:24,549 [DEBUG]: Added element [197]
2021-03-30 14:23:24,550 [DEBUG]: [5]: More variables, requesting index 198
2021-03-30 14:23:24,550 [DEBUG]: Requesting index 198 on port 5
2021-03-30 14:23:24,554 [DEBUG]: Added element [198]
2021-03-30 14:23:24,554 [DEBUG]: [5]: More variables, requesting index 199
2021-03-30 14:23:24,554 [DEBUG]: Requesting index 199 on port 5
2021-03-30 14:23:24,558 [DEBUG]: Added element [199]
2021-03-30 14:23:24,559 [DEBUG]: [5]: More variables, requesting index 200
2021-03-30 14:23:24,559 [DEBUG]: Requesting index 200 on port 5
2021-03-30 14:23:24,563 [DEBUG]: Added element [200]
2021-03-30 14:23:24,563 [DEBUG]: [5]: More variables, requesting index 201
2021-03-30 14:23:24,563 [DEBUG]: Requesting index 201 on port 5
2021-03-30 14:23:24,567 [DEBUG]: Added element [201]
2021-03-30 14:23:24,567 [DEBUG]: [5]: More variables, requesting index 202
2021-03-30 14:23:24,567 [DEBUG]: Requesting index 202 on port 5
2021-03-30 14:23:24,571 [DEBUG]: Added element [202]
2021-03-30 14:23:24,571 [DEBUG]: [5]: More variables, requesting index 203
2021-03-30 14:23:24,571 [DEBUG]: Requesting index 203 on port 5
2021-03-30 14:23:24,574 [DEBUG]: Added element [203]
2021-03-30 14:23:24,575 [DEBUG]: [5]: More variables, requesting index 204
2021-03-30 14:23:24,575 [DEBUG]: Requesting index 204 on port 5
2021-03-30 14:23:24,579 [DEBUG]: Added element [204]
2021-03-30 14:23:24,579 [DEBUG]: [5]: More variables, requesting index 205
2021-03-30 14:23:24,579 [DEBUG]: Requesting index 205 on port 5
2021-03-30 14:23:24,583 [DEBUG]: Added element [205]
2021-03-30 14:23:24,583 [DEBUG]: [5]: More variables, requesting index 206
2021-03-30 14:23:24,583 [DEBUG]: Requesting index 206 on port 5
2021-03-30 14:23:24,587 [DEBUG]: Added element [206]
2021-03-30 14:23:24,587 [DEBUG]: [5]: More variables, requesting index 207
2021-03-30 14:23:24,587 [DEBUG]: Requesting index 207 on port 5
2021-03-30 14:23:24,591 [DEBUG]: Added element [207]
2021-03-30 14:23:24,591 [DEBUG]: [5]: More variables, requesting index 208
2021-03-30 14:23:24,591 [DEBUG]: Requesting index 208 on port 5
2021-03-30 14:23:24,595 [DEBUG]: Added element [208]
2021-03-30 14:23:24,596 [DEBUG]: [5]: More variables, requesting index 209
2021-03-30 14:23:24,596 [DEBUG]: Requesting index 209 on port 5
2021-03-30 14:23:24,600 [DEBUG]: Added element [209]
2021-03-30 14:23:24,600 [DEBUG]: [5]: More variables, requesting index 210
2021-03-30 14:23:24,600 [DEBUG]: Requesting index 210 on port 5
2021-03-30 14:23:24,604 [DEBUG]: Added element [210]
2021-03-30 14:23:24,604 [DEBUG]: [5]: More variables, requesting index 211
2021-03-30 14:23:24,604 [DEBUG]: Requesting index 211 on port 5
2021-03-30 14:23:24,608 [DEBUG]: Added element [211]
2021-03-30 14:23:24,608 [DEBUG]: [5]: More variables, requesting index 212
2021-03-30 14:23:24,608 [DEBUG]: Requesting index 212 on port 5
2021-03-30 14:23:24,612 [DEBUG]: Added element [212]
2021-03-30 14:23:24,612 [DEBUG]: [5]: More variables, requesting index 213
2021-03-30 14:23:24,613 [DEBUG]: Requesting index 213 on port 5
2021-03-30 14:23:24,617 [DEBUG]: Added element [213]
2021-03-30 14:23:24,617 [DEBUG]: [5]: More variables, requesting index 214
2021-03-30 14:23:24,617 [DEBUG]: Requesting index 214 on port 5
2021-03-30 14:23:24,621 [DEBUG]: Added element [214]
2021-03-30 14:23:24,621 [DEBUG]: [5]: More variables, requesting index 215
2021-03-30 14:23:24,621 [DEBUG]: Requesting index 215 on port 5
2021-03-30 14:23:24,625 [DEBUG]: Added element [215]
2021-03-30 14:23:24,626 [DEBUG]: [5]: More variables, requesting index 216
2021-03-30 14:23:24,626 [DEBUG]: Requesting index 216 on port 5
2021-03-30 14:23:24,630 [DEBUG]: Added element [216]
2021-03-30 14:23:24,630 [DEBUG]: [5]: More variables, requesting index 217
2021-03-30 14:23:24,630 [DEBUG]: Requesting index 217 on port 5
2021-03-30 14:23:24,644 [DEBUG]: Added element [217]
2021-03-30 14:23:24,644 [DEBUG]: [5]: More variables, requesting index 218
2021-03-30 14:23:24,644 [DEBUG]: Requesting index 218 on port 5
2021-03-30 14:23:24,650 [DEBUG]: Added element [218]
2021-03-30 14:23:24,651 [DEBUG]: [5]: More variables, requesting index 219
2021-03-30 14:23:24,651 [DEBUG]: Requesting index 219 on port 5
2021-03-30 14:23:24,657 [DEBUG]: Added element [219]
2021-03-30 14:23:24,657 [DEBUG]: [5]: More variables, requesting index 220
2021-03-30 14:23:24,657 [DEBUG]: Requesting index 220 on port 5
2021-03-30 14:23:24,663 [DEBUG]: Added element [220]
2021-03-30 14:23:24,663 [DEBUG]: [5]: More variables, requesting index 221
2021-03-30 14:23:24,663 [DEBUG]: Requesting index 221 on port 5
2021-03-30 14:23:24,668 [DEBUG]: Added element [221]
2021-03-30 14:23:24,669 [DEBUG]: [5]: More variables, requesting index 222
2021-03-30 14:23:24,669 [DEBUG]: Requesting index 222 on port 5
2021-03-30 14:23:24,673 [DEBUG]: Added element [222]
2021-03-30 14:23:24,673 [DEBUG]: [5]: More variables, requesting index 223
2021-03-30 14:23:24,674 [DEBUG]: Requesting index 223 on port 5
2021-03-30 14:23:24,677 [DEBUG]: Added element [223]
2021-03-30 14:23:24,677 [DEBUG]: [5]: More variables, requesting index 224
2021-03-30 14:23:24,677 [DEBUG]: Requesting index 224 on port 5
2021-03-30 14:23:24,681 [DEBUG]: Added element [224]
2021-03-30 14:23:24,681 [DEBUG]: [5]: More variables, requesting index 225
2021-03-30 14:23:24,682 [DEBUG]: Requesting index 225 on port 5
2021-03-30 14:23:24,685 [DEBUG]: Added element [225]
2021-03-30 14:23:24,685 [DEBUG]: [5]: More variables, requesting index 226
2021-03-30 14:23:24,686 [DEBUG]: Requesting index 226 on port 5
2021-03-30 14:23:24,689 [DEBUG]: Added element [226]
2021-03-30 14:23:24,689 [DEBUG]: [5]: More variables, requesting index 227
2021-03-30 14:23:24,689 [DEBUG]: Requesting index 227 on port 5
2021-03-30 14:23:24,693 [DEBUG]: Added element [227]
2021-03-30 14:23:24,693 [DEBUG]: [5]: More variables, requesting index 228
2021-03-30 14:23:24,693 [DEBUG]: Requesting index 228 on port 5
2021-03-30 14:23:24,696 [DEBUG]: Added element [228]
2021-03-30 14:23:24,696 [DEBUG]: [5]: More variables, requesting index 229
2021-03-30 14:23:24,696 [DEBUG]: Requesting index 229 on port 5
2021-03-30 14:23:24,700 [DEBUG]: Added element [229]
2021-03-30 14:23:24,701 [DEBUG]: [5]: More variables, requesting index 230
2021-03-30 14:23:24,701 [DEBUG]: Requesting index 230 on port 5
2021-03-30 14:23:24,705 [DEBUG]: Added element [230]
2021-03-30 14:23:24,705 [DEBUG]: [5]: More variables, requesting index 231
2021-03-30 14:23:24,705 [DEBUG]: Requesting index 231 on port 5
2021-03-30 14:23:24,709 [DEBUG]: Added element [231]
2021-03-30 14:23:24,709 [DEBUG]: [5]: More variables, requesting index 232
2021-03-30 14:23:24,709 [DEBUG]: Requesting index 232 on port 5
2021-03-30 14:23:24,714 [DEBUG]: Added element [232]
2021-03-30 14:23:24,714 [DEBUG]: [5]: More variables, requesting index 233
2021-03-30 14:23:24,714 [DEBUG]: Requesting index 233 on port 5
2021-03-30 14:23:24,718 [DEBUG]: Added element [233]
2021-03-30 14:23:24,718 [DEBUG]: [5]: More variables, requesting index 234
2021-03-30 14:23:24,718 [DEBUG]: Requesting index 234 on port 5
2021-03-30 14:23:24,722 [DEBUG]: Added element [234]
2021-03-30 14:23:24,723 [DEBUG]: [5]: More variables, requesting index 235
2021-03-30 14:23:24,723 [DEBUG]: Requesting index 235 on port 5
2021-03-30 14:23:24,727 [DEBUG]: Added element [235]
2021-03-30 14:23:24,727 [DEBUG]: [5]: More variables, requesting index 236
2021-03-30 14:23:24,727 [DEBUG]: Requesting index 236 on port 5
2021-03-30 14:23:24,732 [DEBUG]: Added element [236]
2021-03-30 14:23:24,732 [DEBUG]: [5]: More variables, requesting index 237
2021-03-30 14:23:24,732 [DEBUG]: Requesting index 237 on port 5
2021-03-30 14:23:24,736 [DEBUG]: Added element [237]
2021-03-30 14:23:24,736 [DEBUG]: [5]: More variables, requesting index 238
2021-03-30 14:23:24,736 [DEBUG]: Requesting index 238 on port 5
2021-03-30 14:23:24,741 [DEBUG]: Added element [238]
2021-03-30 14:23:24,741 [DEBUG]: [5]: More variables, requesting index 239
2021-03-30 14:23:24,741 [DEBUG]: Requesting index 239 on port 5
2021-03-30 14:23:24,745 [DEBUG]: Added element [239]
2021-03-30 14:23:24,745 [DEBUG]: [5]: More variables, requesting index 240
2021-03-30 14:23:24,745 [DEBUG]: Requesting index 240 on port 5
2021-03-30 14:23:24,749 [DEBUG]: Added element [240]
2021-03-30 14:23:24,750 [DEBUG]: [5]: More variables, requesting index 241
2021-03-30 14:23:24,750 [DEBUG]: Requesting index 241 on port 5
2021-03-30 14:23:24,754 [DEBUG]: Added element [241]
2021-03-30 14:23:24,754 [DEBUG]: [5]: More variables, requesting index 242
2021-03-30 14:23:24,754 [DEBUG]: Requesting index 242 on port 5
2021-03-30 14:23:24,758 [DEBUG]: Added element [242]
2021-03-30 14:23:24,758 [DEBUG]: [5]: More variables, requesting index 243
2021-03-30 14:23:24,758 [DEBUG]: Requesting index 243 on port 5
2021-03-30 14:23:24,772 [DEBUG]: Added element [243]
2021-03-30 14:23:24,772 [DEBUG]: [5]: More variables, requesting index 244
2021-03-30 14:23:24,772 [DEBUG]: Requesting index 244 on port 5
2021-03-30 14:23:24,777 [DEBUG]: Added element [244]
2021-03-30 14:23:24,777 [DEBUG]: [5]: More variables, requesting index 245
2021-03-30 14:23:24,777 [DEBUG]: Requesting index 245 on port 5
2021-03-30 14:23:24,782 [DEBUG]: Added element [245]
2021-03-30 14:23:24,782 [DEBUG]: [5]: More variables, requesting index 246
2021-03-30 14:23:24,782 [DEBUG]: Requesting index 246 on port 5
2021-03-30 14:23:24,786 [DEBUG]: Added element [246]
2021-03-30 14:23:24,786 [DEBUG]: [5]: More variables, requesting index 247
2021-03-30 14:23:24,786 [DEBUG]: Requesting index 247 on port 5
2021-03-30 14:23:24,790 [DEBUG]: Added element [247]
2021-03-30 14:23:24,791 [DEBUG]: [5]: More variables, requesting index 248
2021-03-30 14:23:24,791 [DEBUG]: Requesting index 248 on port 5
2021-03-30 14:23:24,795 [DEBUG]: Added element [248]
2021-03-30 14:23:24,795 [DEBUG]: [5]: More variables, requesting index 249
2021-03-30 14:23:24,795 [DEBUG]: Requesting index 249 on port 5
2021-03-30 14:23:24,799 [DEBUG]: Added element [249]
2021-03-30 14:23:24,799 [DEBUG]: [5]: More variables, requesting index 250
2021-03-30 14:23:24,799 [DEBUG]: Requesting index 250 on port 5
2021-03-30 14:23:24,803 [DEBUG]: Added element [250]
2021-03-30 14:23:24,804 [DEBUG]: [5]: More variables, requesting index 251
2021-03-30 14:23:24,804 [DEBUG]: Requesting index 251 on port 5
2021-03-30 14:23:24,808 [DEBUG]: Added element [251]
2021-03-30 14:23:24,808 [DEBUG]: [5]: More variables, requesting index 252
2021-03-30 14:23:24,808 [DEBUG]: Requesting index 252 on port 5
2021-03-30 14:23:24,812 [DEBUG]: Added element [252]
2021-03-30 14:23:24,812 [DEBUG]: [5]: More variables, requesting index 253
2021-03-30 14:23:24,812 [DEBUG]: Requesting index 253 on port 5
2021-03-30 14:23:24,817 [DEBUG]: Added element [253]
2021-03-30 14:23:24,817 [DEBUG]: [5]: More variables, requesting index 254
2021-03-30 14:23:24,817 [DEBUG]: Requesting index 254 on port 5
2021-03-30 14:23:24,821 [DEBUG]: Added element [254]
2021-03-30 14:23:24,821 [DEBUG]: [5]: More variables, requesting index 255
2021-03-30 14:23:24,821 [DEBUG]: Requesting index 255 on port 5
2021-03-30 14:23:24,826 [DEBUG]: Added element [255]
2021-03-30 14:23:24,826 [DEBUG]: [5]: More variables, requesting index 256
2021-03-30 14:23:24,826 [DEBUG]: Requesting index 256 on port 5
2021-03-30 14:23:24,830 [DEBUG]: Added element [256]
2021-03-30 14:23:24,830 [DEBUG]: [5]: More variables, requesting index 257
2021-03-30 14:23:24,830 [DEBUG]: Requesting index 257 on port 5
2021-03-30 14:23:24,836 [DEBUG]: Added element [257]
2021-03-30 14:23:24,836 [DEBUG]: [5]: More variables, requesting index 258
2021-03-30 14:23:24,836 [DEBUG]: Requesting index 258 on port 5
2021-03-30 14:23:24,841 [DEBUG]: Added element [258]
2021-03-30 14:23:24,841 [DEBUG]: [5]: More variables, requesting index 259
2021-03-30 14:23:24,841 [DEBUG]: Requesting index 259 on port 5
2021-03-30 14:23:24,845 [DEBUG]: Added element [259]
2021-03-30 14:23:24,845 [DEBUG]: [5]: More variables, requesting index 260
2021-03-30 14:23:24,845 [DEBUG]: Requesting index 260 on port 5
2021-03-30 14:23:24,849 [DEBUG]: Added element [260]
2021-03-30 14:23:24,849 [DEBUG]: [5]: More variables, requesting index 261
2021-03-30 14:23:24,849 [DEBUG]: Requesting index 261 on port 5
2021-03-30 14:23:24,852 [DEBUG]: Added element [261]
2021-03-30 14:23:24,852 [DEBUG]: [5]: More variables, requesting index 262
2021-03-30 14:23:24,852 [DEBUG]: Requesting index 262 on port 5
2021-03-30 14:23:24,856 [DEBUG]: Added element [262]
2021-03-30 14:23:24,856 [DEBUG]: [5]: More variables, requesting index 263
2021-03-30 14:23:24,856 [DEBUG]: Requesting index 263 on port 5
2021-03-30 14:23:24,860 [DEBUG]: Added element [263]
2021-03-30 14:23:24,861 [DEBUG]: [5]: More variables, requesting index 264
2021-03-30 14:23:24,861 [DEBUG]: Requesting index 264 on port 5
2021-03-30 14:23:24,865 [DEBUG]: Added element [264]
2021-03-30 14:23:24,865 [DEBUG]: [5]: More variables, requesting index 265
2021-03-30 14:23:24,865 [DEBUG]: Requesting index 265 on port 5
2021-03-30 14:23:24,869 [DEBUG]: Added element [265]
2021-03-30 14:23:24,869 [DEBUG]: [5]: More variables, requesting index 266
2021-03-30 14:23:24,869 [DEBUG]: Requesting index 266 on port 5
2021-03-30 14:23:24,873 [DEBUG]: Added element [266]
2021-03-30 14:23:24,873 [DEBUG]: [5]: More variables, requesting index 267
2021-03-30 14:23:24,873 [DEBUG]: Requesting index 267 on port 5
2021-03-30 14:23:24,877 [DEBUG]: Added element [267]
2021-03-30 14:23:24,877 [DEBUG]: [5]: More variables, requesting index 268
2021-03-30 14:23:24,877 [DEBUG]: Requesting index 268 on port 5
2021-03-30 14:23:24,881 [DEBUG]: Added element [268]
2021-03-30 14:23:24,881 [DEBUG]: [5]: More variables, requesting index 269
2021-03-30 14:23:24,881 [DEBUG]: Requesting index 269 on port 5
2021-03-30 14:23:24,885 [DEBUG]: Added element [269]
2021-03-30 14:23:24,885 [DEBUG]: [5]: More variables, requesting index 270
2021-03-30 14:23:24,885 [DEBUG]: Requesting index 270 on port 5
2021-03-30 14:23:24,889 [DEBUG]: Added element [270]
2021-03-30 14:23:24,889 [DEBUG]: [5]: More variables, requesting index 271
2021-03-30 14:23:24,889 [DEBUG]: Requesting index 271 on port 5
2021-03-30 14:23:24,893 [DEBUG]: Added element [271]
2021-03-30 14:23:24,893 [DEBUG]: [5]: More variables, requesting index 272
2021-03-30 14:23:24,893 [DEBUG]: Requesting index 272 on port 5
2021-03-30 14:23:24,897 [DEBUG]: Added element [272]
2021-03-30 14:23:24,897 [DEBUG]: [5]: More variables, requesting index 273
2021-03-30 14:23:24,897 [DEBUG]: Requesting index 273 on port 5
2021-03-30 14:23:24,910 [DEBUG]: Added element [273]
2021-03-30 14:23:24,910 [DEBUG]: [5]: More variables, requesting index 274
2021-03-30 14:23:24,910 [DEBUG]: Requesting index 274 on port 5
2021-03-30 14:23:24,914 [DEBUG]: Added element [274]
2021-03-30 14:23:24,914 [DEBUG]: [5]: More variables, requesting index 275
2021-03-30 14:23:24,914 [DEBUG]: Requesting index 275 on port 5
2021-03-30 14:23:24,919 [DEBUG]: Added element [275]
2021-03-30 14:23:24,919 [DEBUG]: [5]: More variables, requesting index 276
2021-03-30 14:23:24,919 [DEBUG]: Requesting index 276 on port 5
2021-03-30 14:23:24,923 [DEBUG]: Added element [276]
2021-03-30 14:23:24,923 [DEBUG]: [5]: More variables, requesting index 277
2021-03-30 14:23:24,923 [DEBUG]: Requesting index 277 on port 5
2021-03-30 14:23:24,927 [DEBUG]: Added element [277]
2021-03-30 14:23:24,927 [DEBUG]: [5]: More variables, requesting index 278
2021-03-30 14:23:24,927 [DEBUG]: Requesting index 278 on port 5
2021-03-30 14:23:24,931 [DEBUG]: Added element [278]
2021-03-30 14:23:24,931 [DEBUG]: [5]: More variables, requesting index 279
2021-03-30 14:23:24,931 [DEBUG]: Requesting index 279 on port 5
2021-03-30 14:23:24,935 [DEBUG]: Added element [279]
2021-03-30 14:23:24,935 [DEBUG]: [5]: More variables, requesting index 280
2021-03-30 14:23:24,935 [DEBUG]: Requesting index 280 on port 5
2021-03-30 14:23:24,940 [DEBUG]: Added element [280]
2021-03-30 14:23:24,940 [DEBUG]: [5]: More variables, requesting index 281
2021-03-30 14:23:24,940 [DEBUG]: Requesting index 281 on port 5
2021-03-30 14:23:24,944 [DEBUG]: Added element [281]
2021-03-30 14:23:24,944 [DEBUG]: [5]: More variables, requesting index 282
2021-03-30 14:23:24,944 [DEBUG]: Requesting index 282 on port 5
2021-03-30 14:23:24,948 [DEBUG]: Added element [282]
2021-03-30 14:23:24,948 [DEBUG]: [5]: More variables, requesting index 283
2021-03-30 14:23:24,949 [DEBUG]: Requesting index 283 on port 5
2021-03-30 14:23:24,952 [DEBUG]: Added element [283]
2021-03-30 14:23:24,952 [DEBUG]: [5]: More variables, requesting index 284
2021-03-30 14:23:24,953 [DEBUG]: Requesting index 284 on port 5
2021-03-30 14:23:24,957 [DEBUG]: Added element [284]
2021-03-30 14:23:24,957 [DEBUG]: [5]: More variables, requesting index 285
2021-03-30 14:23:24,957 [DEBUG]: Requesting index 285 on port 5
2021-03-30 14:23:24,961 [DEBUG]: Added element [285]
2021-03-30 14:23:24,961 [DEBUG]: [5]: More variables, requesting index 286
2021-03-30 14:23:24,961 [DEBUG]: Requesting index 286 on port 5
2021-03-30 14:23:24,965 [DEBUG]: Added element [286]
2021-03-30 14:23:24,965 [DEBUG]: [5]: More variables, requesting index 287
2021-03-30 14:23:24,965 [DEBUG]: Requesting index 287 on port 5
2021-03-30 14:23:24,969 [DEBUG]: Added element [287]
2021-03-30 14:23:24,970 [DEBUG]: [5]: More variables, requesting index 288
2021-03-30 14:23:24,970 [DEBUG]: Requesting index 288 on port 5
2021-03-30 14:23:24,974 [DEBUG]: Added element [288]
2021-03-30 14:23:24,974 [DEBUG]: [5]: More variables, requesting index 289
2021-03-30 14:23:24,974 [DEBUG]: Requesting index 289 on port 5
2021-03-30 14:23:24,978 [DEBUG]: Added element [289]
2021-03-30 14:23:24,978 [DEBUG]: [5]: More variables, requesting index 290
2021-03-30 14:23:24,978 [DEBUG]: Requesting index 290 on port 5
2021-03-30 14:23:24,982 [DEBUG]: Added element [290]
2021-03-30 14:23:24,982 [DEBUG]: [5]: More variables, requesting index 291
2021-03-30 14:23:24,982 [DEBUG]: Requesting index 291 on port 5
2021-03-30 14:23:24,986 [DEBUG]: Added element [291]
2021-03-30 14:23:24,986 [DEBUG]: [5]: More variables, requesting index 292
2021-03-30 14:23:24,986 [DEBUG]: Requesting index 292 on port 5
2021-03-30 14:23:24,990 [DEBUG]: Added element [292]
2021-03-30 14:23:24,990 [DEBUG]: [5]: More variables, requesting index 293
2021-03-30 14:23:24,990 [DEBUG]: Requesting index 293 on port 5
2021-03-30 14:23:24,994 [DEBUG]: Added element [293]
2021-03-30 14:23:24,994 [DEBUG]: [5]: More variables, requesting index 294
2021-03-30 14:23:24,994 [DEBUG]: Requesting index 294 on port 5
2021-03-30 14:23:24,998 [DEBUG]: Added element [294]
2021-03-30 14:23:24,998 [DEBUG]: [5]: More variables, requesting index 295
2021-03-30 14:23:24,998 [DEBUG]: Requesting index 295 on port 5
2021-03-30 14:23:25,002 [DEBUG]: Added element [295]
2021-03-30 14:23:25,002 [DEBUG]: [5]: More variables, requesting index 296
2021-03-30 14:23:25,002 [DEBUG]: Requesting index 296 on port 5
2021-03-30 14:23:25,006 [DEBUG]: Added element [296]
2021-03-30 14:23:25,006 [DEBUG]: [5]: More variables, requesting index 297
2021-03-30 14:23:25,006 [DEBUG]: Requesting index 297 on port 5
2021-03-30 14:23:25,010 [DEBUG]: Added element [297]
2021-03-30 14:23:25,010 [DEBUG]: [5]: More variables, requesting index 298
2021-03-30 14:23:25,010 [DEBUG]: Requesting index 298 on port 5
2021-03-30 14:23:25,015 [DEBUG]: Added element [298]
2021-03-30 14:23:25,015 [DEBUG]: [5]: More variables, requesting index 299
2021-03-30 14:23:25,015 [DEBUG]: Requesting index 299 on port 5
2021-03-30 14:23:25,019 [DEBUG]: Added element [299]
2021-03-30 14:23:25,020 [DEBUG]: [5]: More variables, requesting index 300
2021-03-30 14:23:25,020 [DEBUG]: Requesting index 300 on port 5
2021-03-30 14:23:25,024 [DEBUG]: Added element [300]
2021-03-30 14:23:25,024 [DEBUG]: [5]: More variables, requesting index 301
2021-03-30 14:23:25,024 [DEBUG]: Requesting index 301 on port 5
2021-03-30 14:23:25,036 [DEBUG]: Added element [301]
2021-03-30 14:23:25,037 [DEBUG]: [5]: More variables, requesting index 302
2021-03-30 14:23:25,037 [DEBUG]: Requesting index 302 on port 5
2021-03-30 14:23:25,041 [DEBUG]: Added element [302]
2021-03-30 14:23:25,041 [DEBUG]: [5]: More variables, requesting index 303
2021-03-30 14:23:25,041 [DEBUG]: Requesting index 303 on port 5
2021-03-30 14:23:25,045 [DEBUG]: Added element [303]
2021-03-30 14:23:25,045 [DEBUG]: [5]: More variables, requesting index 304
2021-03-30 14:23:25,045 [DEBUG]: Requesting index 304 on port 5
2021-03-30 14:23:25,049 [DEBUG]: Added element [304]
2021-03-30 14:23:25,049 [DEBUG]: [5]: More variables, requesting index 305
2021-03-30 14:23:25,049 [DEBUG]: Requesting index 305 on port 5
2021-03-30 14:23:25,053 [DEBUG]: Added element [305]
2021-03-30 14:23:25,053 [DEBUG]: [5]: More variables, requesting index 306
2021-03-30 14:23:25,053 [DEBUG]: Requesting index 306 on port 5
2021-03-30 14:23:25,057 [DEBUG]: Added element [306]
2021-03-30 14:23:25,058 [DEBUG]: [5]: More variables, requesting index 307
2021-03-30 14:23:25,058 [DEBUG]: Requesting index 307 on port 5
2021-03-30 14:23:25,062 [DEBUG]: Added element [307]
2021-03-30 14:23:25,062 [DEBUG]: [5]: More variables, requesting index 308
2021-03-30 14:23:25,062 [DEBUG]: Requesting index 308 on port 5
2021-03-30 14:23:25,066 [DEBUG]: Added element [308]
2021-03-30 14:23:25,066 [DEBUG]: [5]: More variables, requesting index 309
2021-03-30 14:23:25,066 [DEBUG]: Requesting index 309 on port 5
2021-03-30 14:23:25,070 [DEBUG]: Added element [309]
2021-03-30 14:23:25,070 [DEBUG]: [5]: More variables, requesting index 310
2021-03-30 14:23:25,070 [DEBUG]: Requesting index 310 on port 5
2021-03-30 14:23:25,074 [DEBUG]: Added element [310]
2021-03-30 14:23:25,074 [DEBUG]: [5]: More variables, requesting index 311
2021-03-30 14:23:25,075 [DEBUG]: Requesting index 311 on port 5
2021-03-30 14:23:25,079 [DEBUG]: Added element [311]
2021-03-30 14:23:25,079 [DEBUG]: [5]: More variables, requesting index 312
2021-03-30 14:23:25,079 [DEBUG]: Requesting index 312 on port 5
2021-03-30 14:23:25,083 [DEBUG]: Added element [312]
2021-03-30 14:23:25,083 [DEBUG]: [5]: More variables, requesting index 313
2021-03-30 14:23:25,083 [DEBUG]: Requesting index 313 on port 5
2021-03-30 14:23:25,087 [DEBUG]: Added element [313]
2021-03-30 14:23:25,088 [DEBUG]: [5]: More variables, requesting index 314
2021-03-30 14:23:25,088 [DEBUG]: Requesting index 314 on port 5
2021-03-30 14:23:25,092 [DEBUG]: Added element [314]
2021-03-30 14:23:25,092 [DEBUG]: [5]: More variables, requesting index 315
2021-03-30 14:23:25,092 [DEBUG]: Requesting index 315 on port 5
2021-03-30 14:23:25,096 [DEBUG]: Added element [315]
2021-03-30 14:23:25,096 [DEBUG]: [5]: More variables, requesting index 316
2021-03-30 14:23:25,096 [DEBUG]: Requesting index 316 on port 5
2021-03-30 14:23:25,100 [DEBUG]: Added element [316]
2021-03-30 14:23:25,100 [WARNING]: Could not save cache, no writable directory
2021-03-30 14:23:25,100 [DEBUG]: Removing callback on port [5] to [<bound method TocFetcher._new_packet_cb of <cflib.crazyflie.toc.TocFetcher object at 0x0000027D96B8F9C8>>]
2021-03-30 14:23:25,101 [DEBUG]: [5]: Done!
2021-03-30 14:23:25,101 [INFO]: Log TOC finished updating
2021-03-30 14:23:25,101 [DEBUG]: Requesting number of memories
2021-03-30 14:23:25,104 [INFO]: 8 memories found
2021-03-30 14:23:25,104 [DEBUG]: Requesting first id
2021-03-30 14:23:25,109 [DEBUG]: Requesting information about memory 1
2021-03-30 14:23:25,113 [DEBUG]: Memory: id=1, type=LED driver, size=24
2021-03-30 14:23:25,113 [DEBUG]: Requesting information about memory 2
2021-03-30 14:23:25,117 [DEBUG]: Memory: id=2, type=Loco Positioning, size=6144
2021-03-30 14:23:25,117 [DEBUG]: Requesting information about memory 3
2021-03-30 14:23:25,121 [DEBUG]: Memory: id=3, type=Trajectory, size=4096
2021-03-30 14:23:25,121 [DEBUG]: Requesting information about memory 4
2021-03-30 14:23:25,125 [DEBUG]: Memory: id=4, type=Loco Positioning 2, size=69632
2021-03-30 14:23:25,125 [DEBUG]: Requesting information about memory 5
2021-03-30 14:23:25,129 [DEBUG]: Memory: id=5, type=Lighthouse positioning, size=96
2021-03-30 14:23:25,130 [DEBUG]: Requesting information about memory 6
2021-03-30 14:23:25,134 [DEBUG]: Memory: id=6, type=Memory tester, size=4096
2021-03-30 14:23:25,134 [DEBUG]: Requesting information about memory 7
2021-03-30 14:23:25,138 [DEBUG]: Memory: id=7, type=Unknown, size=0
2021-03-30 14:23:25,138 [DEBUG]: Done getting all the memories, start reading the OWs
2021-03-30 14:23:25,138 [INFO]: Memories finished updating
2021-03-30 14:23:25,138 [DEBUG]: [2]: Using V2 protocol: 1
2021-03-30 14:23:25,138 [DEBUG]: [2]: Start fetching...
2021-03-30 14:23:25,138 [DEBUG]: Adding callback on port [2] to [<bound method TocFetcher._new_packet_cb of <cflib.crazyflie.toc.TocFetcher object at 0x0000027D96BB30C8>>]
2021-03-30 14:23:25,141 [DEBUG]: [2]: Got TOC CRC, 164 items and crc=0x1042AFA8
2021-03-30 14:23:25,141 [DEBUG]: Requesting index 0 on port 2
2021-03-30 14:23:25,145 [DEBUG]: Added element [0]
2021-03-30 14:23:25,145 [DEBUG]: [2]: More variables, requesting index 1
2021-03-30 14:23:25,145 [DEBUG]: Requesting index 1 on port 2
2021-03-30 14:23:25,150 [DEBUG]: Added element [1]
2021-03-30 14:23:25,150 [DEBUG]: [2]: More variables, requesting index 2
2021-03-30 14:23:25,150 [DEBUG]: Requesting index 2 on port 2
2021-03-30 14:23:25,164 [DEBUG]: Added element [2]
2021-03-30 14:23:25,164 [DEBUG]: [2]: More variables, requesting index 3
2021-03-30 14:23:25,164 [DEBUG]: Requesting index 3 on port 2
2021-03-30 14:23:25,168 [DEBUG]: Added element [3]
2021-03-30 14:23:25,168 [DEBUG]: [2]: More variables, requesting index 4
2021-03-30 14:23:25,168 [DEBUG]: Requesting index 4 on port 2
2021-03-30 14:23:25,172 [DEBUG]: Added element [4]
2021-03-30 14:23:25,172 [DEBUG]: [2]: More variables, requesting index 5
2021-03-30 14:23:25,173 [DEBUG]: Requesting index 5 on port 2
2021-03-30 14:23:25,177 [DEBUG]: Added element [5]
2021-03-30 14:23:25,177 [DEBUG]: [2]: More variables, requesting index 6
2021-03-30 14:23:25,177 [DEBUG]: Requesting index 6 on port 2
2021-03-30 14:23:25,181 [DEBUG]: Added element [6]
2021-03-30 14:23:25,181 [DEBUG]: [2]: More variables, requesting index 7
2021-03-30 14:23:25,181 [DEBUG]: Requesting index 7 on port 2
2021-03-30 14:23:25,185 [DEBUG]: Added element [7]
2021-03-30 14:23:25,185 [DEBUG]: [2]: More variables, requesting index 8
2021-03-30 14:23:25,185 [DEBUG]: Requesting index 8 on port 2
2021-03-30 14:23:25,189 [DEBUG]: Added element [8]
2021-03-30 14:23:25,189 [DEBUG]: [2]: More variables, requesting index 9
2021-03-30 14:23:25,189 [DEBUG]: Requesting index 9 on port 2
2021-03-30 14:23:25,193 [DEBUG]: Added element [9]
2021-03-30 14:23:25,193 [DEBUG]: [2]: More variables, requesting index 10
2021-03-30 14:23:25,193 [DEBUG]: Requesting index 10 on port 2
2021-03-30 14:23:25,197 [DEBUG]: Added element [10]
2021-03-30 14:23:25,197 [DEBUG]: [2]: More variables, requesting index 11
2021-03-30 14:23:25,197 [DEBUG]: Requesting index 11 on port 2
2021-03-30 14:23:25,201 [DEBUG]: Added element [11]
2021-03-30 14:23:25,201 [DEBUG]: [2]: More variables, requesting index 12
2021-03-30 14:23:25,201 [DEBUG]: Requesting index 12 on port 2
2021-03-30 14:23:25,205 [DEBUG]: Added element [12]
2021-03-30 14:23:25,205 [DEBUG]: [2]: More variables, requesting index 13
2021-03-30 14:23:25,205 [DEBUG]: Requesting index 13 on port 2
2021-03-30 14:23:25,209 [DEBUG]: Added element [13]
2021-03-30 14:23:25,209 [DEBUG]: [2]: More variables, requesting index 14
2021-03-30 14:23:25,209 [DEBUG]: Requesting index 14 on port 2
2021-03-30 14:23:25,213 [DEBUG]: Added element [14]
2021-03-30 14:23:25,213 [DEBUG]: [2]: More variables, requesting index 15
2021-03-30 14:23:25,213 [DEBUG]: Requesting index 15 on port 2
2021-03-30 14:23:25,217 [DEBUG]: Added element [15]
2021-03-30 14:23:25,217 [DEBUG]: [2]: More variables, requesting index 16
2021-03-30 14:23:25,218 [DEBUG]: Requesting index 16 on port 2
2021-03-30 14:23:25,222 [DEBUG]: Added element [16]
2021-03-30 14:23:25,222 [DEBUG]: [2]: More variables, requesting index 17
2021-03-30 14:23:25,222 [DEBUG]: Requesting index 17 on port 2
2021-03-30 14:23:25,226 [DEBUG]: Added element [17]
2021-03-30 14:23:25,226 [DEBUG]: [2]: More variables, requesting index 18
2021-03-30 14:23:25,226 [DEBUG]: Requesting index 18 on port 2
2021-03-30 14:23:25,230 [DEBUG]: Added element [18]
2021-03-30 14:23:25,231 [DEBUG]: [2]: More variables, requesting index 19
2021-03-30 14:23:25,231 [DEBUG]: Requesting index 19 on port 2
2021-03-30 14:23:25,235 [DEBUG]: Added element [19]
2021-03-30 14:23:25,235 [DEBUG]: [2]: More variables, requesting index 20
2021-03-30 14:23:25,235 [DEBUG]: Requesting index 20 on port 2
2021-03-30 14:23:25,239 [DEBUG]: Added element [20]
2021-03-30 14:23:25,239 [DEBUG]: [2]: More variables, requesting index 21
2021-03-30 14:23:25,239 [DEBUG]: Requesting index 21 on port 2
2021-03-30 14:23:25,244 [DEBUG]: Added element [21]
2021-03-30 14:23:25,244 [DEBUG]: [2]: More variables, requesting index 22
2021-03-30 14:23:25,244 [DEBUG]: Requesting index 22 on port 2
2021-03-30 14:23:25,248 [DEBUG]: Added element [22]
2021-03-30 14:23:25,248 [DEBUG]: [2]: More variables, requesting index 23
2021-03-30 14:23:25,248 [DEBUG]: Requesting index 23 on port 2
2021-03-30 14:23:25,253 [DEBUG]: Added element [23]
2021-03-30 14:23:25,253 [DEBUG]: [2]: More variables, requesting index 24
2021-03-30 14:23:25,253 [DEBUG]: Requesting index 24 on port 2
2021-03-30 14:23:25,257 [DEBUG]: Added element [24]
2021-03-30 14:23:25,257 [DEBUG]: [2]: More variables, requesting index 25
2021-03-30 14:23:25,257 [DEBUG]: Requesting index 25 on port 2
2021-03-30 14:23:25,262 [DEBUG]: Added element [25]
2021-03-30 14:23:25,262 [DEBUG]: [2]: More variables, requesting index 26
2021-03-30 14:23:25,262 [DEBUG]: Requesting index 26 on port 2
2021-03-30 14:23:25,266 [DEBUG]: Added element [26]
2021-03-30 14:23:25,266 [DEBUG]: [2]: More variables, requesting index 27
2021-03-30 14:23:25,266 [DEBUG]: Requesting index 27 on port 2
2021-03-30 14:23:25,270 [DEBUG]: Added element [27]
2021-03-30 14:23:25,271 [DEBUG]: [2]: More variables, requesting index 28
2021-03-30 14:23:25,271 [DEBUG]: Requesting index 28 on port 2
2021-03-30 14:23:25,275 [DEBUG]: Added element [28]
2021-03-30 14:23:25,275 [DEBUG]: [2]: More variables, requesting index 29
2021-03-30 14:23:25,275 [DEBUG]: Requesting index 29 on port 2
2021-03-30 14:23:25,279 [DEBUG]: Added element [29]
2021-03-30 14:23:25,279 [DEBUG]: [2]: More variables, requesting index 30
2021-03-30 14:23:25,279 [DEBUG]: Requesting index 30 on port 2
2021-03-30 14:23:25,283 [DEBUG]: Added element [30]
2021-03-30 14:23:25,284 [DEBUG]: [2]: More variables, requesting index 31
2021-03-30 14:23:25,284 [DEBUG]: Requesting index 31 on port 2
2021-03-30 14:23:25,297 [DEBUG]: Added element [31]
2021-03-30 14:23:25,297 [DEBUG]: [2]: More variables, requesting index 32
2021-03-30 14:23:25,297 [DEBUG]: Requesting index 32 on port 2
2021-03-30 14:23:25,301 [DEBUG]: Added element [32]
2021-03-30 14:23:25,301 [DEBUG]: [2]: More variables, requesting index 33
2021-03-30 14:23:25,302 [DEBUG]: Requesting index 33 on port 2
2021-03-30 14:23:25,306 [DEBUG]: Added element [33]
2021-03-30 14:23:25,306 [DEBUG]: [2]: More variables, requesting index 34
2021-03-30 14:23:25,306 [DEBUG]: Requesting index 34 on port 2
2021-03-30 14:23:25,311 [DEBUG]: Added element [34]
2021-03-30 14:23:25,311 [DEBUG]: [2]: More variables, requesting index 35
2021-03-30 14:23:25,311 [DEBUG]: Requesting index 35 on port 2
2021-03-30 14:23:25,317 [DEBUG]: Added element [35]
2021-03-30 14:23:25,317 [DEBUG]: [2]: More variables, requesting index 36
2021-03-30 14:23:25,317 [DEBUG]: Requesting index 36 on port 2
2021-03-30 14:23:25,322 [DEBUG]: Added element [36]
2021-03-30 14:23:25,322 [DEBUG]: [2]: More variables, requesting index 37
2021-03-30 14:23:25,322 [DEBUG]: Requesting index 37 on port 2
2021-03-30 14:23:25,326 [DEBUG]: Added element [37]
2021-03-30 14:23:25,326 [DEBUG]: [2]: More variables, requesting index 38
2021-03-30 14:23:25,326 [DEBUG]: Requesting index 38 on port 2
2021-03-30 14:23:25,330 [DEBUG]: Added element [38]
2021-03-30 14:23:25,330 [DEBUG]: [2]: More variables, requesting index 39
2021-03-30 14:23:25,330 [DEBUG]: Requesting index 39 on port 2
2021-03-30 14:23:25,335 [DEBUG]: Added element [39]
2021-03-30 14:23:25,335 [DEBUG]: [2]: More variables, requesting index 40
2021-03-30 14:23:25,335 [DEBUG]: Requesting index 40 on port 2
2021-03-30 14:23:25,339 [DEBUG]: Added element [40]
2021-03-30 14:23:25,339 [DEBUG]: [2]: More variables, requesting index 41
2021-03-30 14:23:25,340 [DEBUG]: Requesting index 41 on port 2
2021-03-30 14:23:25,344 [DEBUG]: Added element [41]
2021-03-30 14:23:25,345 [DEBUG]: [2]: More variables, requesting index 42
2021-03-30 14:23:25,345 [DEBUG]: Requesting index 42 on port 2
2021-03-30 14:23:25,349 [DEBUG]: Added element [42]
2021-03-30 14:23:25,350 [DEBUG]: [2]: More variables, requesting index 43
2021-03-30 14:23:25,350 [DEBUG]: Requesting index 43 on port 2
2021-03-30 14:23:25,354 [DEBUG]: Added element [43]
2021-03-30 14:23:25,354 [DEBUG]: [2]: More variables, requesting index 44
2021-03-30 14:23:25,354 [DEBUG]: Requesting index 44 on port 2
2021-03-30 14:23:25,358 [DEBUG]: Added element [44]
2021-03-30 14:23:25,358 [DEBUG]: [2]: More variables, requesting index 45
2021-03-30 14:23:25,358 [DEBUG]: Requesting index 45 on port 2
2021-03-30 14:23:25,362 [DEBUG]: Added element [45]
2021-03-30 14:23:25,362 [DEBUG]: [2]: More variables, requesting index 46
2021-03-30 14:23:25,362 [DEBUG]: Requesting index 46 on port 2
2021-03-30 14:23:25,367 [DEBUG]: Added element [46]
2021-03-30 14:23:25,367 [DEBUG]: [2]: More variables, requesting index 47
2021-03-30 14:23:25,367 [DEBUG]: Requesting index 47 on port 2
2021-03-30 14:23:25,371 [DEBUG]: Added element [47]
2021-03-30 14:23:25,371 [DEBUG]: [2]: More variables, requesting index 48
2021-03-30 14:23:25,371 [DEBUG]: Requesting index 48 on port 2
2021-03-30 14:23:25,376 [DEBUG]: Added element [48]
2021-03-30 14:23:25,376 [DEBUG]: [2]: More variables, requesting index 49
2021-03-30 14:23:25,376 [DEBUG]: Requesting index 49 on port 2
2021-03-30 14:23:25,380 [DEBUG]: Added element [49]
2021-03-30 14:23:25,380 [DEBUG]: [2]: More variables, requesting index 50
2021-03-30 14:23:25,380 [DEBUG]: Requesting index 50 on port 2
2021-03-30 14:23:25,384 [DEBUG]: Added element [50]
2021-03-30 14:23:25,384 [DEBUG]: [2]: More variables, requesting index 51
2021-03-30 14:23:25,384 [DEBUG]: Requesting index 51 on port 2
2021-03-30 14:23:25,388 [DEBUG]: Added element [51]
2021-03-30 14:23:25,389 [DEBUG]: [2]: More variables, requesting index 52
2021-03-30 14:23:25,389 [DEBUG]: Requesting index 52 on port 2
2021-03-30 14:23:25,393 [DEBUG]: Added element [52]
2021-03-30 14:23:25,393 [DEBUG]: [2]: More variables, requesting index 53
2021-03-30 14:23:25,393 [DEBUG]: Requesting index 53 on port 2
2021-03-30 14:23:25,397 [DEBUG]: Added element [53]
2021-03-30 14:23:25,397 [DEBUG]: [2]: More variables, requesting index 54
2021-03-30 14:23:25,397 [DEBUG]: Requesting index 54 on port 2
2021-03-30 14:23:25,401 [DEBUG]: Added element [54]
2021-03-30 14:23:25,402 [DEBUG]: [2]: More variables, requesting index 55
2021-03-30 14:23:25,402 [DEBUG]: Requesting index 55 on port 2
2021-03-30 14:23:25,406 [DEBUG]: Added element [55]
2021-03-30 14:23:25,406 [DEBUG]: [2]: More variables, requesting index 56
2021-03-30 14:23:25,406 [DEBUG]: Requesting index 56 on port 2
2021-03-30 14:23:25,410 [DEBUG]: Added element [56]
2021-03-30 14:23:25,410 [DEBUG]: [2]: More variables, requesting index 57
2021-03-30 14:23:25,410 [DEBUG]: Requesting index 57 on port 2
2021-03-30 14:23:25,424 [DEBUG]: Added element [57]
2021-03-30 14:23:25,424 [DEBUG]: [2]: More variables, requesting index 58
2021-03-30 14:23:25,424 [DEBUG]: Requesting index 58 on port 2
2021-03-30 14:23:25,429 [DEBUG]: Added element [58]
2021-03-30 14:23:25,429 [DEBUG]: [2]: More variables, requesting index 59
2021-03-30 14:23:25,429 [DEBUG]: Requesting index 59 on port 2
2021-03-30 14:23:25,433 [DEBUG]: Added element [59]
2021-03-30 14:23:25,433 [DEBUG]: [2]: More variables, requesting index 60
2021-03-30 14:23:25,433 [DEBUG]: Requesting index 60 on port 2
2021-03-30 14:23:25,437 [DEBUG]: Added element [60]
2021-03-30 14:23:25,438 [DEBUG]: [2]: More variables, requesting index 61
2021-03-30 14:23:25,438 [DEBUG]: Requesting index 61 on port 2
2021-03-30 14:23:25,442 [DEBUG]: Added element [61]
2021-03-30 14:23:25,442 [DEBUG]: [2]: More variables, requesting index 62
2021-03-30 14:23:25,442 [DEBUG]: Requesting index 62 on port 2
2021-03-30 14:23:25,447 [DEBUG]: Added element [62]
2021-03-30 14:23:25,447 [DEBUG]: [2]: More variables, requesting index 63
2021-03-30 14:23:25,447 [DEBUG]: Requesting index 63 on port 2
2021-03-30 14:23:25,451 [DEBUG]: Added element [63]
2021-03-30 14:23:25,452 [DEBUG]: [2]: More variables, requesting index 64
2021-03-30 14:23:25,452 [DEBUG]: Requesting index 64 on port 2
2021-03-30 14:23:25,456 [DEBUG]: Added element [64]
2021-03-30 14:23:25,456 [DEBUG]: [2]: More variables, requesting index 65
2021-03-30 14:23:25,456 [DEBUG]: Requesting index 65 on port 2
2021-03-30 14:23:25,460 [DEBUG]: Added element [65]
2021-03-30 14:23:25,460 [DEBUG]: [2]: More variables, requesting index 66
2021-03-30 14:23:25,460 [DEBUG]: Requesting index 66 on port 2
2021-03-30 14:23:25,464 [DEBUG]: Added element [66]
2021-03-30 14:23:25,464 [DEBUG]: [2]: More variables, requesting index 67
2021-03-30 14:23:25,465 [DEBUG]: Requesting index 67 on port 2
2021-03-30 14:23:25,469 [DEBUG]: Added element [67]
2021-03-30 14:23:25,469 [DEBUG]: [2]: More variables, requesting index 68
2021-03-30 14:23:25,469 [DEBUG]: Requesting index 68 on port 2
2021-03-30 14:23:25,473 [DEBUG]: Added element [68]
2021-03-30 14:23:25,473 [DEBUG]: [2]: More variables, requesting index 69
2021-03-30 14:23:25,473 [DEBUG]: Requesting index 69 on port 2
2021-03-30 14:23:25,477 [DEBUG]: Added element [69]
2021-03-30 14:23:25,477 [DEBUG]: [2]: More variables, requesting index 70
2021-03-30 14:23:25,477 [DEBUG]: Requesting index 70 on port 2
2021-03-30 14:23:25,481 [DEBUG]: Added element [70]
2021-03-30 14:23:25,482 [DEBUG]: [2]: More variables, requesting index 71
2021-03-30 14:23:25,482 [DEBUG]: Requesting index 71 on port 2
2021-03-30 14:23:25,486 [DEBUG]: Added element [71]
2021-03-30 14:23:25,486 [DEBUG]: [2]: More variables, requesting index 72
2021-03-30 14:23:25,486 [DEBUG]: Requesting index 72 on port 2
2021-03-30 14:23:25,490 [DEBUG]: Added element [72]
2021-03-30 14:23:25,490 [DEBUG]: [2]: More variables, requesting index 73
2021-03-30 14:23:25,490 [DEBUG]: Requesting index 73 on port 2
2021-03-30 14:23:25,495 [DEBUG]: Added element [73]
2021-03-30 14:23:25,495 [DEBUG]: [2]: More variables, requesting index 74
2021-03-30 14:23:25,495 [DEBUG]: Requesting index 74 on port 2
2021-03-30 14:23:25,499 [DEBUG]: Added element [74]
2021-03-30 14:23:25,499 [DEBUG]: [2]: More variables, requesting index 75
2021-03-30 14:23:25,499 [DEBUG]: Requesting index 75 on port 2
2021-03-30 14:23:25,504 [DEBUG]: Added element [75]
2021-03-30 14:23:25,504 [DEBUG]: [2]: More variables, requesting index 76
2021-03-30 14:23:25,504 [DEBUG]: Requesting index 76 on port 2
2021-03-30 14:23:25,508 [DEBUG]: Added element [76]
2021-03-30 14:23:25,508 [DEBUG]: [2]: More variables, requesting index 77
2021-03-30 14:23:25,508 [DEBUG]: Requesting index 77 on port 2
2021-03-30 14:23:25,512 [DEBUG]: Added element [77]
2021-03-30 14:23:25,512 [DEBUG]: [2]: More variables, requesting index 78
2021-03-30 14:23:25,512 [DEBUG]: Requesting index 78 on port 2
2021-03-30 14:23:25,517 [DEBUG]: Added element [78]
2021-03-30 14:23:25,517 [DEBUG]: [2]: More variables, requesting index 79
2021-03-30 14:23:25,517 [DEBUG]: Requesting index 79 on port 2
2021-03-30 14:23:25,521 [DEBUG]: Added element [79]
2021-03-30 14:23:25,521 [DEBUG]: [2]: More variables, requesting index 80
2021-03-30 14:23:25,521 [DEBUG]: Requesting index 80 on port 2
2021-03-30 14:23:25,525 [DEBUG]: Added element [80]
2021-03-30 14:23:25,525 [DEBUG]: [2]: More variables, requesting index 81
2021-03-30 14:23:25,525 [DEBUG]: Requesting index 81 on port 2
2021-03-30 14:23:25,530 [DEBUG]: Added element [81]
2021-03-30 14:23:25,530 [DEBUG]: [2]: More variables, requesting index 82
2021-03-30 14:23:25,530 [DEBUG]: Requesting index 82 on port 2
2021-03-30 14:23:25,534 [DEBUG]: Added element [82]
2021-03-30 14:23:25,534 [DEBUG]: [2]: More variables, requesting index 83
2021-03-30 14:23:25,534 [DEBUG]: Requesting index 83 on port 2
2021-03-30 14:23:25,539 [DEBUG]: Added element [83]
2021-03-30 14:23:25,539 [DEBUG]: [2]: More variables, requesting index 84
2021-03-30 14:23:25,539 [DEBUG]: Requesting index 84 on port 2
2021-03-30 14:23:25,552 [DEBUG]: Added element [84]
2021-03-30 14:23:25,552 [DEBUG]: [2]: More variables, requesting index 85
2021-03-30 14:23:25,552 [DEBUG]: Requesting index 85 on port 2
2021-03-30 14:23:25,557 [DEBUG]: Added element [85]
2021-03-30 14:23:25,557 [DEBUG]: [2]: More variables, requesting index 86
2021-03-30 14:23:25,557 [DEBUG]: Requesting index 86 on port 2
2021-03-30 14:23:25,561 [DEBUG]: Added element [86]
2021-03-30 14:23:25,561 [DEBUG]: [2]: More variables, requesting index 87
2021-03-30 14:23:25,561 [DEBUG]: Requesting index 87 on port 2
2021-03-30 14:23:25,565 [DEBUG]: Added element [87]
2021-03-30 14:23:25,565 [DEBUG]: [2]: More variables, requesting index 88
2021-03-30 14:23:25,565 [DEBUG]: Requesting index 88 on port 2
2021-03-30 14:23:25,569 [DEBUG]: Added element [88]
2021-03-30 14:23:25,569 [DEBUG]: [2]: More variables, requesting index 89
2021-03-30 14:23:25,569 [DEBUG]: Requesting index 89 on port 2
2021-03-30 14:23:25,574 [DEBUG]: Added element [89]
2021-03-30 14:23:25,574 [DEBUG]: [2]: More variables, requesting index 90
2021-03-30 14:23:25,574 [DEBUG]: Requesting index 90 on port 2
2021-03-30 14:23:25,578 [DEBUG]: Added element [90]
2021-03-30 14:23:25,578 [DEBUG]: [2]: More variables, requesting index 91
2021-03-30 14:23:25,578 [DEBUG]: Requesting index 91 on port 2
2021-03-30 14:23:25,582 [DEBUG]: Added element [91]
2021-03-30 14:23:25,582 [DEBUG]: [2]: More variables, requesting index 92
2021-03-30 14:23:25,582 [DEBUG]: Requesting index 92 on port 2
2021-03-30 14:23:25,587 [DEBUG]: Added element [92]
2021-03-30 14:23:25,587 [DEBUG]: [2]: More variables, requesting index 93
2021-03-30 14:23:25,587 [DEBUG]: Requesting index 93 on port 2
2021-03-30 14:23:25,592 [DEBUG]: Added element [93]
2021-03-30 14:23:25,592 [DEBUG]: [2]: More variables, requesting index 94
2021-03-30 14:23:25,592 [DEBUG]: Requesting index 94 on port 2
2021-03-30 14:23:25,596 [DEBUG]: Added element [94]
2021-03-30 14:23:25,596 [DEBUG]: [2]: More variables, requesting index 95
2021-03-30 14:23:25,596 [DEBUG]: Requesting index 95 on port 2
2021-03-30 14:23:25,601 [DEBUG]: Added element [95]
2021-03-30 14:23:25,601 [DEBUG]: [2]: More variables, requesting index 96
2021-03-30 14:23:25,601 [DEBUG]: Requesting index 96 on port 2
2021-03-30 14:23:25,605 [DEBUG]: Added element [96]
2021-03-30 14:23:25,605 [DEBUG]: [2]: More variables, requesting index 97
2021-03-30 14:23:25,606 [DEBUG]: Requesting index 97 on port 2
2021-03-30 14:23:25,610 [DEBUG]: Added element [97]
2021-03-30 14:23:25,610 [DEBUG]: [2]: More variables, requesting index 98
2021-03-30 14:23:25,610 [DEBUG]: Requesting index 98 on port 2
2021-03-30 14:23:25,615 [DEBUG]: Added element [98]
2021-03-30 14:23:25,615 [DEBUG]: [2]: More variables, requesting index 99
2021-03-30 14:23:25,615 [DEBUG]: Requesting index 99 on port 2
2021-03-30 14:23:25,620 [DEBUG]: Added element [99]
2021-03-30 14:23:25,620 [DEBUG]: [2]: More variables, requesting index 100
2021-03-30 14:23:25,620 [DEBUG]: Requesting index 100 on port 2
2021-03-30 14:23:25,624 [DEBUG]: Added element [100]
2021-03-30 14:23:25,624 [DEBUG]: [2]: More variables, requesting index 101
2021-03-30 14:23:25,624 [DEBUG]: Requesting index 101 on port 2
2021-03-30 14:23:25,628 [DEBUG]: Added element [101]
2021-03-30 14:23:25,628 [DEBUG]: [2]: More variables, requesting index 102
2021-03-30 14:23:25,628 [DEBUG]: Requesting index 102 on port 2
2021-03-30 14:23:25,632 [DEBUG]: Added element [102]
2021-03-30 14:23:25,632 [DEBUG]: [2]: More variables, requesting index 103
2021-03-30 14:23:25,632 [DEBUG]: Requesting index 103 on port 2
2021-03-30 14:23:25,637 [DEBUG]: Added element [103]
2021-03-30 14:23:25,637 [DEBUG]: [2]: More variables, requesting index 104
2021-03-30 14:23:25,637 [DEBUG]: Requesting index 104 on port 2
2021-03-30 14:23:25,642 [DEBUG]: Added element [104]
2021-03-30 14:23:25,642 [DEBUG]: [2]: More variables, requesting index 105
2021-03-30 14:23:25,642 [DEBUG]: Requesting index 105 on port 2
2021-03-30 14:23:25,646 [DEBUG]: Added element [105]
2021-03-30 14:23:25,646 [DEBUG]: [2]: More variables, requesting index 106
2021-03-30 14:23:25,646 [DEBUG]: Requesting index 106 on port 2
2021-03-30 14:23:25,650 [DEBUG]: Added element [106]
2021-03-30 14:23:25,651 [DEBUG]: [2]: More variables, requesting index 107
2021-03-30 14:23:25,651 [DEBUG]: Requesting index 107 on port 2
2021-03-30 14:23:25,655 [DEBUG]: Added element [107]
2021-03-30 14:23:25,655 [DEBUG]: [2]: More variables, requesting index 108
2021-03-30 14:23:25,655 [DEBUG]: Requesting index 108 on port 2
2021-03-30 14:23:25,659 [DEBUG]: Added element [108]
2021-03-30 14:23:25,659 [DEBUG]: [2]: More variables, requesting index 109
2021-03-30 14:23:25,660 [DEBUG]: Requesting index 109 on port 2
2021-03-30 14:23:25,664 [DEBUG]: Added element [109]
2021-03-30 14:23:25,664 [DEBUG]: [2]: More variables, requesting index 110
2021-03-30 14:23:25,664 [DEBUG]: Requesting index 110 on port 2
2021-03-30 14:23:25,668 [DEBUG]: Added element [110]
2021-03-30 14:23:25,668 [DEBUG]: [2]: More variables, requesting index 111
2021-03-30 14:23:25,668 [DEBUG]: Requesting index 111 on port 2
2021-03-30 14:23:25,673 [DEBUG]: Added element [111]
2021-03-30 14:23:25,673 [DEBUG]: [2]: More variables, requesting index 112
2021-03-30 14:23:25,673 [DEBUG]: Requesting index 112 on port 2
2021-03-30 14:23:25,688 [DEBUG]: Added element [112]
2021-03-30 14:23:25,688 [DEBUG]: [2]: More variables, requesting index 113
2021-03-30 14:23:25,688 [DEBUG]: Requesting index 113 on port 2
2021-03-30 14:23:25,694 [DEBUG]: Added element [113]
2021-03-30 14:23:25,695 [DEBUG]: [2]: More variables, requesting index 114
2021-03-30 14:23:25,695 [DEBUG]: Requesting index 114 on port 2
2021-03-30 14:23:25,700 [DEBUG]: Added element [114]
2021-03-30 14:23:25,701 [DEBUG]: [2]: More variables, requesting index 115
2021-03-30 14:23:25,701 [DEBUG]: Requesting index 115 on port 2
2021-03-30 14:23:25,706 [DEBUG]: Added element [115]
2021-03-30 14:23:25,706 [DEBUG]: [2]: More variables, requesting index 116
2021-03-30 14:23:25,706 [DEBUG]: Requesting index 116 on port 2
2021-03-30 14:23:25,712 [DEBUG]: Added element [116]
2021-03-30 14:23:25,713 [DEBUG]: [2]: More variables, requesting index 117
2021-03-30 14:23:25,713 [DEBUG]: Requesting index 117 on port 2
2021-03-30 14:23:25,717 [DEBUG]: Added element [117]
2021-03-30 14:23:25,718 [DEBUG]: [2]: More variables, requesting index 118
2021-03-30 14:23:25,718 [DEBUG]: Requesting index 118 on port 2
2021-03-30 14:23:25,723 [DEBUG]: Added element [118]
2021-03-30 14:23:25,724 [DEBUG]: [2]: More variables, requesting index 119
2021-03-30 14:23:25,724 [DEBUG]: Requesting index 119 on port 2
2021-03-30 14:23:25,728 [DEBUG]: Added element [119]
2021-03-30 14:23:25,729 [DEBUG]: [2]: More variables, requesting index 120
2021-03-30 14:23:25,729 [DEBUG]: Requesting index 120 on port 2
2021-03-30 14:23:25,733 [DEBUG]: Added element [120]
2021-03-30 14:23:25,733 [DEBUG]: [2]: More variables, requesting index 121
2021-03-30 14:23:25,733 [DEBUG]: Requesting index 121 on port 2
2021-03-30 14:23:25,738 [DEBUG]: Added element [121]
2021-03-30 14:23:25,738 [DEBUG]: [2]: More variables, requesting index 122
2021-03-30 14:23:25,738 [DEBUG]: Requesting index 122 on port 2
2021-03-30 14:23:25,742 [DEBUG]: Added element [122]
2021-03-30 14:23:25,742 [DEBUG]: [2]: More variables, requesting index 123
2021-03-30 14:23:25,742 [DEBUG]: Requesting index 123 on port 2
2021-03-30 14:23:25,746 [DEBUG]: Added element [123]
2021-03-30 14:23:25,746 [DEBUG]: [2]: More variables, requesting index 124
2021-03-30 14:23:25,746 [DEBUG]: Requesting index 124 on port 2
2021-03-30 14:23:25,750 [DEBUG]: Added element [124]
2021-03-30 14:23:25,750 [DEBUG]: [2]: More variables, requesting index 125
2021-03-30 14:23:25,751 [DEBUG]: Requesting index 125 on port 2
2021-03-30 14:23:25,755 [DEBUG]: Added element [125]
2021-03-30 14:23:25,755 [DEBUG]: [2]: More variables, requesting index 126
2021-03-30 14:23:25,755 [DEBUG]: Requesting index 126 on port 2
2021-03-30 14:23:25,759 [DEBUG]: Added element [126]
2021-03-30 14:23:25,759 [DEBUG]: [2]: More variables, requesting index 127
2021-03-30 14:23:25,759 [DEBUG]: Requesting index 127 on port 2
2021-03-30 14:23:25,763 [DEBUG]: Added element [127]
2021-03-30 14:23:25,763 [DEBUG]: [2]: More variables, requesting index 128
2021-03-30 14:23:25,763 [DEBUG]: Requesting index 128 on port 2
2021-03-30 14:23:25,767 [DEBUG]: Added element [128]
2021-03-30 14:23:25,767 [DEBUG]: [2]: More variables, requesting index 129
2021-03-30 14:23:25,767 [DEBUG]: Requesting index 129 on port 2
2021-03-30 14:23:25,772 [DEBUG]: Added element [129]
2021-03-30 14:23:25,772 [DEBUG]: [2]: More variables, requesting index 130
2021-03-30 14:23:25,772 [DEBUG]: Requesting index 130 on port 2
2021-03-30 14:23:25,776 [DEBUG]: Added element [130]
2021-03-30 14:23:25,776 [DEBUG]: [2]: More variables, requesting index 131
2021-03-30 14:23:25,776 [DEBUG]: Requesting index 131 on port 2
2021-03-30 14:23:25,780 [DEBUG]: Added element [131]
2021-03-30 14:23:25,780 [DEBUG]: [2]: More variables, requesting index 132
2021-03-30 14:23:25,781 [DEBUG]: Requesting index 132 on port 2
2021-03-30 14:23:25,785 [DEBUG]: Added element [132]
2021-03-30 14:23:25,785 [DEBUG]: [2]: More variables, requesting index 133
2021-03-30 14:23:25,785 [DEBUG]: Requesting index 133 on port 2
2021-03-30 14:23:25,789 [DEBUG]: Added element [133]
2021-03-30 14:23:25,789 [DEBUG]: [2]: More variables, requesting index 134
2021-03-30 14:23:25,789 [DEBUG]: Requesting index 134 on port 2
2021-03-30 14:23:25,793 [DEBUG]: Added element [134]
2021-03-30 14:23:25,793 [DEBUG]: [2]: More variables, requesting index 135
2021-03-30 14:23:25,793 [DEBUG]: Requesting index 135 on port 2
2021-03-30 14:23:25,798 [DEBUG]: Added element [135]
2021-03-30 14:23:25,798 [DEBUG]: [2]: More variables, requesting index 136
2021-03-30 14:23:25,798 [DEBUG]: Requesting index 136 on port 2
2021-03-30 14:23:25,802 [DEBUG]: Added element [136]
2021-03-30 14:23:25,802 [DEBUG]: [2]: More variables, requesting index 137
2021-03-30 14:23:25,802 [DEBUG]: Requesting index 137 on port 2
2021-03-30 14:23:25,814 [DEBUG]: Added element [137]
2021-03-30 14:23:25,814 [DEBUG]: [2]: More variables, requesting index 138
2021-03-30 14:23:25,815 [DEBUG]: Requesting index 138 on port 2
2021-03-30 14:23:25,819 [DEBUG]: Added element [138]
2021-03-30 14:23:25,819 [DEBUG]: [2]: More variables, requesting index 139
2021-03-30 14:23:25,819 [DEBUG]: Requesting index 139 on port 2
2021-03-30 14:23:25,823 [DEBUG]: Added element [139]
2021-03-30 14:23:25,823 [DEBUG]: [2]: More variables, requesting index 140
2021-03-30 14:23:25,823 [DEBUG]: Requesting index 140 on port 2
2021-03-30 14:23:25,827 [DEBUG]: Added element [140]
2021-03-30 14:23:25,827 [DEBUG]: [2]: More variables, requesting index 141
2021-03-30 14:23:25,827 [DEBUG]: Requesting index 141 on port 2
2021-03-30 14:23:25,832 [DEBUG]: Added element [141]
2021-03-30 14:23:25,832 [DEBUG]: [2]: More variables, requesting index 142
2021-03-30 14:23:25,832 [DEBUG]: Requesting index 142 on port 2
2021-03-30 14:23:25,836 [DEBUG]: Added element [142]
2021-03-30 14:23:25,836 [DEBUG]: [2]: More variables, requesting index 143
2021-03-30 14:23:25,836 [DEBUG]: Requesting index 143 on port 2
2021-03-30 14:23:25,840 [DEBUG]: Added element [143]
2021-03-30 14:23:25,840 [DEBUG]: [2]: More variables, requesting index 144
2021-03-30 14:23:25,840 [DEBUG]: Requesting index 144 on port 2
2021-03-30 14:23:25,844 [DEBUG]: Added element [144]
2021-03-30 14:23:25,844 [DEBUG]: [2]: More variables, requesting index 145
2021-03-30 14:23:25,845 [DEBUG]: Requesting index 145 on port 2
2021-03-30 14:23:25,849 [DEBUG]: Added element [145]
2021-03-30 14:23:25,849 [DEBUG]: [2]: More variables, requesting index 146
2021-03-30 14:23:25,849 [DEBUG]: Requesting index 146 on port 2
2021-03-30 14:23:25,853 [DEBUG]: Added element [146]
2021-03-30 14:23:25,853 [DEBUG]: [2]: More variables, requesting index 147
2021-03-30 14:23:25,853 [DEBUG]: Requesting index 147 on port 2
2021-03-30 14:23:25,857 [DEBUG]: Added element [147]
2021-03-30 14:23:25,857 [DEBUG]: [2]: More variables, requesting index 148
2021-03-30 14:23:25,857 [DEBUG]: Requesting index 148 on port 2
2021-03-30 14:23:25,861 [DEBUG]: Added element [148]
2021-03-30 14:23:25,861 [DEBUG]: [2]: More variables, requesting index 149
2021-03-30 14:23:25,861 [DEBUG]: Requesting index 149 on port 2
2021-03-30 14:23:25,866 [DEBUG]: Added element [149]
2021-03-30 14:23:25,866 [DEBUG]: [2]: More variables, requesting index 150
2021-03-30 14:23:25,866 [DEBUG]: Requesting index 150 on port 2
2021-03-30 14:23:25,870 [DEBUG]: Added element [150]
2021-03-30 14:23:25,870 [DEBUG]: [2]: More variables, requesting index 151
2021-03-30 14:23:25,870 [DEBUG]: Requesting index 151 on port 2
2021-03-30 14:23:25,874 [DEBUG]: Added element [151]
2021-03-30 14:23:25,874 [DEBUG]: [2]: More variables, requesting index 152
2021-03-30 14:23:25,874 [DEBUG]: Requesting index 152 on port 2
2021-03-30 14:23:25,879 [DEBUG]: Added element [152]
2021-03-30 14:23:25,879 [DEBUG]: [2]: More variables, requesting index 153
2021-03-30 14:23:25,879 [DEBUG]: Requesting index 153 on port 2
2021-03-30 14:23:25,883 [DEBUG]: Added element [153]
2021-03-30 14:23:25,883 [DEBUG]: [2]: More variables, requesting index 154
2021-03-30 14:23:25,883 [DEBUG]: Requesting index 154 on port 2
2021-03-30 14:23:25,887 [DEBUG]: Added element [154]
2021-03-30 14:23:25,887 [DEBUG]: [2]: More variables, requesting index 155
2021-03-30 14:23:25,887 [DEBUG]: Requesting index 155 on port 2
2021-03-30 14:23:25,892 [DEBUG]: Added element [155]
2021-03-30 14:23:25,892 [DEBUG]: [2]: More variables, requesting index 156
2021-03-30 14:23:25,892 [DEBUG]: Requesting index 156 on port 2
2021-03-30 14:23:25,896 [DEBUG]: Added element [156]
2021-03-30 14:23:25,896 [DEBUG]: [2]: More variables, requesting index 157
2021-03-30 14:23:25,896 [DEBUG]: Requesting index 157 on port 2
2021-03-30 14:23:25,900 [DEBUG]: Added element [157]
2021-03-30 14:23:25,900 [DEBUG]: [2]: More variables, requesting index 158
2021-03-30 14:23:25,900 [DEBUG]: Requesting index 158 on port 2
2021-03-30 14:23:25,904 [DEBUG]: Added element [158]
2021-03-30 14:23:25,904 [DEBUG]: [2]: More variables, requesting index 159
2021-03-30 14:23:25,905 [DEBUG]: Requesting index 159 on port 2
2021-03-30 14:23:25,909 [DEBUG]: Added element [159]
2021-03-30 14:23:25,909 [DEBUG]: [2]: More variables, requesting index 160
2021-03-30 14:23:25,909 [DEBUG]: Requesting index 160 on port 2
2021-03-30 14:23:25,914 [DEBUG]: Added element [160]
2021-03-30 14:23:25,914 [DEBUG]: [2]: More variables, requesting index 161
2021-03-30 14:23:25,914 [DEBUG]: Requesting index 161 on port 2
2021-03-30 14:23:25,918 [DEBUG]: Added element [161]
2021-03-30 14:23:25,918 [DEBUG]: [2]: More variables, requesting index 162
2021-03-30 14:23:25,919 [DEBUG]: Requesting index 162 on port 2
2021-03-30 14:23:25,923 [DEBUG]: Added element [162]
2021-03-30 14:23:25,923 [DEBUG]: [2]: More variables, requesting index 163
2021-03-30 14:23:25,923 [DEBUG]: Requesting index 163 on port 2
2021-03-30 14:23:25,927 [DEBUG]: Added element [163]
2021-03-30 14:23:25,927 [WARNING]: Could not save cache, no writable directory
2021-03-30 14:23:25,927 [DEBUG]: Removing callback on port [2] to [<bound method TocFetcher._new_packet_cb of <cflib.crazyflie.toc.TocFetcher object at 0x0000027D96BB30C8>>]
2021-03-30 14:23:25,927 [DEBUG]: [2]: Done!
2021-03-30 14:23:25,927 [INFO]: Param TOC finished updating
2021-03-30 14:23:25,927 [INFO]: Callback->Connection setup finished [radio://0/80/2M]
2021-03-30 14:23:25,927 [DEBUG]: Requesting request to update param [6]
2021-03-30 14:23:25,927 [DEBUG]: Requesting request to update param [1]
2021-03-30 14:23:25,928 [INFO]: Closing link
2021-03-30 14:23:25,928 [DEBUG]: Requesting request to update param [2]
2021-03-30 14:23:25,928 [DEBUG]: Requesting request to update param [3]
2021-03-30 14:23:25,928 [DEBUG]: Requesting request to update param [4]
2021-03-30 14:23:25,928 [DEBUG]: Requesting request to update param [5]
2021-03-30 14:23:25,929 [DEBUG]: Requesting request to update param [7]
2021-03-30 14:23:25,929 [DEBUG]: Requesting request to update param [8]
2021-03-30 14:23:25,929 [DEBUG]: Requesting request to update param [9]
2021-03-30 14:23:25,929 [DEBUG]: Requesting request to update param [10]
2021-03-30 14:23:25,929 [DEBUG]: Requesting request to update param [11]
2021-03-30 14:23:25,929 [DEBUG]: Requesting request to update param [16]
2021-03-30 14:23:25,929 [DEBUG]: Requesting request to update param [12]
2021-03-30 14:23:25,929 [DEBUG]: Requesting request to update param [13]
2021-03-30 14:23:25,929 [INFO]: Callback->Disconnected from [radio://0/80/2M]
2021-03-30 14:23:25,930 [WARNING]: Unable to find variable [sound.freq]
2021-03-30 14:23:25,932 [ERROR]: Exception while doing callback on port [2]

Traceback (most recent call last):
  File "C:\Users\Vicon-PC\Desktop\PROGETTO CRAZYFLIE\virtual env generic\lib\site-packages\cflib\crazyflie\__init__.py", line 403, in run
    cb.callback(pk)
  File "C:\Users\Vicon-PC\Desktop\PROGETTO CRAZYFLIE\virtual env generic\lib\site-packages\cflib\crazyflie\toc.py", line 204, in _new_packet_cb
    self._toc_fetch_finished()
  File "C:\Users\Vicon-PC\Desktop\PROGETTO CRAZYFLIE\virtual env generic\lib\site-packages\cflib\crazyflie\toc.py", line 153, in _toc_fetch_finished
    self.finished_callback()
  File "C:\Users\Vicon-PC\Desktop\PROGETTO CRAZYFLIE\virtual env generic\lib\site-packages\cflib\crazyflie\__init__.py", line 172, in _param_toc_updated_cb
    self.param.request_update_of_all_params()
  File "C:\Users\Vicon-PC\Desktop\PROGETTO CRAZYFLIE\virtual env generic\lib\site-packages\cflib\crazyflie\param.py", line 143, in request_update_of_all_params
    self.request_param_update(complete_name)
  File "C:\Users\Vicon-PC\Desktop\PROGETTO CRAZYFLIE\virtual env generic\lib\site-packages\cflib\crazyflie\param.py", line 248, in request_param_update
    self.toc.get_element_id(complete_name))
  File "C:\Users\Vicon-PC\Desktop\PROGETTO CRAZYFLIE\virtual env generic\lib\site-packages\cflib\crazyflie\param.py", line 339, in request_param_update
    pk.data = struct.pack('<H', var_id)
struct.error: required argument is not an integer

