2021-03-23 13:02:47,981 [INFO]: variables added
2021-03-23 13:02:47,981 [DEBUG]: Adding callback on port [6] to [<bound method Localization._incoming of <cflib.crazyflie.localization.Localization object at 0x000001D8E708A188>>]
2021-03-23 13:02:47,981 [DEBUG]: Adding callback on port [5] to [<bound method Log._new_packet_cb of <cflib.crazyflie.log.Log object at 0x000001D8E708A288>>]
2021-03-23 13:02:47,981 [DEBUG]: Adding callback on port [0] to [<bound method Console.incoming of <cflib.crazyflie.console.Console object at 0x000001D8E708A348>>]
2021-03-23 13:02:47,982 [DEBUG]: Adding callback on port [2] to [<bound method _ParamUpdater._new_packet_cb of <_ParamUpdater(Thread-2, initial daemon)>>]
2021-03-23 13:02:47,982 [DEBUG]: Adding callback on port [4] to [<bound method Memory._new_packet_cb of <cflib.crazyflie.mem.Memory object at 0x000001D8E708A6C8>>]
2021-03-23 13:02:47,982 [DEBUG]: Adding callback on port [13] to [<bound method PlatformService._platform_callback of <cflib.crazyflie.platformservice.PlatformService object at 0x000001D8E708A808>>]
2021-03-23 13:02:47,982 [DEBUG]: Adding callback on port [15] to [<bound method PlatformService._crt_service_callback of <cflib.crazyflie.platformservice.PlatformService object at 0x000001D8E708A808>>]
2021-03-23 13:02:47,982 [INFO]: Callback->Connection initialized[radio://0/80/2M]
2021-03-23 13:02:47,986 [INFO]: We are connected[radio://0/80/2M], request connection setup
2021-03-23 13:02:47,987 [INFO]: Callback->Connected to [radio://0/80/2M]
2021-03-23 13:02:47,989 [WARNING]: Error no LogEntry to handle id=1
2021-03-23 13:02:47,991 [WARNING]: Error no LogEntry to handle id=1
2021-03-23 13:02:47,995 [INFO]: Protocol  version: 4
2021-03-23 13:02:47,998 [DEBUG]: Logging reset, continue with TOC download
2021-03-23 13:02:47,998 [DEBUG]: [5]: Using V2 protocol: 1
2021-03-23 13:02:47,998 [DEBUG]: [5]: Start fetching...
2021-03-23 13:02:47,999 [DEBUG]: Adding callback on port [5] to [<bound method TocFetcher._new_packet_cb of <cflib.crazyflie.toc.TocFetcher object at 0x000001D8E70D52C8>>]
2021-03-23 13:02:48,002 [DEBUG]: [5]: Got TOC CRC, 317 items and crc=0x05C5AF70
2021-03-23 13:02:48,002 [DEBUG]: Requesting index 0 on port 5
2021-03-23 13:02:48,006 [DEBUG]: Added element [0]
2021-03-23 13:02:48,006 [DEBUG]: [5]: More variables, requesting index 1
2021-03-23 13:02:48,006 [DEBUG]: Requesting index 1 on port 5
2021-03-23 13:02:48,010 [DEBUG]: Added element [1]
2021-03-23 13:02:48,010 [DEBUG]: [5]: More variables, requesting index 2
2021-03-23 13:02:48,010 [DEBUG]: Requesting index 2 on port 5
2021-03-23 13:02:48,014 [DEBUG]: Added element [2]
2021-03-23 13:02:48,014 [DEBUG]: [5]: More variables, requesting index 3
2021-03-23 13:02:48,014 [DEBUG]: Requesting index 3 on port 5
2021-03-23 13:02:48,018 [DEBUG]: Added element [3]
2021-03-23 13:02:48,018 [DEBUG]: [5]: More variables, requesting index 4
2021-03-23 13:02:48,019 [DEBUG]: Requesting index 4 on port 5
2021-03-23 13:02:48,023 [DEBUG]: Added element [4]
2021-03-23 13:02:48,023 [DEBUG]: [5]: More variables, requesting index 5
2021-03-23 13:02:48,023 [DEBUG]: Requesting index 5 on port 5
2021-03-23 13:02:48,027 [DEBUG]: Added element [5]
2021-03-23 13:02:48,027 [DEBUG]: [5]: More variables, requesting index 6
2021-03-23 13:02:48,027 [DEBUG]: Requesting index 6 on port 5
2021-03-23 13:02:48,031 [DEBUG]: Added element [6]
2021-03-23 13:02:48,031 [DEBUG]: [5]: More variables, requesting index 7
2021-03-23 13:02:48,031 [DEBUG]: Requesting index 7 on port 5
2021-03-23 13:02:48,035 [DEBUG]: Added element [7]
2021-03-23 13:02:48,035 [DEBUG]: [5]: More variables, requesting index 8
2021-03-23 13:02:48,035 [DEBUG]: Requesting index 8 on port 5
2021-03-23 13:02:48,039 [DEBUG]: Added element [8]
2021-03-23 13:02:48,039 [DEBUG]: [5]: More variables, requesting index 9
2021-03-23 13:02:48,039 [DEBUG]: Requesting index 9 on port 5
2021-03-23 13:02:48,043 [DEBUG]: Added element [9]
2021-03-23 13:02:48,043 [DEBUG]: [5]: More variables, requesting index 10
2021-03-23 13:02:48,044 [DEBUG]: Requesting index 10 on port 5
2021-03-23 13:02:48,047 [DEBUG]: Added element [10]
2021-03-23 13:02:48,048 [DEBUG]: [5]: More variables, requesting index 11
2021-03-23 13:02:48,048 [DEBUG]: Requesting index 11 on port 5
2021-03-23 13:02:48,052 [DEBUG]: Added element [11]
2021-03-23 13:02:48,052 [DEBUG]: [5]: More variables, requesting index 12
2021-03-23 13:02:48,052 [DEBUG]: Requesting index 12 on port 5
2021-03-23 13:02:48,056 [DEBUG]: Added element [12]
2021-03-23 13:02:48,056 [DEBUG]: [5]: More variables, requesting index 13
2021-03-23 13:02:48,056 [DEBUG]: Requesting index 13 on port 5
2021-03-23 13:02:48,060 [DEBUG]: Added element [13]
2021-03-23 13:02:48,060 [DEBUG]: [5]: More variables, requesting index 14
2021-03-23 13:02:48,060 [DEBUG]: Requesting index 14 on port 5
2021-03-23 13:02:48,064 [DEBUG]: Added element [14]
2021-03-23 13:02:48,064 [DEBUG]: [5]: More variables, requesting index 15
2021-03-23 13:02:48,064 [DEBUG]: Requesting index 15 on port 5
2021-03-23 13:02:48,068 [DEBUG]: Added element [15]
2021-03-23 13:02:48,068 [DEBUG]: [5]: More variables, requesting index 16
2021-03-23 13:02:48,068 [DEBUG]: Requesting index 16 on port 5
2021-03-23 13:02:48,072 [DEBUG]: Added element [16]
2021-03-23 13:02:48,072 [DEBUG]: [5]: More variables, requesting index 17
2021-03-23 13:02:48,072 [DEBUG]: Requesting index 17 on port 5
2021-03-23 13:02:48,076 [DEBUG]: Added element [17]
2021-03-23 13:02:48,077 [DEBUG]: [5]: More variables, requesting index 18
2021-03-23 13:02:48,077 [DEBUG]: Requesting index 18 on port 5
2021-03-23 13:02:48,081 [DEBUG]: Added element [18]
2021-03-23 13:02:48,081 [DEBUG]: [5]: More variables, requesting index 19
2021-03-23 13:02:48,081 [DEBUG]: Requesting index 19 on port 5
2021-03-23 13:02:48,085 [DEBUG]: Added element [19]
2021-03-23 13:02:48,085 [DEBUG]: [5]: More variables, requesting index 20
2021-03-23 13:02:48,085 [DEBUG]: Requesting index 20 on port 5
2021-03-23 13:02:48,089 [DEBUG]: Added element [20]
2021-03-23 13:02:48,089 [DEBUG]: [5]: More variables, requesting index 21
2021-03-23 13:02:48,089 [DEBUG]: Requesting index 21 on port 5
2021-03-23 13:02:48,094 [DEBUG]: Added element [21]
2021-03-23 13:02:48,094 [DEBUG]: [5]: More variables, requesting index 22
2021-03-23 13:02:48,094 [DEBUG]: Requesting index 22 on port 5
2021-03-23 13:02:48,098 [DEBUG]: Added element [22]
2021-03-23 13:02:48,098 [DEBUG]: [5]: More variables, requesting index 23
2021-03-23 13:02:48,098 [DEBUG]: Requesting index 23 on port 5
2021-03-23 13:02:48,103 [DEBUG]: Added element [23]
2021-03-23 13:02:48,103 [DEBUG]: [5]: More variables, requesting index 24
2021-03-23 13:02:48,103 [DEBUG]: Requesting index 24 on port 5
2021-03-23 13:02:48,108 [DEBUG]: Added element [24]
2021-03-23 13:02:48,108 [DEBUG]: [5]: More variables, requesting index 25
2021-03-23 13:02:48,108 [DEBUG]: Requesting index 25 on port 5
2021-03-23 13:02:48,121 [DEBUG]: Added element [25]
2021-03-23 13:02:48,121 [DEBUG]: [5]: More variables, requesting index 26
2021-03-23 13:02:48,121 [DEBUG]: Requesting index 26 on port 5
2021-03-23 13:02:48,125 [DEBUG]: Added element [26]
2021-03-23 13:02:48,125 [DEBUG]: [5]: More variables, requesting index 27
2021-03-23 13:02:48,125 [DEBUG]: Requesting index 27 on port 5
2021-03-23 13:02:48,130 [DEBUG]: Added element [27]
2021-03-23 13:02:48,130 [DEBUG]: [5]: More variables, requesting index 28
2021-03-23 13:02:48,130 [DEBUG]: Requesting index 28 on port 5
2021-03-23 13:02:48,133 [DEBUG]: Added element [28]
2021-03-23 13:02:48,133 [DEBUG]: [5]: More variables, requesting index 29
2021-03-23 13:02:48,133 [DEBUG]: Requesting index 29 on port 5
2021-03-23 13:02:48,137 [DEBUG]: Added element [29]
2021-03-23 13:02:48,137 [DEBUG]: [5]: More variables, requesting index 30
2021-03-23 13:02:48,138 [DEBUG]: Requesting index 30 on port 5
2021-03-23 13:02:48,142 [DEBUG]: Added element [30]
2021-03-23 13:02:48,142 [DEBUG]: [5]: More variables, requesting index 31
2021-03-23 13:02:48,142 [DEBUG]: Requesting index 31 on port 5
2021-03-23 13:02:48,146 [DEBUG]: Added element [31]
2021-03-23 13:02:48,146 [DEBUG]: [5]: More variables, requesting index 32
2021-03-23 13:02:48,146 [DEBUG]: Requesting index 32 on port 5
2021-03-23 13:02:48,151 [DEBUG]: Added element [32]
2021-03-23 13:02:48,151 [DEBUG]: [5]: More variables, requesting index 33
2021-03-23 13:02:48,151 [DEBUG]: Requesting index 33 on port 5
2021-03-23 13:02:48,156 [DEBUG]: Added element [33]
2021-03-23 13:02:48,156 [DEBUG]: [5]: More variables, requesting index 34
2021-03-23 13:02:48,156 [DEBUG]: Requesting index 34 on port 5
2021-03-23 13:02:48,161 [DEBUG]: Added element [34]
2021-03-23 13:02:48,161 [DEBUG]: [5]: More variables, requesting index 35
2021-03-23 13:02:48,161 [DEBUG]: Requesting index 35 on port 5
2021-03-23 13:02:48,165 [DEBUG]: Added element [35]
2021-03-23 13:02:48,165 [DEBUG]: [5]: More variables, requesting index 36
2021-03-23 13:02:48,165 [DEBUG]: Requesting index 36 on port 5
2021-03-23 13:02:48,169 [DEBUG]: Added element [36]
2021-03-23 13:02:48,169 [DEBUG]: [5]: More variables, requesting index 37
2021-03-23 13:02:48,169 [DEBUG]: Requesting index 37 on port 5
2021-03-23 13:02:48,173 [DEBUG]: Added element [37]
2021-03-23 13:02:48,173 [DEBUG]: [5]: More variables, requesting index 38
2021-03-23 13:02:48,173 [DEBUG]: Requesting index 38 on port 5
2021-03-23 13:02:48,177 [DEBUG]: Added element [38]
2021-03-23 13:02:48,177 [DEBUG]: [5]: More variables, requesting index 39
2021-03-23 13:02:48,177 [DEBUG]: Requesting index 39 on port 5
2021-03-23 13:02:48,181 [DEBUG]: Added element [39]
2021-03-23 13:02:48,182 [DEBUG]: [5]: More variables, requesting index 40
2021-03-23 13:02:48,182 [DEBUG]: Requesting index 40 on port 5
2021-03-23 13:02:48,186 [DEBUG]: Added element [40]
2021-03-23 13:02:48,186 [DEBUG]: [5]: More variables, requesting index 41
2021-03-23 13:02:48,186 [DEBUG]: Requesting index 41 on port 5
2021-03-23 13:02:48,190 [DEBUG]: Added element [41]
2021-03-23 13:02:48,190 [DEBUG]: [5]: More variables, requesting index 42
2021-03-23 13:02:48,190 [DEBUG]: Requesting index 42 on port 5
2021-03-23 13:02:48,194 [DEBUG]: Added element [42]
2021-03-23 13:02:48,194 [DEBUG]: [5]: More variables, requesting index 43
2021-03-23 13:02:48,194 [DEBUG]: Requesting index 43 on port 5
2021-03-23 13:02:48,198 [DEBUG]: Added element [43]
2021-03-23 13:02:48,198 [DEBUG]: [5]: More variables, requesting index 44
2021-03-23 13:02:48,198 [DEBUG]: Requesting index 44 on port 5
2021-03-23 13:02:48,203 [DEBUG]: Added element [44]
2021-03-23 13:02:48,203 [DEBUG]: [5]: More variables, requesting index 45
2021-03-23 13:02:48,203 [DEBUG]: Requesting index 45 on port 5
2021-03-23 13:02:48,207 [DEBUG]: Added element [45]
2021-03-23 13:02:48,207 [DEBUG]: [5]: More variables, requesting index 46
2021-03-23 13:02:48,207 [DEBUG]: Requesting index 46 on port 5
2021-03-23 13:02:48,212 [DEBUG]: Added element [46]
2021-03-23 13:02:48,212 [DEBUG]: [5]: More variables, requesting index 47
2021-03-23 13:02:48,212 [DEBUG]: Requesting index 47 on port 5
2021-03-23 13:02:48,217 [DEBUG]: Added element [47]
2021-03-23 13:02:48,217 [DEBUG]: [5]: More variables, requesting index 48
2021-03-23 13:02:48,217 [DEBUG]: Requesting index 48 on port 5
2021-03-23 13:02:48,222 [DEBUG]: Added element [48]
2021-03-23 13:02:48,222 [DEBUG]: [5]: More variables, requesting index 49
2021-03-23 13:02:48,222 [DEBUG]: Requesting index 49 on port 5
2021-03-23 13:02:48,227 [DEBUG]: Added element [49]
2021-03-23 13:02:48,227 [DEBUG]: [5]: More variables, requesting index 50
2021-03-23 13:02:48,227 [DEBUG]: Requesting index 50 on port 5
2021-03-23 13:02:48,232 [DEBUG]: Added element [50]
2021-03-23 13:02:48,232 [DEBUG]: [5]: More variables, requesting index 51
2021-03-23 13:02:48,232 [DEBUG]: Requesting index 51 on port 5
2021-03-23 13:02:48,236 [DEBUG]: Added element [51]
2021-03-23 13:02:48,236 [DEBUG]: [5]: More variables, requesting index 52
2021-03-23 13:02:48,236 [DEBUG]: Requesting index 52 on port 5
2021-03-23 13:02:48,249 [DEBUG]: Added element [52]
2021-03-23 13:02:48,250 [DEBUG]: [5]: More variables, requesting index 53
2021-03-23 13:02:48,250 [DEBUG]: Requesting index 53 on port 5
2021-03-23 13:02:48,254 [DEBUG]: Added element [53]
2021-03-23 13:02:48,254 [DEBUG]: [5]: More variables, requesting index 54
2021-03-23 13:02:48,254 [DEBUG]: Requesting index 54 on port 5
2021-03-23 13:02:48,258 [DEBUG]: Added element [54]
2021-03-23 13:02:48,258 [DEBUG]: [5]: More variables, requesting index 55
2021-03-23 13:02:48,258 [DEBUG]: Requesting index 55 on port 5
2021-03-23 13:02:48,262 [DEBUG]: Added element [55]
2021-03-23 13:02:48,262 [DEBUG]: [5]: More variables, requesting index 56
2021-03-23 13:02:48,262 [DEBUG]: Requesting index 56 on port 5
2021-03-23 13:02:48,267 [DEBUG]: Added element [56]
2021-03-23 13:02:48,267 [DEBUG]: [5]: More variables, requesting index 57
2021-03-23 13:02:48,267 [DEBUG]: Requesting index 57 on port 5
2021-03-23 13:02:48,271 [DEBUG]: Added element [57]
2021-03-23 13:02:48,271 [DEBUG]: [5]: More variables, requesting index 58
2021-03-23 13:02:48,271 [DEBUG]: Requesting index 58 on port 5
2021-03-23 13:02:48,277 [DEBUG]: Added element [58]
2021-03-23 13:02:48,277 [DEBUG]: [5]: More variables, requesting index 59
2021-03-23 13:02:48,277 [DEBUG]: Requesting index 59 on port 5
2021-03-23 13:02:48,280 [DEBUG]: Added element [59]
2021-03-23 13:02:48,280 [DEBUG]: [5]: More variables, requesting index 60
2021-03-23 13:02:48,280 [DEBUG]: Requesting index 60 on port 5
2021-03-23 13:02:48,285 [DEBUG]: Added element [60]
2021-03-23 13:02:48,285 [DEBUG]: [5]: More variables, requesting index 61
2021-03-23 13:02:48,285 [DEBUG]: Requesting index 61 on port 5
2021-03-23 13:02:48,289 [DEBUG]: Added element [61]
2021-03-23 13:02:48,289 [DEBUG]: [5]: More variables, requesting index 62
2021-03-23 13:02:48,289 [DEBUG]: Requesting index 62 on port 5
2021-03-23 13:02:48,293 [DEBUG]: Added element [62]
2021-03-23 13:02:48,294 [DEBUG]: [5]: More variables, requesting index 63
2021-03-23 13:02:48,294 [DEBUG]: Requesting index 63 on port 5
2021-03-23 13:02:48,298 [DEBUG]: Added element [63]
2021-03-23 13:02:48,298 [DEBUG]: [5]: More variables, requesting index 64
2021-03-23 13:02:48,298 [DEBUG]: Requesting index 64 on port 5
2021-03-23 13:02:48,302 [DEBUG]: Added element [64]
2021-03-23 13:02:48,302 [DEBUG]: [5]: More variables, requesting index 65
2021-03-23 13:02:48,302 [DEBUG]: Requesting index 65 on port 5
2021-03-23 13:02:48,306 [DEBUG]: Added element [65]
2021-03-23 13:02:48,306 [DEBUG]: [5]: More variables, requesting index 66
2021-03-23 13:02:48,307 [DEBUG]: Requesting index 66 on port 5
2021-03-23 13:02:48,311 [DEBUG]: Added element [66]
2021-03-23 13:02:48,311 [DEBUG]: [5]: More variables, requesting index 67
2021-03-23 13:02:48,311 [DEBUG]: Requesting index 67 on port 5
2021-03-23 13:02:48,315 [DEBUG]: Added element [67]
2021-03-23 13:02:48,315 [DEBUG]: [5]: More variables, requesting index 68
2021-03-23 13:02:48,316 [DEBUG]: Requesting index 68 on port 5
2021-03-23 13:02:48,321 [DEBUG]: Added element [68]
2021-03-23 13:02:48,321 [DEBUG]: [5]: More variables, requesting index 69
2021-03-23 13:02:48,321 [DEBUG]: Requesting index 69 on port 5
2021-03-23 13:02:48,325 [DEBUG]: Added element [69]
2021-03-23 13:02:48,325 [DEBUG]: [5]: More variables, requesting index 70
2021-03-23 13:02:48,325 [DEBUG]: Requesting index 70 on port 5
2021-03-23 13:02:48,330 [DEBUG]: Added element [70]
2021-03-23 13:02:48,330 [DEBUG]: [5]: More variables, requesting index 71
2021-03-23 13:02:48,330 [DEBUG]: Requesting index 71 on port 5
2021-03-23 13:02:48,334 [DEBUG]: Added element [71]
2021-03-23 13:02:48,334 [DEBUG]: [5]: More variables, requesting index 72
2021-03-23 13:02:48,334 [DEBUG]: Requesting index 72 on port 5
2021-03-23 13:02:48,338 [DEBUG]: Added element [72]
2021-03-23 13:02:48,339 [DEBUG]: [5]: More variables, requesting index 73
2021-03-23 13:02:48,339 [DEBUG]: Requesting index 73 on port 5
2021-03-23 13:02:48,343 [DEBUG]: Added element [73]
2021-03-23 13:02:48,343 [DEBUG]: [5]: More variables, requesting index 74
2021-03-23 13:02:48,344 [DEBUG]: Requesting index 74 on port 5
2021-03-23 13:02:48,348 [DEBUG]: Added element [74]
2021-03-23 13:02:48,348 [DEBUG]: [5]: More variables, requesting index 75
2021-03-23 13:02:48,349 [DEBUG]: Requesting index 75 on port 5
2021-03-23 13:02:48,353 [DEBUG]: Added element [75]
2021-03-23 13:02:48,353 [DEBUG]: [5]: More variables, requesting index 76
2021-03-23 13:02:48,353 [DEBUG]: Requesting index 76 on port 5
2021-03-23 13:02:48,359 [DEBUG]: Added element [76]
2021-03-23 13:02:48,359 [DEBUG]: [5]: More variables, requesting index 77
2021-03-23 13:02:48,360 [DEBUG]: Requesting index 77 on port 5
2021-03-23 13:02:48,373 [DEBUG]: Added element [77]
2021-03-23 13:02:48,373 [DEBUG]: [5]: More variables, requesting index 78
2021-03-23 13:02:48,373 [DEBUG]: Requesting index 78 on port 5
2021-03-23 13:02:48,377 [DEBUG]: Added element [78]
2021-03-23 13:02:48,377 [DEBUG]: [5]: More variables, requesting index 79
2021-03-23 13:02:48,377 [DEBUG]: Requesting index 79 on port 5
2021-03-23 13:02:48,382 [DEBUG]: Added element [79]
2021-03-23 13:02:48,382 [DEBUG]: [5]: More variables, requesting index 80
2021-03-23 13:02:48,382 [DEBUG]: Requesting index 80 on port 5
2021-03-23 13:02:48,387 [DEBUG]: Added element [80]
2021-03-23 13:02:48,387 [DEBUG]: [5]: More variables, requesting index 81
2021-03-23 13:02:48,387 [DEBUG]: Requesting index 81 on port 5
2021-03-23 13:02:48,391 [DEBUG]: Added element [81]
2021-03-23 13:02:48,392 [DEBUG]: [5]: More variables, requesting index 82
2021-03-23 13:02:48,392 [DEBUG]: Requesting index 82 on port 5
2021-03-23 13:02:48,396 [DEBUG]: Added element [82]
2021-03-23 13:02:48,396 [DEBUG]: [5]: More variables, requesting index 83
2021-03-23 13:02:48,396 [DEBUG]: Requesting index 83 on port 5
2021-03-23 13:02:48,401 [DEBUG]: Added element [83]
2021-03-23 13:02:48,401 [DEBUG]: [5]: More variables, requesting index 84
2021-03-23 13:02:48,401 [DEBUG]: Requesting index 84 on port 5
2021-03-23 13:02:48,406 [DEBUG]: Added element [84]
2021-03-23 13:02:48,406 [DEBUG]: [5]: More variables, requesting index 85
2021-03-23 13:02:48,406 [DEBUG]: Requesting index 85 on port 5
2021-03-23 13:02:48,410 [DEBUG]: Added element [85]
2021-03-23 13:02:48,410 [DEBUG]: [5]: More variables, requesting index 86
2021-03-23 13:02:48,410 [DEBUG]: Requesting index 86 on port 5
2021-03-23 13:02:48,414 [DEBUG]: Added element [86]
2021-03-23 13:02:48,414 [DEBUG]: [5]: More variables, requesting index 87
2021-03-23 13:02:48,414 [DEBUG]: Requesting index 87 on port 5
2021-03-23 13:02:48,418 [DEBUG]: Added element [87]
2021-03-23 13:02:48,418 [DEBUG]: [5]: More variables, requesting index 88
2021-03-23 13:02:48,418 [DEBUG]: Requesting index 88 on port 5
2021-03-23 13:02:48,422 [DEBUG]: Added element [88]
2021-03-23 13:02:48,423 [DEBUG]: [5]: More variables, requesting index 89
2021-03-23 13:02:48,423 [DEBUG]: Requesting index 89 on port 5
2021-03-23 13:02:48,427 [DEBUG]: Added element [89]
2021-03-23 13:02:48,427 [DEBUG]: [5]: More variables, requesting index 90
2021-03-23 13:02:48,428 [DEBUG]: Requesting index 90 on port 5
2021-03-23 13:02:48,432 [DEBUG]: Added element [90]
2021-03-23 13:02:48,432 [DEBUG]: [5]: More variables, requesting index 91
2021-03-23 13:02:48,433 [DEBUG]: Requesting index 91 on port 5
2021-03-23 13:02:48,437 [DEBUG]: Added element [91]
2021-03-23 13:02:48,437 [DEBUG]: [5]: More variables, requesting index 92
2021-03-23 13:02:48,437 [DEBUG]: Requesting index 92 on port 5
2021-03-23 13:02:48,441 [DEBUG]: Added element [92]
2021-03-23 13:02:48,441 [DEBUG]: [5]: More variables, requesting index 93
2021-03-23 13:02:48,442 [DEBUG]: Requesting index 93 on port 5
2021-03-23 13:02:48,445 [DEBUG]: Added element [93]
2021-03-23 13:02:48,445 [DEBUG]: [5]: More variables, requesting index 94
2021-03-23 13:02:48,445 [DEBUG]: Requesting index 94 on port 5
2021-03-23 13:02:48,449 [DEBUG]: Added element [94]
2021-03-23 13:02:48,449 [DEBUG]: [5]: More variables, requesting index 95
2021-03-23 13:02:48,449 [DEBUG]: Requesting index 95 on port 5
2021-03-23 13:02:48,453 [DEBUG]: Added element [95]
2021-03-23 13:02:48,454 [DEBUG]: [5]: More variables, requesting index 96
2021-03-23 13:02:48,454 [DEBUG]: Requesting index 96 on port 5
2021-03-23 13:02:48,458 [DEBUG]: Added element [96]
2021-03-23 13:02:48,458 [DEBUG]: [5]: More variables, requesting index 97
2021-03-23 13:02:48,458 [DEBUG]: Requesting index 97 on port 5
2021-03-23 13:02:48,463 [DEBUG]: Added element [97]
2021-03-23 13:02:48,463 [DEBUG]: [5]: More variables, requesting index 98
2021-03-23 13:02:48,463 [DEBUG]: Requesting index 98 on port 5
2021-03-23 13:02:48,468 [DEBUG]: Added element [98]
2021-03-23 13:02:48,468 [DEBUG]: [5]: More variables, requesting index 99
2021-03-23 13:02:48,468 [DEBUG]: Requesting index 99 on port 5
2021-03-23 13:02:48,472 [DEBUG]: Added element [99]
2021-03-23 13:02:48,472 [DEBUG]: [5]: More variables, requesting index 100
2021-03-23 13:02:48,472 [DEBUG]: Requesting index 100 on port 5
2021-03-23 13:02:48,476 [DEBUG]: Added element [100]
2021-03-23 13:02:48,476 [DEBUG]: [5]: More variables, requesting index 101
2021-03-23 13:02:48,476 [DEBUG]: Requesting index 101 on port 5
2021-03-23 13:02:48,480 [DEBUG]: Added element [101]
2021-03-23 13:02:48,481 [DEBUG]: [5]: More variables, requesting index 102
2021-03-23 13:02:48,481 [DEBUG]: Requesting index 102 on port 5
2021-03-23 13:02:48,484 [DEBUG]: Added element [102]
2021-03-23 13:02:48,485 [DEBUG]: [5]: More variables, requesting index 103
2021-03-23 13:02:48,485 [DEBUG]: Requesting index 103 on port 5
2021-03-23 13:02:48,489 [DEBUG]: Added element [103]
2021-03-23 13:02:48,489 [DEBUG]: [5]: More variables, requesting index 104
2021-03-23 13:02:48,489 [DEBUG]: Requesting index 104 on port 5
2021-03-23 13:02:48,501 [DEBUG]: Added element [104]
2021-03-23 13:02:48,501 [DEBUG]: [5]: More variables, requesting index 105
2021-03-23 13:02:48,502 [DEBUG]: Requesting index 105 on port 5
2021-03-23 13:02:48,506 [DEBUG]: Added element [105]
2021-03-23 13:02:48,506 [DEBUG]: [5]: More variables, requesting index 106
2021-03-23 13:02:48,506 [DEBUG]: Requesting index 106 on port 5
2021-03-23 13:02:48,511 [DEBUG]: Added element [106]
2021-03-23 13:02:48,511 [DEBUG]: [5]: More variables, requesting index 107
2021-03-23 13:02:48,511 [DEBUG]: Requesting index 107 on port 5
2021-03-23 13:02:48,515 [DEBUG]: Added element [107]
2021-03-23 13:02:48,515 [DEBUG]: [5]: More variables, requesting index 108
2021-03-23 13:02:48,515 [DEBUG]: Requesting index 108 on port 5
2021-03-23 13:02:48,520 [DEBUG]: Added element [108]
2021-03-23 13:02:48,520 [DEBUG]: [5]: More variables, requesting index 109
2021-03-23 13:02:48,520 [DEBUG]: Requesting index 109 on port 5
2021-03-23 13:02:48,524 [DEBUG]: Added element [109]
2021-03-23 13:02:48,524 [DEBUG]: [5]: More variables, requesting index 110
2021-03-23 13:02:48,524 [DEBUG]: Requesting index 110 on port 5
2021-03-23 13:02:48,529 [DEBUG]: Added element [110]
2021-03-23 13:02:48,530 [DEBUG]: [5]: More variables, requesting index 111
2021-03-23 13:02:48,530 [DEBUG]: Requesting index 111 on port 5
2021-03-23 13:02:48,536 [DEBUG]: Added element [111]
2021-03-23 13:02:48,536 [DEBUG]: [5]: More variables, requesting index 112
2021-03-23 13:02:48,536 [DEBUG]: Requesting index 112 on port 5
2021-03-23 13:02:48,542 [DEBUG]: Added element [112]
2021-03-23 13:02:48,542 [DEBUG]: [5]: More variables, requesting index 113
2021-03-23 13:02:48,543 [DEBUG]: Requesting index 113 on port 5
2021-03-23 13:02:48,547 [DEBUG]: Added element [113]
2021-03-23 13:02:48,548 [DEBUG]: [5]: More variables, requesting index 114
2021-03-23 13:02:48,548 [DEBUG]: Requesting index 114 on port 5
2021-03-23 13:02:48,552 [DEBUG]: Added element [114]
2021-03-23 13:02:48,552 [DEBUG]: [5]: More variables, requesting index 115
2021-03-23 13:02:48,552 [DEBUG]: Requesting index 115 on port 5
2021-03-23 13:02:48,556 [DEBUG]: Added element [115]
2021-03-23 13:02:48,556 [DEBUG]: [5]: More variables, requesting index 116
2021-03-23 13:02:48,556 [DEBUG]: Requesting index 116 on port 5
2021-03-23 13:02:48,560 [DEBUG]: Added element [116]
2021-03-23 13:02:48,560 [DEBUG]: [5]: More variables, requesting index 117
2021-03-23 13:02:48,560 [DEBUG]: Requesting index 117 on port 5
2021-03-23 13:02:48,564 [DEBUG]: Added element [117]
2021-03-23 13:02:48,564 [DEBUG]: [5]: More variables, requesting index 118
2021-03-23 13:02:48,565 [DEBUG]: Requesting index 118 on port 5
2021-03-23 13:02:48,569 [DEBUG]: Added element [118]
2021-03-23 13:02:48,569 [DEBUG]: [5]: More variables, requesting index 119
2021-03-23 13:02:48,569 [DEBUG]: Requesting index 119 on port 5
2021-03-23 13:02:48,573 [DEBUG]: Added element [119]
2021-03-23 13:02:48,573 [DEBUG]: [5]: More variables, requesting index 120
2021-03-23 13:02:48,573 [DEBUG]: Requesting index 120 on port 5
2021-03-23 13:02:48,578 [DEBUG]: Added element [120]
2021-03-23 13:02:48,578 [DEBUG]: [5]: More variables, requesting index 121
2021-03-23 13:02:48,578 [DEBUG]: Requesting index 121 on port 5
2021-03-23 13:02:48,582 [DEBUG]: Added element [121]
2021-03-23 13:02:48,582 [DEBUG]: [5]: More variables, requesting index 122
2021-03-23 13:02:48,582 [DEBUG]: Requesting index 122 on port 5
2021-03-23 13:02:48,586 [DEBUG]: Added element [122]
2021-03-23 13:02:48,586 [DEBUG]: [5]: More variables, requesting index 123
2021-03-23 13:02:48,586 [DEBUG]: Requesting index 123 on port 5
2021-03-23 13:02:48,591 [DEBUG]: Added element [123]
2021-03-23 13:02:48,591 [DEBUG]: [5]: More variables, requesting index 124
2021-03-23 13:02:48,591 [DEBUG]: Requesting index 124 on port 5
2021-03-23 13:02:48,594 [DEBUG]: Added element [124]
2021-03-23 13:02:48,594 [DEBUG]: [5]: More variables, requesting index 125
2021-03-23 13:02:48,594 [DEBUG]: Requesting index 125 on port 5
2021-03-23 13:02:48,598 [DEBUG]: Added element [125]
2021-03-23 13:02:48,599 [DEBUG]: [5]: More variables, requesting index 126
2021-03-23 13:02:48,599 [DEBUG]: Requesting index 126 on port 5
2021-03-23 13:02:48,603 [DEBUG]: Added element [126]
2021-03-23 13:02:48,603 [DEBUG]: [5]: More variables, requesting index 127
2021-03-23 13:02:48,603 [DEBUG]: Requesting index 127 on port 5
2021-03-23 13:02:48,608 [DEBUG]: Added element [127]
2021-03-23 13:02:48,609 [DEBUG]: [5]: More variables, requesting index 128
2021-03-23 13:02:48,609 [DEBUG]: Requesting index 128 on port 5
2021-03-23 13:02:48,615 [DEBUG]: Added element [128]
2021-03-23 13:02:48,615 [DEBUG]: [5]: More variables, requesting index 129
2021-03-23 13:02:48,615 [DEBUG]: Requesting index 129 on port 5
2021-03-23 13:02:48,630 [DEBUG]: Added element [129]
2021-03-23 13:02:48,631 [DEBUG]: [5]: More variables, requesting index 130
2021-03-23 13:02:48,632 [DEBUG]: Requesting index 130 on port 5
2021-03-23 13:02:48,637 [DEBUG]: Added element [130]
2021-03-23 13:02:48,637 [DEBUG]: [5]: More variables, requesting index 131
2021-03-23 13:02:48,638 [DEBUG]: Requesting index 131 on port 5
2021-03-23 13:02:48,642 [DEBUG]: Added element [131]
2021-03-23 13:02:48,642 [DEBUG]: [5]: More variables, requesting index 132
2021-03-23 13:02:48,642 [DEBUG]: Requesting index 132 on port 5
2021-03-23 13:02:48,647 [DEBUG]: Added element [132]
2021-03-23 13:02:48,648 [DEBUG]: [5]: More variables, requesting index 133
2021-03-23 13:02:48,648 [DEBUG]: Requesting index 133 on port 5
2021-03-23 13:02:48,652 [DEBUG]: Added element [133]
2021-03-23 13:02:48,652 [DEBUG]: [5]: More variables, requesting index 134
2021-03-23 13:02:48,652 [DEBUG]: Requesting index 134 on port 5
2021-03-23 13:02:48,657 [DEBUG]: Added element [134]
2021-03-23 13:02:48,657 [DEBUG]: [5]: More variables, requesting index 135
2021-03-23 13:02:48,657 [DEBUG]: Requesting index 135 on port 5
2021-03-23 13:02:48,662 [DEBUG]: Added element [135]
2021-03-23 13:02:48,662 [DEBUG]: [5]: More variables, requesting index 136
2021-03-23 13:02:48,662 [DEBUG]: Requesting index 136 on port 5
2021-03-23 13:02:48,666 [DEBUG]: Added element [136]
2021-03-23 13:02:48,666 [DEBUG]: [5]: More variables, requesting index 137
2021-03-23 13:02:48,666 [DEBUG]: Requesting index 137 on port 5
2021-03-23 13:02:48,670 [DEBUG]: Added element [137]
2021-03-23 13:02:48,670 [DEBUG]: [5]: More variables, requesting index 138
2021-03-23 13:02:48,670 [DEBUG]: Requesting index 138 on port 5
2021-03-23 13:02:48,675 [DEBUG]: Added element [138]
2021-03-23 13:02:48,675 [DEBUG]: [5]: More variables, requesting index 139
2021-03-23 13:02:48,675 [DEBUG]: Requesting index 139 on port 5
2021-03-23 13:02:48,679 [DEBUG]: Added element [139]
2021-03-23 13:02:48,679 [DEBUG]: [5]: More variables, requesting index 140
2021-03-23 13:02:48,679 [DEBUG]: Requesting index 140 on port 5
2021-03-23 13:02:48,684 [DEBUG]: Added element [140]
2021-03-23 13:02:48,684 [DEBUG]: [5]: More variables, requesting index 141
2021-03-23 13:02:48,684 [DEBUG]: Requesting index 141 on port 5
2021-03-23 13:02:48,688 [DEBUG]: Added element [141]
2021-03-23 13:02:48,688 [DEBUG]: [5]: More variables, requesting index 142
2021-03-23 13:02:48,688 [DEBUG]: Requesting index 142 on port 5
2021-03-23 13:02:48,693 [DEBUG]: Added element [142]
2021-03-23 13:02:48,693 [DEBUG]: [5]: More variables, requesting index 143
2021-03-23 13:02:48,693 [DEBUG]: Requesting index 143 on port 5
2021-03-23 13:02:48,697 [DEBUG]: Added element [143]
2021-03-23 13:02:48,697 [DEBUG]: [5]: More variables, requesting index 144
2021-03-23 13:02:48,697 [DEBUG]: Requesting index 144 on port 5
2021-03-23 13:02:48,702 [DEBUG]: Added element [144]
2021-03-23 13:02:48,702 [DEBUG]: [5]: More variables, requesting index 145
2021-03-23 13:02:48,703 [DEBUG]: Requesting index 145 on port 5
2021-03-23 13:02:48,708 [DEBUG]: Added element [145]
2021-03-23 13:02:48,709 [DEBUG]: [5]: More variables, requesting index 146
2021-03-23 13:02:48,709 [DEBUG]: Requesting index 146 on port 5
2021-03-23 13:02:48,714 [DEBUG]: Added element [146]
2021-03-23 13:02:48,715 [DEBUG]: [5]: More variables, requesting index 147
2021-03-23 13:02:48,715 [DEBUG]: Requesting index 147 on port 5
2021-03-23 13:02:48,721 [DEBUG]: Added element [147]
2021-03-23 13:02:48,721 [DEBUG]: [5]: More variables, requesting index 148
2021-03-23 13:02:48,721 [DEBUG]: Requesting index 148 on port 5
2021-03-23 13:02:48,727 [DEBUG]: Added element [148]
2021-03-23 13:02:48,727 [DEBUG]: [5]: More variables, requesting index 149
2021-03-23 13:02:48,727 [DEBUG]: Requesting index 149 on port 5
2021-03-23 13:02:48,732 [DEBUG]: Added element [149]
2021-03-23 13:02:48,732 [DEBUG]: [5]: More variables, requesting index 150
2021-03-23 13:02:48,733 [DEBUG]: Requesting index 150 on port 5
2021-03-23 13:02:48,737 [DEBUG]: Added element [150]
2021-03-23 13:02:48,737 [DEBUG]: [5]: More variables, requesting index 151
2021-03-23 13:02:48,737 [DEBUG]: Requesting index 151 on port 5
2021-03-23 13:02:48,742 [DEBUG]: Added element [151]
2021-03-23 13:02:48,742 [DEBUG]: [5]: More variables, requesting index 152
2021-03-23 13:02:48,742 [DEBUG]: Requesting index 152 on port 5
2021-03-23 13:02:48,755 [DEBUG]: Added element [152]
2021-03-23 13:02:48,755 [DEBUG]: [5]: More variables, requesting index 153
2021-03-23 13:02:48,755 [DEBUG]: Requesting index 153 on port 5
2021-03-23 13:02:48,759 [DEBUG]: Added element [153]
2021-03-23 13:02:48,760 [DEBUG]: [5]: More variables, requesting index 154
2021-03-23 13:02:48,760 [DEBUG]: Requesting index 154 on port 5
2021-03-23 13:02:48,764 [DEBUG]: Added element [154]
2021-03-23 13:02:48,764 [DEBUG]: [5]: More variables, requesting index 155
2021-03-23 13:02:48,764 [DEBUG]: Requesting index 155 on port 5
2021-03-23 13:02:48,768 [DEBUG]: Added element [155]
2021-03-23 13:02:48,768 [DEBUG]: [5]: More variables, requesting index 156
2021-03-23 13:02:48,768 [DEBUG]: Requesting index 156 on port 5
2021-03-23 13:02:48,772 [DEBUG]: Added element [156]
2021-03-23 13:02:48,772 [DEBUG]: [5]: More variables, requesting index 157
2021-03-23 13:02:48,772 [DEBUG]: Requesting index 157 on port 5
2021-03-23 13:02:48,776 [DEBUG]: Added element [157]
2021-03-23 13:02:48,776 [DEBUG]: [5]: More variables, requesting index 158
2021-03-23 13:02:48,777 [DEBUG]: Requesting index 158 on port 5
2021-03-23 13:02:48,781 [DEBUG]: Added element [158]
2021-03-23 13:02:48,781 [DEBUG]: [5]: More variables, requesting index 159
2021-03-23 13:02:48,781 [DEBUG]: Requesting index 159 on port 5
2021-03-23 13:02:48,785 [DEBUG]: Added element [159]
2021-03-23 13:02:48,785 [DEBUG]: [5]: More variables, requesting index 160
2021-03-23 13:02:48,785 [DEBUG]: Requesting index 160 on port 5
2021-03-23 13:02:48,789 [DEBUG]: Added element [160]
2021-03-23 13:02:48,789 [DEBUG]: [5]: More variables, requesting index 161
2021-03-23 13:02:48,789 [DEBUG]: Requesting index 161 on port 5
2021-03-23 13:02:48,792 [DEBUG]: Added element [161]
2021-03-23 13:02:48,792 [DEBUG]: [5]: More variables, requesting index 162
2021-03-23 13:02:48,792 [DEBUG]: Requesting index 162 on port 5
2021-03-23 13:02:48,796 [DEBUG]: Added element [162]
2021-03-23 13:02:48,796 [DEBUG]: [5]: More variables, requesting index 163
2021-03-23 13:02:48,797 [DEBUG]: Requesting index 163 on port 5
2021-03-23 13:02:48,801 [DEBUG]: Added element [163]
2021-03-23 13:02:48,801 [DEBUG]: [5]: More variables, requesting index 164
2021-03-23 13:02:48,801 [DEBUG]: Requesting index 164 on port 5
2021-03-23 13:02:48,805 [DEBUG]: Added element [164]
2021-03-23 13:02:48,805 [DEBUG]: [5]: More variables, requesting index 165
2021-03-23 13:02:48,805 [DEBUG]: Requesting index 165 on port 5
2021-03-23 13:02:48,809 [DEBUG]: Added element [165]
2021-03-23 13:02:48,809 [DEBUG]: [5]: More variables, requesting index 166
2021-03-23 13:02:48,809 [DEBUG]: Requesting index 166 on port 5
2021-03-23 13:02:48,813 [DEBUG]: Added element [166]
2021-03-23 13:02:48,813 [DEBUG]: [5]: More variables, requesting index 167
2021-03-23 13:02:48,813 [DEBUG]: Requesting index 167 on port 5
2021-03-23 13:02:48,817 [DEBUG]: Added element [167]
2021-03-23 13:02:48,818 [DEBUG]: [5]: More variables, requesting index 168
2021-03-23 13:02:48,818 [DEBUG]: Requesting index 168 on port 5
2021-03-23 13:02:48,822 [DEBUG]: Added element [168]
2021-03-23 13:02:48,822 [DEBUG]: [5]: More variables, requesting index 169
2021-03-23 13:02:48,822 [DEBUG]: Requesting index 169 on port 5
2021-03-23 13:02:48,826 [DEBUG]: Added element [169]
2021-03-23 13:02:48,826 [DEBUG]: [5]: More variables, requesting index 170
2021-03-23 13:02:48,826 [DEBUG]: Requesting index 170 on port 5
2021-03-23 13:02:48,830 [DEBUG]: Added element [170]
2021-03-23 13:02:48,830 [DEBUG]: [5]: More variables, requesting index 171
2021-03-23 13:02:48,830 [DEBUG]: Requesting index 171 on port 5
2021-03-23 13:02:48,834 [DEBUG]: Added element [171]
2021-03-23 13:02:48,834 [DEBUG]: [5]: More variables, requesting index 172
2021-03-23 13:02:48,834 [DEBUG]: Requesting index 172 on port 5
2021-03-23 13:02:48,838 [DEBUG]: Added element [172]
2021-03-23 13:02:48,838 [DEBUG]: [5]: More variables, requesting index 173
2021-03-23 13:02:48,838 [DEBUG]: Requesting index 173 on port 5
2021-03-23 13:02:48,842 [DEBUG]: Added element [173]
2021-03-23 13:02:48,842 [DEBUG]: [5]: More variables, requesting index 174
2021-03-23 13:02:48,842 [DEBUG]: Requesting index 174 on port 5
2021-03-23 13:02:48,847 [DEBUG]: Added element [174]
2021-03-23 13:02:48,847 [DEBUG]: [5]: More variables, requesting index 175
2021-03-23 13:02:48,847 [DEBUG]: Requesting index 175 on port 5
2021-03-23 13:02:48,852 [DEBUG]: Added element [175]
2021-03-23 13:02:48,852 [DEBUG]: [5]: More variables, requesting index 176
2021-03-23 13:02:48,852 [DEBUG]: Requesting index 176 on port 5
2021-03-23 13:02:48,856 [DEBUG]: Added element [176]
2021-03-23 13:02:48,856 [DEBUG]: [5]: More variables, requesting index 177
2021-03-23 13:02:48,856 [DEBUG]: Requesting index 177 on port 5
2021-03-23 13:02:48,860 [DEBUG]: Added element [177]
2021-03-23 13:02:48,860 [DEBUG]: [5]: More variables, requesting index 178
2021-03-23 13:02:48,860 [DEBUG]: Requesting index 178 on port 5
2021-03-23 13:02:48,865 [DEBUG]: Added element [178]
2021-03-23 13:02:48,866 [DEBUG]: [5]: More variables, requesting index 179
2021-03-23 13:02:48,867 [DEBUG]: Requesting index 179 on port 5
2021-03-23 13:02:48,882 [DEBUG]: Added element [179]
2021-03-23 13:02:48,882 [DEBUG]: [5]: More variables, requesting index 180
2021-03-23 13:02:48,883 [DEBUG]: Requesting index 180 on port 5
2021-03-23 13:02:48,889 [DEBUG]: Added element [180]
2021-03-23 13:02:48,889 [DEBUG]: [5]: More variables, requesting index 181
2021-03-23 13:02:48,889 [DEBUG]: Requesting index 181 on port 5
2021-03-23 13:02:48,895 [DEBUG]: Added element [181]
2021-03-23 13:02:48,895 [DEBUG]: [5]: More variables, requesting index 182
2021-03-23 13:02:48,895 [DEBUG]: Requesting index 182 on port 5
2021-03-23 13:02:48,900 [DEBUG]: Added element [182]
2021-03-23 13:02:48,900 [DEBUG]: [5]: More variables, requesting index 183
2021-03-23 13:02:48,900 [DEBUG]: Requesting index 183 on port 5
2021-03-23 13:02:48,904 [DEBUG]: Added element [183]
2021-03-23 13:02:48,904 [DEBUG]: [5]: More variables, requesting index 184
2021-03-23 13:02:48,904 [DEBUG]: Requesting index 184 on port 5
2021-03-23 13:02:48,909 [DEBUG]: Added element [184]
2021-03-23 13:02:48,909 [DEBUG]: [5]: More variables, requesting index 185
2021-03-23 13:02:48,909 [DEBUG]: Requesting index 185 on port 5
2021-03-23 13:02:48,913 [DEBUG]: Added element [185]
2021-03-23 13:02:48,914 [DEBUG]: [5]: More variables, requesting index 186
2021-03-23 13:02:48,914 [DEBUG]: Requesting index 186 on port 5
2021-03-23 13:02:48,919 [DEBUG]: Added element [186]
2021-03-23 13:02:48,919 [DEBUG]: [5]: More variables, requesting index 187
2021-03-23 13:02:48,920 [DEBUG]: Requesting index 187 on port 5
2021-03-23 13:02:48,924 [DEBUG]: Added element [187]
2021-03-23 13:02:48,924 [DEBUG]: [5]: More variables, requesting index 188
2021-03-23 13:02:48,924 [DEBUG]: Requesting index 188 on port 5
2021-03-23 13:02:48,928 [DEBUG]: Added element [188]
2021-03-23 13:02:48,929 [DEBUG]: [5]: More variables, requesting index 189
2021-03-23 13:02:48,929 [DEBUG]: Requesting index 189 on port 5
2021-03-23 13:02:48,933 [DEBUG]: Added element [189]
2021-03-23 13:02:48,933 [DEBUG]: [5]: More variables, requesting index 190
2021-03-23 13:02:48,933 [DEBUG]: Requesting index 190 on port 5
2021-03-23 13:02:48,936 [DEBUG]: Added element [190]
2021-03-23 13:02:48,936 [DEBUG]: [5]: More variables, requesting index 191
2021-03-23 13:02:48,936 [DEBUG]: Requesting index 191 on port 5
2021-03-23 13:02:48,941 [DEBUG]: Added element [191]
2021-03-23 13:02:48,941 [DEBUG]: [5]: More variables, requesting index 192
2021-03-23 13:02:48,941 [DEBUG]: Requesting index 192 on port 5
2021-03-23 13:02:48,945 [DEBUG]: Added element [192]
2021-03-23 13:02:48,945 [DEBUG]: [5]: More variables, requesting index 193
2021-03-23 13:02:48,945 [DEBUG]: Requesting index 193 on port 5
2021-03-23 13:02:48,949 [DEBUG]: Added element [193]
2021-03-23 13:02:48,949 [DEBUG]: [5]: More variables, requesting index 194
2021-03-23 13:02:48,950 [DEBUG]: Requesting index 194 on port 5
2021-03-23 13:02:48,954 [DEBUG]: Added element [194]
2021-03-23 13:02:48,954 [DEBUG]: [5]: More variables, requesting index 195
2021-03-23 13:02:48,954 [DEBUG]: Requesting index 195 on port 5
2021-03-23 13:02:48,958 [DEBUG]: Added element [195]
2021-03-23 13:02:48,958 [DEBUG]: [5]: More variables, requesting index 196
2021-03-23 13:02:48,958 [DEBUG]: Requesting index 196 on port 5
2021-03-23 13:02:48,962 [DEBUG]: Added element [196]
2021-03-23 13:02:48,962 [DEBUG]: [5]: More variables, requesting index 197
2021-03-23 13:02:48,962 [DEBUG]: Requesting index 197 on port 5
2021-03-23 13:02:48,966 [DEBUG]: Added element [197]
2021-03-23 13:02:48,966 [DEBUG]: [5]: More variables, requesting index 198
2021-03-23 13:02:48,966 [DEBUG]: Requesting index 198 on port 5
2021-03-23 13:02:48,971 [DEBUG]: Added element [198]
2021-03-23 13:02:48,971 [DEBUG]: [5]: More variables, requesting index 199
2021-03-23 13:02:48,971 [DEBUG]: Requesting index 199 on port 5
2021-03-23 13:02:48,975 [DEBUG]: Added element [199]
2021-03-23 13:02:48,976 [DEBUG]: [5]: More variables, requesting index 200
2021-03-23 13:02:48,976 [DEBUG]: Requesting index 200 on port 5
2021-03-23 13:02:48,980 [DEBUG]: Added element [200]
2021-03-23 13:02:48,980 [DEBUG]: [5]: More variables, requesting index 201
2021-03-23 13:02:48,980 [DEBUG]: Requesting index 201 on port 5
2021-03-23 13:02:48,984 [DEBUG]: Added element [201]
2021-03-23 13:02:48,984 [DEBUG]: [5]: More variables, requesting index 202
2021-03-23 13:02:48,985 [DEBUG]: Requesting index 202 on port 5
2021-03-23 13:02:48,989 [DEBUG]: Added element [202]
2021-03-23 13:02:48,989 [DEBUG]: [5]: More variables, requesting index 203
2021-03-23 13:02:48,989 [DEBUG]: Requesting index 203 on port 5
2021-03-23 13:02:48,992 [DEBUG]: Added element [203]
2021-03-23 13:02:48,992 [DEBUG]: [5]: More variables, requesting index 204
2021-03-23 13:02:48,992 [DEBUG]: Requesting index 204 on port 5
2021-03-23 13:02:48,997 [DEBUG]: Added element [204]
2021-03-23 13:02:48,997 [DEBUG]: [5]: More variables, requesting index 205
2021-03-23 13:02:48,997 [DEBUG]: Requesting index 205 on port 5
2021-03-23 13:02:49,001 [DEBUG]: Added element [205]
2021-03-23 13:02:49,001 [DEBUG]: [5]: More variables, requesting index 206
2021-03-23 13:02:49,001 [DEBUG]: Requesting index 206 on port 5
2021-03-23 13:02:49,014 [DEBUG]: Added element [206]
2021-03-23 13:02:49,014 [DEBUG]: [5]: More variables, requesting index 207
2021-03-23 13:02:49,014 [DEBUG]: Requesting index 207 on port 5
2021-03-23 13:02:49,018 [DEBUG]: Added element [207]
2021-03-23 13:02:49,018 [DEBUG]: [5]: More variables, requesting index 208
2021-03-23 13:02:49,018 [DEBUG]: Requesting index 208 on port 5
2021-03-23 13:02:49,023 [DEBUG]: Added element [208]
2021-03-23 13:02:49,023 [DEBUG]: [5]: More variables, requesting index 209
2021-03-23 13:02:49,023 [DEBUG]: Requesting index 209 on port 5
2021-03-23 13:02:49,027 [DEBUG]: Added element [209]
2021-03-23 13:02:49,027 [DEBUG]: [5]: More variables, requesting index 210
2021-03-23 13:02:49,027 [DEBUG]: Requesting index 210 on port 5
2021-03-23 13:02:49,031 [DEBUG]: Added element [210]
2021-03-23 13:02:49,031 [DEBUG]: [5]: More variables, requesting index 211
2021-03-23 13:02:49,031 [DEBUG]: Requesting index 211 on port 5
2021-03-23 13:02:49,035 [DEBUG]: Added element [211]
2021-03-23 13:02:49,035 [DEBUG]: [5]: More variables, requesting index 212
2021-03-23 13:02:49,035 [DEBUG]: Requesting index 212 on port 5
2021-03-23 13:02:49,040 [DEBUG]: Added element [212]
2021-03-23 13:02:49,040 [DEBUG]: [5]: More variables, requesting index 213
2021-03-23 13:02:49,040 [DEBUG]: Requesting index 213 on port 5
2021-03-23 13:02:49,044 [DEBUG]: Added element [213]
2021-03-23 13:02:49,044 [DEBUG]: [5]: More variables, requesting index 214
2021-03-23 13:02:49,044 [DEBUG]: Requesting index 214 on port 5
2021-03-23 13:02:49,048 [DEBUG]: Added element [214]
2021-03-23 13:02:49,048 [DEBUG]: [5]: More variables, requesting index 215
2021-03-23 13:02:49,048 [DEBUG]: Requesting index 215 on port 5
2021-03-23 13:02:49,052 [DEBUG]: Added element [215]
2021-03-23 13:02:49,052 [DEBUG]: [5]: More variables, requesting index 216
2021-03-23 13:02:49,052 [DEBUG]: Requesting index 216 on port 5
2021-03-23 13:02:49,056 [DEBUG]: Added element [216]
2021-03-23 13:02:49,057 [DEBUG]: [5]: More variables, requesting index 217
2021-03-23 13:02:49,057 [DEBUG]: Requesting index 217 on port 5
2021-03-23 13:02:49,061 [DEBUG]: Added element [217]
2021-03-23 13:02:49,061 [DEBUG]: [5]: More variables, requesting index 218
2021-03-23 13:02:49,061 [DEBUG]: Requesting index 218 on port 5
2021-03-23 13:02:49,066 [DEBUG]: Added element [218]
2021-03-23 13:02:49,066 [DEBUG]: [5]: More variables, requesting index 219
2021-03-23 13:02:49,066 [DEBUG]: Requesting index 219 on port 5
2021-03-23 13:02:49,071 [DEBUG]: Added element [219]
2021-03-23 13:02:49,071 [DEBUG]: [5]: More variables, requesting index 220
2021-03-23 13:02:49,071 [DEBUG]: Requesting index 220 on port 5
2021-03-23 13:02:49,076 [DEBUG]: Added element [220]
2021-03-23 13:02:49,076 [DEBUG]: [5]: More variables, requesting index 221
2021-03-23 13:02:49,076 [DEBUG]: Requesting index 221 on port 5
2021-03-23 13:02:49,080 [DEBUG]: Added element [221]
2021-03-23 13:02:49,081 [DEBUG]: [5]: More variables, requesting index 222
2021-03-23 13:02:49,081 [DEBUG]: Requesting index 222 on port 5
2021-03-23 13:02:49,085 [DEBUG]: Added element [222]
2021-03-23 13:02:49,085 [DEBUG]: [5]: More variables, requesting index 223
2021-03-23 13:02:49,085 [DEBUG]: Requesting index 223 on port 5
2021-03-23 13:02:49,089 [DEBUG]: Added element [223]
2021-03-23 13:02:49,089 [DEBUG]: [5]: More variables, requesting index 224
2021-03-23 13:02:49,089 [DEBUG]: Requesting index 224 on port 5
2021-03-23 13:02:49,093 [DEBUG]: Added element [224]
2021-03-23 13:02:49,093 [DEBUG]: [5]: More variables, requesting index 225
2021-03-23 13:02:49,093 [DEBUG]: Requesting index 225 on port 5
2021-03-23 13:02:49,097 [DEBUG]: Added element [225]
2021-03-23 13:02:49,097 [DEBUG]: [5]: More variables, requesting index 226
2021-03-23 13:02:49,097 [DEBUG]: Requesting index 226 on port 5
2021-03-23 13:02:49,101 [DEBUG]: Added element [226]
2021-03-23 13:02:49,101 [DEBUG]: [5]: More variables, requesting index 227
2021-03-23 13:02:49,101 [DEBUG]: Requesting index 227 on port 5
2021-03-23 13:02:49,105 [DEBUG]: Added element [227]
2021-03-23 13:02:49,105 [DEBUG]: [5]: More variables, requesting index 228
2021-03-23 13:02:49,105 [DEBUG]: Requesting index 228 on port 5
2021-03-23 13:02:49,109 [DEBUG]: Added element [228]
2021-03-23 13:02:49,109 [DEBUG]: [5]: More variables, requesting index 229
2021-03-23 13:02:49,109 [DEBUG]: Requesting index 229 on port 5
2021-03-23 13:02:49,113 [DEBUG]: Added element [229]
2021-03-23 13:02:49,113 [DEBUG]: [5]: More variables, requesting index 230
2021-03-23 13:02:49,113 [DEBUG]: Requesting index 230 on port 5
2021-03-23 13:02:49,117 [DEBUG]: Added element [230]
2021-03-23 13:02:49,117 [DEBUG]: [5]: More variables, requesting index 231
2021-03-23 13:02:49,117 [DEBUG]: Requesting index 231 on port 5
2021-03-23 13:02:49,122 [DEBUG]: Added element [231]
2021-03-23 13:02:49,122 [DEBUG]: [5]: More variables, requesting index 232
2021-03-23 13:02:49,122 [DEBUG]: Requesting index 232 on port 5
2021-03-23 13:02:49,126 [DEBUG]: Added element [232]
2021-03-23 13:02:49,126 [DEBUG]: [5]: More variables, requesting index 233
2021-03-23 13:02:49,126 [DEBUG]: Requesting index 233 on port 5
2021-03-23 13:02:49,131 [DEBUG]: Added element [233]
2021-03-23 13:02:49,131 [DEBUG]: [5]: More variables, requesting index 234
2021-03-23 13:02:49,131 [DEBUG]: Requesting index 234 on port 5
2021-03-23 13:02:49,136 [DEBUG]: Added element [234]
2021-03-23 13:02:49,136 [DEBUG]: [5]: More variables, requesting index 235
2021-03-23 13:02:49,136 [DEBUG]: Requesting index 235 on port 5
2021-03-23 13:02:49,148 [DEBUG]: Added element [235]
2021-03-23 13:02:49,149 [DEBUG]: [5]: More variables, requesting index 236
2021-03-23 13:02:49,149 [DEBUG]: Requesting index 236 on port 5
2021-03-23 13:02:49,156 [DEBUG]: Added element [236]
2021-03-23 13:02:49,157 [DEBUG]: [5]: More variables, requesting index 237
2021-03-23 13:02:49,157 [DEBUG]: Requesting index 237 on port 5
2021-03-23 13:02:49,162 [DEBUG]: Added element [237]
2021-03-23 13:02:49,163 [DEBUG]: [5]: More variables, requesting index 238
2021-03-23 13:02:49,163 [DEBUG]: Requesting index 238 on port 5
2021-03-23 13:02:49,169 [DEBUG]: Added element [238]
2021-03-23 13:02:49,169 [DEBUG]: [5]: More variables, requesting index 239
2021-03-23 13:02:49,169 [DEBUG]: Requesting index 239 on port 5
2021-03-23 13:02:49,174 [DEBUG]: Added element [239]
2021-03-23 13:02:49,174 [DEBUG]: [5]: More variables, requesting index 240
2021-03-23 13:02:49,174 [DEBUG]: Requesting index 240 on port 5
2021-03-23 13:02:49,178 [DEBUG]: Added element [240]
2021-03-23 13:02:49,179 [DEBUG]: [5]: More variables, requesting index 241
2021-03-23 13:02:49,179 [DEBUG]: Requesting index 241 on port 5
2021-03-23 13:02:49,183 [DEBUG]: Added element [241]
2021-03-23 13:02:49,183 [DEBUG]: [5]: More variables, requesting index 242
2021-03-23 13:02:49,184 [DEBUG]: Requesting index 242 on port 5
2021-03-23 13:02:49,188 [DEBUG]: Added element [242]
2021-03-23 13:02:49,189 [DEBUG]: [5]: More variables, requesting index 243
2021-03-23 13:02:49,189 [DEBUG]: Requesting index 243 on port 5
2021-03-23 13:02:49,194 [DEBUG]: Added element [243]
2021-03-23 13:02:49,194 [DEBUG]: [5]: More variables, requesting index 244
2021-03-23 13:02:49,194 [DEBUG]: Requesting index 244 on port 5
2021-03-23 13:02:49,198 [DEBUG]: Added element [244]
2021-03-23 13:02:49,199 [DEBUG]: [5]: More variables, requesting index 245
2021-03-23 13:02:49,199 [DEBUG]: Requesting index 245 on port 5
2021-03-23 13:02:49,203 [DEBUG]: Added element [245]
2021-03-23 13:02:49,203 [DEBUG]: [5]: More variables, requesting index 246
2021-03-23 13:02:49,203 [DEBUG]: Requesting index 246 on port 5
2021-03-23 13:02:49,207 [DEBUG]: Added element [246]
2021-03-23 13:02:49,207 [DEBUG]: [5]: More variables, requesting index 247
2021-03-23 13:02:49,207 [DEBUG]: Requesting index 247 on port 5
2021-03-23 13:02:49,212 [DEBUG]: Added element [247]
2021-03-23 13:02:49,212 [DEBUG]: [5]: More variables, requesting index 248
2021-03-23 13:02:49,212 [DEBUG]: Requesting index 248 on port 5
2021-03-23 13:02:49,217 [DEBUG]: Added element [248]
2021-03-23 13:02:49,217 [DEBUG]: [5]: More variables, requesting index 249
2021-03-23 13:02:49,217 [DEBUG]: Requesting index 249 on port 5
2021-03-23 13:02:49,221 [DEBUG]: Added element [249]
2021-03-23 13:02:49,221 [DEBUG]: [5]: More variables, requesting index 250
2021-03-23 13:02:49,221 [DEBUG]: Requesting index 250 on port 5
2021-03-23 13:02:49,225 [DEBUG]: Added element [250]
2021-03-23 13:02:49,225 [DEBUG]: [5]: More variables, requesting index 251
2021-03-23 13:02:49,225 [DEBUG]: Requesting index 251 on port 5
2021-03-23 13:02:49,230 [DEBUG]: Added element [251]
2021-03-23 13:02:49,230 [DEBUG]: [5]: More variables, requesting index 252
2021-03-23 13:02:49,230 [DEBUG]: Requesting index 252 on port 5
2021-03-23 13:02:49,234 [DEBUG]: Added element [252]
2021-03-23 13:02:49,234 [DEBUG]: [5]: More variables, requesting index 253
2021-03-23 13:02:49,234 [DEBUG]: Requesting index 253 on port 5
2021-03-23 13:02:49,239 [DEBUG]: Added element [253]
2021-03-23 13:02:49,239 [DEBUG]: [5]: More variables, requesting index 254
2021-03-23 13:02:49,239 [DEBUG]: Requesting index 254 on port 5
2021-03-23 13:02:49,243 [DEBUG]: Added element [254]
2021-03-23 13:02:49,243 [DEBUG]: [5]: More variables, requesting index 255
2021-03-23 13:02:49,244 [DEBUG]: Requesting index 255 on port 5
2021-03-23 13:02:49,248 [DEBUG]: Added element [255]
2021-03-23 13:02:49,248 [DEBUG]: [5]: More variables, requesting index 256
2021-03-23 13:02:49,248 [DEBUG]: Requesting index 256 on port 5
2021-03-23 13:02:49,252 [DEBUG]: Added element [256]
2021-03-23 13:02:49,252 [DEBUG]: [5]: More variables, requesting index 257
2021-03-23 13:02:49,252 [DEBUG]: Requesting index 257 on port 5
2021-03-23 13:02:49,256 [DEBUG]: Added element [257]
2021-03-23 13:02:49,257 [DEBUG]: [5]: More variables, requesting index 258
2021-03-23 13:02:49,257 [DEBUG]: Requesting index 258 on port 5
2021-03-23 13:02:49,261 [DEBUG]: Added element [258]
2021-03-23 13:02:49,261 [DEBUG]: [5]: More variables, requesting index 259
2021-03-23 13:02:49,261 [DEBUG]: Requesting index 259 on port 5
2021-03-23 13:02:49,275 [DEBUG]: Added element [259]
2021-03-23 13:02:49,275 [DEBUG]: [5]: More variables, requesting index 260
2021-03-23 13:02:49,275 [DEBUG]: Requesting index 260 on port 5
2021-03-23 13:02:49,279 [DEBUG]: Added element [260]
2021-03-23 13:02:49,279 [DEBUG]: [5]: More variables, requesting index 261
2021-03-23 13:02:49,279 [DEBUG]: Requesting index 261 on port 5
2021-03-23 13:02:49,283 [DEBUG]: Added element [261]
2021-03-23 13:02:49,283 [DEBUG]: [5]: More variables, requesting index 262
2021-03-23 13:02:49,283 [DEBUG]: Requesting index 262 on port 5
2021-03-23 13:02:49,287 [DEBUG]: Added element [262]
2021-03-23 13:02:49,288 [DEBUG]: [5]: More variables, requesting index 263
2021-03-23 13:02:49,288 [DEBUG]: Requesting index 263 on port 5
2021-03-23 13:02:49,292 [DEBUG]: Added element [263]
2021-03-23 13:02:49,292 [DEBUG]: [5]: More variables, requesting index 264
2021-03-23 13:02:49,292 [DEBUG]: Requesting index 264 on port 5
2021-03-23 13:02:49,295 [DEBUG]: Added element [264]
2021-03-23 13:02:49,295 [DEBUG]: [5]: More variables, requesting index 265
2021-03-23 13:02:49,295 [DEBUG]: Requesting index 265 on port 5
2021-03-23 13:02:49,299 [DEBUG]: Added element [265]
2021-03-23 13:02:49,299 [DEBUG]: [5]: More variables, requesting index 266
2021-03-23 13:02:49,299 [DEBUG]: Requesting index 266 on port 5
2021-03-23 13:02:49,303 [DEBUG]: Added element [266]
2021-03-23 13:02:49,303 [DEBUG]: [5]: More variables, requesting index 267
2021-03-23 13:02:49,304 [DEBUG]: Requesting index 267 on port 5
2021-03-23 13:02:49,307 [DEBUG]: Added element [267]
2021-03-23 13:02:49,308 [DEBUG]: [5]: More variables, requesting index 268
2021-03-23 13:02:49,308 [DEBUG]: Requesting index 268 on port 5
2021-03-23 13:02:49,312 [DEBUG]: Added element [268]
2021-03-23 13:02:49,312 [DEBUG]: [5]: More variables, requesting index 269
2021-03-23 13:02:49,312 [DEBUG]: Requesting index 269 on port 5
2021-03-23 13:02:49,317 [DEBUG]: Added element [269]
2021-03-23 13:02:49,317 [DEBUG]: [5]: More variables, requesting index 270
2021-03-23 13:02:49,317 [DEBUG]: Requesting index 270 on port 5
2021-03-23 13:02:49,321 [DEBUG]: Added element [270]
2021-03-23 13:02:49,321 [DEBUG]: [5]: More variables, requesting index 271
2021-03-23 13:02:49,321 [DEBUG]: Requesting index 271 on port 5
2021-03-23 13:02:49,325 [DEBUG]: Added element [271]
2021-03-23 13:02:49,325 [DEBUG]: [5]: More variables, requesting index 272
2021-03-23 13:02:49,325 [DEBUG]: Requesting index 272 on port 5
2021-03-23 13:02:49,328 [DEBUG]: Added element [272]
2021-03-23 13:02:49,328 [DEBUG]: [5]: More variables, requesting index 273
2021-03-23 13:02:49,329 [DEBUG]: Requesting index 273 on port 5
2021-03-23 13:02:49,332 [DEBUG]: Added element [273]
2021-03-23 13:02:49,332 [DEBUG]: [5]: More variables, requesting index 274
2021-03-23 13:02:49,332 [DEBUG]: Requesting index 274 on port 5
2021-03-23 13:02:49,336 [DEBUG]: Added element [274]
2021-03-23 13:02:49,337 [DEBUG]: [5]: More variables, requesting index 275
2021-03-23 13:02:49,337 [DEBUG]: Requesting index 275 on port 5
2021-03-23 13:02:49,341 [DEBUG]: Added element [275]
2021-03-23 13:02:49,341 [DEBUG]: [5]: More variables, requesting index 276
2021-03-23 13:02:49,341 [DEBUG]: Requesting index 276 on port 5
2021-03-23 13:02:49,345 [DEBUG]: Added element [276]
2021-03-23 13:02:49,345 [DEBUG]: [5]: More variables, requesting index 277
2021-03-23 13:02:49,345 [DEBUG]: Requesting index 277 on port 5
2021-03-23 13:02:49,349 [DEBUG]: Added element [277]
2021-03-23 13:02:49,349 [DEBUG]: [5]: More variables, requesting index 278
2021-03-23 13:02:49,349 [DEBUG]: Requesting index 278 on port 5
2021-03-23 13:02:49,353 [DEBUG]: Added element [278]
2021-03-23 13:02:49,353 [DEBUG]: [5]: More variables, requesting index 279
2021-03-23 13:02:49,354 [DEBUG]: Requesting index 279 on port 5
2021-03-23 13:02:49,357 [DEBUG]: Added element [279]
2021-03-23 13:02:49,358 [DEBUG]: [5]: More variables, requesting index 280
2021-03-23 13:02:49,358 [DEBUG]: Requesting index 280 on port 5
2021-03-23 13:02:49,362 [DEBUG]: Added element [280]
2021-03-23 13:02:49,362 [DEBUG]: [5]: More variables, requesting index 281
2021-03-23 13:02:49,362 [DEBUG]: Requesting index 281 on port 5
2021-03-23 13:02:49,366 [DEBUG]: Added element [281]
2021-03-23 13:02:49,366 [DEBUG]: [5]: More variables, requesting index 282
2021-03-23 13:02:49,366 [DEBUG]: Requesting index 282 on port 5
2021-03-23 13:02:49,370 [DEBUG]: Added element [282]
2021-03-23 13:02:49,370 [DEBUG]: [5]: More variables, requesting index 283
2021-03-23 13:02:49,370 [DEBUG]: Requesting index 283 on port 5
2021-03-23 13:02:49,374 [DEBUG]: Added element [283]
2021-03-23 13:02:49,374 [DEBUG]: [5]: More variables, requesting index 284
2021-03-23 13:02:49,374 [DEBUG]: Requesting index 284 on port 5
2021-03-23 13:02:49,378 [DEBUG]: Added element [284]
2021-03-23 13:02:49,378 [DEBUG]: [5]: More variables, requesting index 285
2021-03-23 13:02:49,378 [DEBUG]: Requesting index 285 on port 5
2021-03-23 13:02:49,383 [DEBUG]: Added element [285]
2021-03-23 13:02:49,383 [DEBUG]: [5]: More variables, requesting index 286
2021-03-23 13:02:49,383 [DEBUG]: Requesting index 286 on port 5
2021-03-23 13:02:49,386 [DEBUG]: Added element [286]
2021-03-23 13:02:49,387 [DEBUG]: [5]: More variables, requesting index 287
2021-03-23 13:02:49,387 [DEBUG]: Requesting index 287 on port 5
2021-03-23 13:02:49,391 [DEBUG]: Added element [287]
2021-03-23 13:02:49,391 [DEBUG]: [5]: More variables, requesting index 288
2021-03-23 13:02:49,391 [DEBUG]: Requesting index 288 on port 5
2021-03-23 13:02:49,404 [DEBUG]: Added element [288]
2021-03-23 13:02:49,404 [DEBUG]: [5]: More variables, requesting index 289
2021-03-23 13:02:49,404 [DEBUG]: Requesting index 289 on port 5
2021-03-23 13:02:49,408 [DEBUG]: Added element [289]
2021-03-23 13:02:49,408 [DEBUG]: [5]: More variables, requesting index 290
2021-03-23 13:02:49,408 [DEBUG]: Requesting index 290 on port 5
2021-03-23 13:02:49,413 [DEBUG]: Added element [290]
2021-03-23 13:02:49,413 [DEBUG]: [5]: More variables, requesting index 291
2021-03-23 13:02:49,413 [DEBUG]: Requesting index 291 on port 5
2021-03-23 13:02:49,417 [DEBUG]: Added element [291]
2021-03-23 13:02:49,417 [DEBUG]: [5]: More variables, requesting index 292
2021-03-23 13:02:49,417 [DEBUG]: Requesting index 292 on port 5
2021-03-23 13:02:49,422 [DEBUG]: Added element [292]
2021-03-23 13:02:49,422 [DEBUG]: [5]: More variables, requesting index 293
2021-03-23 13:02:49,422 [DEBUG]: Requesting index 293 on port 5
2021-03-23 13:02:49,425 [DEBUG]: Added element [293]
2021-03-23 13:02:49,425 [DEBUG]: [5]: More variables, requesting index 294
2021-03-23 13:02:49,425 [DEBUG]: Requesting index 294 on port 5
2021-03-23 13:02:49,430 [DEBUG]: Added element [294]
2021-03-23 13:02:49,430 [DEBUG]: [5]: More variables, requesting index 295
2021-03-23 13:02:49,430 [DEBUG]: Requesting index 295 on port 5
2021-03-23 13:02:49,433 [DEBUG]: Added element [295]
2021-03-23 13:02:49,433 [DEBUG]: [5]: More variables, requesting index 296
2021-03-23 13:02:49,434 [DEBUG]: Requesting index 296 on port 5
2021-03-23 13:02:49,437 [DEBUG]: Added element [296]
2021-03-23 13:02:49,437 [DEBUG]: [5]: More variables, requesting index 297
2021-03-23 13:02:49,437 [DEBUG]: Requesting index 297 on port 5
2021-03-23 13:02:49,442 [DEBUG]: Added element [297]
2021-03-23 13:02:49,442 [DEBUG]: [5]: More variables, requesting index 298
2021-03-23 13:02:49,442 [DEBUG]: Requesting index 298 on port 5
2021-03-23 13:02:49,446 [DEBUG]: Added element [298]
2021-03-23 13:02:49,446 [DEBUG]: [5]: More variables, requesting index 299
2021-03-23 13:02:49,446 [DEBUG]: Requesting index 299 on port 5
2021-03-23 13:02:49,450 [DEBUG]: Added element [299]
2021-03-23 13:02:49,450 [DEBUG]: [5]: More variables, requesting index 300
2021-03-23 13:02:49,450 [DEBUG]: Requesting index 300 on port 5
2021-03-23 13:02:49,454 [DEBUG]: Added element [300]
2021-03-23 13:02:49,455 [DEBUG]: [5]: More variables, requesting index 301
2021-03-23 13:02:49,455 [DEBUG]: Requesting index 301 on port 5
2021-03-23 13:02:49,459 [DEBUG]: Added element [301]
2021-03-23 13:02:49,459 [DEBUG]: [5]: More variables, requesting index 302
2021-03-23 13:02:49,459 [DEBUG]: Requesting index 302 on port 5
2021-03-23 13:02:49,464 [DEBUG]: Added element [302]
2021-03-23 13:02:49,464 [DEBUG]: [5]: More variables, requesting index 303
2021-03-23 13:02:49,464 [DEBUG]: Requesting index 303 on port 5
2021-03-23 13:02:49,468 [DEBUG]: Added element [303]
2021-03-23 13:02:49,468 [DEBUG]: [5]: More variables, requesting index 304
2021-03-23 13:02:49,468 [DEBUG]: Requesting index 304 on port 5
2021-03-23 13:02:49,472 [DEBUG]: Added element [304]
2021-03-23 13:02:49,473 [DEBUG]: [5]: More variables, requesting index 305
2021-03-23 13:02:49,473 [DEBUG]: Requesting index 305 on port 5
2021-03-23 13:02:49,477 [DEBUG]: Added element [305]
2021-03-23 13:02:49,477 [DEBUG]: [5]: More variables, requesting index 306
2021-03-23 13:02:49,478 [DEBUG]: Requesting index 306 on port 5
2021-03-23 13:02:49,482 [DEBUG]: Added element [306]
2021-03-23 13:02:49,483 [DEBUG]: [5]: More variables, requesting index 307
2021-03-23 13:02:49,483 [DEBUG]: Requesting index 307 on port 5
2021-03-23 13:02:49,487 [DEBUG]: Added element [307]
2021-03-23 13:02:49,488 [DEBUG]: [5]: More variables, requesting index 308
2021-03-23 13:02:49,488 [DEBUG]: Requesting index 308 on port 5
2021-03-23 13:02:49,493 [DEBUG]: Added element [308]
2021-03-23 13:02:49,493 [DEBUG]: [5]: More variables, requesting index 309
2021-03-23 13:02:49,493 [DEBUG]: Requesting index 309 on port 5
2021-03-23 13:02:49,497 [DEBUG]: Added element [309]
2021-03-23 13:02:49,498 [DEBUG]: [5]: More variables, requesting index 310
2021-03-23 13:02:49,498 [DEBUG]: Requesting index 310 on port 5
2021-03-23 13:02:49,503 [DEBUG]: Added element [310]
2021-03-23 13:02:49,503 [DEBUG]: [5]: More variables, requesting index 311
2021-03-23 13:02:49,503 [DEBUG]: Requesting index 311 on port 5
2021-03-23 13:02:49,507 [DEBUG]: Added element [311]
2021-03-23 13:02:49,508 [DEBUG]: [5]: More variables, requesting index 312
2021-03-23 13:02:49,508 [DEBUG]: Requesting index 312 on port 5
2021-03-23 13:02:49,511 [DEBUG]: Added element [312]
2021-03-23 13:02:49,511 [DEBUG]: [5]: More variables, requesting index 313
2021-03-23 13:02:49,511 [DEBUG]: Requesting index 313 on port 5
2021-03-23 13:02:49,515 [DEBUG]: Added element [313]
2021-03-23 13:02:49,516 [DEBUG]: [5]: More variables, requesting index 314
2021-03-23 13:02:49,516 [DEBUG]: Requesting index 314 on port 5
2021-03-23 13:02:49,519 [DEBUG]: Added element [314]
2021-03-23 13:02:49,520 [DEBUG]: [5]: More variables, requesting index 315
2021-03-23 13:02:49,520 [DEBUG]: Requesting index 315 on port 5
2021-03-23 13:02:49,534 [DEBUG]: Added element [315]
2021-03-23 13:02:49,534 [DEBUG]: [5]: More variables, requesting index 316
2021-03-23 13:02:49,534 [DEBUG]: Requesting index 316 on port 5
2021-03-23 13:02:49,539 [DEBUG]: Added element [316]
2021-03-23 13:02:49,539 [WARNING]: Could not save cache, no writable directory
2021-03-23 13:02:49,539 [DEBUG]: Removing callback on port [5] to [<bound method TocFetcher._new_packet_cb of <cflib.crazyflie.toc.TocFetcher object at 0x000001D8E70D52C8>>]
2021-03-23 13:02:49,539 [DEBUG]: [5]: Done!
2021-03-23 13:02:49,539 [INFO]: Log TOC finished updating
2021-03-23 13:02:49,539 [DEBUG]: Requesting number of memories
2021-03-23 13:02:49,542 [INFO]: 9 memories found
2021-03-23 13:02:49,542 [DEBUG]: Requesting first id
2021-03-23 13:02:49,546 [DEBUG]: Requesting information about memory 1
2021-03-23 13:02:49,551 [DEBUG]: Memory: id=1, type=LED driver, size=24
2021-03-23 13:02:49,551 [DEBUG]: Requesting information about memory 2
2021-03-23 13:02:49,555 [DEBUG]: Memory: id=2, type=Loco Positioning, size=6144
2021-03-23 13:02:49,555 [DEBUG]: Requesting information about memory 3
2021-03-23 13:02:49,559 [DEBUG]: Memory: id=3, type=Trajectory, size=4096
2021-03-23 13:02:49,559 [DEBUG]: Requesting information about memory 4
2021-03-23 13:02:49,563 [DEBUG]: Memory: id=4, type=Loco Positioning 2, size=69632
2021-03-23 13:02:49,563 [DEBUG]: Requesting information about memory 5
2021-03-23 13:02:49,567 [DEBUG]: Memory: id=5, type=Lighthouse positioning, size=96
2021-03-23 13:02:49,567 [DEBUG]: Requesting information about memory 6
2021-03-23 13:02:49,571 [DEBUG]: Memory: id=6, type=Memory tester, size=4096
2021-03-23 13:02:49,571 [DEBUG]: Requesting information about memory 7
2021-03-23 13:02:49,576 [DEBUG]: Memory: id=7, type=Unknown, size=0
2021-03-23 13:02:49,576 [DEBUG]: Requesting information about memory 8
2021-03-23 13:02:49,580 [DEBUG]: Done getting all the memories, start reading the OWs
2021-03-23 13:02:49,580 [DEBUG]: Updating content of memory 8
2021-03-23 13:02:49,580 [DEBUG]: Requesting new chunk of 11bytes at 0x0
2021-03-23 13:02:49,585 [DEBUG]: READ: Mem=8, addr=0x0, status=0x0, data=(235, 12, 0, 0, 0, 188, 15, 205, 0, 12, 1)
2021-03-23 13:02:49,585 [DEBUG]: READING: We are still interested in request for mem 8
2021-03-23 13:02:49,585 [DEBUG]: Requesting new chunk of 15bytes at 0x8
2021-03-23 13:02:49,591 [DEBUG]: READ: Mem=8, addr=0x8, status=0x0, data=(0, 12, 1, 7, 98, 99, 70, 108, 111, 119, 50, 2, 1, 65, 84)
2021-03-23 13:02:49,591 [DEBUG]: READING: We are still interested in request for mem 8
2021-03-23 13:02:49,591 [DEBUG]: OW 0DD9203F00000040 (BC:0F): {'Board name': 'bcFlow2', 'Board revision': 'A'}
2021-03-23 13:02:49,591 [INFO]: Memories finished updating
2021-03-23 13:02:49,591 [DEBUG]: [2]: Using V2 protocol: 1
2021-03-23 13:02:49,591 [DEBUG]: [2]: Start fetching...
2021-03-23 13:02:49,591 [DEBUG]: Adding callback on port [2] to [<bound method TocFetcher._new_packet_cb of <cflib.crazyflie.toc.TocFetcher object at 0x000001D8E70F5908>>]
2021-03-23 13:02:49,594 [DEBUG]: [2]: Got TOC CRC, 164 items and crc=0x1042AFA8
2021-03-23 13:02:49,594 [DEBUG]: Requesting index 0 on port 2
2021-03-23 13:02:49,598 [DEBUG]: Added element [0]
2021-03-23 13:02:49,599 [DEBUG]: [2]: More variables, requesting index 1
2021-03-23 13:02:49,599 [DEBUG]: Requesting index 1 on port 2
2021-03-23 13:02:49,603 [DEBUG]: Added element [1]
2021-03-23 13:02:49,603 [DEBUG]: [2]: More variables, requesting index 2
2021-03-23 13:02:49,603 [DEBUG]: Requesting index 2 on port 2
2021-03-23 13:02:49,608 [DEBUG]: Added element [2]
2021-03-23 13:02:49,608 [DEBUG]: [2]: More variables, requesting index 3
2021-03-23 13:02:49,608 [DEBUG]: Requesting index 3 on port 2
2021-03-23 13:02:49,612 [DEBUG]: Added element [3]
2021-03-23 13:02:49,612 [DEBUG]: [2]: More variables, requesting index 4
2021-03-23 13:02:49,612 [DEBUG]: Requesting index 4 on port 2
2021-03-23 13:02:49,616 [DEBUG]: Added element [4]
2021-03-23 13:02:49,616 [DEBUG]: [2]: More variables, requesting index 5
2021-03-23 13:02:49,616 [DEBUG]: Requesting index 5 on port 2
2021-03-23 13:02:49,621 [DEBUG]: Added element [5]
2021-03-23 13:02:49,621 [DEBUG]: [2]: More variables, requesting index 6
2021-03-23 13:02:49,621 [DEBUG]: Requesting index 6 on port 2
2021-03-23 13:02:49,625 [DEBUG]: Added element [6]
2021-03-23 13:02:49,625 [DEBUG]: [2]: More variables, requesting index 7
2021-03-23 13:02:49,625 [DEBUG]: Requesting index 7 on port 2
2021-03-23 13:02:49,629 [DEBUG]: Added element [7]
2021-03-23 13:02:49,629 [DEBUG]: [2]: More variables, requesting index 8
2021-03-23 13:02:49,629 [DEBUG]: Requesting index 8 on port 2
2021-03-23 13:02:49,633 [DEBUG]: Added element [8]
2021-03-23 13:02:49,633 [DEBUG]: [2]: More variables, requesting index 9
2021-03-23 13:02:49,633 [DEBUG]: Requesting index 9 on port 2
2021-03-23 13:02:49,637 [DEBUG]: Added element [9]
2021-03-23 13:02:49,637 [DEBUG]: [2]: More variables, requesting index 10
2021-03-23 13:02:49,637 [DEBUG]: Requesting index 10 on port 2
2021-03-23 13:02:49,641 [DEBUG]: Added element [10]
2021-03-23 13:02:49,641 [DEBUG]: [2]: More variables, requesting index 11
2021-03-23 13:02:49,641 [DEBUG]: Requesting index 11 on port 2
2021-03-23 13:02:49,646 [DEBUG]: Added element [11]
2021-03-23 13:02:49,646 [DEBUG]: [2]: More variables, requesting index 12
2021-03-23 13:02:49,646 [DEBUG]: Requesting index 12 on port 2
2021-03-23 13:02:49,651 [DEBUG]: Added element [12]
2021-03-23 13:02:49,651 [DEBUG]: [2]: More variables, requesting index 13
2021-03-23 13:02:49,651 [DEBUG]: Requesting index 13 on port 2
2021-03-23 13:02:49,664 [DEBUG]: Added element [13]
2021-03-23 13:02:49,664 [DEBUG]: [2]: More variables, requesting index 14
2021-03-23 13:02:49,664 [DEBUG]: Requesting index 14 on port 2
2021-03-23 13:02:49,668 [DEBUG]: Added element [14]
2021-03-23 13:02:49,668 [DEBUG]: [2]: More variables, requesting index 15
2021-03-23 13:02:49,668 [DEBUG]: Requesting index 15 on port 2
2021-03-23 13:02:49,672 [DEBUG]: Added element [15]
2021-03-23 13:02:49,672 [DEBUG]: [2]: More variables, requesting index 16
2021-03-23 13:02:49,672 [DEBUG]: Requesting index 16 on port 2
2021-03-23 13:02:49,676 [DEBUG]: Added element [16]
2021-03-23 13:02:49,676 [DEBUG]: [2]: More variables, requesting index 17
2021-03-23 13:02:49,676 [DEBUG]: Requesting index 17 on port 2
2021-03-23 13:02:49,680 [DEBUG]: Added element [17]
2021-03-23 13:02:49,680 [DEBUG]: [2]: More variables, requesting index 18
2021-03-23 13:02:49,681 [DEBUG]: Requesting index 18 on port 2
2021-03-23 13:02:49,686 [DEBUG]: Added element [18]
2021-03-23 13:02:49,686 [DEBUG]: [2]: More variables, requesting index 19
2021-03-23 13:02:49,686 [DEBUG]: Requesting index 19 on port 2
2021-03-23 13:02:49,690 [DEBUG]: Added element [19]
2021-03-23 13:02:49,690 [DEBUG]: [2]: More variables, requesting index 20
2021-03-23 13:02:49,691 [DEBUG]: Requesting index 20 on port 2
2021-03-23 13:02:49,695 [DEBUG]: Added element [20]
2021-03-23 13:02:49,696 [DEBUG]: [2]: More variables, requesting index 21
2021-03-23 13:02:49,696 [DEBUG]: Requesting index 21 on port 2
2021-03-23 13:02:49,701 [DEBUG]: Added element [21]
2021-03-23 13:02:49,701 [DEBUG]: [2]: More variables, requesting index 22
2021-03-23 13:02:49,701 [DEBUG]: Requesting index 22 on port 2
2021-03-23 13:02:49,705 [DEBUG]: Added element [22]
2021-03-23 13:02:49,705 [DEBUG]: [2]: More variables, requesting index 23
2021-03-23 13:02:49,705 [DEBUG]: Requesting index 23 on port 2
2021-03-23 13:02:49,709 [DEBUG]: Added element [23]
2021-03-23 13:02:49,710 [DEBUG]: [2]: More variables, requesting index 24
2021-03-23 13:02:49,710 [DEBUG]: Requesting index 24 on port 2
2021-03-23 13:02:49,715 [DEBUG]: Added element [24]
2021-03-23 13:02:49,715 [DEBUG]: [2]: More variables, requesting index 25
2021-03-23 13:02:49,715 [DEBUG]: Requesting index 25 on port 2
2021-03-23 13:02:49,720 [DEBUG]: Added element [25]
2021-03-23 13:02:49,720 [DEBUG]: [2]: More variables, requesting index 26
2021-03-23 13:02:49,720 [DEBUG]: Requesting index 26 on port 2
2021-03-23 13:02:49,724 [DEBUG]: Added element [26]
2021-03-23 13:02:49,724 [DEBUG]: [2]: More variables, requesting index 27
2021-03-23 13:02:49,724 [DEBUG]: Requesting index 27 on port 2
2021-03-23 13:02:49,729 [DEBUG]: Added element [27]
2021-03-23 13:02:49,729 [DEBUG]: [2]: More variables, requesting index 28
2021-03-23 13:02:49,729 [DEBUG]: Requesting index 28 on port 2
2021-03-23 13:02:49,733 [DEBUG]: Added element [28]
2021-03-23 13:02:49,733 [DEBUG]: [2]: More variables, requesting index 29
2021-03-23 13:02:49,733 [DEBUG]: Requesting index 29 on port 2
2021-03-23 13:02:49,738 [DEBUG]: Added element [29]
2021-03-23 13:02:49,738 [DEBUG]: [2]: More variables, requesting index 30
2021-03-23 13:02:49,738 [DEBUG]: Requesting index 30 on port 2
2021-03-23 13:02:49,742 [DEBUG]: Added element [30]
2021-03-23 13:02:49,742 [DEBUG]: [2]: More variables, requesting index 31
2021-03-23 13:02:49,742 [DEBUG]: Requesting index 31 on port 2
2021-03-23 13:02:49,746 [DEBUG]: Added element [31]
2021-03-23 13:02:49,746 [DEBUG]: [2]: More variables, requesting index 32
2021-03-23 13:02:49,746 [DEBUG]: Requesting index 32 on port 2
2021-03-23 13:02:49,752 [DEBUG]: Added element [32]
2021-03-23 13:02:49,752 [DEBUG]: [2]: More variables, requesting index 33
2021-03-23 13:02:49,752 [DEBUG]: Requesting index 33 on port 2
2021-03-23 13:02:49,757 [DEBUG]: Added element [33]
2021-03-23 13:02:49,757 [DEBUG]: [2]: More variables, requesting index 34
2021-03-23 13:02:49,757 [DEBUG]: Requesting index 34 on port 2
2021-03-23 13:02:49,761 [DEBUG]: Added element [34]
2021-03-23 13:02:49,761 [DEBUG]: [2]: More variables, requesting index 35
2021-03-23 13:02:49,761 [DEBUG]: Requesting index 35 on port 2
2021-03-23 13:02:49,766 [DEBUG]: Added element [35]
2021-03-23 13:02:49,766 [DEBUG]: [2]: More variables, requesting index 36
2021-03-23 13:02:49,766 [DEBUG]: Requesting index 36 on port 2
2021-03-23 13:02:49,771 [DEBUG]: Added element [36]
2021-03-23 13:02:49,771 [DEBUG]: [2]: More variables, requesting index 37
2021-03-23 13:02:49,771 [DEBUG]: Requesting index 37 on port 2
2021-03-23 13:02:49,775 [DEBUG]: Added element [37]
2021-03-23 13:02:49,776 [DEBUG]: [2]: More variables, requesting index 38
2021-03-23 13:02:49,776 [DEBUG]: Requesting index 38 on port 2
2021-03-23 13:02:49,781 [DEBUG]: Added element [38]
2021-03-23 13:02:49,782 [DEBUG]: [2]: More variables, requesting index 39
2021-03-23 13:02:49,782 [DEBUG]: Requesting index 39 on port 2
2021-03-23 13:02:49,786 [DEBUG]: Added element [39]
2021-03-23 13:02:49,786 [DEBUG]: [2]: More variables, requesting index 40
2021-03-23 13:02:49,786 [DEBUG]: Requesting index 40 on port 2
2021-03-23 13:02:49,799 [DEBUG]: Added element [40]
2021-03-23 13:02:49,800 [DEBUG]: [2]: More variables, requesting index 41
2021-03-23 13:02:49,800 [DEBUG]: Requesting index 41 on port 2
2021-03-23 13:02:49,804 [DEBUG]: Added element [41]
2021-03-23 13:02:49,804 [DEBUG]: [2]: More variables, requesting index 42
2021-03-23 13:02:49,804 [DEBUG]: Requesting index 42 on port 2
