2021-03-30 14:19:05,583 [INFO]: variables added
2021-03-30 14:19:05,583 [DEBUG]: Adding callback on port [6] to [<bound method Localization._incoming of <cflib.crazyflie.localization.Localization object at 0x000002797FF676C8>>]
2021-03-30 14:19:05,584 [DEBUG]: Adding callback on port [5] to [<bound method Log._new_packet_cb of <cflib.crazyflie.log.Log object at 0x000002797FF67848>>]
2021-03-30 14:19:05,584 [DEBUG]: Adding callback on port [0] to [<bound method Console.incoming of <cflib.crazyflie.console.Console object at 0x000002797FF67908>>]
2021-03-30 14:19:05,584 [DEBUG]: Adding callback on port [2] to [<bound method _ParamUpdater._new_packet_cb of <_ParamUpdater(Thread-7, initial daemon)>>]
2021-03-30 14:19:05,585 [DEBUG]: Adding callback on port [4] to [<bound method Memory._new_packet_cb of <cflib.crazyflie.mem.Memory object at 0x000002797FF67E08>>]
2021-03-30 14:19:05,585 [DEBUG]: Adding callback on port [13] to [<bound method PlatformService._platform_callback of <cflib.crazyflie.platformservice.PlatformService object at 0x000002797FF67F88>>]
2021-03-30 14:19:05,585 [DEBUG]: Adding callback on port [15] to [<bound method PlatformService._crt_service_callback of <cflib.crazyflie.platformservice.PlatformService object at 0x000002797FF67F88>>]
2021-03-30 14:19:05,585 [INFO]: Callback->Connection initialized[radio://0/80/2M]
2021-03-30 14:19:05,592 [INFO]: We are connected[radio://0/80/2M], request connection setup
2021-03-30 14:19:05,593 [INFO]: Callback->Connected to [radio://0/80/2M]
2021-03-30 14:19:05,600 [INFO]: Protocol  version: 4
2021-03-30 14:19:05,604 [DEBUG]: Logging reset, continue with TOC download
2021-03-30 14:19:05,604 [DEBUG]: [5]: Using V2 protocol: 1
2021-03-30 14:19:05,604 [DEBUG]: [5]: Start fetching...
2021-03-30 14:19:05,604 [DEBUG]: Adding callback on port [5] to [<bound method TocFetcher._new_packet_cb of <cflib.crazyflie.toc.TocFetcher object at 0x000002797FFB1E88>>]
2021-03-30 14:19:05,608 [DEBUG]: [5]: Got TOC CRC, 317 items and crc=0x05C5AF70
2021-03-30 14:19:05,608 [DEBUG]: Requesting index 0 on port 5
2021-03-30 14:19:05,612 [DEBUG]: Added element [0]
2021-03-30 14:19:05,612 [DEBUG]: [5]: More variables, requesting index 1
2021-03-30 14:19:05,612 [DEBUG]: Requesting index 1 on port 5
2021-03-30 14:19:05,616 [DEBUG]: Added element [1]
2021-03-30 14:19:05,616 [DEBUG]: [5]: More variables, requesting index 2
2021-03-30 14:19:05,616 [DEBUG]: Requesting index 2 on port 5
2021-03-30 14:19:05,620 [DEBUG]: Added element [2]
2021-03-30 14:19:05,620 [DEBUG]: [5]: More variables, requesting index 3
2021-03-30 14:19:05,620 [DEBUG]: Requesting index 3 on port 5
2021-03-30 14:19:05,625 [DEBUG]: Added element [3]
2021-03-30 14:19:05,625 [DEBUG]: [5]: More variables, requesting index 4
2021-03-30 14:19:05,625 [DEBUG]: Requesting index 4 on port 5
2021-03-30 14:19:05,629 [DEBUG]: Added element [4]
2021-03-30 14:19:05,629 [DEBUG]: [5]: More variables, requesting index 5
2021-03-30 14:19:05,629 [DEBUG]: Requesting index 5 on port 5
2021-03-30 14:19:05,634 [DEBUG]: Added element [5]
2021-03-30 14:19:05,634 [DEBUG]: [5]: More variables, requesting index 6
2021-03-30 14:19:05,634 [DEBUG]: Requesting index 6 on port 5
2021-03-30 14:19:05,638 [DEBUG]: Added element [6]
2021-03-30 14:19:05,638 [DEBUG]: [5]: More variables, requesting index 7
2021-03-30 14:19:05,638 [DEBUG]: Requesting index 7 on port 5
2021-03-30 14:19:05,642 [DEBUG]: Added element [7]
2021-03-30 14:19:05,642 [DEBUG]: [5]: More variables, requesting index 8
2021-03-30 14:19:05,642 [DEBUG]: Requesting index 8 on port 5
2021-03-30 14:19:05,647 [DEBUG]: Added element [8]
2021-03-30 14:19:05,647 [DEBUG]: [5]: More variables, requesting index 9
2021-03-30 14:19:05,648 [DEBUG]: Requesting index 9 on port 5
2021-03-30 14:19:05,652 [DEBUG]: Added element [9]
2021-03-30 14:19:05,652 [DEBUG]: [5]: More variables, requesting index 10
2021-03-30 14:19:05,652 [DEBUG]: Requesting index 10 on port 5
2021-03-30 14:19:05,657 [DEBUG]: Added element [10]
2021-03-30 14:19:05,657 [DEBUG]: [5]: More variables, requesting index 11
2021-03-30 14:19:05,657 [DEBUG]: Requesting index 11 on port 5
2021-03-30 14:19:05,661 [DEBUG]: Added element [11]
2021-03-30 14:19:05,661 [DEBUG]: [5]: More variables, requesting index 12
2021-03-30 14:19:05,662 [DEBUG]: Requesting index 12 on port 5
2021-03-30 14:19:05,666 [DEBUG]: Added element [12]
2021-03-30 14:19:05,667 [DEBUG]: [5]: More variables, requesting index 13
2021-03-30 14:19:05,667 [DEBUG]: Requesting index 13 on port 5
2021-03-30 14:19:05,671 [DEBUG]: Added element [13]
2021-03-30 14:19:05,671 [DEBUG]: [5]: More variables, requesting index 14
2021-03-30 14:19:05,671 [DEBUG]: Requesting index 14 on port 5
2021-03-30 14:19:05,676 [DEBUG]: Added element [14]
2021-03-30 14:19:05,676 [DEBUG]: [5]: More variables, requesting index 15
2021-03-30 14:19:05,676 [DEBUG]: Requesting index 15 on port 5
2021-03-30 14:19:05,680 [DEBUG]: Added element [15]
2021-03-30 14:19:05,681 [DEBUG]: [5]: More variables, requesting index 16
2021-03-30 14:19:05,681 [DEBUG]: Requesting index 16 on port 5
2021-03-30 14:19:05,685 [DEBUG]: Added element [16]
2021-03-30 14:19:05,685 [DEBUG]: [5]: More variables, requesting index 17
2021-03-30 14:19:05,685 [DEBUG]: Requesting index 17 on port 5
2021-03-30 14:19:05,690 [DEBUG]: Added element [17]
2021-03-30 14:19:05,690 [DEBUG]: [5]: More variables, requesting index 18
2021-03-30 14:19:05,690 [DEBUG]: Requesting index 18 on port 5
2021-03-30 14:19:05,703 [DEBUG]: Added element [18]
2021-03-30 14:19:05,703 [DEBUG]: [5]: More variables, requesting index 19
2021-03-30 14:19:05,703 [DEBUG]: Requesting index 19 on port 5
2021-03-30 14:19:05,708 [DEBUG]: Added element [19]
2021-03-30 14:19:05,708 [DEBUG]: [5]: More variables, requesting index 20
2021-03-30 14:19:05,708 [DEBUG]: Requesting index 20 on port 5
2021-03-30 14:19:05,712 [DEBUG]: Added element [20]
2021-03-30 14:19:05,712 [DEBUG]: [5]: More variables, requesting index 21
2021-03-30 14:19:05,712 [DEBUG]: Requesting index 21 on port 5
2021-03-30 14:19:05,717 [DEBUG]: Added element [21]
2021-03-30 14:19:05,717 [DEBUG]: [5]: More variables, requesting index 22
2021-03-30 14:19:05,717 [DEBUG]: Requesting index 22 on port 5
2021-03-30 14:19:05,721 [DEBUG]: Added element [22]
2021-03-30 14:19:05,721 [DEBUG]: [5]: More variables, requesting index 23
2021-03-30 14:19:05,721 [DEBUG]: Requesting index 23 on port 5
2021-03-30 14:19:05,726 [DEBUG]: Added element [23]
2021-03-30 14:19:05,726 [DEBUG]: [5]: More variables, requesting index 24
2021-03-30 14:19:05,726 [DEBUG]: Requesting index 24 on port 5
2021-03-30 14:19:05,731 [DEBUG]: Added element [24]
2021-03-30 14:19:05,731 [DEBUG]: [5]: More variables, requesting index 25
2021-03-30 14:19:05,731 [DEBUG]: Requesting index 25 on port 5
2021-03-30 14:19:05,735 [DEBUG]: Added element [25]
2021-03-30 14:19:05,735 [DEBUG]: [5]: More variables, requesting index 26
2021-03-30 14:19:05,736 [DEBUG]: Requesting index 26 on port 5
2021-03-30 14:19:05,739 [DEBUG]: Added element [26]
2021-03-30 14:19:05,739 [DEBUG]: [5]: More variables, requesting index 27
2021-03-30 14:19:05,739 [DEBUG]: Requesting index 27 on port 5
2021-03-30 14:19:05,743 [DEBUG]: Added element [27]
2021-03-30 14:19:05,743 [DEBUG]: [5]: More variables, requesting index 28
2021-03-30 14:19:05,743 [DEBUG]: Requesting index 28 on port 5
2021-03-30 14:19:05,747 [DEBUG]: Added element [28]
2021-03-30 14:19:05,747 [DEBUG]: [5]: More variables, requesting index 29
2021-03-30 14:19:05,747 [DEBUG]: Requesting index 29 on port 5
2021-03-30 14:19:05,751 [DEBUG]: Added element [29]
2021-03-30 14:19:05,751 [DEBUG]: [5]: More variables, requesting index 30
2021-03-30 14:19:05,751 [DEBUG]: Requesting index 30 on port 5
2021-03-30 14:19:05,756 [DEBUG]: Added element [30]
2021-03-30 14:19:05,756 [DEBUG]: [5]: More variables, requesting index 31
2021-03-30 14:19:05,756 [DEBUG]: Requesting index 31 on port 5
2021-03-30 14:19:05,759 [DEBUG]: Added element [31]
2021-03-30 14:19:05,759 [DEBUG]: [5]: More variables, requesting index 32
2021-03-30 14:19:05,760 [DEBUG]: Requesting index 32 on port 5
2021-03-30 14:19:05,764 [DEBUG]: Added element [32]
2021-03-30 14:19:05,764 [DEBUG]: [5]: More variables, requesting index 33
2021-03-30 14:19:05,764 [DEBUG]: Requesting index 33 on port 5
2021-03-30 14:19:05,768 [DEBUG]: Added element [33]
2021-03-30 14:19:05,768 [DEBUG]: [5]: More variables, requesting index 34
2021-03-30 14:19:05,769 [DEBUG]: Requesting index 34 on port 5
2021-03-30 14:19:05,773 [DEBUG]: Added element [34]
2021-03-30 14:19:05,773 [DEBUG]: [5]: More variables, requesting index 35
2021-03-30 14:19:05,773 [DEBUG]: Requesting index 35 on port 5
2021-03-30 14:19:05,778 [DEBUG]: Added element [35]
2021-03-30 14:19:05,778 [DEBUG]: [5]: More variables, requesting index 36
2021-03-30 14:19:05,778 [DEBUG]: Requesting index 36 on port 5
2021-03-30 14:19:05,782 [DEBUG]: Added element [36]
2021-03-30 14:19:05,782 [DEBUG]: [5]: More variables, requesting index 37
2021-03-30 14:19:05,783 [DEBUG]: Requesting index 37 on port 5
2021-03-30 14:19:05,787 [DEBUG]: Added element [37]
2021-03-30 14:19:05,787 [DEBUG]: [5]: More variables, requesting index 38
2021-03-30 14:19:05,787 [DEBUG]: Requesting index 38 on port 5
2021-03-30 14:19:05,791 [DEBUG]: Added element [38]
2021-03-30 14:19:05,791 [DEBUG]: [5]: More variables, requesting index 39
2021-03-30 14:19:05,791 [DEBUG]: Requesting index 39 on port 5
2021-03-30 14:19:05,795 [DEBUG]: Added element [39]
2021-03-30 14:19:05,795 [DEBUG]: [5]: More variables, requesting index 40
2021-03-30 14:19:05,796 [DEBUG]: Requesting index 40 on port 5
2021-03-30 14:19:05,799 [DEBUG]: Added element [40]
2021-03-30 14:19:05,799 [DEBUG]: [5]: More variables, requesting index 41
2021-03-30 14:19:05,799 [DEBUG]: Requesting index 41 on port 5
2021-03-30 14:19:05,803 [DEBUG]: Added element [41]
2021-03-30 14:19:05,803 [DEBUG]: [5]: More variables, requesting index 42
2021-03-30 14:19:05,803 [DEBUG]: Requesting index 42 on port 5
2021-03-30 14:19:05,807 [DEBUG]: Added element [42]
2021-03-30 14:19:05,808 [DEBUG]: [5]: More variables, requesting index 43
2021-03-30 14:19:05,808 [DEBUG]: Requesting index 43 on port 5
2021-03-30 14:19:05,812 [DEBUG]: Added element [43]
2021-03-30 14:19:05,812 [DEBUG]: [5]: More variables, requesting index 44
2021-03-30 14:19:05,812 [DEBUG]: Requesting index 44 on port 5
2021-03-30 14:19:05,816 [DEBUG]: Added element [44]
2021-03-30 14:19:05,817 [DEBUG]: [5]: More variables, requesting index 45
2021-03-30 14:19:05,817 [DEBUG]: Requesting index 45 on port 5
2021-03-30 14:19:05,821 [DEBUG]: Added element [45]
2021-03-30 14:19:05,821 [DEBUG]: [5]: More variables, requesting index 46
2021-03-30 14:19:05,821 [DEBUG]: Requesting index 46 on port 5
2021-03-30 14:19:05,826 [DEBUG]: Added element [46]
2021-03-30 14:19:05,826 [DEBUG]: [5]: More variables, requesting index 47
2021-03-30 14:19:05,826 [DEBUG]: Requesting index 47 on port 5
2021-03-30 14:19:05,839 [DEBUG]: Added element [47]
2021-03-30 14:19:05,839 [DEBUG]: [5]: More variables, requesting index 48
2021-03-30 14:19:05,839 [DEBUG]: Requesting index 48 on port 5
2021-03-30 14:19:05,844 [DEBUG]: Added element [48]
2021-03-30 14:19:05,844 [DEBUG]: [5]: More variables, requesting index 49
2021-03-30 14:19:05,844 [DEBUG]: Requesting index 49 on port 5
2021-03-30 14:19:05,849 [DEBUG]: Added element [49]
2021-03-30 14:19:05,849 [DEBUG]: [5]: More variables, requesting index 50
2021-03-30 14:19:05,849 [DEBUG]: Requesting index 50 on port 5
2021-03-30 14:19:05,854 [DEBUG]: Added element [50]
2021-03-30 14:19:05,854 [DEBUG]: [5]: More variables, requesting index 51
2021-03-30 14:19:05,854 [DEBUG]: Requesting index 51 on port 5
2021-03-30 14:19:05,858 [DEBUG]: Added element [51]
2021-03-30 14:19:05,858 [DEBUG]: [5]: More variables, requesting index 52
2021-03-30 14:19:05,858 [DEBUG]: Requesting index 52 on port 5
2021-03-30 14:19:05,863 [DEBUG]: Added element [52]
2021-03-30 14:19:05,863 [DEBUG]: [5]: More variables, requesting index 53
2021-03-30 14:19:05,863 [DEBUG]: Requesting index 53 on port 5
2021-03-30 14:19:05,867 [DEBUG]: Added element [53]
2021-03-30 14:19:05,867 [DEBUG]: [5]: More variables, requesting index 54
2021-03-30 14:19:05,867 [DEBUG]: Requesting index 54 on port 5
2021-03-30 14:19:05,872 [DEBUG]: Added element [54]
2021-03-30 14:19:05,872 [DEBUG]: [5]: More variables, requesting index 55
2021-03-30 14:19:05,872 [DEBUG]: Requesting index 55 on port 5
2021-03-30 14:19:05,876 [DEBUG]: Added element [55]
2021-03-30 14:19:05,876 [DEBUG]: [5]: More variables, requesting index 56
2021-03-30 14:19:05,876 [DEBUG]: Requesting index 56 on port 5
2021-03-30 14:19:05,881 [DEBUG]: Added element [56]
2021-03-30 14:19:05,881 [DEBUG]: [5]: More variables, requesting index 57
2021-03-30 14:19:05,881 [DEBUG]: Requesting index 57 on port 5
2021-03-30 14:19:05,886 [DEBUG]: Added element [57]
2021-03-30 14:19:05,886 [DEBUG]: [5]: More variables, requesting index 58
2021-03-30 14:19:05,886 [DEBUG]: Requesting index 58 on port 5
2021-03-30 14:19:05,890 [DEBUG]: Added element [58]
2021-03-30 14:19:05,890 [DEBUG]: [5]: More variables, requesting index 59
2021-03-30 14:19:05,890 [DEBUG]: Requesting index 59 on port 5
2021-03-30 14:19:05,895 [DEBUG]: Added element [59]
2021-03-30 14:19:05,895 [DEBUG]: [5]: More variables, requesting index 60
2021-03-30 14:19:05,895 [DEBUG]: Requesting index 60 on port 5
2021-03-30 14:19:05,900 [DEBUG]: Added element [60]
2021-03-30 14:19:05,900 [DEBUG]: [5]: More variables, requesting index 61
2021-03-30 14:19:05,900 [DEBUG]: Requesting index 61 on port 5
2021-03-30 14:19:05,904 [DEBUG]: Added element [61]
2021-03-30 14:19:05,904 [DEBUG]: [5]: More variables, requesting index 62
2021-03-30 14:19:05,904 [DEBUG]: Requesting index 62 on port 5
2021-03-30 14:19:05,909 [DEBUG]: Added element [62]
2021-03-30 14:19:05,909 [DEBUG]: [5]: More variables, requesting index 63
2021-03-30 14:19:05,909 [DEBUG]: Requesting index 63 on port 5
2021-03-30 14:19:05,914 [DEBUG]: Added element [63]
2021-03-30 14:19:05,914 [DEBUG]: [5]: More variables, requesting index 64
2021-03-30 14:19:05,914 [DEBUG]: Requesting index 64 on port 5
2021-03-30 14:19:05,918 [DEBUG]: Added element [64]
2021-03-30 14:19:05,918 [DEBUG]: [5]: More variables, requesting index 65
2021-03-30 14:19:05,918 [DEBUG]: Requesting index 65 on port 5
2021-03-30 14:19:05,923 [DEBUG]: Added element [65]
2021-03-30 14:19:05,923 [DEBUG]: [5]: More variables, requesting index 66
2021-03-30 14:19:05,923 [DEBUG]: Requesting index 66 on port 5
2021-03-30 14:19:05,927 [DEBUG]: Added element [66]
2021-03-30 14:19:05,928 [DEBUG]: [5]: More variables, requesting index 67
2021-03-30 14:19:05,928 [DEBUG]: Requesting index 67 on port 5
2021-03-30 14:19:05,932 [DEBUG]: Added element [67]
2021-03-30 14:19:05,932 [DEBUG]: [5]: More variables, requesting index 68
2021-03-30 14:19:05,932 [DEBUG]: Requesting index 68 on port 5
2021-03-30 14:19:05,937 [DEBUG]: Added element [68]
2021-03-30 14:19:05,937 [DEBUG]: [5]: More variables, requesting index 69
2021-03-30 14:19:05,937 [DEBUG]: Requesting index 69 on port 5
2021-03-30 14:19:05,941 [DEBUG]: Added element [69]
2021-03-30 14:19:05,942 [DEBUG]: [5]: More variables, requesting index 70
2021-03-30 14:19:05,942 [DEBUG]: Requesting index 70 on port 5
2021-03-30 14:19:05,947 [DEBUG]: Added element [70]
2021-03-30 14:19:05,947 [DEBUG]: [5]: More variables, requesting index 71
2021-03-30 14:19:05,947 [DEBUG]: Requesting index 71 on port 5
2021-03-30 14:19:05,952 [DEBUG]: Added element [71]
2021-03-30 14:19:05,952 [DEBUG]: [5]: More variables, requesting index 72
2021-03-30 14:19:05,952 [DEBUG]: Requesting index 72 on port 5
2021-03-30 14:19:05,964 [DEBUG]: Added element [72]
2021-03-30 14:19:05,965 [DEBUG]: [5]: More variables, requesting index 73
2021-03-30 14:19:05,965 [DEBUG]: Requesting index 73 on port 5
2021-03-30 14:19:05,968 [DEBUG]: Added element [73]
2021-03-30 14:19:05,968 [DEBUG]: [5]: More variables, requesting index 74
2021-03-30 14:19:05,968 [DEBUG]: Requesting index 74 on port 5
2021-03-30 14:19:05,972 [DEBUG]: Added element [74]
2021-03-30 14:19:05,972 [DEBUG]: [5]: More variables, requesting index 75
2021-03-30 14:19:05,972 [DEBUG]: Requesting index 75 on port 5
2021-03-30 14:19:05,976 [DEBUG]: Added element [75]
2021-03-30 14:19:05,976 [DEBUG]: [5]: More variables, requesting index 76
2021-03-30 14:19:05,976 [DEBUG]: Requesting index 76 on port 5
2021-03-30 14:19:05,980 [DEBUG]: Added element [76]
2021-03-30 14:19:05,980 [DEBUG]: [5]: More variables, requesting index 77
2021-03-30 14:19:05,980 [DEBUG]: Requesting index 77 on port 5
2021-03-30 14:19:05,985 [DEBUG]: Added element [77]
2021-03-30 14:19:05,985 [DEBUG]: [5]: More variables, requesting index 78
2021-03-30 14:19:05,985 [DEBUG]: Requesting index 78 on port 5
2021-03-30 14:19:05,989 [DEBUG]: Added element [78]
2021-03-30 14:19:05,989 [DEBUG]: [5]: More variables, requesting index 79
2021-03-30 14:19:05,990 [DEBUG]: Requesting index 79 on port 5
2021-03-30 14:19:05,994 [DEBUG]: Added element [79]
2021-03-30 14:19:05,994 [DEBUG]: [5]: More variables, requesting index 80
2021-03-30 14:19:05,995 [DEBUG]: Requesting index 80 on port 5
2021-03-30 14:19:05,999 [DEBUG]: Added element [80]
2021-03-30 14:19:05,999 [DEBUG]: [5]: More variables, requesting index 81
2021-03-30 14:19:05,999 [DEBUG]: Requesting index 81 on port 5
2021-03-30 14:19:06,003 [DEBUG]: Added element [81]
2021-03-30 14:19:06,004 [DEBUG]: [5]: More variables, requesting index 82
2021-03-30 14:19:06,004 [DEBUG]: Requesting index 82 on port 5
2021-03-30 14:19:06,008 [DEBUG]: Added element [82]
2021-03-30 14:19:06,008 [DEBUG]: [5]: More variables, requesting index 83
2021-03-30 14:19:06,008 [DEBUG]: Requesting index 83 on port 5
2021-03-30 14:19:06,013 [DEBUG]: Added element [83]
2021-03-30 14:19:06,013 [DEBUG]: [5]: More variables, requesting index 84
2021-03-30 14:19:06,013 [DEBUG]: Requesting index 84 on port 5
2021-03-30 14:19:06,017 [DEBUG]: Added element [84]
2021-03-30 14:19:06,017 [DEBUG]: [5]: More variables, requesting index 85
2021-03-30 14:19:06,017 [DEBUG]: Requesting index 85 on port 5
2021-03-30 14:19:06,022 [DEBUG]: Added element [85]
2021-03-30 14:19:06,022 [DEBUG]: [5]: More variables, requesting index 86
2021-03-30 14:19:06,022 [DEBUG]: Requesting index 86 on port 5
2021-03-30 14:19:06,027 [DEBUG]: Added element [86]
2021-03-30 14:19:06,027 [DEBUG]: [5]: More variables, requesting index 87
2021-03-30 14:19:06,027 [DEBUG]: Requesting index 87 on port 5
2021-03-30 14:19:06,031 [DEBUG]: Added element [87]
2021-03-30 14:19:06,031 [DEBUG]: [5]: More variables, requesting index 88
2021-03-30 14:19:06,031 [DEBUG]: Requesting index 88 on port 5
2021-03-30 14:19:06,036 [DEBUG]: Added element [88]
2021-03-30 14:19:06,036 [DEBUG]: [5]: More variables, requesting index 89
2021-03-30 14:19:06,036 [DEBUG]: Requesting index 89 on port 5
2021-03-30 14:19:06,040 [DEBUG]: Added element [89]
2021-03-30 14:19:06,040 [DEBUG]: [5]: More variables, requesting index 90
2021-03-30 14:19:06,041 [DEBUG]: Requesting index 90 on port 5
2021-03-30 14:19:06,045 [DEBUG]: Added element [90]
2021-03-30 14:19:06,045 [DEBUG]: [5]: More variables, requesting index 91
2021-03-30 14:19:06,045 [DEBUG]: Requesting index 91 on port 5
2021-03-30 14:19:06,049 [DEBUG]: Added element [91]
2021-03-30 14:19:06,049 [DEBUG]: [5]: More variables, requesting index 92
2021-03-30 14:19:06,049 [DEBUG]: Requesting index 92 on port 5
2021-03-30 14:19:06,053 [DEBUG]: Added element [92]
2021-03-30 14:19:06,054 [DEBUG]: [5]: More variables, requesting index 93
2021-03-30 14:19:06,054 [DEBUG]: Requesting index 93 on port 5
2021-03-30 14:19:06,058 [DEBUG]: Added element [93]
2021-03-30 14:19:06,058 [DEBUG]: [5]: More variables, requesting index 94
2021-03-30 14:19:06,058 [DEBUG]: Requesting index 94 on port 5
2021-03-30 14:19:06,063 [DEBUG]: Added element [94]
2021-03-30 14:19:06,063 [DEBUG]: [5]: More variables, requesting index 95
2021-03-30 14:19:06,063 [DEBUG]: Requesting index 95 on port 5
2021-03-30 14:19:06,067 [DEBUG]: Added element [95]
2021-03-30 14:19:06,067 [DEBUG]: [5]: More variables, requesting index 96
2021-03-30 14:19:06,067 [DEBUG]: Requesting index 96 on port 5
2021-03-30 14:19:06,072 [DEBUG]: Added element [96]
2021-03-30 14:19:06,073 [DEBUG]: [5]: More variables, requesting index 97
2021-03-30 14:19:06,073 [DEBUG]: Requesting index 97 on port 5
2021-03-30 14:19:06,079 [DEBUG]: Added element [97]
2021-03-30 14:19:06,080 [DEBUG]: [5]: More variables, requesting index 98
2021-03-30 14:19:06,080 [DEBUG]: Requesting index 98 on port 5
2021-03-30 14:19:06,094 [DEBUG]: Added element [98]
2021-03-30 14:19:06,094 [DEBUG]: [5]: More variables, requesting index 99
2021-03-30 14:19:06,095 [DEBUG]: Requesting index 99 on port 5
2021-03-30 14:19:06,099 [DEBUG]: Added element [99]
2021-03-30 14:19:06,100 [DEBUG]: [5]: More variables, requesting index 100
2021-03-30 14:19:06,100 [DEBUG]: Requesting index 100 on port 5
2021-03-30 14:19:06,104 [DEBUG]: Added element [100]
2021-03-30 14:19:06,104 [DEBUG]: [5]: More variables, requesting index 101
2021-03-30 14:19:06,104 [DEBUG]: Requesting index 101 on port 5
2021-03-30 14:19:06,107 [DEBUG]: Added element [101]
2021-03-30 14:19:06,107 [DEBUG]: [5]: More variables, requesting index 102
2021-03-30 14:19:06,107 [DEBUG]: Requesting index 102 on port 5
2021-03-30 14:19:06,111 [DEBUG]: Added element [102]
2021-03-30 14:19:06,111 [DEBUG]: [5]: More variables, requesting index 103
2021-03-30 14:19:06,111 [DEBUG]: Requesting index 103 on port 5
2021-03-30 14:19:06,115 [DEBUG]: Added element [103]
2021-03-30 14:19:06,115 [DEBUG]: [5]: More variables, requesting index 104
2021-03-30 14:19:06,116 [DEBUG]: Requesting index 104 on port 5
2021-03-30 14:19:06,121 [DEBUG]: Added element [104]
2021-03-30 14:19:06,121 [DEBUG]: [5]: More variables, requesting index 105
2021-03-30 14:19:06,121 [DEBUG]: Requesting index 105 on port 5
2021-03-30 14:19:06,125 [DEBUG]: Added element [105]
2021-03-30 14:19:06,126 [DEBUG]: [5]: More variables, requesting index 106
2021-03-30 14:19:06,126 [DEBUG]: Requesting index 106 on port 5
2021-03-30 14:19:06,130 [DEBUG]: Added element [106]
2021-03-30 14:19:06,130 [DEBUG]: [5]: More variables, requesting index 107
2021-03-30 14:19:06,130 [DEBUG]: Requesting index 107 on port 5
2021-03-30 14:19:06,135 [DEBUG]: Added element [107]
2021-03-30 14:19:06,135 [DEBUG]: [5]: More variables, requesting index 108
2021-03-30 14:19:06,135 [DEBUG]: Requesting index 108 on port 5
2021-03-30 14:19:06,140 [DEBUG]: Added element [108]
2021-03-30 14:19:06,140 [DEBUG]: [5]: More variables, requesting index 109
2021-03-30 14:19:06,140 [DEBUG]: Requesting index 109 on port 5
2021-03-30 14:19:06,144 [DEBUG]: Added element [109]
2021-03-30 14:19:06,144 [DEBUG]: [5]: More variables, requesting index 110
2021-03-30 14:19:06,145 [DEBUG]: Requesting index 110 on port 5
2021-03-30 14:19:06,149 [DEBUG]: Added element [110]
2021-03-30 14:19:06,149 [DEBUG]: [5]: More variables, requesting index 111
2021-03-30 14:19:06,149 [DEBUG]: Requesting index 111 on port 5
2021-03-30 14:19:06,152 [DEBUG]: Added element [111]
2021-03-30 14:19:06,152 [DEBUG]: [5]: More variables, requesting index 112
2021-03-30 14:19:06,153 [DEBUG]: Requesting index 112 on port 5
2021-03-30 14:19:06,157 [DEBUG]: Added element [112]
2021-03-30 14:19:06,157 [DEBUG]: [5]: More variables, requesting index 113
2021-03-30 14:19:06,157 [DEBUG]: Requesting index 113 on port 5
2021-03-30 14:19:06,161 [DEBUG]: Added element [113]
2021-03-30 14:19:06,161 [DEBUG]: [5]: More variables, requesting index 114
2021-03-30 14:19:06,162 [DEBUG]: Requesting index 114 on port 5
2021-03-30 14:19:06,166 [DEBUG]: Added element [114]
2021-03-30 14:19:06,166 [DEBUG]: [5]: More variables, requesting index 115
2021-03-30 14:19:06,166 [DEBUG]: Requesting index 115 on port 5
2021-03-30 14:19:06,170 [DEBUG]: Added element [115]
2021-03-30 14:19:06,170 [DEBUG]: [5]: More variables, requesting index 116
2021-03-30 14:19:06,170 [DEBUG]: Requesting index 116 on port 5
2021-03-30 14:19:06,173 [DEBUG]: Added element [116]
2021-03-30 14:19:06,173 [DEBUG]: [5]: More variables, requesting index 117
2021-03-30 14:19:06,173 [DEBUG]: Requesting index 117 on port 5
2021-03-30 14:19:06,178 [DEBUG]: Added element [117]
2021-03-30 14:19:06,178 [DEBUG]: [5]: More variables, requesting index 118
2021-03-30 14:19:06,178 [DEBUG]: Requesting index 118 on port 5
2021-03-30 14:19:06,182 [DEBUG]: Added element [118]
2021-03-30 14:19:06,182 [DEBUG]: [5]: More variables, requesting index 119
2021-03-30 14:19:06,182 [DEBUG]: Requesting index 119 on port 5
2021-03-30 14:19:06,186 [DEBUG]: Added element [119]
2021-03-30 14:19:06,187 [DEBUG]: [5]: More variables, requesting index 120
2021-03-30 14:19:06,187 [DEBUG]: Requesting index 120 on port 5
2021-03-30 14:19:06,191 [DEBUG]: Added element [120]
2021-03-30 14:19:06,191 [DEBUG]: [5]: More variables, requesting index 121
2021-03-30 14:19:06,191 [DEBUG]: Requesting index 121 on port 5
2021-03-30 14:19:06,196 [DEBUG]: Added element [121]
2021-03-30 14:19:06,196 [DEBUG]: [5]: More variables, requesting index 122
2021-03-30 14:19:06,196 [DEBUG]: Requesting index 122 on port 5
2021-03-30 14:19:06,200 [DEBUG]: Added element [122]
2021-03-30 14:19:06,200 [DEBUG]: [5]: More variables, requesting index 123
2021-03-30 14:19:06,200 [DEBUG]: Requesting index 123 on port 5
2021-03-30 14:19:06,204 [DEBUG]: Added element [123]
2021-03-30 14:19:06,205 [DEBUG]: [5]: More variables, requesting index 124
2021-03-30 14:19:06,205 [DEBUG]: Requesting index 124 on port 5
2021-03-30 14:19:06,209 [DEBUG]: Added element [124]
2021-03-30 14:19:06,209 [DEBUG]: [5]: More variables, requesting index 125
2021-03-30 14:19:06,209 [DEBUG]: Requesting index 125 on port 5
2021-03-30 14:19:06,213 [DEBUG]: Added element [125]
2021-03-30 14:19:06,214 [DEBUG]: [5]: More variables, requesting index 126
2021-03-30 14:19:06,214 [DEBUG]: Requesting index 126 on port 5
2021-03-30 14:19:06,227 [DEBUG]: Added element [126]
2021-03-30 14:19:06,227 [DEBUG]: [5]: More variables, requesting index 127
2021-03-30 14:19:06,227 [DEBUG]: Requesting index 127 on port 5
2021-03-30 14:19:06,232 [DEBUG]: Added element [127]
2021-03-30 14:19:06,232 [DEBUG]: [5]: More variables, requesting index 128
2021-03-30 14:19:06,232 [DEBUG]: Requesting index 128 on port 5
2021-03-30 14:19:06,236 [DEBUG]: Added element [128]
2021-03-30 14:19:06,236 [DEBUG]: [5]: More variables, requesting index 129
2021-03-30 14:19:06,236 [DEBUG]: Requesting index 129 on port 5
2021-03-30 14:19:06,241 [DEBUG]: Added element [129]
2021-03-30 14:19:06,241 [DEBUG]: [5]: More variables, requesting index 130
2021-03-30 14:19:06,241 [DEBUG]: Requesting index 130 on port 5
2021-03-30 14:19:06,245 [DEBUG]: Added element [130]
2021-03-30 14:19:06,246 [DEBUG]: [5]: More variables, requesting index 131
2021-03-30 14:19:06,246 [DEBUG]: Requesting index 131 on port 5
2021-03-30 14:19:06,250 [DEBUG]: Added element [131]
2021-03-30 14:19:06,250 [DEBUG]: [5]: More variables, requesting index 132
2021-03-30 14:19:06,250 [DEBUG]: Requesting index 132 on port 5
2021-03-30 14:19:06,256 [DEBUG]: Added element [132]
2021-03-30 14:19:06,256 [DEBUG]: [5]: More variables, requesting index 133
2021-03-30 14:19:06,256 [DEBUG]: Requesting index 133 on port 5
2021-03-30 14:19:06,260 [DEBUG]: Added element [133]
2021-03-30 14:19:06,261 [DEBUG]: [5]: More variables, requesting index 134
2021-03-30 14:19:06,261 [DEBUG]: Requesting index 134 on port 5
2021-03-30 14:19:06,265 [DEBUG]: Added element [134]
2021-03-30 14:19:06,265 [DEBUG]: [5]: More variables, requesting index 135
2021-03-30 14:19:06,265 [DEBUG]: Requesting index 135 on port 5
2021-03-30 14:19:06,269 [DEBUG]: Added element [135]
2021-03-30 14:19:06,270 [DEBUG]: [5]: More variables, requesting index 136
2021-03-30 14:19:06,270 [DEBUG]: Requesting index 136 on port 5
2021-03-30 14:19:06,274 [DEBUG]: Added element [136]
2021-03-30 14:19:06,274 [DEBUG]: [5]: More variables, requesting index 137
2021-03-30 14:19:06,274 [DEBUG]: Requesting index 137 on port 5
2021-03-30 14:19:06,279 [DEBUG]: Added element [137]
2021-03-30 14:19:06,279 [DEBUG]: [5]: More variables, requesting index 138
2021-03-30 14:19:06,279 [DEBUG]: Requesting index 138 on port 5
2021-03-30 14:19:06,284 [DEBUG]: Added element [138]
2021-03-30 14:19:06,284 [DEBUG]: [5]: More variables, requesting index 139
2021-03-30 14:19:06,284 [DEBUG]: Requesting index 139 on port 5
2021-03-30 14:19:06,288 [DEBUG]: Added element [139]
2021-03-30 14:19:06,288 [DEBUG]: [5]: More variables, requesting index 140
2021-03-30 14:19:06,288 [DEBUG]: Requesting index 140 on port 5
2021-03-30 14:19:06,293 [DEBUG]: Added element [140]
2021-03-30 14:19:06,293 [DEBUG]: [5]: More variables, requesting index 141
2021-03-30 14:19:06,293 [DEBUG]: Requesting index 141 on port 5
2021-03-30 14:19:06,297 [DEBUG]: Added element [141]
2021-03-30 14:19:06,298 [DEBUG]: [5]: More variables, requesting index 142
2021-03-30 14:19:06,298 [DEBUG]: Requesting index 142 on port 5
2021-03-30 14:19:06,302 [DEBUG]: Added element [142]
2021-03-30 14:19:06,302 [DEBUG]: [5]: More variables, requesting index 143
2021-03-30 14:19:06,302 [DEBUG]: Requesting index 143 on port 5
2021-03-30 14:19:06,306 [DEBUG]: Added element [143]
2021-03-30 14:19:06,307 [DEBUG]: [5]: More variables, requesting index 144
2021-03-30 14:19:06,307 [DEBUG]: Requesting index 144 on port 5
2021-03-30 14:19:06,311 [DEBUG]: Added element [144]
2021-03-30 14:19:06,311 [DEBUG]: [5]: More variables, requesting index 145
2021-03-30 14:19:06,311 [DEBUG]: Requesting index 145 on port 5
2021-03-30 14:19:06,315 [DEBUG]: Added element [145]
2021-03-30 14:19:06,316 [DEBUG]: [5]: More variables, requesting index 146
2021-03-30 14:19:06,316 [DEBUG]: Requesting index 146 on port 5
2021-03-30 14:19:06,320 [DEBUG]: Added element [146]
2021-03-30 14:19:06,320 [DEBUG]: [5]: More variables, requesting index 147
2021-03-30 14:19:06,320 [DEBUG]: Requesting index 147 on port 5
2021-03-30 14:19:06,325 [DEBUG]: Added element [147]
2021-03-30 14:19:06,325 [DEBUG]: [5]: More variables, requesting index 148
2021-03-30 14:19:06,325 [DEBUG]: Requesting index 148 on port 5
2021-03-30 14:19:06,329 [DEBUG]: Added element [148]
2021-03-30 14:19:06,329 [DEBUG]: [5]: More variables, requesting index 149
2021-03-30 14:19:06,329 [DEBUG]: Requesting index 149 on port 5
2021-03-30 14:19:06,334 [DEBUG]: Added element [149]
2021-03-30 14:19:06,334 [DEBUG]: [5]: More variables, requesting index 150
2021-03-30 14:19:06,334 [DEBUG]: Requesting index 150 on port 5
2021-03-30 14:19:06,338 [DEBUG]: Added element [150]
2021-03-30 14:19:06,339 [DEBUG]: [5]: More variables, requesting index 151
2021-03-30 14:19:06,339 [DEBUG]: Requesting index 151 on port 5
2021-03-30 14:19:06,352 [DEBUG]: Added element [151]
2021-03-30 14:19:06,352 [DEBUG]: [5]: More variables, requesting index 152
2021-03-30 14:19:06,353 [DEBUG]: Requesting index 152 on port 5
2021-03-30 14:19:06,357 [DEBUG]: Added element [152]
2021-03-30 14:19:06,357 [DEBUG]: [5]: More variables, requesting index 153
2021-03-30 14:19:06,358 [DEBUG]: Requesting index 153 on port 5
2021-03-30 14:19:06,362 [DEBUG]: Added element [153]
2021-03-30 14:19:06,362 [DEBUG]: [5]: More variables, requesting index 154
2021-03-30 14:19:06,362 [DEBUG]: Requesting index 154 on port 5
2021-03-30 14:19:06,367 [DEBUG]: Added element [154]
2021-03-30 14:19:06,367 [DEBUG]: [5]: More variables, requesting index 155
2021-03-30 14:19:06,367 [DEBUG]: Requesting index 155 on port 5
2021-03-30 14:19:06,371 [DEBUG]: Added element [155]
2021-03-30 14:19:06,371 [DEBUG]: [5]: More variables, requesting index 156
2021-03-30 14:19:06,372 [DEBUG]: Requesting index 156 on port 5
2021-03-30 14:19:06,376 [DEBUG]: Added element [156]
2021-03-30 14:19:06,376 [DEBUG]: [5]: More variables, requesting index 157
2021-03-30 14:19:06,376 [DEBUG]: Requesting index 157 on port 5
2021-03-30 14:19:06,381 [DEBUG]: Added element [157]
2021-03-30 14:19:06,381 [DEBUG]: [5]: More variables, requesting index 158
2021-03-30 14:19:06,381 [DEBUG]: Requesting index 158 on port 5
2021-03-30 14:19:06,386 [DEBUG]: Added element [158]
2021-03-30 14:19:06,386 [DEBUG]: [5]: More variables, requesting index 159
2021-03-30 14:19:06,386 [DEBUG]: Requesting index 159 on port 5
2021-03-30 14:19:06,391 [DEBUG]: Added element [159]
2021-03-30 14:19:06,391 [DEBUG]: [5]: More variables, requesting index 160
2021-03-30 14:19:06,391 [DEBUG]: Requesting index 160 on port 5
2021-03-30 14:19:06,394 [DEBUG]: Added element [160]
2021-03-30 14:19:06,395 [DEBUG]: [5]: More variables, requesting index 161
2021-03-30 14:19:06,395 [DEBUG]: Requesting index 161 on port 5
2021-03-30 14:19:06,398 [DEBUG]: Added element [161]
2021-03-30 14:19:06,398 [DEBUG]: [5]: More variables, requesting index 162
2021-03-30 14:19:06,398 [DEBUG]: Requesting index 162 on port 5
2021-03-30 14:19:06,402 [DEBUG]: Added element [162]
2021-03-30 14:19:06,403 [DEBUG]: [5]: More variables, requesting index 163
2021-03-30 14:19:06,403 [DEBUG]: Requesting index 163 on port 5
2021-03-30 14:19:06,407 [DEBUG]: Added element [163]
2021-03-30 14:19:06,407 [DEBUG]: [5]: More variables, requesting index 164
2021-03-30 14:19:06,407 [DEBUG]: Requesting index 164 on port 5
2021-03-30 14:19:06,411 [DEBUG]: Added element [164]
2021-03-30 14:19:06,411 [DEBUG]: [5]: More variables, requesting index 165
2021-03-30 14:19:06,411 [DEBUG]: Requesting index 165 on port 5
2021-03-30 14:19:06,415 [DEBUG]: Added element [165]
2021-03-30 14:19:06,416 [DEBUG]: [5]: More variables, requesting index 166
2021-03-30 14:19:06,416 [DEBUG]: Requesting index 166 on port 5
2021-03-30 14:19:06,420 [DEBUG]: Added element [166]
2021-03-30 14:19:06,420 [DEBUG]: [5]: More variables, requesting index 167
2021-03-30 14:19:06,420 [DEBUG]: Requesting index 167 on port 5
2021-03-30 14:19:06,424 [DEBUG]: Added element [167]
2021-03-30 14:19:06,424 [DEBUG]: [5]: More variables, requesting index 168
2021-03-30 14:19:06,424 [DEBUG]: Requesting index 168 on port 5
2021-03-30 14:19:06,428 [DEBUG]: Added element [168]
2021-03-30 14:19:06,429 [DEBUG]: [5]: More variables, requesting index 169
2021-03-30 14:19:06,429 [DEBUG]: Requesting index 169 on port 5
2021-03-30 14:19:06,433 [DEBUG]: Added element [169]
2021-03-30 14:19:06,433 [DEBUG]: [5]: More variables, requesting index 170
2021-03-30 14:19:06,433 [DEBUG]: Requesting index 170 on port 5
2021-03-30 14:19:06,437 [DEBUG]: Added element [170]
2021-03-30 14:19:06,438 [DEBUG]: [5]: More variables, requesting index 171
2021-03-30 14:19:06,438 [DEBUG]: Requesting index 171 on port 5
2021-03-30 14:19:06,442 [DEBUG]: Added element [171]
2021-03-30 14:19:06,442 [DEBUG]: [5]: More variables, requesting index 172
2021-03-30 14:19:06,442 [DEBUG]: Requesting index 172 on port 5
2021-03-30 14:19:06,446 [DEBUG]: Added element [172]
2021-03-30 14:19:06,447 [DEBUG]: [5]: More variables, requesting index 173
2021-03-30 14:19:06,447 [DEBUG]: Requesting index 173 on port 5
2021-03-30 14:19:06,450 [DEBUG]: Added element [173]
2021-03-30 14:19:06,450 [DEBUG]: [5]: More variables, requesting index 174
2021-03-30 14:19:06,450 [DEBUG]: Requesting index 174 on port 5
2021-03-30 14:19:06,455 [DEBUG]: Added element [174]
2021-03-30 14:19:06,455 [DEBUG]: [5]: More variables, requesting index 175
2021-03-30 14:19:06,455 [DEBUG]: Requesting index 175 on port 5
2021-03-30 14:19:06,460 [DEBUG]: Added element [175]
2021-03-30 14:19:06,460 [DEBUG]: [5]: More variables, requesting index 176
2021-03-30 14:19:06,460 [DEBUG]: Requesting index 176 on port 5
2021-03-30 14:19:06,464 [DEBUG]: Added element [176]
2021-03-30 14:19:06,464 [DEBUG]: [5]: More variables, requesting index 177
2021-03-30 14:19:06,464 [DEBUG]: Requesting index 177 on port 5
2021-03-30 14:19:06,469 [DEBUG]: Added element [177]
2021-03-30 14:19:06,469 [DEBUG]: [5]: More variables, requesting index 178
2021-03-30 14:19:06,469 [DEBUG]: Requesting index 178 on port 5
2021-03-30 14:19:06,481 [DEBUG]: Added element [178]
2021-03-30 14:19:06,482 [DEBUG]: [5]: More variables, requesting index 179
2021-03-30 14:19:06,482 [DEBUG]: Requesting index 179 on port 5
2021-03-30 14:19:06,488 [DEBUG]: Added element [179]
2021-03-30 14:19:06,488 [DEBUG]: [5]: More variables, requesting index 180
2021-03-30 14:19:06,488 [DEBUG]: Requesting index 180 on port 5
2021-03-30 14:19:06,494 [DEBUG]: Added element [180]
2021-03-30 14:19:06,495 [DEBUG]: [5]: More variables, requesting index 181
2021-03-30 14:19:06,495 [DEBUG]: Requesting index 181 on port 5
2021-03-30 14:19:06,502 [DEBUG]: Added element [181]
2021-03-30 14:19:06,502 [DEBUG]: [5]: More variables, requesting index 182
2021-03-30 14:19:06,503 [DEBUG]: Requesting index 182 on port 5
2021-03-30 14:19:06,509 [DEBUG]: Added element [182]
2021-03-30 14:19:06,509 [DEBUG]: [5]: More variables, requesting index 183
2021-03-30 14:19:06,509 [DEBUG]: Requesting index 183 on port 5
2021-03-30 14:19:06,514 [DEBUG]: Added element [183]
2021-03-30 14:19:06,514 [DEBUG]: [5]: More variables, requesting index 184
2021-03-30 14:19:06,515 [DEBUG]: Requesting index 184 on port 5
2021-03-30 14:19:06,520 [DEBUG]: Added element [184]
2021-03-30 14:19:06,520 [DEBUG]: [5]: More variables, requesting index 185
2021-03-30 14:19:06,520 [DEBUG]: Requesting index 185 on port 5
2021-03-30 14:19:06,525 [DEBUG]: Added element [185]
2021-03-30 14:19:06,525 [DEBUG]: [5]: More variables, requesting index 186
2021-03-30 14:19:06,525 [DEBUG]: Requesting index 186 on port 5
2021-03-30 14:19:06,530 [DEBUG]: Added element [186]
2021-03-30 14:19:06,530 [DEBUG]: [5]: More variables, requesting index 187
2021-03-30 14:19:06,530 [DEBUG]: Requesting index 187 on port 5
2021-03-30 14:19:06,534 [DEBUG]: Added element [187]
2021-03-30 14:19:06,534 [DEBUG]: [5]: More variables, requesting index 188
2021-03-30 14:19:06,535 [DEBUG]: Requesting index 188 on port 5
2021-03-30 14:19:06,539 [DEBUG]: Added element [188]
2021-03-30 14:19:06,539 [DEBUG]: [5]: More variables, requesting index 189
2021-03-30 14:19:06,539 [DEBUG]: Requesting index 189 on port 5
2021-03-30 14:19:06,542 [DEBUG]: Added element [189]
2021-03-30 14:19:06,542 [DEBUG]: [5]: More variables, requesting index 190
2021-03-30 14:19:06,543 [DEBUG]: Requesting index 190 on port 5
2021-03-30 14:19:06,547 [DEBUG]: Added element [190]
2021-03-30 14:19:06,548 [DEBUG]: [5]: More variables, requesting index 191
2021-03-30 14:19:06,548 [DEBUG]: Requesting index 191 on port 5
2021-03-30 14:19:06,552 [DEBUG]: Added element [191]
2021-03-30 14:19:06,552 [DEBUG]: [5]: More variables, requesting index 192
2021-03-30 14:19:06,552 [DEBUG]: Requesting index 192 on port 5
2021-03-30 14:19:06,557 [DEBUG]: Added element [192]
2021-03-30 14:19:06,557 [DEBUG]: [5]: More variables, requesting index 193
2021-03-30 14:19:06,557 [DEBUG]: Requesting index 193 on port 5
2021-03-30 14:19:06,561 [DEBUG]: Added element [193]
2021-03-30 14:19:06,561 [DEBUG]: [5]: More variables, requesting index 194
2021-03-30 14:19:06,561 [DEBUG]: Requesting index 194 on port 5
2021-03-30 14:19:06,565 [DEBUG]: Added element [194]
2021-03-30 14:19:06,566 [DEBUG]: [5]: More variables, requesting index 195
2021-03-30 14:19:06,566 [DEBUG]: Requesting index 195 on port 5
2021-03-30 14:19:06,570 [DEBUG]: Added element [195]
2021-03-30 14:19:06,571 [DEBUG]: [5]: More variables, requesting index 196
2021-03-30 14:19:06,571 [DEBUG]: Requesting index 196 on port 5
2021-03-30 14:19:06,576 [DEBUG]: Added element [196]
2021-03-30 14:19:06,576 [DEBUG]: [5]: More variables, requesting index 197
2021-03-30 14:19:06,576 [DEBUG]: Requesting index 197 on port 5
2021-03-30 14:19:06,580 [DEBUG]: Added element [197]
2021-03-30 14:19:06,580 [DEBUG]: [5]: More variables, requesting index 198
2021-03-30 14:19:06,580 [DEBUG]: Requesting index 198 on port 5
2021-03-30 14:19:06,585 [DEBUG]: Added element [198]
2021-03-30 14:19:06,585 [DEBUG]: [5]: More variables, requesting index 199
2021-03-30 14:19:06,585 [DEBUG]: Requesting index 199 on port 5
2021-03-30 14:19:06,589 [DEBUG]: Added element [199]
2021-03-30 14:19:06,589 [DEBUG]: [5]: More variables, requesting index 200
2021-03-30 14:19:06,589 [DEBUG]: Requesting index 200 on port 5
2021-03-30 14:19:06,594 [DEBUG]: Added element [200]
2021-03-30 14:19:06,594 [DEBUG]: [5]: More variables, requesting index 201
2021-03-30 14:19:06,594 [DEBUG]: Requesting index 201 on port 5
2021-03-30 14:19:06,606 [DEBUG]: Added element [201]
2021-03-30 14:19:06,606 [DEBUG]: [5]: More variables, requesting index 202
2021-03-30 14:19:06,606 [DEBUG]: Requesting index 202 on port 5
2021-03-30 14:19:06,610 [DEBUG]: Added element [202]
2021-03-30 14:19:06,611 [DEBUG]: [5]: More variables, requesting index 203
2021-03-30 14:19:06,611 [DEBUG]: Requesting index 203 on port 5
2021-03-30 14:19:06,614 [DEBUG]: Added element [203]
2021-03-30 14:19:06,615 [DEBUG]: [5]: More variables, requesting index 204
2021-03-30 14:19:06,615 [DEBUG]: Requesting index 204 on port 5
2021-03-30 14:19:06,619 [DEBUG]: Added element [204]
2021-03-30 14:19:06,619 [DEBUG]: [5]: More variables, requesting index 205
2021-03-30 14:19:06,619 [DEBUG]: Requesting index 205 on port 5
2021-03-30 14:19:06,623 [DEBUG]: Added element [205]
2021-03-30 14:19:06,623 [DEBUG]: [5]: More variables, requesting index 206
2021-03-30 14:19:06,623 [DEBUG]: Requesting index 206 on port 5
2021-03-30 14:19:06,627 [DEBUG]: Added element [206]
2021-03-30 14:19:06,628 [DEBUG]: [5]: More variables, requesting index 207
2021-03-30 14:19:06,628 [DEBUG]: Requesting index 207 on port 5
2021-03-30 14:19:06,632 [DEBUG]: Added element [207]
2021-03-30 14:19:06,632 [DEBUG]: [5]: More variables, requesting index 208
2021-03-30 14:19:06,632 [DEBUG]: Requesting index 208 on port 5
2021-03-30 14:19:06,636 [DEBUG]: Added element [208]
2021-03-30 14:19:06,637 [DEBUG]: [5]: More variables, requesting index 209
2021-03-30 14:19:06,637 [DEBUG]: Requesting index 209 on port 5
2021-03-30 14:19:06,641 [DEBUG]: Added element [209]
2021-03-30 14:19:06,641 [DEBUG]: [5]: More variables, requesting index 210
2021-03-30 14:19:06,641 [DEBUG]: Requesting index 210 on port 5
2021-03-30 14:19:06,645 [DEBUG]: Added element [210]
2021-03-30 14:19:06,645 [DEBUG]: [5]: More variables, requesting index 211
2021-03-30 14:19:06,645 [DEBUG]: Requesting index 211 on port 5
2021-03-30 14:19:06,649 [DEBUG]: Added element [211]
2021-03-30 14:19:06,649 [DEBUG]: [5]: More variables, requesting index 212
2021-03-30 14:19:06,649 [DEBUG]: Requesting index 212 on port 5
2021-03-30 14:19:06,653 [DEBUG]: Added element [212]
2021-03-30 14:19:06,654 [DEBUG]: [5]: More variables, requesting index 213
2021-03-30 14:19:06,654 [DEBUG]: Requesting index 213 on port 5
2021-03-30 14:19:06,658 [DEBUG]: Added element [213]
2021-03-30 14:19:06,658 [DEBUG]: [5]: More variables, requesting index 214
2021-03-30 14:19:06,658 [DEBUG]: Requesting index 214 on port 5
2021-03-30 14:19:06,662 [DEBUG]: Added element [214]
2021-03-30 14:19:06,662 [DEBUG]: [5]: More variables, requesting index 215
2021-03-30 14:19:06,662 [DEBUG]: Requesting index 215 on port 5
2021-03-30 14:19:06,667 [DEBUG]: Added element [215]
2021-03-30 14:19:06,667 [DEBUG]: [5]: More variables, requesting index 216
2021-03-30 14:19:06,667 [DEBUG]: Requesting index 216 on port 5
2021-03-30 14:19:06,671 [DEBUG]: Added element [216]
2021-03-30 14:19:06,671 [DEBUG]: [5]: More variables, requesting index 217
2021-03-30 14:19:06,671 [DEBUG]: Requesting index 217 on port 5
2021-03-30 14:19:06,675 [DEBUG]: Added element [217]
2021-03-30 14:19:06,676 [DEBUG]: [5]: More variables, requesting index 218
2021-03-30 14:19:06,676 [DEBUG]: Requesting index 218 on port 5
2021-03-30 14:19:06,680 [DEBUG]: Added element [218]
2021-03-30 14:19:06,680 [DEBUG]: [5]: More variables, requesting index 219
2021-03-30 14:19:06,680 [DEBUG]: Requesting index 219 on port 5
2021-03-30 14:19:06,685 [DEBUG]: Added element [219]
2021-03-30 14:19:06,685 [DEBUG]: [5]: More variables, requesting index 220
2021-03-30 14:19:06,685 [DEBUG]: Requesting index 220 on port 5
2021-03-30 14:19:06,690 [DEBUG]: Added element [220]
2021-03-30 14:19:06,690 [DEBUG]: [5]: More variables, requesting index 221
2021-03-30 14:19:06,690 [DEBUG]: Requesting index 221 on port 5
2021-03-30 14:19:06,695 [DEBUG]: Added element [221]
2021-03-30 14:19:06,695 [DEBUG]: [5]: More variables, requesting index 222
2021-03-30 14:19:06,695 [DEBUG]: Requesting index 222 on port 5
2021-03-30 14:19:06,699 [DEBUG]: Added element [222]
2021-03-30 14:19:06,699 [DEBUG]: [5]: More variables, requesting index 223
2021-03-30 14:19:06,699 [DEBUG]: Requesting index 223 on port 5
2021-03-30 14:19:06,703 [DEBUG]: Added element [223]
2021-03-30 14:19:06,703 [DEBUG]: [5]: More variables, requesting index 224
2021-03-30 14:19:06,704 [DEBUG]: Requesting index 224 on port 5
2021-03-30 14:19:06,707 [DEBUG]: Added element [224]
2021-03-30 14:19:06,707 [DEBUG]: [5]: More variables, requesting index 225
2021-03-30 14:19:06,707 [DEBUG]: Requesting index 225 on port 5
2021-03-30 14:19:06,711 [DEBUG]: Added element [225]
2021-03-30 14:19:06,711 [DEBUG]: [5]: More variables, requesting index 226
2021-03-30 14:19:06,711 [DEBUG]: Requesting index 226 on port 5
2021-03-30 14:19:06,715 [DEBUG]: Added element [226]
2021-03-30 14:19:06,716 [DEBUG]: [5]: More variables, requesting index 227
2021-03-30 14:19:06,716 [DEBUG]: Requesting index 227 on port 5
2021-03-30 14:19:06,719 [DEBUG]: Added element [227]
2021-03-30 14:19:06,719 [DEBUG]: [5]: More variables, requesting index 228
2021-03-30 14:19:06,719 [DEBUG]: Requesting index 228 on port 5
2021-03-30 14:19:06,723 [DEBUG]: Added element [228]
2021-03-30 14:19:06,723 [DEBUG]: [5]: More variables, requesting index 229
2021-03-30 14:19:06,723 [DEBUG]: Requesting index 229 on port 5
2021-03-30 14:19:06,727 [DEBUG]: Added element [229]
2021-03-30 14:19:06,728 [DEBUG]: [5]: More variables, requesting index 230
2021-03-30 14:19:06,728 [DEBUG]: Requesting index 230 on port 5
2021-03-30 14:19:06,741 [DEBUG]: Added element [230]
2021-03-30 14:19:06,741 [DEBUG]: [5]: More variables, requesting index 231
2021-03-30 14:19:06,741 [DEBUG]: Requesting index 231 on port 5
2021-03-30 14:19:06,746 [DEBUG]: Added element [231]
2021-03-30 14:19:06,746 [DEBUG]: [5]: More variables, requesting index 232
2021-03-30 14:19:06,746 [DEBUG]: Requesting index 232 on port 5
2021-03-30 14:19:06,750 [DEBUG]: Added element [232]
2021-03-30 14:19:06,750 [DEBUG]: [5]: More variables, requesting index 233
2021-03-30 14:19:06,750 [DEBUG]: Requesting index 233 on port 5
2021-03-30 14:19:06,754 [DEBUG]: Added element [233]
2021-03-30 14:19:06,754 [DEBUG]: [5]: More variables, requesting index 234
2021-03-30 14:19:06,754 [DEBUG]: Requesting index 234 on port 5
2021-03-30 14:19:06,759 [DEBUG]: Added element [234]
2021-03-30 14:19:06,759 [DEBUG]: [5]: More variables, requesting index 235
2021-03-30 14:19:06,759 [DEBUG]: Requesting index 235 on port 5
2021-03-30 14:19:06,763 [DEBUG]: Added element [235]
2021-03-30 14:19:06,763 [DEBUG]: [5]: More variables, requesting index 236
2021-03-30 14:19:06,763 [DEBUG]: Requesting index 236 on port 5
2021-03-30 14:19:06,768 [DEBUG]: Added element [236]
2021-03-30 14:19:06,768 [DEBUG]: [5]: More variables, requesting index 237
2021-03-30 14:19:06,768 [DEBUG]: Requesting index 237 on port 5
2021-03-30 14:19:06,772 [DEBUG]: Added element [237]
2021-03-30 14:19:06,773 [DEBUG]: [5]: More variables, requesting index 238
2021-03-30 14:19:06,773 [DEBUG]: Requesting index 238 on port 5
2021-03-30 14:19:06,777 [DEBUG]: Added element [238]
2021-03-30 14:19:06,777 [DEBUG]: [5]: More variables, requesting index 239
2021-03-30 14:19:06,777 [DEBUG]: Requesting index 239 on port 5
2021-03-30 14:19:06,782 [DEBUG]: Added element [239]
2021-03-30 14:19:06,782 [DEBUG]: [5]: More variables, requesting index 240
2021-03-30 14:19:06,782 [DEBUG]: Requesting index 240 on port 5
2021-03-30 14:19:06,786 [DEBUG]: Added element [240]
2021-03-30 14:19:06,787 [DEBUG]: [5]: More variables, requesting index 241
2021-03-30 14:19:06,787 [DEBUG]: Requesting index 241 on port 5
2021-03-30 14:19:06,791 [DEBUG]: Added element [241]
2021-03-30 14:19:06,791 [DEBUG]: [5]: More variables, requesting index 242
2021-03-30 14:19:06,791 [DEBUG]: Requesting index 242 on port 5
2021-03-30 14:19:06,796 [DEBUG]: Added element [242]
2021-03-30 14:19:06,796 [DEBUG]: [5]: More variables, requesting index 243
2021-03-30 14:19:06,796 [DEBUG]: Requesting index 243 on port 5
2021-03-30 14:19:06,800 [DEBUG]: Added element [243]
2021-03-30 14:19:06,800 [DEBUG]: [5]: More variables, requesting index 244
2021-03-30 14:19:06,801 [DEBUG]: Requesting index 244 on port 5
2021-03-30 14:19:06,805 [DEBUG]: Added element [244]
2021-03-30 14:19:06,805 [DEBUG]: [5]: More variables, requesting index 245
2021-03-30 14:19:06,805 [DEBUG]: Requesting index 245 on port 5
2021-03-30 14:19:06,810 [DEBUG]: Added element [245]
2021-03-30 14:19:06,810 [DEBUG]: [5]: More variables, requesting index 246
2021-03-30 14:19:06,810 [DEBUG]: Requesting index 246 on port 5
2021-03-30 14:19:06,815 [DEBUG]: Added element [246]
2021-03-30 14:19:06,815 [DEBUG]: [5]: More variables, requesting index 247
2021-03-30 14:19:06,815 [DEBUG]: Requesting index 247 on port 5
2021-03-30 14:19:06,819 [DEBUG]: Added element [247]
2021-03-30 14:19:06,819 [DEBUG]: [5]: More variables, requesting index 248
2021-03-30 14:19:06,819 [DEBUG]: Requesting index 248 on port 5
2021-03-30 14:19:06,824 [DEBUG]: Added element [248]
2021-03-30 14:19:06,824 [DEBUG]: [5]: More variables, requesting index 249
2021-03-30 14:19:06,824 [DEBUG]: Requesting index 249 on port 5
2021-03-30 14:19:06,829 [DEBUG]: Added element [249]
2021-03-30 14:19:06,829 [DEBUG]: [5]: More variables, requesting index 250
2021-03-30 14:19:06,829 [DEBUG]: Requesting index 250 on port 5
2021-03-30 14:19:06,834 [DEBUG]: Added element [250]
2021-03-30 14:19:06,834 [DEBUG]: [5]: More variables, requesting index 251
2021-03-30 14:19:06,834 [DEBUG]: Requesting index 251 on port 5
2021-03-30 14:19:06,838 [DEBUG]: Added element [251]
2021-03-30 14:19:06,839 [DEBUG]: [5]: More variables, requesting index 252
2021-03-30 14:19:06,839 [DEBUG]: Requesting index 252 on port 5
2021-03-30 14:19:06,843 [DEBUG]: Added element [252]
2021-03-30 14:19:06,843 [DEBUG]: [5]: More variables, requesting index 253
2021-03-30 14:19:06,843 [DEBUG]: Requesting index 253 on port 5
2021-03-30 14:19:06,848 [DEBUG]: Added element [253]
2021-03-30 14:19:06,848 [DEBUG]: [5]: More variables, requesting index 254
2021-03-30 14:19:06,848 [DEBUG]: Requesting index 254 on port 5
2021-03-30 14:19:06,852 [DEBUG]: Added element [254]
2021-03-30 14:19:06,852 [DEBUG]: [5]: More variables, requesting index 255
2021-03-30 14:19:06,852 [DEBUG]: Requesting index 255 on port 5
2021-03-30 14:19:06,857 [DEBUG]: Added element [255]
2021-03-30 14:19:06,857 [DEBUG]: [5]: More variables, requesting index 256
2021-03-30 14:19:06,857 [DEBUG]: Requesting index 256 on port 5
2021-03-30 14:19:06,871 [DEBUG]: Added element [256]
2021-03-30 14:19:06,871 [DEBUG]: [5]: More variables, requesting index 257
2021-03-30 14:19:06,871 [DEBUG]: Requesting index 257 on port 5
2021-03-30 14:19:06,876 [DEBUG]: Added element [257]
2021-03-30 14:19:06,876 [DEBUG]: [5]: More variables, requesting index 258
2021-03-30 14:19:06,876 [DEBUG]: Requesting index 258 on port 5
2021-03-30 14:19:06,880 [DEBUG]: Added element [258]
2021-03-30 14:19:06,880 [DEBUG]: [5]: More variables, requesting index 259
2021-03-30 14:19:06,880 [DEBUG]: Requesting index 259 on port 5
2021-03-30 14:19:06,885 [DEBUG]: Added element [259]
2021-03-30 14:19:06,885 [DEBUG]: [5]: More variables, requesting index 260
2021-03-30 14:19:06,885 [DEBUG]: Requesting index 260 on port 5
2021-03-30 14:19:06,889 [DEBUG]: Added element [260]
2021-03-30 14:19:06,889 [DEBUG]: [5]: More variables, requesting index 261
2021-03-30 14:19:06,889 [DEBUG]: Requesting index 261 on port 5
2021-03-30 14:19:06,893 [DEBUG]: Added element [261]
2021-03-30 14:19:06,893 [DEBUG]: [5]: More variables, requesting index 262
2021-03-30 14:19:06,893 [DEBUG]: Requesting index 262 on port 5
2021-03-30 14:19:06,898 [DEBUG]: Added element [262]
2021-03-30 14:19:06,898 [DEBUG]: [5]: More variables, requesting index 263
2021-03-30 14:19:06,898 [DEBUG]: Requesting index 263 on port 5
2021-03-30 14:19:06,902 [DEBUG]: Added element [263]
2021-03-30 14:19:06,902 [DEBUG]: [5]: More variables, requesting index 264
2021-03-30 14:19:06,902 [DEBUG]: Requesting index 264 on port 5
2021-03-30 14:19:06,906 [DEBUG]: Added element [264]
2021-03-30 14:19:06,906 [DEBUG]: [5]: More variables, requesting index 265
2021-03-30 14:19:06,907 [DEBUG]: Requesting index 265 on port 5
2021-03-30 14:19:06,910 [DEBUG]: Added element [265]
2021-03-30 14:19:06,910 [DEBUG]: [5]: More variables, requesting index 266
2021-03-30 14:19:06,910 [DEBUG]: Requesting index 266 on port 5
2021-03-30 14:19:06,914 [DEBUG]: Added element [266]
2021-03-30 14:19:06,914 [DEBUG]: [5]: More variables, requesting index 267
2021-03-30 14:19:06,914 [DEBUG]: Requesting index 267 on port 5
2021-03-30 14:19:06,918 [DEBUG]: Added element [267]
2021-03-30 14:19:06,918 [DEBUG]: [5]: More variables, requesting index 268
2021-03-30 14:19:06,918 [DEBUG]: Requesting index 268 on port 5
2021-03-30 14:19:06,922 [DEBUG]: Added element [268]
2021-03-30 14:19:06,922 [DEBUG]: [5]: More variables, requesting index 269
2021-03-30 14:19:06,922 [DEBUG]: Requesting index 269 on port 5
2021-03-30 14:19:06,926 [DEBUG]: Added element [269]
2021-03-30 14:19:06,926 [DEBUG]: [5]: More variables, requesting index 270
2021-03-30 14:19:06,926 [DEBUG]: Requesting index 270 on port 5
2021-03-30 14:19:06,930 [DEBUG]: Added element [270]
2021-03-30 14:19:06,930 [DEBUG]: [5]: More variables, requesting index 271
2021-03-30 14:19:06,930 [DEBUG]: Requesting index 271 on port 5
2021-03-30 14:19:06,934 [DEBUG]: Added element [271]
2021-03-30 14:19:06,934 [DEBUG]: [5]: More variables, requesting index 272
2021-03-30 14:19:06,934 [DEBUG]: Requesting index 272 on port 5
2021-03-30 14:19:06,938 [DEBUG]: Added element [272]
2021-03-30 14:19:06,938 [DEBUG]: [5]: More variables, requesting index 273
2021-03-30 14:19:06,938 [DEBUG]: Requesting index 273 on port 5
2021-03-30 14:19:06,942 [DEBUG]: Added element [273]
2021-03-30 14:19:06,942 [DEBUG]: [5]: More variables, requesting index 274
2021-03-30 14:19:06,942 [DEBUG]: Requesting index 274 on port 5
2021-03-30 14:19:06,946 [DEBUG]: Added element [274]
2021-03-30 14:19:06,946 [DEBUG]: [5]: More variables, requesting index 275
2021-03-30 14:19:06,947 [DEBUG]: Requesting index 275 on port 5
2021-03-30 14:19:06,951 [DEBUG]: Added element [275]
2021-03-30 14:19:06,952 [DEBUG]: [5]: More variables, requesting index 276
2021-03-30 14:19:06,952 [DEBUG]: Requesting index 276 on port 5
2021-03-30 14:19:06,957 [DEBUG]: Added element [276]
2021-03-30 14:19:06,957 [DEBUG]: [5]: More variables, requesting index 277
2021-03-30 14:19:06,957 [DEBUG]: Requesting index 277 on port 5
2021-03-30 14:19:06,961 [DEBUG]: Added element [277]
2021-03-30 14:19:06,961 [DEBUG]: [5]: More variables, requesting index 278
2021-03-30 14:19:06,961 [DEBUG]: Requesting index 278 on port 5
2021-03-30 14:19:06,966 [DEBUG]: Added element [278]
2021-03-30 14:19:06,966 [DEBUG]: [5]: More variables, requesting index 279
2021-03-30 14:19:06,966 [DEBUG]: Requesting index 279 on port 5
2021-03-30 14:19:06,970 [DEBUG]: Added element [279]
2021-03-30 14:19:06,970 [DEBUG]: [5]: More variables, requesting index 280
2021-03-30 14:19:06,970 [DEBUG]: Requesting index 280 on port 5
2021-03-30 14:19:06,975 [DEBUG]: Added element [280]
2021-03-30 14:19:06,975 [DEBUG]: [5]: More variables, requesting index 281
2021-03-30 14:19:06,975 [DEBUG]: Requesting index 281 on port 5
2021-03-30 14:19:06,979 [DEBUG]: Added element [281]
2021-03-30 14:19:06,979 [DEBUG]: [5]: More variables, requesting index 282
2021-03-30 14:19:06,979 [DEBUG]: Requesting index 282 on port 5
2021-03-30 14:19:06,983 [DEBUG]: Added element [282]
2021-03-30 14:19:06,983 [DEBUG]: [5]: More variables, requesting index 283
2021-03-30 14:19:06,984 [DEBUG]: Requesting index 283 on port 5
2021-03-30 14:19:06,987 [DEBUG]: Added element [283]
2021-03-30 14:19:06,987 [DEBUG]: [5]: More variables, requesting index 284
2021-03-30 14:19:06,987 [DEBUG]: Requesting index 284 on port 5
2021-03-30 14:19:07,000 [DEBUG]: Added element [284]
2021-03-30 14:19:07,000 [DEBUG]: [5]: More variables, requesting index 285
2021-03-30 14:19:07,000 [DEBUG]: Requesting index 285 on port 5
2021-03-30 14:19:07,004 [DEBUG]: Added element [285]
2021-03-30 14:19:07,004 [DEBUG]: [5]: More variables, requesting index 286
2021-03-30 14:19:07,004 [DEBUG]: Requesting index 286 on port 5
2021-03-30 14:19:07,008 [DEBUG]: Added element [286]
2021-03-30 14:19:07,009 [DEBUG]: [5]: More variables, requesting index 287
2021-03-30 14:19:07,009 [DEBUG]: Requesting index 287 on port 5
2021-03-30 14:19:07,013 [DEBUG]: Added element [287]
2021-03-30 14:19:07,013 [DEBUG]: [5]: More variables, requesting index 288
2021-03-30 14:19:07,013 [DEBUG]: Requesting index 288 on port 5
2021-03-30 14:19:07,018 [DEBUG]: Added element [288]
2021-03-30 14:19:07,018 [DEBUG]: [5]: More variables, requesting index 289
2021-03-30 14:19:07,018 [DEBUG]: Requesting index 289 on port 5
2021-03-30 14:19:07,022 [DEBUG]: Added element [289]
2021-03-30 14:19:07,023 [DEBUG]: [5]: More variables, requesting index 290
2021-03-30 14:19:07,023 [DEBUG]: Requesting index 290 on port 5
2021-03-30 14:19:07,027 [DEBUG]: Added element [290]
2021-03-30 14:19:07,027 [DEBUG]: [5]: More variables, requesting index 291
2021-03-30 14:19:07,027 [DEBUG]: Requesting index 291 on port 5
2021-03-30 14:19:07,032 [DEBUG]: Added element [291]
2021-03-30 14:19:07,032 [DEBUG]: [5]: More variables, requesting index 292
2021-03-30 14:19:07,032 [DEBUG]: Requesting index 292 on port 5
2021-03-30 14:19:07,036 [DEBUG]: Added element [292]
2021-03-30 14:19:07,036 [DEBUG]: [5]: More variables, requesting index 293
2021-03-30 14:19:07,036 [DEBUG]: Requesting index 293 on port 5
2021-03-30 14:19:07,040 [DEBUG]: Added element [293]
2021-03-30 14:19:07,041 [DEBUG]: [5]: More variables, requesting index 294
2021-03-30 14:19:07,041 [DEBUG]: Requesting index 294 on port 5
2021-03-30 14:19:07,045 [DEBUG]: Added element [294]
2021-03-30 14:19:07,045 [DEBUG]: [5]: More variables, requesting index 295
2021-03-30 14:19:07,045 [DEBUG]: Requesting index 295 on port 5
2021-03-30 14:19:07,050 [DEBUG]: Added element [295]
2021-03-30 14:19:07,050 [DEBUG]: [5]: More variables, requesting index 296
2021-03-30 14:19:07,050 [DEBUG]: Requesting index 296 on port 5
2021-03-30 14:19:07,054 [DEBUG]: Added element [296]
2021-03-30 14:19:07,054 [DEBUG]: [5]: More variables, requesting index 297
2021-03-30 14:19:07,055 [DEBUG]: Requesting index 297 on port 5
2021-03-30 14:19:07,059 [DEBUG]: Added element [297]
2021-03-30 14:19:07,059 [DEBUG]: [5]: More variables, requesting index 298
2021-03-30 14:19:07,060 [DEBUG]: Requesting index 298 on port 5
2021-03-30 14:19:07,064 [DEBUG]: Added element [298]
2021-03-30 14:19:07,064 [DEBUG]: [5]: More variables, requesting index 299
2021-03-30 14:19:07,064 [DEBUG]: Requesting index 299 on port 5
2021-03-30 14:19:07,068 [DEBUG]: Added element [299]
2021-03-30 14:19:07,068 [DEBUG]: [5]: More variables, requesting index 300
2021-03-30 14:19:07,068 [DEBUG]: Requesting index 300 on port 5
2021-03-30 14:19:07,073 [DEBUG]: Added element [300]
2021-03-30 14:19:07,073 [DEBUG]: [5]: More variables, requesting index 301
2021-03-30 14:19:07,073 [DEBUG]: Requesting index 301 on port 5
2021-03-30 14:19:07,077 [DEBUG]: Added element [301]
2021-03-30 14:19:07,077 [DEBUG]: [5]: More variables, requesting index 302
2021-03-30 14:19:07,077 [DEBUG]: Requesting index 302 on port 5
2021-03-30 14:19:07,081 [DEBUG]: Added element [302]
2021-03-30 14:19:07,082 [DEBUG]: [5]: More variables, requesting index 303
2021-03-30 14:19:07,082 [DEBUG]: Requesting index 303 on port 5
2021-03-30 14:19:07,086 [DEBUG]: Added element [303]
2021-03-30 14:19:07,086 [DEBUG]: [5]: More variables, requesting index 304
2021-03-30 14:19:07,086 [DEBUG]: Requesting index 304 on port 5
2021-03-30 14:19:07,090 [DEBUG]: Added element [304]
2021-03-30 14:19:07,090 [DEBUG]: [5]: More variables, requesting index 305
2021-03-30 14:19:07,091 [DEBUG]: Requesting index 305 on port 5
2021-03-30 14:19:07,095 [DEBUG]: Added element [305]
2021-03-30 14:19:07,095 [DEBUG]: [5]: More variables, requesting index 306
2021-03-30 14:19:07,095 [DEBUG]: Requesting index 306 on port 5
2021-03-30 14:19:07,099 [DEBUG]: Added element [306]
2021-03-30 14:19:07,100 [DEBUG]: [5]: More variables, requesting index 307
2021-03-30 14:19:07,100 [DEBUG]: Requesting index 307 on port 5
2021-03-30 14:19:07,104 [DEBUG]: Added element [307]
2021-03-30 14:19:07,104 [DEBUG]: [5]: More variables, requesting index 308
2021-03-30 14:19:07,104 [DEBUG]: Requesting index 308 on port 5
2021-03-30 14:19:07,108 [DEBUG]: Added element [308]
2021-03-30 14:19:07,108 [DEBUG]: [5]: More variables, requesting index 309
2021-03-30 14:19:07,109 [DEBUG]: Requesting index 309 on port 5
2021-03-30 14:19:07,113 [DEBUG]: Added element [309]
2021-03-30 14:19:07,113 [DEBUG]: [5]: More variables, requesting index 310
2021-03-30 14:19:07,113 [DEBUG]: Requesting index 310 on port 5
2021-03-30 14:19:07,127 [DEBUG]: Added element [310]
2021-03-30 14:19:07,127 [DEBUG]: [5]: More variables, requesting index 311
2021-03-30 14:19:07,127 [DEBUG]: Requesting index 311 on port 5
2021-03-30 14:19:07,131 [DEBUG]: Added element [311]
2021-03-30 14:19:07,131 [DEBUG]: [5]: More variables, requesting index 312
2021-03-30 14:19:07,132 [DEBUG]: Requesting index 312 on port 5
2021-03-30 14:19:07,136 [DEBUG]: Added element [312]
2021-03-30 14:19:07,136 [DEBUG]: [5]: More variables, requesting index 313
2021-03-30 14:19:07,136 [DEBUG]: Requesting index 313 on port 5
2021-03-30 14:19:07,139 [DEBUG]: Added element [313]
2021-03-30 14:19:07,140 [DEBUG]: [5]: More variables, requesting index 314
2021-03-30 14:19:07,140 [DEBUG]: Requesting index 314 on port 5
2021-03-30 14:19:07,143 [DEBUG]: Added element [314]
2021-03-30 14:19:07,143 [DEBUG]: [5]: More variables, requesting index 315
2021-03-30 14:19:07,143 [DEBUG]: Requesting index 315 on port 5
2021-03-30 14:19:07,147 [DEBUG]: Added element [315]
2021-03-30 14:19:07,147 [DEBUG]: [5]: More variables, requesting index 316
2021-03-30 14:19:07,147 [DEBUG]: Requesting index 316 on port 5
2021-03-30 14:19:07,150 [DEBUG]: Added element [316]
2021-03-30 14:19:07,150 [WARNING]: Could not save cache, no writable directory
2021-03-30 14:19:07,150 [DEBUG]: Removing callback on port [5] to [<bound method TocFetcher._new_packet_cb of <cflib.crazyflie.toc.TocFetcher object at 0x000002797FFB1E88>>]
2021-03-30 14:19:07,151 [DEBUG]: [5]: Done!
2021-03-30 14:19:07,151 [INFO]: Log TOC finished updating
2021-03-30 14:19:07,151 [DEBUG]: Requesting number of memories
2021-03-30 14:19:07,154 [INFO]: 8 memories found
2021-03-30 14:19:07,155 [DEBUG]: Requesting first id
2021-03-30 14:19:07,159 [DEBUG]: Requesting information about memory 1
2021-03-30 14:19:07,163 [DEBUG]: Memory: id=1, type=LED driver, size=24
2021-03-30 14:19:07,163 [DEBUG]: Requesting information about memory 2
2021-03-30 14:19:07,167 [DEBUG]: Memory: id=2, type=Loco Positioning, size=6144
2021-03-30 14:19:07,167 [DEBUG]: Requesting information about memory 3
2021-03-30 14:19:07,171 [DEBUG]: Memory: id=3, type=Trajectory, size=4096
2021-03-30 14:19:07,171 [DEBUG]: Requesting information about memory 4
2021-03-30 14:19:07,176 [DEBUG]: Memory: id=4, type=Loco Positioning 2, size=69632
2021-03-30 14:19:07,176 [DEBUG]: Requesting information about memory 5
2021-03-30 14:19:07,180 [DEBUG]: Memory: id=5, type=Lighthouse positioning, size=96
2021-03-30 14:19:07,180 [DEBUG]: Requesting information about memory 6
2021-03-30 14:19:07,183 [DEBUG]: Memory: id=6, type=Memory tester, size=4096
2021-03-30 14:19:07,184 [DEBUG]: Requesting information about memory 7
2021-03-30 14:19:07,188 [DEBUG]: Memory: id=7, type=Unknown, size=0
2021-03-30 14:19:07,188 [DEBUG]: Done getting all the memories, start reading the OWs
2021-03-30 14:19:07,188 [INFO]: Memories finished updating
2021-03-30 14:19:07,188 [DEBUG]: [2]: Using V2 protocol: 1
2021-03-30 14:19:07,188 [DEBUG]: [2]: Start fetching...
2021-03-30 14:19:07,189 [DEBUG]: Adding callback on port [2] to [<bound method TocFetcher._new_packet_cb of <cflib.crazyflie.toc.TocFetcher object at 0x000002790E9631C8>>]
2021-03-30 14:19:07,192 [DEBUG]: [2]: Got TOC CRC, 164 items and crc=0x1042AFA8
2021-03-30 14:19:07,192 [DEBUG]: Requesting index 0 on port 2
2021-03-30 14:19:07,197 [DEBUG]: Added element [0]
2021-03-30 14:19:07,197 [DEBUG]: [2]: More variables, requesting index 1
2021-03-30 14:19:07,197 [DEBUG]: Requesting index 1 on port 2
2021-03-30 14:19:07,201 [DEBUG]: Added element [1]
2021-03-30 14:19:07,201 [DEBUG]: [2]: More variables, requesting index 2
2021-03-30 14:19:07,201 [DEBUG]: Requesting index 2 on port 2
2021-03-30 14:19:07,206 [DEBUG]: Added element [2]
2021-03-30 14:19:07,206 [DEBUG]: [2]: More variables, requesting index 3
2021-03-30 14:19:07,206 [DEBUG]: Requesting index 3 on port 2
2021-03-30 14:19:07,210 [DEBUG]: Added element [3]
2021-03-30 14:19:07,211 [DEBUG]: [2]: More variables, requesting index 4
2021-03-30 14:19:07,211 [DEBUG]: Requesting index 4 on port 2
2021-03-30 14:19:07,215 [DEBUG]: Added element [4]
2021-03-30 14:19:07,215 [DEBUG]: [2]: More variables, requesting index 5
2021-03-30 14:19:07,215 [DEBUG]: Requesting index 5 on port 2
2021-03-30 14:19:07,220 [DEBUG]: Added element [5]
2021-03-30 14:19:07,220 [DEBUG]: [2]: More variables, requesting index 6
2021-03-30 14:19:07,220 [DEBUG]: Requesting index 6 on port 2
2021-03-30 14:19:07,224 [DEBUG]: Added element [6]
2021-03-30 14:19:07,224 [DEBUG]: [2]: More variables, requesting index 7
2021-03-30 14:19:07,225 [DEBUG]: Requesting index 7 on port 2
2021-03-30 14:19:07,228 [DEBUG]: Added element [7]
2021-03-30 14:19:07,228 [DEBUG]: [2]: More variables, requesting index 8
2021-03-30 14:19:07,228 [DEBUG]: Requesting index 8 on port 2
2021-03-30 14:19:07,231 [DEBUG]: Added element [8]
2021-03-30 14:19:07,232 [DEBUG]: [2]: More variables, requesting index 9
2021-03-30 14:19:07,232 [DEBUG]: Requesting index 9 on port 2
2021-03-30 14:19:07,236 [DEBUG]: Added element [9]
2021-03-30 14:19:07,236 [DEBUG]: [2]: More variables, requesting index 10
2021-03-30 14:19:07,236 [DEBUG]: Requesting index 10 on port 2
2021-03-30 14:19:07,239 [DEBUG]: Added element [10]
2021-03-30 14:19:07,240 [DEBUG]: [2]: More variables, requesting index 11
2021-03-30 14:19:07,240 [DEBUG]: Requesting index 11 on port 2
2021-03-30 14:19:07,254 [DEBUG]: Added element [11]
2021-03-30 14:19:07,254 [DEBUG]: [2]: More variables, requesting index 12
2021-03-30 14:19:07,254 [DEBUG]: Requesting index 12 on port 2
2021-03-30 14:19:07,258 [DEBUG]: Added element [12]
2021-03-30 14:19:07,258 [DEBUG]: [2]: More variables, requesting index 13
2021-03-30 14:19:07,258 [DEBUG]: Requesting index 13 on port 2
2021-03-30 14:19:07,262 [DEBUG]: Added element [13]
2021-03-30 14:19:07,262 [DEBUG]: [2]: More variables, requesting index 14
2021-03-30 14:19:07,263 [DEBUG]: Requesting index 14 on port 2
2021-03-30 14:19:07,267 [DEBUG]: Added element [14]
2021-03-30 14:19:07,267 [DEBUG]: [2]: More variables, requesting index 15
2021-03-30 14:19:07,267 [DEBUG]: Requesting index 15 on port 2
2021-03-30 14:19:07,271 [DEBUG]: Added element [15]
2021-03-30 14:19:07,271 [DEBUG]: [2]: More variables, requesting index 16
2021-03-30 14:19:07,271 [DEBUG]: Requesting index 16 on port 2
2021-03-30 14:19:07,275 [DEBUG]: Added element [16]
2021-03-30 14:19:07,276 [DEBUG]: [2]: More variables, requesting index 17
2021-03-30 14:19:07,276 [DEBUG]: Requesting index 17 on port 2
2021-03-30 14:19:07,280 [DEBUG]: Added element [17]
2021-03-30 14:19:07,280 [DEBUG]: [2]: More variables, requesting index 18
2021-03-30 14:19:07,280 [DEBUG]: Requesting index 18 on port 2
2021-03-30 14:19:07,285 [DEBUG]: Added element [18]
2021-03-30 14:19:07,285 [DEBUG]: [2]: More variables, requesting index 19
2021-03-30 14:19:07,285 [DEBUG]: Requesting index 19 on port 2
2021-03-30 14:19:07,289 [DEBUG]: Added element [19]
2021-03-30 14:19:07,289 [DEBUG]: [2]: More variables, requesting index 20
2021-03-30 14:19:07,289 [DEBUG]: Requesting index 20 on port 2
2021-03-30 14:19:07,294 [DEBUG]: Added element [20]
2021-03-30 14:19:07,294 [DEBUG]: [2]: More variables, requesting index 21
2021-03-30 14:19:07,294 [DEBUG]: Requesting index 21 on port 2
2021-03-30 14:19:07,298 [DEBUG]: Added element [21]
2021-03-30 14:19:07,298 [DEBUG]: [2]: More variables, requesting index 22
2021-03-30 14:19:07,298 [DEBUG]: Requesting index 22 on port 2
2021-03-30 14:19:07,303 [DEBUG]: Added element [22]
2021-03-30 14:19:07,303 [DEBUG]: [2]: More variables, requesting index 23
2021-03-30 14:19:07,303 [DEBUG]: Requesting index 23 on port 2
2021-03-30 14:19:07,307 [DEBUG]: Added element [23]
2021-03-30 14:19:07,307 [DEBUG]: [2]: More variables, requesting index 24
2021-03-30 14:19:07,307 [DEBUG]: Requesting index 24 on port 2
2021-03-30 14:19:07,312 [DEBUG]: Added element [24]
2021-03-30 14:19:07,312 [DEBUG]: [2]: More variables, requesting index 25
2021-03-30 14:19:07,312 [DEBUG]: Requesting index 25 on port 2
2021-03-30 14:19:07,316 [DEBUG]: Added element [25]
2021-03-30 14:19:07,317 [DEBUG]: [2]: More variables, requesting index 26
2021-03-30 14:19:07,317 [DEBUG]: Requesting index 26 on port 2
2021-03-30 14:19:07,321 [DEBUG]: Added element [26]
2021-03-30 14:19:07,321 [DEBUG]: [2]: More variables, requesting index 27
2021-03-30 14:19:07,321 [DEBUG]: Requesting index 27 on port 2
2021-03-30 14:19:07,326 [DEBUG]: Added element [27]
2021-03-30 14:19:07,326 [DEBUG]: [2]: More variables, requesting index 28
2021-03-30 14:19:07,326 [DEBUG]: Requesting index 28 on port 2
2021-03-30 14:19:07,330 [DEBUG]: Added element [28]
2021-03-30 14:19:07,330 [DEBUG]: [2]: More variables, requesting index 29
2021-03-30 14:19:07,330 [DEBUG]: Requesting index 29 on port 2
2021-03-30 14:19:07,334 [DEBUG]: Added element [29]
2021-03-30 14:19:07,335 [DEBUG]: [2]: More variables, requesting index 30
2021-03-30 14:19:07,335 [DEBUG]: Requesting index 30 on port 2
2021-03-30 14:19:07,339 [DEBUG]: Added element [30]
2021-03-30 14:19:07,339 [DEBUG]: [2]: More variables, requesting index 31
2021-03-30 14:19:07,339 [DEBUG]: Requesting index 31 on port 2
2021-03-30 14:19:07,344 [DEBUG]: Added element [31]
2021-03-30 14:19:07,344 [DEBUG]: [2]: More variables, requesting index 32
2021-03-30 14:19:07,344 [DEBUG]: Requesting index 32 on port 2
2021-03-30 14:19:07,348 [DEBUG]: Added element [32]
2021-03-30 14:19:07,348 [DEBUG]: [2]: More variables, requesting index 33
2021-03-30 14:19:07,349 [DEBUG]: Requesting index 33 on port 2
2021-03-30 14:19:07,353 [DEBUG]: Added element [33]
2021-03-30 14:19:07,353 [DEBUG]: [2]: More variables, requesting index 34
2021-03-30 14:19:07,353 [DEBUG]: Requesting index 34 on port 2
2021-03-30 14:19:07,357 [DEBUG]: Added element [34]
2021-03-30 14:19:07,358 [DEBUG]: [2]: More variables, requesting index 35
2021-03-30 14:19:07,358 [DEBUG]: Requesting index 35 on port 2
2021-03-30 14:19:07,362 [DEBUG]: Added element [35]
2021-03-30 14:19:07,362 [DEBUG]: [2]: More variables, requesting index 36
2021-03-30 14:19:07,362 [DEBUG]: Requesting index 36 on port 2
2021-03-30 14:19:07,366 [DEBUG]: Added element [36]
2021-03-30 14:19:07,367 [DEBUG]: [2]: More variables, requesting index 37
2021-03-30 14:19:07,367 [DEBUG]: Requesting index 37 on port 2
2021-03-30 14:19:07,372 [DEBUG]: Added element [37]
2021-03-30 14:19:07,372 [DEBUG]: [2]: More variables, requesting index 38
2021-03-30 14:19:07,372 [DEBUG]: Requesting index 38 on port 2
2021-03-30 14:19:07,384 [DEBUG]: Added element [38]
2021-03-30 14:19:07,384 [DEBUG]: [2]: More variables, requesting index 39
2021-03-30 14:19:07,384 [DEBUG]: Requesting index 39 on port 2
2021-03-30 14:19:07,390 [DEBUG]: Added element [39]
2021-03-30 14:19:07,390 [DEBUG]: [2]: More variables, requesting index 40
2021-03-30 14:19:07,390 [DEBUG]: Requesting index 40 on port 2
2021-03-30 14:19:07,394 [DEBUG]: Added element [40]
2021-03-30 14:19:07,394 [DEBUG]: [2]: More variables, requesting index 41
2021-03-30 14:19:07,394 [DEBUG]: Requesting index 41 on port 2
2021-03-30 14:19:07,399 [DEBUG]: Added element [41]
2021-03-30 14:19:07,400 [DEBUG]: [2]: More variables, requesting index 42
2021-03-30 14:19:07,400 [DEBUG]: Requesting index 42 on port 2
2021-03-30 14:19:07,404 [DEBUG]: Added element [42]
2021-03-30 14:19:07,404 [DEBUG]: [2]: More variables, requesting index 43
2021-03-30 14:19:07,404 [DEBUG]: Requesting index 43 on port 2
2021-03-30 14:19:07,408 [DEBUG]: Added element [43]
2021-03-30 14:19:07,408 [DEBUG]: [2]: More variables, requesting index 44
2021-03-30 14:19:07,408 [DEBUG]: Requesting index 44 on port 2
2021-03-30 14:19:07,412 [DEBUG]: Added element [44]
2021-03-30 14:19:07,413 [DEBUG]: [2]: More variables, requesting index 45
2021-03-30 14:19:07,413 [DEBUG]: Requesting index 45 on port 2
2021-03-30 14:19:07,417 [DEBUG]: Added element [45]
2021-03-30 14:19:07,418 [DEBUG]: [2]: More variables, requesting index 46
2021-03-30 14:19:07,418 [DEBUG]: Requesting index 46 on port 2
2021-03-30 14:19:07,422 [DEBUG]: Added element [46]
2021-03-30 14:19:07,422 [DEBUG]: [2]: More variables, requesting index 47
2021-03-30 14:19:07,422 [DEBUG]: Requesting index 47 on port 2
2021-03-30 14:19:07,427 [DEBUG]: Added element [47]
2021-03-30 14:19:07,428 [DEBUG]: [2]: More variables, requesting index 48
2021-03-30 14:19:07,428 [DEBUG]: Requesting index 48 on port 2
2021-03-30 14:19:07,432 [DEBUG]: Added element [48]
2021-03-30 14:19:07,432 [DEBUG]: [2]: More variables, requesting index 49
2021-03-30 14:19:07,432 [DEBUG]: Requesting index 49 on port 2
2021-03-30 14:19:07,437 [DEBUG]: Added element [49]
2021-03-30 14:19:07,437 [DEBUG]: [2]: More variables, requesting index 50
2021-03-30 14:19:07,438 [DEBUG]: Requesting index 50 on port 2
2021-03-30 14:19:07,443 [DEBUG]: Added element [50]
2021-03-30 14:19:07,443 [DEBUG]: [2]: More variables, requesting index 51
2021-03-30 14:19:07,443 [DEBUG]: Requesting index 51 on port 2
2021-03-30 14:19:07,447 [DEBUG]: Added element [51]
2021-03-30 14:19:07,447 [DEBUG]: [2]: More variables, requesting index 52
2021-03-30 14:19:07,448 [DEBUG]: Requesting index 52 on port 2
2021-03-30 14:19:07,452 [DEBUG]: Added element [52]
2021-03-30 14:19:07,452 [DEBUG]: [2]: More variables, requesting index 53
2021-03-30 14:19:07,452 [DEBUG]: Requesting index 53 on port 2
2021-03-30 14:19:07,457 [DEBUG]: Added element [53]
2021-03-30 14:19:07,457 [DEBUG]: [2]: More variables, requesting index 54
2021-03-30 14:19:07,457 [DEBUG]: Requesting index 54 on port 2
2021-03-30 14:19:07,461 [DEBUG]: Added element [54]
2021-03-30 14:19:07,461 [DEBUG]: [2]: More variables, requesting index 55
2021-03-30 14:19:07,461 [DEBUG]: Requesting index 55 on port 2
2021-03-30 14:19:07,465 [DEBUG]: Added element [55]
2021-03-30 14:19:07,465 [DEBUG]: [2]: More variables, requesting index 56
2021-03-30 14:19:07,465 [DEBUG]: Requesting index 56 on port 2
2021-03-30 14:19:07,470 [DEBUG]: Added element [56]
2021-03-30 14:19:07,470 [DEBUG]: [2]: More variables, requesting index 57
2021-03-30 14:19:07,470 [DEBUG]: Requesting index 57 on port 2
2021-03-30 14:19:07,475 [DEBUG]: Added element [57]
2021-03-30 14:19:07,475 [DEBUG]: [2]: More variables, requesting index 58
2021-03-30 14:19:07,475 [DEBUG]: Requesting index 58 on port 2
2021-03-30 14:19:07,480 [DEBUG]: Added element [58]
2021-03-30 14:19:07,480 [DEBUG]: [2]: More variables, requesting index 59
2021-03-30 14:19:07,480 [DEBUG]: Requesting index 59 on port 2
2021-03-30 14:19:07,485 [DEBUG]: Added element [59]
2021-03-30 14:19:07,485 [DEBUG]: [2]: More variables, requesting index 60
2021-03-30 14:19:07,485 [DEBUG]: Requesting index 60 on port 2
2021-03-30 14:19:07,489 [DEBUG]: Added element [60]
2021-03-30 14:19:07,489 [DEBUG]: [2]: More variables, requesting index 61
2021-03-30 14:19:07,489 [DEBUG]: Requesting index 61 on port 2
2021-03-30 14:19:07,494 [DEBUG]: Added element [61]
2021-03-30 14:19:07,494 [DEBUG]: [2]: More variables, requesting index 62
2021-03-30 14:19:07,494 [DEBUG]: Requesting index 62 on port 2
2021-03-30 14:19:07,498 [DEBUG]: Added element [62]
2021-03-30 14:19:07,498 [DEBUG]: [2]: More variables, requesting index 63
2021-03-30 14:19:07,499 [DEBUG]: Requesting index 63 on port 2
2021-03-30 14:19:07,503 [DEBUG]: Added element [63]
2021-03-30 14:19:07,503 [DEBUG]: [2]: More variables, requesting index 64
2021-03-30 14:19:07,503 [DEBUG]: Requesting index 64 on port 2
2021-03-30 14:19:07,517 [DEBUG]: Added element [64]
2021-03-30 14:19:07,517 [DEBUG]: [2]: More variables, requesting index 65
2021-03-30 14:19:07,517 [DEBUG]: Requesting index 65 on port 2
2021-03-30 14:19:07,521 [DEBUG]: Added element [65]
2021-03-30 14:19:07,521 [DEBUG]: [2]: More variables, requesting index 66
2021-03-30 14:19:07,522 [DEBUG]: Requesting index 66 on port 2
2021-03-30 14:19:07,527 [DEBUG]: Added element [66]
2021-03-30 14:19:07,527 [DEBUG]: [2]: More variables, requesting index 67
2021-03-30 14:19:07,527 [DEBUG]: Requesting index 67 on port 2
2021-03-30 14:19:07,531 [DEBUG]: Added element [67]
2021-03-30 14:19:07,531 [DEBUG]: [2]: More variables, requesting index 68
2021-03-30 14:19:07,531 [DEBUG]: Requesting index 68 on port 2
2021-03-30 14:19:07,535 [DEBUG]: Added element [68]
2021-03-30 14:19:07,536 [DEBUG]: [2]: More variables, requesting index 69
2021-03-30 14:19:07,536 [DEBUG]: Requesting index 69 on port 2
2021-03-30 14:19:07,540 [DEBUG]: Added element [69]
2021-03-30 14:19:07,540 [DEBUG]: [2]: More variables, requesting index 70
2021-03-30 14:19:07,540 [DEBUG]: Requesting index 70 on port 2
2021-03-30 14:19:07,544 [DEBUG]: Added element [70]
2021-03-30 14:19:07,544 [DEBUG]: [2]: More variables, requesting index 71
2021-03-30 14:19:07,545 [DEBUG]: Requesting index 71 on port 2
2021-03-30 14:19:07,549 [DEBUG]: Added element [71]
2021-03-30 14:19:07,549 [DEBUG]: [2]: More variables, requesting index 72
2021-03-30 14:19:07,549 [DEBUG]: Requesting index 72 on port 2
2021-03-30 14:19:07,553 [DEBUG]: Added element [72]
2021-03-30 14:19:07,553 [DEBUG]: [2]: More variables, requesting index 73
2021-03-30 14:19:07,553 [DEBUG]: Requesting index 73 on port 2
2021-03-30 14:19:07,558 [DEBUG]: Added element [73]
2021-03-30 14:19:07,558 [DEBUG]: [2]: More variables, requesting index 74
2021-03-30 14:19:07,558 [DEBUG]: Requesting index 74 on port 2
2021-03-30 14:19:07,562 [DEBUG]: Added element [74]
2021-03-30 14:19:07,563 [DEBUG]: [2]: More variables, requesting index 75
2021-03-30 14:19:07,563 [DEBUG]: Requesting index 75 on port 2
2021-03-30 14:19:07,567 [DEBUG]: Added element [75]
2021-03-30 14:19:07,567 [DEBUG]: [2]: More variables, requesting index 76
2021-03-30 14:19:07,567 [DEBUG]: Requesting index 76 on port 2
2021-03-30 14:19:07,572 [DEBUG]: Added element [76]
2021-03-30 14:19:07,572 [DEBUG]: [2]: More variables, requesting index 77
2021-03-30 14:19:07,572 [DEBUG]: Requesting index 77 on port 2
2021-03-30 14:19:07,577 [DEBUG]: Added element [77]
2021-03-30 14:19:07,577 [DEBUG]: [2]: More variables, requesting index 78
2021-03-30 14:19:07,577 [DEBUG]: Requesting index 78 on port 2
2021-03-30 14:19:07,581 [DEBUG]: Added element [78]
2021-03-30 14:19:07,582 [DEBUG]: [2]: More variables, requesting index 79
2021-03-30 14:19:07,582 [DEBUG]: Requesting index 79 on port 2
2021-03-30 14:19:07,586 [DEBUG]: Added element [79]
2021-03-30 14:19:07,586 [DEBUG]: [2]: More variables, requesting index 80
2021-03-30 14:19:07,586 [DEBUG]: Requesting index 80 on port 2
2021-03-30 14:19:07,590 [DEBUG]: Added element [80]
2021-03-30 14:19:07,591 [DEBUG]: [2]: More variables, requesting index 81
2021-03-30 14:19:07,591 [DEBUG]: Requesting index 81 on port 2
2021-03-30 14:19:07,596 [DEBUG]: Added element [81]
2021-03-30 14:19:07,596 [DEBUG]: [2]: More variables, requesting index 82
2021-03-30 14:19:07,596 [DEBUG]: Requesting index 82 on port 2
2021-03-30 14:19:07,600 [DEBUG]: Added element [82]
2021-03-30 14:19:07,600 [DEBUG]: [2]: More variables, requesting index 83
2021-03-30 14:19:07,600 [DEBUG]: Requesting index 83 on port 2
2021-03-30 14:19:07,605 [DEBUG]: Added element [83]
2021-03-30 14:19:07,605 [DEBUG]: [2]: More variables, requesting index 84
2021-03-30 14:19:07,605 [DEBUG]: Requesting index 84 on port 2
2021-03-30 14:19:07,609 [DEBUG]: Added element [84]
2021-03-30 14:19:07,609 [DEBUG]: [2]: More variables, requesting index 85
2021-03-30 14:19:07,609 [DEBUG]: Requesting index 85 on port 2
2021-03-30 14:19:07,614 [DEBUG]: Added element [85]
2021-03-30 14:19:07,614 [DEBUG]: [2]: More variables, requesting index 86
2021-03-30 14:19:07,614 [DEBUG]: Requesting index 86 on port 2
2021-03-30 14:19:07,619 [DEBUG]: Added element [86]
2021-03-30 14:19:07,620 [DEBUG]: [2]: More variables, requesting index 87
2021-03-30 14:19:07,620 [DEBUG]: Requesting index 87 on port 2
2021-03-30 14:19:07,624 [DEBUG]: Added element [87]
2021-03-30 14:19:07,624 [DEBUG]: [2]: More variables, requesting index 88
2021-03-30 14:19:07,624 [DEBUG]: Requesting index 88 on port 2
2021-03-30 14:19:07,628 [DEBUG]: Added element [88]
2021-03-30 14:19:07,628 [DEBUG]: [2]: More variables, requesting index 89
2021-03-30 14:19:07,628 [DEBUG]: Requesting index 89 on port 2
2021-03-30 14:19:07,633 [DEBUG]: Added element [89]
2021-03-30 14:19:07,633 [DEBUG]: [2]: More variables, requesting index 90
2021-03-30 14:19:07,633 [DEBUG]: Requesting index 90 on port 2
2021-03-30 14:19:07,646 [DEBUG]: Added element [90]
2021-03-30 14:19:07,646 [DEBUG]: [2]: More variables, requesting index 91
2021-03-30 14:19:07,646 [DEBUG]: Requesting index 91 on port 2
2021-03-30 14:19:07,651 [DEBUG]: Added element [91]
2021-03-30 14:19:07,651 [DEBUG]: [2]: More variables, requesting index 92
2021-03-30 14:19:07,651 [DEBUG]: Requesting index 92 on port 2
2021-03-30 14:19:07,655 [DEBUG]: Added element [92]
2021-03-30 14:19:07,655 [DEBUG]: [2]: More variables, requesting index 93
2021-03-30 14:19:07,655 [DEBUG]: Requesting index 93 on port 2
2021-03-30 14:19:07,660 [DEBUG]: Added element [93]
2021-03-30 14:19:07,660 [DEBUG]: [2]: More variables, requesting index 94
2021-03-30 14:19:07,660 [DEBUG]: Requesting index 94 on port 2
2021-03-30 14:19:07,664 [DEBUG]: Added element [94]
2021-03-30 14:19:07,664 [DEBUG]: [2]: More variables, requesting index 95
2021-03-30 14:19:07,664 [DEBUG]: Requesting index 95 on port 2
2021-03-30 14:19:07,669 [DEBUG]: Added element [95]
2021-03-30 14:19:07,669 [DEBUG]: [2]: More variables, requesting index 96
2021-03-30 14:19:07,670 [DEBUG]: Requesting index 96 on port 2
2021-03-30 14:19:07,674 [DEBUG]: Added element [96]
2021-03-30 14:19:07,674 [DEBUG]: [2]: More variables, requesting index 97
2021-03-30 14:19:07,674 [DEBUG]: Requesting index 97 on port 2
2021-03-30 14:19:07,678 [DEBUG]: Added element [97]
2021-03-30 14:19:07,678 [DEBUG]: [2]: More variables, requesting index 98
2021-03-30 14:19:07,678 [DEBUG]: Requesting index 98 on port 2
2021-03-30 14:19:07,683 [DEBUG]: Added element [98]
2021-03-30 14:19:07,683 [DEBUG]: [2]: More variables, requesting index 99
2021-03-30 14:19:07,683 [DEBUG]: Requesting index 99 on port 2
2021-03-30 14:19:07,689 [DEBUG]: Added element [99]
2021-03-30 14:19:07,689 [DEBUG]: [2]: More variables, requesting index 100
2021-03-30 14:19:07,689 [DEBUG]: Requesting index 100 on port 2
2021-03-30 14:19:07,693 [DEBUG]: Added element [100]
2021-03-30 14:19:07,694 [DEBUG]: [2]: More variables, requesting index 101
2021-03-30 14:19:07,694 [DEBUG]: Requesting index 101 on port 2
2021-03-30 14:19:07,698 [DEBUG]: Added element [101]
2021-03-30 14:19:07,698 [DEBUG]: [2]: More variables, requesting index 102
2021-03-30 14:19:07,698 [DEBUG]: Requesting index 102 on port 2
2021-03-30 14:19:07,702 [DEBUG]: Added element [102]
2021-03-30 14:19:07,703 [DEBUG]: [2]: More variables, requesting index 103
2021-03-30 14:19:07,703 [DEBUG]: Requesting index 103 on port 2
2021-03-30 14:19:07,707 [DEBUG]: Added element [103]
2021-03-30 14:19:07,707 [DEBUG]: [2]: More variables, requesting index 104
2021-03-30 14:19:07,708 [DEBUG]: Requesting index 104 on port 2
2021-03-30 14:19:07,712 [DEBUG]: Added element [104]
2021-03-30 14:19:07,712 [DEBUG]: [2]: More variables, requesting index 105
2021-03-30 14:19:07,712 [DEBUG]: Requesting index 105 on port 2
2021-03-30 14:19:07,717 [DEBUG]: Added element [105]
2021-03-30 14:19:07,718 [DEBUG]: [2]: More variables, requesting index 106
2021-03-30 14:19:07,718 [DEBUG]: Requesting index 106 on port 2
2021-03-30 14:19:07,722 [DEBUG]: Added element [106]
2021-03-30 14:19:07,722 [DEBUG]: [2]: More variables, requesting index 107
2021-03-30 14:19:07,723 [DEBUG]: Requesting index 107 on port 2
2021-03-30 14:19:07,728 [DEBUG]: Added element [107]
2021-03-30 14:19:07,728 [DEBUG]: [2]: More variables, requesting index 108
2021-03-30 14:19:07,728 [DEBUG]: Requesting index 108 on port 2
2021-03-30 14:19:07,732 [DEBUG]: Added element [108]
2021-03-30 14:19:07,732 [DEBUG]: [2]: More variables, requesting index 109
2021-03-30 14:19:07,732 [DEBUG]: Requesting index 109 on port 2
2021-03-30 14:19:07,737 [DEBUG]: Added element [109]
2021-03-30 14:19:07,737 [DEBUG]: [2]: More variables, requesting index 110
2021-03-30 14:19:07,737 [DEBUG]: Requesting index 110 on port 2
2021-03-30 14:19:07,741 [DEBUG]: Added element [110]
2021-03-30 14:19:07,742 [DEBUG]: [2]: More variables, requesting index 111
2021-03-30 14:19:07,742 [DEBUG]: Requesting index 111 on port 2
2021-03-30 14:19:07,747 [DEBUG]: Added element [111]
2021-03-30 14:19:07,748 [DEBUG]: [2]: More variables, requesting index 112
2021-03-30 14:19:07,748 [DEBUG]: Requesting index 112 on port 2
2021-03-30 14:19:07,752 [DEBUG]: Added element [112]
2021-03-30 14:19:07,752 [DEBUG]: [2]: More variables, requesting index 113
2021-03-30 14:19:07,752 [DEBUG]: Requesting index 113 on port 2
2021-03-30 14:19:07,757 [DEBUG]: Added element [113]
2021-03-30 14:19:07,757 [DEBUG]: [2]: More variables, requesting index 114
2021-03-30 14:19:07,757 [DEBUG]: Requesting index 114 on port 2
2021-03-30 14:19:07,762 [DEBUG]: Added element [114]
2021-03-30 14:19:07,762 [DEBUG]: [2]: More variables, requesting index 115
2021-03-30 14:19:07,762 [DEBUG]: Requesting index 115 on port 2
2021-03-30 14:19:07,775 [DEBUG]: Added element [115]
2021-03-30 14:19:07,776 [DEBUG]: [2]: More variables, requesting index 116
2021-03-30 14:19:07,776 [DEBUG]: Requesting index 116 on port 2
2021-03-30 14:19:07,780 [DEBUG]: Added element [116]
2021-03-30 14:19:07,780 [DEBUG]: [2]: More variables, requesting index 117
2021-03-30 14:19:07,780 [DEBUG]: Requesting index 117 on port 2
2021-03-30 14:19:07,784 [DEBUG]: Added element [117]
2021-03-30 14:19:07,784 [DEBUG]: [2]: More variables, requesting index 118
2021-03-30 14:19:07,785 [DEBUG]: Requesting index 118 on port 2
2021-03-30 14:19:07,789 [DEBUG]: Added element [118]
2021-03-30 14:19:07,789 [DEBUG]: [2]: More variables, requesting index 119
2021-03-30 14:19:07,789 [DEBUG]: Requesting index 119 on port 2
2021-03-30 14:19:07,793 [DEBUG]: Added element [119]
2021-03-30 14:19:07,794 [DEBUG]: [2]: More variables, requesting index 120
2021-03-30 14:19:07,794 [DEBUG]: Requesting index 120 on port 2
2021-03-30 14:19:07,798 [DEBUG]: Added element [120]
2021-03-30 14:19:07,798 [DEBUG]: [2]: More variables, requesting index 121
2021-03-30 14:19:07,798 [DEBUG]: Requesting index 121 on port 2
2021-03-30 14:19:07,802 [DEBUG]: Added element [121]
2021-03-30 14:19:07,803 [DEBUG]: [2]: More variables, requesting index 122
2021-03-30 14:19:07,803 [DEBUG]: Requesting index 122 on port 2
2021-03-30 14:19:07,807 [DEBUG]: Added element [122]
2021-03-30 14:19:07,807 [DEBUG]: [2]: More variables, requesting index 123
2021-03-30 14:19:07,807 [DEBUG]: Requesting index 123 on port 2
2021-03-30 14:19:07,812 [DEBUG]: Added element [123]
2021-03-30 14:19:07,812 [DEBUG]: [2]: More variables, requesting index 124
2021-03-30 14:19:07,812 [DEBUG]: Requesting index 124 on port 2
2021-03-30 14:19:07,816 [DEBUG]: Added element [124]
2021-03-30 14:19:07,816 [DEBUG]: [2]: More variables, requesting index 125
2021-03-30 14:19:07,816 [DEBUG]: Requesting index 125 on port 2
2021-03-30 14:19:07,821 [DEBUG]: Added element [125]
2021-03-30 14:19:07,821 [DEBUG]: [2]: More variables, requesting index 126
2021-03-30 14:19:07,821 [DEBUG]: Requesting index 126 on port 2
2021-03-30 14:19:07,826 [DEBUG]: Added element [126]
2021-03-30 14:19:07,826 [DEBUG]: [2]: More variables, requesting index 127
2021-03-30 14:19:07,826 [DEBUG]: Requesting index 127 on port 2
2021-03-30 14:19:07,831 [DEBUG]: Added element [127]
2021-03-30 14:19:07,831 [DEBUG]: [2]: More variables, requesting index 128
2021-03-30 14:19:07,831 [DEBUG]: Requesting index 128 on port 2
2021-03-30 14:19:07,836 [DEBUG]: Added element [128]
2021-03-30 14:19:07,836 [DEBUG]: [2]: More variables, requesting index 129
2021-03-30 14:19:07,836 [DEBUG]: Requesting index 129 on port 2
2021-03-30 14:19:07,839 [DEBUG]: Added element [129]
2021-03-30 14:19:07,840 [DEBUG]: [2]: More variables, requesting index 130
2021-03-30 14:19:07,840 [DEBUG]: Requesting index 130 on port 2
2021-03-30 14:19:07,844 [DEBUG]: Added element [130]
2021-03-30 14:19:07,844 [DEBUG]: [2]: More variables, requesting index 131
2021-03-30 14:19:07,844 [DEBUG]: Requesting index 131 on port 2
2021-03-30 14:19:07,849 [DEBUG]: Added element [131]
2021-03-30 14:19:07,849 [DEBUG]: [2]: More variables, requesting index 132
2021-03-30 14:19:07,849 [DEBUG]: Requesting index 132 on port 2
2021-03-30 14:19:07,854 [DEBUG]: Added element [132]
2021-03-30 14:19:07,854 [DEBUG]: [2]: More variables, requesting index 133
2021-03-30 14:19:07,854 [DEBUG]: Requesting index 133 on port 2
2021-03-30 14:19:07,858 [DEBUG]: Added element [133]
2021-03-30 14:19:07,858 [DEBUG]: [2]: More variables, requesting index 134
2021-03-30 14:19:07,858 [DEBUG]: Requesting index 134 on port 2
2021-03-30 14:19:07,863 [DEBUG]: Added element [134]
2021-03-30 14:19:07,863 [DEBUG]: [2]: More variables, requesting index 135
2021-03-30 14:19:07,863 [DEBUG]: Requesting index 135 on port 2
2021-03-30 14:19:07,868 [DEBUG]: Added element [135]
2021-03-30 14:19:07,868 [DEBUG]: [2]: More variables, requesting index 136
2021-03-30 14:19:07,868 [DEBUG]: Requesting index 136 on port 2
2021-03-30 14:19:07,872 [DEBUG]: Added element [136]
2021-03-30 14:19:07,873 [DEBUG]: [2]: More variables, requesting index 137
2021-03-30 14:19:07,873 [DEBUG]: Requesting index 137 on port 2
2021-03-30 14:19:07,877 [DEBUG]: Added element [137]
2021-03-30 14:19:07,877 [DEBUG]: [2]: More variables, requesting index 138
2021-03-30 14:19:07,877 [DEBUG]: Requesting index 138 on port 2
2021-03-30 14:19:07,881 [DEBUG]: Added element [138]
2021-03-30 14:19:07,882 [DEBUG]: [2]: More variables, requesting index 139
2021-03-30 14:19:07,882 [DEBUG]: Requesting index 139 on port 2
2021-03-30 14:19:07,886 [DEBUG]: Added element [139]
2021-03-30 14:19:07,886 [DEBUG]: [2]: More variables, requesting index 140
2021-03-30 14:19:07,886 [DEBUG]: Requesting index 140 on port 2
2021-03-30 14:19:07,890 [DEBUG]: Added element [140]
2021-03-30 14:19:07,890 [DEBUG]: [2]: More variables, requesting index 141
2021-03-30 14:19:07,890 [DEBUG]: Requesting index 141 on port 2
2021-03-30 14:19:07,895 [DEBUG]: Added element [141]
2021-03-30 14:19:07,895 [DEBUG]: [2]: More variables, requesting index 142
2021-03-30 14:19:07,895 [DEBUG]: Requesting index 142 on port 2
2021-03-30 14:19:07,908 [DEBUG]: Added element [142]
2021-03-30 14:19:07,908 [DEBUG]: [2]: More variables, requesting index 143
2021-03-30 14:19:07,908 [DEBUG]: Requesting index 143 on port 2
2021-03-30 14:19:07,912 [DEBUG]: Added element [143]
2021-03-30 14:19:07,913 [DEBUG]: [2]: More variables, requesting index 144
2021-03-30 14:19:07,913 [DEBUG]: Requesting index 144 on port 2
2021-03-30 14:19:07,917 [DEBUG]: Added element [144]
2021-03-30 14:19:07,917 [DEBUG]: [2]: More variables, requesting index 145
2021-03-30 14:19:07,917 [DEBUG]: Requesting index 145 on port 2
2021-03-30 14:19:07,921 [DEBUG]: Added element [145]
2021-03-30 14:19:07,921 [DEBUG]: [2]: More variables, requesting index 146
2021-03-30 14:19:07,922 [DEBUG]: Requesting index 146 on port 2
2021-03-30 14:19:07,926 [DEBUG]: Added element [146]
2021-03-30 14:19:07,926 [DEBUG]: [2]: More variables, requesting index 147
2021-03-30 14:19:07,926 [DEBUG]: Requesting index 147 on port 2
2021-03-30 14:19:07,930 [DEBUG]: Added element [147]
2021-03-30 14:19:07,930 [DEBUG]: [2]: More variables, requesting index 148
2021-03-30 14:19:07,931 [DEBUG]: Requesting index 148 on port 2
2021-03-30 14:19:07,935 [DEBUG]: Added element [148]
2021-03-30 14:19:07,935 [DEBUG]: [2]: More variables, requesting index 149
2021-03-30 14:19:07,935 [DEBUG]: Requesting index 149 on port 2
2021-03-30 14:19:07,938 [DEBUG]: Added element [149]
2021-03-30 14:19:07,938 [DEBUG]: [2]: More variables, requesting index 150
2021-03-30 14:19:07,939 [DEBUG]: Requesting index 150 on port 2
2021-03-30 14:19:07,943 [DEBUG]: Added element [150]
2021-03-30 14:19:07,943 [DEBUG]: [2]: More variables, requesting index 151
2021-03-30 14:19:07,943 [DEBUG]: Requesting index 151 on port 2
2021-03-30 14:19:07,946 [DEBUG]: Added element [151]
2021-03-30 14:19:07,947 [DEBUG]: [2]: More variables, requesting index 152
2021-03-30 14:19:07,947 [DEBUG]: Requesting index 152 on port 2
2021-03-30 14:19:07,951 [DEBUG]: Added element [152]
2021-03-30 14:19:07,951 [DEBUG]: [2]: More variables, requesting index 153
2021-03-30 14:19:07,951 [DEBUG]: Requesting index 153 on port 2
2021-03-30 14:19:07,956 [DEBUG]: Added element [153]
2021-03-30 14:19:07,956 [DEBUG]: [2]: More variables, requesting index 154
2021-03-30 14:19:07,956 [DEBUG]: Requesting index 154 on port 2
2021-03-30 14:19:07,960 [DEBUG]: Added element [154]
2021-03-30 14:19:07,960 [DEBUG]: [2]: More variables, requesting index 155
2021-03-30 14:19:07,960 [DEBUG]: Requesting index 155 on port 2
2021-03-30 14:19:07,965 [DEBUG]: Added element [155]
2021-03-30 14:19:07,965 [DEBUG]: [2]: More variables, requesting index 156
2021-03-30 14:19:07,965 [DEBUG]: Requesting index 156 on port 2
2021-03-30 14:19:07,969 [DEBUG]: Added element [156]
2021-03-30 14:19:07,970 [DEBUG]: [2]: More variables, requesting index 157
2021-03-30 14:19:07,970 [DEBUG]: Requesting index 157 on port 2
2021-03-30 14:19:07,974 [DEBUG]: Added element [157]
2021-03-30 14:19:07,974 [DEBUG]: [2]: More variables, requesting index 158
2021-03-30 14:19:07,974 [DEBUG]: Requesting index 158 on port 2
2021-03-30 14:19:07,978 [DEBUG]: Added element [158]
2021-03-30 14:19:07,978 [DEBUG]: [2]: More variables, requesting index 159
2021-03-30 14:19:07,978 [DEBUG]: Requesting index 159 on port 2
2021-03-30 14:19:07,983 [DEBUG]: Added element [159]
2021-03-30 14:19:07,983 [DEBUG]: [2]: More variables, requesting index 160
2021-03-30 14:19:07,983 [DEBUG]: Requesting index 160 on port 2
2021-03-30 14:19:07,988 [DEBUG]: Added element [160]
2021-03-30 14:19:07,988 [DEBUG]: [2]: More variables, requesting index 161
2021-03-30 14:19:07,988 [DEBUG]: Requesting index 161 on port 2
2021-03-30 14:19:07,993 [DEBUG]: Added element [161]
2021-03-30 14:19:07,993 [DEBUG]: [2]: More variables, requesting index 162
2021-03-30 14:19:07,993 [DEBUG]: Requesting index 162 on port 2
2021-03-30 14:19:07,997 [DEBUG]: Added element [162]
2021-03-30 14:19:07,997 [DEBUG]: [2]: More variables, requesting index 163
2021-03-30 14:19:07,998 [DEBUG]: Requesting index 163 on port 2
2021-03-30 14:19:08,002 [DEBUG]: Added element [163]
2021-03-30 14:19:08,002 [WARNING]: Could not save cache, no writable directory
2021-03-30 14:19:08,002 [DEBUG]: Removing callback on port [2] to [<bound method TocFetcher._new_packet_cb of <cflib.crazyflie.toc.TocFetcher object at 0x000002790E9631C8>>]
2021-03-30 14:19:08,002 [DEBUG]: [2]: Done!
2021-03-30 14:19:08,003 [INFO]: Param TOC finished updating
2021-03-30 14:19:08,003 [INFO]: Callback->Connection setup finished [radio://0/80/2M]
2021-03-30 14:19:08,003 [DEBUG]: Requesting request to update param [6]
2021-03-30 14:19:08,004 [INFO]: Closing link
2021-03-30 14:19:08,004 [DEBUG]: Requesting request to update param [1]
2021-03-30 14:19:08,005 [DEBUG]: Requesting request to update param [2]
2021-03-30 14:19:08,005 [DEBUG]: Requesting request to update param [3]
2021-03-30 14:19:08,005 [DEBUG]: Requesting request to update param [4]
2021-03-30 14:19:08,005 [DEBUG]: Requesting request to update param [5]
2021-03-30 14:19:08,006 [DEBUG]: Requesting request to update param [7]
2021-03-30 14:19:08,006 [DEBUG]: Requesting request to update param [8]
2021-03-30 14:19:08,006 [DEBUG]: Requesting request to update param [9]
2021-03-30 14:19:08,006 [DEBUG]: Requesting request to update param [10]
2021-03-30 14:19:08,006 [DEBUG]: Requesting request to update param [11]
2021-03-30 14:19:08,007 [DEBUG]: Requesting request to update param [16]
2021-03-30 14:19:08,007 [DEBUG]: Requesting request to update param [12]
2021-03-30 14:19:08,007 [INFO]: Callback->Disconnected from [radio://0/80/2M]
2021-03-30 14:19:08,007 [WARNING]: Unable to find variable [sound.neffect]
2021-03-30 14:19:08,010 [ERROR]: Exception while doing callback on port [2]

Traceback (most recent call last):
  File "C:\Users\Vicon-PC\Desktop\PROGETTO CRAZYFLIE\virtual env generic\lib\site-packages\cflib\crazyflie\__init__.py", line 403, in run
    cb.callback(pk)
  File "C:\Users\Vicon-PC\Desktop\PROGETTO CRAZYFLIE\virtual env generic\lib\site-packages\cflib\crazyflie\toc.py", line 204, in _new_packet_cb
    self._toc_fetch_finished()
  File "C:\Users\Vicon-PC\Desktop\PROGETTO CRAZYFLIE\virtual env generic\lib\site-packages\cflib\crazyflie\toc.py", line 153, in _toc_fetch_finished
    self.finished_callback()
  File "C:\Users\Vicon-PC\Desktop\PROGETTO CRAZYFLIE\virtual env generic\lib\site-packages\cflib\crazyflie\__init__.py", line 172, in _param_toc_updated_cb
    self.param.request_update_of_all_params()
  File "C:\Users\Vicon-PC\Desktop\PROGETTO CRAZYFLIE\virtual env generic\lib\site-packages\cflib\crazyflie\param.py", line 143, in request_update_of_all_params
    self.request_param_update(complete_name)
  File "C:\Users\Vicon-PC\Desktop\PROGETTO CRAZYFLIE\virtual env generic\lib\site-packages\cflib\crazyflie\param.py", line 248, in request_param_update
    self.toc.get_element_id(complete_name))
  File "C:\Users\Vicon-PC\Desktop\PROGETTO CRAZYFLIE\virtual env generic\lib\site-packages\cflib\crazyflie\param.py", line 339, in request_param_update
    pk.data = struct.pack('<H', var_id)
struct.error: required argument is not an integer

