2021-03-30 14:18:24,482 [INFO]: variables added
2021-03-30 14:18:24,482 [DEBUG]: Adding callback on port [6] to [<bound method Localization._incoming of <cflib.crazyflie.localization.Localization object at 0x000001A7DB851788>>]
2021-03-30 14:18:24,483 [DEBUG]: Adding callback on port [5] to [<bound method Log._new_packet_cb of <cflib.crazyflie.log.Log object at 0x000001A7DB851888>>]
2021-03-30 14:18:24,483 [DEBUG]: Adding callback on port [0] to [<bound method Console.incoming of <cflib.crazyflie.console.Console object at 0x000001A7DB851948>>]
2021-03-30 14:18:24,483 [DEBUG]: Adding callback on port [2] to [<bound method _ParamUpdater._new_packet_cb of <_ParamUpdater(Thread-2, initial daemon)>>]
2021-03-30 14:18:24,484 [DEBUG]: Adding callback on port [4] to [<bound method Memory._new_packet_cb of <cflib.crazyflie.mem.Memory object at 0x000001A7DB851BC8>>]
2021-03-30 14:18:24,484 [DEBUG]: Adding callback on port [13] to [<bound method PlatformService._platform_callback of <cflib.crazyflie.platformservice.PlatformService object at 0x000001A7DB851CC8>>]
2021-03-30 14:18:24,484 [DEBUG]: Adding callback on port [15] to [<bound method PlatformService._crt_service_callback of <cflib.crazyflie.platformservice.PlatformService object at 0x000001A7DB851CC8>>]
2021-03-30 14:18:24,484 [INFO]: Callback->Connection initialized[radio://0/80/2M]
2021-03-30 14:18:24,488 [INFO]: We are connected[radio://0/80/2M], request connection setup
2021-03-30 14:18:24,489 [INFO]: Callback->Connected to [radio://0/80/2M]
2021-03-30 14:18:24,496 [INFO]: Protocol  version: 4
2021-03-30 14:18:24,500 [DEBUG]: Logging reset, continue with TOC download
2021-03-30 14:18:24,500 [DEBUG]: [5]: Using V2 protocol: 1
2021-03-30 14:18:24,500 [DEBUG]: [5]: Start fetching...
2021-03-30 14:18:24,500 [DEBUG]: Adding callback on port [5] to [<bound method TocFetcher._new_packet_cb of <cflib.crazyflie.toc.TocFetcher object at 0x000001A7DB89F7C8>>]
2021-03-30 14:18:24,512 [DEBUG]: [5]: Got TOC CRC, 317 items and crc=0x05C5AF70
2021-03-30 14:18:24,512 [DEBUG]: Requesting index 0 on port 5
2021-03-30 14:18:24,516 [DEBUG]: Added element [0]
2021-03-30 14:18:24,516 [DEBUG]: [5]: More variables, requesting index 1
2021-03-30 14:18:24,516 [DEBUG]: Requesting index 1 on port 5
2021-03-30 14:18:24,520 [DEBUG]: Added element [1]
2021-03-30 14:18:24,520 [DEBUG]: [5]: More variables, requesting index 2
2021-03-30 14:18:24,521 [DEBUG]: Requesting index 2 on port 5
2021-03-30 14:18:24,524 [DEBUG]: Added element [2]
2021-03-30 14:18:24,525 [DEBUG]: [5]: More variables, requesting index 3
2021-03-30 14:18:24,525 [DEBUG]: Requesting index 3 on port 5
2021-03-30 14:18:24,529 [DEBUG]: Added element [3]
2021-03-30 14:18:24,529 [DEBUG]: [5]: More variables, requesting index 4
2021-03-30 14:18:24,529 [DEBUG]: Requesting index 4 on port 5
2021-03-30 14:18:24,534 [DEBUG]: Added element [4]
2021-03-30 14:18:24,534 [DEBUG]: [5]: More variables, requesting index 5
2021-03-30 14:18:24,534 [DEBUG]: Requesting index 5 on port 5
2021-03-30 14:18:24,538 [DEBUG]: Added element [5]
2021-03-30 14:18:24,538 [DEBUG]: [5]: More variables, requesting index 6
2021-03-30 14:18:24,538 [DEBUG]: Requesting index 6 on port 5
2021-03-30 14:18:24,542 [DEBUG]: Added element [6]
2021-03-30 14:18:24,542 [DEBUG]: [5]: More variables, requesting index 7
2021-03-30 14:18:24,542 [DEBUG]: Requesting index 7 on port 5
2021-03-30 14:18:24,547 [DEBUG]: Added element [7]
2021-03-30 14:18:24,547 [DEBUG]: [5]: More variables, requesting index 8
2021-03-30 14:18:24,547 [DEBUG]: Requesting index 8 on port 5
2021-03-30 14:18:24,551 [DEBUG]: Added element [8]
2021-03-30 14:18:24,551 [DEBUG]: [5]: More variables, requesting index 9
2021-03-30 14:18:24,551 [DEBUG]: Requesting index 9 on port 5
2021-03-30 14:18:24,555 [DEBUG]: Added element [9]
2021-03-30 14:18:24,555 [DEBUG]: [5]: More variables, requesting index 10
2021-03-30 14:18:24,555 [DEBUG]: Requesting index 10 on port 5
2021-03-30 14:18:24,559 [DEBUG]: Added element [10]
2021-03-30 14:18:24,559 [DEBUG]: [5]: More variables, requesting index 11
2021-03-30 14:18:24,559 [DEBUG]: Requesting index 11 on port 5
2021-03-30 14:18:24,563 [DEBUG]: Added element [11]
2021-03-30 14:18:24,563 [DEBUG]: [5]: More variables, requesting index 12
2021-03-30 14:18:24,564 [DEBUG]: Requesting index 12 on port 5
2021-03-30 14:18:24,567 [DEBUG]: Added element [12]
2021-03-30 14:18:24,567 [DEBUG]: [5]: More variables, requesting index 13
2021-03-30 14:18:24,567 [DEBUG]: Requesting index 13 on port 5
2021-03-30 14:18:24,570 [DEBUG]: Added element [13]
2021-03-30 14:18:24,570 [DEBUG]: [5]: More variables, requesting index 14
2021-03-30 14:18:24,570 [DEBUG]: Requesting index 14 on port 5
2021-03-30 14:18:24,574 [DEBUG]: Added element [14]
2021-03-30 14:18:24,574 [DEBUG]: [5]: More variables, requesting index 15
2021-03-30 14:18:24,574 [DEBUG]: Requesting index 15 on port 5
2021-03-30 14:18:24,578 [DEBUG]: Added element [15]
2021-03-30 14:18:24,578 [DEBUG]: [5]: More variables, requesting index 16
2021-03-30 14:18:24,578 [DEBUG]: Requesting index 16 on port 5
2021-03-30 14:18:24,582 [DEBUG]: Added element [16]
2021-03-30 14:18:24,583 [DEBUG]: [5]: More variables, requesting index 17
2021-03-30 14:18:24,583 [DEBUG]: Requesting index 17 on port 5
2021-03-30 14:18:24,587 [DEBUG]: Added element [17]
2021-03-30 14:18:24,587 [DEBUG]: [5]: More variables, requesting index 18
2021-03-30 14:18:24,587 [DEBUG]: Requesting index 18 on port 5
2021-03-30 14:18:24,591 [DEBUG]: Added element [18]
2021-03-30 14:18:24,591 [DEBUG]: [5]: More variables, requesting index 19
2021-03-30 14:18:24,591 [DEBUG]: Requesting index 19 on port 5
2021-03-30 14:18:24,596 [DEBUG]: Added element [19]
2021-03-30 14:18:24,596 [DEBUG]: [5]: More variables, requesting index 20
2021-03-30 14:18:24,596 [DEBUG]: Requesting index 20 on port 5
2021-03-30 14:18:24,600 [DEBUG]: Added element [20]
2021-03-30 14:18:24,600 [DEBUG]: [5]: More variables, requesting index 21
2021-03-30 14:18:24,600 [DEBUG]: Requesting index 21 on port 5
2021-03-30 14:18:24,604 [DEBUG]: Added element [21]
2021-03-30 14:18:24,604 [DEBUG]: [5]: More variables, requesting index 22
2021-03-30 14:18:24,604 [DEBUG]: Requesting index 22 on port 5
2021-03-30 14:18:24,608 [DEBUG]: Added element [22]
2021-03-30 14:18:24,608 [DEBUG]: [5]: More variables, requesting index 23
2021-03-30 14:18:24,608 [DEBUG]: Requesting index 23 on port 5
2021-03-30 14:18:24,612 [DEBUG]: Added element [23]
2021-03-30 14:18:24,612 [DEBUG]: [5]: More variables, requesting index 24
2021-03-30 14:18:24,612 [DEBUG]: Requesting index 24 on port 5
2021-03-30 14:18:24,617 [DEBUG]: Added element [24]
2021-03-30 14:18:24,617 [DEBUG]: [5]: More variables, requesting index 25
2021-03-30 14:18:24,617 [DEBUG]: Requesting index 25 on port 5
2021-03-30 14:18:24,621 [DEBUG]: Added element [25]
2021-03-30 14:18:24,621 [DEBUG]: [5]: More variables, requesting index 26
2021-03-30 14:18:24,621 [DEBUG]: Requesting index 26 on port 5
2021-03-30 14:18:24,625 [DEBUG]: Added element [26]
2021-03-30 14:18:24,626 [DEBUG]: [5]: More variables, requesting index 27
2021-03-30 14:18:24,626 [DEBUG]: Requesting index 27 on port 5
2021-03-30 14:18:24,638 [DEBUG]: Added element [27]
2021-03-30 14:18:24,638 [DEBUG]: [5]: More variables, requesting index 28
2021-03-30 14:18:24,639 [DEBUG]: Requesting index 28 on port 5
2021-03-30 14:18:24,643 [DEBUG]: Added element [28]
2021-03-30 14:18:24,643 [DEBUG]: [5]: More variables, requesting index 29
2021-03-30 14:18:24,643 [DEBUG]: Requesting index 29 on port 5
2021-03-30 14:18:24,647 [DEBUG]: Added element [29]
2021-03-30 14:18:24,647 [DEBUG]: [5]: More variables, requesting index 30
2021-03-30 14:18:24,647 [DEBUG]: Requesting index 30 on port 5
2021-03-30 14:18:24,651 [DEBUG]: Added element [30]
2021-03-30 14:18:24,651 [DEBUG]: [5]: More variables, requesting index 31
2021-03-30 14:18:24,651 [DEBUG]: Requesting index 31 on port 5
2021-03-30 14:18:24,655 [DEBUG]: Added element [31]
2021-03-30 14:18:24,655 [DEBUG]: [5]: More variables, requesting index 32
2021-03-30 14:18:24,655 [DEBUG]: Requesting index 32 on port 5
2021-03-30 14:18:24,658 [DEBUG]: Added element [32]
2021-03-30 14:18:24,658 [DEBUG]: [5]: More variables, requesting index 33
2021-03-30 14:18:24,658 [DEBUG]: Requesting index 33 on port 5
2021-03-30 14:18:24,662 [DEBUG]: Added element [33]
2021-03-30 14:18:24,662 [DEBUG]: [5]: More variables, requesting index 34
2021-03-30 14:18:24,663 [DEBUG]: Requesting index 34 on port 5
2021-03-30 14:18:24,667 [DEBUG]: Added element [34]
2021-03-30 14:18:24,667 [DEBUG]: [5]: More variables, requesting index 35
2021-03-30 14:18:24,667 [DEBUG]: Requesting index 35 on port 5
2021-03-30 14:18:24,671 [DEBUG]: Added element [35]
2021-03-30 14:18:24,671 [DEBUG]: [5]: More variables, requesting index 36
2021-03-30 14:18:24,671 [DEBUG]: Requesting index 36 on port 5
2021-03-30 14:18:24,675 [DEBUG]: Added element [36]
2021-03-30 14:18:24,675 [DEBUG]: [5]: More variables, requesting index 37
2021-03-30 14:18:24,675 [DEBUG]: Requesting index 37 on port 5
2021-03-30 14:18:24,679 [DEBUG]: Added element [37]
2021-03-30 14:18:24,679 [DEBUG]: [5]: More variables, requesting index 38
2021-03-30 14:18:24,679 [DEBUG]: Requesting index 38 on port 5
2021-03-30 14:18:24,684 [DEBUG]: Added element [38]
2021-03-30 14:18:24,684 [DEBUG]: [5]: More variables, requesting index 39
2021-03-30 14:18:24,684 [DEBUG]: Requesting index 39 on port 5
2021-03-30 14:18:24,688 [DEBUG]: Added element [39]
2021-03-30 14:18:24,688 [DEBUG]: [5]: More variables, requesting index 40
2021-03-30 14:18:24,688 [DEBUG]: Requesting index 40 on port 5
2021-03-30 14:18:24,692 [DEBUG]: Added element [40]
2021-03-30 14:18:24,692 [DEBUG]: [5]: More variables, requesting index 41
2021-03-30 14:18:24,693 [DEBUG]: Requesting index 41 on port 5
2021-03-30 14:18:24,696 [DEBUG]: Added element [41]
2021-03-30 14:18:24,697 [DEBUG]: [5]: More variables, requesting index 42
2021-03-30 14:18:24,697 [DEBUG]: Requesting index 42 on port 5
2021-03-30 14:18:24,701 [DEBUG]: Added element [42]
2021-03-30 14:18:24,701 [DEBUG]: [5]: More variables, requesting index 43
2021-03-30 14:18:24,701 [DEBUG]: Requesting index 43 on port 5
2021-03-30 14:18:24,705 [DEBUG]: Added element [43]
2021-03-30 14:18:24,705 [DEBUG]: [5]: More variables, requesting index 44
2021-03-30 14:18:24,705 [DEBUG]: Requesting index 44 on port 5
2021-03-30 14:18:24,709 [DEBUG]: Added element [44]
2021-03-30 14:18:24,709 [DEBUG]: [5]: More variables, requesting index 45
2021-03-30 14:18:24,709 [DEBUG]: Requesting index 45 on port 5
2021-03-30 14:18:24,713 [DEBUG]: Added element [45]
2021-03-30 14:18:24,714 [DEBUG]: [5]: More variables, requesting index 46
2021-03-30 14:18:24,714 [DEBUG]: Requesting index 46 on port 5
2021-03-30 14:18:24,718 [DEBUG]: Added element [46]
2021-03-30 14:18:24,718 [DEBUG]: [5]: More variables, requesting index 47
2021-03-30 14:18:24,718 [DEBUG]: Requesting index 47 on port 5
2021-03-30 14:18:24,722 [DEBUG]: Added element [47]
2021-03-30 14:18:24,723 [DEBUG]: [5]: More variables, requesting index 48
2021-03-30 14:18:24,723 [DEBUG]: Requesting index 48 on port 5
2021-03-30 14:18:24,727 [DEBUG]: Added element [48]
2021-03-30 14:18:24,727 [DEBUG]: [5]: More variables, requesting index 49
2021-03-30 14:18:24,727 [DEBUG]: Requesting index 49 on port 5
2021-03-30 14:18:24,732 [DEBUG]: Added element [49]
2021-03-30 14:18:24,732 [DEBUG]: [5]: More variables, requesting index 50
2021-03-30 14:18:24,732 [DEBUG]: Requesting index 50 on port 5
2021-03-30 14:18:24,736 [DEBUG]: Added element [50]
2021-03-30 14:18:24,736 [DEBUG]: [5]: More variables, requesting index 51
2021-03-30 14:18:24,736 [DEBUG]: Requesting index 51 on port 5
2021-03-30 14:18:24,740 [DEBUG]: Added element [51]
2021-03-30 14:18:24,740 [DEBUG]: [5]: More variables, requesting index 52
2021-03-30 14:18:24,741 [DEBUG]: Requesting index 52 on port 5
2021-03-30 14:18:24,745 [DEBUG]: Added element [52]
2021-03-30 14:18:24,745 [DEBUG]: [5]: More variables, requesting index 53
2021-03-30 14:18:24,745 [DEBUG]: Requesting index 53 on port 5
2021-03-30 14:18:24,749 [DEBUG]: Added element [53]
2021-03-30 14:18:24,749 [DEBUG]: [5]: More variables, requesting index 54
2021-03-30 14:18:24,749 [DEBUG]: Requesting index 54 on port 5
2021-03-30 14:18:24,754 [DEBUG]: Added element [54]
2021-03-30 14:18:24,754 [DEBUG]: [5]: More variables, requesting index 55
2021-03-30 14:18:24,754 [DEBUG]: Requesting index 55 on port 5
2021-03-30 14:18:24,758 [DEBUG]: Added element [55]
2021-03-30 14:18:24,758 [DEBUG]: [5]: More variables, requesting index 56
2021-03-30 14:18:24,758 [DEBUG]: Requesting index 56 on port 5
2021-03-30 14:18:24,771 [DEBUG]: Added element [56]
2021-03-30 14:18:24,772 [DEBUG]: [5]: More variables, requesting index 57
2021-03-30 14:18:24,772 [DEBUG]: Requesting index 57 on port 5
2021-03-30 14:18:24,776 [DEBUG]: Added element [57]
2021-03-30 14:18:24,776 [DEBUG]: [5]: More variables, requesting index 58
2021-03-30 14:18:24,776 [DEBUG]: Requesting index 58 on port 5
2021-03-30 14:18:24,780 [DEBUG]: Added element [58]
2021-03-30 14:18:24,780 [DEBUG]: [5]: More variables, requesting index 59
2021-03-30 14:18:24,780 [DEBUG]: Requesting index 59 on port 5
2021-03-30 14:18:24,784 [DEBUG]: Added element [59]
2021-03-30 14:18:24,784 [DEBUG]: [5]: More variables, requesting index 60
2021-03-30 14:18:24,784 [DEBUG]: Requesting index 60 on port 5
2021-03-30 14:18:24,789 [DEBUG]: Added element [60]
2021-03-30 14:18:24,789 [DEBUG]: [5]: More variables, requesting index 61
2021-03-30 14:18:24,789 [DEBUG]: Requesting index 61 on port 5
2021-03-30 14:18:24,793 [DEBUG]: Added element [61]
2021-03-30 14:18:24,793 [DEBUG]: [5]: More variables, requesting index 62
2021-03-30 14:18:24,793 [DEBUG]: Requesting index 62 on port 5
2021-03-30 14:18:24,797 [DEBUG]: Added element [62]
2021-03-30 14:18:24,797 [DEBUG]: [5]: More variables, requesting index 63
2021-03-30 14:18:24,798 [DEBUG]: Requesting index 63 on port 5
2021-03-30 14:18:24,802 [DEBUG]: Added element [63]
2021-03-30 14:18:24,802 [DEBUG]: [5]: More variables, requesting index 64
2021-03-30 14:18:24,802 [DEBUG]: Requesting index 64 on port 5
2021-03-30 14:18:24,806 [DEBUG]: Added element [64]
2021-03-30 14:18:24,806 [DEBUG]: [5]: More variables, requesting index 65
2021-03-30 14:18:24,806 [DEBUG]: Requesting index 65 on port 5
2021-03-30 14:18:24,810 [DEBUG]: Added element [65]
2021-03-30 14:18:24,810 [DEBUG]: [5]: More variables, requesting index 66
2021-03-30 14:18:24,810 [DEBUG]: Requesting index 66 on port 5
2021-03-30 14:18:24,815 [DEBUG]: Added element [66]
2021-03-30 14:18:24,815 [DEBUG]: [5]: More variables, requesting index 67
2021-03-30 14:18:24,815 [DEBUG]: Requesting index 67 on port 5
2021-03-30 14:18:24,820 [DEBUG]: Added element [67]
2021-03-30 14:18:24,820 [DEBUG]: [5]: More variables, requesting index 68
2021-03-30 14:18:24,820 [DEBUG]: Requesting index 68 on port 5
2021-03-30 14:18:24,825 [DEBUG]: Added element [68]
2021-03-30 14:18:24,825 [DEBUG]: [5]: More variables, requesting index 69
2021-03-30 14:18:24,825 [DEBUG]: Requesting index 69 on port 5
2021-03-30 14:18:24,830 [DEBUG]: Added element [69]
2021-03-30 14:18:24,830 [DEBUG]: [5]: More variables, requesting index 70
2021-03-30 14:18:24,830 [DEBUG]: Requesting index 70 on port 5
2021-03-30 14:18:24,834 [DEBUG]: Added element [70]
2021-03-30 14:18:24,834 [DEBUG]: [5]: More variables, requesting index 71
2021-03-30 14:18:24,834 [DEBUG]: Requesting index 71 on port 5
2021-03-30 14:18:24,839 [DEBUG]: Added element [71]
2021-03-30 14:18:24,839 [DEBUG]: [5]: More variables, requesting index 72
2021-03-30 14:18:24,839 [DEBUG]: Requesting index 72 on port 5
2021-03-30 14:18:24,843 [DEBUG]: Added element [72]
2021-03-30 14:18:24,843 [DEBUG]: [5]: More variables, requesting index 73
2021-03-30 14:18:24,843 [DEBUG]: Requesting index 73 on port 5
2021-03-30 14:18:24,847 [DEBUG]: Added element [73]
2021-03-30 14:18:24,847 [DEBUG]: [5]: More variables, requesting index 74
2021-03-30 14:18:24,847 [DEBUG]: Requesting index 74 on port 5
2021-03-30 14:18:24,851 [DEBUG]: Added element [74]
2021-03-30 14:18:24,852 [DEBUG]: [5]: More variables, requesting index 75
2021-03-30 14:18:24,852 [DEBUG]: Requesting index 75 on port 5
2021-03-30 14:18:24,856 [DEBUG]: Added element [75]
2021-03-30 14:18:24,856 [DEBUG]: [5]: More variables, requesting index 76
2021-03-30 14:18:24,856 [DEBUG]: Requesting index 76 on port 5
2021-03-30 14:18:24,860 [DEBUG]: Added element [76]
2021-03-30 14:18:24,860 [DEBUG]: [5]: More variables, requesting index 77
2021-03-30 14:18:24,860 [DEBUG]: Requesting index 77 on port 5
2021-03-30 14:18:24,864 [DEBUG]: Added element [77]
2021-03-30 14:18:24,864 [DEBUG]: [5]: More variables, requesting index 78
2021-03-30 14:18:24,864 [DEBUG]: Requesting index 78 on port 5
2021-03-30 14:18:24,869 [DEBUG]: Added element [78]
2021-03-30 14:18:24,869 [DEBUG]: [5]: More variables, requesting index 79
2021-03-30 14:18:24,869 [DEBUG]: Requesting index 79 on port 5
2021-03-30 14:18:24,873 [DEBUG]: Added element [79]
2021-03-30 14:18:24,873 [DEBUG]: [5]: More variables, requesting index 80
2021-03-30 14:18:24,873 [DEBUG]: Requesting index 80 on port 5
2021-03-30 14:18:24,877 [DEBUG]: Added element [80]
2021-03-30 14:18:24,877 [DEBUG]: [5]: More variables, requesting index 81
2021-03-30 14:18:24,877 [DEBUG]: Requesting index 81 on port 5
2021-03-30 14:18:24,881 [DEBUG]: Added element [81]
2021-03-30 14:18:24,881 [DEBUG]: [5]: More variables, requesting index 82
2021-03-30 14:18:24,881 [DEBUG]: Requesting index 82 on port 5
2021-03-30 14:18:24,885 [DEBUG]: Added element [82]
2021-03-30 14:18:24,886 [DEBUG]: [5]: More variables, requesting index 83
2021-03-30 14:18:24,886 [DEBUG]: Requesting index 83 on port 5
2021-03-30 14:18:24,899 [DEBUG]: Added element [83]
2021-03-30 14:18:24,899 [DEBUG]: [5]: More variables, requesting index 84
2021-03-30 14:18:24,899 [DEBUG]: Requesting index 84 on port 5
2021-03-30 14:18:24,903 [DEBUG]: Added element [84]
2021-03-30 14:18:24,903 [DEBUG]: [5]: More variables, requesting index 85
2021-03-30 14:18:24,903 [DEBUG]: Requesting index 85 on port 5
2021-03-30 14:18:24,908 [DEBUG]: Added element [85]
2021-03-30 14:18:24,908 [DEBUG]: [5]: More variables, requesting index 86
2021-03-30 14:18:24,908 [DEBUG]: Requesting index 86 on port 5
2021-03-30 14:18:24,912 [DEBUG]: Added element [86]
2021-03-30 14:18:24,912 [DEBUG]: [5]: More variables, requesting index 87
2021-03-30 14:18:24,912 [DEBUG]: Requesting index 87 on port 5
2021-03-30 14:18:24,916 [DEBUG]: Added element [87]
2021-03-30 14:18:24,916 [DEBUG]: [5]: More variables, requesting index 88
2021-03-30 14:18:24,916 [DEBUG]: Requesting index 88 on port 5
2021-03-30 14:18:24,920 [DEBUG]: Added element [88]
2021-03-30 14:18:24,921 [DEBUG]: [5]: More variables, requesting index 89
2021-03-30 14:18:24,921 [DEBUG]: Requesting index 89 on port 5
2021-03-30 14:18:24,925 [DEBUG]: Added element [89]
2021-03-30 14:18:24,925 [DEBUG]: [5]: More variables, requesting index 90
2021-03-30 14:18:24,925 [DEBUG]: Requesting index 90 on port 5
2021-03-30 14:18:24,929 [DEBUG]: Added element [90]
2021-03-30 14:18:24,929 [DEBUG]: [5]: More variables, requesting index 91
2021-03-30 14:18:24,929 [DEBUG]: Requesting index 91 on port 5
2021-03-30 14:18:24,933 [DEBUG]: Added element [91]
2021-03-30 14:18:24,933 [DEBUG]: [5]: More variables, requesting index 92
2021-03-30 14:18:24,933 [DEBUG]: Requesting index 92 on port 5
2021-03-30 14:18:24,938 [DEBUG]: Added element [92]
2021-03-30 14:18:24,938 [DEBUG]: [5]: More variables, requesting index 93
2021-03-30 14:18:24,938 [DEBUG]: Requesting index 93 on port 5
2021-03-30 14:18:24,942 [DEBUG]: Added element [93]
2021-03-30 14:18:24,943 [DEBUG]: [5]: More variables, requesting index 94
2021-03-30 14:18:24,943 [DEBUG]: Requesting index 94 on port 5
2021-03-30 14:18:24,947 [DEBUG]: Added element [94]
2021-03-30 14:18:24,947 [DEBUG]: [5]: More variables, requesting index 95
2021-03-30 14:18:24,947 [DEBUG]: Requesting index 95 on port 5
2021-03-30 14:18:24,951 [DEBUG]: Added element [95]
2021-03-30 14:18:24,951 [DEBUG]: [5]: More variables, requesting index 96
2021-03-30 14:18:24,951 [DEBUG]: Requesting index 96 on port 5
2021-03-30 14:18:24,955 [DEBUG]: Added element [96]
2021-03-30 14:18:24,955 [DEBUG]: [5]: More variables, requesting index 97
2021-03-30 14:18:24,956 [DEBUG]: Requesting index 97 on port 5
2021-03-30 14:18:24,960 [DEBUG]: Added element [97]
2021-03-30 14:18:24,960 [DEBUG]: [5]: More variables, requesting index 98
2021-03-30 14:18:24,960 [DEBUG]: Requesting index 98 on port 5
2021-03-30 14:18:24,964 [DEBUG]: Added element [98]
2021-03-30 14:18:24,964 [DEBUG]: [5]: More variables, requesting index 99
2021-03-30 14:18:24,964 [DEBUG]: Requesting index 99 on port 5
2021-03-30 14:18:24,968 [DEBUG]: Added element [99]
2021-03-30 14:18:24,968 [DEBUG]: [5]: More variables, requesting index 100
2021-03-30 14:18:24,968 [DEBUG]: Requesting index 100 on port 5
2021-03-30 14:18:24,972 [DEBUG]: Added element [100]
2021-03-30 14:18:24,972 [DEBUG]: [5]: More variables, requesting index 101
2021-03-30 14:18:24,972 [DEBUG]: Requesting index 101 on port 5
2021-03-30 14:18:24,976 [DEBUG]: Added element [101]
2021-03-30 14:18:24,976 [DEBUG]: [5]: More variables, requesting index 102
2021-03-30 14:18:24,976 [DEBUG]: Requesting index 102 on port 5
2021-03-30 14:18:24,980 [DEBUG]: Added element [102]
2021-03-30 14:18:24,980 [DEBUG]: [5]: More variables, requesting index 103
2021-03-30 14:18:24,980 [DEBUG]: Requesting index 103 on port 5
2021-03-30 14:18:24,985 [DEBUG]: Added element [103]
2021-03-30 14:18:24,985 [DEBUG]: [5]: More variables, requesting index 104
2021-03-30 14:18:24,985 [DEBUG]: Requesting index 104 on port 5
2021-03-30 14:18:24,989 [DEBUG]: Added element [104]
2021-03-30 14:18:24,989 [DEBUG]: [5]: More variables, requesting index 105
2021-03-30 14:18:24,990 [DEBUG]: Requesting index 105 on port 5
2021-03-30 14:18:24,994 [DEBUG]: Added element [105]
2021-03-30 14:18:24,994 [DEBUG]: [5]: More variables, requesting index 106
2021-03-30 14:18:24,994 [DEBUG]: Requesting index 106 on port 5
2021-03-30 14:18:24,998 [DEBUG]: Added element [106]
2021-03-30 14:18:24,999 [DEBUG]: [5]: More variables, requesting index 107
2021-03-30 14:18:24,999 [DEBUG]: Requesting index 107 on port 5
2021-03-30 14:18:25,003 [DEBUG]: Added element [107]
2021-03-30 14:18:25,003 [DEBUG]: [5]: More variables, requesting index 108
2021-03-30 14:18:25,003 [DEBUG]: Requesting index 108 on port 5
2021-03-30 14:18:25,007 [DEBUG]: Added element [108]
2021-03-30 14:18:25,007 [DEBUG]: [5]: More variables, requesting index 109
2021-03-30 14:18:25,007 [DEBUG]: Requesting index 109 on port 5
2021-03-30 14:18:25,011 [DEBUG]: Added element [109]
2021-03-30 14:18:25,011 [DEBUG]: [5]: More variables, requesting index 110
2021-03-30 14:18:25,012 [DEBUG]: Requesting index 110 on port 5
2021-03-30 14:18:25,016 [DEBUG]: Added element [110]
2021-03-30 14:18:25,016 [DEBUG]: [5]: More variables, requesting index 111
2021-03-30 14:18:25,016 [DEBUG]: Requesting index 111 on port 5
2021-03-30 14:18:25,029 [DEBUG]: Added element [111]
2021-03-30 14:18:25,029 [DEBUG]: [5]: More variables, requesting index 112
2021-03-30 14:18:25,030 [DEBUG]: Requesting index 112 on port 5
2021-03-30 14:18:25,034 [DEBUG]: Added element [112]
2021-03-30 14:18:25,034 [DEBUG]: [5]: More variables, requesting index 113
2021-03-30 14:18:25,034 [DEBUG]: Requesting index 113 on port 5
2021-03-30 14:18:25,038 [DEBUG]: Added element [113]
2021-03-30 14:18:25,038 [DEBUG]: [5]: More variables, requesting index 114
2021-03-30 14:18:25,038 [DEBUG]: Requesting index 114 on port 5
2021-03-30 14:18:25,042 [DEBUG]: Added element [114]
2021-03-30 14:18:25,043 [DEBUG]: [5]: More variables, requesting index 115
2021-03-30 14:18:25,043 [DEBUG]: Requesting index 115 on port 5
2021-03-30 14:18:25,047 [DEBUG]: Added element [115]
2021-03-30 14:18:25,047 [DEBUG]: [5]: More variables, requesting index 116
2021-03-30 14:18:25,047 [DEBUG]: Requesting index 116 on port 5
2021-03-30 14:18:25,050 [DEBUG]: Added element [116]
2021-03-30 14:18:25,050 [DEBUG]: [5]: More variables, requesting index 117
2021-03-30 14:18:25,050 [DEBUG]: Requesting index 117 on port 5
2021-03-30 14:18:25,055 [DEBUG]: Added element [117]
2021-03-30 14:18:25,055 [DEBUG]: [5]: More variables, requesting index 118
2021-03-30 14:18:25,055 [DEBUG]: Requesting index 118 on port 5
2021-03-30 14:18:25,059 [DEBUG]: Added element [118]
2021-03-30 14:18:25,059 [DEBUG]: [5]: More variables, requesting index 119
2021-03-30 14:18:25,059 [DEBUG]: Requesting index 119 on port 5
2021-03-30 14:18:25,063 [DEBUG]: Added element [119]
2021-03-30 14:18:25,063 [DEBUG]: [5]: More variables, requesting index 120
2021-03-30 14:18:25,064 [DEBUG]: Requesting index 120 on port 5
2021-03-30 14:18:25,068 [DEBUG]: Added element [120]
2021-03-30 14:18:25,068 [DEBUG]: [5]: More variables, requesting index 121
2021-03-30 14:18:25,068 [DEBUG]: Requesting index 121 on port 5
2021-03-30 14:18:25,072 [DEBUG]: Added element [121]
2021-03-30 14:18:25,072 [DEBUG]: [5]: More variables, requesting index 122
2021-03-30 14:18:25,072 [DEBUG]: Requesting index 122 on port 5
2021-03-30 14:18:25,076 [DEBUG]: Added element [122]
2021-03-30 14:18:25,077 [DEBUG]: [5]: More variables, requesting index 123
2021-03-30 14:18:25,077 [DEBUG]: Requesting index 123 on port 5
2021-03-30 14:18:25,081 [DEBUG]: Added element [123]
2021-03-30 14:18:25,081 [DEBUG]: [5]: More variables, requesting index 124
2021-03-30 14:18:25,081 [DEBUG]: Requesting index 124 on port 5
2021-03-30 14:18:25,085 [DEBUG]: Added element [124]
2021-03-30 14:18:25,085 [DEBUG]: [5]: More variables, requesting index 125
2021-03-30 14:18:25,085 [DEBUG]: Requesting index 125 on port 5
2021-03-30 14:18:25,090 [DEBUG]: Added element [125]
2021-03-30 14:18:25,090 [DEBUG]: [5]: More variables, requesting index 126
2021-03-30 14:18:25,090 [DEBUG]: Requesting index 126 on port 5
2021-03-30 14:18:25,094 [DEBUG]: Added element [126]
2021-03-30 14:18:25,094 [DEBUG]: [5]: More variables, requesting index 127
2021-03-30 14:18:25,095 [DEBUG]: Requesting index 127 on port 5
2021-03-30 14:18:25,099 [DEBUG]: Added element [127]
2021-03-30 14:18:25,099 [DEBUG]: [5]: More variables, requesting index 128
2021-03-30 14:18:25,099 [DEBUG]: Requesting index 128 on port 5
2021-03-30 14:18:25,103 [DEBUG]: Added element [128]
2021-03-30 14:18:25,104 [DEBUG]: [5]: More variables, requesting index 129
2021-03-30 14:18:25,104 [DEBUG]: Requesting index 129 on port 5
2021-03-30 14:18:25,109 [DEBUG]: Added element [129]
2021-03-30 14:18:25,109 [DEBUG]: [5]: More variables, requesting index 130
2021-03-30 14:18:25,109 [DEBUG]: Requesting index 130 on port 5
2021-03-30 14:18:25,113 [DEBUG]: Added element [130]
2021-03-30 14:18:25,113 [DEBUG]: [5]: More variables, requesting index 131
2021-03-30 14:18:25,113 [DEBUG]: Requesting index 131 on port 5
2021-03-30 14:18:25,118 [DEBUG]: Added element [131]
2021-03-30 14:18:25,118 [DEBUG]: [5]: More variables, requesting index 132
2021-03-30 14:18:25,118 [DEBUG]: Requesting index 132 on port 5
2021-03-30 14:18:25,122 [DEBUG]: Added element [132]
2021-03-30 14:18:25,122 [DEBUG]: [5]: More variables, requesting index 133
2021-03-30 14:18:25,122 [DEBUG]: Requesting index 133 on port 5
2021-03-30 14:18:25,126 [DEBUG]: Added element [133]
2021-03-30 14:18:25,126 [DEBUG]: [5]: More variables, requesting index 134
2021-03-30 14:18:25,126 [DEBUG]: Requesting index 134 on port 5
2021-03-30 14:18:25,131 [DEBUG]: Added element [134]
2021-03-30 14:18:25,132 [DEBUG]: [5]: More variables, requesting index 135
2021-03-30 14:18:25,132 [DEBUG]: Requesting index 135 on port 5
2021-03-30 14:18:25,136 [DEBUG]: Added element [135]
2021-03-30 14:18:25,136 [DEBUG]: [5]: More variables, requesting index 136
2021-03-30 14:18:25,136 [DEBUG]: Requesting index 136 on port 5
2021-03-30 14:18:25,140 [DEBUG]: Added element [136]
2021-03-30 14:18:25,140 [DEBUG]: [5]: More variables, requesting index 137
2021-03-30 14:18:25,140 [DEBUG]: Requesting index 137 on port 5
2021-03-30 14:18:25,145 [DEBUG]: Added element [137]
2021-03-30 14:18:25,145 [DEBUG]: [5]: More variables, requesting index 138
2021-03-30 14:18:25,145 [DEBUG]: Requesting index 138 on port 5
2021-03-30 14:18:25,159 [DEBUG]: Added element [138]
2021-03-30 14:18:25,159 [DEBUG]: [5]: More variables, requesting index 139
2021-03-30 14:18:25,159 [DEBUG]: Requesting index 139 on port 5
2021-03-30 14:18:25,163 [DEBUG]: Added element [139]
2021-03-30 14:18:25,163 [DEBUG]: [5]: More variables, requesting index 140
2021-03-30 14:18:25,163 [DEBUG]: Requesting index 140 on port 5
2021-03-30 14:18:25,167 [DEBUG]: Added element [140]
2021-03-30 14:18:25,167 [DEBUG]: [5]: More variables, requesting index 141
2021-03-30 14:18:25,167 [DEBUG]: Requesting index 141 on port 5
2021-03-30 14:18:25,172 [DEBUG]: Added element [141]
2021-03-30 14:18:25,172 [DEBUG]: [5]: More variables, requesting index 142
2021-03-30 14:18:25,172 [DEBUG]: Requesting index 142 on port 5
2021-03-30 14:18:25,176 [DEBUG]: Added element [142]
2021-03-30 14:18:25,176 [DEBUG]: [5]: More variables, requesting index 143
2021-03-30 14:18:25,176 [DEBUG]: Requesting index 143 on port 5
2021-03-30 14:18:25,181 [DEBUG]: Added element [143]
2021-03-30 14:18:25,181 [DEBUG]: [5]: More variables, requesting index 144
2021-03-30 14:18:25,181 [DEBUG]: Requesting index 144 on port 5
2021-03-30 14:18:25,186 [DEBUG]: Added element [144]
2021-03-30 14:18:25,186 [DEBUG]: [5]: More variables, requesting index 145
2021-03-30 14:18:25,186 [DEBUG]: Requesting index 145 on port 5
2021-03-30 14:18:25,190 [DEBUG]: Added element [145]
2021-03-30 14:18:25,191 [DEBUG]: [5]: More variables, requesting index 146
2021-03-30 14:18:25,191 [DEBUG]: Requesting index 146 on port 5
2021-03-30 14:18:25,195 [DEBUG]: Added element [146]
2021-03-30 14:18:25,195 [DEBUG]: [5]: More variables, requesting index 147
2021-03-30 14:18:25,195 [DEBUG]: Requesting index 147 on port 5
2021-03-30 14:18:25,199 [DEBUG]: Added element [147]
2021-03-30 14:18:25,200 [DEBUG]: [5]: More variables, requesting index 148
2021-03-30 14:18:25,200 [DEBUG]: Requesting index 148 on port 5
2021-03-30 14:18:25,204 [DEBUG]: Added element [148]
2021-03-30 14:18:25,205 [DEBUG]: [5]: More variables, requesting index 149
2021-03-30 14:18:25,205 [DEBUG]: Requesting index 149 on port 5
2021-03-30 14:18:25,209 [DEBUG]: Added element [149]
2021-03-30 14:18:25,209 [DEBUG]: [5]: More variables, requesting index 150
2021-03-30 14:18:25,209 [DEBUG]: Requesting index 150 on port 5
2021-03-30 14:18:25,214 [DEBUG]: Added element [150]
2021-03-30 14:18:25,214 [DEBUG]: [5]: More variables, requesting index 151
2021-03-30 14:18:25,214 [DEBUG]: Requesting index 151 on port 5
2021-03-30 14:18:25,216 [DEBUG]: Added element [151]
2021-03-30 14:18:25,217 [DEBUG]: [5]: More variables, requesting index 152
2021-03-30 14:18:25,217 [DEBUG]: Requesting index 152 on port 5
2021-03-30 14:18:25,221 [DEBUG]: Added element [152]
2021-03-30 14:18:25,221 [DEBUG]: [5]: More variables, requesting index 153
2021-03-30 14:18:25,221 [DEBUG]: Requesting index 153 on port 5
2021-03-30 14:18:25,225 [DEBUG]: Added element [153]
2021-03-30 14:18:25,225 [DEBUG]: [5]: More variables, requesting index 154
2021-03-30 14:18:25,225 [DEBUG]: Requesting index 154 on port 5
2021-03-30 14:18:25,229 [DEBUG]: Added element [154]
2021-03-30 14:18:25,229 [DEBUG]: [5]: More variables, requesting index 155
2021-03-30 14:18:25,229 [DEBUG]: Requesting index 155 on port 5
2021-03-30 14:18:25,233 [DEBUG]: Added element [155]
2021-03-30 14:18:25,233 [DEBUG]: [5]: More variables, requesting index 156
2021-03-30 14:18:25,234 [DEBUG]: Requesting index 156 on port 5
2021-03-30 14:18:25,238 [DEBUG]: Added element [156]
2021-03-30 14:18:25,238 [DEBUG]: [5]: More variables, requesting index 157
2021-03-30 14:18:25,238 [DEBUG]: Requesting index 157 on port 5
2021-03-30 14:18:25,242 [DEBUG]: Added element [157]
2021-03-30 14:18:25,242 [DEBUG]: [5]: More variables, requesting index 158
2021-03-30 14:18:25,242 [DEBUG]: Requesting index 158 on port 5
2021-03-30 14:18:25,246 [DEBUG]: Added element [158]
2021-03-30 14:18:25,246 [DEBUG]: [5]: More variables, requesting index 159
2021-03-30 14:18:25,246 [DEBUG]: Requesting index 159 on port 5
2021-03-30 14:18:25,249 [DEBUG]: Added element [159]
2021-03-30 14:18:25,250 [DEBUG]: [5]: More variables, requesting index 160
2021-03-30 14:18:25,250 [DEBUG]: Requesting index 160 on port 5
2021-03-30 14:18:25,254 [DEBUG]: Added element [160]
2021-03-30 14:18:25,254 [DEBUG]: [5]: More variables, requesting index 161
2021-03-30 14:18:25,254 [DEBUG]: Requesting index 161 on port 5
2021-03-30 14:18:25,258 [DEBUG]: Added element [161]
2021-03-30 14:18:25,258 [DEBUG]: [5]: More variables, requesting index 162
2021-03-30 14:18:25,258 [DEBUG]: Requesting index 162 on port 5
2021-03-30 14:18:25,262 [DEBUG]: Added element [162]
2021-03-30 14:18:25,263 [DEBUG]: [5]: More variables, requesting index 163
2021-03-30 14:18:25,263 [DEBUG]: Requesting index 163 on port 5
2021-03-30 14:18:25,267 [DEBUG]: Added element [163]
2021-03-30 14:18:25,267 [DEBUG]: [5]: More variables, requesting index 164
2021-03-30 14:18:25,267 [DEBUG]: Requesting index 164 on port 5
2021-03-30 14:18:25,271 [DEBUG]: Added element [164]
2021-03-30 14:18:25,271 [DEBUG]: [5]: More variables, requesting index 165
2021-03-30 14:18:25,272 [DEBUG]: Requesting index 165 on port 5
2021-03-30 14:18:25,284 [DEBUG]: Added element [165]
2021-03-30 14:18:25,284 [DEBUG]: [5]: More variables, requesting index 166
2021-03-30 14:18:25,284 [DEBUG]: Requesting index 166 on port 5
2021-03-30 14:18:25,288 [DEBUG]: Added element [166]
2021-03-30 14:18:25,288 [DEBUG]: [5]: More variables, requesting index 167
2021-03-30 14:18:25,288 [DEBUG]: Requesting index 167 on port 5
2021-03-30 14:18:25,292 [DEBUG]: Added element [167]
2021-03-30 14:18:25,292 [DEBUG]: [5]: More variables, requesting index 168
2021-03-30 14:18:25,293 [DEBUG]: Requesting index 168 on port 5
2021-03-30 14:18:25,297 [DEBUG]: Added element [168]
2021-03-30 14:18:25,297 [DEBUG]: [5]: More variables, requesting index 169
2021-03-30 14:18:25,297 [DEBUG]: Requesting index 169 on port 5
2021-03-30 14:18:25,301 [DEBUG]: Added element [169]
2021-03-30 14:18:25,301 [DEBUG]: [5]: More variables, requesting index 170
2021-03-30 14:18:25,301 [DEBUG]: Requesting index 170 on port 5
2021-03-30 14:18:25,306 [DEBUG]: Added element [170]
2021-03-30 14:18:25,306 [DEBUG]: [5]: More variables, requesting index 171
2021-03-30 14:18:25,306 [DEBUG]: Requesting index 171 on port 5
2021-03-30 14:18:25,310 [DEBUG]: Added element [171]
2021-03-30 14:18:25,310 [DEBUG]: [5]: More variables, requesting index 172
2021-03-30 14:18:25,310 [DEBUG]: Requesting index 172 on port 5
2021-03-30 14:18:25,314 [DEBUG]: Added element [172]
2021-03-30 14:18:25,315 [DEBUG]: [5]: More variables, requesting index 173
2021-03-30 14:18:25,315 [DEBUG]: Requesting index 173 on port 5
2021-03-30 14:18:25,318 [DEBUG]: Added element [173]
2021-03-30 14:18:25,319 [DEBUG]: [5]: More variables, requesting index 174
2021-03-30 14:18:25,319 [DEBUG]: Requesting index 174 on port 5
2021-03-30 14:18:25,324 [DEBUG]: Added element [174]
2021-03-30 14:18:25,324 [DEBUG]: [5]: More variables, requesting index 175
2021-03-30 14:18:25,324 [DEBUG]: Requesting index 175 on port 5
2021-03-30 14:18:25,329 [DEBUG]: Added element [175]
2021-03-30 14:18:25,329 [DEBUG]: [5]: More variables, requesting index 176
2021-03-30 14:18:25,329 [DEBUG]: Requesting index 176 on port 5
2021-03-30 14:18:25,333 [DEBUG]: Added element [176]
2021-03-30 14:18:25,333 [DEBUG]: [5]: More variables, requesting index 177
2021-03-30 14:18:25,333 [DEBUG]: Requesting index 177 on port 5
2021-03-30 14:18:25,337 [DEBUG]: Added element [177]
2021-03-30 14:18:25,337 [DEBUG]: [5]: More variables, requesting index 178
2021-03-30 14:18:25,338 [DEBUG]: Requesting index 178 on port 5
2021-03-30 14:18:25,342 [DEBUG]: Added element [178]
2021-03-30 14:18:25,342 [DEBUG]: [5]: More variables, requesting index 179
2021-03-30 14:18:25,342 [DEBUG]: Requesting index 179 on port 5
2021-03-30 14:18:25,346 [DEBUG]: Added element [179]
2021-03-30 14:18:25,346 [DEBUG]: [5]: More variables, requesting index 180
2021-03-30 14:18:25,346 [DEBUG]: Requesting index 180 on port 5
2021-03-30 14:18:25,351 [DEBUG]: Added element [180]
2021-03-30 14:18:25,351 [DEBUG]: [5]: More variables, requesting index 181
2021-03-30 14:18:25,351 [DEBUG]: Requesting index 181 on port 5
2021-03-30 14:18:25,355 [DEBUG]: Added element [181]
2021-03-30 14:18:25,355 [DEBUG]: [5]: More variables, requesting index 182
2021-03-30 14:18:25,355 [DEBUG]: Requesting index 182 on port 5
2021-03-30 14:18:25,359 [DEBUG]: Added element [182]
2021-03-30 14:18:25,359 [DEBUG]: [5]: More variables, requesting index 183
2021-03-30 14:18:25,359 [DEBUG]: Requesting index 183 on port 5
2021-03-30 14:18:25,364 [DEBUG]: Added element [183]
2021-03-30 14:18:25,364 [DEBUG]: [5]: More variables, requesting index 184
2021-03-30 14:18:25,364 [DEBUG]: Requesting index 184 on port 5
2021-03-30 14:18:25,368 [DEBUG]: Added element [184]
2021-03-30 14:18:25,368 [DEBUG]: [5]: More variables, requesting index 185
2021-03-30 14:18:25,368 [DEBUG]: Requesting index 185 on port 5
2021-03-30 14:18:25,372 [DEBUG]: Added element [185]
2021-03-30 14:18:25,372 [DEBUG]: [5]: More variables, requesting index 186
2021-03-30 14:18:25,372 [DEBUG]: Requesting index 186 on port 5
2021-03-30 14:18:25,376 [DEBUG]: Added element [186]
2021-03-30 14:18:25,376 [DEBUG]: [5]: More variables, requesting index 187
2021-03-30 14:18:25,377 [DEBUG]: Requesting index 187 on port 5
2021-03-30 14:18:25,380 [DEBUG]: Added element [187]
2021-03-30 14:18:25,380 [DEBUG]: [5]: More variables, requesting index 188
2021-03-30 14:18:25,381 [DEBUG]: Requesting index 188 on port 5
2021-03-30 14:18:25,385 [DEBUG]: Added element [188]
2021-03-30 14:18:25,385 [DEBUG]: [5]: More variables, requesting index 189
2021-03-30 14:18:25,385 [DEBUG]: Requesting index 189 on port 5
2021-03-30 14:18:25,389 [DEBUG]: Added element [189]
2021-03-30 14:18:25,389 [DEBUG]: [5]: More variables, requesting index 190
2021-03-30 14:18:25,389 [DEBUG]: Requesting index 190 on port 5
2021-03-30 14:18:25,393 [DEBUG]: Added element [190]
2021-03-30 14:18:25,393 [DEBUG]: [5]: More variables, requesting index 191
2021-03-30 14:18:25,393 [DEBUG]: Requesting index 191 on port 5
2021-03-30 14:18:25,397 [DEBUG]: Added element [191]
2021-03-30 14:18:25,397 [DEBUG]: [5]: More variables, requesting index 192
2021-03-30 14:18:25,397 [DEBUG]: Requesting index 192 on port 5
2021-03-30 14:18:25,401 [DEBUG]: Added element [192]
2021-03-30 14:18:25,401 [DEBUG]: [5]: More variables, requesting index 193
2021-03-30 14:18:25,402 [DEBUG]: Requesting index 193 on port 5
2021-03-30 14:18:25,415 [DEBUG]: Added element [193]
2021-03-30 14:18:25,415 [DEBUG]: [5]: More variables, requesting index 194
2021-03-30 14:18:25,415 [DEBUG]: Requesting index 194 on port 5
2021-03-30 14:18:25,419 [DEBUG]: Added element [194]
2021-03-30 14:18:25,419 [DEBUG]: [5]: More variables, requesting index 195
2021-03-30 14:18:25,419 [DEBUG]: Requesting index 195 on port 5
2021-03-30 14:18:25,423 [DEBUG]: Added element [195]
2021-03-30 14:18:25,423 [DEBUG]: [5]: More variables, requesting index 196
2021-03-30 14:18:25,423 [DEBUG]: Requesting index 196 on port 5
2021-03-30 14:18:25,428 [DEBUG]: Added element [196]
2021-03-30 14:18:25,428 [DEBUG]: [5]: More variables, requesting index 197
2021-03-30 14:18:25,428 [DEBUG]: Requesting index 197 on port 5
2021-03-30 14:18:25,432 [DEBUG]: Added element [197]
2021-03-30 14:18:25,432 [DEBUG]: [5]: More variables, requesting index 198
2021-03-30 14:18:25,432 [DEBUG]: Requesting index 198 on port 5
2021-03-30 14:18:25,437 [DEBUG]: Added element [198]
2021-03-30 14:18:25,437 [DEBUG]: [5]: More variables, requesting index 199
2021-03-30 14:18:25,437 [DEBUG]: Requesting index 199 on port 5
2021-03-30 14:18:25,441 [DEBUG]: Added element [199]
2021-03-30 14:18:25,441 [DEBUG]: [5]: More variables, requesting index 200
2021-03-30 14:18:25,441 [DEBUG]: Requesting index 200 on port 5
2021-03-30 14:18:25,445 [DEBUG]: Added element [200]
2021-03-30 14:18:25,445 [DEBUG]: [5]: More variables, requesting index 201
2021-03-30 14:18:25,445 [DEBUG]: Requesting index 201 on port 5
2021-03-30 14:18:25,450 [DEBUG]: Added element [201]
2021-03-30 14:18:25,450 [DEBUG]: [5]: More variables, requesting index 202
2021-03-30 14:18:25,450 [DEBUG]: Requesting index 202 on port 5
2021-03-30 14:18:25,454 [DEBUG]: Added element [202]
2021-03-30 14:18:25,455 [DEBUG]: [5]: More variables, requesting index 203
2021-03-30 14:18:25,455 [DEBUG]: Requesting index 203 on port 5
2021-03-30 14:18:25,459 [DEBUG]: Added element [203]
2021-03-30 14:18:25,459 [DEBUG]: [5]: More variables, requesting index 204
2021-03-30 14:18:25,459 [DEBUG]: Requesting index 204 on port 5
2021-03-30 14:18:25,463 [DEBUG]: Added element [204]
2021-03-30 14:18:25,463 [DEBUG]: [5]: More variables, requesting index 205
2021-03-30 14:18:25,463 [DEBUG]: Requesting index 205 on port 5
2021-03-30 14:18:25,467 [DEBUG]: Added element [205]
2021-03-30 14:18:25,467 [DEBUG]: [5]: More variables, requesting index 206
2021-03-30 14:18:25,467 [DEBUG]: Requesting index 206 on port 5
2021-03-30 14:18:25,471 [DEBUG]: Added element [206]
2021-03-30 14:18:25,471 [DEBUG]: [5]: More variables, requesting index 207
2021-03-30 14:18:25,471 [DEBUG]: Requesting index 207 on port 5
2021-03-30 14:18:25,475 [DEBUG]: Added element [207]
2021-03-30 14:18:25,475 [DEBUG]: [5]: More variables, requesting index 208
2021-03-30 14:18:25,475 [DEBUG]: Requesting index 208 on port 5
2021-03-30 14:18:25,480 [DEBUG]: Added element [208]
2021-03-30 14:18:25,480 [DEBUG]: [5]: More variables, requesting index 209
2021-03-30 14:18:25,480 [DEBUG]: Requesting index 209 on port 5
2021-03-30 14:18:25,484 [DEBUG]: Added element [209]
2021-03-30 14:18:25,484 [DEBUG]: [5]: More variables, requesting index 210
2021-03-30 14:18:25,484 [DEBUG]: Requesting index 210 on port 5
2021-03-30 14:18:25,488 [DEBUG]: Added element [210]
2021-03-30 14:18:25,489 [DEBUG]: [5]: More variables, requesting index 211
2021-03-30 14:18:25,489 [DEBUG]: Requesting index 211 on port 5
2021-03-30 14:18:25,493 [DEBUG]: Added element [211]
2021-03-30 14:18:25,493 [DEBUG]: [5]: More variables, requesting index 212
2021-03-30 14:18:25,493 [DEBUG]: Requesting index 212 on port 5
2021-03-30 14:18:25,497 [DEBUG]: Added element [212]
2021-03-30 14:18:25,497 [DEBUG]: [5]: More variables, requesting index 213
2021-03-30 14:18:25,497 [DEBUG]: Requesting index 213 on port 5
2021-03-30 14:18:25,501 [DEBUG]: Added element [213]
2021-03-30 14:18:25,501 [DEBUG]: [5]: More variables, requesting index 214
2021-03-30 14:18:25,501 [DEBUG]: Requesting index 214 on port 5
2021-03-30 14:18:25,505 [DEBUG]: Added element [214]
2021-03-30 14:18:25,505 [DEBUG]: [5]: More variables, requesting index 215
2021-03-30 14:18:25,505 [DEBUG]: Requesting index 215 on port 5
2021-03-30 14:18:25,510 [DEBUG]: Added element [215]
2021-03-30 14:18:25,510 [DEBUG]: [5]: More variables, requesting index 216
2021-03-30 14:18:25,510 [DEBUG]: Requesting index 216 on port 5
2021-03-30 14:18:25,514 [DEBUG]: Added element [216]
2021-03-30 14:18:25,515 [DEBUG]: [5]: More variables, requesting index 217
2021-03-30 14:18:25,515 [DEBUG]: Requesting index 217 on port 5
2021-03-30 14:18:25,519 [DEBUG]: Added element [217]
2021-03-30 14:18:25,519 [DEBUG]: [5]: More variables, requesting index 218
2021-03-30 14:18:25,519 [DEBUG]: Requesting index 218 on port 5
2021-03-30 14:18:25,523 [DEBUG]: Added element [218]
2021-03-30 14:18:25,523 [DEBUG]: [5]: More variables, requesting index 219
2021-03-30 14:18:25,523 [DEBUG]: Requesting index 219 on port 5
2021-03-30 14:18:25,528 [DEBUG]: Added element [219]
2021-03-30 14:18:25,528 [DEBUG]: [5]: More variables, requesting index 220
2021-03-30 14:18:25,528 [DEBUG]: Requesting index 220 on port 5
2021-03-30 14:18:25,532 [DEBUG]: Added element [220]
2021-03-30 14:18:25,532 [DEBUG]: [5]: More variables, requesting index 221
2021-03-30 14:18:25,532 [DEBUG]: Requesting index 221 on port 5
2021-03-30 14:18:25,537 [DEBUG]: Added element [221]
2021-03-30 14:18:25,537 [DEBUG]: [5]: More variables, requesting index 222
2021-03-30 14:18:25,537 [DEBUG]: Requesting index 222 on port 5
2021-03-30 14:18:25,549 [DEBUG]: Added element [222]
2021-03-30 14:18:25,549 [DEBUG]: [5]: More variables, requesting index 223
2021-03-30 14:18:25,549 [DEBUG]: Requesting index 223 on port 5
2021-03-30 14:18:25,554 [DEBUG]: Added element [223]
2021-03-30 14:18:25,554 [DEBUG]: [5]: More variables, requesting index 224
2021-03-30 14:18:25,554 [DEBUG]: Requesting index 224 on port 5
2021-03-30 14:18:25,558 [DEBUG]: Added element [224]
2021-03-30 14:18:25,558 [DEBUG]: [5]: More variables, requesting index 225
2021-03-30 14:18:25,558 [DEBUG]: Requesting index 225 on port 5
2021-03-30 14:18:25,562 [DEBUG]: Added element [225]
2021-03-30 14:18:25,563 [DEBUG]: [5]: More variables, requesting index 226
2021-03-30 14:18:25,563 [DEBUG]: Requesting index 226 on port 5
2021-03-30 14:18:25,566 [DEBUG]: Added element [226]
2021-03-30 14:18:25,567 [DEBUG]: [5]: More variables, requesting index 227
2021-03-30 14:18:25,567 [DEBUG]: Requesting index 227 on port 5
2021-03-30 14:18:25,570 [DEBUG]: Added element [227]
2021-03-30 14:18:25,571 [DEBUG]: [5]: More variables, requesting index 228
2021-03-30 14:18:25,571 [DEBUG]: Requesting index 228 on port 5
2021-03-30 14:18:25,574 [DEBUG]: Added element [228]
2021-03-30 14:18:25,575 [DEBUG]: [5]: More variables, requesting index 229
2021-03-30 14:18:25,575 [DEBUG]: Requesting index 229 on port 5
2021-03-30 14:18:25,578 [DEBUG]: Added element [229]
2021-03-30 14:18:25,579 [DEBUG]: [5]: More variables, requesting index 230
2021-03-30 14:18:25,579 [DEBUG]: Requesting index 230 on port 5
2021-03-30 14:18:25,583 [DEBUG]: Added element [230]
2021-03-30 14:18:25,583 [DEBUG]: [5]: More variables, requesting index 231
2021-03-30 14:18:25,583 [DEBUG]: Requesting index 231 on port 5
2021-03-30 14:18:25,587 [DEBUG]: Added element [231]
2021-03-30 14:18:25,587 [DEBUG]: [5]: More variables, requesting index 232
2021-03-30 14:18:25,587 [DEBUG]: Requesting index 232 on port 5
2021-03-30 14:18:25,592 [DEBUG]: Added element [232]
2021-03-30 14:18:25,592 [DEBUG]: [5]: More variables, requesting index 233
2021-03-30 14:18:25,592 [DEBUG]: Requesting index 233 on port 5
2021-03-30 14:18:25,597 [DEBUG]: Added element [233]
2021-03-30 14:18:25,597 [DEBUG]: [5]: More variables, requesting index 234
2021-03-30 14:18:25,597 [DEBUG]: Requesting index 234 on port 5
2021-03-30 14:18:25,601 [DEBUG]: Added element [234]
2021-03-30 14:18:25,601 [DEBUG]: [5]: More variables, requesting index 235
2021-03-30 14:18:25,601 [DEBUG]: Requesting index 235 on port 5
2021-03-30 14:18:25,606 [DEBUG]: Added element [235]
2021-03-30 14:18:25,606 [DEBUG]: [5]: More variables, requesting index 236
2021-03-30 14:18:25,606 [DEBUG]: Requesting index 236 on port 5
2021-03-30 14:18:25,610 [DEBUG]: Added element [236]
2021-03-30 14:18:25,610 [DEBUG]: [5]: More variables, requesting index 237
2021-03-30 14:18:25,610 [DEBUG]: Requesting index 237 on port 5
2021-03-30 14:18:25,614 [DEBUG]: Added element [237]
2021-03-30 14:18:25,614 [DEBUG]: [5]: More variables, requesting index 238
2021-03-30 14:18:25,614 [DEBUG]: Requesting index 238 on port 5
2021-03-30 14:18:25,618 [DEBUG]: Added element [238]
2021-03-30 14:18:25,619 [DEBUG]: [5]: More variables, requesting index 239
2021-03-30 14:18:25,619 [DEBUG]: Requesting index 239 on port 5
2021-03-30 14:18:25,623 [DEBUG]: Added element [239]
2021-03-30 14:18:25,623 [DEBUG]: [5]: More variables, requesting index 240
2021-03-30 14:18:25,623 [DEBUG]: Requesting index 240 on port 5
2021-03-30 14:18:25,627 [DEBUG]: Added element [240]
2021-03-30 14:18:25,627 [DEBUG]: [5]: More variables, requesting index 241
2021-03-30 14:18:25,627 [DEBUG]: Requesting index 241 on port 5
2021-03-30 14:18:25,631 [DEBUG]: Added element [241]
2021-03-30 14:18:25,631 [DEBUG]: [5]: More variables, requesting index 242
2021-03-30 14:18:25,631 [DEBUG]: Requesting index 242 on port 5
2021-03-30 14:18:25,635 [DEBUG]: Added element [242]
2021-03-30 14:18:25,636 [DEBUG]: [5]: More variables, requesting index 243
2021-03-30 14:18:25,636 [DEBUG]: Requesting index 243 on port 5
2021-03-30 14:18:25,640 [DEBUG]: Added element [243]
2021-03-30 14:18:25,640 [DEBUG]: [5]: More variables, requesting index 244
2021-03-30 14:18:25,640 [DEBUG]: Requesting index 244 on port 5
2021-03-30 14:18:25,644 [DEBUG]: Added element [244]
2021-03-30 14:18:25,644 [DEBUG]: [5]: More variables, requesting index 245
2021-03-30 14:18:25,644 [DEBUG]: Requesting index 245 on port 5
2021-03-30 14:18:25,649 [DEBUG]: Added element [245]
2021-03-30 14:18:25,649 [DEBUG]: [5]: More variables, requesting index 246
2021-03-30 14:18:25,649 [DEBUG]: Requesting index 246 on port 5
2021-03-30 14:18:25,654 [DEBUG]: Added element [246]
2021-03-30 14:18:25,654 [DEBUG]: [5]: More variables, requesting index 247
2021-03-30 14:18:25,654 [DEBUG]: Requesting index 247 on port 5
2021-03-30 14:18:25,658 [DEBUG]: Added element [247]
2021-03-30 14:18:25,658 [DEBUG]: [5]: More variables, requesting index 248
2021-03-30 14:18:25,658 [DEBUG]: Requesting index 248 on port 5
2021-03-30 14:18:25,662 [DEBUG]: Added element [248]
2021-03-30 14:18:25,663 [DEBUG]: [5]: More variables, requesting index 249
2021-03-30 14:18:25,663 [DEBUG]: Requesting index 249 on port 5
2021-03-30 14:18:25,667 [DEBUG]: Added element [249]
2021-03-30 14:18:25,667 [DEBUG]: [5]: More variables, requesting index 250
2021-03-30 14:18:25,667 [DEBUG]: Requesting index 250 on port 5
2021-03-30 14:18:25,682 [DEBUG]: Added element [250]
2021-03-30 14:18:25,682 [DEBUG]: [5]: More variables, requesting index 251
2021-03-30 14:18:25,683 [DEBUG]: Requesting index 251 on port 5
2021-03-30 14:18:25,687 [DEBUG]: Added element [251]
2021-03-30 14:18:25,687 [DEBUG]: [5]: More variables, requesting index 252
2021-03-30 14:18:25,687 [DEBUG]: Requesting index 252 on port 5
2021-03-30 14:18:25,691 [DEBUG]: Added element [252]
2021-03-30 14:18:25,691 [DEBUG]: [5]: More variables, requesting index 253
2021-03-30 14:18:25,691 [DEBUG]: Requesting index 253 on port 5
2021-03-30 14:18:25,696 [DEBUG]: Added element [253]
2021-03-30 14:18:25,696 [DEBUG]: [5]: More variables, requesting index 254
2021-03-30 14:18:25,696 [DEBUG]: Requesting index 254 on port 5
2021-03-30 14:18:25,700 [DEBUG]: Added element [254]
2021-03-30 14:18:25,700 [DEBUG]: [5]: More variables, requesting index 255
2021-03-30 14:18:25,701 [DEBUG]: Requesting index 255 on port 5
2021-03-30 14:18:25,705 [DEBUG]: Added element [255]
2021-03-30 14:18:25,705 [DEBUG]: [5]: More variables, requesting index 256
2021-03-30 14:18:25,705 [DEBUG]: Requesting index 256 on port 5
2021-03-30 14:18:25,710 [DEBUG]: Added element [256]
2021-03-30 14:18:25,710 [DEBUG]: [5]: More variables, requesting index 257
2021-03-30 14:18:25,710 [DEBUG]: Requesting index 257 on port 5
2021-03-30 14:18:25,715 [DEBUG]: Added element [257]
2021-03-30 14:18:25,715 [DEBUG]: [5]: More variables, requesting index 258
2021-03-30 14:18:25,715 [DEBUG]: Requesting index 258 on port 5
2021-03-30 14:18:25,720 [DEBUG]: Added element [258]
2021-03-30 14:18:25,720 [DEBUG]: [5]: More variables, requesting index 259
2021-03-30 14:18:25,720 [DEBUG]: Requesting index 259 on port 5
2021-03-30 14:18:25,724 [DEBUG]: Added element [259]
2021-03-30 14:18:25,724 [DEBUG]: [5]: More variables, requesting index 260
2021-03-30 14:18:25,724 [DEBUG]: Requesting index 260 on port 5
2021-03-30 14:18:25,728 [DEBUG]: Added element [260]
2021-03-30 14:18:25,728 [DEBUG]: [5]: More variables, requesting index 261
2021-03-30 14:18:25,728 [DEBUG]: Requesting index 261 on port 5
2021-03-30 14:18:25,733 [DEBUG]: Added element [261]
2021-03-30 14:18:25,733 [DEBUG]: [5]: More variables, requesting index 262
2021-03-30 14:18:25,733 [DEBUG]: Requesting index 262 on port 5
2021-03-30 14:18:25,737 [DEBUG]: Added element [262]
2021-03-30 14:18:25,737 [DEBUG]: [5]: More variables, requesting index 263
2021-03-30 14:18:25,737 [DEBUG]: Requesting index 263 on port 5
2021-03-30 14:18:25,741 [DEBUG]: Added element [263]
2021-03-30 14:18:25,741 [DEBUG]: [5]: More variables, requesting index 264
2021-03-30 14:18:25,742 [DEBUG]: Requesting index 264 on port 5
2021-03-30 14:18:25,746 [DEBUG]: Added element [264]
2021-03-30 14:18:25,746 [DEBUG]: [5]: More variables, requesting index 265
2021-03-30 14:18:25,746 [DEBUG]: Requesting index 265 on port 5
2021-03-30 14:18:25,750 [DEBUG]: Added element [265]
2021-03-30 14:18:25,750 [DEBUG]: [5]: More variables, requesting index 266
2021-03-30 14:18:25,750 [DEBUG]: Requesting index 266 on port 5
2021-03-30 14:18:25,754 [DEBUG]: Added element [266]
2021-03-30 14:18:25,754 [DEBUG]: [5]: More variables, requesting index 267
2021-03-30 14:18:25,754 [DEBUG]: Requesting index 267 on port 5
2021-03-30 14:18:25,758 [DEBUG]: Added element [267]
2021-03-30 14:18:25,758 [DEBUG]: [5]: More variables, requesting index 268
2021-03-30 14:18:25,758 [DEBUG]: Requesting index 268 on port 5
2021-03-30 14:18:25,762 [DEBUG]: Added element [268]
2021-03-30 14:18:25,763 [DEBUG]: [5]: More variables, requesting index 269
2021-03-30 14:18:25,763 [DEBUG]: Requesting index 269 on port 5
2021-03-30 14:18:25,766 [DEBUG]: Added element [269]
2021-03-30 14:18:25,767 [DEBUG]: [5]: More variables, requesting index 270
2021-03-30 14:18:25,767 [DEBUG]: Requesting index 270 on port 5
2021-03-30 14:18:25,771 [DEBUG]: Added element [270]
2021-03-30 14:18:25,771 [DEBUG]: [5]: More variables, requesting index 271
2021-03-30 14:18:25,771 [DEBUG]: Requesting index 271 on port 5
2021-03-30 14:18:25,775 [DEBUG]: Added element [271]
2021-03-30 14:18:25,775 [DEBUG]: [5]: More variables, requesting index 272
2021-03-30 14:18:25,775 [DEBUG]: Requesting index 272 on port 5
2021-03-30 14:18:25,779 [DEBUG]: Added element [272]
2021-03-30 14:18:25,779 [DEBUG]: [5]: More variables, requesting index 273
2021-03-30 14:18:25,779 [DEBUG]: Requesting index 273 on port 5
2021-03-30 14:18:25,783 [DEBUG]: Added element [273]
2021-03-30 14:18:25,783 [DEBUG]: [5]: More variables, requesting index 274
2021-03-30 14:18:25,783 [DEBUG]: Requesting index 274 on port 5
2021-03-30 14:18:25,787 [DEBUG]: Added element [274]
2021-03-30 14:18:25,787 [DEBUG]: [5]: More variables, requesting index 275
2021-03-30 14:18:25,787 [DEBUG]: Requesting index 275 on port 5
2021-03-30 14:18:25,791 [DEBUG]: Added element [275]
2021-03-30 14:18:25,791 [DEBUG]: [5]: More variables, requesting index 276
2021-03-30 14:18:25,791 [DEBUG]: Requesting index 276 on port 5
2021-03-30 14:18:25,795 [DEBUG]: Added element [276]
2021-03-30 14:18:25,795 [DEBUG]: [5]: More variables, requesting index 277
2021-03-30 14:18:25,795 [DEBUG]: Requesting index 277 on port 5
2021-03-30 14:18:25,799 [DEBUG]: Added element [277]
2021-03-30 14:18:25,799 [DEBUG]: [5]: More variables, requesting index 278
2021-03-30 14:18:25,799 [DEBUG]: Requesting index 278 on port 5
2021-03-30 14:18:25,812 [DEBUG]: Added element [278]
2021-03-30 14:18:25,813 [DEBUG]: [5]: More variables, requesting index 279
2021-03-30 14:18:25,813 [DEBUG]: Requesting index 279 on port 5
2021-03-30 14:18:25,817 [DEBUG]: Added element [279]
2021-03-30 14:18:25,817 [DEBUG]: [5]: More variables, requesting index 280
2021-03-30 14:18:25,817 [DEBUG]: Requesting index 280 on port 5
2021-03-30 14:18:25,821 [DEBUG]: Added element [280]
2021-03-30 14:18:25,821 [DEBUG]: [5]: More variables, requesting index 281
2021-03-30 14:18:25,821 [DEBUG]: Requesting index 281 on port 5
2021-03-30 14:18:25,826 [DEBUG]: Added element [281]
2021-03-30 14:18:25,826 [DEBUG]: [5]: More variables, requesting index 282
2021-03-30 14:18:25,826 [DEBUG]: Requesting index 282 on port 5
2021-03-30 14:18:25,830 [DEBUG]: Added element [282]
2021-03-30 14:18:25,830 [DEBUG]: [5]: More variables, requesting index 283
2021-03-30 14:18:25,830 [DEBUG]: Requesting index 283 on port 5
2021-03-30 14:18:25,834 [DEBUG]: Added element [283]
2021-03-30 14:18:25,834 [DEBUG]: [5]: More variables, requesting index 284
2021-03-30 14:18:25,834 [DEBUG]: Requesting index 284 on port 5
2021-03-30 14:18:25,837 [DEBUG]: Added element [284]
2021-03-30 14:18:25,837 [DEBUG]: [5]: More variables, requesting index 285
2021-03-30 14:18:25,837 [DEBUG]: Requesting index 285 on port 5
2021-03-30 14:18:25,841 [DEBUG]: Added element [285]
2021-03-30 14:18:25,842 [DEBUG]: [5]: More variables, requesting index 286
2021-03-30 14:18:25,842 [DEBUG]: Requesting index 286 on port 5
2021-03-30 14:18:25,846 [DEBUG]: Added element [286]
2021-03-30 14:18:25,846 [DEBUG]: [5]: More variables, requesting index 287
2021-03-30 14:18:25,846 [DEBUG]: Requesting index 287 on port 5
2021-03-30 14:18:25,849 [DEBUG]: Added element [287]
2021-03-30 14:18:25,849 [DEBUG]: [5]: More variables, requesting index 288
2021-03-30 14:18:25,849 [DEBUG]: Requesting index 288 on port 5
2021-03-30 14:18:25,854 [DEBUG]: Added element [288]
2021-03-30 14:18:25,854 [DEBUG]: [5]: More variables, requesting index 289
2021-03-30 14:18:25,854 [DEBUG]: Requesting index 289 on port 5
2021-03-30 14:18:25,858 [DEBUG]: Added element [289]
2021-03-30 14:18:25,858 [DEBUG]: [5]: More variables, requesting index 290
2021-03-30 14:18:25,858 [DEBUG]: Requesting index 290 on port 5
2021-03-30 14:18:25,862 [DEBUG]: Added element [290]
2021-03-30 14:18:25,862 [DEBUG]: [5]: More variables, requesting index 291
2021-03-30 14:18:25,862 [DEBUG]: Requesting index 291 on port 5
2021-03-30 14:18:25,865 [DEBUG]: Added element [291]
2021-03-30 14:18:25,865 [DEBUG]: [5]: More variables, requesting index 292
2021-03-30 14:18:25,865 [DEBUG]: Requesting index 292 on port 5
2021-03-30 14:18:25,869 [DEBUG]: Added element [292]
2021-03-30 14:18:25,870 [DEBUG]: [5]: More variables, requesting index 293
2021-03-30 14:18:25,870 [DEBUG]: Requesting index 293 on port 5
2021-03-30 14:18:25,874 [DEBUG]: Added element [293]
2021-03-30 14:18:25,874 [DEBUG]: [5]: More variables, requesting index 294
2021-03-30 14:18:25,874 [DEBUG]: Requesting index 294 on port 5
2021-03-30 14:18:25,878 [DEBUG]: Added element [294]
2021-03-30 14:18:25,878 [DEBUG]: [5]: More variables, requesting index 295
2021-03-30 14:18:25,878 [DEBUG]: Requesting index 295 on port 5
2021-03-30 14:18:25,881 [DEBUG]: Added element [295]
2021-03-30 14:18:25,881 [DEBUG]: [5]: More variables, requesting index 296
2021-03-30 14:18:25,881 [DEBUG]: Requesting index 296 on port 5
2021-03-30 14:18:25,885 [DEBUG]: Added element [296]
2021-03-30 14:18:25,885 [DEBUG]: [5]: More variables, requesting index 297
2021-03-30 14:18:25,886 [DEBUG]: Requesting index 297 on port 5
2021-03-30 14:18:25,890 [DEBUG]: Added element [297]
2021-03-30 14:18:25,890 [DEBUG]: [5]: More variables, requesting index 298
2021-03-30 14:18:25,890 [DEBUG]: Requesting index 298 on port 5
2021-03-30 14:18:25,894 [DEBUG]: Added element [298]
2021-03-30 14:18:25,894 [DEBUG]: [5]: More variables, requesting index 299
2021-03-30 14:18:25,894 [DEBUG]: Requesting index 299 on port 5
2021-03-30 14:18:25,898 [DEBUG]: Added element [299]
2021-03-30 14:18:25,898 [DEBUG]: [5]: More variables, requesting index 300
2021-03-30 14:18:25,898 [DEBUG]: Requesting index 300 on port 5
2021-03-30 14:18:25,903 [DEBUG]: Added element [300]
2021-03-30 14:18:25,903 [DEBUG]: [5]: More variables, requesting index 301
2021-03-30 14:18:25,903 [DEBUG]: Requesting index 301 on port 5
2021-03-30 14:18:25,907 [DEBUG]: Added element [301]
2021-03-30 14:18:25,907 [DEBUG]: [5]: More variables, requesting index 302
2021-03-30 14:18:25,907 [DEBUG]: Requesting index 302 on port 5
2021-03-30 14:18:25,912 [DEBUG]: Added element [302]
2021-03-30 14:18:25,912 [DEBUG]: [5]: More variables, requesting index 303
2021-03-30 14:18:25,912 [DEBUG]: Requesting index 303 on port 5
2021-03-30 14:18:25,915 [DEBUG]: Added element [303]
2021-03-30 14:18:25,915 [DEBUG]: [5]: More variables, requesting index 304
2021-03-30 14:18:25,915 [DEBUG]: Requesting index 304 on port 5
2021-03-30 14:18:25,919 [DEBUG]: Added element [304]
2021-03-30 14:18:25,919 [DEBUG]: [5]: More variables, requesting index 305
2021-03-30 14:18:25,920 [DEBUG]: Requesting index 305 on port 5
2021-03-30 14:18:25,923 [DEBUG]: Added element [305]
2021-03-30 14:18:25,924 [DEBUG]: [5]: More variables, requesting index 306
2021-03-30 14:18:25,924 [DEBUG]: Requesting index 306 on port 5
2021-03-30 14:18:25,928 [DEBUG]: Added element [306]
2021-03-30 14:18:25,928 [DEBUG]: [5]: More variables, requesting index 307
2021-03-30 14:18:25,928 [DEBUG]: Requesting index 307 on port 5
2021-03-30 14:18:25,941 [DEBUG]: Added element [307]
2021-03-30 14:18:25,941 [DEBUG]: [5]: More variables, requesting index 308
2021-03-30 14:18:25,941 [DEBUG]: Requesting index 308 on port 5
2021-03-30 14:18:25,946 [DEBUG]: Added element [308]
2021-03-30 14:18:25,946 [DEBUG]: [5]: More variables, requesting index 309
2021-03-30 14:18:25,946 [DEBUG]: Requesting index 309 on port 5
2021-03-30 14:18:25,951 [DEBUG]: Added element [309]
2021-03-30 14:18:25,951 [DEBUG]: [5]: More variables, requesting index 310
2021-03-30 14:18:25,951 [DEBUG]: Requesting index 310 on port 5
2021-03-30 14:18:25,955 [DEBUG]: Added element [310]
2021-03-30 14:18:25,955 [DEBUG]: [5]: More variables, requesting index 311
2021-03-30 14:18:25,955 [DEBUG]: Requesting index 311 on port 5
2021-03-30 14:18:25,959 [DEBUG]: Added element [311]
2021-03-30 14:18:25,959 [DEBUG]: [5]: More variables, requesting index 312
2021-03-30 14:18:25,959 [DEBUG]: Requesting index 312 on port 5
2021-03-30 14:18:25,963 [DEBUG]: Added element [312]
2021-03-30 14:18:25,964 [DEBUG]: [5]: More variables, requesting index 313
2021-03-30 14:18:25,964 [DEBUG]: Requesting index 313 on port 5
2021-03-30 14:18:25,967 [DEBUG]: Added element [313]
2021-03-30 14:18:25,967 [DEBUG]: [5]: More variables, requesting index 314
2021-03-30 14:18:25,967 [DEBUG]: Requesting index 314 on port 5
2021-03-30 14:18:25,971 [DEBUG]: Added element [314]
2021-03-30 14:18:25,971 [DEBUG]: [5]: More variables, requesting index 315
2021-03-30 14:18:25,971 [DEBUG]: Requesting index 315 on port 5
2021-03-30 14:18:25,975 [DEBUG]: Added element [315]
2021-03-30 14:18:25,975 [DEBUG]: [5]: More variables, requesting index 316
2021-03-30 14:18:25,975 [DEBUG]: Requesting index 316 on port 5
2021-03-30 14:18:25,979 [DEBUG]: Added element [316]
2021-03-30 14:18:25,979 [WARNING]: Could not save cache, no writable directory
2021-03-30 14:18:25,979 [DEBUG]: Removing callback on port [5] to [<bound method TocFetcher._new_packet_cb of <cflib.crazyflie.toc.TocFetcher object at 0x000001A7DB89F7C8>>]
2021-03-30 14:18:25,979 [DEBUG]: [5]: Done!
2021-03-30 14:18:25,979 [INFO]: Log TOC finished updating
2021-03-30 14:18:25,979 [DEBUG]: Requesting number of memories
2021-03-30 14:18:25,982 [INFO]: 8 memories found
2021-03-30 14:18:25,982 [DEBUG]: Requesting first id
2021-03-30 14:18:25,986 [DEBUG]: Requesting information about memory 1
2021-03-30 14:18:25,990 [DEBUG]: Memory: id=1, type=LED driver, size=24
2021-03-30 14:18:25,990 [DEBUG]: Requesting information about memory 2
2021-03-30 14:18:25,994 [DEBUG]: Memory: id=2, type=Loco Positioning, size=6144
2021-03-30 14:18:25,994 [DEBUG]: Requesting information about memory 3
2021-03-30 14:18:25,998 [DEBUG]: Memory: id=3, type=Trajectory, size=4096
2021-03-30 14:18:25,998 [DEBUG]: Requesting information about memory 4
2021-03-30 14:18:26,002 [DEBUG]: Memory: id=4, type=Loco Positioning 2, size=69632
2021-03-30 14:18:26,002 [DEBUG]: Requesting information about memory 5
2021-03-30 14:18:26,006 [DEBUG]: Memory: id=5, type=Lighthouse positioning, size=96
2021-03-30 14:18:26,006 [DEBUG]: Requesting information about memory 6
2021-03-30 14:18:26,010 [DEBUG]: Memory: id=6, type=Memory tester, size=4096
2021-03-30 14:18:26,010 [DEBUG]: Requesting information about memory 7
2021-03-30 14:18:26,014 [DEBUG]: Memory: id=7, type=Unknown, size=0
2021-03-30 14:18:26,014 [DEBUG]: Done getting all the memories, start reading the OWs
2021-03-30 14:18:26,014 [INFO]: Memories finished updating
2021-03-30 14:18:26,015 [DEBUG]: [2]: Using V2 protocol: 1
2021-03-30 14:18:26,015 [DEBUG]: [2]: Start fetching...
2021-03-30 14:18:26,015 [DEBUG]: Adding callback on port [2] to [<bound method TocFetcher._new_packet_cb of <cflib.crazyflie.toc.TocFetcher object at 0x000001A7DB8BEBC8>>]
2021-03-30 14:18:26,017 [DEBUG]: [2]: Got TOC CRC, 164 items and crc=0x1042AFA8
2021-03-30 14:18:26,018 [DEBUG]: Requesting index 0 on port 2
2021-03-30 14:18:26,022 [DEBUG]: Added element [0]
2021-03-30 14:18:26,022 [DEBUG]: [2]: More variables, requesting index 1
2021-03-30 14:18:26,022 [DEBUG]: Requesting index 1 on port 2
2021-03-30 14:18:26,026 [DEBUG]: Added element [1]
2021-03-30 14:18:26,026 [DEBUG]: [2]: More variables, requesting index 2
2021-03-30 14:18:26,026 [DEBUG]: Requesting index 2 on port 2
2021-03-30 14:18:26,030 [DEBUG]: Added element [2]
2021-03-30 14:18:26,030 [DEBUG]: [2]: More variables, requesting index 3
2021-03-30 14:18:26,030 [DEBUG]: Requesting index 3 on port 2
2021-03-30 14:18:26,034 [DEBUG]: Added element [3]
2021-03-30 14:18:26,034 [DEBUG]: [2]: More variables, requesting index 4
2021-03-30 14:18:26,034 [DEBUG]: Requesting index 4 on port 2
2021-03-30 14:18:26,038 [DEBUG]: Added element [4]
2021-03-30 14:18:26,038 [DEBUG]: [2]: More variables, requesting index 5
2021-03-30 14:18:26,038 [DEBUG]: Requesting index 5 on port 2
2021-03-30 14:18:26,042 [DEBUG]: Added element [5]
2021-03-30 14:18:26,043 [DEBUG]: [2]: More variables, requesting index 6
2021-03-30 14:18:26,043 [DEBUG]: Requesting index 6 on port 2
2021-03-30 14:18:26,047 [DEBUG]: Added element [6]
2021-03-30 14:18:26,047 [DEBUG]: [2]: More variables, requesting index 7
2021-03-30 14:18:26,047 [DEBUG]: Requesting index 7 on port 2
2021-03-30 14:18:26,051 [DEBUG]: Added element [7]
2021-03-30 14:18:26,051 [DEBUG]: [2]: More variables, requesting index 8
2021-03-30 14:18:26,051 [DEBUG]: Requesting index 8 on port 2
2021-03-30 14:18:26,055 [DEBUG]: Added element [8]
2021-03-30 14:18:26,055 [DEBUG]: [2]: More variables, requesting index 9
2021-03-30 14:18:26,055 [DEBUG]: Requesting index 9 on port 2
2021-03-30 14:18:26,067 [DEBUG]: Added element [9]
2021-03-30 14:18:26,068 [DEBUG]: [2]: More variables, requesting index 10
2021-03-30 14:18:26,068 [DEBUG]: Requesting index 10 on port 2
2021-03-30 14:18:26,072 [DEBUG]: Added element [10]
2021-03-30 14:18:26,072 [DEBUG]: [2]: More variables, requesting index 11
2021-03-30 14:18:26,072 [DEBUG]: Requesting index 11 on port 2
2021-03-30 14:18:26,076 [DEBUG]: Added element [11]
2021-03-30 14:18:26,076 [DEBUG]: [2]: More variables, requesting index 12
2021-03-30 14:18:26,076 [DEBUG]: Requesting index 12 on port 2
2021-03-30 14:18:26,080 [DEBUG]: Added element [12]
2021-03-30 14:18:26,080 [DEBUG]: [2]: More variables, requesting index 13
2021-03-30 14:18:26,080 [DEBUG]: Requesting index 13 on port 2
2021-03-30 14:18:26,084 [DEBUG]: Added element [13]
2021-03-30 14:18:26,084 [DEBUG]: [2]: More variables, requesting index 14
2021-03-30 14:18:26,084 [DEBUG]: Requesting index 14 on port 2
2021-03-30 14:18:26,088 [DEBUG]: Added element [14]
2021-03-30 14:18:26,088 [DEBUG]: [2]: More variables, requesting index 15
2021-03-30 14:18:26,088 [DEBUG]: Requesting index 15 on port 2
2021-03-30 14:18:26,092 [DEBUG]: Added element [15]
2021-03-30 14:18:26,093 [DEBUG]: [2]: More variables, requesting index 16
2021-03-30 14:18:26,093 [DEBUG]: Requesting index 16 on port 2
2021-03-30 14:18:26,097 [DEBUG]: Added element [16]
2021-03-30 14:18:26,097 [DEBUG]: [2]: More variables, requesting index 17
2021-03-30 14:18:26,097 [DEBUG]: Requesting index 17 on port 2
2021-03-30 14:18:26,101 [DEBUG]: Added element [17]
2021-03-30 14:18:26,101 [DEBUG]: [2]: More variables, requesting index 18
2021-03-30 14:18:26,101 [DEBUG]: Requesting index 18 on port 2
2021-03-30 14:18:26,105 [DEBUG]: Added element [18]
2021-03-30 14:18:26,106 [DEBUG]: [2]: More variables, requesting index 19
2021-03-30 14:18:26,106 [DEBUG]: Requesting index 19 on port 2
2021-03-30 14:18:26,110 [DEBUG]: Added element [19]
2021-03-30 14:18:26,110 [DEBUG]: [2]: More variables, requesting index 20
2021-03-30 14:18:26,110 [DEBUG]: Requesting index 20 on port 2
2021-03-30 14:18:26,114 [DEBUG]: Added element [20]
2021-03-30 14:18:26,114 [DEBUG]: [2]: More variables, requesting index 21
2021-03-30 14:18:26,114 [DEBUG]: Requesting index 21 on port 2
2021-03-30 14:18:26,119 [DEBUG]: Added element [21]
2021-03-30 14:18:26,119 [DEBUG]: [2]: More variables, requesting index 22
2021-03-30 14:18:26,119 [DEBUG]: Requesting index 22 on port 2
2021-03-30 14:18:26,124 [DEBUG]: Added element [22]
2021-03-30 14:18:26,124 [DEBUG]: [2]: More variables, requesting index 23
2021-03-30 14:18:26,124 [DEBUG]: Requesting index 23 on port 2
2021-03-30 14:18:26,128 [DEBUG]: Added element [23]
2021-03-30 14:18:26,128 [DEBUG]: [2]: More variables, requesting index 24
2021-03-30 14:18:26,128 [DEBUG]: Requesting index 24 on port 2
2021-03-30 14:18:26,132 [DEBUG]: Added element [24]
2021-03-30 14:18:26,132 [DEBUG]: [2]: More variables, requesting index 25
2021-03-30 14:18:26,133 [DEBUG]: Requesting index 25 on port 2
2021-03-30 14:18:26,137 [DEBUG]: Added element [25]
2021-03-30 14:18:26,137 [DEBUG]: [2]: More variables, requesting index 26
2021-03-30 14:18:26,137 [DEBUG]: Requesting index 26 on port 2
2021-03-30 14:18:26,141 [DEBUG]: Added element [26]
2021-03-30 14:18:26,141 [DEBUG]: [2]: More variables, requesting index 27
2021-03-30 14:18:26,142 [DEBUG]: Requesting index 27 on port 2
2021-03-30 14:18:26,146 [DEBUG]: Added element [27]
2021-03-30 14:18:26,146 [DEBUG]: [2]: More variables, requesting index 28
2021-03-30 14:18:26,146 [DEBUG]: Requesting index 28 on port 2
2021-03-30 14:18:26,150 [DEBUG]: Added element [28]
2021-03-30 14:18:26,150 [DEBUG]: [2]: More variables, requesting index 29
2021-03-30 14:18:26,151 [DEBUG]: Requesting index 29 on port 2
2021-03-30 14:18:26,155 [DEBUG]: Added element [29]
2021-03-30 14:18:26,155 [DEBUG]: [2]: More variables, requesting index 30
2021-03-30 14:18:26,155 [DEBUG]: Requesting index 30 on port 2
2021-03-30 14:18:26,159 [DEBUG]: Added element [30]
2021-03-30 14:18:26,159 [DEBUG]: [2]: More variables, requesting index 31
2021-03-30 14:18:26,159 [DEBUG]: Requesting index 31 on port 2
2021-03-30 14:18:26,164 [DEBUG]: Added element [31]
2021-03-30 14:18:26,164 [DEBUG]: [2]: More variables, requesting index 32
2021-03-30 14:18:26,164 [DEBUG]: Requesting index 32 on port 2
2021-03-30 14:18:26,168 [DEBUG]: Added element [32]
2021-03-30 14:18:26,168 [DEBUG]: [2]: More variables, requesting index 33
2021-03-30 14:18:26,168 [DEBUG]: Requesting index 33 on port 2
2021-03-30 14:18:26,173 [DEBUG]: Added element [33]
2021-03-30 14:18:26,173 [DEBUG]: [2]: More variables, requesting index 34
2021-03-30 14:18:26,173 [DEBUG]: Requesting index 34 on port 2
2021-03-30 14:18:26,178 [DEBUG]: Added element [34]
2021-03-30 14:18:26,178 [DEBUG]: [2]: More variables, requesting index 35
2021-03-30 14:18:26,178 [DEBUG]: Requesting index 35 on port 2
2021-03-30 14:18:26,182 [DEBUG]: Added element [35]
2021-03-30 14:18:26,182 [DEBUG]: [2]: More variables, requesting index 36
2021-03-30 14:18:26,182 [DEBUG]: Requesting index 36 on port 2
2021-03-30 14:18:26,196 [DEBUG]: Added element [36]
2021-03-30 14:18:26,196 [DEBUG]: [2]: More variables, requesting index 37
2021-03-30 14:18:26,196 [DEBUG]: Requesting index 37 on port 2
2021-03-30 14:18:26,200 [DEBUG]: Added element [37]
2021-03-30 14:18:26,200 [DEBUG]: [2]: More variables, requesting index 38
2021-03-30 14:18:26,201 [DEBUG]: Requesting index 38 on port 2
2021-03-30 14:18:26,205 [DEBUG]: Added element [38]
2021-03-30 14:18:26,205 [DEBUG]: [2]: More variables, requesting index 39
2021-03-30 14:18:26,205 [DEBUG]: Requesting index 39 on port 2
2021-03-30 14:18:26,210 [DEBUG]: Added element [39]
2021-03-30 14:18:26,210 [DEBUG]: [2]: More variables, requesting index 40
2021-03-30 14:18:26,210 [DEBUG]: Requesting index 40 on port 2
2021-03-30 14:18:26,214 [DEBUG]: Added element [40]
2021-03-30 14:18:26,214 [DEBUG]: [2]: More variables, requesting index 41
2021-03-30 14:18:26,214 [DEBUG]: Requesting index 41 on port 2
2021-03-30 14:18:26,218 [DEBUG]: Added element [41]
2021-03-30 14:18:26,219 [DEBUG]: [2]: More variables, requesting index 42
2021-03-30 14:18:26,219 [DEBUG]: Requesting index 42 on port 2
2021-03-30 14:18:26,224 [DEBUG]: Added element [42]
2021-03-30 14:18:26,224 [DEBUG]: [2]: More variables, requesting index 43
2021-03-30 14:18:26,224 [DEBUG]: Requesting index 43 on port 2
2021-03-30 14:18:26,228 [DEBUG]: Added element [43]
2021-03-30 14:18:26,228 [DEBUG]: [2]: More variables, requesting index 44
2021-03-30 14:18:26,228 [DEBUG]: Requesting index 44 on port 2
2021-03-30 14:18:26,232 [DEBUG]: Added element [44]
2021-03-30 14:18:26,232 [DEBUG]: [2]: More variables, requesting index 45
2021-03-30 14:18:26,232 [DEBUG]: Requesting index 45 on port 2
2021-03-30 14:18:26,237 [DEBUG]: Added element [45]
2021-03-30 14:18:26,237 [DEBUG]: [2]: More variables, requesting index 46
2021-03-30 14:18:26,237 [DEBUG]: Requesting index 46 on port 2
2021-03-30 14:18:26,241 [DEBUG]: Added element [46]
2021-03-30 14:18:26,242 [DEBUG]: [2]: More variables, requesting index 47
2021-03-30 14:18:26,242 [DEBUG]: Requesting index 47 on port 2
2021-03-30 14:18:26,246 [DEBUG]: Added element [47]
2021-03-30 14:18:26,246 [DEBUG]: [2]: More variables, requesting index 48
2021-03-30 14:18:26,246 [DEBUG]: Requesting index 48 on port 2
2021-03-30 14:18:26,250 [DEBUG]: Added element [48]
2021-03-30 14:18:26,250 [DEBUG]: [2]: More variables, requesting index 49
2021-03-30 14:18:26,250 [DEBUG]: Requesting index 49 on port 2
2021-03-30 14:18:26,255 [DEBUG]: Added element [49]
2021-03-30 14:18:26,255 [DEBUG]: [2]: More variables, requesting index 50
2021-03-30 14:18:26,255 [DEBUG]: Requesting index 50 on port 2
2021-03-30 14:18:26,259 [DEBUG]: Added element [50]
2021-03-30 14:18:26,259 [DEBUG]: [2]: More variables, requesting index 51
2021-03-30 14:18:26,260 [DEBUG]: Requesting index 51 on port 2
2021-03-30 14:18:26,264 [DEBUG]: Added element [51]
2021-03-30 14:18:26,264 [DEBUG]: [2]: More variables, requesting index 52
2021-03-30 14:18:26,264 [DEBUG]: Requesting index 52 on port 2
2021-03-30 14:18:26,269 [DEBUG]: Added element [52]
2021-03-30 14:18:26,269 [DEBUG]: [2]: More variables, requesting index 53
2021-03-30 14:18:26,269 [DEBUG]: Requesting index 53 on port 2
2021-03-30 14:18:26,273 [DEBUG]: Added element [53]
2021-03-30 14:18:26,273 [DEBUG]: [2]: More variables, requesting index 54
2021-03-30 14:18:26,273 [DEBUG]: Requesting index 54 on port 2
2021-03-30 14:18:26,277 [DEBUG]: Added element [54]
2021-03-30 14:18:26,278 [DEBUG]: [2]: More variables, requesting index 55
2021-03-30 14:18:26,278 [DEBUG]: Requesting index 55 on port 2
2021-03-30 14:18:26,282 [DEBUG]: Added element [55]
2021-03-30 14:18:26,282 [DEBUG]: [2]: More variables, requesting index 56
2021-03-30 14:18:26,282 [DEBUG]: Requesting index 56 on port 2
2021-03-30 14:18:26,286 [DEBUG]: Added element [56]
2021-03-30 14:18:26,287 [DEBUG]: [2]: More variables, requesting index 57
2021-03-30 14:18:26,287 [DEBUG]: Requesting index 57 on port 2
2021-03-30 14:18:26,291 [DEBUG]: Added element [57]
2021-03-30 14:18:26,291 [DEBUG]: [2]: More variables, requesting index 58
2021-03-30 14:18:26,291 [DEBUG]: Requesting index 58 on port 2
2021-03-30 14:18:26,295 [DEBUG]: Added element [58]
2021-03-30 14:18:26,296 [DEBUG]: [2]: More variables, requesting index 59
2021-03-30 14:18:26,296 [DEBUG]: Requesting index 59 on port 2
2021-03-30 14:18:26,300 [DEBUG]: Added element [59]
2021-03-30 14:18:26,300 [DEBUG]: [2]: More variables, requesting index 60
2021-03-30 14:18:26,300 [DEBUG]: Requesting index 60 on port 2
2021-03-30 14:18:26,304 [DEBUG]: Added element [60]
2021-03-30 14:18:26,304 [DEBUG]: [2]: More variables, requesting index 61
2021-03-30 14:18:26,304 [DEBUG]: Requesting index 61 on port 2
2021-03-30 14:18:26,308 [DEBUG]: Added element [61]
2021-03-30 14:18:26,309 [DEBUG]: [2]: More variables, requesting index 62
2021-03-30 14:18:26,309 [DEBUG]: Requesting index 62 on port 2
2021-03-30 14:18:26,314 [DEBUG]: Added element [62]
2021-03-30 14:18:26,314 [DEBUG]: [2]: More variables, requesting index 63
2021-03-30 14:18:26,314 [DEBUG]: Requesting index 63 on port 2
2021-03-30 14:18:26,318 [DEBUG]: Added element [63]
2021-03-30 14:18:26,318 [DEBUG]: [2]: More variables, requesting index 64
2021-03-30 14:18:26,318 [DEBUG]: Requesting index 64 on port 2
2021-03-30 14:18:26,331 [DEBUG]: Added element [64]
2021-03-30 14:18:26,331 [DEBUG]: [2]: More variables, requesting index 65
2021-03-30 14:18:26,332 [DEBUG]: Requesting index 65 on port 2
2021-03-30 14:18:26,335 [DEBUG]: Added element [65]
2021-03-30 14:18:26,336 [DEBUG]: [2]: More variables, requesting index 66
2021-03-30 14:18:26,336 [DEBUG]: Requesting index 66 on port 2
2021-03-30 14:18:26,340 [DEBUG]: Added element [66]
2021-03-30 14:18:26,340 [DEBUG]: [2]: More variables, requesting index 67
2021-03-30 14:18:26,340 [DEBUG]: Requesting index 67 on port 2
2021-03-30 14:18:26,344 [DEBUG]: Added element [67]
2021-03-30 14:18:26,344 [DEBUG]: [2]: More variables, requesting index 68
2021-03-30 14:18:26,344 [DEBUG]: Requesting index 68 on port 2
2021-03-30 14:18:26,349 [DEBUG]: Added element [68]
2021-03-30 14:18:26,349 [DEBUG]: [2]: More variables, requesting index 69
2021-03-30 14:18:26,349 [DEBUG]: Requesting index 69 on port 2
2021-03-30 14:18:26,353 [DEBUG]: Added element [69]
2021-03-30 14:18:26,353 [DEBUG]: [2]: More variables, requesting index 70
2021-03-30 14:18:26,353 [DEBUG]: Requesting index 70 on port 2
2021-03-30 14:18:26,357 [DEBUG]: Added element [70]
2021-03-30 14:18:26,357 [DEBUG]: [2]: More variables, requesting index 71
2021-03-30 14:18:26,357 [DEBUG]: Requesting index 71 on port 2
2021-03-30 14:18:26,362 [DEBUG]: Added element [71]
2021-03-30 14:18:26,362 [DEBUG]: [2]: More variables, requesting index 72
2021-03-30 14:18:26,362 [DEBUG]: Requesting index 72 on port 2
2021-03-30 14:18:26,366 [DEBUG]: Added element [72]
2021-03-30 14:18:26,366 [DEBUG]: [2]: More variables, requesting index 73
2021-03-30 14:18:26,366 [DEBUG]: Requesting index 73 on port 2
2021-03-30 14:18:26,370 [DEBUG]: Added element [73]
2021-03-30 14:18:26,370 [DEBUG]: [2]: More variables, requesting index 74
2021-03-30 14:18:26,370 [DEBUG]: Requesting index 74 on port 2
2021-03-30 14:18:26,375 [DEBUG]: Added element [74]
2021-03-30 14:18:26,375 [DEBUG]: [2]: More variables, requesting index 75
2021-03-30 14:18:26,375 [DEBUG]: Requesting index 75 on port 2
2021-03-30 14:18:26,379 [DEBUG]: Added element [75]
2021-03-30 14:18:26,379 [DEBUG]: [2]: More variables, requesting index 76
2021-03-30 14:18:26,379 [DEBUG]: Requesting index 76 on port 2
2021-03-30 14:18:26,383 [DEBUG]: Added element [76]
2021-03-30 14:18:26,383 [DEBUG]: [2]: More variables, requesting index 77
2021-03-30 14:18:26,384 [DEBUG]: Requesting index 77 on port 2
2021-03-30 14:18:26,387 [DEBUG]: Added element [77]
2021-03-30 14:18:26,388 [DEBUG]: [2]: More variables, requesting index 78
2021-03-30 14:18:26,388 [DEBUG]: Requesting index 78 on port 2
2021-03-30 14:18:26,392 [DEBUG]: Added element [78]
2021-03-30 14:18:26,392 [DEBUG]: [2]: More variables, requesting index 79
2021-03-30 14:18:26,392 [DEBUG]: Requesting index 79 on port 2
2021-03-30 14:18:26,396 [DEBUG]: Added element [79]
2021-03-30 14:18:26,396 [DEBUG]: [2]: More variables, requesting index 80
2021-03-30 14:18:26,396 [DEBUG]: Requesting index 80 on port 2
2021-03-30 14:18:26,400 [DEBUG]: Added element [80]
2021-03-30 14:18:26,400 [DEBUG]: [2]: More variables, requesting index 81
2021-03-30 14:18:26,400 [DEBUG]: Requesting index 81 on port 2
2021-03-30 14:18:26,404 [DEBUG]: Added element [81]
2021-03-30 14:18:26,404 [DEBUG]: [2]: More variables, requesting index 82
2021-03-30 14:18:26,404 [DEBUG]: Requesting index 82 on port 2
2021-03-30 14:18:26,408 [DEBUG]: Added element [82]
2021-03-30 14:18:26,409 [DEBUG]: [2]: More variables, requesting index 83
2021-03-30 14:18:26,409 [DEBUG]: Requesting index 83 on port 2
2021-03-30 14:18:26,413 [DEBUG]: Added element [83]
2021-03-30 14:18:26,413 [DEBUG]: [2]: More variables, requesting index 84
2021-03-30 14:18:26,413 [DEBUG]: Requesting index 84 on port 2
2021-03-30 14:18:26,417 [DEBUG]: Added element [84]
2021-03-30 14:18:26,417 [DEBUG]: [2]: More variables, requesting index 85
2021-03-30 14:18:26,417 [DEBUG]: Requesting index 85 on port 2
2021-03-30 14:18:26,421 [DEBUG]: Added element [85]
2021-03-30 14:18:26,421 [DEBUG]: [2]: More variables, requesting index 86
2021-03-30 14:18:26,421 [DEBUG]: Requesting index 86 on port 2
2021-03-30 14:18:26,425 [DEBUG]: Added element [86]
2021-03-30 14:18:26,425 [DEBUG]: [2]: More variables, requesting index 87
2021-03-30 14:18:26,425 [DEBUG]: Requesting index 87 on port 2
2021-03-30 14:18:26,429 [DEBUG]: Added element [87]
2021-03-30 14:18:26,430 [DEBUG]: [2]: More variables, requesting index 88
2021-03-30 14:18:26,430 [DEBUG]: Requesting index 88 on port 2
2021-03-30 14:18:26,434 [DEBUG]: Added element [88]
2021-03-30 14:18:26,434 [DEBUG]: [2]: More variables, requesting index 89
2021-03-30 14:18:26,434 [DEBUG]: Requesting index 89 on port 2
2021-03-30 14:18:26,438 [DEBUG]: Added element [89]
2021-03-30 14:18:26,438 [DEBUG]: [2]: More variables, requesting index 90
2021-03-30 14:18:26,438 [DEBUG]: Requesting index 90 on port 2
2021-03-30 14:18:26,442 [DEBUG]: Added element [90]
2021-03-30 14:18:26,442 [DEBUG]: [2]: More variables, requesting index 91
2021-03-30 14:18:26,442 [DEBUG]: Requesting index 91 on port 2
2021-03-30 14:18:26,446 [DEBUG]: Added element [91]
2021-03-30 14:18:26,446 [DEBUG]: [2]: More variables, requesting index 92
2021-03-30 14:18:26,446 [DEBUG]: Requesting index 92 on port 2
2021-03-30 14:18:26,450 [DEBUG]: Added element [92]
2021-03-30 14:18:26,450 [DEBUG]: [2]: More variables, requesting index 93
2021-03-30 14:18:26,450 [DEBUG]: Requesting index 93 on port 2
2021-03-30 14:18:26,464 [DEBUG]: Added element [93]
2021-03-30 14:18:26,464 [DEBUG]: [2]: More variables, requesting index 94
2021-03-30 14:18:26,464 [DEBUG]: Requesting index 94 on port 2
2021-03-30 14:18:26,468 [DEBUG]: Added element [94]
2021-03-30 14:18:26,468 [DEBUG]: [2]: More variables, requesting index 95
2021-03-30 14:18:26,468 [DEBUG]: Requesting index 95 on port 2
2021-03-30 14:18:26,472 [DEBUG]: Added element [95]
2021-03-30 14:18:26,472 [DEBUG]: [2]: More variables, requesting index 96
2021-03-30 14:18:26,472 [DEBUG]: Requesting index 96 on port 2
2021-03-30 14:18:26,476 [DEBUG]: Added element [96]
2021-03-30 14:18:26,476 [DEBUG]: [2]: More variables, requesting index 97
2021-03-30 14:18:26,477 [DEBUG]: Requesting index 97 on port 2
2021-03-30 14:18:26,481 [DEBUG]: Added element [97]
2021-03-30 14:18:26,481 [DEBUG]: [2]: More variables, requesting index 98
2021-03-30 14:18:26,481 [DEBUG]: Requesting index 98 on port 2
2021-03-30 14:18:26,485 [DEBUG]: Added element [98]
2021-03-30 14:18:26,485 [DEBUG]: [2]: More variables, requesting index 99
2021-03-30 14:18:26,485 [DEBUG]: Requesting index 99 on port 2
2021-03-30 14:18:26,489 [DEBUG]: Added element [99]
2021-03-30 14:18:26,489 [DEBUG]: [2]: More variables, requesting index 100
2021-03-30 14:18:26,490 [DEBUG]: Requesting index 100 on port 2
2021-03-30 14:18:26,493 [DEBUG]: Added element [100]
2021-03-30 14:18:26,494 [DEBUG]: [2]: More variables, requesting index 101
2021-03-30 14:18:26,494 [DEBUG]: Requesting index 101 on port 2
2021-03-30 14:18:26,498 [DEBUG]: Added element [101]
2021-03-30 14:18:26,498 [DEBUG]: [2]: More variables, requesting index 102
2021-03-30 14:18:26,498 [DEBUG]: Requesting index 102 on port 2
2021-03-30 14:18:26,502 [DEBUG]: Added element [102]
2021-03-30 14:18:26,502 [DEBUG]: [2]: More variables, requesting index 103
2021-03-30 14:18:26,502 [DEBUG]: Requesting index 103 on port 2
2021-03-30 14:18:26,506 [DEBUG]: Added element [103]
2021-03-30 14:18:26,506 [DEBUG]: [2]: More variables, requesting index 104
2021-03-30 14:18:26,506 [DEBUG]: Requesting index 104 on port 2
2021-03-30 14:18:26,510 [DEBUG]: Added element [104]
2021-03-30 14:18:26,511 [DEBUG]: [2]: More variables, requesting index 105
2021-03-30 14:18:26,511 [DEBUG]: Requesting index 105 on port 2
2021-03-30 14:18:26,515 [DEBUG]: Added element [105]
2021-03-30 14:18:26,516 [DEBUG]: [2]: More variables, requesting index 106
2021-03-30 14:18:26,516 [DEBUG]: Requesting index 106 on port 2
2021-03-30 14:18:26,520 [DEBUG]: Added element [106]
2021-03-30 14:18:26,520 [DEBUG]: [2]: More variables, requesting index 107
2021-03-30 14:18:26,520 [DEBUG]: Requesting index 107 on port 2
2021-03-30 14:18:26,524 [DEBUG]: Added element [107]
2021-03-30 14:18:26,525 [DEBUG]: [2]: More variables, requesting index 108
2021-03-30 14:18:26,525 [DEBUG]: Requesting index 108 on port 2
2021-03-30 14:18:26,529 [DEBUG]: Added element [108]
2021-03-30 14:18:26,529 [DEBUG]: [2]: More variables, requesting index 109
2021-03-30 14:18:26,529 [DEBUG]: Requesting index 109 on port 2
2021-03-30 14:18:26,534 [DEBUG]: Added element [109]
2021-03-30 14:18:26,534 [DEBUG]: [2]: More variables, requesting index 110
2021-03-30 14:18:26,534 [DEBUG]: Requesting index 110 on port 2
2021-03-30 14:18:26,538 [DEBUG]: Added element [110]
2021-03-30 14:18:26,538 [DEBUG]: [2]: More variables, requesting index 111
2021-03-30 14:18:26,538 [DEBUG]: Requesting index 111 on port 2
2021-03-30 14:18:26,542 [DEBUG]: Added element [111]
2021-03-30 14:18:26,543 [DEBUG]: [2]: More variables, requesting index 112
2021-03-30 14:18:26,543 [DEBUG]: Requesting index 112 on port 2
2021-03-30 14:18:26,548 [DEBUG]: Added element [112]
2021-03-30 14:18:26,548 [DEBUG]: [2]: More variables, requesting index 113
2021-03-30 14:18:26,548 [DEBUG]: Requesting index 113 on port 2
2021-03-30 14:18:26,552 [DEBUG]: Added element [113]
2021-03-30 14:18:26,552 [DEBUG]: [2]: More variables, requesting index 114
2021-03-30 14:18:26,552 [DEBUG]: Requesting index 114 on port 2
2021-03-30 14:18:26,556 [DEBUG]: Added element [114]
2021-03-30 14:18:26,556 [DEBUG]: [2]: More variables, requesting index 115
2021-03-30 14:18:26,556 [DEBUG]: Requesting index 115 on port 2
2021-03-30 14:18:26,560 [DEBUG]: Added element [115]
2021-03-30 14:18:26,561 [DEBUG]: [2]: More variables, requesting index 116
2021-03-30 14:18:26,561 [DEBUG]: Requesting index 116 on port 2
2021-03-30 14:18:26,564 [DEBUG]: Added element [116]
2021-03-30 14:18:26,565 [DEBUG]: [2]: More variables, requesting index 117
2021-03-30 14:18:26,565 [DEBUG]: Requesting index 117 on port 2
2021-03-30 14:18:26,569 [DEBUG]: Added element [117]
2021-03-30 14:18:26,569 [DEBUG]: [2]: More variables, requesting index 118
2021-03-30 14:18:26,569 [DEBUG]: Requesting index 118 on port 2
2021-03-30 14:18:26,574 [DEBUG]: Added element [118]
2021-03-30 14:18:26,574 [DEBUG]: [2]: More variables, requesting index 119
2021-03-30 14:18:26,574 [DEBUG]: Requesting index 119 on port 2
2021-03-30 14:18:26,578 [DEBUG]: Added element [119]
2021-03-30 14:18:26,578 [DEBUG]: [2]: More variables, requesting index 120
2021-03-30 14:18:26,578 [DEBUG]: Requesting index 120 on port 2
2021-03-30 14:18:26,592 [DEBUG]: Added element [120]
2021-03-30 14:18:26,592 [DEBUG]: [2]: More variables, requesting index 121
2021-03-30 14:18:26,592 [DEBUG]: Requesting index 121 on port 2
2021-03-30 14:18:26,596 [DEBUG]: Added element [121]
2021-03-30 14:18:26,596 [DEBUG]: [2]: More variables, requesting index 122
2021-03-30 14:18:26,596 [DEBUG]: Requesting index 122 on port 2
2021-03-30 14:18:26,600 [DEBUG]: Added element [122]
2021-03-30 14:18:26,601 [DEBUG]: [2]: More variables, requesting index 123
2021-03-30 14:18:26,601 [DEBUG]: Requesting index 123 on port 2
2021-03-30 14:18:26,604 [DEBUG]: Added element [123]
2021-03-30 14:18:26,605 [DEBUG]: [2]: More variables, requesting index 124
2021-03-30 14:18:26,605 [DEBUG]: Requesting index 124 on port 2
2021-03-30 14:18:26,609 [DEBUG]: Added element [124]
2021-03-30 14:18:26,609 [DEBUG]: [2]: More variables, requesting index 125
2021-03-30 14:18:26,609 [DEBUG]: Requesting index 125 on port 2
2021-03-30 14:18:26,613 [DEBUG]: Added element [125]
2021-03-30 14:18:26,613 [DEBUG]: [2]: More variables, requesting index 126
2021-03-30 14:18:26,613 [DEBUG]: Requesting index 126 on port 2
2021-03-30 14:18:26,617 [DEBUG]: Added element [126]
2021-03-30 14:18:26,617 [DEBUG]: [2]: More variables, requesting index 127
2021-03-30 14:18:26,617 [DEBUG]: Requesting index 127 on port 2
2021-03-30 14:18:26,621 [DEBUG]: Added element [127]
2021-03-30 14:18:26,621 [DEBUG]: [2]: More variables, requesting index 128
2021-03-30 14:18:26,621 [DEBUG]: Requesting index 128 on port 2
2021-03-30 14:18:26,625 [DEBUG]: Added element [128]
2021-03-30 14:18:26,626 [DEBUG]: [2]: More variables, requesting index 129
2021-03-30 14:18:26,626 [DEBUG]: Requesting index 129 on port 2
2021-03-30 14:18:26,630 [DEBUG]: Added element [129]
2021-03-30 14:18:26,630 [DEBUG]: [2]: More variables, requesting index 130
2021-03-30 14:18:26,630 [DEBUG]: Requesting index 130 on port 2
2021-03-30 14:18:26,635 [DEBUG]: Added element [130]
2021-03-30 14:18:26,635 [DEBUG]: [2]: More variables, requesting index 131
2021-03-30 14:18:26,635 [DEBUG]: Requesting index 131 on port 2
2021-03-30 14:18:26,639 [DEBUG]: Added element [131]
2021-03-30 14:18:26,639 [DEBUG]: [2]: More variables, requesting index 132
2021-03-30 14:18:26,639 [DEBUG]: Requesting index 132 on port 2
2021-03-30 14:18:26,644 [DEBUG]: Added element [132]
2021-03-30 14:18:26,644 [DEBUG]: [2]: More variables, requesting index 133
2021-03-30 14:18:26,644 [DEBUG]: Requesting index 133 on port 2
2021-03-30 14:18:26,648 [DEBUG]: Added element [133]
2021-03-30 14:18:26,648 [DEBUG]: [2]: More variables, requesting index 134
2021-03-30 14:18:26,649 [DEBUG]: Requesting index 134 on port 2
2021-03-30 14:18:26,654 [DEBUG]: Added element [134]
2021-03-30 14:18:26,654 [DEBUG]: [2]: More variables, requesting index 135
2021-03-30 14:18:26,654 [DEBUG]: Requesting index 135 on port 2
2021-03-30 14:18:26,658 [DEBUG]: Added element [135]
2021-03-30 14:18:26,658 [DEBUG]: [2]: More variables, requesting index 136
2021-03-30 14:18:26,658 [DEBUG]: Requesting index 136 on port 2
2021-03-30 14:18:26,662 [DEBUG]: Added element [136]
2021-03-30 14:18:26,662 [DEBUG]: [2]: More variables, requesting index 137
2021-03-30 14:18:26,663 [DEBUG]: Requesting index 137 on port 2
2021-03-30 14:18:26,666 [DEBUG]: Added element [137]
2021-03-30 14:18:26,667 [DEBUG]: [2]: More variables, requesting index 138
2021-03-30 14:18:26,667 [DEBUG]: Requesting index 138 on port 2
2021-03-30 14:18:26,671 [DEBUG]: Added element [138]
2021-03-30 14:18:26,671 [DEBUG]: [2]: More variables, requesting index 139
2021-03-30 14:18:26,671 [DEBUG]: Requesting index 139 on port 2
2021-03-30 14:18:26,675 [DEBUG]: Added element [139]
2021-03-30 14:18:26,676 [DEBUG]: [2]: More variables, requesting index 140
2021-03-30 14:18:26,676 [DEBUG]: Requesting index 140 on port 2
2021-03-30 14:18:26,680 [DEBUG]: Added element [140]
2021-03-30 14:18:26,680 [DEBUG]: [2]: More variables, requesting index 141
2021-03-30 14:18:26,680 [DEBUG]: Requesting index 141 on port 2
2021-03-30 14:18:26,684 [DEBUG]: Added element [141]
2021-03-30 14:18:26,684 [DEBUG]: [2]: More variables, requesting index 142
2021-03-30 14:18:26,684 [DEBUG]: Requesting index 142 on port 2
2021-03-30 14:18:26,688 [DEBUG]: Added element [142]
2021-03-30 14:18:26,688 [DEBUG]: [2]: More variables, requesting index 143
2021-03-30 14:18:26,688 [DEBUG]: Requesting index 143 on port 2
2021-03-30 14:18:26,692 [DEBUG]: Added element [143]
2021-03-30 14:18:26,692 [DEBUG]: [2]: More variables, requesting index 144
2021-03-30 14:18:26,692 [DEBUG]: Requesting index 144 on port 2
2021-03-30 14:18:26,696 [DEBUG]: Added element [144]
2021-03-30 14:18:26,697 [DEBUG]: [2]: More variables, requesting index 145
2021-03-30 14:18:26,697 [DEBUG]: Requesting index 145 on port 2
2021-03-30 14:18:26,701 [DEBUG]: Added element [145]
2021-03-30 14:18:26,701 [DEBUG]: [2]: More variables, requesting index 146
2021-03-30 14:18:26,701 [DEBUG]: Requesting index 146 on port 2
2021-03-30 14:18:26,706 [DEBUG]: Added element [146]
2021-03-30 14:18:26,706 [DEBUG]: [2]: More variables, requesting index 147
2021-03-30 14:18:26,706 [DEBUG]: Requesting index 147 on port 2
2021-03-30 14:18:26,718 [DEBUG]: Added element [147]
2021-03-30 14:18:26,719 [DEBUG]: [2]: More variables, requesting index 148
2021-03-30 14:18:26,719 [DEBUG]: Requesting index 148 on port 2
2021-03-30 14:18:26,723 [DEBUG]: Added element [148]
2021-03-30 14:18:26,723 [DEBUG]: [2]: More variables, requesting index 149
2021-03-30 14:18:26,723 [DEBUG]: Requesting index 149 on port 2
2021-03-30 14:18:26,727 [DEBUG]: Added element [149]
2021-03-30 14:18:26,727 [DEBUG]: [2]: More variables, requesting index 150
2021-03-30 14:18:26,727 [DEBUG]: Requesting index 150 on port 2
2021-03-30 14:18:26,731 [DEBUG]: Added element [150]
2021-03-30 14:18:26,731 [DEBUG]: [2]: More variables, requesting index 151
2021-03-30 14:18:26,731 [DEBUG]: Requesting index 151 on port 2
2021-03-30 14:18:26,736 [DEBUG]: Added element [151]
2021-03-30 14:18:26,736 [DEBUG]: [2]: More variables, requesting index 152
2021-03-30 14:18:26,736 [DEBUG]: Requesting index 152 on port 2
2021-03-30 14:18:26,740 [DEBUG]: Added element [152]
2021-03-30 14:18:26,740 [DEBUG]: [2]: More variables, requesting index 153
2021-03-30 14:18:26,740 [DEBUG]: Requesting index 153 on port 2
2021-03-30 14:18:26,745 [DEBUG]: Added element [153]
2021-03-30 14:18:26,745 [DEBUG]: [2]: More variables, requesting index 154
2021-03-30 14:18:26,745 [DEBUG]: Requesting index 154 on port 2
2021-03-30 14:18:26,749 [DEBUG]: Added element [154]
2021-03-30 14:18:26,749 [DEBUG]: [2]: More variables, requesting index 155
2021-03-30 14:18:26,749 [DEBUG]: Requesting index 155 on port 2
2021-03-30 14:18:26,754 [DEBUG]: Added element [155]
2021-03-30 14:18:26,754 [DEBUG]: [2]: More variables, requesting index 156
2021-03-30 14:18:26,754 [DEBUG]: Requesting index 156 on port 2
2021-03-30 14:18:26,758 [DEBUG]: Added element [156]
2021-03-30 14:18:26,758 [DEBUG]: [2]: More variables, requesting index 157
2021-03-30 14:18:26,758 [DEBUG]: Requesting index 157 on port 2
2021-03-30 14:18:26,762 [DEBUG]: Added element [157]
2021-03-30 14:18:26,763 [DEBUG]: [2]: More variables, requesting index 158
2021-03-30 14:18:26,763 [DEBUG]: Requesting index 158 on port 2
2021-03-30 14:18:26,767 [DEBUG]: Added element [158]
2021-03-30 14:18:26,767 [DEBUG]: [2]: More variables, requesting index 159
2021-03-30 14:18:26,767 [DEBUG]: Requesting index 159 on port 2
2021-03-30 14:18:26,771 [DEBUG]: Added element [159]
2021-03-30 14:18:26,771 [DEBUG]: [2]: More variables, requesting index 160
2021-03-30 14:18:26,771 [DEBUG]: Requesting index 160 on port 2
2021-03-30 14:18:26,776 [DEBUG]: Added element [160]
2021-03-30 14:18:26,776 [DEBUG]: [2]: More variables, requesting index 161
2021-03-30 14:18:26,776 [DEBUG]: Requesting index 161 on port 2
2021-03-30 14:18:26,780 [DEBUG]: Added element [161]
2021-03-30 14:18:26,780 [DEBUG]: [2]: More variables, requesting index 162
2021-03-30 14:18:26,780 [DEBUG]: Requesting index 162 on port 2
2021-03-30 14:18:26,784 [DEBUG]: Added element [162]
2021-03-30 14:18:26,784 [DEBUG]: [2]: More variables, requesting index 163
2021-03-30 14:18:26,784 [DEBUG]: Requesting index 163 on port 2
2021-03-30 14:18:26,788 [DEBUG]: Added element [163]
2021-03-30 14:18:26,788 [WARNING]: Could not save cache, no writable directory
2021-03-30 14:18:26,789 [DEBUG]: Removing callback on port [2] to [<bound method TocFetcher._new_packet_cb of <cflib.crazyflie.toc.TocFetcher object at 0x000001A7DB8BEBC8>>]
2021-03-30 14:18:26,789 [DEBUG]: [2]: Done!
2021-03-30 14:18:26,789 [INFO]: Param TOC finished updating
2021-03-30 14:18:26,789 [INFO]: Callback->Connection setup finished [radio://0/80/2M]
2021-03-30 14:18:26,789 [DEBUG]: Requesting request to update param [6]
2021-03-30 14:18:26,789 [INFO]: Closing link
2021-03-30 14:18:26,789 [DEBUG]: Requesting request to update param [1]
2021-03-30 14:18:26,789 [DEBUG]: Requesting request to update param [2]
2021-03-30 14:18:26,790 [DEBUG]: Requesting request to update param [3]
2021-03-30 14:18:26,790 [DEBUG]: Requesting request to update param [4]
2021-03-30 14:18:26,790 [DEBUG]: Requesting request to update param [5]
2021-03-30 14:18:26,790 [DEBUG]: Requesting request to update param [7]
2021-03-30 14:18:26,790 [DEBUG]: Requesting request to update param [8]
2021-03-30 14:18:26,790 [DEBUG]: Requesting request to update param [9]
2021-03-30 14:18:26,790 [DEBUG]: Requesting request to update param [10]
2021-03-30 14:18:26,790 [DEBUG]: Requesting request to update param [11]
2021-03-30 14:18:26,790 [DEBUG]: Requesting request to update param [16]
2021-03-30 14:18:26,790 [DEBUG]: Requesting request to update param [12]
2021-03-30 14:18:26,790 [DEBUG]: Requesting request to update param [13]
2021-03-30 14:18:26,791 [DEBUG]: Requesting request to update param [14]
2021-03-30 14:18:26,791 [DEBUG]: Requesting request to update param [15]
2021-03-30 14:18:26,791 [DEBUG]: Requesting request to update param [17]
2021-03-30 14:18:26,791 [DEBUG]: Requesting request to update param [18]
2021-03-30 14:18:26,791 [INFO]: Callback->Disconnected from [radio://0/80/2M]
2021-03-30 14:18:26,792 [ERROR]: Exception while doing callback on port [2]

Traceback (most recent call last):
  File "C:\Users\Vicon-PC\Desktop\PROGETTO CRAZYFLIE\virtual env generic\lib\site-packages\cflib\crazyflie\__init__.py", line 403, in run
    cb.callback(pk)
  File "C:\Users\Vicon-PC\Desktop\PROGETTO CRAZYFLIE\virtual env generic\lib\site-packages\cflib\crazyflie\toc.py", line 204, in _new_packet_cb
    self._toc_fetch_finished()
  File "C:\Users\Vicon-PC\Desktop\PROGETTO CRAZYFLIE\virtual env generic\lib\site-packages\cflib\crazyflie\toc.py", line 153, in _toc_fetch_finished
    self.finished_callback()
  File "C:\Users\Vicon-PC\Desktop\PROGETTO CRAZYFLIE\virtual env generic\lib\site-packages\cflib\crazyflie\__init__.py", line 172, in _param_toc_updated_cb
    self.param.request_update_of_all_params()
  File "C:\Users\Vicon-PC\Desktop\PROGETTO CRAZYFLIE\virtual env generic\lib\site-packages\cflib\crazyflie\param.py", line 141, in request_update_of_all_params
    for name in self.toc.toc[group]:
KeyError: 'flightmode'

