2021-03-30 14:17:25,539 [INFO]: variables added
2021-03-30 14:17:25,540 [DEBUG]: Adding callback on port [6] to [<bound method Localization._incoming of <cflib.crazyflie.localization.Localization object at 0x0000024DB31ABB48>>]
2021-03-30 14:17:25,540 [DEBUG]: Adding callback on port [5] to [<bound method Log._new_packet_cb of <cflib.crazyflie.log.Log object at 0x0000024DB31ABC48>>]
2021-03-30 14:17:25,540 [DEBUG]: Adding callback on port [0] to [<bound method Console.incoming of <cflib.crazyflie.console.Console object at 0x0000024DB31ABD08>>]
2021-03-30 14:17:25,540 [DEBUG]: Adding callback on port [2] to [<bound method _ParamUpdater._new_packet_cb of <_ParamUpdater(Thread-2, initial daemon)>>]
2021-03-30 14:17:25,541 [DEBUG]: Adding callback on port [4] to [<bound method Memory._new_packet_cb of <cflib.crazyflie.mem.Memory object at 0x0000024DB31ABF88>>]
2021-03-30 14:17:25,541 [DEBUG]: Adding callback on port [13] to [<bound method PlatformService._platform_callback of <cflib.crazyflie.platformservice.PlatformService object at 0x0000024DB31BB108>>]
2021-03-30 14:17:25,541 [DEBUG]: Adding callback on port [15] to [<bound method PlatformService._crt_service_callback of <cflib.crazyflie.platformservice.PlatformService object at 0x0000024DB31BB108>>]
2021-03-30 14:17:25,541 [INFO]: Callback->Connection initialized[radio://0/80/2M]
2021-03-30 14:17:25,545 [INFO]: We are connected[radio://0/80/2M], request connection setup
2021-03-30 14:17:25,548 [INFO]: Callback->Connected to [radio://0/80/2M]
2021-03-30 14:17:25,555 [INFO]: Protocol  version: 4
2021-03-30 14:17:25,558 [DEBUG]: Logging reset, continue with TOC download
2021-03-30 14:17:25,558 [DEBUG]: [5]: Using V2 protocol: 1
2021-03-30 14:17:25,559 [DEBUG]: [5]: Start fetching...
2021-03-30 14:17:25,559 [DEBUG]: Adding callback on port [5] to [<bound method TocFetcher._new_packet_cb of <cflib.crazyflie.toc.TocFetcher object at 0x0000024DB31FEB08>>]
2021-03-30 14:17:25,563 [DEBUG]: [5]: Got TOC CRC, 317 items and crc=0x05C5AF70
2021-03-30 14:17:25,563 [DEBUG]: Requesting index 0 on port 5
2021-03-30 14:17:25,567 [DEBUG]: Added element [0]
2021-03-30 14:17:25,567 [DEBUG]: [5]: More variables, requesting index 1
2021-03-30 14:17:25,567 [DEBUG]: Requesting index 1 on port 5
2021-03-30 14:17:25,571 [DEBUG]: Added element [1]
2021-03-30 14:17:25,571 [DEBUG]: [5]: More variables, requesting index 2
2021-03-30 14:17:25,571 [DEBUG]: Requesting index 2 on port 5
2021-03-30 14:17:25,575 [DEBUG]: Added element [2]
2021-03-30 14:17:25,575 [DEBUG]: [5]: More variables, requesting index 3
2021-03-30 14:17:25,575 [DEBUG]: Requesting index 3 on port 5
2021-03-30 14:17:25,579 [DEBUG]: Added element [3]
2021-03-30 14:17:25,579 [DEBUG]: [5]: More variables, requesting index 4
2021-03-30 14:17:25,579 [DEBUG]: Requesting index 4 on port 5
2021-03-30 14:17:25,584 [DEBUG]: Added element [4]
2021-03-30 14:17:25,584 [DEBUG]: [5]: More variables, requesting index 5
2021-03-30 14:17:25,584 [DEBUG]: Requesting index 5 on port 5
2021-03-30 14:17:25,588 [DEBUG]: Added element [5]
2021-03-30 14:17:25,588 [DEBUG]: [5]: More variables, requesting index 6
2021-03-30 14:17:25,588 [DEBUG]: Requesting index 6 on port 5
2021-03-30 14:17:25,592 [DEBUG]: Added element [6]
2021-03-30 14:17:25,592 [DEBUG]: [5]: More variables, requesting index 7
2021-03-30 14:17:25,592 [DEBUG]: Requesting index 7 on port 5
2021-03-30 14:17:25,596 [DEBUG]: Added element [7]
2021-03-30 14:17:25,596 [DEBUG]: [5]: More variables, requesting index 8
2021-03-30 14:17:25,596 [DEBUG]: Requesting index 8 on port 5
2021-03-30 14:17:25,600 [DEBUG]: Added element [8]
2021-03-30 14:17:25,600 [DEBUG]: [5]: More variables, requesting index 9
2021-03-30 14:17:25,601 [DEBUG]: Requesting index 9 on port 5
2021-03-30 14:17:25,604 [DEBUG]: Added element [9]
2021-03-30 14:17:25,604 [DEBUG]: [5]: More variables, requesting index 10
2021-03-30 14:17:25,604 [DEBUG]: Requesting index 10 on port 5
2021-03-30 14:17:25,608 [DEBUG]: Added element [10]
2021-03-30 14:17:25,609 [DEBUG]: [5]: More variables, requesting index 11
2021-03-30 14:17:25,609 [DEBUG]: Requesting index 11 on port 5
2021-03-30 14:17:25,613 [DEBUG]: Added element [11]
2021-03-30 14:17:25,613 [DEBUG]: [5]: More variables, requesting index 12
2021-03-30 14:17:25,614 [DEBUG]: Requesting index 12 on port 5
2021-03-30 14:17:25,617 [DEBUG]: Added element [12]
2021-03-30 14:17:25,617 [DEBUG]: [5]: More variables, requesting index 13
2021-03-30 14:17:25,618 [DEBUG]: Requesting index 13 on port 5
2021-03-30 14:17:25,621 [DEBUG]: Added element [13]
2021-03-30 14:17:25,621 [DEBUG]: [5]: More variables, requesting index 14
2021-03-30 14:17:25,621 [DEBUG]: Requesting index 14 on port 5
2021-03-30 14:17:25,625 [DEBUG]: Added element [14]
2021-03-30 14:17:25,625 [DEBUG]: [5]: More variables, requesting index 15
2021-03-30 14:17:25,625 [DEBUG]: Requesting index 15 on port 5
2021-03-30 14:17:25,629 [DEBUG]: Added element [15]
2021-03-30 14:17:25,629 [DEBUG]: [5]: More variables, requesting index 16
2021-03-30 14:17:25,629 [DEBUG]: Requesting index 16 on port 5
2021-03-30 14:17:25,633 [DEBUG]: Added element [16]
2021-03-30 14:17:25,633 [DEBUG]: [5]: More variables, requesting index 17
2021-03-30 14:17:25,633 [DEBUG]: Requesting index 17 on port 5
2021-03-30 14:17:25,638 [DEBUG]: Added element [17]
2021-03-30 14:17:25,638 [DEBUG]: [5]: More variables, requesting index 18
2021-03-30 14:17:25,638 [DEBUG]: Requesting index 18 on port 5
2021-03-30 14:17:25,642 [DEBUG]: Added element [18]
2021-03-30 14:17:25,643 [DEBUG]: [5]: More variables, requesting index 19
2021-03-30 14:17:25,643 [DEBUG]: Requesting index 19 on port 5
2021-03-30 14:17:25,647 [DEBUG]: Added element [19]
2021-03-30 14:17:25,647 [DEBUG]: [5]: More variables, requesting index 20
2021-03-30 14:17:25,647 [DEBUG]: Requesting index 20 on port 5
2021-03-30 14:17:25,651 [DEBUG]: Added element [20]
2021-03-30 14:17:25,651 [DEBUG]: [5]: More variables, requesting index 21
2021-03-30 14:17:25,651 [DEBUG]: Requesting index 21 on port 5
2021-03-30 14:17:25,655 [DEBUG]: Added element [21]
2021-03-30 14:17:25,655 [DEBUG]: [5]: More variables, requesting index 22
2021-03-30 14:17:25,656 [DEBUG]: Requesting index 22 on port 5
2021-03-30 14:17:25,659 [DEBUG]: Added element [22]
2021-03-30 14:17:25,660 [DEBUG]: [5]: More variables, requesting index 23
2021-03-30 14:17:25,660 [DEBUG]: Requesting index 23 on port 5
2021-03-30 14:17:25,664 [DEBUG]: Added element [23]
2021-03-30 14:17:25,664 [DEBUG]: [5]: More variables, requesting index 24
2021-03-30 14:17:25,664 [DEBUG]: Requesting index 24 on port 5
2021-03-30 14:17:25,668 [DEBUG]: Added element [24]
2021-03-30 14:17:25,668 [DEBUG]: [5]: More variables, requesting index 25
2021-03-30 14:17:25,668 [DEBUG]: Requesting index 25 on port 5
2021-03-30 14:17:25,681 [DEBUG]: Added element [25]
2021-03-30 14:17:25,681 [DEBUG]: [5]: More variables, requesting index 26
2021-03-30 14:17:25,681 [DEBUG]: Requesting index 26 on port 5
2021-03-30 14:17:25,685 [DEBUG]: Added element [26]
2021-03-30 14:17:25,685 [DEBUG]: [5]: More variables, requesting index 27
2021-03-30 14:17:25,685 [DEBUG]: Requesting index 27 on port 5
2021-03-30 14:17:25,689 [DEBUG]: Added element [27]
2021-03-30 14:17:25,689 [DEBUG]: [5]: More variables, requesting index 28
2021-03-30 14:17:25,689 [DEBUG]: Requesting index 28 on port 5
2021-03-30 14:17:25,693 [DEBUG]: Added element [28]
2021-03-30 14:17:25,693 [DEBUG]: [5]: More variables, requesting index 29
2021-03-30 14:17:25,693 [DEBUG]: Requesting index 29 on port 5
2021-03-30 14:17:25,697 [DEBUG]: Added element [29]
2021-03-30 14:17:25,697 [DEBUG]: [5]: More variables, requesting index 30
2021-03-30 14:17:25,697 [DEBUG]: Requesting index 30 on port 5
2021-03-30 14:17:25,701 [DEBUG]: Added element [30]
2021-03-30 14:17:25,701 [DEBUG]: [5]: More variables, requesting index 31
2021-03-30 14:17:25,701 [DEBUG]: Requesting index 31 on port 5
2021-03-30 14:17:25,705 [DEBUG]: Added element [31]
2021-03-30 14:17:25,705 [DEBUG]: [5]: More variables, requesting index 32
2021-03-30 14:17:25,705 [DEBUG]: Requesting index 32 on port 5
2021-03-30 14:17:25,709 [DEBUG]: Added element [32]
2021-03-30 14:17:25,709 [DEBUG]: [5]: More variables, requesting index 33
2021-03-30 14:17:25,710 [DEBUG]: Requesting index 33 on port 5
2021-03-30 14:17:25,714 [DEBUG]: Added element [33]
2021-03-30 14:17:25,715 [DEBUG]: [5]: More variables, requesting index 34
2021-03-30 14:17:25,715 [DEBUG]: Requesting index 34 on port 5
2021-03-30 14:17:25,719 [DEBUG]: Added element [34]
2021-03-30 14:17:25,719 [DEBUG]: [5]: More variables, requesting index 35
2021-03-30 14:17:25,719 [DEBUG]: Requesting index 35 on port 5
2021-03-30 14:17:25,723 [DEBUG]: Added element [35]
2021-03-30 14:17:25,723 [DEBUG]: [5]: More variables, requesting index 36
2021-03-30 14:17:25,723 [DEBUG]: Requesting index 36 on port 5
2021-03-30 14:17:25,727 [DEBUG]: Added element [36]
2021-03-30 14:17:25,727 [DEBUG]: [5]: More variables, requesting index 37
2021-03-30 14:17:25,727 [DEBUG]: Requesting index 37 on port 5
2021-03-30 14:17:25,731 [DEBUG]: Added element [37]
2021-03-30 14:17:25,731 [DEBUG]: [5]: More variables, requesting index 38
2021-03-30 14:17:25,731 [DEBUG]: Requesting index 38 on port 5
2021-03-30 14:17:25,735 [DEBUG]: Added element [38]
2021-03-30 14:17:25,735 [DEBUG]: [5]: More variables, requesting index 39
2021-03-30 14:17:25,735 [DEBUG]: Requesting index 39 on port 5
2021-03-30 14:17:25,739 [DEBUG]: Added element [39]
2021-03-30 14:17:25,739 [DEBUG]: [5]: More variables, requesting index 40
2021-03-30 14:17:25,739 [DEBUG]: Requesting index 40 on port 5
2021-03-30 14:17:25,744 [DEBUG]: Added element [40]
2021-03-30 14:17:25,744 [DEBUG]: [5]: More variables, requesting index 41
2021-03-30 14:17:25,744 [DEBUG]: Requesting index 41 on port 5
2021-03-30 14:17:25,748 [DEBUG]: Added element [41]
2021-03-30 14:17:25,748 [DEBUG]: [5]: More variables, requesting index 42
2021-03-30 14:17:25,748 [DEBUG]: Requesting index 42 on port 5
2021-03-30 14:17:25,752 [DEBUG]: Added element [42]
2021-03-30 14:17:25,752 [DEBUG]: [5]: More variables, requesting index 43
2021-03-30 14:17:25,752 [DEBUG]: Requesting index 43 on port 5
2021-03-30 14:17:25,756 [DEBUG]: Added element [43]
2021-03-30 14:17:25,756 [DEBUG]: [5]: More variables, requesting index 44
2021-03-30 14:17:25,756 [DEBUG]: Requesting index 44 on port 5
2021-03-30 14:17:25,760 [DEBUG]: Added element [44]
2021-03-30 14:17:25,761 [DEBUG]: [5]: More variables, requesting index 45
2021-03-30 14:17:25,761 [DEBUG]: Requesting index 45 on port 5
2021-03-30 14:17:25,765 [DEBUG]: Added element [45]
2021-03-30 14:17:25,765 [DEBUG]: [5]: More variables, requesting index 46
2021-03-30 14:17:25,765 [DEBUG]: Requesting index 46 on port 5
2021-03-30 14:17:25,769 [DEBUG]: Added element [46]
2021-03-30 14:17:25,769 [DEBUG]: [5]: More variables, requesting index 47
2021-03-30 14:17:25,769 [DEBUG]: Requesting index 47 on port 5
2021-03-30 14:17:25,774 [DEBUG]: Added element [47]
2021-03-30 14:17:25,774 [DEBUG]: [5]: More variables, requesting index 48
2021-03-30 14:17:25,774 [DEBUG]: Requesting index 48 on port 5
2021-03-30 14:17:25,779 [DEBUG]: Added element [48]
2021-03-30 14:17:25,779 [DEBUG]: [5]: More variables, requesting index 49
2021-03-30 14:17:25,779 [DEBUG]: Requesting index 49 on port 5
2021-03-30 14:17:25,784 [DEBUG]: Added element [49]
2021-03-30 14:17:25,784 [DEBUG]: [5]: More variables, requesting index 50
2021-03-30 14:17:25,784 [DEBUG]: Requesting index 50 on port 5
2021-03-30 14:17:25,788 [DEBUG]: Added element [50]
2021-03-30 14:17:25,788 [DEBUG]: [5]: More variables, requesting index 51
2021-03-30 14:17:25,788 [DEBUG]: Requesting index 51 on port 5
2021-03-30 14:17:25,793 [DEBUG]: Added element [51]
2021-03-30 14:17:25,793 [DEBUG]: [5]: More variables, requesting index 52
2021-03-30 14:17:25,793 [DEBUG]: Requesting index 52 on port 5
2021-03-30 14:17:25,807 [DEBUG]: Added element [52]
2021-03-30 14:17:25,807 [DEBUG]: [5]: More variables, requesting index 53
2021-03-30 14:17:25,807 [DEBUG]: Requesting index 53 on port 5
2021-03-30 14:17:25,811 [DEBUG]: Added element [53]
2021-03-30 14:17:25,811 [DEBUG]: [5]: More variables, requesting index 54
2021-03-30 14:17:25,811 [DEBUG]: Requesting index 54 on port 5
2021-03-30 14:17:25,816 [DEBUG]: Added element [54]
2021-03-30 14:17:25,816 [DEBUG]: [5]: More variables, requesting index 55
2021-03-30 14:17:25,816 [DEBUG]: Requesting index 55 on port 5
2021-03-30 14:17:25,820 [DEBUG]: Added element [55]
2021-03-30 14:17:25,820 [DEBUG]: [5]: More variables, requesting index 56
2021-03-30 14:17:25,820 [DEBUG]: Requesting index 56 on port 5
2021-03-30 14:17:25,825 [DEBUG]: Added element [56]
2021-03-30 14:17:25,825 [DEBUG]: [5]: More variables, requesting index 57
2021-03-30 14:17:25,825 [DEBUG]: Requesting index 57 on port 5
2021-03-30 14:17:25,829 [DEBUG]: Added element [57]
2021-03-30 14:17:25,829 [DEBUG]: [5]: More variables, requesting index 58
2021-03-30 14:17:25,829 [DEBUG]: Requesting index 58 on port 5
2021-03-30 14:17:25,833 [DEBUG]: Added element [58]
2021-03-30 14:17:25,834 [DEBUG]: [5]: More variables, requesting index 59
2021-03-30 14:17:25,834 [DEBUG]: Requesting index 59 on port 5
2021-03-30 14:17:25,838 [DEBUG]: Added element [59]
2021-03-30 14:17:25,838 [DEBUG]: [5]: More variables, requesting index 60
2021-03-30 14:17:25,838 [DEBUG]: Requesting index 60 on port 5
2021-03-30 14:17:25,842 [DEBUG]: Added element [60]
2021-03-30 14:17:25,842 [DEBUG]: [5]: More variables, requesting index 61
2021-03-30 14:17:25,842 [DEBUG]: Requesting index 61 on port 5
2021-03-30 14:17:25,846 [DEBUG]: Added element [61]
2021-03-30 14:17:25,846 [DEBUG]: [5]: More variables, requesting index 62
2021-03-30 14:17:25,846 [DEBUG]: Requesting index 62 on port 5
2021-03-30 14:17:25,851 [DEBUG]: Added element [62]
2021-03-30 14:17:25,851 [DEBUG]: [5]: More variables, requesting index 63
2021-03-30 14:17:25,851 [DEBUG]: Requesting index 63 on port 5
2021-03-30 14:17:25,855 [DEBUG]: Added element [63]
2021-03-30 14:17:25,855 [DEBUG]: [5]: More variables, requesting index 64
2021-03-30 14:17:25,855 [DEBUG]: Requesting index 64 on port 5
2021-03-30 14:17:25,859 [DEBUG]: Added element [64]
2021-03-30 14:17:25,859 [DEBUG]: [5]: More variables, requesting index 65
2021-03-30 14:17:25,859 [DEBUG]: Requesting index 65 on port 5
2021-03-30 14:17:25,864 [DEBUG]: Added element [65]
2021-03-30 14:17:25,864 [DEBUG]: [5]: More variables, requesting index 66
2021-03-30 14:17:25,864 [DEBUG]: Requesting index 66 on port 5
2021-03-30 14:17:25,868 [DEBUG]: Added element [66]
2021-03-30 14:17:25,868 [DEBUG]: [5]: More variables, requesting index 67
2021-03-30 14:17:25,868 [DEBUG]: Requesting index 67 on port 5
2021-03-30 14:17:25,873 [DEBUG]: Added element [67]
2021-03-30 14:17:25,873 [DEBUG]: [5]: More variables, requesting index 68
2021-03-30 14:17:25,873 [DEBUG]: Requesting index 68 on port 5
2021-03-30 14:17:25,877 [DEBUG]: Added element [68]
2021-03-30 14:17:25,877 [DEBUG]: [5]: More variables, requesting index 69
2021-03-30 14:17:25,877 [DEBUG]: Requesting index 69 on port 5
2021-03-30 14:17:25,881 [DEBUG]: Added element [69]
2021-03-30 14:17:25,881 [DEBUG]: [5]: More variables, requesting index 70
2021-03-30 14:17:25,881 [DEBUG]: Requesting index 70 on port 5
2021-03-30 14:17:25,885 [DEBUG]: Added element [70]
2021-03-30 14:17:25,885 [DEBUG]: [5]: More variables, requesting index 71
2021-03-30 14:17:25,885 [DEBUG]: Requesting index 71 on port 5
2021-03-30 14:17:25,890 [DEBUG]: Added element [71]
2021-03-30 14:17:25,890 [DEBUG]: [5]: More variables, requesting index 72
2021-03-30 14:17:25,890 [DEBUG]: Requesting index 72 on port 5
2021-03-30 14:17:25,894 [DEBUG]: Added element [72]
2021-03-30 14:17:25,894 [DEBUG]: [5]: More variables, requesting index 73
2021-03-30 14:17:25,894 [DEBUG]: Requesting index 73 on port 5
2021-03-30 14:17:25,898 [DEBUG]: Added element [73]
2021-03-30 14:17:25,898 [DEBUG]: [5]: More variables, requesting index 74
2021-03-30 14:17:25,898 [DEBUG]: Requesting index 74 on port 5
2021-03-30 14:17:25,902 [DEBUG]: Added element [74]
2021-03-30 14:17:25,902 [DEBUG]: [5]: More variables, requesting index 75
2021-03-30 14:17:25,902 [DEBUG]: Requesting index 75 on port 5
2021-03-30 14:17:25,906 [DEBUG]: Added element [75]
2021-03-30 14:17:25,906 [DEBUG]: [5]: More variables, requesting index 76
2021-03-30 14:17:25,906 [DEBUG]: Requesting index 76 on port 5
2021-03-30 14:17:25,910 [DEBUG]: Added element [76]
2021-03-30 14:17:25,910 [DEBUG]: [5]: More variables, requesting index 77
2021-03-30 14:17:25,910 [DEBUG]: Requesting index 77 on port 5
2021-03-30 14:17:25,914 [DEBUG]: Added element [77]
2021-03-30 14:17:25,914 [DEBUG]: [5]: More variables, requesting index 78
2021-03-30 14:17:25,914 [DEBUG]: Requesting index 78 on port 5
2021-03-30 14:17:25,918 [DEBUG]: Added element [78]
2021-03-30 14:17:25,919 [DEBUG]: [5]: More variables, requesting index 79
2021-03-30 14:17:25,919 [DEBUG]: Requesting index 79 on port 5
2021-03-30 14:17:25,932 [DEBUG]: Added element [79]
2021-03-30 14:17:25,932 [DEBUG]: [5]: More variables, requesting index 80
2021-03-30 14:17:25,932 [DEBUG]: Requesting index 80 on port 5
2021-03-30 14:17:25,936 [DEBUG]: Added element [80]
2021-03-30 14:17:25,936 [DEBUG]: [5]: More variables, requesting index 81
2021-03-30 14:17:25,936 [DEBUG]: Requesting index 81 on port 5
2021-03-30 14:17:25,940 [DEBUG]: Added element [81]
2021-03-30 14:17:25,940 [DEBUG]: [5]: More variables, requesting index 82
2021-03-30 14:17:25,941 [DEBUG]: Requesting index 82 on port 5
2021-03-30 14:17:25,945 [DEBUG]: Added element [82]
2021-03-30 14:17:25,945 [DEBUG]: [5]: More variables, requesting index 83
2021-03-30 14:17:25,945 [DEBUG]: Requesting index 83 on port 5
2021-03-30 14:17:25,949 [DEBUG]: Added element [83]
2021-03-30 14:17:25,949 [DEBUG]: [5]: More variables, requesting index 84
2021-03-30 14:17:25,949 [DEBUG]: Requesting index 84 on port 5
2021-03-30 14:17:25,953 [DEBUG]: Added element [84]
2021-03-30 14:17:25,953 [DEBUG]: [5]: More variables, requesting index 85
2021-03-30 14:17:25,954 [DEBUG]: Requesting index 85 on port 5
2021-03-30 14:17:25,958 [DEBUG]: Added element [85]
2021-03-30 14:17:25,958 [DEBUG]: [5]: More variables, requesting index 86
2021-03-30 14:17:25,958 [DEBUG]: Requesting index 86 on port 5
2021-03-30 14:17:25,962 [DEBUG]: Added element [86]
2021-03-30 14:17:25,962 [DEBUG]: [5]: More variables, requesting index 87
2021-03-30 14:17:25,962 [DEBUG]: Requesting index 87 on port 5
2021-03-30 14:17:25,966 [DEBUG]: Added element [87]
2021-03-30 14:17:25,966 [DEBUG]: [5]: More variables, requesting index 88
2021-03-30 14:17:25,966 [DEBUG]: Requesting index 88 on port 5
2021-03-30 14:17:25,971 [DEBUG]: Added element [88]
2021-03-30 14:17:25,971 [DEBUG]: [5]: More variables, requesting index 89
2021-03-30 14:17:25,971 [DEBUG]: Requesting index 89 on port 5
2021-03-30 14:17:25,975 [DEBUG]: Added element [89]
2021-03-30 14:17:25,975 [DEBUG]: [5]: More variables, requesting index 90
2021-03-30 14:17:25,975 [DEBUG]: Requesting index 90 on port 5
2021-03-30 14:17:25,979 [DEBUG]: Added element [90]
2021-03-30 14:17:25,979 [DEBUG]: [5]: More variables, requesting index 91
2021-03-30 14:17:25,979 [DEBUG]: Requesting index 91 on port 5
2021-03-30 14:17:25,984 [DEBUG]: Added element [91]
2021-03-30 14:17:25,984 [DEBUG]: [5]: More variables, requesting index 92
2021-03-30 14:17:25,984 [DEBUG]: Requesting index 92 on port 5
2021-03-30 14:17:25,988 [DEBUG]: Added element [92]
2021-03-30 14:17:25,988 [DEBUG]: [5]: More variables, requesting index 93
2021-03-30 14:17:25,988 [DEBUG]: Requesting index 93 on port 5
2021-03-30 14:17:25,992 [DEBUG]: Added element [93]
2021-03-30 14:17:25,992 [DEBUG]: [5]: More variables, requesting index 94
2021-03-30 14:17:25,992 [DEBUG]: Requesting index 94 on port 5
2021-03-30 14:17:25,996 [DEBUG]: Added element [94]
2021-03-30 14:17:25,996 [DEBUG]: [5]: More variables, requesting index 95
2021-03-30 14:17:25,996 [DEBUG]: Requesting index 95 on port 5
2021-03-30 14:17:26,000 [DEBUG]: Added element [95]
2021-03-30 14:17:26,001 [DEBUG]: [5]: More variables, requesting index 96
2021-03-30 14:17:26,001 [DEBUG]: Requesting index 96 on port 5
2021-03-30 14:17:26,005 [DEBUG]: Added element [96]
2021-03-30 14:17:26,005 [DEBUG]: [5]: More variables, requesting index 97
2021-03-30 14:17:26,005 [DEBUG]: Requesting index 97 on port 5
2021-03-30 14:17:26,009 [DEBUG]: Added element [97]
2021-03-30 14:17:26,009 [DEBUG]: [5]: More variables, requesting index 98
2021-03-30 14:17:26,009 [DEBUG]: Requesting index 98 on port 5
2021-03-30 14:17:26,013 [DEBUG]: Added element [98]
2021-03-30 14:17:26,014 [DEBUG]: [5]: More variables, requesting index 99
2021-03-30 14:17:26,014 [DEBUG]: Requesting index 99 on port 5
2021-03-30 14:17:26,018 [DEBUG]: Added element [99]
2021-03-30 14:17:26,018 [DEBUG]: [5]: More variables, requesting index 100
2021-03-30 14:17:26,018 [DEBUG]: Requesting index 100 on port 5
2021-03-30 14:17:26,022 [DEBUG]: Added element [100]
2021-03-30 14:17:26,022 [DEBUG]: [5]: More variables, requesting index 101
2021-03-30 14:17:26,022 [DEBUG]: Requesting index 101 on port 5
2021-03-30 14:17:26,026 [DEBUG]: Added element [101]
2021-03-30 14:17:26,026 [DEBUG]: [5]: More variables, requesting index 102
2021-03-30 14:17:26,026 [DEBUG]: Requesting index 102 on port 5
2021-03-30 14:17:26,029 [DEBUG]: Added element [102]
2021-03-30 14:17:26,029 [DEBUG]: [5]: More variables, requesting index 103
2021-03-30 14:17:26,029 [DEBUG]: Requesting index 103 on port 5
2021-03-30 14:17:26,034 [DEBUG]: Added element [103]
2021-03-30 14:17:26,034 [DEBUG]: [5]: More variables, requesting index 104
2021-03-30 14:17:26,034 [DEBUG]: Requesting index 104 on port 5
2021-03-30 14:17:26,038 [DEBUG]: Added element [104]
2021-03-30 14:17:26,038 [DEBUG]: [5]: More variables, requesting index 105
2021-03-30 14:17:26,039 [DEBUG]: Requesting index 105 on port 5
2021-03-30 14:17:26,043 [DEBUG]: Added element [105]
2021-03-30 14:17:26,043 [DEBUG]: [5]: More variables, requesting index 106
2021-03-30 14:17:26,044 [DEBUG]: Requesting index 106 on port 5
2021-03-30 14:17:26,048 [DEBUG]: Added element [106]
2021-03-30 14:17:26,048 [DEBUG]: [5]: More variables, requesting index 107
2021-03-30 14:17:26,048 [DEBUG]: Requesting index 107 on port 5
2021-03-30 14:17:26,052 [DEBUG]: Added element [107]
2021-03-30 14:17:26,052 [DEBUG]: [5]: More variables, requesting index 108
2021-03-30 14:17:26,052 [DEBUG]: Requesting index 108 on port 5
2021-03-30 14:17:26,066 [DEBUG]: Added element [108]
2021-03-30 14:17:26,066 [DEBUG]: [5]: More variables, requesting index 109
2021-03-30 14:17:26,066 [DEBUG]: Requesting index 109 on port 5
2021-03-30 14:17:26,070 [DEBUG]: Added element [109]
2021-03-30 14:17:26,070 [DEBUG]: [5]: More variables, requesting index 110
2021-03-30 14:17:26,070 [DEBUG]: Requesting index 110 on port 5
2021-03-30 14:17:26,074 [DEBUG]: Added element [110]
2021-03-30 14:17:26,075 [DEBUG]: [5]: More variables, requesting index 111
2021-03-30 14:17:26,075 [DEBUG]: Requesting index 111 on port 5
2021-03-30 14:17:26,079 [DEBUG]: Added element [111]
2021-03-30 14:17:26,079 [DEBUG]: [5]: More variables, requesting index 112
2021-03-30 14:17:26,079 [DEBUG]: Requesting index 112 on port 5
2021-03-30 14:17:26,083 [DEBUG]: Added element [112]
2021-03-30 14:17:26,083 [DEBUG]: [5]: More variables, requesting index 113
2021-03-30 14:17:26,083 [DEBUG]: Requesting index 113 on port 5
2021-03-30 14:17:26,087 [DEBUG]: Added element [113]
2021-03-30 14:17:26,087 [DEBUG]: [5]: More variables, requesting index 114
2021-03-30 14:17:26,088 [DEBUG]: Requesting index 114 on port 5
2021-03-30 14:17:26,091 [DEBUG]: Added element [114]
2021-03-30 14:17:26,091 [DEBUG]: [5]: More variables, requesting index 115
2021-03-30 14:17:26,091 [DEBUG]: Requesting index 115 on port 5
2021-03-30 14:17:26,095 [DEBUG]: Added element [115]
2021-03-30 14:17:26,095 [DEBUG]: [5]: More variables, requesting index 116
2021-03-30 14:17:26,095 [DEBUG]: Requesting index 116 on port 5
2021-03-30 14:17:26,099 [DEBUG]: Added element [116]
2021-03-30 14:17:26,100 [DEBUG]: [5]: More variables, requesting index 117
2021-03-30 14:17:26,100 [DEBUG]: Requesting index 117 on port 5
2021-03-30 14:17:26,104 [DEBUG]: Added element [117]
2021-03-30 14:17:26,104 [DEBUG]: [5]: More variables, requesting index 118
2021-03-30 14:17:26,104 [DEBUG]: Requesting index 118 on port 5
2021-03-30 14:17:26,108 [DEBUG]: Added element [118]
2021-03-30 14:17:26,108 [DEBUG]: [5]: More variables, requesting index 119
2021-03-30 14:17:26,108 [DEBUG]: Requesting index 119 on port 5
2021-03-30 14:17:26,113 [DEBUG]: Added element [119]
2021-03-30 14:17:26,113 [DEBUG]: [5]: More variables, requesting index 120
2021-03-30 14:17:26,113 [DEBUG]: Requesting index 120 on port 5
2021-03-30 14:17:26,117 [DEBUG]: Added element [120]
2021-03-30 14:17:26,117 [DEBUG]: [5]: More variables, requesting index 121
2021-03-30 14:17:26,117 [DEBUG]: Requesting index 121 on port 5
2021-03-30 14:17:26,122 [DEBUG]: Added element [121]
2021-03-30 14:17:26,122 [DEBUG]: [5]: More variables, requesting index 122
2021-03-30 14:17:26,122 [DEBUG]: Requesting index 122 on port 5
2021-03-30 14:17:26,126 [DEBUG]: Added element [122]
2021-03-30 14:17:26,126 [DEBUG]: [5]: More variables, requesting index 123
2021-03-30 14:17:26,127 [DEBUG]: Requesting index 123 on port 5
2021-03-30 14:17:26,131 [DEBUG]: Added element [123]
2021-03-30 14:17:26,131 [DEBUG]: [5]: More variables, requesting index 124
2021-03-30 14:17:26,131 [DEBUG]: Requesting index 124 on port 5
2021-03-30 14:17:26,135 [DEBUG]: Added element [124]
2021-03-30 14:17:26,135 [DEBUG]: [5]: More variables, requesting index 125
2021-03-30 14:17:26,135 [DEBUG]: Requesting index 125 on port 5
2021-03-30 14:17:26,139 [DEBUG]: Added element [125]
2021-03-30 14:17:26,140 [DEBUG]: [5]: More variables, requesting index 126
2021-03-30 14:17:26,140 [DEBUG]: Requesting index 126 on port 5
2021-03-30 14:17:26,144 [DEBUG]: Added element [126]
2021-03-30 14:17:26,144 [DEBUG]: [5]: More variables, requesting index 127
2021-03-30 14:17:26,144 [DEBUG]: Requesting index 127 on port 5
2021-03-30 14:17:26,148 [DEBUG]: Added element [127]
2021-03-30 14:17:26,149 [DEBUG]: [5]: More variables, requesting index 128
2021-03-30 14:17:26,149 [DEBUG]: Requesting index 128 on port 5
2021-03-30 14:17:26,153 [DEBUG]: Added element [128]
2021-03-30 14:17:26,153 [DEBUG]: [5]: More variables, requesting index 129
2021-03-30 14:17:26,153 [DEBUG]: Requesting index 129 on port 5
2021-03-30 14:17:26,157 [DEBUG]: Added element [129]
2021-03-30 14:17:26,157 [DEBUG]: [5]: More variables, requesting index 130
2021-03-30 14:17:26,157 [DEBUG]: Requesting index 130 on port 5
2021-03-30 14:17:26,162 [DEBUG]: Added element [130]
2021-03-30 14:17:26,162 [DEBUG]: [5]: More variables, requesting index 131
2021-03-30 14:17:26,162 [DEBUG]: Requesting index 131 on port 5
2021-03-30 14:17:26,166 [DEBUG]: Added element [131]
2021-03-30 14:17:26,166 [DEBUG]: [5]: More variables, requesting index 132
2021-03-30 14:17:26,166 [DEBUG]: Requesting index 132 on port 5
2021-03-30 14:17:26,170 [DEBUG]: Added element [132]
2021-03-30 14:17:26,170 [DEBUG]: [5]: More variables, requesting index 133
2021-03-30 14:17:26,171 [DEBUG]: Requesting index 133 on port 5
2021-03-30 14:17:26,175 [DEBUG]: Added element [133]
2021-03-30 14:17:26,175 [DEBUG]: [5]: More variables, requesting index 134
2021-03-30 14:17:26,175 [DEBUG]: Requesting index 134 on port 5
2021-03-30 14:17:26,179 [DEBUG]: Added element [134]
2021-03-30 14:17:26,179 [DEBUG]: [5]: More variables, requesting index 135
2021-03-30 14:17:26,179 [DEBUG]: Requesting index 135 on port 5
2021-03-30 14:17:26,183 [DEBUG]: Added element [135]
2021-03-30 14:17:26,184 [DEBUG]: [5]: More variables, requesting index 136
2021-03-30 14:17:26,184 [DEBUG]: Requesting index 136 on port 5
2021-03-30 14:17:26,188 [DEBUG]: Added element [136]
2021-03-30 14:17:26,188 [DEBUG]: [5]: More variables, requesting index 137
2021-03-30 14:17:26,188 [DEBUG]: Requesting index 137 on port 5
2021-03-30 14:17:26,201 [DEBUG]: Added element [137]
2021-03-30 14:17:26,202 [DEBUG]: [5]: More variables, requesting index 138
2021-03-30 14:17:26,202 [DEBUG]: Requesting index 138 on port 5
2021-03-30 14:17:26,206 [DEBUG]: Added element [138]
2021-03-30 14:17:26,206 [DEBUG]: [5]: More variables, requesting index 139
2021-03-30 14:17:26,206 [DEBUG]: Requesting index 139 on port 5
2021-03-30 14:17:26,210 [DEBUG]: Added element [139]
2021-03-30 14:17:26,211 [DEBUG]: [5]: More variables, requesting index 140
2021-03-30 14:17:26,211 [DEBUG]: Requesting index 140 on port 5
2021-03-30 14:17:26,215 [DEBUG]: Added element [140]
2021-03-30 14:17:26,215 [DEBUG]: [5]: More variables, requesting index 141
2021-03-30 14:17:26,215 [DEBUG]: Requesting index 141 on port 5
2021-03-30 14:17:26,219 [DEBUG]: Added element [141]
2021-03-30 14:17:26,219 [DEBUG]: [5]: More variables, requesting index 142
2021-03-30 14:17:26,219 [DEBUG]: Requesting index 142 on port 5
2021-03-30 14:17:26,223 [DEBUG]: Added element [142]
2021-03-30 14:17:26,224 [DEBUG]: [5]: More variables, requesting index 143
2021-03-30 14:17:26,224 [DEBUG]: Requesting index 143 on port 5
2021-03-30 14:17:26,228 [DEBUG]: Added element [143]
2021-03-30 14:17:26,228 [DEBUG]: [5]: More variables, requesting index 144
2021-03-30 14:17:26,228 [DEBUG]: Requesting index 144 on port 5
2021-03-30 14:17:26,232 [DEBUG]: Added element [144]
2021-03-30 14:17:26,232 [DEBUG]: [5]: More variables, requesting index 145
2021-03-30 14:17:26,232 [DEBUG]: Requesting index 145 on port 5
2021-03-30 14:17:26,236 [DEBUG]: Added element [145]
2021-03-30 14:17:26,236 [DEBUG]: [5]: More variables, requesting index 146
2021-03-30 14:17:26,236 [DEBUG]: Requesting index 146 on port 5
2021-03-30 14:17:26,240 [DEBUG]: Added element [146]
2021-03-30 14:17:26,241 [DEBUG]: [5]: More variables, requesting index 147
2021-03-30 14:17:26,241 [DEBUG]: Requesting index 147 on port 5
2021-03-30 14:17:26,245 [DEBUG]: Added element [147]
2021-03-30 14:17:26,245 [DEBUG]: [5]: More variables, requesting index 148
2021-03-30 14:17:26,245 [DEBUG]: Requesting index 148 on port 5
2021-03-30 14:17:26,250 [DEBUG]: Added element [148]
2021-03-30 14:17:26,250 [DEBUG]: [5]: More variables, requesting index 149
2021-03-30 14:17:26,250 [DEBUG]: Requesting index 149 on port 5
2021-03-30 14:17:26,254 [DEBUG]: Added element [149]
2021-03-30 14:17:26,254 [DEBUG]: [5]: More variables, requesting index 150
2021-03-30 14:17:26,254 [DEBUG]: Requesting index 150 on port 5
2021-03-30 14:17:26,258 [DEBUG]: Added element [150]
2021-03-30 14:17:26,259 [DEBUG]: [5]: More variables, requesting index 151
2021-03-30 14:17:26,259 [DEBUG]: Requesting index 151 on port 5
2021-03-30 14:17:26,263 [DEBUG]: Added element [151]
2021-03-30 14:17:26,263 [DEBUG]: [5]: More variables, requesting index 152
2021-03-30 14:17:26,263 [DEBUG]: Requesting index 152 on port 5
2021-03-30 14:17:26,267 [DEBUG]: Added element [152]
2021-03-30 14:17:26,267 [DEBUG]: [5]: More variables, requesting index 153
2021-03-30 14:17:26,267 [DEBUG]: Requesting index 153 on port 5
2021-03-30 14:17:26,271 [DEBUG]: Added element [153]
2021-03-30 14:17:26,271 [DEBUG]: [5]: More variables, requesting index 154
2021-03-30 14:17:26,271 [DEBUG]: Requesting index 154 on port 5
2021-03-30 14:17:26,276 [DEBUG]: Added element [154]
2021-03-30 14:17:26,276 [DEBUG]: [5]: More variables, requesting index 155
2021-03-30 14:17:26,276 [DEBUG]: Requesting index 155 on port 5
2021-03-30 14:17:26,280 [DEBUG]: Added element [155]
2021-03-30 14:17:26,281 [DEBUG]: [5]: More variables, requesting index 156
2021-03-30 14:17:26,281 [DEBUG]: Requesting index 156 on port 5
2021-03-30 14:17:26,285 [DEBUG]: Added element [156]
2021-03-30 14:17:26,285 [DEBUG]: [5]: More variables, requesting index 157
2021-03-30 14:17:26,285 [DEBUG]: Requesting index 157 on port 5
2021-03-30 14:17:26,289 [DEBUG]: Added element [157]
2021-03-30 14:17:26,289 [DEBUG]: [5]: More variables, requesting index 158
2021-03-30 14:17:26,290 [DEBUG]: Requesting index 158 on port 5
2021-03-30 14:17:26,294 [DEBUG]: Added element [158]
2021-03-30 14:17:26,294 [DEBUG]: [5]: More variables, requesting index 159
2021-03-30 14:17:26,294 [DEBUG]: Requesting index 159 on port 5
2021-03-30 14:17:26,298 [DEBUG]: Added element [159]
2021-03-30 14:17:26,298 [DEBUG]: [5]: More variables, requesting index 160
2021-03-30 14:17:26,298 [DEBUG]: Requesting index 160 on port 5
2021-03-30 14:17:26,301 [DEBUG]: Added element [160]
2021-03-30 14:17:26,301 [DEBUG]: [5]: More variables, requesting index 161
2021-03-30 14:17:26,301 [DEBUG]: Requesting index 161 on port 5
2021-03-30 14:17:26,306 [DEBUG]: Added element [161]
2021-03-30 14:17:26,306 [DEBUG]: [5]: More variables, requesting index 162
2021-03-30 14:17:26,306 [DEBUG]: Requesting index 162 on port 5
2021-03-30 14:17:26,310 [DEBUG]: Added element [162]
2021-03-30 14:17:26,310 [DEBUG]: [5]: More variables, requesting index 163
2021-03-30 14:17:26,310 [DEBUG]: Requesting index 163 on port 5
2021-03-30 14:17:26,314 [DEBUG]: Added element [163]
2021-03-30 14:17:26,315 [DEBUG]: [5]: More variables, requesting index 164
2021-03-30 14:17:26,315 [DEBUG]: Requesting index 164 on port 5
2021-03-30 14:17:26,327 [DEBUG]: Added element [164]
2021-03-30 14:17:26,327 [DEBUG]: [5]: More variables, requesting index 165
2021-03-30 14:17:26,327 [DEBUG]: Requesting index 165 on port 5
2021-03-30 14:17:26,331 [DEBUG]: Added element [165]
2021-03-30 14:17:26,331 [DEBUG]: [5]: More variables, requesting index 166
2021-03-30 14:17:26,331 [DEBUG]: Requesting index 166 on port 5
2021-03-30 14:17:26,335 [DEBUG]: Added element [166]
2021-03-30 14:17:26,335 [DEBUG]: [5]: More variables, requesting index 167
2021-03-30 14:17:26,335 [DEBUG]: Requesting index 167 on port 5
2021-03-30 14:17:26,339 [DEBUG]: Added element [167]
2021-03-30 14:17:26,339 [DEBUG]: [5]: More variables, requesting index 168
2021-03-30 14:17:26,339 [DEBUG]: Requesting index 168 on port 5
2021-03-30 14:17:26,343 [DEBUG]: Added element [168]
2021-03-30 14:17:26,343 [DEBUG]: [5]: More variables, requesting index 169
2021-03-30 14:17:26,343 [DEBUG]: Requesting index 169 on port 5
2021-03-30 14:17:26,347 [DEBUG]: Added element [169]
2021-03-30 14:17:26,347 [DEBUG]: [5]: More variables, requesting index 170
2021-03-30 14:17:26,347 [DEBUG]: Requesting index 170 on port 5
2021-03-30 14:17:26,352 [DEBUG]: Added element [170]
2021-03-30 14:17:26,352 [DEBUG]: [5]: More variables, requesting index 171
2021-03-30 14:17:26,352 [DEBUG]: Requesting index 171 on port 5
2021-03-30 14:17:26,356 [DEBUG]: Added element [171]
2021-03-30 14:17:26,356 [DEBUG]: [5]: More variables, requesting index 172
2021-03-30 14:17:26,356 [DEBUG]: Requesting index 172 on port 5
2021-03-30 14:17:26,360 [DEBUG]: Added element [172]
2021-03-30 14:17:26,360 [DEBUG]: [5]: More variables, requesting index 173
2021-03-30 14:17:26,360 [DEBUG]: Requesting index 173 on port 5
2021-03-30 14:17:26,364 [DEBUG]: Added element [173]
2021-03-30 14:17:26,364 [DEBUG]: [5]: More variables, requesting index 174
2021-03-30 14:17:26,364 [DEBUG]: Requesting index 174 on port 5
2021-03-30 14:17:26,369 [DEBUG]: Added element [174]
2021-03-30 14:17:26,369 [DEBUG]: [5]: More variables, requesting index 175
2021-03-30 14:17:26,369 [DEBUG]: Requesting index 175 on port 5
2021-03-30 14:17:26,373 [DEBUG]: Added element [175]
2021-03-30 14:17:26,373 [DEBUG]: [5]: More variables, requesting index 176
2021-03-30 14:17:26,373 [DEBUG]: Requesting index 176 on port 5
2021-03-30 14:17:26,377 [DEBUG]: Added element [176]
2021-03-30 14:17:26,377 [DEBUG]: [5]: More variables, requesting index 177
2021-03-30 14:17:26,377 [DEBUG]: Requesting index 177 on port 5
2021-03-30 14:17:26,382 [DEBUG]: Added element [177]
2021-03-30 14:17:26,382 [DEBUG]: [5]: More variables, requesting index 178
2021-03-30 14:17:26,382 [DEBUG]: Requesting index 178 on port 5
2021-03-30 14:17:26,386 [DEBUG]: Added element [178]
2021-03-30 14:17:26,386 [DEBUG]: [5]: More variables, requesting index 179
2021-03-30 14:17:26,386 [DEBUG]: Requesting index 179 on port 5
2021-03-30 14:17:26,391 [DEBUG]: Added element [179]
2021-03-30 14:17:26,391 [DEBUG]: [5]: More variables, requesting index 180
2021-03-30 14:17:26,391 [DEBUG]: Requesting index 180 on port 5
2021-03-30 14:17:26,395 [DEBUG]: Added element [180]
2021-03-30 14:17:26,395 [DEBUG]: [5]: More variables, requesting index 181
2021-03-30 14:17:26,395 [DEBUG]: Requesting index 181 on port 5
2021-03-30 14:17:26,400 [DEBUG]: Added element [181]
2021-03-30 14:17:26,400 [DEBUG]: [5]: More variables, requesting index 182
2021-03-30 14:17:26,400 [DEBUG]: Requesting index 182 on port 5
2021-03-30 14:17:26,404 [DEBUG]: Added element [182]
2021-03-30 14:17:26,404 [DEBUG]: [5]: More variables, requesting index 183
2021-03-30 14:17:26,404 [DEBUG]: Requesting index 183 on port 5
2021-03-30 14:17:26,408 [DEBUG]: Added element [183]
2021-03-30 14:17:26,408 [DEBUG]: [5]: More variables, requesting index 184
2021-03-30 14:17:26,408 [DEBUG]: Requesting index 184 on port 5
2021-03-30 14:17:26,412 [DEBUG]: Added element [184]
2021-03-30 14:17:26,412 [DEBUG]: [5]: More variables, requesting index 185
2021-03-30 14:17:26,412 [DEBUG]: Requesting index 185 on port 5
2021-03-30 14:17:26,416 [DEBUG]: Added element [185]
2021-03-30 14:17:26,417 [DEBUG]: [5]: More variables, requesting index 186
2021-03-30 14:17:26,417 [DEBUG]: Requesting index 186 on port 5
2021-03-30 14:17:26,421 [DEBUG]: Added element [186]
2021-03-30 14:17:26,421 [DEBUG]: [5]: More variables, requesting index 187
2021-03-30 14:17:26,421 [DEBUG]: Requesting index 187 on port 5
2021-03-30 14:17:26,425 [DEBUG]: Added element [187]
2021-03-30 14:17:26,425 [DEBUG]: [5]: More variables, requesting index 188
2021-03-30 14:17:26,425 [DEBUG]: Requesting index 188 on port 5
2021-03-30 14:17:26,429 [DEBUG]: Added element [188]
2021-03-30 14:17:26,429 [DEBUG]: [5]: More variables, requesting index 189
2021-03-30 14:17:26,429 [DEBUG]: Requesting index 189 on port 5
2021-03-30 14:17:26,433 [DEBUG]: Added element [189]
2021-03-30 14:17:26,433 [DEBUG]: [5]: More variables, requesting index 190
2021-03-30 14:17:26,433 [DEBUG]: Requesting index 190 on port 5
2021-03-30 14:17:26,436 [DEBUG]: Added element [190]
2021-03-30 14:17:26,436 [DEBUG]: [5]: More variables, requesting index 191
2021-03-30 14:17:26,436 [DEBUG]: Requesting index 191 on port 5
2021-03-30 14:17:26,441 [DEBUG]: Added element [191]
2021-03-30 14:17:26,441 [DEBUG]: [5]: More variables, requesting index 192
2021-03-30 14:17:26,441 [DEBUG]: Requesting index 192 on port 5
2021-03-30 14:17:26,454 [DEBUG]: Added element [192]
2021-03-30 14:17:26,454 [DEBUG]: [5]: More variables, requesting index 193
2021-03-30 14:17:26,454 [DEBUG]: Requesting index 193 on port 5
2021-03-30 14:17:26,458 [DEBUG]: Added element [193]
2021-03-30 14:17:26,458 [DEBUG]: [5]: More variables, requesting index 194
2021-03-30 14:17:26,458 [DEBUG]: Requesting index 194 on port 5
2021-03-30 14:17:26,463 [DEBUG]: Added element [194]
2021-03-30 14:17:26,463 [DEBUG]: [5]: More variables, requesting index 195
2021-03-30 14:17:26,463 [DEBUG]: Requesting index 195 on port 5
2021-03-30 14:17:26,467 [DEBUG]: Added element [195]
2021-03-30 14:17:26,467 [DEBUG]: [5]: More variables, requesting index 196
2021-03-30 14:17:26,467 [DEBUG]: Requesting index 196 on port 5
2021-03-30 14:17:26,471 [DEBUG]: Added element [196]
2021-03-30 14:17:26,471 [DEBUG]: [5]: More variables, requesting index 197
2021-03-30 14:17:26,471 [DEBUG]: Requesting index 197 on port 5
2021-03-30 14:17:26,475 [DEBUG]: Added element [197]
2021-03-30 14:17:26,475 [DEBUG]: [5]: More variables, requesting index 198
2021-03-30 14:17:26,475 [DEBUG]: Requesting index 198 on port 5
2021-03-30 14:17:26,480 [DEBUG]: Added element [198]
2021-03-30 14:17:26,480 [DEBUG]: [5]: More variables, requesting index 199
2021-03-30 14:17:26,480 [DEBUG]: Requesting index 199 on port 5
2021-03-30 14:17:26,484 [DEBUG]: Added element [199]
2021-03-30 14:17:26,484 [DEBUG]: [5]: More variables, requesting index 200
2021-03-30 14:17:26,484 [DEBUG]: Requesting index 200 on port 5
2021-03-30 14:17:26,489 [DEBUG]: Added element [200]
2021-03-30 14:17:26,489 [DEBUG]: [5]: More variables, requesting index 201
2021-03-30 14:17:26,489 [DEBUG]: Requesting index 201 on port 5
2021-03-30 14:17:26,492 [DEBUG]: Added element [201]
2021-03-30 14:17:26,492 [DEBUG]: [5]: More variables, requesting index 202
2021-03-30 14:17:26,493 [DEBUG]: Requesting index 202 on port 5
2021-03-30 14:17:26,496 [DEBUG]: Added element [202]
2021-03-30 14:17:26,497 [DEBUG]: [5]: More variables, requesting index 203
2021-03-30 14:17:26,497 [DEBUG]: Requesting index 203 on port 5
2021-03-30 14:17:26,501 [DEBUG]: Added element [203]
2021-03-30 14:17:26,501 [DEBUG]: [5]: More variables, requesting index 204
2021-03-30 14:17:26,501 [DEBUG]: Requesting index 204 on port 5
2021-03-30 14:17:26,506 [DEBUG]: Added element [204]
2021-03-30 14:17:26,506 [DEBUG]: [5]: More variables, requesting index 205
2021-03-30 14:17:26,506 [DEBUG]: Requesting index 205 on port 5
2021-03-30 14:17:26,511 [DEBUG]: Added element [205]
2021-03-30 14:17:26,511 [DEBUG]: [5]: More variables, requesting index 206
2021-03-30 14:17:26,511 [DEBUG]: Requesting index 206 on port 5
2021-03-30 14:17:26,515 [DEBUG]: Added element [206]
2021-03-30 14:17:26,515 [DEBUG]: [5]: More variables, requesting index 207
2021-03-30 14:17:26,515 [DEBUG]: Requesting index 207 on port 5
2021-03-30 14:17:26,519 [DEBUG]: Added element [207]
2021-03-30 14:17:26,519 [DEBUG]: [5]: More variables, requesting index 208
2021-03-30 14:17:26,519 [DEBUG]: Requesting index 208 on port 5
2021-03-30 14:17:26,524 [DEBUG]: Added element [208]
2021-03-30 14:17:26,524 [DEBUG]: [5]: More variables, requesting index 209
2021-03-30 14:17:26,524 [DEBUG]: Requesting index 209 on port 5
2021-03-30 14:17:26,528 [DEBUG]: Added element [209]
2021-03-30 14:17:26,528 [DEBUG]: [5]: More variables, requesting index 210
2021-03-30 14:17:26,528 [DEBUG]: Requesting index 210 on port 5
2021-03-30 14:17:26,532 [DEBUG]: Added element [210]
2021-03-30 14:17:26,532 [DEBUG]: [5]: More variables, requesting index 211
2021-03-30 14:17:26,532 [DEBUG]: Requesting index 211 on port 5
2021-03-30 14:17:26,536 [DEBUG]: Added element [211]
2021-03-30 14:17:26,536 [DEBUG]: [5]: More variables, requesting index 212
2021-03-30 14:17:26,536 [DEBUG]: Requesting index 212 on port 5
2021-03-30 14:17:26,541 [DEBUG]: Added element [212]
2021-03-30 14:17:26,541 [DEBUG]: [5]: More variables, requesting index 213
2021-03-30 14:17:26,541 [DEBUG]: Requesting index 213 on port 5
2021-03-30 14:17:26,545 [DEBUG]: Added element [213]
2021-03-30 14:17:26,545 [DEBUG]: [5]: More variables, requesting index 214
2021-03-30 14:17:26,545 [DEBUG]: Requesting index 214 on port 5
2021-03-30 14:17:26,549 [DEBUG]: Added element [214]
2021-03-30 14:17:26,550 [DEBUG]: [5]: More variables, requesting index 215
2021-03-30 14:17:26,550 [DEBUG]: Requesting index 215 on port 5
2021-03-30 14:17:26,554 [DEBUG]: Added element [215]
2021-03-30 14:17:26,554 [DEBUG]: [5]: More variables, requesting index 216
2021-03-30 14:17:26,554 [DEBUG]: Requesting index 216 on port 5
2021-03-30 14:17:26,558 [DEBUG]: Added element [216]
2021-03-30 14:17:26,558 [DEBUG]: [5]: More variables, requesting index 217
2021-03-30 14:17:26,558 [DEBUG]: Requesting index 217 on port 5
2021-03-30 14:17:26,563 [DEBUG]: Added element [217]
2021-03-30 14:17:26,563 [DEBUG]: [5]: More variables, requesting index 218
2021-03-30 14:17:26,564 [DEBUG]: Requesting index 218 on port 5
2021-03-30 14:17:26,568 [DEBUG]: Added element [218]
2021-03-30 14:17:26,568 [DEBUG]: [5]: More variables, requesting index 219
2021-03-30 14:17:26,568 [DEBUG]: Requesting index 219 on port 5
2021-03-30 14:17:26,572 [DEBUG]: Added element [219]
2021-03-30 14:17:26,572 [DEBUG]: [5]: More variables, requesting index 220
2021-03-30 14:17:26,572 [DEBUG]: Requesting index 220 on port 5
2021-03-30 14:17:26,586 [DEBUG]: Added element [220]
2021-03-30 14:17:26,586 [DEBUG]: [5]: More variables, requesting index 221
2021-03-30 14:17:26,586 [DEBUG]: Requesting index 221 on port 5
2021-03-30 14:17:26,590 [DEBUG]: Added element [221]
2021-03-30 14:17:26,590 [DEBUG]: [5]: More variables, requesting index 222
2021-03-30 14:17:26,590 [DEBUG]: Requesting index 222 on port 5
2021-03-30 14:17:26,595 [DEBUG]: Added element [222]
2021-03-30 14:17:26,595 [DEBUG]: [5]: More variables, requesting index 223
2021-03-30 14:17:26,595 [DEBUG]: Requesting index 223 on port 5
2021-03-30 14:17:26,598 [DEBUG]: Added element [223]
2021-03-30 14:17:26,598 [DEBUG]: [5]: More variables, requesting index 224
2021-03-30 14:17:26,598 [DEBUG]: Requesting index 224 on port 5
2021-03-30 14:17:26,602 [DEBUG]: Added element [224]
2021-03-30 14:17:26,603 [DEBUG]: [5]: More variables, requesting index 225
2021-03-30 14:17:26,603 [DEBUG]: Requesting index 225 on port 5
2021-03-30 14:17:26,607 [DEBUG]: Added element [225]
2021-03-30 14:17:26,607 [DEBUG]: [5]: More variables, requesting index 226
2021-03-30 14:17:26,607 [DEBUG]: Requesting index 226 on port 5
2021-03-30 14:17:26,610 [DEBUG]: Added element [226]
2021-03-30 14:17:26,610 [DEBUG]: [5]: More variables, requesting index 227
2021-03-30 14:17:26,610 [DEBUG]: Requesting index 227 on port 5
2021-03-30 14:17:26,615 [DEBUG]: Added element [227]
2021-03-30 14:17:26,615 [DEBUG]: [5]: More variables, requesting index 228
2021-03-30 14:17:26,615 [DEBUG]: Requesting index 228 on port 5
2021-03-30 14:17:26,619 [DEBUG]: Added element [228]
2021-03-30 14:17:26,619 [DEBUG]: [5]: More variables, requesting index 229
2021-03-30 14:17:26,619 [DEBUG]: Requesting index 229 on port 5
2021-03-30 14:17:26,623 [DEBUG]: Added element [229]
2021-03-30 14:17:26,623 [DEBUG]: [5]: More variables, requesting index 230
2021-03-30 14:17:26,623 [DEBUG]: Requesting index 230 on port 5
2021-03-30 14:17:26,627 [DEBUG]: Added element [230]
2021-03-30 14:17:26,627 [DEBUG]: [5]: More variables, requesting index 231
2021-03-30 14:17:26,627 [DEBUG]: Requesting index 231 on port 5
2021-03-30 14:17:26,632 [DEBUG]: Added element [231]
2021-03-30 14:17:26,632 [DEBUG]: [5]: More variables, requesting index 232
2021-03-30 14:17:26,632 [DEBUG]: Requesting index 232 on port 5
2021-03-30 14:17:26,636 [DEBUG]: Added element [232]
2021-03-30 14:17:26,636 [DEBUG]: [5]: More variables, requesting index 233
2021-03-30 14:17:26,636 [DEBUG]: Requesting index 233 on port 5
2021-03-30 14:17:26,640 [DEBUG]: Added element [233]
2021-03-30 14:17:26,640 [DEBUG]: [5]: More variables, requesting index 234
2021-03-30 14:17:26,640 [DEBUG]: Requesting index 234 on port 5
2021-03-30 14:17:26,644 [DEBUG]: Added element [234]
2021-03-30 14:17:26,644 [DEBUG]: [5]: More variables, requesting index 235
2021-03-30 14:17:26,644 [DEBUG]: Requesting index 235 on port 5
2021-03-30 14:17:26,649 [DEBUG]: Added element [235]
2021-03-30 14:17:26,649 [DEBUG]: [5]: More variables, requesting index 236
2021-03-30 14:17:26,649 [DEBUG]: Requesting index 236 on port 5
2021-03-30 14:17:26,654 [DEBUG]: Added element [236]
2021-03-30 14:17:26,654 [DEBUG]: [5]: More variables, requesting index 237
2021-03-30 14:17:26,654 [DEBUG]: Requesting index 237 on port 5
2021-03-30 14:17:26,658 [DEBUG]: Added element [237]
2021-03-30 14:17:26,658 [DEBUG]: [5]: More variables, requesting index 238
2021-03-30 14:17:26,658 [DEBUG]: Requesting index 238 on port 5
2021-03-30 14:17:26,662 [DEBUG]: Added element [238]
2021-03-30 14:17:26,662 [DEBUG]: [5]: More variables, requesting index 239
2021-03-30 14:17:26,662 [DEBUG]: Requesting index 239 on port 5
2021-03-30 14:17:26,666 [DEBUG]: Added element [239]
2021-03-30 14:17:26,666 [DEBUG]: [5]: More variables, requesting index 240
2021-03-30 14:17:26,666 [DEBUG]: Requesting index 240 on port 5
2021-03-30 14:17:26,671 [DEBUG]: Added element [240]
2021-03-30 14:17:26,671 [DEBUG]: [5]: More variables, requesting index 241
2021-03-30 14:17:26,671 [DEBUG]: Requesting index 241 on port 5
2021-03-30 14:17:26,676 [DEBUG]: Added element [241]
2021-03-30 14:17:26,676 [DEBUG]: [5]: More variables, requesting index 242
2021-03-30 14:17:26,676 [DEBUG]: Requesting index 242 on port 5
2021-03-30 14:17:26,681 [DEBUG]: Added element [242]
2021-03-30 14:17:26,681 [DEBUG]: [5]: More variables, requesting index 243
2021-03-30 14:17:26,681 [DEBUG]: Requesting index 243 on port 5
2021-03-30 14:17:26,685 [DEBUG]: Added element [243]
2021-03-30 14:17:26,686 [DEBUG]: [5]: More variables, requesting index 244
2021-03-30 14:17:26,686 [DEBUG]: Requesting index 244 on port 5
2021-03-30 14:17:26,690 [DEBUG]: Added element [244]
2021-03-30 14:17:26,690 [DEBUG]: [5]: More variables, requesting index 245
2021-03-30 14:17:26,690 [DEBUG]: Requesting index 245 on port 5
2021-03-30 14:17:26,694 [DEBUG]: Added element [245]
2021-03-30 14:17:26,694 [DEBUG]: [5]: More variables, requesting index 246
2021-03-30 14:17:26,694 [DEBUG]: Requesting index 246 on port 5
2021-03-30 14:17:26,698 [DEBUG]: Added element [246]
2021-03-30 14:17:26,698 [DEBUG]: [5]: More variables, requesting index 247
2021-03-30 14:17:26,699 [DEBUG]: Requesting index 247 on port 5
2021-03-30 14:17:26,704 [DEBUG]: Added element [247]
2021-03-30 14:17:26,704 [DEBUG]: [5]: More variables, requesting index 248
2021-03-30 14:17:26,704 [DEBUG]: Requesting index 248 on port 5
2021-03-30 14:17:26,717 [DEBUG]: Added element [248]
2021-03-30 14:17:26,717 [DEBUG]: [5]: More variables, requesting index 249
2021-03-30 14:17:26,717 [DEBUG]: Requesting index 249 on port 5
2021-03-30 14:17:26,722 [DEBUG]: Added element [249]
2021-03-30 14:17:26,722 [DEBUG]: [5]: More variables, requesting index 250
2021-03-30 14:17:26,722 [DEBUG]: Requesting index 250 on port 5
2021-03-30 14:17:26,726 [DEBUG]: Added element [250]
2021-03-30 14:17:26,726 [DEBUG]: [5]: More variables, requesting index 251
2021-03-30 14:17:26,726 [DEBUG]: Requesting index 251 on port 5
2021-03-30 14:17:26,730 [DEBUG]: Added element [251]
2021-03-30 14:17:26,730 [DEBUG]: [5]: More variables, requesting index 252
2021-03-30 14:17:26,730 [DEBUG]: Requesting index 252 on port 5
2021-03-30 14:17:26,734 [DEBUG]: Added element [252]
2021-03-30 14:17:26,734 [DEBUG]: [5]: More variables, requesting index 253
2021-03-30 14:17:26,735 [DEBUG]: Requesting index 253 on port 5
2021-03-30 14:17:26,739 [DEBUG]: Added element [253]
2021-03-30 14:17:26,739 [DEBUG]: [5]: More variables, requesting index 254
2021-03-30 14:17:26,740 [DEBUG]: Requesting index 254 on port 5
2021-03-30 14:17:26,744 [DEBUG]: Added element [254]
2021-03-30 14:17:26,744 [DEBUG]: [5]: More variables, requesting index 255
2021-03-30 14:17:26,744 [DEBUG]: Requesting index 255 on port 5
2021-03-30 14:17:26,748 [DEBUG]: Added element [255]
2021-03-30 14:17:26,748 [DEBUG]: [5]: More variables, requesting index 256
2021-03-30 14:17:26,748 [DEBUG]: Requesting index 256 on port 5
2021-03-30 14:17:26,752 [DEBUG]: Added element [256]
2021-03-30 14:17:26,752 [DEBUG]: [5]: More variables, requesting index 257
2021-03-30 14:17:26,753 [DEBUG]: Requesting index 257 on port 5
2021-03-30 14:17:26,757 [DEBUG]: Added element [257]
2021-03-30 14:17:26,757 [DEBUG]: [5]: More variables, requesting index 258
2021-03-30 14:17:26,757 [DEBUG]: Requesting index 258 on port 5
2021-03-30 14:17:26,761 [DEBUG]: Added element [258]
2021-03-30 14:17:26,761 [DEBUG]: [5]: More variables, requesting index 259
2021-03-30 14:17:26,761 [DEBUG]: Requesting index 259 on port 5
2021-03-30 14:17:26,765 [DEBUG]: Added element [259]
2021-03-30 14:17:26,765 [DEBUG]: [5]: More variables, requesting index 260
2021-03-30 14:17:26,766 [DEBUG]: Requesting index 260 on port 5
2021-03-30 14:17:26,769 [DEBUG]: Added element [260]
2021-03-30 14:17:26,769 [DEBUG]: [5]: More variables, requesting index 261
2021-03-30 14:17:26,769 [DEBUG]: Requesting index 261 on port 5
2021-03-30 14:17:26,773 [DEBUG]: Added element [261]
2021-03-30 14:17:26,773 [DEBUG]: [5]: More variables, requesting index 262
2021-03-30 14:17:26,774 [DEBUG]: Requesting index 262 on port 5
2021-03-30 14:17:26,777 [DEBUG]: Added element [262]
2021-03-30 14:17:26,777 [DEBUG]: [5]: More variables, requesting index 263
2021-03-30 14:17:26,777 [DEBUG]: Requesting index 263 on port 5
2021-03-30 14:17:26,781 [DEBUG]: Added element [263]
2021-03-30 14:17:26,781 [DEBUG]: [5]: More variables, requesting index 264
2021-03-30 14:17:26,781 [DEBUG]: Requesting index 264 on port 5
2021-03-30 14:17:26,786 [DEBUG]: Added element [264]
2021-03-30 14:17:26,786 [DEBUG]: [5]: More variables, requesting index 265
2021-03-30 14:17:26,786 [DEBUG]: Requesting index 265 on port 5
2021-03-30 14:17:26,790 [DEBUG]: Added element [265]
2021-03-30 14:17:26,791 [DEBUG]: [5]: More variables, requesting index 266
2021-03-30 14:17:26,791 [DEBUG]: Requesting index 266 on port 5
2021-03-30 14:17:26,795 [DEBUG]: Added element [266]
2021-03-30 14:17:26,795 [DEBUG]: [5]: More variables, requesting index 267
2021-03-30 14:17:26,795 [DEBUG]: Requesting index 267 on port 5
2021-03-30 14:17:26,799 [DEBUG]: Added element [267]
2021-03-30 14:17:26,799 [DEBUG]: [5]: More variables, requesting index 268
2021-03-30 14:17:26,799 [DEBUG]: Requesting index 268 on port 5
2021-03-30 14:17:26,803 [DEBUG]: Added element [268]
2021-03-30 14:17:26,803 [DEBUG]: [5]: More variables, requesting index 269
2021-03-30 14:17:26,803 [DEBUG]: Requesting index 269 on port 5
2021-03-30 14:17:26,807 [DEBUG]: Added element [269]
2021-03-30 14:17:26,807 [DEBUG]: [5]: More variables, requesting index 270
2021-03-30 14:17:26,807 [DEBUG]: Requesting index 270 on port 5
2021-03-30 14:17:26,811 [DEBUG]: Added element [270]
2021-03-30 14:17:26,811 [DEBUG]: [5]: More variables, requesting index 271
2021-03-30 14:17:26,811 [DEBUG]: Requesting index 271 on port 5
2021-03-30 14:17:26,815 [DEBUG]: Added element [271]
2021-03-30 14:17:26,815 [DEBUG]: [5]: More variables, requesting index 272
2021-03-30 14:17:26,815 [DEBUG]: Requesting index 272 on port 5
2021-03-30 14:17:26,819 [DEBUG]: Added element [272]
2021-03-30 14:17:26,820 [DEBUG]: [5]: More variables, requesting index 273
2021-03-30 14:17:26,820 [DEBUG]: Requesting index 273 on port 5
2021-03-30 14:17:26,823 [DEBUG]: Added element [273]
2021-03-30 14:17:26,824 [DEBUG]: [5]: More variables, requesting index 274
2021-03-30 14:17:26,824 [DEBUG]: Requesting index 274 on port 5
2021-03-30 14:17:26,828 [DEBUG]: Added element [274]
2021-03-30 14:17:26,828 [DEBUG]: [5]: More variables, requesting index 275
2021-03-30 14:17:26,828 [DEBUG]: Requesting index 275 on port 5
2021-03-30 14:17:26,832 [DEBUG]: Added element [275]
2021-03-30 14:17:26,832 [DEBUG]: [5]: More variables, requesting index 276
2021-03-30 14:17:26,832 [DEBUG]: Requesting index 276 on port 5
2021-03-30 14:17:26,836 [DEBUG]: Added element [276]
2021-03-30 14:17:26,836 [DEBUG]: [5]: More variables, requesting index 277
2021-03-30 14:17:26,836 [DEBUG]: Requesting index 277 on port 5
2021-03-30 14:17:26,849 [DEBUG]: Added element [277]
2021-03-30 14:17:26,849 [DEBUG]: [5]: More variables, requesting index 278
2021-03-30 14:17:26,849 [DEBUG]: Requesting index 278 on port 5
2021-03-30 14:17:26,853 [DEBUG]: Added element [278]
2021-03-30 14:17:26,853 [DEBUG]: [5]: More variables, requesting index 279
2021-03-30 14:17:26,853 [DEBUG]: Requesting index 279 on port 5
2021-03-30 14:17:26,857 [DEBUG]: Added element [279]
2021-03-30 14:17:26,857 [DEBUG]: [5]: More variables, requesting index 280
2021-03-30 14:17:26,857 [DEBUG]: Requesting index 280 on port 5
2021-03-30 14:17:26,861 [DEBUG]: Added element [280]
2021-03-30 14:17:26,861 [DEBUG]: [5]: More variables, requesting index 281
2021-03-30 14:17:26,861 [DEBUG]: Requesting index 281 on port 5
2021-03-30 14:17:26,866 [DEBUG]: Added element [281]
2021-03-30 14:17:26,866 [DEBUG]: [5]: More variables, requesting index 282
2021-03-30 14:17:26,866 [DEBUG]: Requesting index 282 on port 5
2021-03-30 14:17:26,870 [DEBUG]: Added element [282]
2021-03-30 14:17:26,870 [DEBUG]: [5]: More variables, requesting index 283
2021-03-30 14:17:26,870 [DEBUG]: Requesting index 283 on port 5
2021-03-30 14:17:26,873 [DEBUG]: Added element [283]
2021-03-30 14:17:26,873 [DEBUG]: [5]: More variables, requesting index 284
2021-03-30 14:17:26,873 [DEBUG]: Requesting index 284 on port 5
2021-03-30 14:17:26,877 [DEBUG]: Added element [284]
2021-03-30 14:17:26,877 [DEBUG]: [5]: More variables, requesting index 285
2021-03-30 14:17:26,877 [DEBUG]: Requesting index 285 on port 5
2021-03-30 14:17:26,881 [DEBUG]: Added element [285]
2021-03-30 14:17:26,881 [DEBUG]: [5]: More variables, requesting index 286
2021-03-30 14:17:26,881 [DEBUG]: Requesting index 286 on port 5
2021-03-30 14:17:26,885 [DEBUG]: Added element [286]
2021-03-30 14:17:26,885 [DEBUG]: [5]: More variables, requesting index 287
2021-03-30 14:17:26,885 [DEBUG]: Requesting index 287 on port 5
2021-03-30 14:17:26,889 [DEBUG]: Added element [287]
2021-03-30 14:17:26,889 [DEBUG]: [5]: More variables, requesting index 288
2021-03-30 14:17:26,890 [DEBUG]: Requesting index 288 on port 5
2021-03-30 14:17:26,893 [DEBUG]: Added element [288]
2021-03-30 14:17:26,893 [DEBUG]: [5]: More variables, requesting index 289
2021-03-30 14:17:26,893 [DEBUG]: Requesting index 289 on port 5
2021-03-30 14:17:26,897 [DEBUG]: Added element [289]
2021-03-30 14:17:26,897 [DEBUG]: [5]: More variables, requesting index 290
2021-03-30 14:17:26,897 [DEBUG]: Requesting index 290 on port 5
2021-03-30 14:17:26,901 [DEBUG]: Added element [290]
2021-03-30 14:17:26,901 [DEBUG]: [5]: More variables, requesting index 291
2021-03-30 14:17:26,901 [DEBUG]: Requesting index 291 on port 5
2021-03-30 14:17:26,905 [DEBUG]: Added element [291]
2021-03-30 14:17:26,905 [DEBUG]: [5]: More variables, requesting index 292
2021-03-30 14:17:26,905 [DEBUG]: Requesting index 292 on port 5
2021-03-30 14:17:26,909 [DEBUG]: Added element [292]
2021-03-30 14:17:26,909 [DEBUG]: [5]: More variables, requesting index 293
2021-03-30 14:17:26,909 [DEBUG]: Requesting index 293 on port 5
2021-03-30 14:17:26,913 [DEBUG]: Added element [293]
2021-03-30 14:17:26,914 [DEBUG]: [5]: More variables, requesting index 294
2021-03-30 14:17:26,914 [DEBUG]: Requesting index 294 on port 5
2021-03-30 14:17:26,918 [DEBUG]: Added element [294]
2021-03-30 14:17:26,918 [DEBUG]: [5]: More variables, requesting index 295
2021-03-30 14:17:26,918 [DEBUG]: Requesting index 295 on port 5
2021-03-30 14:17:26,922 [DEBUG]: Added element [295]
2021-03-30 14:17:26,922 [DEBUG]: [5]: More variables, requesting index 296
2021-03-30 14:17:26,922 [DEBUG]: Requesting index 296 on port 5
2021-03-30 14:17:26,926 [DEBUG]: Added element [296]
2021-03-30 14:17:26,926 [DEBUG]: [5]: More variables, requesting index 297
2021-03-30 14:17:26,926 [DEBUG]: Requesting index 297 on port 5
2021-03-30 14:17:26,930 [DEBUG]: Added element [297]
2021-03-30 14:17:26,930 [DEBUG]: [5]: More variables, requesting index 298
2021-03-30 14:17:26,930 [DEBUG]: Requesting index 298 on port 5
2021-03-30 14:17:26,934 [DEBUG]: Added element [298]
2021-03-30 14:17:26,935 [DEBUG]: [5]: More variables, requesting index 299
2021-03-30 14:17:26,935 [DEBUG]: Requesting index 299 on port 5
2021-03-30 14:17:26,939 [DEBUG]: Added element [299]
2021-03-30 14:17:26,939 [DEBUG]: [5]: More variables, requesting index 300
2021-03-30 14:17:26,939 [DEBUG]: Requesting index 300 on port 5
2021-03-30 14:17:26,943 [DEBUG]: Added element [300]
2021-03-30 14:17:26,943 [DEBUG]: [5]: More variables, requesting index 301
2021-03-30 14:17:26,944 [DEBUG]: Requesting index 301 on port 5
2021-03-30 14:17:26,948 [DEBUG]: Added element [301]
2021-03-30 14:17:26,948 [DEBUG]: [5]: More variables, requesting index 302
2021-03-30 14:17:26,948 [DEBUG]: Requesting index 302 on port 5
2021-03-30 14:17:26,954 [DEBUG]: Added element [302]
2021-03-30 14:17:26,954 [DEBUG]: [5]: More variables, requesting index 303
2021-03-30 14:17:26,954 [DEBUG]: Requesting index 303 on port 5
2021-03-30 14:17:26,958 [DEBUG]: Added element [303]
2021-03-30 14:17:26,958 [DEBUG]: [5]: More variables, requesting index 304
2021-03-30 14:17:26,958 [DEBUG]: Requesting index 304 on port 5
2021-03-30 14:17:26,962 [DEBUG]: Added element [304]
2021-03-30 14:17:26,962 [DEBUG]: [5]: More variables, requesting index 305
2021-03-30 14:17:26,962 [DEBUG]: Requesting index 305 on port 5
2021-03-30 14:17:26,966 [DEBUG]: Added element [305]
2021-03-30 14:17:26,966 [DEBUG]: [5]: More variables, requesting index 306
2021-03-30 14:17:26,967 [DEBUG]: Requesting index 306 on port 5
2021-03-30 14:17:26,980 [DEBUG]: Added element [306]
2021-03-30 14:17:26,980 [DEBUG]: [5]: More variables, requesting index 307
2021-03-30 14:17:26,980 [DEBUG]: Requesting index 307 on port 5
2021-03-30 14:17:26,983 [DEBUG]: Added element [307]
2021-03-30 14:17:26,983 [DEBUG]: [5]: More variables, requesting index 308
2021-03-30 14:17:26,983 [DEBUG]: Requesting index 308 on port 5
2021-03-30 14:17:26,987 [DEBUG]: Added element [308]
2021-03-30 14:17:26,987 [DEBUG]: [5]: More variables, requesting index 309
2021-03-30 14:17:26,987 [DEBUG]: Requesting index 309 on port 5
2021-03-30 14:17:26,991 [DEBUG]: Added element [309]
2021-03-30 14:17:26,991 [DEBUG]: [5]: More variables, requesting index 310
2021-03-30 14:17:26,992 [DEBUG]: Requesting index 310 on port 5
2021-03-30 14:17:26,996 [DEBUG]: Added element [310]
2021-03-30 14:17:26,996 [DEBUG]: [5]: More variables, requesting index 311
2021-03-30 14:17:26,996 [DEBUG]: Requesting index 311 on port 5
2021-03-30 14:17:27,001 [DEBUG]: Added element [311]
2021-03-30 14:17:27,001 [DEBUG]: [5]: More variables, requesting index 312
2021-03-30 14:17:27,001 [DEBUG]: Requesting index 312 on port 5
2021-03-30 14:17:27,005 [DEBUG]: Added element [312]
2021-03-30 14:17:27,005 [DEBUG]: [5]: More variables, requesting index 313
2021-03-30 14:17:27,005 [DEBUG]: Requesting index 313 on port 5
2021-03-30 14:17:27,009 [DEBUG]: Added element [313]
2021-03-30 14:17:27,009 [DEBUG]: [5]: More variables, requesting index 314
2021-03-30 14:17:27,009 [DEBUG]: Requesting index 314 on port 5
2021-03-30 14:17:27,013 [DEBUG]: Added element [314]
2021-03-30 14:17:27,013 [DEBUG]: [5]: More variables, requesting index 315
2021-03-30 14:17:27,013 [DEBUG]: Requesting index 315 on port 5
2021-03-30 14:17:27,016 [DEBUG]: Added element [315]
2021-03-30 14:17:27,016 [DEBUG]: [5]: More variables, requesting index 316
2021-03-30 14:17:27,017 [DEBUG]: Requesting index 316 on port 5
2021-03-30 14:17:27,020 [DEBUG]: Added element [316]
2021-03-30 14:17:27,021 [WARNING]: Could not save cache, no writable directory
2021-03-30 14:17:27,021 [DEBUG]: Removing callback on port [5] to [<bound method TocFetcher._new_packet_cb of <cflib.crazyflie.toc.TocFetcher object at 0x0000024DB31FEB08>>]
2021-03-30 14:17:27,021 [DEBUG]: [5]: Done!
2021-03-30 14:17:27,021 [INFO]: Log TOC finished updating
2021-03-30 14:17:27,021 [DEBUG]: Requesting number of memories
2021-03-30 14:17:27,023 [INFO]: 8 memories found
2021-03-30 14:17:27,024 [DEBUG]: Requesting first id
2021-03-30 14:17:27,028 [DEBUG]: Requesting information about memory 1
2021-03-30 14:17:27,032 [DEBUG]: Memory: id=1, type=LED driver, size=24
2021-03-30 14:17:27,032 [DEBUG]: Requesting information about memory 2
2021-03-30 14:17:27,036 [DEBUG]: Memory: id=2, type=Loco Positioning, size=6144
2021-03-30 14:17:27,036 [DEBUG]: Requesting information about memory 3
2021-03-30 14:17:27,040 [DEBUG]: Memory: id=3, type=Trajectory, size=4096
2021-03-30 14:17:27,040 [DEBUG]: Requesting information about memory 4
2021-03-30 14:17:27,044 [DEBUG]: Memory: id=4, type=Loco Positioning 2, size=69632
2021-03-30 14:17:27,044 [DEBUG]: Requesting information about memory 5
2021-03-30 14:17:27,048 [DEBUG]: Memory: id=5, type=Lighthouse positioning, size=96
2021-03-30 14:17:27,048 [DEBUG]: Requesting information about memory 6
2021-03-30 14:17:27,052 [DEBUG]: Memory: id=6, type=Memory tester, size=4096
2021-03-30 14:17:27,053 [DEBUG]: Requesting information about memory 7
2021-03-30 14:17:27,056 [DEBUG]: Memory: id=7, type=Unknown, size=0
2021-03-30 14:17:27,057 [DEBUG]: Done getting all the memories, start reading the OWs
2021-03-30 14:17:27,057 [INFO]: Memories finished updating
2021-03-30 14:17:27,057 [DEBUG]: [2]: Using V2 protocol: 1
2021-03-30 14:17:27,057 [DEBUG]: [2]: Start fetching...
2021-03-30 14:17:27,057 [DEBUG]: Adding callback on port [2] to [<bound method TocFetcher._new_packet_cb of <cflib.crazyflie.toc.TocFetcher object at 0x0000024DB32230C8>>]
2021-03-30 14:17:27,060 [DEBUG]: [2]: Got TOC CRC, 164 items and crc=0x1042AFA8
2021-03-30 14:17:27,060 [DEBUG]: Requesting index 0 on port 2
2021-03-30 14:17:27,064 [DEBUG]: Added element [0]
2021-03-30 14:17:27,064 [DEBUG]: [2]: More variables, requesting index 1
2021-03-30 14:17:27,064 [DEBUG]: Requesting index 1 on port 2
2021-03-30 14:17:27,069 [DEBUG]: Added element [1]
2021-03-30 14:17:27,069 [DEBUG]: [2]: More variables, requesting index 2
2021-03-30 14:17:27,069 [DEBUG]: Requesting index 2 on port 2
2021-03-30 14:17:27,073 [DEBUG]: Added element [2]
2021-03-30 14:17:27,073 [DEBUG]: [2]: More variables, requesting index 3
2021-03-30 14:17:27,073 [DEBUG]: Requesting index 3 on port 2
2021-03-30 14:17:27,078 [DEBUG]: Added element [3]
2021-03-30 14:17:27,078 [DEBUG]: [2]: More variables, requesting index 4
2021-03-30 14:17:27,078 [DEBUG]: Requesting index 4 on port 2
2021-03-30 14:17:27,082 [DEBUG]: Added element [4]
2021-03-30 14:17:27,082 [DEBUG]: [2]: More variables, requesting index 5
2021-03-30 14:17:27,082 [DEBUG]: Requesting index 5 on port 2
2021-03-30 14:17:27,086 [DEBUG]: Added element [5]
2021-03-30 14:17:27,086 [DEBUG]: [2]: More variables, requesting index 6
2021-03-30 14:17:27,086 [DEBUG]: Requesting index 6 on port 2
2021-03-30 14:17:27,091 [DEBUG]: Added element [6]
2021-03-30 14:17:27,091 [DEBUG]: [2]: More variables, requesting index 7
2021-03-30 14:17:27,091 [DEBUG]: Requesting index 7 on port 2
2021-03-30 14:17:27,094 [DEBUG]: Added element [7]
2021-03-30 14:17:27,094 [DEBUG]: [2]: More variables, requesting index 8
2021-03-30 14:17:27,094 [DEBUG]: Requesting index 8 on port 2
2021-03-30 14:17:27,098 [DEBUG]: Added element [8]
2021-03-30 14:17:27,098 [DEBUG]: [2]: More variables, requesting index 9
2021-03-30 14:17:27,098 [DEBUG]: Requesting index 9 on port 2
2021-03-30 14:17:27,102 [DEBUG]: Added element [9]
2021-03-30 14:17:27,103 [DEBUG]: [2]: More variables, requesting index 10
2021-03-30 14:17:27,103 [DEBUG]: Requesting index 10 on port 2
2021-03-30 14:17:27,115 [DEBUG]: Added element [10]
2021-03-30 14:17:27,116 [DEBUG]: [2]: More variables, requesting index 11
2021-03-30 14:17:27,116 [DEBUG]: Requesting index 11 on port 2
2021-03-30 14:17:27,120 [DEBUG]: Added element [11]
2021-03-30 14:17:27,120 [DEBUG]: [2]: More variables, requesting index 12
2021-03-30 14:17:27,120 [DEBUG]: Requesting index 12 on port 2
2021-03-30 14:17:27,124 [DEBUG]: Added element [12]
2021-03-30 14:17:27,124 [DEBUG]: [2]: More variables, requesting index 13
2021-03-30 14:17:27,124 [DEBUG]: Requesting index 13 on port 2
2021-03-30 14:17:27,128 [DEBUG]: Added element [13]
2021-03-30 14:17:27,128 [DEBUG]: [2]: More variables, requesting index 14
2021-03-30 14:17:27,128 [DEBUG]: Requesting index 14 on port 2
2021-03-30 14:17:27,132 [DEBUG]: Added element [14]
2021-03-30 14:17:27,132 [DEBUG]: [2]: More variables, requesting index 15
2021-03-30 14:17:27,133 [DEBUG]: Requesting index 15 on port 2
2021-03-30 14:17:27,137 [DEBUG]: Added element [15]
2021-03-30 14:17:27,137 [DEBUG]: [2]: More variables, requesting index 16
2021-03-30 14:17:27,137 [DEBUG]: Requesting index 16 on port 2
2021-03-30 14:17:27,141 [DEBUG]: Added element [16]
2021-03-30 14:17:27,141 [DEBUG]: [2]: More variables, requesting index 17
2021-03-30 14:17:27,141 [DEBUG]: Requesting index 17 on port 2
2021-03-30 14:17:27,145 [DEBUG]: Added element [17]
2021-03-30 14:17:27,145 [DEBUG]: [2]: More variables, requesting index 18
2021-03-30 14:17:27,145 [DEBUG]: Requesting index 18 on port 2
2021-03-30 14:17:27,149 [DEBUG]: Added element [18]
2021-03-30 14:17:27,150 [DEBUG]: [2]: More variables, requesting index 19
2021-03-30 14:17:27,150 [DEBUG]: Requesting index 19 on port 2
2021-03-30 14:17:27,155 [DEBUG]: Added element [19]
2021-03-30 14:17:27,155 [DEBUG]: [2]: More variables, requesting index 20
2021-03-30 14:17:27,155 [DEBUG]: Requesting index 20 on port 2
2021-03-30 14:17:27,159 [DEBUG]: Added element [20]
2021-03-30 14:17:27,159 [DEBUG]: [2]: More variables, requesting index 21
2021-03-30 14:17:27,159 [DEBUG]: Requesting index 21 on port 2
2021-03-30 14:17:27,163 [DEBUG]: Added element [21]
2021-03-30 14:17:27,163 [DEBUG]: [2]: More variables, requesting index 22
2021-03-30 14:17:27,164 [DEBUG]: Requesting index 22 on port 2
2021-03-30 14:17:27,168 [DEBUG]: Added element [22]
2021-03-30 14:17:27,168 [DEBUG]: [2]: More variables, requesting index 23
2021-03-30 14:17:27,168 [DEBUG]: Requesting index 23 on port 2
2021-03-30 14:17:27,172 [DEBUG]: Added element [23]
2021-03-30 14:17:27,172 [DEBUG]: [2]: More variables, requesting index 24
2021-03-30 14:17:27,172 [DEBUG]: Requesting index 24 on port 2
2021-03-30 14:17:27,176 [DEBUG]: Added element [24]
2021-03-30 14:17:27,177 [DEBUG]: [2]: More variables, requesting index 25
2021-03-30 14:17:27,177 [DEBUG]: Requesting index 25 on port 2
2021-03-30 14:17:27,181 [DEBUG]: Added element [25]
2021-03-30 14:17:27,181 [DEBUG]: [2]: More variables, requesting index 26
2021-03-30 14:17:27,181 [DEBUG]: Requesting index 26 on port 2
2021-03-30 14:17:27,185 [DEBUG]: Added element [26]
2021-03-30 14:17:27,186 [DEBUG]: [2]: More variables, requesting index 27
2021-03-30 14:17:27,186 [DEBUG]: Requesting index 27 on port 2
2021-03-30 14:17:27,190 [DEBUG]: Added element [27]
2021-03-30 14:17:27,190 [DEBUG]: [2]: More variables, requesting index 28
2021-03-30 14:17:27,190 [DEBUG]: Requesting index 28 on port 2
2021-03-30 14:17:27,194 [DEBUG]: Added element [28]
2021-03-30 14:17:27,194 [DEBUG]: [2]: More variables, requesting index 29
2021-03-30 14:17:27,194 [DEBUG]: Requesting index 29 on port 2
2021-03-30 14:17:27,199 [DEBUG]: Added element [29]
2021-03-30 14:17:27,199 [DEBUG]: [2]: More variables, requesting index 30
2021-03-30 14:17:27,199 [DEBUG]: Requesting index 30 on port 2
2021-03-30 14:17:27,203 [DEBUG]: Added element [30]
2021-03-30 14:17:27,203 [DEBUG]: [2]: More variables, requesting index 31
2021-03-30 14:17:27,203 [DEBUG]: Requesting index 31 on port 2
2021-03-30 14:17:27,207 [DEBUG]: Added element [31]
2021-03-30 14:17:27,207 [DEBUG]: [2]: More variables, requesting index 32
2021-03-30 14:17:27,207 [DEBUG]: Requesting index 32 on port 2
2021-03-30 14:17:27,212 [DEBUG]: Added element [32]
2021-03-30 14:17:27,212 [DEBUG]: [2]: More variables, requesting index 33
2021-03-30 14:17:27,212 [DEBUG]: Requesting index 33 on port 2
2021-03-30 14:17:27,216 [DEBUG]: Added element [33]
2021-03-30 14:17:27,216 [DEBUG]: [2]: More variables, requesting index 34
2021-03-30 14:17:27,216 [DEBUG]: Requesting index 34 on port 2
2021-03-30 14:17:27,221 [DEBUG]: Added element [34]
2021-03-30 14:17:27,221 [DEBUG]: [2]: More variables, requesting index 35
2021-03-30 14:17:27,221 [DEBUG]: Requesting index 35 on port 2
2021-03-30 14:17:27,225 [DEBUG]: Added element [35]
2021-03-30 14:17:27,226 [DEBUG]: [2]: More variables, requesting index 36
2021-03-30 14:17:27,226 [DEBUG]: Requesting index 36 on port 2
2021-03-30 14:17:27,230 [DEBUG]: Added element [36]
2021-03-30 14:17:27,230 [DEBUG]: [2]: More variables, requesting index 37
2021-03-30 14:17:27,230 [DEBUG]: Requesting index 37 on port 2
2021-03-30 14:17:27,243 [DEBUG]: Added element [37]
2021-03-30 14:17:27,243 [DEBUG]: [2]: More variables, requesting index 38
2021-03-30 14:17:27,243 [DEBUG]: Requesting index 38 on port 2
2021-03-30 14:17:27,248 [DEBUG]: Added element [38]
2021-03-30 14:17:27,248 [DEBUG]: [2]: More variables, requesting index 39
2021-03-30 14:17:27,248 [DEBUG]: Requesting index 39 on port 2
2021-03-30 14:17:27,252 [DEBUG]: Added element [39]
2021-03-30 14:17:27,252 [DEBUG]: [2]: More variables, requesting index 40
2021-03-30 14:17:27,252 [DEBUG]: Requesting index 40 on port 2
2021-03-30 14:17:27,256 [DEBUG]: Added element [40]
2021-03-30 14:17:27,256 [DEBUG]: [2]: More variables, requesting index 41
2021-03-30 14:17:27,256 [DEBUG]: Requesting index 41 on port 2
2021-03-30 14:17:27,261 [DEBUG]: Added element [41]
2021-03-30 14:17:27,261 [DEBUG]: [2]: More variables, requesting index 42
2021-03-30 14:17:27,261 [DEBUG]: Requesting index 42 on port 2
2021-03-30 14:17:27,265 [DEBUG]: Added element [42]
2021-03-30 14:17:27,265 [DEBUG]: [2]: More variables, requesting index 43
2021-03-30 14:17:27,265 [DEBUG]: Requesting index 43 on port 2
2021-03-30 14:17:27,269 [DEBUG]: Added element [43]
2021-03-30 14:17:27,270 [DEBUG]: [2]: More variables, requesting index 44
2021-03-30 14:17:27,270 [DEBUG]: Requesting index 44 on port 2
2021-03-30 14:17:27,274 [DEBUG]: Added element [44]
2021-03-30 14:17:27,274 [DEBUG]: [2]: More variables, requesting index 45
2021-03-30 14:17:27,274 [DEBUG]: Requesting index 45 on port 2
2021-03-30 14:17:27,278 [DEBUG]: Added element [45]
2021-03-30 14:17:27,278 [DEBUG]: [2]: More variables, requesting index 46
2021-03-30 14:17:27,278 [DEBUG]: Requesting index 46 on port 2
2021-03-30 14:17:27,282 [DEBUG]: Added element [46]
2021-03-30 14:17:27,282 [DEBUG]: [2]: More variables, requesting index 47
2021-03-30 14:17:27,283 [DEBUG]: Requesting index 47 on port 2
2021-03-30 14:17:27,287 [DEBUG]: Added element [47]
2021-03-30 14:17:27,287 [DEBUG]: [2]: More variables, requesting index 48
2021-03-30 14:17:27,287 [DEBUG]: Requesting index 48 on port 2
2021-03-30 14:17:27,291 [DEBUG]: Added element [48]
2021-03-30 14:17:27,291 [DEBUG]: [2]: More variables, requesting index 49
2021-03-30 14:17:27,291 [DEBUG]: Requesting index 49 on port 2
2021-03-30 14:17:27,295 [DEBUG]: Added element [49]
2021-03-30 14:17:27,296 [DEBUG]: [2]: More variables, requesting index 50
2021-03-30 14:17:27,296 [DEBUG]: Requesting index 50 on port 2
2021-03-30 14:17:27,300 [DEBUG]: Added element [50]
2021-03-30 14:17:27,300 [DEBUG]: [2]: More variables, requesting index 51
2021-03-30 14:17:27,300 [DEBUG]: Requesting index 51 on port 2
2021-03-30 14:17:27,304 [DEBUG]: Added element [51]
2021-03-30 14:17:27,304 [DEBUG]: [2]: More variables, requesting index 52
2021-03-30 14:17:27,304 [DEBUG]: Requesting index 52 on port 2
2021-03-30 14:17:27,308 [DEBUG]: Added element [52]
2021-03-30 14:17:27,309 [DEBUG]: [2]: More variables, requesting index 53
2021-03-30 14:17:27,309 [DEBUG]: Requesting index 53 on port 2
2021-03-30 14:17:27,313 [DEBUG]: Added element [53]
2021-03-30 14:17:27,313 [DEBUG]: [2]: More variables, requesting index 54
2021-03-30 14:17:27,313 [DEBUG]: Requesting index 54 on port 2
2021-03-30 14:17:27,318 [DEBUG]: Added element [54]
2021-03-30 14:17:27,318 [DEBUG]: [2]: More variables, requesting index 55
2021-03-30 14:17:27,318 [DEBUG]: Requesting index 55 on port 2
2021-03-30 14:17:27,323 [DEBUG]: Added element [55]
2021-03-30 14:17:27,323 [DEBUG]: [2]: More variables, requesting index 56
2021-03-30 14:17:27,323 [DEBUG]: Requesting index 56 on port 2
2021-03-30 14:17:27,327 [DEBUG]: Added element [56]
2021-03-30 14:17:27,327 [DEBUG]: [2]: More variables, requesting index 57
2021-03-30 14:17:27,327 [DEBUG]: Requesting index 57 on port 2
2021-03-30 14:17:27,331 [DEBUG]: Added element [57]
2021-03-30 14:17:27,332 [DEBUG]: [2]: More variables, requesting index 58
2021-03-30 14:17:27,332 [DEBUG]: Requesting index 58 on port 2
2021-03-30 14:17:27,336 [DEBUG]: Added element [58]
2021-03-30 14:17:27,336 [DEBUG]: [2]: More variables, requesting index 59
2021-03-30 14:17:27,336 [DEBUG]: Requesting index 59 on port 2
2021-03-30 14:17:27,340 [DEBUG]: Added element [59]
2021-03-30 14:17:27,341 [DEBUG]: [2]: More variables, requesting index 60
2021-03-30 14:17:27,341 [DEBUG]: Requesting index 60 on port 2
2021-03-30 14:17:27,345 [DEBUG]: Added element [60]
2021-03-30 14:17:27,345 [DEBUG]: [2]: More variables, requesting index 61
2021-03-30 14:17:27,345 [DEBUG]: Requesting index 61 on port 2
2021-03-30 14:17:27,350 [DEBUG]: Added element [61]
2021-03-30 14:17:27,350 [DEBUG]: [2]: More variables, requesting index 62
2021-03-30 14:17:27,350 [DEBUG]: Requesting index 62 on port 2
2021-03-30 14:17:27,355 [DEBUG]: Added element [62]
2021-03-30 14:17:27,355 [DEBUG]: [2]: More variables, requesting index 63
2021-03-30 14:17:27,355 [DEBUG]: Requesting index 63 on port 2
2021-03-30 14:17:27,359 [DEBUG]: Added element [63]
2021-03-30 14:17:27,359 [DEBUG]: [2]: More variables, requesting index 64
2021-03-30 14:17:27,359 [DEBUG]: Requesting index 64 on port 2
2021-03-30 14:17:27,363 [DEBUG]: Added element [64]
2021-03-30 14:17:27,363 [DEBUG]: [2]: More variables, requesting index 65
2021-03-30 14:17:27,363 [DEBUG]: Requesting index 65 on port 2
2021-03-30 14:17:27,377 [DEBUG]: Added element [65]
2021-03-30 14:17:27,377 [DEBUG]: [2]: More variables, requesting index 66
2021-03-30 14:17:27,377 [DEBUG]: Requesting index 66 on port 2
2021-03-30 14:17:27,381 [DEBUG]: Added element [66]
2021-03-30 14:17:27,381 [DEBUG]: [2]: More variables, requesting index 67
2021-03-30 14:17:27,381 [DEBUG]: Requesting index 67 on port 2
2021-03-30 14:17:27,385 [DEBUG]: Added element [67]
2021-03-30 14:17:27,386 [DEBUG]: [2]: More variables, requesting index 68
2021-03-30 14:17:27,386 [DEBUG]: Requesting index 68 on port 2
2021-03-30 14:17:27,390 [DEBUG]: Added element [68]
2021-03-30 14:17:27,390 [DEBUG]: [2]: More variables, requesting index 69
2021-03-30 14:17:27,390 [DEBUG]: Requesting index 69 on port 2
2021-03-30 14:17:27,394 [DEBUG]: Added element [69]
2021-03-30 14:17:27,394 [DEBUG]: [2]: More variables, requesting index 70
2021-03-30 14:17:27,394 [DEBUG]: Requesting index 70 on port 2
2021-03-30 14:17:27,398 [DEBUG]: Added element [70]
2021-03-30 14:17:27,398 [DEBUG]: [2]: More variables, requesting index 71
2021-03-30 14:17:27,398 [DEBUG]: Requesting index 71 on port 2
2021-03-30 14:17:27,403 [DEBUG]: Added element [71]
2021-03-30 14:17:27,403 [DEBUG]: [2]: More variables, requesting index 72
2021-03-30 14:17:27,404 [DEBUG]: Requesting index 72 on port 2
2021-03-30 14:17:27,407 [DEBUG]: Added element [72]
2021-03-30 14:17:27,408 [DEBUG]: [2]: More variables, requesting index 73
2021-03-30 14:17:27,408 [DEBUG]: Requesting index 73 on port 2
2021-03-30 14:17:27,413 [DEBUG]: Added element [73]
2021-03-30 14:17:27,413 [DEBUG]: [2]: More variables, requesting index 74
2021-03-30 14:17:27,413 [DEBUG]: Requesting index 74 on port 2
2021-03-30 14:17:27,417 [DEBUG]: Added element [74]
2021-03-30 14:17:27,417 [DEBUG]: [2]: More variables, requesting index 75
2021-03-30 14:17:27,417 [DEBUG]: Requesting index 75 on port 2
2021-03-30 14:17:27,421 [DEBUG]: Added element [75]
2021-03-30 14:17:27,421 [DEBUG]: [2]: More variables, requesting index 76
2021-03-30 14:17:27,422 [DEBUG]: Requesting index 76 on port 2
2021-03-30 14:17:27,426 [DEBUG]: Added element [76]
2021-03-30 14:17:27,426 [DEBUG]: [2]: More variables, requesting index 77
2021-03-30 14:17:27,426 [DEBUG]: Requesting index 77 on port 2
2021-03-30 14:17:27,431 [DEBUG]: Added element [77]
2021-03-30 14:17:27,431 [DEBUG]: [2]: More variables, requesting index 78
2021-03-30 14:17:27,431 [DEBUG]: Requesting index 78 on port 2
2021-03-30 14:17:27,435 [DEBUG]: Added element [78]
2021-03-30 14:17:27,435 [DEBUG]: [2]: More variables, requesting index 79
2021-03-30 14:17:27,435 [DEBUG]: Requesting index 79 on port 2
2021-03-30 14:17:27,439 [DEBUG]: Added element [79]
2021-03-30 14:17:27,440 [DEBUG]: [2]: More variables, requesting index 80
2021-03-30 14:17:27,440 [DEBUG]: Requesting index 80 on port 2
2021-03-30 14:17:27,444 [DEBUG]: Added element [80]
2021-03-30 14:17:27,444 [DEBUG]: [2]: More variables, requesting index 81
2021-03-30 14:17:27,444 [DEBUG]: Requesting index 81 on port 2
2021-03-30 14:17:27,449 [DEBUG]: Added element [81]
2021-03-30 14:17:27,449 [DEBUG]: [2]: More variables, requesting index 82
2021-03-30 14:17:27,449 [DEBUG]: Requesting index 82 on port 2
2021-03-30 14:17:27,454 [DEBUG]: Added element [82]
2021-03-30 14:17:27,454 [DEBUG]: [2]: More variables, requesting index 83
2021-03-30 14:17:27,454 [DEBUG]: Requesting index 83 on port 2
2021-03-30 14:17:27,458 [DEBUG]: Added element [83]
2021-03-30 14:17:27,458 [DEBUG]: [2]: More variables, requesting index 84
2021-03-30 14:17:27,458 [DEBUG]: Requesting index 84 on port 2
2021-03-30 14:17:27,462 [DEBUG]: Added element [84]
2021-03-30 14:17:27,462 [DEBUG]: [2]: More variables, requesting index 85
2021-03-30 14:17:27,463 [DEBUG]: Requesting index 85 on port 2
2021-03-30 14:17:27,467 [DEBUG]: Added element [85]
2021-03-30 14:17:27,467 [DEBUG]: [2]: More variables, requesting index 86
2021-03-30 14:17:27,467 [DEBUG]: Requesting index 86 on port 2
2021-03-30 14:17:27,471 [DEBUG]: Added element [86]
2021-03-30 14:17:27,472 [DEBUG]: [2]: More variables, requesting index 87
2021-03-30 14:17:27,472 [DEBUG]: Requesting index 87 on port 2
2021-03-30 14:17:27,476 [DEBUG]: Added element [87]
2021-03-30 14:17:27,476 [DEBUG]: [2]: More variables, requesting index 88
2021-03-30 14:17:27,476 [DEBUG]: Requesting index 88 on port 2
2021-03-30 14:17:27,480 [DEBUG]: Added element [88]
2021-03-30 14:17:27,480 [DEBUG]: [2]: More variables, requesting index 89
2021-03-30 14:17:27,480 [DEBUG]: Requesting index 89 on port 2
2021-03-30 14:17:27,484 [DEBUG]: Added element [89]
2021-03-30 14:17:27,485 [DEBUG]: [2]: More variables, requesting index 90
2021-03-30 14:17:27,485 [DEBUG]: Requesting index 90 on port 2
2021-03-30 14:17:27,488 [DEBUG]: Added element [90]
2021-03-30 14:17:27,488 [DEBUG]: [2]: More variables, requesting index 91
2021-03-30 14:17:27,488 [DEBUG]: Requesting index 91 on port 2
2021-03-30 14:17:27,493 [DEBUG]: Added element [91]
2021-03-30 14:17:27,493 [DEBUG]: [2]: More variables, requesting index 92
2021-03-30 14:17:27,493 [DEBUG]: Requesting index 92 on port 2
2021-03-30 14:17:27,506 [DEBUG]: Added element [92]
2021-03-30 14:17:27,506 [DEBUG]: [2]: More variables, requesting index 93
2021-03-30 14:17:27,506 [DEBUG]: Requesting index 93 on port 2
2021-03-30 14:17:27,511 [DEBUG]: Added element [93]
2021-03-30 14:17:27,512 [DEBUG]: [2]: More variables, requesting index 94
2021-03-30 14:17:27,512 [DEBUG]: Requesting index 94 on port 2
2021-03-30 14:17:27,516 [DEBUG]: Added element [94]
2021-03-30 14:17:27,516 [DEBUG]: [2]: More variables, requesting index 95
2021-03-30 14:17:27,516 [DEBUG]: Requesting index 95 on port 2
2021-03-30 14:17:27,519 [DEBUG]: Added element [95]
2021-03-30 14:17:27,519 [DEBUG]: [2]: More variables, requesting index 96
2021-03-30 14:17:27,519 [DEBUG]: Requesting index 96 on port 2
2021-03-30 14:17:27,523 [DEBUG]: Added element [96]
2021-03-30 14:17:27,523 [DEBUG]: [2]: More variables, requesting index 97
2021-03-30 14:17:27,523 [DEBUG]: Requesting index 97 on port 2
2021-03-30 14:17:27,528 [DEBUG]: Added element [97]
2021-03-30 14:17:27,528 [DEBUG]: [2]: More variables, requesting index 98
2021-03-30 14:17:27,528 [DEBUG]: Requesting index 98 on port 2
2021-03-30 14:17:27,532 [DEBUG]: Added element [98]
2021-03-30 14:17:27,532 [DEBUG]: [2]: More variables, requesting index 99
2021-03-30 14:17:27,532 [DEBUG]: Requesting index 99 on port 2
2021-03-30 14:17:27,536 [DEBUG]: Added element [99]
2021-03-30 14:17:27,536 [DEBUG]: [2]: More variables, requesting index 100
2021-03-30 14:17:27,536 [DEBUG]: Requesting index 100 on port 2
2021-03-30 14:17:27,540 [DEBUG]: Added element [100]
2021-03-30 14:17:27,541 [DEBUG]: [2]: More variables, requesting index 101
2021-03-30 14:17:27,541 [DEBUG]: Requesting index 101 on port 2
2021-03-30 14:17:27,545 [DEBUG]: Added element [101]
2021-03-30 14:17:27,545 [DEBUG]: [2]: More variables, requesting index 102
2021-03-30 14:17:27,545 [DEBUG]: Requesting index 102 on port 2
2021-03-30 14:17:27,549 [DEBUG]: Added element [102]
2021-03-30 14:17:27,549 [DEBUG]: [2]: More variables, requesting index 103
2021-03-30 14:17:27,549 [DEBUG]: Requesting index 103 on port 2
2021-03-30 14:17:27,553 [DEBUG]: Added element [103]
2021-03-30 14:17:27,554 [DEBUG]: [2]: More variables, requesting index 104
2021-03-30 14:17:27,554 [DEBUG]: Requesting index 104 on port 2
2021-03-30 14:17:27,558 [DEBUG]: Added element [104]
2021-03-30 14:17:27,558 [DEBUG]: [2]: More variables, requesting index 105
2021-03-30 14:17:27,558 [DEBUG]: Requesting index 105 on port 2
2021-03-30 14:17:27,562 [DEBUG]: Added element [105]
2021-03-30 14:17:27,562 [DEBUG]: [2]: More variables, requesting index 106
2021-03-30 14:17:27,562 [DEBUG]: Requesting index 106 on port 2
2021-03-30 14:17:27,567 [DEBUG]: Added element [106]
2021-03-30 14:17:27,567 [DEBUG]: [2]: More variables, requesting index 107
2021-03-30 14:17:27,567 [DEBUG]: Requesting index 107 on port 2
2021-03-30 14:17:27,571 [DEBUG]: Added element [107]
2021-03-30 14:17:27,571 [DEBUG]: [2]: More variables, requesting index 108
2021-03-30 14:17:27,571 [DEBUG]: Requesting index 108 on port 2
2021-03-30 14:17:27,575 [DEBUG]: Added element [108]
2021-03-30 14:17:27,575 [DEBUG]: [2]: More variables, requesting index 109
2021-03-30 14:17:27,575 [DEBUG]: Requesting index 109 on port 2
2021-03-30 14:17:27,580 [DEBUG]: Added element [109]
2021-03-30 14:17:27,580 [DEBUG]: [2]: More variables, requesting index 110
2021-03-30 14:17:27,580 [DEBUG]: Requesting index 110 on port 2
2021-03-30 14:17:27,584 [DEBUG]: Added element [110]
2021-03-30 14:17:27,584 [DEBUG]: [2]: More variables, requesting index 111
2021-03-30 14:17:27,585 [DEBUG]: Requesting index 111 on port 2
2021-03-30 14:17:27,589 [DEBUG]: Added element [111]
2021-03-30 14:17:27,589 [DEBUG]: [2]: More variables, requesting index 112
2021-03-30 14:17:27,589 [DEBUG]: Requesting index 112 on port 2
2021-03-30 14:17:27,593 [DEBUG]: Added element [112]
2021-03-30 14:17:27,593 [DEBUG]: [2]: More variables, requesting index 113
2021-03-30 14:17:27,593 [DEBUG]: Requesting index 113 on port 2
2021-03-30 14:17:27,597 [DEBUG]: Added element [113]
2021-03-30 14:17:27,597 [DEBUG]: [2]: More variables, requesting index 114
2021-03-30 14:17:27,598 [DEBUG]: Requesting index 114 on port 2
2021-03-30 14:17:27,602 [DEBUG]: Added element [114]
2021-03-30 14:17:27,602 [DEBUG]: [2]: More variables, requesting index 115
2021-03-30 14:17:27,602 [DEBUG]: Requesting index 115 on port 2
2021-03-30 14:17:27,606 [DEBUG]: Added element [115]
2021-03-30 14:17:27,606 [DEBUG]: [2]: More variables, requesting index 116
2021-03-30 14:17:27,606 [DEBUG]: Requesting index 116 on port 2
2021-03-30 14:17:27,610 [DEBUG]: Added element [116]
2021-03-30 14:17:27,610 [DEBUG]: [2]: More variables, requesting index 117
2021-03-30 14:17:27,610 [DEBUG]: Requesting index 117 on port 2
2021-03-30 14:17:27,614 [DEBUG]: Added element [117]
2021-03-30 14:17:27,614 [DEBUG]: [2]: More variables, requesting index 118
2021-03-30 14:17:27,615 [DEBUG]: Requesting index 118 on port 2
2021-03-30 14:17:27,619 [DEBUG]: Added element [118]
2021-03-30 14:17:27,619 [DEBUG]: [2]: More variables, requesting index 119
2021-03-30 14:17:27,619 [DEBUG]: Requesting index 119 on port 2
2021-03-30 14:17:27,623 [DEBUG]: Added element [119]
2021-03-30 14:17:27,623 [DEBUG]: [2]: More variables, requesting index 120
2021-03-30 14:17:27,623 [DEBUG]: Requesting index 120 on port 2
2021-03-30 14:17:27,637 [DEBUG]: Added element [120]
2021-03-30 14:17:27,637 [DEBUG]: [2]: More variables, requesting index 121
2021-03-30 14:17:27,637 [DEBUG]: Requesting index 121 on port 2
2021-03-30 14:17:27,642 [DEBUG]: Added element [121]
2021-03-30 14:17:27,642 [DEBUG]: [2]: More variables, requesting index 122
2021-03-30 14:17:27,642 [DEBUG]: Requesting index 122 on port 2
2021-03-30 14:17:27,646 [DEBUG]: Added element [122]
2021-03-30 14:17:27,646 [DEBUG]: [2]: More variables, requesting index 123
2021-03-30 14:17:27,646 [DEBUG]: Requesting index 123 on port 2
2021-03-30 14:17:27,650 [DEBUG]: Added element [123]
2021-03-30 14:17:27,651 [DEBUG]: [2]: More variables, requesting index 124
2021-03-30 14:17:27,651 [DEBUG]: Requesting index 124 on port 2
2021-03-30 14:17:27,654 [DEBUG]: Added element [124]
2021-03-30 14:17:27,655 [DEBUG]: [2]: More variables, requesting index 125
2021-03-30 14:17:27,655 [DEBUG]: Requesting index 125 on port 2
2021-03-30 14:17:27,659 [DEBUG]: Added element [125]
2021-03-30 14:17:27,659 [DEBUG]: [2]: More variables, requesting index 126
2021-03-30 14:17:27,659 [DEBUG]: Requesting index 126 on port 2
2021-03-30 14:17:27,663 [DEBUG]: Added element [126]
2021-03-30 14:17:27,663 [DEBUG]: [2]: More variables, requesting index 127
2021-03-30 14:17:27,663 [DEBUG]: Requesting index 127 on port 2
2021-03-30 14:17:27,667 [DEBUG]: Added element [127]
2021-03-30 14:17:27,667 [DEBUG]: [2]: More variables, requesting index 128
2021-03-30 14:17:27,667 [DEBUG]: Requesting index 128 on port 2
2021-03-30 14:17:27,671 [DEBUG]: Added element [128]
2021-03-30 14:17:27,671 [DEBUG]: [2]: More variables, requesting index 129
2021-03-30 14:17:27,671 [DEBUG]: Requesting index 129 on port 2
2021-03-30 14:17:27,675 [DEBUG]: Added element [129]
2021-03-30 14:17:27,676 [DEBUG]: [2]: More variables, requesting index 130
2021-03-30 14:17:27,676 [DEBUG]: Requesting index 130 on port 2
2021-03-30 14:17:27,680 [DEBUG]: Added element [130]
2021-03-30 14:17:27,680 [DEBUG]: [2]: More variables, requesting index 131
2021-03-30 14:17:27,680 [DEBUG]: Requesting index 131 on port 2
2021-03-30 14:17:27,684 [DEBUG]: Added element [131]
2021-03-30 14:17:27,684 [DEBUG]: [2]: More variables, requesting index 132
2021-03-30 14:17:27,684 [DEBUG]: Requesting index 132 on port 2
2021-03-30 14:17:27,688 [DEBUG]: Added element [132]
2021-03-30 14:17:27,688 [DEBUG]: [2]: More variables, requesting index 133
2021-03-30 14:17:27,688 [DEBUG]: Requesting index 133 on port 2
2021-03-30 14:17:27,692 [DEBUG]: Added element [133]
2021-03-30 14:17:27,692 [DEBUG]: [2]: More variables, requesting index 134
2021-03-30 14:17:27,692 [DEBUG]: Requesting index 134 on port 2
2021-03-30 14:17:27,696 [DEBUG]: Added element [134]
2021-03-30 14:17:27,696 [DEBUG]: [2]: More variables, requesting index 135
2021-03-30 14:17:27,697 [DEBUG]: Requesting index 135 on port 2
2021-03-30 14:17:27,700 [DEBUG]: Added element [135]
2021-03-30 14:17:27,700 [DEBUG]: [2]: More variables, requesting index 136
2021-03-30 14:17:27,700 [DEBUG]: Requesting index 136 on port 2
2021-03-30 14:17:27,705 [DEBUG]: Added element [136]
2021-03-30 14:17:27,705 [DEBUG]: [2]: More variables, requesting index 137
2021-03-30 14:17:27,705 [DEBUG]: Requesting index 137 on port 2
2021-03-30 14:17:27,709 [DEBUG]: Added element [137]
2021-03-30 14:17:27,709 [DEBUG]: [2]: More variables, requesting index 138
2021-03-30 14:17:27,709 [DEBUG]: Requesting index 138 on port 2
2021-03-30 14:17:27,714 [DEBUG]: Added element [138]
2021-03-30 14:17:27,714 [DEBUG]: [2]: More variables, requesting index 139
2021-03-30 14:17:27,714 [DEBUG]: Requesting index 139 on port 2
2021-03-30 14:17:27,718 [DEBUG]: Added element [139]
2021-03-30 14:17:27,718 [DEBUG]: [2]: More variables, requesting index 140
2021-03-30 14:17:27,718 [DEBUG]: Requesting index 140 on port 2
2021-03-30 14:17:27,723 [DEBUG]: Added element [140]
2021-03-30 14:17:27,723 [DEBUG]: [2]: More variables, requesting index 141
2021-03-30 14:17:27,723 [DEBUG]: Requesting index 141 on port 2
2021-03-30 14:17:27,727 [DEBUG]: Added element [141]
2021-03-30 14:17:27,727 [DEBUG]: [2]: More variables, requesting index 142
2021-03-30 14:17:27,727 [DEBUG]: Requesting index 142 on port 2
2021-03-30 14:17:27,731 [DEBUG]: Added element [142]
2021-03-30 14:17:27,731 [DEBUG]: [2]: More variables, requesting index 143
2021-03-30 14:17:27,731 [DEBUG]: Requesting index 143 on port 2
2021-03-30 14:17:27,735 [DEBUG]: Added element [143]
2021-03-30 14:17:27,735 [DEBUG]: [2]: More variables, requesting index 144
2021-03-30 14:17:27,735 [DEBUG]: Requesting index 144 on port 2
2021-03-30 14:17:27,739 [DEBUG]: Added element [144]
2021-03-30 14:17:27,739 [DEBUG]: [2]: More variables, requesting index 145
2021-03-30 14:17:27,739 [DEBUG]: Requesting index 145 on port 2
2021-03-30 14:17:27,743 [DEBUG]: Added element [145]
2021-03-30 14:17:27,744 [DEBUG]: [2]: More variables, requesting index 146
2021-03-30 14:17:27,744 [DEBUG]: Requesting index 146 on port 2
2021-03-30 14:17:27,748 [DEBUG]: Added element [146]
2021-03-30 14:17:27,748 [DEBUG]: [2]: More variables, requesting index 147
2021-03-30 14:17:27,748 [DEBUG]: Requesting index 147 on port 2
2021-03-30 14:17:27,752 [DEBUG]: Added element [147]
2021-03-30 14:17:27,752 [DEBUG]: [2]: More variables, requesting index 148
2021-03-30 14:17:27,752 [DEBUG]: Requesting index 148 on port 2
2021-03-30 14:17:27,765 [DEBUG]: Added element [148]
2021-03-30 14:17:27,765 [DEBUG]: [2]: More variables, requesting index 149
2021-03-30 14:17:27,765 [DEBUG]: Requesting index 149 on port 2
2021-03-30 14:17:27,769 [DEBUG]: Added element [149]
2021-03-30 14:17:27,769 [DEBUG]: [2]: More variables, requesting index 150
2021-03-30 14:17:27,769 [DEBUG]: Requesting index 150 on port 2
2021-03-30 14:17:27,773 [DEBUG]: Added element [150]
2021-03-30 14:17:27,773 [DEBUG]: [2]: More variables, requesting index 151
2021-03-30 14:17:27,773 [DEBUG]: Requesting index 151 on port 2
2021-03-30 14:17:27,777 [DEBUG]: Added element [151]
2021-03-30 14:17:27,777 [DEBUG]: [2]: More variables, requesting index 152
2021-03-30 14:17:27,777 [DEBUG]: Requesting index 152 on port 2
2021-03-30 14:17:27,781 [DEBUG]: Added element [152]
2021-03-30 14:17:27,782 [DEBUG]: [2]: More variables, requesting index 153
2021-03-30 14:17:27,782 [DEBUG]: Requesting index 153 on port 2
2021-03-30 14:17:27,786 [DEBUG]: Added element [153]
2021-03-30 14:17:27,786 [DEBUG]: [2]: More variables, requesting index 154
2021-03-30 14:17:27,786 [DEBUG]: Requesting index 154 on port 2
2021-03-30 14:17:27,790 [DEBUG]: Added element [154]
2021-03-30 14:17:27,790 [DEBUG]: [2]: More variables, requesting index 155
2021-03-30 14:17:27,790 [DEBUG]: Requesting index 155 on port 2
2021-03-30 14:17:27,795 [DEBUG]: Added element [155]
2021-03-30 14:17:27,795 [DEBUG]: [2]: More variables, requesting index 156
2021-03-30 14:17:27,795 [DEBUG]: Requesting index 156 on port 2
2021-03-30 14:17:27,799 [DEBUG]: Added element [156]
2021-03-30 14:17:27,799 [DEBUG]: [2]: More variables, requesting index 157
2021-03-30 14:17:27,799 [DEBUG]: Requesting index 157 on port 2
2021-03-30 14:17:27,804 [DEBUG]: Added element [157]
2021-03-30 14:17:27,804 [DEBUG]: [2]: More variables, requesting index 158
2021-03-30 14:17:27,804 [DEBUG]: Requesting index 158 on port 2
2021-03-30 14:17:27,808 [DEBUG]: Added element [158]
2021-03-30 14:17:27,808 [DEBUG]: [2]: More variables, requesting index 159
2021-03-30 14:17:27,808 [DEBUG]: Requesting index 159 on port 2
2021-03-30 14:17:27,813 [DEBUG]: Added element [159]
2021-03-30 14:17:27,813 [DEBUG]: [2]: More variables, requesting index 160
2021-03-30 14:17:27,813 [DEBUG]: Requesting index 160 on port 2
2021-03-30 14:17:27,817 [DEBUG]: Added element [160]
2021-03-30 14:17:27,817 [DEBUG]: [2]: More variables, requesting index 161
2021-03-30 14:17:27,817 [DEBUG]: Requesting index 161 on port 2
2021-03-30 14:17:27,822 [DEBUG]: Added element [161]
2021-03-30 14:17:27,822 [DEBUG]: [2]: More variables, requesting index 162
2021-03-30 14:17:27,822 [DEBUG]: Requesting index 162 on port 2
2021-03-30 14:17:27,826 [DEBUG]: Added element [162]
2021-03-30 14:17:27,826 [DEBUG]: [2]: More variables, requesting index 163
2021-03-30 14:17:27,826 [DEBUG]: Requesting index 163 on port 2
2021-03-30 14:17:27,830 [DEBUG]: Added element [163]
2021-03-30 14:17:27,831 [WARNING]: Could not save cache, no writable directory
2021-03-30 14:17:27,831 [DEBUG]: Removing callback on port [2] to [<bound method TocFetcher._new_packet_cb of <cflib.crazyflie.toc.TocFetcher object at 0x0000024DB32230C8>>]
2021-03-30 14:17:27,831 [DEBUG]: [2]: Done!
2021-03-30 14:17:27,831 [INFO]: Param TOC finished updating
2021-03-30 14:17:27,831 [INFO]: Callback->Connection setup finished [radio://0/80/2M]
2021-03-30 14:17:27,831 [DEBUG]: Requesting request to update param [6]
2021-03-30 14:17:27,831 [DEBUG]: Requesting request to update param [1]
2021-03-30 14:17:27,831 [INFO]: Closing link
2021-03-30 14:17:27,831 [DEBUG]: Requesting request to update param [2]
2021-03-30 14:17:27,832 [DEBUG]: Requesting request to update param [3]
2021-03-30 14:17:27,832 [DEBUG]: Requesting request to update param [4]
2021-03-30 14:17:27,832 [DEBUG]: Requesting request to update param [5]
2021-03-30 14:17:27,832 [DEBUG]: Requesting request to update param [7]
2021-03-30 14:17:27,832 [DEBUG]: Requesting request to update param [8]
2021-03-30 14:17:27,832 [DEBUG]: Requesting request to update param [9]
2021-03-30 14:17:27,832 [DEBUG]: Requesting request to update param [10]
2021-03-30 14:17:27,832 [DEBUG]: Requesting request to update param [11]
2021-03-30 14:17:27,832 [DEBUG]: Requesting request to update param [16]
2021-03-30 14:17:27,833 [DEBUG]: Requesting request to update param [12]
2021-03-30 14:17:27,833 [INFO]: Callback->Disconnected from [radio://0/80/2M]
2021-03-30 14:17:27,833 [WARNING]: Unable to find variable [sound.neffect]
