2020-12-21 17:05:25,137 [INFO]: Connecting to the Vicon...
2020-12-21 17:05:25,139 [INFO]: Connected to Vicon!
2020-12-21 17:05:25,139 [INFO]: Setting up the buffer...
2020-12-21 17:05:25,139 [INFO]: Buffer of 1000 frames created.
2020-12-21 17:05:25,139 [INFO]: Enabling data types...
2020-12-21 17:05:25,139 [DEBUG]: Segments: True
2020-12-21 17:05:25,139 [DEBUG]: Markers: True
2020-12-21 17:05:25,139 [DEBUG]: Unlabeled Markers: True
2020-12-21 17:05:25,140 [DEBUG]: Marker Rays: True
2020-12-21 17:05:25,140 [DEBUG]: Devices: True
2020-12-21 17:05:25,140 [DEBUG]: Centroids: True 
2020-12-21 17:05:25,140 [INFO]: Testing stream modes...
2020-12-21 17:05:25,140 [INFO]: Getting a frame in ClientPull mode...
2020-12-21 17:05:26,140 [ERROR]: Error using ClientPull mode. 
 NoFrame
2020-12-21 17:05:26,140 [INFO]: Getting a frame in PreFetch mode...
2020-12-21 17:05:27,141 [ERROR]: Error using ClientPreFetch mode. 
 NoFrame
2020-12-21 17:05:27,141 [INFO]: Getting a frame in ServerPush mode...
2020-12-21 17:05:27,141 [DEBUG]: Fetched! Pulled frame number: 1177382
2020-12-21 17:05:27,141 [INFO]: ServerPush mode set.
2020-12-21 17:05:27,141 [INFO]: Getting available framerates...
2020-12-21 17:05:27,141 [INFO]: Current frame rate: 100.0 Hz.
2020-12-21 17:05:27,142 [INFO]: Frame rates available: 
2020-12-21 17:05:27,142 [INFO]: Process Rate : 99 Hz 

2020-12-21 17:05:27,142 [INFO]: Setting axis...
2020-12-21 17:05:27,142 [INFO]: X Axis: AxisMapping.EForward
2020-12-21 17:05:27,142 [INFO]: Y Axis: AxisMapping.ELeft
2020-12-21 17:05:27,142 [INFO]: Z Axis: AxisMapping.EUp
2020-12-21 17:05:27,142 [INFO]: Initializing drivers...
2020-12-21 17:05:27,143 [INFO]: Drivers initialized.
2020-12-21 17:05:27,143 [INFO]: Connecting to the Crazyflie...
2020-12-21 17:05:27,143 [DEBUG]: Adding callback on port [6] to [<bound method Localization._incoming of <cflib.crazyflie.localization.Localization object at 0x00000271FF93C188>>]
2020-12-21 17:05:27,143 [DEBUG]: Adding callback on port [5] to [<bound method Log._new_packet_cb of <cflib.crazyflie.log.Log object at 0x00000271FF93C208>>]
2020-12-21 17:05:27,143 [DEBUG]: Adding callback on port [0] to [<bound method Console.incoming of <cflib.crazyflie.console.Console object at 0x00000271FF93C2C8>>]
2020-12-21 17:05:27,143 [DEBUG]: Adding callback on port [2] to [<bound method _ParamUpdater._new_packet_cb of <_ParamUpdater(Thread-2, initial daemon)>>]
2020-12-21 17:05:27,144 [DEBUG]: Adding callback on port [4] to [<bound method Memory._new_packet_cb of <cflib.crazyflie.mem.Memory object at 0x00000271FF07E508>>]
2020-12-21 17:05:27,144 [DEBUG]: Adding callback on port [13] to [<bound method PlatformService._platform_callback of <cflib.crazyflie.platformservice.PlatformService object at 0x00000271FF93C748>>]
2020-12-21 17:05:27,144 [DEBUG]: Adding callback on port [15] to [<bound method PlatformService._crt_service_callback of <cflib.crazyflie.platformservice.PlatformService object at 0x00000271FF93C748>>]
