2020-12-21 15:44:49,444 [INFO]: Connecting to the Vicon...
2020-12-21 15:44:49,445 [INFO]: Connected to Vicon!
2020-12-21 15:44:49,445 [INFO]: Setting up the buffer...
2020-12-21 15:44:49,445 [INFO]: Buffer of 1000 frames created.
2020-12-21 15:44:49,445 [INFO]: Enabling data types...
2020-12-21 15:44:49,446 [DEBUG]: Segments: True
2020-12-21 15:44:49,446 [DEBUG]: Markers: True
2020-12-21 15:44:49,446 [DEBUG]: Unlabeled Markers: True
2020-12-21 15:44:49,446 [DEBUG]: Marker Rays: True
2020-12-21 15:44:49,446 [DEBUG]: Devices: True
2020-12-21 15:44:49,446 [DEBUG]: Centroids: True 
2020-12-21 15:44:49,446 [INFO]: Testing stream modes...
2020-12-21 15:44:49,446 [INFO]: Getting a frame in ClientPull mode...
2020-12-21 15:44:50,446 [ERROR]: Error using ClientPull mode. 
 NoFrame
2020-12-21 15:44:50,446 [INFO]: Getting a frame in PreFetch mode...
2020-12-21 15:44:51,446 [ERROR]: Error using ClientPreFetch mode. 
 NoFrame
2020-12-21 15:44:51,446 [INFO]: Getting a frame in ServerPush mode...
2020-12-21 15:44:51,447 [DEBUG]: Fetched! Pulled frame number: 693808
2020-12-21 15:44:51,447 [INFO]: ServerPush mode set.
2020-12-21 15:44:51,448 [INFO]: Getting available framerates...
2020-12-21 15:44:51,448 [INFO]: Current frame rate: 100.0 Hz.
2020-12-21 15:44:51,448 [INFO]: Frame rates available: 
2020-12-21 15:44:51,448 [INFO]: Process Rate : 99 Hz 

2020-12-21 15:44:51,448 [INFO]: Setting axis...
2020-12-21 15:44:51,448 [INFO]: X Axis: AxisMapping.EForward
2020-12-21 15:44:51,449 [INFO]: Y Axis: AxisMapping.ELeft
2020-12-21 15:44:51,449 [INFO]: Z Axis: AxisMapping.EUp
2020-12-21 15:44:51,449 [INFO]: Initializing drivers...
2020-12-21 15:44:51,449 [INFO]: Drivers initialized.
2020-12-21 15:44:51,449 [INFO]: Connecting to the Crazyflie...
2020-12-21 15:44:51,449 [DEBUG]: Adding callback on port [6] to [<bound method Localization._incoming of <cflib.crazyflie.localization.Localization object at 0x00000251E3BEC288>>]
2020-12-21 15:44:51,450 [DEBUG]: Adding callback on port [5] to [<bound method Log._new_packet_cb of <cflib.crazyflie.log.Log object at 0x00000251E3BEC388>>]
2020-12-21 15:44:51,450 [DEBUG]: Adding callback on port [0] to [<bound method Console.incoming of <cflib.crazyflie.console.Console object at 0x00000251E1302BC8>>]
2020-12-21 15:44:51,450 [DEBUG]: Adding callback on port [2] to [<bound method _ParamUpdater._new_packet_cb of <_ParamUpdater(Thread-2, initial daemon)>>]
2020-12-21 15:44:51,451 [DEBUG]: Adding callback on port [4] to [<bound method Memory._new_packet_cb of <cflib.crazyflie.mem.Memory object at 0x00000251E3BEC788>>]
2020-12-21 15:44:51,451 [DEBUG]: Adding callback on port [13] to [<bound method PlatformService._platform_callback of <cflib.crazyflie.platformservice.PlatformService object at 0x00000251E3BEC8C8>>]
2020-12-21 15:44:51,451 [DEBUG]: Adding callback on port [15] to [<bound method PlatformService._crt_service_callback of <cflib.crazyflie.platformservice.PlatformService object at 0x00000251E3BEC8C8>>]
