2020-12-21 17:08:21,008 [INFO]: Connecting to the Vicon...
2020-12-21 17:08:21,010 [INFO]: Connected to Vicon!
2020-12-21 17:08:21,010 [INFO]: Setting up the buffer...
2020-12-21 17:08:21,011 [INFO]: Buffer of 1000 frames created.
2020-12-21 17:08:21,011 [INFO]: Enabling data types...
2020-12-21 17:08:21,011 [DEBUG]: Segments: True
2020-12-21 17:08:21,011 [DEBUG]: Markers: True
2020-12-21 17:08:21,011 [DEBUG]: Unlabeled Markers: True
2020-12-21 17:08:21,011 [DEBUG]: Marker Rays: True
2020-12-21 17:08:21,011 [DEBUG]: Devices: True
2020-12-21 17:08:21,011 [DEBUG]: Centroids: True 
2020-12-21 17:08:21,012 [INFO]: Testing stream modes...
2020-12-21 17:08:21,012 [INFO]: Getting a frame in ClientPull mode...
2020-12-21 17:08:21,012 [DEBUG]: Fetched! Pulled frame number: 1194779
2020-12-21 17:08:21,012 [INFO]: Getting a frame in PreFetch mode...
2020-12-21 17:08:22,016 [INFO]: Getting a frame in ServerPush mode...
2020-12-21 17:08:22,017 [DEBUG]: Fetched! Pulled frame number: 1194870
2020-12-21 17:08:22,017 [INFO]: ServerPush mode set.
2020-12-21 17:08:22,017 [INFO]: Getting available framerates...
2020-12-21 17:08:22,017 [INFO]: Current frame rate: 100.0 Hz.
2020-12-21 17:08:22,017 [INFO]: Frame rates available: 
2020-12-21 17:08:22,018 [INFO]: Process Rate : 0 Hz 

2020-12-21 17:08:22,018 [INFO]: Setting axis...
2020-12-21 17:08:22,018 [INFO]: X Axis: AxisMapping.EForward
2020-12-21 17:08:22,018 [INFO]: Y Axis: AxisMapping.ELeft
2020-12-21 17:08:22,018 [INFO]: Z Axis: AxisMapping.EUp
2020-12-21 17:08:22,018 [INFO]: Initializing drivers...
2020-12-21 17:08:22,019 [INFO]: Drivers initialized.
2020-12-21 17:08:22,019 [INFO]: Connecting to the Crazyflie...
2020-12-21 17:08:22,019 [DEBUG]: Adding callback on port [6] to [<bound method Localization._incoming of <cflib.crazyflie.localization.Localization object at 0x0000023F704B3D48>>]
2020-12-21 17:08:22,019 [DEBUG]: Adding callback on port [5] to [<bound method Log._new_packet_cb of <cflib.crazyflie.log.Log object at 0x0000023F704B3DC8>>]
2020-12-21 17:08:22,019 [DEBUG]: Adding callback on port [0] to [<bound method Console.incoming of <cflib.crazyflie.console.Console object at 0x0000023F704B3EC8>>]
2020-12-21 17:08:22,020 [DEBUG]: Adding callback on port [2] to [<bound method _ParamUpdater._new_packet_cb of <_ParamUpdater(Thread-2, initial daemon)>>]
2020-12-21 17:08:22,020 [DEBUG]: Adding callback on port [4] to [<bound method Memory._new_packet_cb of <cflib.crazyflie.mem.Memory object at 0x0000023F704C6288>>]
2020-12-21 17:08:22,021 [DEBUG]: Adding callback on port [13] to [<bound method PlatformService._platform_callback of <cflib.crazyflie.platformservice.PlatformService object at 0x0000023F704C63C8>>]
2020-12-21 17:08:22,021 [DEBUG]: Adding callback on port [15] to [<bound method PlatformService._crt_service_callback of <cflib.crazyflie.platformservice.PlatformService object at 0x0000023F704C63C8>>]
