2021-05-14 17:55:59,851 [INFO]: Connecting to the Vicon...
2021-05-14 17:55:59,852 [INFO]: Connected to Vicon!
2021-05-14 17:55:59,852 [INFO]: Enabling data types...
2021-05-14 17:55:59,853 [DEBUG]: Segments: True
2021-05-14 17:55:59,853 [DEBUG]: Markers: True
2021-05-14 17:55:59,853 [DEBUG]: Unlabeled Markers: True
2021-05-14 17:55:59,853 [DEBUG]: Marker Rays: True
2021-05-14 17:55:59,853 [DEBUG]: Devices: True
2021-05-14 17:55:59,853 [DEBUG]: Centroids: True 
2021-05-14 17:55:59,853 [INFO]: Testing stream modes...
2021-05-14 17:55:59,853 [INFO]: Getting a frame in ClientPull mode...
2021-05-14 17:55:59,854 [DEBUG]: Fetched! Pulled frame number: 2565524
2021-05-14 17:55:59,854 [INFO]: Getting a frame in PreFetch mode...
2021-05-14 17:56:00,856 [DEBUG]: Vicon is not streaming! 2565524
2021-05-14 17:56:00,856 [INFO]: Getting a frame in ServerPush mode...
2021-05-14 17:56:00,857 [DEBUG]: Fetched! Pulled frame number: 2565615
2021-05-14 17:56:00,857 [INFO]: ServerPush mode set.
2021-05-14 17:56:00,858 [INFO]: Getting available framerates...
2021-05-14 17:56:00,858 [INFO]: Current Vicon frame rate: 100.0 Hz.
2021-05-14 17:56:00,858 [INFO]: Available frame rates: 
2021-05-14 17:56:00,858 [INFO]: Process Rate : 101 Hz 

2021-05-14 17:56:00,858 [INFO]: Setting axis...
2021-05-14 17:56:00,859 [INFO]: X Axis: AxisMapping.EForward
2021-05-14 17:56:00,859 [INFO]: Y Axis: AxisMapping.ELeft
2021-05-14 17:56:00,859 [INFO]: Z Axis: AxisMapping.EUp
2021-05-14 17:56:00,859 [INFO]: Initializing drivers...
2021-05-14 17:56:00,859 [INFO]: Drivers initialized.
2021-05-14 17:56:00,859 [INFO]: Connecting to the Crazyflie...
2021-05-14 17:56:00,860 [DEBUG]: Adding callback on port [6] to [<bound method Localization._incoming of <cflib.crazyflie.localization.Localization object at 0x000001F8E5627388>>]
2021-05-14 17:56:00,860 [DEBUG]: Adding callback on port [5] to [<bound method Log._new_packet_cb of <cflib.crazyflie.log.Log object at 0x000001F8E5627408>>]
2021-05-14 17:56:00,860 [DEBUG]: Adding callback on port [0] to [<bound method Console.incoming of <cflib.crazyflie.console.Console object at 0x000001F8E5627508>>]
2021-05-14 17:56:00,861 [DEBUG]: Adding callback on port [2] to [<bound method _ParamUpdater._new_packet_cb of <_ParamUpdater(Thread-2, initial daemon)>>]
2021-05-14 17:56:00,861 [DEBUG]: Adding callback on port [4] to [<bound method Memory._new_packet_cb of <cflib.crazyflie.mem.Memory object at 0x000001F8E56277C8>>]
2021-05-14 17:56:00,862 [DEBUG]: Adding callback on port [13] to [<bound method PlatformService._platform_callback of <cflib.crazyflie.platformservice.PlatformService object at 0x000001F8E5627988>>]
2021-05-14 17:56:00,862 [DEBUG]: Adding callback on port [15] to [<bound method PlatformService._crt_service_callback of <cflib.crazyflie.platformservice.PlatformService object at 0x000001F8E5627988>>]
2021-05-14 17:56:00,862 [DEBUG]: Adding callback on port [13] to [<bound method Appchannel._incoming of <cflib.crazyflie.appchannel.Appchannel object at 0x000001F8E56279C8>>]
2021-05-14 17:56:00,862 [INFO]: Crazyflie2 has the following segments: ['Crazyflie2']
2021-05-14 17:56:00,863 [INFO]: Crazyflie2 has root: Crazyflie2
2021-05-14 17:56:00,863 [INFO]: Active Wand v2 (Origin Tracking) has the following segments: ['Root']
2021-05-14 17:56:00,863 [INFO]: Active Wand v2 (Origin Tracking) has root: Root
2021-05-14 17:56:00,863 [DEBUG]: ===Checking functions without flying===
2021-05-14 17:56:00,863 [DEBUG]: ===============Offline check done=================
2021-05-14 17:56:00,868 [INFO]: Callback->Connection initialized[radio://0/80/2M]
2021-05-14 17:56:00,873 [INFO]: We are connected[radio://0/80/2M], request connection setup
2021-05-14 17:56:01,090 [INFO]: Callback->Connected to [radio://0/80/2M]
