2021-05-14 15:20:53,647 [INFO]: Connecting to the Vicon...
2021-05-14 15:20:53,648 [INFO]: Connected to Vicon!
2021-05-14 15:20:53,648 [INFO]: Enabling data types...
2021-05-14 15:20:53,648 [DEBUG]: Segments: True
2021-05-14 15:20:53,648 [DEBUG]: Markers: True
2021-05-14 15:20:53,649 [DEBUG]: Unlabeled Markers: True
2021-05-14 15:20:53,649 [DEBUG]: Marker Rays: True
2021-05-14 15:20:53,649 [DEBUG]: Devices: True
2021-05-14 15:20:53,649 [DEBUG]: Centroids: True 
2021-05-14 15:20:53,649 [INFO]: Testing stream modes...
2021-05-14 15:20:53,649 [INFO]: Getting a frame in ClientPull mode...
2021-05-14 15:20:54,650 [ERROR]: Error using ClientPull mode. --> NoFrame
2021-05-14 15:20:54,650 [INFO]: Getting a frame in PreFetch mode...
2021-05-14 15:20:55,652 [ERROR]: Error using ClientPreFetch mode. --> NoFrame
2021-05-14 15:20:55,652 [INFO]: Getting a frame in ServerPush mode...
2021-05-14 15:20:55,652 [DEBUG]: Fetched! Pulled frame number: 1635091
2021-05-14 15:20:55,652 [INFO]: ServerPush mode set.
2021-05-14 15:20:55,652 [INFO]: Getting available framerates...
2021-05-14 15:20:55,652 [INFO]: Current Vicon frame rate: 100.0 Hz.
2021-05-14 15:20:55,652 [INFO]: Available frame rates: 
2021-05-14 15:20:55,652 [INFO]: Process Rate : 99 Hz 

2021-05-14 15:20:55,652 [INFO]: Setting axis...
2021-05-14 15:20:55,653 [INFO]: X Axis: AxisMapping.EForward
2021-05-14 15:20:55,653 [INFO]: Y Axis: AxisMapping.ELeft
2021-05-14 15:20:55,653 [INFO]: Z Axis: AxisMapping.EUp
2021-05-14 15:20:55,653 [INFO]: Initializing drivers...
2021-05-14 15:20:55,653 [INFO]: Drivers initialized.
2021-05-14 15:20:55,653 [INFO]: Connecting to the Crazyflie...
2021-05-14 15:20:55,653 [DEBUG]: Adding callback on port [6] to [<bound method Localization._incoming of <cflib.crazyflie.localization.Localization object at 0x000002A5EF6D5648>>]
2021-05-14 15:20:55,653 [DEBUG]: Adding callback on port [5] to [<bound method Log._new_packet_cb of <cflib.crazyflie.log.Log object at 0x000002A5EF6D5748>>]
2021-05-14 15:20:55,653 [DEBUG]: Adding callback on port [0] to [<bound method Console.incoming of <cflib.crazyflie.console.Console object at 0x000002A5EF6D5808>>]
2021-05-14 15:20:55,653 [DEBUG]: Adding callback on port [2] to [<bound method _ParamUpdater._new_packet_cb of <_ParamUpdater(Thread-2, initial daemon)>>]
2021-05-14 15:20:55,653 [DEBUG]: Adding callback on port [4] to [<bound method Memory._new_packet_cb of <cflib.crazyflie.mem.Memory object at 0x000002A5EF6D5B48>>]
2021-05-14 15:20:55,653 [DEBUG]: Adding callback on port [13] to [<bound method PlatformService._platform_callback of <cflib.crazyflie.platformservice.PlatformService object at 0x000002A5EF6D5CC8>>]
2021-05-14 15:20:55,653 [DEBUG]: Adding callback on port [15] to [<bound method PlatformService._crt_service_callback of <cflib.crazyflie.platformservice.PlatformService object at 0x000002A5EF6D5CC8>>]
2021-05-14 15:20:55,653 [DEBUG]: Adding callback on port [13] to [<bound method Appchannel._incoming of <cflib.crazyflie.appchannel.Appchannel object at 0x000002A5EF6D5D08>>]
2021-05-14 15:20:55,654 [INFO]: Crazyflie2 has the following segments: ['Crazyflie2']
2021-05-14 15:20:55,654 [INFO]: Crazyflie2 has root: Crazyflie2
2021-05-14 15:20:55,654 [INFO]: Tarot_Buzz has the following segments: ['Tarot_Buzz']
2021-05-14 15:20:55,654 [INFO]: Tarot_Buzz has root: Tarot_Buzz
2021-05-14 15:20:55,654 [DEBUG]: ===Checking functions without flying===
2021-05-14 15:20:55,654 [DEBUG]: ===============Offline check done=================
2021-05-14 15:20:55,655 [INFO]: Callback->Connection initialized[radio://0/80/2M]
2021-05-14 15:20:55,659 [INFO]: We are connected[radio://0/80/2M], request connection setup
2021-05-14 15:20:56,003 [WARNING]: Got link error callback [Too many packets lost] in state [1]
2021-05-14 15:20:56,003 [INFO]: Callback->Connected failed to [radio://0/80/2M]: Too many packets lost
