2021-05-14 15:10:29,441 [INFO]: Connecting to the Vicon...
2021-05-14 15:10:29,443 [INFO]: Connected to Vicon!
2021-05-14 15:10:29,443 [INFO]: Enabling data types...
2021-05-14 15:10:29,443 [DEBUG]: Segments: True
2021-05-14 15:10:29,443 [DEBUG]: Markers: True
2021-05-14 15:10:29,443 [DEBUG]: Unlabeled Markers: True
2021-05-14 15:10:29,444 [DEBUG]: Marker Rays: True
2021-05-14 15:10:29,444 [DEBUG]: Devices: True
2021-05-14 15:10:29,444 [DEBUG]: Centroids: True 
2021-05-14 15:10:29,444 [INFO]: Testing stream modes...
2021-05-14 15:10:29,444 [INFO]: Getting a frame in ClientPull mode...
2021-05-14 15:10:29,445 [DEBUG]: Fetched! Pulled frame number: 1572479
2021-05-14 15:10:29,445 [INFO]: Getting a frame in PreFetch mode...
2021-05-14 15:10:30,451 [INFO]: Getting a frame in ServerPush mode...
2021-05-14 15:10:30,452 [DEBUG]: Fetched! Pulled frame number: 1572570
2021-05-14 15:10:30,452 [INFO]: ServerPush mode set.
2021-05-14 15:10:30,452 [INFO]: Getting available framerates...
2021-05-14 15:10:30,452 [INFO]: Current Vicon frame rate: 100.0 Hz.
2021-05-14 15:10:30,452 [INFO]: Available frame rates: 
2021-05-14 15:10:30,452 [INFO]: Process Rate : 0 Hz 

2021-05-14 15:10:30,452 [INFO]: Setting axis...
2021-05-14 15:10:30,453 [INFO]: X Axis: AxisMapping.EForward
2021-05-14 15:10:30,453 [INFO]: Y Axis: AxisMapping.ELeft
2021-05-14 15:10:30,453 [INFO]: Z Axis: AxisMapping.EUp
2021-05-14 15:10:30,453 [INFO]: Initializing drivers...
2021-05-14 15:10:30,453 [INFO]: Drivers initialized.
2021-05-14 15:10:30,453 [INFO]: Connecting to the Crazyflie...
2021-05-14 15:10:30,453 [DEBUG]: Adding callback on port [6] to [<bound method Localization._incoming of <cflib.crazyflie.localization.Localization object at 0x000001CDD923DD08>>]
2021-05-14 15:10:30,453 [DEBUG]: Adding callback on port [5] to [<bound method Log._new_packet_cb of <cflib.crazyflie.log.Log object at 0x000001CDD923DE08>>]
2021-05-14 15:10:30,453 [DEBUG]: Adding callback on port [0] to [<bound method Console.incoming of <cflib.crazyflie.console.Console object at 0x000001CDD923DEC8>>]
2021-05-14 15:10:30,453 [DEBUG]: Adding callback on port [2] to [<bound method _ParamUpdater._new_packet_cb of <_ParamUpdater(Thread-2, initial daemon)>>]
2021-05-14 15:10:30,454 [DEBUG]: Adding callback on port [4] to [<bound method Memory._new_packet_cb of <cflib.crazyflie.mem.Memory object at 0x000001CDD924B248>>]
2021-05-14 15:10:30,454 [DEBUG]: Adding callback on port [13] to [<bound method PlatformService._platform_callback of <cflib.crazyflie.platformservice.PlatformService object at 0x000001CDD924B3C8>>]
2021-05-14 15:10:30,454 [DEBUG]: Adding callback on port [15] to [<bound method PlatformService._crt_service_callback of <cflib.crazyflie.platformservice.PlatformService object at 0x000001CDD924B3C8>>]
2021-05-14 15:10:30,454 [DEBUG]: Adding callback on port [13] to [<bound method Appchannel._incoming of <cflib.crazyflie.appchannel.Appchannel object at 0x000001CDD924B408>>]
2021-05-14 15:10:30,454 [INFO]: Crazyflie2 has the following segments: ['Crazyflie2']
2021-05-14 15:10:30,454 [INFO]: Crazyflie2 has root: Crazyflie2
2021-05-14 15:10:30,454 [INFO]: Tarot_Buzz has the following segments: ['Tarot_Buzz']
2021-05-14 15:10:30,454 [INFO]: Tarot_Buzz has root: Tarot_Buzz
2021-05-14 15:10:30,454 [DEBUG]: ===Checking functions without flying===
2021-05-14 15:10:30,454 [DEBUG]: ===============Offline check done=================
