2021-05-14 15:12:26,922 [INFO]: Connecting to the Vicon...
2021-05-14 15:12:26,924 [INFO]: Connected to Vicon!
2021-05-14 15:12:26,924 [INFO]: Enabling data types...
2021-05-14 15:12:26,924 [DEBUG]: Segments: True
2021-05-14 15:12:26,924 [DEBUG]: Markers: True
2021-05-14 15:12:26,924 [DEBUG]: Unlabeled Markers: True
2021-05-14 15:12:26,924 [DEBUG]: Marker Rays: True
2021-05-14 15:12:26,924 [DEBUG]: Devices: True
2021-05-14 15:12:26,924 [DEBUG]: Centroids: True 
2021-05-14 15:12:26,924 [INFO]: Testing stream modes...
2021-05-14 15:12:26,924 [INFO]: Getting a frame in ClientPull mode...
2021-05-14 15:12:27,926 [ERROR]: Error using ClientPull mode. --> NoFrame
2021-05-14 15:12:27,926 [INFO]: Getting a frame in PreFetch mode...
2021-05-14 15:12:28,927 [ERROR]: Error using ClientPreFetch mode. --> NoFrame
2021-05-14 15:12:28,927 [INFO]: Getting a frame in ServerPush mode...
2021-05-14 15:12:28,929 [DEBUG]: Fetched! Pulled frame number: 1584418
2021-05-14 15:12:28,929 [INFO]: ServerPush mode set.
2021-05-14 15:12:28,929 [INFO]: Getting available framerates...
2021-05-14 15:12:28,929 [INFO]: Current Vicon frame rate: 100.0 Hz.
2021-05-14 15:12:28,929 [INFO]: Available frame rates: 
2021-05-14 15:12:28,930 [INFO]: Process Rate : 99 Hz 

2021-05-14 15:12:28,930 [INFO]: Setting axis...
2021-05-14 15:12:28,930 [INFO]: X Axis: AxisMapping.EForward
2021-05-14 15:12:28,930 [INFO]: Y Axis: AxisMapping.ELeft
2021-05-14 15:12:28,930 [INFO]: Z Axis: AxisMapping.EUp
2021-05-14 15:12:28,931 [INFO]: Initializing drivers...
2021-05-14 15:12:28,931 [INFO]: Drivers initialized.
2021-05-14 15:12:28,931 [INFO]: Connecting to the Crazyflie...
2021-05-14 15:12:28,931 [DEBUG]: Adding callback on port [6] to [<bound method Localization._incoming of <cflib.crazyflie.localization.Localization object at 0x0000027CE7D772C8>>]
2021-05-14 15:12:28,931 [DEBUG]: Adding callback on port [5] to [<bound method Log._new_packet_cb of <cflib.crazyflie.log.Log object at 0x0000027CE7D77348>>]
2021-05-14 15:12:28,931 [DEBUG]: Adding callback on port [0] to [<bound method Console.incoming of <cflib.crazyflie.console.Console object at 0x0000027CE7D77408>>]
2021-05-14 15:12:28,932 [DEBUG]: Adding callback on port [2] to [<bound method _ParamUpdater._new_packet_cb of <_ParamUpdater(Thread-2, initial daemon)>>]
2021-05-14 15:12:28,932 [DEBUG]: Adding callback on port [4] to [<bound method Memory._new_packet_cb of <cflib.crazyflie.mem.Memory object at 0x0000027CE7D77708>>]
2021-05-14 15:12:28,933 [DEBUG]: Adding callback on port [13] to [<bound method PlatformService._platform_callback of <cflib.crazyflie.platformservice.PlatformService object at 0x0000027CE7D77848>>]
2021-05-14 15:12:28,933 [DEBUG]: Adding callback on port [15] to [<bound method PlatformService._crt_service_callback of <cflib.crazyflie.platformservice.PlatformService object at 0x0000027CE7D77848>>]
2021-05-14 15:12:28,933 [DEBUG]: Adding callback on port [13] to [<bound method Appchannel._incoming of <cflib.crazyflie.appchannel.Appchannel object at 0x0000027CE7D77888>>]
2021-05-14 15:12:28,933 [INFO]: Crazyflie2 has the following segments: ['Crazyflie2']
2021-05-14 15:12:28,934 [INFO]: Crazyflie2 has root: Crazyflie2
2021-05-14 15:12:28,934 [INFO]: Tarot_Buzz has the following segments: ['Tarot_Buzz']
2021-05-14 15:12:28,934 [INFO]: Tarot_Buzz has root: Tarot_Buzz
2021-05-14 15:12:28,934 [DEBUG]: ===Checking functions without flying===
2021-05-14 15:12:28,934 [DEBUG]: ===============Offline check done=================
