2021-05-14 14:33:47,921 [INFO]: Connecting to the Vicon...
2021-05-14 14:33:47,923 [INFO]: Connected to Vicon!
2021-05-14 14:33:47,923 [INFO]: Enabling data types...
2021-05-14 14:33:47,923 [DEBUG]: Segments: True
2021-05-14 14:33:47,923 [DEBUG]: Markers: True
2021-05-14 14:33:47,923 [DEBUG]: Unlabeled Markers: True
2021-05-14 14:33:47,923 [DEBUG]: Marker Rays: True
2021-05-14 14:33:47,923 [DEBUG]: Devices: True
2021-05-14 14:33:47,923 [DEBUG]: Centroids: True 
2021-05-14 14:33:47,923 [INFO]: Testing stream modes...
2021-05-14 14:33:47,923 [INFO]: Getting a frame in ClientPull mode...
2021-05-14 14:33:48,925 [ERROR]: Error using ClientPull mode. --> NoFrame
2021-05-14 14:33:48,925 [INFO]: Getting a frame in PreFetch mode...
2021-05-14 14:33:49,925 [ERROR]: Error using ClientPreFetch mode. --> NoFrame
2021-05-14 14:33:49,925 [INFO]: Getting a frame in ServerPush mode...
2021-05-14 14:33:49,925 [DEBUG]: Fetched! Pulled frame number: 1352516
2021-05-14 14:33:49,926 [INFO]: ServerPush mode set.
2021-05-14 14:33:49,926 [INFO]: Getting available framerates...
2021-05-14 14:33:49,926 [INFO]: Current Vicon frame rate: 100.0 Hz.
2021-05-14 14:33:49,926 [INFO]: Available frame rates: 
2021-05-14 14:33:49,926 [INFO]: Process Rate : 99 Hz 

2021-05-14 14:33:49,926 [INFO]: Setting axis...
2021-05-14 14:33:49,926 [INFO]: X Axis: AxisMapping.EForward
2021-05-14 14:33:49,926 [INFO]: Y Axis: AxisMapping.ELeft
2021-05-14 14:33:49,926 [INFO]: Z Axis: AxisMapping.EUp
2021-05-14 14:33:49,926 [INFO]: Initializing drivers...
2021-05-14 14:33:49,926 [INFO]: Drivers initialized.
2021-05-14 14:33:49,926 [INFO]: Connecting to the Crazyflie...
2021-05-14 14:33:49,926 [DEBUG]: Adding callback on port [6] to [<bound method Localization._incoming of <cflib.crazyflie.localization.Localization object at 0x0000011DAEF3A0C8>>]
2021-05-14 14:33:49,926 [DEBUG]: Adding callback on port [5] to [<bound method Log._new_packet_cb of <cflib.crazyflie.log.Log object at 0x0000011DAEF3A1C8>>]
2021-05-14 14:33:49,926 [DEBUG]: Adding callback on port [0] to [<bound method Console.incoming of <cflib.crazyflie.console.Console object at 0x0000011DAEF3A288>>]
2021-05-14 14:33:49,926 [DEBUG]: Adding callback on port [2] to [<bound method _ParamUpdater._new_packet_cb of <_ParamUpdater(Thread-2, initial daemon)>>]
2021-05-14 14:33:49,927 [DEBUG]: Adding callback on port [4] to [<bound method Memory._new_packet_cb of <cflib.crazyflie.mem.Memory object at 0x0000011DAEF3A608>>]
2021-05-14 14:33:49,927 [DEBUG]: Adding callback on port [13] to [<bound method PlatformService._platform_callback of <cflib.crazyflie.platformservice.PlatformService object at 0x0000011DAEF3A788>>]
2021-05-14 14:33:49,927 [DEBUG]: Adding callback on port [15] to [<bound method PlatformService._crt_service_callback of <cflib.crazyflie.platformservice.PlatformService object at 0x0000011DAEF3A788>>]
2021-05-14 14:33:49,927 [DEBUG]: Adding callback on port [13] to [<bound method Appchannel._incoming of <cflib.crazyflie.appchannel.Appchannel object at 0x0000011DAEF3A7C8>>]
2021-05-14 14:33:49,927 [INFO]: Crazyflie2 has the following segments: ['Crazyflie2']
2021-05-14 14:33:49,927 [INFO]: Crazyflie2 has root: Crazyflie2
2021-05-14 14:33:49,927 [INFO]: Tarot_Buzz has the following segments: ['Tarot_Buzz']
2021-05-14 14:33:49,927 [INFO]: Tarot_Buzz has root: Tarot_Buzz
2021-05-14 14:33:49,927 [DEBUG]: ===Checking functions without flying===
2021-05-14 14:33:49,927 [DEBUG]: ===============Offline check done=================
