2021-05-14 15:02:15,592 [INFO]: Connecting to the Vicon...
2021-05-14 15:02:15,593 [INFO]: Connected to Vicon!
2021-05-14 15:02:15,593 [INFO]: Enabling data types...
2021-05-14 15:02:15,594 [DEBUG]: Segments: True
2021-05-14 15:02:15,594 [DEBUG]: Markers: True
2021-05-14 15:02:15,594 [DEBUG]: Unlabeled Markers: True
2021-05-14 15:02:15,594 [DEBUG]: Marker Rays: True
2021-05-14 15:02:15,594 [DEBUG]: Devices: True
2021-05-14 15:02:15,594 [DEBUG]: Centroids: True 
2021-05-14 15:02:15,594 [INFO]: Testing stream modes...
2021-05-14 15:02:15,594 [INFO]: Getting a frame in ClientPull mode...
2021-05-14 15:02:16,595 [ERROR]: Error using ClientPull mode. --> NoFrame
2021-05-14 15:02:16,595 [INFO]: Getting a frame in PreFetch mode...
2021-05-14 15:02:17,595 [ERROR]: Error using ClientPreFetch mode. --> NoFrame
2021-05-14 15:02:17,595 [INFO]: Getting a frame in ServerPush mode...
2021-05-14 15:02:17,595 [DEBUG]: Fetched! Pulled frame number: 1523285
2021-05-14 15:02:17,595 [INFO]: ServerPush mode set.
2021-05-14 15:02:17,595 [INFO]: Getting available framerates...
2021-05-14 15:02:17,595 [INFO]: Current Vicon frame rate: 100.0 Hz.
2021-05-14 15:02:17,595 [INFO]: Available frame rates: 
2021-05-14 15:02:17,595 [INFO]: Process Rate : 100 Hz 

2021-05-14 15:02:17,595 [INFO]: Setting axis...
2021-05-14 15:02:17,595 [INFO]: X Axis: AxisMapping.EForward
2021-05-14 15:02:17,595 [INFO]: Y Axis: AxisMapping.ELeft
2021-05-14 15:02:17,595 [INFO]: Z Axis: AxisMapping.EUp
2021-05-14 15:02:17,595 [INFO]: Initializing drivers...
2021-05-14 15:02:17,595 [INFO]: Drivers initialized.
2021-05-14 15:02:17,595 [INFO]: Connecting to the Crazyflie...
2021-05-14 15:02:17,595 [DEBUG]: Adding callback on port [6] to [<bound method Localization._incoming of <cflib.crazyflie.localization.Localization object at 0x000001B876757308>>]
2021-05-14 15:02:17,596 [DEBUG]: Adding callback on port [5] to [<bound method Log._new_packet_cb of <cflib.crazyflie.log.Log object at 0x000001B876757408>>]
2021-05-14 15:02:17,596 [DEBUG]: Adding callback on port [0] to [<bound method Console.incoming of <cflib.crazyflie.console.Console object at 0x000001B8767574C8>>]
2021-05-14 15:02:17,596 [DEBUG]: Adding callback on port [2] to [<bound method _ParamUpdater._new_packet_cb of <_ParamUpdater(Thread-2, initial daemon)>>]
2021-05-14 15:02:17,596 [DEBUG]: Adding callback on port [4] to [<bound method Memory._new_packet_cb of <cflib.crazyflie.mem.Memory object at 0x000001B8767577C8>>]
2021-05-14 15:02:17,596 [DEBUG]: Adding callback on port [13] to [<bound method PlatformService._platform_callback of <cflib.crazyflie.platformservice.PlatformService object at 0x000001B876757908>>]
2021-05-14 15:02:17,596 [DEBUG]: Adding callback on port [15] to [<bound method PlatformService._crt_service_callback of <cflib.crazyflie.platformservice.PlatformService object at 0x000001B876757908>>]
2021-05-14 15:02:17,596 [DEBUG]: Adding callback on port [13] to [<bound method Appchannel._incoming of <cflib.crazyflie.appchannel.Appchannel object at 0x000001B876757948>>]
2021-05-14 15:02:17,597 [INFO]: Crazyflie2 has the following segments: ['Crazyflie2']
2021-05-14 15:02:17,597 [INFO]: Crazyflie2 has root: Crazyflie2
2021-05-14 15:02:17,597 [INFO]: Tarot_Buzz has the following segments: ['Tarot_Buzz']
2021-05-14 15:02:17,597 [INFO]: Tarot_Buzz has root: Tarot_Buzz
2021-05-14 15:02:17,597 [DEBUG]: ===Checking functions without flying===
2021-05-14 15:02:17,597 [DEBUG]: ===============Offline check done=================
2021-05-14 15:02:17,599 [INFO]: Callback->Connection initialized[radio://0/80/2M]
2021-05-14 15:02:17,604 [INFO]: We are connected[radio://0/80/2M], request connection setup
2021-05-14 15:02:17,607 [INFO]: Callback->Connected to [radio://0/80/2M]
2021-05-14 15:02:40,614 [WARNING]: Got link error callback [Too many packets lost] in state [2]
2021-05-14 15:02:40,614 [INFO]: Callback->Disconnected from [radio://0/80/2M]
2021-05-14 15:02:40,614 [INFO]: Callback->Connection lost to [radio://0/80/2M]: Too many packets lost
