2021-05-14 15:01:39,695 [INFO]: Connecting to the Vicon...
2021-05-14 15:01:39,697 [INFO]: Connected to Vicon!
2021-05-14 15:01:39,697 [INFO]: Enabling data types...
2021-05-14 15:01:39,697 [DEBUG]: Segments: True
2021-05-14 15:01:39,698 [DEBUG]: Markers: True
2021-05-14 15:01:39,698 [DEBUG]: Unlabeled Markers: True
2021-05-14 15:01:39,698 [DEBUG]: Marker Rays: True
2021-05-14 15:01:39,698 [DEBUG]: Devices: True
2021-05-14 15:01:39,698 [DEBUG]: Centroids: True 
2021-05-14 15:01:39,698 [INFO]: Testing stream modes...
2021-05-14 15:01:39,698 [INFO]: Getting a frame in ClientPull mode...
2021-05-14 15:01:39,698 [DEBUG]: Fetched! Pulled frame number: 1519504
2021-05-14 15:01:39,698 [INFO]: Getting a frame in PreFetch mode...
2021-05-14 15:01:40,704 [INFO]: Getting a frame in ServerPush mode...
2021-05-14 15:01:40,705 [DEBUG]: Fetched! Pulled frame number: 1519595
2021-05-14 15:01:40,706 [INFO]: ServerPush mode set.
2021-05-14 15:01:40,706 [INFO]: Getting available framerates...
2021-05-14 15:01:40,706 [INFO]: Current Vicon frame rate: 100.0 Hz.
2021-05-14 15:01:40,706 [INFO]: Available frame rates: 
2021-05-14 15:01:40,706 [INFO]: Process Rate : 0 Hz 

2021-05-14 15:01:40,707 [INFO]: Setting axis...
2021-05-14 15:01:40,707 [INFO]: X Axis: AxisMapping.EForward
2021-05-14 15:01:40,707 [INFO]: Y Axis: AxisMapping.ELeft
2021-05-14 15:01:40,707 [INFO]: Z Axis: AxisMapping.EUp
2021-05-14 15:01:40,708 [INFO]: Initializing drivers...
2021-05-14 15:01:40,708 [INFO]: Drivers initialized.
2021-05-14 15:01:40,708 [INFO]: Connecting to the Crazyflie...
2021-05-14 15:01:40,708 [DEBUG]: Adding callback on port [6] to [<bound method Localization._incoming of <cflib.crazyflie.localization.Localization object at 0x000001D112C8DDC8>>]
2021-05-14 15:01:40,709 [DEBUG]: Adding callback on port [5] to [<bound method Log._new_packet_cb of <cflib.crazyflie.log.Log object at 0x000001D112A2C8C8>>]
2021-05-14 15:01:40,709 [DEBUG]: Adding callback on port [0] to [<bound method Console.incoming of <cflib.crazyflie.console.Console object at 0x000001D112C8DF48>>]
2021-05-14 15:01:40,709 [DEBUG]: Adding callback on port [2] to [<bound method _ParamUpdater._new_packet_cb of <_ParamUpdater(Thread-2, initial daemon)>>]
2021-05-14 15:01:40,710 [DEBUG]: Adding callback on port [4] to [<bound method Memory._new_packet_cb of <cflib.crazyflie.mem.Memory object at 0x000001D112C9B308>>]
2021-05-14 15:01:40,710 [DEBUG]: Adding callback on port [13] to [<bound method PlatformService._platform_callback of <cflib.crazyflie.platformservice.PlatformService object at 0x000001D112C9B488>>]
2021-05-14 15:01:40,711 [DEBUG]: Adding callback on port [15] to [<bound method PlatformService._crt_service_callback of <cflib.crazyflie.platformservice.PlatformService object at 0x000001D112C9B488>>]
2021-05-14 15:01:40,711 [DEBUG]: Adding callback on port [13] to [<bound method Appchannel._incoming of <cflib.crazyflie.appchannel.Appchannel object at 0x000001D112C9B4C8>>]
2021-05-14 15:01:40,711 [INFO]: Crazyflie2 has the following segments: ['Crazyflie2']
2021-05-14 15:01:40,711 [INFO]: Crazyflie2 has root: Crazyflie2
2021-05-14 15:01:40,711 [INFO]: Tarot_Buzz has the following segments: ['Tarot_Buzz']
2021-05-14 15:01:40,711 [INFO]: Tarot_Buzz has root: Tarot_Buzz
2021-05-14 15:01:40,712 [DEBUG]: ===Checking functions without flying===
2021-05-14 15:01:40,712 [DEBUG]: ===============Offline check done=================
2021-05-14 15:01:40,716 [INFO]: Callback->Connection initialized[radio://0/80/2M]
2021-05-14 15:01:40,720 [INFO]: We are connected[radio://0/80/2M], request connection setup
2021-05-14 15:01:41,067 [WARNING]: Got link error callback [Too many packets lost] in state [1]
2021-05-14 15:01:41,067 [INFO]: Callback->Connected failed to [radio://0/80/2M]: Too many packets lost
