2021-05-14 15:09:57,360 [INFO]: Connecting to the Vicon...
2021-05-14 15:09:57,360 [INFO]: Connected to Vicon!
2021-05-14 15:09:57,361 [INFO]: Enabling data types...
2021-05-14 15:09:57,361 [DEBUG]: Segments: True
2021-05-14 15:09:57,361 [DEBUG]: Markers: True
2021-05-14 15:09:57,361 [DEBUG]: Unlabeled Markers: True
2021-05-14 15:09:57,361 [DEBUG]: Marker Rays: True
2021-05-14 15:09:57,361 [DEBUG]: Devices: True
2021-05-14 15:09:57,361 [DEBUG]: Centroids: True 
2021-05-14 15:09:57,361 [INFO]: Testing stream modes...
2021-05-14 15:09:57,361 [INFO]: Getting a frame in ClientPull mode...
2021-05-14 15:09:58,362 [ERROR]: Error using ClientPull mode. --> NoFrame
2021-05-14 15:09:58,362 [INFO]: Getting a frame in PreFetch mode...
2021-05-14 15:09:59,362 [ERROR]: Error using ClientPreFetch mode. --> NoFrame
2021-05-14 15:09:59,362 [INFO]: Getting a frame in ServerPush mode...
2021-05-14 15:09:59,363 [DEBUG]: Fetched! Pulled frame number: 1569461
2021-05-14 15:09:59,363 [INFO]: ServerPush mode set.
2021-05-14 15:09:59,363 [INFO]: Getting available framerates...
2021-05-14 15:09:59,363 [INFO]: Current Vicon frame rate: 100.0 Hz.
2021-05-14 15:09:59,363 [INFO]: Available frame rates: 
2021-05-14 15:09:59,363 [INFO]: Process Rate : 99 Hz 

2021-05-14 15:09:59,363 [INFO]: Setting axis...
2021-05-14 15:09:59,363 [INFO]: X Axis: AxisMapping.EForward
2021-05-14 15:09:59,363 [INFO]: Y Axis: AxisMapping.ELeft
2021-05-14 15:09:59,363 [INFO]: Z Axis: AxisMapping.EUp
2021-05-14 15:09:59,363 [INFO]: Initializing drivers...
2021-05-14 15:09:59,364 [INFO]: Drivers initialized.
2021-05-14 15:09:59,364 [INFO]: Connecting to the Crazyflie...
2021-05-14 15:09:59,364 [DEBUG]: Adding callback on port [6] to [<bound method Localization._incoming of <cflib.crazyflie.localization.Localization object at 0x0000026C528C7288>>]
2021-05-14 15:09:59,364 [DEBUG]: Adding callback on port [5] to [<bound method Log._new_packet_cb of <cflib.crazyflie.log.Log object at 0x0000026C528C7388>>]
2021-05-14 15:09:59,364 [DEBUG]: Adding callback on port [0] to [<bound method Console.incoming of <cflib.crazyflie.console.Console object at 0x0000026C528C7448>>]
2021-05-14 15:09:59,364 [DEBUG]: Adding callback on port [2] to [<bound method _ParamUpdater._new_packet_cb of <_ParamUpdater(Thread-2, initial daemon)>>]
2021-05-14 15:09:59,364 [DEBUG]: Adding callback on port [4] to [<bound method Memory._new_packet_cb of <cflib.crazyflie.mem.Memory object at 0x0000026C528C7748>>]
2021-05-14 15:09:59,365 [DEBUG]: Adding callback on port [13] to [<bound method PlatformService._platform_callback of <cflib.crazyflie.platformservice.PlatformService object at 0x0000026C528C78C8>>]
2021-05-14 15:09:59,365 [DEBUG]: Adding callback on port [15] to [<bound method PlatformService._crt_service_callback of <cflib.crazyflie.platformservice.PlatformService object at 0x0000026C528C78C8>>]
2021-05-14 15:09:59,365 [DEBUG]: Adding callback on port [13] to [<bound method Appchannel._incoming of <cflib.crazyflie.appchannel.Appchannel object at 0x0000026C528C7908>>]
2021-05-14 15:09:59,365 [INFO]: Crazyflie2 has the following segments: ['Crazyflie2']
2021-05-14 15:09:59,365 [INFO]: Crazyflie2 has root: Crazyflie2
2021-05-14 15:09:59,365 [INFO]: Tarot_Buzz has the following segments: ['Tarot_Buzz']
2021-05-14 15:09:59,365 [INFO]: Tarot_Buzz has root: Tarot_Buzz
2021-05-14 15:09:59,365 [DEBUG]: ===Checking functions without flying===
2021-05-14 15:09:59,365 [DEBUG]: ===============Offline check done=================
