2021-03-23 12:26:40,055 [INFO]: Connecting to the Vicon...
2021-03-23 12:26:40,055 [INFO]: Connected to Vicon!
2021-03-23 12:26:40,056 [INFO]: Enabling data types...
2021-03-23 12:26:40,056 [DEBUG]: Segments: True
2021-03-23 12:26:40,056 [DEBUG]: Markers: True
2021-03-23 12:26:40,056 [DEBUG]: Unlabeled Markers: True
2021-03-23 12:26:40,056 [DEBUG]: Marker Rays: True
2021-03-23 12:26:40,056 [DEBUG]: Devices: True
2021-03-23 12:26:40,056 [DEBUG]: Centroids: True 
2021-03-23 12:26:40,056 [INFO]: Testing stream modes...
2021-03-23 12:26:40,056 [INFO]: Getting a frame in ClientPull mode...
2021-03-23 12:26:41,059 [ERROR]: Error using ClientPull mode. --> NoFrame
2021-03-23 12:26:41,060 [INFO]: Getting a frame in PreFetch mode...
2021-03-23 12:26:42,061 [ERROR]: Error using ClientPreFetch mode. --> NoFrame
2021-03-23 12:26:42,061 [INFO]: Getting a frame in ServerPush mode...
2021-03-23 12:26:42,061 [DEBUG]: Fetched! Pulled frame number: 110671
2021-03-23 12:26:42,061 [INFO]: ServerPush mode set.
2021-03-23 12:26:42,062 [INFO]: Getting available framerates...
2021-03-23 12:26:42,062 [INFO]: Current Vicon frame rate: 100.0 Hz.
2021-03-23 12:26:42,062 [INFO]: Available frame rates: 
2021-03-23 12:26:42,062 [INFO]: Process Rate : 99 Hz 

2021-03-23 12:26:42,062 [INFO]: Setting axis...
2021-03-23 12:26:42,062 [INFO]: X Axis: AxisMapping.EForward
2021-03-23 12:26:42,062 [INFO]: Y Axis: AxisMapping.ELeft
2021-03-23 12:26:42,062 [INFO]: Z Axis: AxisMapping.EUp
2021-03-23 12:26:42,062 [INFO]: Initializing drivers...
2021-03-23 12:26:42,062 [INFO]: Drivers initialized.
2021-03-23 12:26:42,063 [INFO]: Connecting to the Crazyflie...
2021-03-23 12:26:42,063 [DEBUG]: Adding callback on port [6] to [<bound method Localization._incoming of <cflib.crazyflie.localization.Localization object at 0x0000020D6D3B64C8>>]
2021-03-23 12:26:42,063 [DEBUG]: Adding callback on port [5] to [<bound method Log._new_packet_cb of <cflib.crazyflie.log.Log object at 0x0000020D6D3B6688>>]
2021-03-23 12:26:42,063 [DEBUG]: Adding callback on port [0] to [<bound method Console.incoming of <cflib.crazyflie.console.Console object at 0x0000020D6D3B6748>>]
2021-03-23 12:26:42,063 [DEBUG]: Adding callback on port [2] to [<bound method _ParamUpdater._new_packet_cb of <_ParamUpdater(Thread-7, initial daemon)>>]
2021-03-23 12:26:42,065 [DEBUG]: Adding callback on port [4] to [<bound method Memory._new_packet_cb of <cflib.crazyflie.mem.Memory object at 0x0000020D6D3B6A48>>]
2021-03-23 12:26:42,065 [DEBUG]: Adding callback on port [13] to [<bound method PlatformService._platform_callback of <cflib.crazyflie.platformservice.PlatformService object at 0x0000020D6D3B6D88>>]
2021-03-23 12:26:42,065 [DEBUG]: Adding callback on port [15] to [<bound method PlatformService._crt_service_callback of <cflib.crazyflie.platformservice.PlatformService object at 0x0000020D6D3B6D88>>]
2021-03-23 12:26:42,065 [INFO]: Crazyflie2 has the following segments: ['Crazyflie2']
2021-03-23 12:26:42,065 [INFO]: Crazyflie2 has root: Crazyflie2
2021-03-23 12:26:42,065 [DEBUG]: ===Checking functions without flying===
2021-03-23 12:26:42,065 [DEBUG]: Fetched! Pulled frame number: 110678
2021-03-23 12:26:42,065 [DEBUG]: Drone rotation matrix from Vicon: (((0.768282334848962, -0.6040204882176424, -0.21189974934470357), (0.6396975813152711, 0.736394245701887, 0.2202510371293198), (0.023005617105818083, -0.3047667381957383, 0.952149135834881)), False)
2021-03-23 12:26:42,066 [DEBUG]: Drone Euler XYZ from Vicon as given: [-0.22732161 -0.21351844  0.666267  ]
