2021-03-23 12:25:01,602 [INFO]: Connecting to the Vicon...
2021-03-23 12:25:01,603 [INFO]: Connected to Vicon!
2021-03-23 12:25:01,603 [INFO]: Enabling data types...
2021-03-23 12:25:01,604 [DEBUG]: Segments: True
2021-03-23 12:25:01,604 [DEBUG]: Markers: True
2021-03-23 12:25:01,604 [DEBUG]: Unlabeled Markers: True
2021-03-23 12:25:01,604 [DEBUG]: Marker Rays: True
2021-03-23 12:25:01,604 [DEBUG]: Devices: True
2021-03-23 12:25:01,604 [DEBUG]: Centroids: True 
2021-03-23 12:25:01,604 [INFO]: Testing stream modes...
2021-03-23 12:25:01,604 [INFO]: Getting a frame in ClientPull mode...
2021-03-23 12:25:01,605 [DEBUG]: Fetched! Pulled frame number: 100632
2021-03-23 12:25:01,605 [INFO]: Getting a frame in PreFetch mode...
2021-03-23 12:25:02,617 [INFO]: Getting a frame in ServerPush mode...
2021-03-23 12:25:02,618 [DEBUG]: Fetched! Pulled frame number: 100724
2021-03-23 12:25:02,618 [INFO]: ServerPush mode set.
2021-03-23 12:25:02,618 [INFO]: Getting available framerates...
2021-03-23 12:25:02,618 [INFO]: Current Vicon frame rate: 100.0 Hz.
2021-03-23 12:25:02,618 [INFO]: Available frame rates: 
2021-03-23 12:25:02,618 [INFO]: Process Rate : 100 Hz 

2021-03-23 12:25:02,618 [INFO]: Setting axis...
2021-03-23 12:25:02,619 [INFO]: X Axis: AxisMapping.EForward
2021-03-23 12:25:02,619 [INFO]: Y Axis: AxisMapping.ELeft
2021-03-23 12:25:02,619 [INFO]: Z Axis: AxisMapping.EUp
2021-03-23 12:25:02,619 [INFO]: Initializing drivers...
2021-03-23 12:25:02,619 [INFO]: Drivers initialized.
2021-03-23 12:25:02,619 [INFO]: Connecting to the Crazyflie...
2021-03-23 12:25:02,620 [DEBUG]: Adding callback on port [6] to [<bound method Localization._incoming of <cflib.crazyflie.localization.Localization object at 0x00000197D1518EC8>>]
2021-03-23 12:25:02,620 [DEBUG]: Adding callback on port [5] to [<bound method Log._new_packet_cb of <cflib.crazyflie.log.Log object at 0x00000197D1518F48>>]
2021-03-23 12:25:02,620 [DEBUG]: Adding callback on port [0] to [<bound method Console.incoming of <cflib.crazyflie.console.Console object at 0x00000197D15270C8>>]
2021-03-23 12:25:02,620 [DEBUG]: Adding callback on port [2] to [<bound method _ParamUpdater._new_packet_cb of <_ParamUpdater(Thread-7, initial daemon)>>]
2021-03-23 12:25:02,621 [DEBUG]: Adding callback on port [4] to [<bound method Memory._new_packet_cb of <cflib.crazyflie.mem.Memory object at 0x00000197D1527448>>]
2021-03-23 12:25:02,622 [DEBUG]: Adding callback on port [13] to [<bound method PlatformService._platform_callback of <cflib.crazyflie.platformservice.PlatformService object at 0x00000197D1527788>>]
2021-03-23 12:25:02,622 [DEBUG]: Adding callback on port [15] to [<bound method PlatformService._crt_service_callback of <cflib.crazyflie.platformservice.PlatformService object at 0x00000197D1527788>>]
2021-03-23 12:25:02,622 [INFO]: Crazyflie2 has the following segments: ['Crazyflie2']
2021-03-23 12:25:02,622 [INFO]: Crazyflie2 has root: Crazyflie2
2021-03-23 12:25:02,622 [DEBUG]: ===Checking functions without flying===
2021-03-23 12:25:02,622 [DEBUG]: Fetched! Pulled frame number: 100734
