2021-05-06 11:20:55,894 [INFO]: Connecting to the Vicon...
2021-05-06 11:20:55,895 [INFO]: Connected to Vicon!
2021-05-06 11:20:55,895 [INFO]: Enabling data types...
2021-05-06 11:20:55,895 [DEBUG]: Segments: True
2021-05-06 11:20:55,895 [DEBUG]: Markers: True
2021-05-06 11:20:55,895 [DEBUG]: Unlabeled Markers: True
2021-05-06 11:20:55,895 [DEBUG]: Marker Rays: True
2021-05-06 11:20:55,896 [DEBUG]: Devices: True
2021-05-06 11:20:55,896 [DEBUG]: Centroids: True 
2021-05-06 11:20:55,896 [INFO]: Testing stream modes...
2021-05-06 11:20:55,896 [INFO]: Getting a frame in ClientPull mode...
2021-05-06 11:20:56,897 [ERROR]: Error using ClientPull mode. --> NoFrame
2021-05-06 11:20:56,897 [INFO]: Getting a frame in PreFetch mode...
2021-05-06 11:20:57,898 [ERROR]: Error using ClientPreFetch mode. --> NoFrame
2021-05-06 11:20:57,898 [INFO]: Getting a frame in ServerPush mode...
2021-05-06 11:20:57,898 [DEBUG]: Fetched! Pulled frame number: 791854
2021-05-06 11:20:57,898 [INFO]: ServerPush mode set.
2021-05-06 11:20:57,898 [INFO]: Getting available framerates...
2021-05-06 11:20:57,898 [INFO]: Current Vicon frame rate: 100.0 Hz.
2021-05-06 11:20:57,899 [INFO]: Available frame rates: 
2021-05-06 11:20:57,899 [INFO]: Process Rate : 100 Hz 

2021-05-06 11:20:57,899 [INFO]: Setting axis...
2021-05-06 11:20:57,899 [INFO]: X Axis: AxisMapping.EForward
2021-05-06 11:20:57,899 [INFO]: Y Axis: AxisMapping.ELeft
2021-05-06 11:20:57,899 [INFO]: Z Axis: AxisMapping.EUp
2021-05-06 11:20:57,899 [INFO]: Initializing drivers...
2021-05-06 11:20:57,899 [INFO]: Drivers initialized.
2021-05-06 11:20:57,899 [INFO]: Connecting to the Crazyflie...
2021-05-06 11:20:57,899 [DEBUG]: Adding callback on port [6] to [<bound method Localization._incoming of <cflib.crazyflie.localization.Localization object at 0x0000021C584D4908>>]
2021-05-06 11:20:57,899 [DEBUG]: Adding callback on port [5] to [<bound method Log._new_packet_cb of <cflib.crazyflie.log.Log object at 0x0000021C584D4988>>]
2021-05-06 11:20:57,899 [DEBUG]: Adding callback on port [0] to [<bound method Console.incoming of <cflib.crazyflie.console.Console object at 0x0000021C584D4A88>>]
2021-05-06 11:20:57,899 [DEBUG]: Adding callback on port [2] to [<bound method _ParamUpdater._new_packet_cb of <_ParamUpdater(Thread-2, initial daemon)>>]
2021-05-06 11:20:57,900 [DEBUG]: Adding callback on port [4] to [<bound method Memory._new_packet_cb of <cflib.crazyflie.mem.Memory object at 0x0000021C584D4D88>>]
2021-05-06 11:20:57,900 [DEBUG]: Adding callback on port [13] to [<bound method PlatformService._platform_callback of <cflib.crazyflie.platformservice.PlatformService object at 0x0000021C584D4F48>>]
2021-05-06 11:20:57,900 [DEBUG]: Adding callback on port [15] to [<bound method PlatformService._crt_service_callback of <cflib.crazyflie.platformservice.PlatformService object at 0x0000021C584D4F48>>]
2021-05-06 11:20:57,900 [DEBUG]: Adding callback on port [13] to [<bound method Appchannel._incoming of <cflib.crazyflie.appchannel.Appchannel object at 0x0000021C584D4F88>>]
2021-05-06 11:20:57,900 [INFO]: Crazyflie2 has the following segments: ['Crazyflie2']
2021-05-06 11:20:57,900 [INFO]: Crazyflie2 has root: Crazyflie2
2021-05-06 11:20:57,900 [INFO]: Tarot_Buzz has the following segments: ['Tarot_Buzz']
2021-05-06 11:20:57,900 [INFO]: Tarot_Buzz has root: Tarot_Buzz
2021-05-06 11:20:57,900 [DEBUG]: ===Checking functions without flying===
2021-05-06 11:20:57,900 [DEBUG]: ===============Offline check done=================
2021-05-06 11:20:57,902 [INFO]: Callback->Connection initialized[radio://0/80/2M]
2021-05-06 11:20:57,906 [INFO]: We are connected[radio://0/80/2M], request connection setup
2021-05-06 11:20:58,254 [WARNING]: Got link error callback [Too many packets lost] in state [1]
2021-05-06 11:20:58,254 [INFO]: Callback->Connected failed to [radio://0/80/2M]: Too many packets lost
