2021-05-06 11:20:32,225 [INFO]: Connecting to the Vicon...
2021-05-06 11:20:32,226 [INFO]: Connected to Vicon!
2021-05-06 11:20:32,226 [INFO]: Enabling data types...
2021-05-06 11:20:32,227 [DEBUG]: Segments: True
2021-05-06 11:20:32,227 [DEBUG]: Markers: True
2021-05-06 11:20:32,227 [DEBUG]: Unlabeled Markers: True
2021-05-06 11:20:32,227 [DEBUG]: Marker Rays: True
2021-05-06 11:20:32,227 [DEBUG]: Devices: True
2021-05-06 11:20:32,227 [DEBUG]: Centroids: True 
2021-05-06 11:20:32,227 [INFO]: Testing stream modes...
2021-05-06 11:20:32,227 [INFO]: Getting a frame in ClientPull mode...
2021-05-06 11:20:32,228 [DEBUG]: Fetched! Pulled frame number: 789296
2021-05-06 11:20:32,228 [INFO]: Getting a frame in PreFetch mode...
2021-05-06 11:20:33,231 [INFO]: Getting a frame in ServerPush mode...
2021-05-06 11:20:33,232 [DEBUG]: Fetched! Pulled frame number: 789387
2021-05-06 11:20:33,232 [INFO]: ServerPush mode set.
2021-05-06 11:20:33,232 [INFO]: Getting available framerates...
2021-05-06 11:20:33,232 [INFO]: Current Vicon frame rate: 100.0 Hz.
2021-05-06 11:20:33,233 [INFO]: Available frame rates: 
2021-05-06 11:20:33,233 [INFO]: Process Rate : 0 Hz 

2021-05-06 11:20:33,233 [INFO]: Setting axis...
2021-05-06 11:20:33,233 [INFO]: X Axis: AxisMapping.EForward
2021-05-06 11:20:33,233 [INFO]: Y Axis: AxisMapping.ELeft
2021-05-06 11:20:33,233 [INFO]: Z Axis: AxisMapping.EUp
2021-05-06 11:20:33,234 [INFO]: Initializing drivers...
2021-05-06 11:20:33,234 [INFO]: Drivers initialized.
2021-05-06 11:20:33,234 [INFO]: Connecting to the Crazyflie...
2021-05-06 11:20:33,234 [DEBUG]: Adding callback on port [6] to [<bound method Localization._incoming of <cflib.crazyflie.localization.Localization object at 0x0000017976D50248>>]
2021-05-06 11:20:33,234 [DEBUG]: Adding callback on port [5] to [<bound method Log._new_packet_cb of <cflib.crazyflie.log.Log object at 0x0000017976D50348>>]
2021-05-06 11:20:33,235 [DEBUG]: Adding callback on port [0] to [<bound method Console.incoming of <cflib.crazyflie.console.Console object at 0x0000017976D50408>>]
2021-05-06 11:20:33,235 [DEBUG]: Adding callback on port [2] to [<bound method _ParamUpdater._new_packet_cb of <_ParamUpdater(Thread-2, initial daemon)>>]
2021-05-06 11:20:33,235 [DEBUG]: Adding callback on port [4] to [<bound method Memory._new_packet_cb of <cflib.crazyflie.mem.Memory object at 0x0000017976D506C8>>]
2021-05-06 11:20:33,236 [DEBUG]: Adding callback on port [13] to [<bound method PlatformService._platform_callback of <cflib.crazyflie.platformservice.PlatformService object at 0x0000017976D50848>>]
2021-05-06 11:20:33,236 [DEBUG]: Adding callback on port [15] to [<bound method PlatformService._crt_service_callback of <cflib.crazyflie.platformservice.PlatformService object at 0x0000017976D50848>>]
2021-05-06 11:20:33,236 [DEBUG]: Adding callback on port [13] to [<bound method Appchannel._incoming of <cflib.crazyflie.appchannel.Appchannel object at 0x0000017976D50888>>]
2021-05-06 11:20:33,236 [INFO]: Crazyflie2 has the following segments: ['Crazyflie2']
2021-05-06 11:20:33,236 [INFO]: Crazyflie2 has root: Crazyflie2
2021-05-06 11:20:33,236 [INFO]: Tarot_Buzz has the following segments: ['Tarot_Buzz']
2021-05-06 11:20:33,236 [INFO]: Tarot_Buzz has root: Tarot_Buzz
2021-05-06 11:20:33,237 [DEBUG]: ===Checking functions without flying===
2021-05-06 11:20:33,237 [DEBUG]: ===============Offline check done=================
2021-05-06 11:20:33,240 [INFO]: Callback->Connection initialized[radio://0/80/2M]
2021-05-06 11:20:33,246 [INFO]: We are connected[radio://0/80/2M], request connection setup
2021-05-06 11:20:33,587 [WARNING]: Got link error callback [Too many packets lost] in state [1]
2021-05-06 11:20:33,587 [INFO]: Callback->Connected failed to [radio://0/80/2M]: Too many packets lost
