2021-05-06 10:22:14,138 [INFO]: Connecting to the Vicon...
2021-05-06 10:22:14,139 [INFO]: Connected to Vicon!
2021-05-06 10:22:14,139 [INFO]: Enabling data types...
2021-05-06 10:22:14,140 [DEBUG]: Segments: True
2021-05-06 10:22:14,140 [DEBUG]: Markers: True
2021-05-06 10:22:14,140 [DEBUG]: Unlabeled Markers: True
2021-05-06 10:22:14,140 [DEBUG]: Marker Rays: True
2021-05-06 10:22:14,140 [DEBUG]: Devices: True
2021-05-06 10:22:14,140 [DEBUG]: Centroids: True 
2021-05-06 10:22:14,140 [INFO]: Testing stream modes...
2021-05-06 10:22:14,140 [INFO]: Getting a frame in ClientPull mode...
2021-05-06 10:22:15,141 [ERROR]: Error using ClientPull mode. --> NoFrame
2021-05-06 10:22:15,141 [INFO]: Getting a frame in PreFetch mode...
2021-05-06 10:22:16,142 [ERROR]: Error using ClientPreFetch mode. --> NoFrame
2021-05-06 10:22:16,143 [INFO]: Getting a frame in ServerPush mode...
2021-05-06 10:22:16,143 [DEBUG]: Fetched! Pulled frame number: 439676
2021-05-06 10:22:16,144 [INFO]: ServerPush mode set.
2021-05-06 10:22:16,144 [INFO]: Getting available framerates...
2021-05-06 10:22:16,144 [INFO]: Current Vicon frame rate: 100.0 Hz.
2021-05-06 10:22:16,144 [INFO]: Available frame rates: 
2021-05-06 10:22:16,145 [INFO]: Process Rate : 100 Hz 

2021-05-06 10:22:16,145 [INFO]: Setting axis...
2021-05-06 10:22:16,145 [INFO]: X Axis: AxisMapping.EForward
2021-05-06 10:22:16,145 [INFO]: Y Axis: AxisMapping.ELeft
2021-05-06 10:22:16,145 [INFO]: Z Axis: AxisMapping.EUp
2021-05-06 10:22:16,146 [INFO]: Initializing drivers...
2021-05-06 10:22:16,146 [INFO]: Drivers initialized.
2021-05-06 10:22:16,146 [INFO]: Connecting to the Crazyflie...
2021-05-06 10:22:16,147 [DEBUG]: Adding callback on port [6] to [<bound method Localization._incoming of <cflib.crazyflie.localization.Localization object at 0x0000021753DC2B08>>]
2021-05-06 10:22:16,147 [DEBUG]: Adding callback on port [5] to [<bound method Log._new_packet_cb of <cflib.crazyflie.log.Log object at 0x0000021753DC2C88>>]
2021-05-06 10:22:16,147 [DEBUG]: Adding callback on port [0] to [<bound method Console.incoming of <cflib.crazyflie.console.Console object at 0x0000021753DC2D48>>]
2021-05-06 10:22:16,148 [DEBUG]: Adding callback on port [2] to [<bound method _ParamUpdater._new_packet_cb of <_ParamUpdater(Thread-7, initial daemon)>>]
2021-05-06 10:22:16,149 [DEBUG]: Adding callback on port [4] to [<bound method Memory._new_packet_cb of <cflib.crazyflie.mem.Memory object at 0x0000021753DDA288>>]
2021-05-06 10:22:16,149 [DEBUG]: Adding callback on port [13] to [<bound method PlatformService._platform_callback of <cflib.crazyflie.platformservice.PlatformService object at 0x0000021753DDA108>>]
2021-05-06 10:22:16,149 [DEBUG]: Adding callback on port [15] to [<bound method PlatformService._crt_service_callback of <cflib.crazyflie.platformservice.PlatformService object at 0x0000021753DDA108>>]
2021-05-06 10:22:16,149 [INFO]: Crazyflie2 has the following segments: ['Crazyflie2']
2021-05-06 10:22:16,149 [INFO]: Crazyflie2 has root: Crazyflie2
2021-05-06 10:22:16,150 [INFO]: Tarot_Buzz has the following segments: ['Tarot_Buzz']
2021-05-06 10:22:16,150 [INFO]: Tarot_Buzz has root: Tarot_Buzz
2021-05-06 10:22:16,150 [DEBUG]: ===Checking functions without flying===
2021-05-06 10:22:16,150 [DEBUG]: ===============Offline check done=================
2021-05-06 10:22:16,152 [INFO]: Callback->Connection initialized[radio://0/80/2M]
2021-05-06 10:22:16,159 [INFO]: We are connected[radio://0/80/2M], request connection setup
2021-05-06 10:22:16,160 [INFO]: Callback->Connected to [radio://0/80/2M]
2021-05-06 10:22:16,162 [WARNING]: Error no LogEntry to handle id=3
2021-05-06 10:22:16,164 [WARNING]: Error no LogEntry to handle id=3
2021-05-06 10:22:16,169 [INFO]: Protocol  version: 4
2021-05-06 10:22:16,173 [DEBUG]: Logging reset, continue with TOC download
2021-05-06 10:22:16,173 [DEBUG]: [5]: Using V2 protocol: 1
2021-05-06 10:22:16,173 [DEBUG]: [5]: Start fetching...
2021-05-06 10:22:16,173 [DEBUG]: Adding callback on port [5] to [<bound method TocFetcher._new_packet_cb of <cflib.crazyflie.toc.TocFetcher object at 0x0000021753DFD3C8>>]
2021-05-06 10:22:16,177 [DEBUG]: [5]: Got TOC CRC, 317 items and crc=0x05C5AF70
2021-05-06 10:22:16,177 [DEBUG]: Requesting index 0 on port 5
2021-05-06 10:22:16,182 [DEBUG]: Added element [0]
2021-05-06 10:22:16,182 [DEBUG]: [5]: More variables, requesting index 1
2021-05-06 10:22:16,182 [DEBUG]: Requesting index 1 on port 5
2021-05-06 10:22:16,186 [DEBUG]: Added element [1]
2021-05-06 10:22:16,186 [DEBUG]: [5]: More variables, requesting index 2
2021-05-06 10:22:16,186 [DEBUG]: Requesting index 2 on port 5
2021-05-06 10:22:16,191 [DEBUG]: Added element [2]
2021-05-06 10:22:16,191 [DEBUG]: [5]: More variables, requesting index 3
2021-05-06 10:22:16,191 [DEBUG]: Requesting index 3 on port 5
2021-05-06 10:22:16,195 [DEBUG]: Added element [3]
2021-05-06 10:22:16,196 [DEBUG]: [5]: More variables, requesting index 4
2021-05-06 10:22:16,196 [DEBUG]: Requesting index 4 on port 5
2021-05-06 10:22:16,200 [DEBUG]: Added element [4]
2021-05-06 10:22:16,200 [DEBUG]: [5]: More variables, requesting index 5
2021-05-06 10:22:16,200 [DEBUG]: Requesting index 5 on port 5
2021-05-06 10:22:16,205 [DEBUG]: Added element [5]
2021-05-06 10:22:16,205 [DEBUG]: [5]: More variables, requesting index 6
2021-05-06 10:22:16,205 [DEBUG]: Requesting index 6 on port 5
2021-05-06 10:22:16,209 [DEBUG]: Added element [6]
2021-05-06 10:22:16,209 [DEBUG]: [5]: More variables, requesting index 7
2021-05-06 10:22:16,209 [DEBUG]: Requesting index 7 on port 5
2021-05-06 10:22:16,213 [DEBUG]: Added element [7]
2021-05-06 10:22:16,213 [DEBUG]: [5]: More variables, requesting index 8
2021-05-06 10:22:16,214 [DEBUG]: Requesting index 8 on port 5
2021-05-06 10:22:16,218 [DEBUG]: Added element [8]
2021-05-06 10:22:16,218 [DEBUG]: [5]: More variables, requesting index 9
2021-05-06 10:22:16,218 [DEBUG]: Requesting index 9 on port 5
2021-05-06 10:22:16,222 [DEBUG]: Added element [9]
2021-05-06 10:22:16,222 [DEBUG]: [5]: More variables, requesting index 10
2021-05-06 10:22:16,222 [DEBUG]: Requesting index 10 on port 5
2021-05-06 10:22:16,226 [DEBUG]: Added element [10]
2021-05-06 10:22:16,227 [DEBUG]: [5]: More variables, requesting index 11
2021-05-06 10:22:16,227 [DEBUG]: Requesting index 11 on port 5
2021-05-06 10:22:16,239 [DEBUG]: Added element [11]
2021-05-06 10:22:16,240 [DEBUG]: [5]: More variables, requesting index 12
2021-05-06 10:22:16,240 [DEBUG]: Requesting index 12 on port 5
2021-05-06 10:22:16,243 [DEBUG]: Added element [12]
2021-05-06 10:22:16,243 [DEBUG]: [5]: More variables, requesting index 13
2021-05-06 10:22:16,243 [DEBUG]: Requesting index 13 on port 5
2021-05-06 10:22:16,247 [DEBUG]: Added element [13]
2021-05-06 10:22:16,247 [DEBUG]: [5]: More variables, requesting index 14
2021-05-06 10:22:16,248 [DEBUG]: Requesting index 14 on port 5
2021-05-06 10:22:16,252 [DEBUG]: Added element [14]
2021-05-06 10:22:16,252 [DEBUG]: [5]: More variables, requesting index 15
2021-05-06 10:22:16,252 [DEBUG]: Requesting index 15 on port 5
2021-05-06 10:22:16,256 [DEBUG]: Added element [15]
2021-05-06 10:22:16,257 [DEBUG]: [5]: More variables, requesting index 16
2021-05-06 10:22:16,257 [DEBUG]: Requesting index 16 on port 5
2021-05-06 10:22:16,261 [DEBUG]: Added element [16]
2021-05-06 10:22:16,261 [DEBUG]: [5]: More variables, requesting index 17
2021-05-06 10:22:16,261 [DEBUG]: Requesting index 17 on port 5
2021-05-06 10:22:16,266 [DEBUG]: Added element [17]
2021-05-06 10:22:16,266 [DEBUG]: [5]: More variables, requesting index 18
2021-05-06 10:22:16,266 [DEBUG]: Requesting index 18 on port 5
2021-05-06 10:22:16,269 [DEBUG]: Added element [18]
2021-05-06 10:22:16,269 [DEBUG]: [5]: More variables, requesting index 19
2021-05-06 10:22:16,270 [DEBUG]: Requesting index 19 on port 5
2021-05-06 10:22:16,275 [DEBUG]: Added element [19]
2021-05-06 10:22:16,275 [DEBUG]: [5]: More variables, requesting index 20
2021-05-06 10:22:16,275 [DEBUG]: Requesting index 20 on port 5
2021-05-06 10:22:16,279 [DEBUG]: Added element [20]
2021-05-06 10:22:16,279 [DEBUG]: [5]: More variables, requesting index 21
2021-05-06 10:22:16,280 [DEBUG]: Requesting index 21 on port 5
2021-05-06 10:22:16,284 [DEBUG]: Added element [21]
2021-05-06 10:22:16,284 [DEBUG]: [5]: More variables, requesting index 22
2021-05-06 10:22:16,284 [DEBUG]: Requesting index 22 on port 5
2021-05-06 10:22:16,288 [DEBUG]: Added element [22]
2021-05-06 10:22:16,288 [DEBUG]: [5]: More variables, requesting index 23
2021-05-06 10:22:16,289 [DEBUG]: Requesting index 23 on port 5
2021-05-06 10:22:16,293 [DEBUG]: Added element [23]
2021-05-06 10:22:16,293 [DEBUG]: [5]: More variables, requesting index 24
2021-05-06 10:22:16,293 [DEBUG]: Requesting index 24 on port 5
2021-05-06 10:22:16,298 [DEBUG]: Added element [24]
2021-05-06 10:22:16,298 [DEBUG]: [5]: More variables, requesting index 25
2021-05-06 10:22:16,298 [DEBUG]: Requesting index 25 on port 5
2021-05-06 10:22:16,302 [DEBUG]: Added element [25]
2021-05-06 10:22:16,302 [DEBUG]: [5]: More variables, requesting index 26
2021-05-06 10:22:16,302 [DEBUG]: Requesting index 26 on port 5
2021-05-06 10:22:16,307 [DEBUG]: Added element [26]
2021-05-06 10:22:16,307 [DEBUG]: [5]: More variables, requesting index 27
2021-05-06 10:22:16,307 [DEBUG]: Requesting index 27 on port 5
2021-05-06 10:22:16,311 [DEBUG]: Added element [27]
2021-05-06 10:22:16,311 [DEBUG]: [5]: More variables, requesting index 28
2021-05-06 10:22:16,311 [DEBUG]: Requesting index 28 on port 5
2021-05-06 10:22:16,314 [DEBUG]: Added element [28]
2021-05-06 10:22:16,315 [DEBUG]: [5]: More variables, requesting index 29
2021-05-06 10:22:16,315 [DEBUG]: Requesting index 29 on port 5
2021-05-06 10:22:16,319 [DEBUG]: Added element [29]
2021-05-06 10:22:16,319 [DEBUG]: [5]: More variables, requesting index 30
2021-05-06 10:22:16,319 [DEBUG]: Requesting index 30 on port 5
2021-05-06 10:22:16,323 [DEBUG]: Added element [30]
2021-05-06 10:22:16,323 [DEBUG]: [5]: More variables, requesting index 31
2021-05-06 10:22:16,324 [DEBUG]: Requesting index 31 on port 5
2021-05-06 10:22:16,328 [DEBUG]: Added element [31]
2021-05-06 10:22:16,328 [DEBUG]: [5]: More variables, requesting index 32
2021-05-06 10:22:16,328 [DEBUG]: Requesting index 32 on port 5
2021-05-06 10:22:16,332 [DEBUG]: Added element [32]
2021-05-06 10:22:16,332 [DEBUG]: [5]: More variables, requesting index 33
2021-05-06 10:22:16,332 [DEBUG]: Requesting index 33 on port 5
2021-05-06 10:22:16,336 [DEBUG]: Added element [33]
2021-05-06 10:22:16,337 [DEBUG]: [5]: More variables, requesting index 34
2021-05-06 10:22:16,337 [DEBUG]: Requesting index 34 on port 5
2021-05-06 10:22:16,341 [DEBUG]: Added element [34]
2021-05-06 10:22:16,341 [DEBUG]: [5]: More variables, requesting index 35
2021-05-06 10:22:16,341 [DEBUG]: Requesting index 35 on port 5
2021-05-06 10:22:16,345 [DEBUG]: Added element [35]
2021-05-06 10:22:16,345 [DEBUG]: [5]: More variables, requesting index 36
2021-05-06 10:22:16,346 [DEBUG]: Requesting index 36 on port 5
2021-05-06 10:22:16,350 [DEBUG]: Added element [36]
2021-05-06 10:22:16,350 [DEBUG]: [5]: More variables, requesting index 37
2021-05-06 10:22:16,350 [DEBUG]: Requesting index 37 on port 5
2021-05-06 10:22:16,353 [DEBUG]: Added element [37]
2021-05-06 10:22:16,354 [DEBUG]: [5]: More variables, requesting index 38
2021-05-06 10:22:16,354 [DEBUG]: Requesting index 38 on port 5
2021-05-06 10:22:16,357 [DEBUG]: Added element [38]
2021-05-06 10:22:16,358 [DEBUG]: [5]: More variables, requesting index 39
2021-05-06 10:22:16,358 [DEBUG]: Requesting index 39 on port 5
2021-05-06 10:22:16,371 [DEBUG]: Added element [39]
2021-05-06 10:22:16,371 [DEBUG]: [5]: More variables, requesting index 40
2021-05-06 10:22:16,371 [DEBUG]: Requesting index 40 on port 5
2021-05-06 10:22:16,376 [DEBUG]: Added element [40]
2021-05-06 10:22:16,376 [DEBUG]: [5]: More variables, requesting index 41
2021-05-06 10:22:16,376 [DEBUG]: Requesting index 41 on port 5
2021-05-06 10:22:16,380 [DEBUG]: Added element [41]
2021-05-06 10:22:16,380 [DEBUG]: [5]: More variables, requesting index 42
2021-05-06 10:22:16,380 [DEBUG]: Requesting index 42 on port 5
2021-05-06 10:22:16,385 [DEBUG]: Added element [42]
2021-05-06 10:22:16,385 [DEBUG]: [5]: More variables, requesting index 43
2021-05-06 10:22:16,385 [DEBUG]: Requesting index 43 on port 5
2021-05-06 10:22:16,389 [DEBUG]: Added element [43]
2021-05-06 10:22:16,389 [DEBUG]: [5]: More variables, requesting index 44
2021-05-06 10:22:16,390 [DEBUG]: Requesting index 44 on port 5
2021-05-06 10:22:16,394 [DEBUG]: Added element [44]
2021-05-06 10:22:16,394 [DEBUG]: [5]: More variables, requesting index 45
2021-05-06 10:22:16,395 [DEBUG]: Requesting index 45 on port 5
2021-05-06 10:22:16,399 [DEBUG]: Added element [45]
2021-05-06 10:22:16,399 [DEBUG]: [5]: More variables, requesting index 46
2021-05-06 10:22:16,399 [DEBUG]: Requesting index 46 on port 5
2021-05-06 10:22:16,404 [DEBUG]: Added element [46]
2021-05-06 10:22:16,404 [DEBUG]: [5]: More variables, requesting index 47
2021-05-06 10:22:16,404 [DEBUG]: Requesting index 47 on port 5
2021-05-06 10:22:16,410 [DEBUG]: Added element [47]
2021-05-06 10:22:16,410 [DEBUG]: [5]: More variables, requesting index 48
2021-05-06 10:22:16,411 [DEBUG]: Requesting index 48 on port 5
2021-05-06 10:22:16,415 [DEBUG]: Added element [48]
2021-05-06 10:22:16,415 [DEBUG]: [5]: More variables, requesting index 49
2021-05-06 10:22:16,415 [DEBUG]: Requesting index 49 on port 5
2021-05-06 10:22:16,420 [DEBUG]: Added element [49]
2021-05-06 10:22:16,420 [DEBUG]: [5]: More variables, requesting index 50
2021-05-06 10:22:16,420 [DEBUG]: Requesting index 50 on port 5
2021-05-06 10:22:16,425 [DEBUG]: Added element [50]
2021-05-06 10:22:16,425 [DEBUG]: [5]: More variables, requesting index 51
2021-05-06 10:22:16,425 [DEBUG]: Requesting index 51 on port 5
2021-05-06 10:22:16,430 [DEBUG]: Added element [51]
2021-05-06 10:22:16,430 [DEBUG]: [5]: More variables, requesting index 52
2021-05-06 10:22:16,430 [DEBUG]: Requesting index 52 on port 5
2021-05-06 10:22:16,435 [DEBUG]: Added element [52]
2021-05-06 10:22:16,435 [DEBUG]: [5]: More variables, requesting index 53
2021-05-06 10:22:16,435 [DEBUG]: Requesting index 53 on port 5
2021-05-06 10:22:16,440 [DEBUG]: Added element [53]
2021-05-06 10:22:16,440 [DEBUG]: [5]: More variables, requesting index 54
2021-05-06 10:22:16,440 [DEBUG]: Requesting index 54 on port 5
2021-05-06 10:22:16,445 [DEBUG]: Added element [54]
2021-05-06 10:22:16,445 [DEBUG]: [5]: More variables, requesting index 55
2021-05-06 10:22:16,445 [DEBUG]: Requesting index 55 on port 5
2021-05-06 10:22:16,450 [DEBUG]: Added element [55]
2021-05-06 10:22:16,450 [DEBUG]: [5]: More variables, requesting index 56
2021-05-06 10:22:16,450 [DEBUG]: Requesting index 56 on port 5
2021-05-06 10:22:16,455 [DEBUG]: Added element [56]
2021-05-06 10:22:16,455 [DEBUG]: [5]: More variables, requesting index 57
2021-05-06 10:22:16,455 [DEBUG]: Requesting index 57 on port 5
2021-05-06 10:22:16,459 [DEBUG]: Added element [57]
2021-05-06 10:22:16,460 [DEBUG]: [5]: More variables, requesting index 58
2021-05-06 10:22:16,460 [DEBUG]: Requesting index 58 on port 5
2021-05-06 10:22:16,464 [DEBUG]: Added element [58]
2021-05-06 10:22:16,464 [DEBUG]: [5]: More variables, requesting index 59
2021-05-06 10:22:16,464 [DEBUG]: Requesting index 59 on port 5
2021-05-06 10:22:16,469 [DEBUG]: Added element [59]
2021-05-06 10:22:16,470 [DEBUG]: [5]: More variables, requesting index 60
2021-05-06 10:22:16,470 [DEBUG]: Requesting index 60 on port 5
2021-05-06 10:22:16,474 [DEBUG]: Added element [60]
2021-05-06 10:22:16,475 [DEBUG]: [5]: More variables, requesting index 61
2021-05-06 10:22:16,475 [DEBUG]: Requesting index 61 on port 5
2021-05-06 10:22:16,479 [DEBUG]: Added element [61]
2021-05-06 10:22:16,479 [DEBUG]: [5]: More variables, requesting index 62
2021-05-06 10:22:16,479 [DEBUG]: Requesting index 62 on port 5
2021-05-06 10:22:16,483 [DEBUG]: Added element [62]
2021-05-06 10:22:16,484 [DEBUG]: [5]: More variables, requesting index 63
2021-05-06 10:22:16,484 [DEBUG]: Requesting index 63 on port 5
2021-05-06 10:22:16,488 [DEBUG]: Added element [63]
2021-05-06 10:22:16,488 [DEBUG]: [5]: More variables, requesting index 64
2021-05-06 10:22:16,488 [DEBUG]: Requesting index 64 on port 5
2021-05-06 10:22:16,502 [DEBUG]: Added element [64]
2021-05-06 10:22:16,502 [DEBUG]: [5]: More variables, requesting index 65
2021-05-06 10:22:16,502 [DEBUG]: Requesting index 65 on port 5
2021-05-06 10:22:16,507 [DEBUG]: Added element [65]
2021-05-06 10:22:16,507 [DEBUG]: [5]: More variables, requesting index 66
2021-05-06 10:22:16,507 [DEBUG]: Requesting index 66 on port 5
2021-05-06 10:22:16,511 [DEBUG]: Added element [66]
2021-05-06 10:22:16,512 [DEBUG]: [5]: More variables, requesting index 67
2021-05-06 10:22:16,512 [DEBUG]: Requesting index 67 on port 5
2021-05-06 10:22:16,516 [DEBUG]: Added element [67]
2021-05-06 10:22:16,516 [DEBUG]: [5]: More variables, requesting index 68
2021-05-06 10:22:16,516 [DEBUG]: Requesting index 68 on port 5
2021-05-06 10:22:16,521 [DEBUG]: Added element [68]
2021-05-06 10:22:16,521 [DEBUG]: [5]: More variables, requesting index 69
2021-05-06 10:22:16,521 [DEBUG]: Requesting index 69 on port 5
2021-05-06 10:22:16,526 [DEBUG]: Added element [69]
2021-05-06 10:22:16,526 [DEBUG]: [5]: More variables, requesting index 70
2021-05-06 10:22:16,526 [DEBUG]: Requesting index 70 on port 5
2021-05-06 10:22:16,530 [DEBUG]: Added element [70]
2021-05-06 10:22:16,531 [DEBUG]: [5]: More variables, requesting index 71
2021-05-06 10:22:16,531 [DEBUG]: Requesting index 71 on port 5
2021-05-06 10:22:16,535 [DEBUG]: Added element [71]
2021-05-06 10:22:16,536 [DEBUG]: [5]: More variables, requesting index 72
2021-05-06 10:22:16,536 [DEBUG]: Requesting index 72 on port 5
2021-05-06 10:22:16,539 [DEBUG]: Added element [72]
2021-05-06 10:22:16,539 [DEBUG]: [5]: More variables, requesting index 73
2021-05-06 10:22:16,539 [DEBUG]: Requesting index 73 on port 5
2021-05-06 10:22:16,543 [DEBUG]: Added element [73]
2021-05-06 10:22:16,543 [DEBUG]: [5]: More variables, requesting index 74
2021-05-06 10:22:16,543 [DEBUG]: Requesting index 74 on port 5
2021-05-06 10:22:16,547 [DEBUG]: Added element [74]
2021-05-06 10:22:16,547 [DEBUG]: [5]: More variables, requesting index 75
2021-05-06 10:22:16,547 [DEBUG]: Requesting index 75 on port 5
2021-05-06 10:22:16,552 [DEBUG]: Added element [75]
2021-05-06 10:22:16,552 [DEBUG]: [5]: More variables, requesting index 76
2021-05-06 10:22:16,552 [DEBUG]: Requesting index 76 on port 5
2021-05-06 10:22:16,556 [DEBUG]: Added element [76]
2021-05-06 10:22:16,556 [DEBUG]: [5]: More variables, requesting index 77
2021-05-06 10:22:16,556 [DEBUG]: Requesting index 77 on port 5
2021-05-06 10:22:16,560 [DEBUG]: Added element [77]
2021-05-06 10:22:16,560 [DEBUG]: [5]: More variables, requesting index 78
2021-05-06 10:22:16,560 [DEBUG]: Requesting index 78 on port 5
2021-05-06 10:22:16,566 [DEBUG]: Added element [78]
2021-05-06 10:22:16,566 [DEBUG]: [5]: More variables, requesting index 79
2021-05-06 10:22:16,566 [DEBUG]: Requesting index 79 on port 5
2021-05-06 10:22:16,571 [DEBUG]: Added element [79]
2021-05-06 10:22:16,571 [DEBUG]: [5]: More variables, requesting index 80
2021-05-06 10:22:16,571 [DEBUG]: Requesting index 80 on port 5
2021-05-06 10:22:16,575 [DEBUG]: Added element [80]
2021-05-06 10:22:16,575 [DEBUG]: [5]: More variables, requesting index 81
2021-05-06 10:22:16,575 [DEBUG]: Requesting index 81 on port 5
2021-05-06 10:22:16,579 [DEBUG]: Added element [81]
2021-05-06 10:22:16,580 [DEBUG]: [5]: More variables, requesting index 82
2021-05-06 10:22:16,580 [DEBUG]: Requesting index 82 on port 5
2021-05-06 10:22:16,584 [DEBUG]: Added element [82]
2021-05-06 10:22:16,584 [DEBUG]: [5]: More variables, requesting index 83
2021-05-06 10:22:16,584 [DEBUG]: Requesting index 83 on port 5
2021-05-06 10:22:16,588 [DEBUG]: Added element [83]
2021-05-06 10:22:16,589 [DEBUG]: [5]: More variables, requesting index 84
2021-05-06 10:22:16,589 [DEBUG]: Requesting index 84 on port 5
2021-05-06 10:22:16,593 [DEBUG]: Added element [84]
2021-05-06 10:22:16,593 [DEBUG]: [5]: More variables, requesting index 85
2021-05-06 10:22:16,593 [DEBUG]: Requesting index 85 on port 5
2021-05-06 10:22:16,597 [DEBUG]: Added element [85]
2021-05-06 10:22:16,598 [DEBUG]: [5]: More variables, requesting index 86
2021-05-06 10:22:16,598 [DEBUG]: Requesting index 86 on port 5
2021-05-06 10:22:16,602 [DEBUG]: Added element [86]
2021-05-06 10:22:16,602 [DEBUG]: [5]: More variables, requesting index 87
2021-05-06 10:22:16,602 [DEBUG]: Requesting index 87 on port 5
2021-05-06 10:22:16,606 [DEBUG]: Added element [87]
2021-05-06 10:22:16,607 [DEBUG]: [5]: More variables, requesting index 88
2021-05-06 10:22:16,607 [DEBUG]: Requesting index 88 on port 5
2021-05-06 10:22:16,611 [DEBUG]: Added element [88]
2021-05-06 10:22:16,611 [DEBUG]: [5]: More variables, requesting index 89
2021-05-06 10:22:16,611 [DEBUG]: Requesting index 89 on port 5
2021-05-06 10:22:16,615 [DEBUG]: Added element [89]
2021-05-06 10:22:16,615 [DEBUG]: [5]: More variables, requesting index 90
2021-05-06 10:22:16,615 [DEBUG]: Requesting index 90 on port 5
2021-05-06 10:22:16,620 [DEBUG]: Added element [90]
2021-05-06 10:22:16,620 [DEBUG]: [5]: More variables, requesting index 91
2021-05-06 10:22:16,620 [DEBUG]: Requesting index 91 on port 5
2021-05-06 10:22:16,633 [DEBUG]: Added element [91]
2021-05-06 10:22:16,634 [DEBUG]: [5]: More variables, requesting index 92
2021-05-06 10:22:16,634 [DEBUG]: Requesting index 92 on port 5
2021-05-06 10:22:16,638 [DEBUG]: Added element [92]
2021-05-06 10:22:16,639 [DEBUG]: [5]: More variables, requesting index 93
2021-05-06 10:22:16,639 [DEBUG]: Requesting index 93 on port 5
2021-05-06 10:22:16,643 [DEBUG]: Added element [93]
2021-05-06 10:22:16,643 [DEBUG]: [5]: More variables, requesting index 94
2021-05-06 10:22:16,643 [DEBUG]: Requesting index 94 on port 5
2021-05-06 10:22:16,648 [DEBUG]: Added element [94]
2021-05-06 10:22:16,648 [DEBUG]: [5]: More variables, requesting index 95
2021-05-06 10:22:16,648 [DEBUG]: Requesting index 95 on port 5
2021-05-06 10:22:16,652 [DEBUG]: Added element [95]
2021-05-06 10:22:16,652 [DEBUG]: [5]: More variables, requesting index 96
2021-05-06 10:22:16,652 [DEBUG]: Requesting index 96 on port 5
2021-05-06 10:22:16,656 [DEBUG]: Added element [96]
2021-05-06 10:22:16,657 [DEBUG]: [5]: More variables, requesting index 97
2021-05-06 10:22:16,657 [DEBUG]: Requesting index 97 on port 5
2021-05-06 10:22:16,661 [DEBUG]: Added element [97]
2021-05-06 10:22:16,661 [DEBUG]: [5]: More variables, requesting index 98
2021-05-06 10:22:16,661 [DEBUG]: Requesting index 98 on port 5
2021-05-06 10:22:16,666 [DEBUG]: Added element [98]
2021-05-06 10:22:16,666 [DEBUG]: [5]: More variables, requesting index 99
2021-05-06 10:22:16,666 [DEBUG]: Requesting index 99 on port 5
2021-05-06 10:22:16,670 [DEBUG]: Added element [99]
2021-05-06 10:22:16,670 [DEBUG]: [5]: More variables, requesting index 100
2021-05-06 10:22:16,671 [DEBUG]: Requesting index 100 on port 5
2021-05-06 10:22:16,674 [DEBUG]: Added element [100]
2021-05-06 10:22:16,674 [DEBUG]: [5]: More variables, requesting index 101
2021-05-06 10:22:16,674 [DEBUG]: Requesting index 101 on port 5
2021-05-06 10:22:16,678 [DEBUG]: Added element [101]
2021-05-06 10:22:16,679 [DEBUG]: [5]: More variables, requesting index 102
2021-05-06 10:22:16,679 [DEBUG]: Requesting index 102 on port 5
2021-05-06 10:22:16,682 [DEBUG]: Added element [102]
2021-05-06 10:22:16,682 [DEBUG]: [5]: More variables, requesting index 103
2021-05-06 10:22:16,682 [DEBUG]: Requesting index 103 on port 5
2021-05-06 10:22:16,687 [DEBUG]: Added element [103]
2021-05-06 10:22:16,687 [DEBUG]: [5]: More variables, requesting index 104
2021-05-06 10:22:16,688 [DEBUG]: Requesting index 104 on port 5
2021-05-06 10:22:16,692 [DEBUG]: Added element [104]
2021-05-06 10:22:16,692 [DEBUG]: [5]: More variables, requesting index 105
2021-05-06 10:22:16,692 [DEBUG]: Requesting index 105 on port 5
2021-05-06 10:22:16,697 [DEBUG]: Added element [105]
2021-05-06 10:22:16,697 [DEBUG]: [5]: More variables, requesting index 106
2021-05-06 10:22:16,697 [DEBUG]: Requesting index 106 on port 5
2021-05-06 10:22:16,701 [DEBUG]: Added element [106]
2021-05-06 10:22:16,701 [DEBUG]: [5]: More variables, requesting index 107
2021-05-06 10:22:16,702 [DEBUG]: Requesting index 107 on port 5
2021-05-06 10:22:16,706 [DEBUG]: Added element [107]
2021-05-06 10:22:16,707 [DEBUG]: [5]: More variables, requesting index 108
2021-05-06 10:22:16,707 [DEBUG]: Requesting index 108 on port 5
2021-05-06 10:22:16,711 [DEBUG]: Added element [108]
2021-05-06 10:22:16,711 [DEBUG]: [5]: More variables, requesting index 109
2021-05-06 10:22:16,711 [DEBUG]: Requesting index 109 on port 5
2021-05-06 10:22:16,716 [DEBUG]: Added element [109]
2021-05-06 10:22:16,716 [DEBUG]: [5]: More variables, requesting index 110
2021-05-06 10:22:16,716 [DEBUG]: Requesting index 110 on port 5
2021-05-06 10:22:16,721 [DEBUG]: Added element [110]
2021-05-06 10:22:16,721 [DEBUG]: [5]: More variables, requesting index 111
2021-05-06 10:22:16,721 [DEBUG]: Requesting index 111 on port 5
2021-05-06 10:22:16,725 [DEBUG]: Added element [111]
2021-05-06 10:22:16,726 [DEBUG]: [5]: More variables, requesting index 112
2021-05-06 10:22:16,726 [DEBUG]: Requesting index 112 on port 5
2021-05-06 10:22:16,730 [DEBUG]: Added element [112]
2021-05-06 10:22:16,730 [DEBUG]: [5]: More variables, requesting index 113
2021-05-06 10:22:16,730 [DEBUG]: Requesting index 113 on port 5
2021-05-06 10:22:16,735 [DEBUG]: Added element [113]
2021-05-06 10:22:16,735 [DEBUG]: [5]: More variables, requesting index 114
2021-05-06 10:22:16,735 [DEBUG]: Requesting index 114 on port 5
2021-05-06 10:22:16,740 [DEBUG]: Added element [114]
2021-05-06 10:22:16,740 [DEBUG]: [5]: More variables, requesting index 115
2021-05-06 10:22:16,740 [DEBUG]: Requesting index 115 on port 5
2021-05-06 10:22:16,743 [DEBUG]: Added element [115]
2021-05-06 10:22:16,744 [DEBUG]: [5]: More variables, requesting index 116
2021-05-06 10:22:16,744 [DEBUG]: Requesting index 116 on port 5
2021-05-06 10:22:16,748 [DEBUG]: Added element [116]
2021-05-06 10:22:16,748 [DEBUG]: [5]: More variables, requesting index 117
2021-05-06 10:22:16,748 [DEBUG]: Requesting index 117 on port 5
2021-05-06 10:22:16,753 [DEBUG]: Added element [117]
2021-05-06 10:22:16,753 [DEBUG]: [5]: More variables, requesting index 118
2021-05-06 10:22:16,753 [DEBUG]: Requesting index 118 on port 5
2021-05-06 10:22:16,767 [DEBUG]: Added element [118]
2021-05-06 10:22:16,767 [DEBUG]: [5]: More variables, requesting index 119
2021-05-06 10:22:16,768 [DEBUG]: Requesting index 119 on port 5
2021-05-06 10:22:16,772 [DEBUG]: Added element [119]
2021-05-06 10:22:16,772 [DEBUG]: [5]: More variables, requesting index 120
2021-05-06 10:22:16,772 [DEBUG]: Requesting index 120 on port 5
2021-05-06 10:22:16,777 [DEBUG]: Added element [120]
2021-05-06 10:22:16,777 [DEBUG]: [5]: More variables, requesting index 121
2021-05-06 10:22:16,777 [DEBUG]: Requesting index 121 on port 5
2021-05-06 10:22:16,781 [DEBUG]: Added element [121]
2021-05-06 10:22:16,781 [DEBUG]: [5]: More variables, requesting index 122
2021-05-06 10:22:16,781 [DEBUG]: Requesting index 122 on port 5
2021-05-06 10:22:16,786 [DEBUG]: Added element [122]
2021-05-06 10:22:16,786 [DEBUG]: [5]: More variables, requesting index 123
2021-05-06 10:22:16,786 [DEBUG]: Requesting index 123 on port 5
2021-05-06 10:22:16,792 [DEBUG]: Added element [123]
2021-05-06 10:22:16,792 [DEBUG]: [5]: More variables, requesting index 124
2021-05-06 10:22:16,792 [DEBUG]: Requesting index 124 on port 5
2021-05-06 10:22:16,797 [DEBUG]: Added element [124]
2021-05-06 10:22:16,797 [DEBUG]: [5]: More variables, requesting index 125
2021-05-06 10:22:16,797 [DEBUG]: Requesting index 125 on port 5
2021-05-06 10:22:16,801 [DEBUG]: Added element [125]
2021-05-06 10:22:16,801 [DEBUG]: [5]: More variables, requesting index 126
2021-05-06 10:22:16,802 [DEBUG]: Requesting index 126 on port 5
2021-05-06 10:22:16,806 [DEBUG]: Added element [126]
2021-05-06 10:22:16,806 [DEBUG]: [5]: More variables, requesting index 127
2021-05-06 10:22:16,806 [DEBUG]: Requesting index 127 on port 5
2021-05-06 10:22:16,811 [DEBUG]: Added element [127]
2021-05-06 10:22:16,811 [DEBUG]: [5]: More variables, requesting index 128
2021-05-06 10:22:16,811 [DEBUG]: Requesting index 128 on port 5
2021-05-06 10:22:16,815 [DEBUG]: Added element [128]
2021-05-06 10:22:16,816 [DEBUG]: [5]: More variables, requesting index 129
2021-05-06 10:22:16,816 [DEBUG]: Requesting index 129 on port 5
2021-05-06 10:22:16,820 [DEBUG]: Added element [129]
2021-05-06 10:22:16,820 [DEBUG]: [5]: More variables, requesting index 130
2021-05-06 10:22:16,820 [DEBUG]: Requesting index 130 on port 5
2021-05-06 10:22:16,824 [DEBUG]: Added element [130]
2021-05-06 10:22:16,824 [DEBUG]: [5]: More variables, requesting index 131
2021-05-06 10:22:16,825 [DEBUG]: Requesting index 131 on port 5
2021-05-06 10:22:16,829 [DEBUG]: Added element [131]
2021-05-06 10:22:16,829 [DEBUG]: [5]: More variables, requesting index 132
2021-05-06 10:22:16,829 [DEBUG]: Requesting index 132 on port 5
2021-05-06 10:22:16,833 [DEBUG]: Added element [132]
2021-05-06 10:22:16,833 [DEBUG]: [5]: More variables, requesting index 133
2021-05-06 10:22:16,833 [DEBUG]: Requesting index 133 on port 5
2021-05-06 10:22:16,838 [DEBUG]: Added element [133]
2021-05-06 10:22:16,838 [DEBUG]: [5]: More variables, requesting index 134
2021-05-06 10:22:16,838 [DEBUG]: Requesting index 134 on port 5
2021-05-06 10:22:16,843 [DEBUG]: Added element [134]
2021-05-06 10:22:16,843 [DEBUG]: [5]: More variables, requesting index 135
2021-05-06 10:22:16,843 [DEBUG]: Requesting index 135 on port 5
2021-05-06 10:22:16,848 [DEBUG]: Added element [135]
2021-05-06 10:22:16,848 [DEBUG]: [5]: More variables, requesting index 136
2021-05-06 10:22:16,848 [DEBUG]: Requesting index 136 on port 5
2021-05-06 10:22:16,852 [DEBUG]: Added element [136]
2021-05-06 10:22:16,852 [DEBUG]: [5]: More variables, requesting index 137
2021-05-06 10:22:16,852 [DEBUG]: Requesting index 137 on port 5
2021-05-06 10:22:16,857 [DEBUG]: Added element [137]
2021-05-06 10:22:16,857 [DEBUG]: [5]: More variables, requesting index 138
2021-05-06 10:22:16,857 [DEBUG]: Requesting index 138 on port 5
2021-05-06 10:22:16,861 [DEBUG]: Added element [138]
2021-05-06 10:22:16,861 [DEBUG]: [5]: More variables, requesting index 139
2021-05-06 10:22:16,861 [DEBUG]: Requesting index 139 on port 5
2021-05-06 10:22:16,866 [DEBUG]: Added element [139]
2021-05-06 10:22:16,866 [DEBUG]: [5]: More variables, requesting index 140
2021-05-06 10:22:16,866 [DEBUG]: Requesting index 140 on port 5
2021-05-06 10:22:16,871 [DEBUG]: Added element [140]
2021-05-06 10:22:16,871 [DEBUG]: [5]: More variables, requesting index 141
2021-05-06 10:22:16,871 [DEBUG]: Requesting index 141 on port 5
2021-05-06 10:22:16,876 [DEBUG]: Added element [141]
2021-05-06 10:22:16,876 [DEBUG]: [5]: More variables, requesting index 142
2021-05-06 10:22:16,876 [DEBUG]: Requesting index 142 on port 5
2021-05-06 10:22:16,880 [DEBUG]: Added element [142]
2021-05-06 10:22:16,880 [DEBUG]: [5]: More variables, requesting index 143
2021-05-06 10:22:16,880 [DEBUG]: Requesting index 143 on port 5
2021-05-06 10:22:16,885 [DEBUG]: Added element [143]
2021-05-06 10:22:16,885 [DEBUG]: [5]: More variables, requesting index 144
2021-05-06 10:22:16,885 [DEBUG]: Requesting index 144 on port 5
2021-05-06 10:22:16,899 [DEBUG]: Added element [144]
2021-05-06 10:22:16,899 [DEBUG]: [5]: More variables, requesting index 145
2021-05-06 10:22:16,899 [DEBUG]: Requesting index 145 on port 5
2021-05-06 10:22:16,903 [DEBUG]: Added element [145]
2021-05-06 10:22:16,903 [DEBUG]: [5]: More variables, requesting index 146
2021-05-06 10:22:16,903 [DEBUG]: Requesting index 146 on port 5
2021-05-06 10:22:16,908 [DEBUG]: Added element [146]
2021-05-06 10:22:16,908 [DEBUG]: [5]: More variables, requesting index 147
2021-05-06 10:22:16,908 [DEBUG]: Requesting index 147 on port 5
2021-05-06 10:22:16,913 [DEBUG]: Added element [147]
2021-05-06 10:22:16,913 [DEBUG]: [5]: More variables, requesting index 148
2021-05-06 10:22:16,913 [DEBUG]: Requesting index 148 on port 5
2021-05-06 10:22:16,918 [DEBUG]: Added element [148]
2021-05-06 10:22:16,918 [DEBUG]: [5]: More variables, requesting index 149
2021-05-06 10:22:16,918 [DEBUG]: Requesting index 149 on port 5
2021-05-06 10:22:16,924 [DEBUG]: Added element [149]
2021-05-06 10:22:16,924 [DEBUG]: [5]: More variables, requesting index 150
2021-05-06 10:22:16,924 [DEBUG]: Requesting index 150 on port 5
2021-05-06 10:22:16,928 [DEBUG]: Added element [150]
2021-05-06 10:22:16,928 [DEBUG]: [5]: More variables, requesting index 151
2021-05-06 10:22:16,929 [DEBUG]: Requesting index 151 on port 5
2021-05-06 10:22:16,933 [DEBUG]: Added element [151]
2021-05-06 10:22:16,933 [DEBUG]: [5]: More variables, requesting index 152
2021-05-06 10:22:16,933 [DEBUG]: Requesting index 152 on port 5
2021-05-06 10:22:16,937 [DEBUG]: Added element [152]
2021-05-06 10:22:16,938 [DEBUG]: [5]: More variables, requesting index 153
2021-05-06 10:22:16,938 [DEBUG]: Requesting index 153 on port 5
2021-05-06 10:22:16,943 [DEBUG]: Added element [153]
2021-05-06 10:22:16,943 [DEBUG]: [5]: More variables, requesting index 154
2021-05-06 10:22:16,943 [DEBUG]: Requesting index 154 on port 5
2021-05-06 10:22:16,947 [DEBUG]: Added element [154]
2021-05-06 10:22:16,947 [DEBUG]: [5]: More variables, requesting index 155
2021-05-06 10:22:16,948 [DEBUG]: Requesting index 155 on port 5
2021-05-06 10:22:16,952 [DEBUG]: Added element [155]
2021-05-06 10:22:16,952 [DEBUG]: [5]: More variables, requesting index 156
2021-05-06 10:22:16,952 [DEBUG]: Requesting index 156 on port 5
2021-05-06 10:22:16,956 [DEBUG]: Added element [156]
2021-05-06 10:22:16,956 [DEBUG]: [5]: More variables, requesting index 157
2021-05-06 10:22:16,957 [DEBUG]: Requesting index 157 on port 5
2021-05-06 10:22:16,961 [DEBUG]: Added element [157]
2021-05-06 10:22:16,961 [DEBUG]: [5]: More variables, requesting index 158
2021-05-06 10:22:16,961 [DEBUG]: Requesting index 158 on port 5
2021-05-06 10:22:16,965 [DEBUG]: Added element [158]
2021-05-06 10:22:16,965 [DEBUG]: [5]: More variables, requesting index 159
2021-05-06 10:22:16,966 [DEBUG]: Requesting index 159 on port 5
2021-05-06 10:22:16,970 [DEBUG]: Added element [159]
2021-05-06 10:22:16,970 [DEBUG]: [5]: More variables, requesting index 160
2021-05-06 10:22:16,970 [DEBUG]: Requesting index 160 on port 5
2021-05-06 10:22:16,974 [DEBUG]: Added element [160]
2021-05-06 10:22:16,975 [DEBUG]: [5]: More variables, requesting index 161
2021-05-06 10:22:16,975 [DEBUG]: Requesting index 161 on port 5
2021-05-06 10:22:16,979 [DEBUG]: Added element [161]
2021-05-06 10:22:16,980 [DEBUG]: [5]: More variables, requesting index 162
2021-05-06 10:22:16,980 [DEBUG]: Requesting index 162 on port 5
2021-05-06 10:22:16,983 [DEBUG]: Added element [162]
2021-05-06 10:22:16,983 [DEBUG]: [5]: More variables, requesting index 163
2021-05-06 10:22:16,983 [DEBUG]: Requesting index 163 on port 5
2021-05-06 10:22:16,987 [DEBUG]: Added element [163]
2021-05-06 10:22:16,988 [DEBUG]: [5]: More variables, requesting index 164
2021-05-06 10:22:16,988 [DEBUG]: Requesting index 164 on port 5
2021-05-06 10:22:16,992 [DEBUG]: Added element [164]
2021-05-06 10:22:16,992 [DEBUG]: [5]: More variables, requesting index 165
2021-05-06 10:22:16,992 [DEBUG]: Requesting index 165 on port 5
2021-05-06 10:22:16,996 [DEBUG]: Added element [165]
2021-05-06 10:22:16,997 [DEBUG]: [5]: More variables, requesting index 166
2021-05-06 10:22:16,997 [DEBUG]: Requesting index 166 on port 5
2021-05-06 10:22:17,001 [DEBUG]: Added element [166]
2021-05-06 10:22:17,001 [DEBUG]: [5]: More variables, requesting index 167
2021-05-06 10:22:17,001 [DEBUG]: Requesting index 167 on port 5
2021-05-06 10:22:17,005 [DEBUG]: Added element [167]
2021-05-06 10:22:17,006 [DEBUG]: [5]: More variables, requesting index 168
2021-05-06 10:22:17,006 [DEBUG]: Requesting index 168 on port 5
2021-05-06 10:22:17,010 [DEBUG]: Added element [168]
2021-05-06 10:22:17,010 [DEBUG]: [5]: More variables, requesting index 169
2021-05-06 10:22:17,010 [DEBUG]: Requesting index 169 on port 5
2021-05-06 10:22:17,015 [DEBUG]: Added element [169]
2021-05-06 10:22:17,015 [DEBUG]: [5]: More variables, requesting index 170
2021-05-06 10:22:17,015 [DEBUG]: Requesting index 170 on port 5
2021-05-06 10:22:17,028 [DEBUG]: Added element [170]
2021-05-06 10:22:17,028 [DEBUG]: [5]: More variables, requesting index 171
2021-05-06 10:22:17,028 [DEBUG]: Requesting index 171 on port 5
2021-05-06 10:22:17,033 [DEBUG]: Added element [171]
2021-05-06 10:22:17,033 [DEBUG]: [5]: More variables, requesting index 172
2021-05-06 10:22:17,033 [DEBUG]: Requesting index 172 on port 5
2021-05-06 10:22:17,037 [DEBUG]: Added element [172]
2021-05-06 10:22:17,038 [DEBUG]: [5]: More variables, requesting index 173
2021-05-06 10:22:17,038 [DEBUG]: Requesting index 173 on port 5
2021-05-06 10:22:17,042 [DEBUG]: Added element [173]
2021-05-06 10:22:17,042 [DEBUG]: [5]: More variables, requesting index 174
2021-05-06 10:22:17,042 [DEBUG]: Requesting index 174 on port 5
2021-05-06 10:22:17,047 [DEBUG]: Added element [174]
2021-05-06 10:22:17,047 [DEBUG]: [5]: More variables, requesting index 175
2021-05-06 10:22:17,047 [DEBUG]: Requesting index 175 on port 5
2021-05-06 10:22:17,051 [DEBUG]: Added element [175]
2021-05-06 10:22:17,051 [DEBUG]: [5]: More variables, requesting index 176
2021-05-06 10:22:17,051 [DEBUG]: Requesting index 176 on port 5
2021-05-06 10:22:17,056 [DEBUG]: Added element [176]
2021-05-06 10:22:17,056 [DEBUG]: [5]: More variables, requesting index 177
2021-05-06 10:22:17,056 [DEBUG]: Requesting index 177 on port 5
2021-05-06 10:22:17,059 [DEBUG]: Added element [177]
2021-05-06 10:22:17,060 [DEBUG]: [5]: More variables, requesting index 178
2021-05-06 10:22:17,060 [DEBUG]: Requesting index 178 on port 5
2021-05-06 10:22:17,064 [DEBUG]: Added element [178]
2021-05-06 10:22:17,064 [DEBUG]: [5]: More variables, requesting index 179
2021-05-06 10:22:17,064 [DEBUG]: Requesting index 179 on port 5
2021-05-06 10:22:17,069 [DEBUG]: Added element [179]
2021-05-06 10:22:17,069 [DEBUG]: [5]: More variables, requesting index 180
2021-05-06 10:22:17,069 [DEBUG]: Requesting index 180 on port 5
2021-05-06 10:22:17,073 [DEBUG]: Added element [180]
2021-05-06 10:22:17,074 [DEBUG]: [5]: More variables, requesting index 181
2021-05-06 10:22:17,074 [DEBUG]: Requesting index 181 on port 5
2021-05-06 10:22:17,078 [DEBUG]: Added element [181]
2021-05-06 10:22:17,078 [DEBUG]: [5]: More variables, requesting index 182
2021-05-06 10:22:17,078 [DEBUG]: Requesting index 182 on port 5
2021-05-06 10:22:17,083 [DEBUG]: Added element [182]
2021-05-06 10:22:17,083 [DEBUG]: [5]: More variables, requesting index 183
2021-05-06 10:22:17,083 [DEBUG]: Requesting index 183 on port 5
2021-05-06 10:22:17,087 [DEBUG]: Added element [183]
2021-05-06 10:22:17,087 [DEBUG]: [5]: More variables, requesting index 184
2021-05-06 10:22:17,087 [DEBUG]: Requesting index 184 on port 5
2021-05-06 10:22:17,091 [DEBUG]: Added element [184]
2021-05-06 10:22:17,092 [DEBUG]: [5]: More variables, requesting index 185
2021-05-06 10:22:17,092 [DEBUG]: Requesting index 185 on port 5
2021-05-06 10:22:17,097 [DEBUG]: Added element [185]
2021-05-06 10:22:17,097 [DEBUG]: [5]: More variables, requesting index 186
2021-05-06 10:22:17,097 [DEBUG]: Requesting index 186 on port 5
2021-05-06 10:22:17,102 [DEBUG]: Added element [186]
2021-05-06 10:22:17,102 [DEBUG]: [5]: More variables, requesting index 187
2021-05-06 10:22:17,102 [DEBUG]: Requesting index 187 on port 5
2021-05-06 10:22:17,106 [DEBUG]: Added element [187]
2021-05-06 10:22:17,106 [DEBUG]: [5]: More variables, requesting index 188
2021-05-06 10:22:17,107 [DEBUG]: Requesting index 188 on port 5
2021-05-06 10:22:17,111 [DEBUG]: Added element [188]
2021-05-06 10:22:17,111 [DEBUG]: [5]: More variables, requesting index 189
2021-05-06 10:22:17,111 [DEBUG]: Requesting index 189 on port 5
2021-05-06 10:22:17,115 [DEBUG]: Added element [189]
2021-05-06 10:22:17,115 [DEBUG]: [5]: More variables, requesting index 190
2021-05-06 10:22:17,115 [DEBUG]: Requesting index 190 on port 5
2021-05-06 10:22:17,119 [DEBUG]: Added element [190]
2021-05-06 10:22:17,120 [DEBUG]: [5]: More variables, requesting index 191
2021-05-06 10:22:17,120 [DEBUG]: Requesting index 191 on port 5
2021-05-06 10:22:17,124 [DEBUG]: Added element [191]
2021-05-06 10:22:17,124 [DEBUG]: [5]: More variables, requesting index 192
2021-05-06 10:22:17,124 [DEBUG]: Requesting index 192 on port 5
2021-05-06 10:22:17,128 [DEBUG]: Added element [192]
2021-05-06 10:22:17,128 [DEBUG]: [5]: More variables, requesting index 193
2021-05-06 10:22:17,128 [DEBUG]: Requesting index 193 on port 5
2021-05-06 10:22:17,133 [DEBUG]: Added element [193]
2021-05-06 10:22:17,133 [DEBUG]: [5]: More variables, requesting index 194
2021-05-06 10:22:17,133 [DEBUG]: Requesting index 194 on port 5
2021-05-06 10:22:17,137 [DEBUG]: Added element [194]
2021-05-06 10:22:17,137 [DEBUG]: [5]: More variables, requesting index 195
2021-05-06 10:22:17,138 [DEBUG]: Requesting index 195 on port 5
2021-05-06 10:22:17,142 [DEBUG]: Added element [195]
2021-05-06 10:22:17,142 [DEBUG]: [5]: More variables, requesting index 196
2021-05-06 10:22:17,142 [DEBUG]: Requesting index 196 on port 5
2021-05-06 10:22:17,146 [DEBUG]: Added element [196]
2021-05-06 10:22:17,146 [DEBUG]: [5]: More variables, requesting index 197
2021-05-06 10:22:17,146 [DEBUG]: Requesting index 197 on port 5
2021-05-06 10:22:17,160 [DEBUG]: Added element [197]
2021-05-06 10:22:17,160 [DEBUG]: [5]: More variables, requesting index 198
2021-05-06 10:22:17,160 [DEBUG]: Requesting index 198 on port 5
2021-05-06 10:22:17,165 [DEBUG]: Added element [198]
2021-05-06 10:22:17,165 [DEBUG]: [5]: More variables, requesting index 199
2021-05-06 10:22:17,165 [DEBUG]: Requesting index 199 on port 5
2021-05-06 10:22:17,170 [DEBUG]: Added element [199]
2021-05-06 10:22:17,170 [DEBUG]: [5]: More variables, requesting index 200
2021-05-06 10:22:17,170 [DEBUG]: Requesting index 200 on port 5
2021-05-06 10:22:17,174 [DEBUG]: Added element [200]
2021-05-06 10:22:17,174 [DEBUG]: [5]: More variables, requesting index 201
2021-05-06 10:22:17,174 [DEBUG]: Requesting index 201 on port 5
2021-05-06 10:22:17,178 [DEBUG]: Added element [201]
2021-05-06 10:22:17,178 [DEBUG]: [5]: More variables, requesting index 202
2021-05-06 10:22:17,178 [DEBUG]: Requesting index 202 on port 5
2021-05-06 10:22:17,183 [DEBUG]: Added element [202]
2021-05-06 10:22:17,183 [DEBUG]: [5]: More variables, requesting index 203
2021-05-06 10:22:17,183 [DEBUG]: Requesting index 203 on port 5
2021-05-06 10:22:17,187 [DEBUG]: Added element [203]
2021-05-06 10:22:17,187 [DEBUG]: [5]: More variables, requesting index 204
2021-05-06 10:22:17,187 [DEBUG]: Requesting index 204 on port 5
2021-05-06 10:22:17,192 [DEBUG]: Added element [204]
2021-05-06 10:22:17,192 [DEBUG]: [5]: More variables, requesting index 205
2021-05-06 10:22:17,192 [DEBUG]: Requesting index 205 on port 5
2021-05-06 10:22:17,197 [DEBUG]: Added element [205]
2021-05-06 10:22:17,197 [DEBUG]: [5]: More variables, requesting index 206
2021-05-06 10:22:17,197 [DEBUG]: Requesting index 206 on port 5
2021-05-06 10:22:17,201 [DEBUG]: Added element [206]
2021-05-06 10:22:17,202 [DEBUG]: [5]: More variables, requesting index 207
2021-05-06 10:22:17,202 [DEBUG]: Requesting index 207 on port 5
2021-05-06 10:22:17,206 [DEBUG]: Added element [207]
2021-05-06 10:22:17,206 [DEBUG]: [5]: More variables, requesting index 208
2021-05-06 10:22:17,206 [DEBUG]: Requesting index 208 on port 5
2021-05-06 10:22:17,211 [DEBUG]: Added element [208]
2021-05-06 10:22:17,211 [DEBUG]: [5]: More variables, requesting index 209
2021-05-06 10:22:17,211 [DEBUG]: Requesting index 209 on port 5
2021-05-06 10:22:17,215 [DEBUG]: Added element [209]
2021-05-06 10:22:17,216 [DEBUG]: [5]: More variables, requesting index 210
2021-05-06 10:22:17,216 [DEBUG]: Requesting index 210 on port 5
2021-05-06 10:22:17,219 [DEBUG]: Added element [210]
2021-05-06 10:22:17,219 [DEBUG]: [5]: More variables, requesting index 211
2021-05-06 10:22:17,219 [DEBUG]: Requesting index 211 on port 5
2021-05-06 10:22:17,223 [DEBUG]: Added element [211]
2021-05-06 10:22:17,223 [DEBUG]: [5]: More variables, requesting index 212
2021-05-06 10:22:17,223 [DEBUG]: Requesting index 212 on port 5
2021-05-06 10:22:17,227 [DEBUG]: Added element [212]
2021-05-06 10:22:17,227 [DEBUG]: [5]: More variables, requesting index 213
2021-05-06 10:22:17,227 [DEBUG]: Requesting index 213 on port 5
2021-05-06 10:22:17,230 [DEBUG]: Added element [213]
2021-05-06 10:22:17,231 [DEBUG]: [5]: More variables, requesting index 214
2021-05-06 10:22:17,231 [DEBUG]: Requesting index 214 on port 5
2021-05-06 10:22:17,235 [DEBUG]: Added element [214]
2021-05-06 10:22:17,235 [DEBUG]: [5]: More variables, requesting index 215
2021-05-06 10:22:17,236 [DEBUG]: Requesting index 215 on port 5
2021-05-06 10:22:17,240 [DEBUG]: Added element [215]
2021-05-06 10:22:17,240 [DEBUG]: [5]: More variables, requesting index 216
2021-05-06 10:22:17,240 [DEBUG]: Requesting index 216 on port 5
2021-05-06 10:22:17,245 [DEBUG]: Added element [216]
2021-05-06 10:22:17,245 [DEBUG]: [5]: More variables, requesting index 217
2021-05-06 10:22:17,245 [DEBUG]: Requesting index 217 on port 5
2021-05-06 10:22:17,250 [DEBUG]: Added element [217]
2021-05-06 10:22:17,250 [DEBUG]: [5]: More variables, requesting index 218
2021-05-06 10:22:17,250 [DEBUG]: Requesting index 218 on port 5
2021-05-06 10:22:17,254 [DEBUG]: Added element [218]
2021-05-06 10:22:17,254 [DEBUG]: [5]: More variables, requesting index 219
2021-05-06 10:22:17,254 [DEBUG]: Requesting index 219 on port 5
2021-05-06 10:22:17,258 [DEBUG]: Added element [219]
2021-05-06 10:22:17,259 [DEBUG]: [5]: More variables, requesting index 220
2021-05-06 10:22:17,259 [DEBUG]: Requesting index 220 on port 5
2021-05-06 10:22:17,263 [DEBUG]: Added element [220]
2021-05-06 10:22:17,263 [DEBUG]: [5]: More variables, requesting index 221
2021-05-06 10:22:17,263 [DEBUG]: Requesting index 221 on port 5
2021-05-06 10:22:17,267 [DEBUG]: Added element [221]
2021-05-06 10:22:17,268 [DEBUG]: [5]: More variables, requesting index 222
2021-05-06 10:22:17,268 [DEBUG]: Requesting index 222 on port 5
2021-05-06 10:22:17,273 [DEBUG]: Added element [222]
2021-05-06 10:22:17,274 [DEBUG]: [5]: More variables, requesting index 223
2021-05-06 10:22:17,274 [DEBUG]: Requesting index 223 on port 5
2021-05-06 10:22:17,287 [DEBUG]: Added element [223]
2021-05-06 10:22:17,287 [DEBUG]: [5]: More variables, requesting index 224
2021-05-06 10:22:17,287 [DEBUG]: Requesting index 224 on port 5
2021-05-06 10:22:17,291 [DEBUG]: Added element [224]
2021-05-06 10:22:17,291 [DEBUG]: [5]: More variables, requesting index 225
2021-05-06 10:22:17,291 [DEBUG]: Requesting index 225 on port 5
2021-05-06 10:22:17,295 [DEBUG]: Added element [225]
2021-05-06 10:22:17,295 [DEBUG]: [5]: More variables, requesting index 226
2021-05-06 10:22:17,296 [DEBUG]: Requesting index 226 on port 5
2021-05-06 10:22:17,300 [DEBUG]: Added element [226]
2021-05-06 10:22:17,300 [DEBUG]: [5]: More variables, requesting index 227
2021-05-06 10:22:17,300 [DEBUG]: Requesting index 227 on port 5
2021-05-06 10:22:17,304 [DEBUG]: Added element [227]
2021-05-06 10:22:17,305 [DEBUG]: [5]: More variables, requesting index 228
2021-05-06 10:22:17,305 [DEBUG]: Requesting index 228 on port 5
2021-05-06 10:22:17,309 [DEBUG]: Added element [228]
2021-05-06 10:22:17,309 [DEBUG]: [5]: More variables, requesting index 229
2021-05-06 10:22:17,309 [DEBUG]: Requesting index 229 on port 5
2021-05-06 10:22:17,313 [DEBUG]: Added element [229]
2021-05-06 10:22:17,313 [DEBUG]: [5]: More variables, requesting index 230
2021-05-06 10:22:17,313 [DEBUG]: Requesting index 230 on port 5
2021-05-06 10:22:17,317 [DEBUG]: Added element [230]
2021-05-06 10:22:17,317 [DEBUG]: [5]: More variables, requesting index 231
2021-05-06 10:22:17,318 [DEBUG]: Requesting index 231 on port 5
2021-05-06 10:22:17,322 [DEBUG]: Added element [231]
2021-05-06 10:22:17,322 [DEBUG]: [5]: More variables, requesting index 232
2021-05-06 10:22:17,322 [DEBUG]: Requesting index 232 on port 5
2021-05-06 10:22:17,327 [DEBUG]: Added element [232]
2021-05-06 10:22:17,327 [DEBUG]: [5]: More variables, requesting index 233
2021-05-06 10:22:17,327 [DEBUG]: Requesting index 233 on port 5
2021-05-06 10:22:17,331 [DEBUG]: Added element [233]
2021-05-06 10:22:17,331 [DEBUG]: [5]: More variables, requesting index 234
2021-05-06 10:22:17,332 [DEBUG]: Requesting index 234 on port 5
2021-05-06 10:22:17,336 [DEBUG]: Added element [234]
2021-05-06 10:22:17,336 [DEBUG]: [5]: More variables, requesting index 235
2021-05-06 10:22:17,336 [DEBUG]: Requesting index 235 on port 5
2021-05-06 10:22:17,340 [DEBUG]: Added element [235]
2021-05-06 10:22:17,340 [DEBUG]: [5]: More variables, requesting index 236
2021-05-06 10:22:17,341 [DEBUG]: Requesting index 236 on port 5
2021-05-06 10:22:17,345 [DEBUG]: Added element [236]
2021-05-06 10:22:17,345 [DEBUG]: [5]: More variables, requesting index 237
2021-05-06 10:22:17,345 [DEBUG]: Requesting index 237 on port 5
2021-05-06 10:22:17,350 [DEBUG]: Added element [237]
2021-05-06 10:22:17,350 [DEBUG]: [5]: More variables, requesting index 238
2021-05-06 10:22:17,350 [DEBUG]: Requesting index 238 on port 5
2021-05-06 10:22:17,355 [DEBUG]: Added element [238]
2021-05-06 10:22:17,355 [DEBUG]: [5]: More variables, requesting index 239
2021-05-06 10:22:17,355 [DEBUG]: Requesting index 239 on port 5
2021-05-06 10:22:17,359 [DEBUG]: Added element [239]
2021-05-06 10:22:17,359 [DEBUG]: [5]: More variables, requesting index 240
2021-05-06 10:22:17,360 [DEBUG]: Requesting index 240 on port 5
2021-05-06 10:22:17,364 [DEBUG]: Added element [240]
2021-05-06 10:22:17,364 [DEBUG]: [5]: More variables, requesting index 241
2021-05-06 10:22:17,364 [DEBUG]: Requesting index 241 on port 5
2021-05-06 10:22:17,368 [DEBUG]: Added element [241]
2021-05-06 10:22:17,369 [DEBUG]: [5]: More variables, requesting index 242
2021-05-06 10:22:17,369 [DEBUG]: Requesting index 242 on port 5
2021-05-06 10:22:17,373 [DEBUG]: Added element [242]
2021-05-06 10:22:17,373 [DEBUG]: [5]: More variables, requesting index 243
2021-05-06 10:22:17,373 [DEBUG]: Requesting index 243 on port 5
2021-05-06 10:22:17,378 [DEBUG]: Added element [243]
2021-05-06 10:22:17,378 [DEBUG]: [5]: More variables, requesting index 244
2021-05-06 10:22:17,378 [DEBUG]: Requesting index 244 on port 5
2021-05-06 10:22:17,382 [DEBUG]: Added element [244]
2021-05-06 10:22:17,382 [DEBUG]: [5]: More variables, requesting index 245
2021-05-06 10:22:17,382 [DEBUG]: Requesting index 245 on port 5
2021-05-06 10:22:17,387 [DEBUG]: Added element [245]
2021-05-06 10:22:17,387 [DEBUG]: [5]: More variables, requesting index 246
2021-05-06 10:22:17,387 [DEBUG]: Requesting index 246 on port 5
2021-05-06 10:22:17,392 [DEBUG]: Added element [246]
2021-05-06 10:22:17,392 [DEBUG]: [5]: More variables, requesting index 247
2021-05-06 10:22:17,392 [DEBUG]: Requesting index 247 on port 5
2021-05-06 10:22:17,397 [DEBUG]: Added element [247]
2021-05-06 10:22:17,397 [DEBUG]: [5]: More variables, requesting index 248
2021-05-06 10:22:17,397 [DEBUG]: Requesting index 248 on port 5
2021-05-06 10:22:17,403 [DEBUG]: Added element [248]
2021-05-06 10:22:17,403 [DEBUG]: [5]: More variables, requesting index 249
2021-05-06 10:22:17,403 [DEBUG]: Requesting index 249 on port 5
2021-05-06 10:22:17,409 [DEBUG]: Added element [249]
2021-05-06 10:22:17,409 [DEBUG]: [5]: More variables, requesting index 250
2021-05-06 10:22:17,409 [DEBUG]: Requesting index 250 on port 5
2021-05-06 10:22:17,422 [DEBUG]: Added element [250]
2021-05-06 10:22:17,422 [DEBUG]: [5]: More variables, requesting index 251
2021-05-06 10:22:17,422 [DEBUG]: Requesting index 251 on port 5
2021-05-06 10:22:17,427 [DEBUG]: Added element [251]
2021-05-06 10:22:17,427 [DEBUG]: [5]: More variables, requesting index 252
2021-05-06 10:22:17,427 [DEBUG]: Requesting index 252 on port 5
2021-05-06 10:22:17,432 [DEBUG]: Added element [252]
2021-05-06 10:22:17,432 [DEBUG]: [5]: More variables, requesting index 253
2021-05-06 10:22:17,432 [DEBUG]: Requesting index 253 on port 5
2021-05-06 10:22:17,436 [DEBUG]: Added element [253]
2021-05-06 10:22:17,437 [DEBUG]: [5]: More variables, requesting index 254
2021-05-06 10:22:17,437 [DEBUG]: Requesting index 254 on port 5
2021-05-06 10:22:17,441 [DEBUG]: Added element [254]
2021-05-06 10:22:17,441 [DEBUG]: [5]: More variables, requesting index 255
2021-05-06 10:22:17,441 [DEBUG]: Requesting index 255 on port 5
2021-05-06 10:22:17,446 [DEBUG]: Added element [255]
2021-05-06 10:22:17,446 [DEBUG]: [5]: More variables, requesting index 256
2021-05-06 10:22:17,446 [DEBUG]: Requesting index 256 on port 5
2021-05-06 10:22:17,450 [DEBUG]: Added element [256]
2021-05-06 10:22:17,450 [DEBUG]: [5]: More variables, requesting index 257
2021-05-06 10:22:17,450 [DEBUG]: Requesting index 257 on port 5
2021-05-06 10:22:17,455 [DEBUG]: Added element [257]
2021-05-06 10:22:17,455 [DEBUG]: [5]: More variables, requesting index 258
2021-05-06 10:22:17,455 [DEBUG]: Requesting index 258 on port 5
2021-05-06 10:22:17,459 [DEBUG]: Added element [258]
2021-05-06 10:22:17,459 [DEBUG]: [5]: More variables, requesting index 259
2021-05-06 10:22:17,459 [DEBUG]: Requesting index 259 on port 5
2021-05-06 10:22:17,463 [DEBUG]: Added element [259]
2021-05-06 10:22:17,464 [DEBUG]: [5]: More variables, requesting index 260
2021-05-06 10:22:17,464 [DEBUG]: Requesting index 260 on port 5
2021-05-06 10:22:17,468 [DEBUG]: Added element [260]
2021-05-06 10:22:17,468 [DEBUG]: [5]: More variables, requesting index 261
2021-05-06 10:22:17,468 [DEBUG]: Requesting index 261 on port 5
2021-05-06 10:22:17,472 [DEBUG]: Added element [261]
2021-05-06 10:22:17,472 [DEBUG]: [5]: More variables, requesting index 262
2021-05-06 10:22:17,472 [DEBUG]: Requesting index 262 on port 5
2021-05-06 10:22:17,475 [DEBUG]: Added element [262]
2021-05-06 10:22:17,475 [DEBUG]: [5]: More variables, requesting index 263
2021-05-06 10:22:17,475 [DEBUG]: Requesting index 263 on port 5
2021-05-06 10:22:17,479 [DEBUG]: Added element [263]
2021-05-06 10:22:17,479 [DEBUG]: [5]: More variables, requesting index 264
2021-05-06 10:22:17,480 [DEBUG]: Requesting index 264 on port 5
2021-05-06 10:22:17,484 [DEBUG]: Added element [264]
2021-05-06 10:22:17,484 [DEBUG]: [5]: More variables, requesting index 265
2021-05-06 10:22:17,484 [DEBUG]: Requesting index 265 on port 5
2021-05-06 10:22:17,487 [DEBUG]: Added element [265]
2021-05-06 10:22:17,487 [DEBUG]: [5]: More variables, requesting index 266
2021-05-06 10:22:17,488 [DEBUG]: Requesting index 266 on port 5
2021-05-06 10:22:17,492 [DEBUG]: Added element [266]
2021-05-06 10:22:17,492 [DEBUG]: [5]: More variables, requesting index 267
2021-05-06 10:22:17,492 [DEBUG]: Requesting index 267 on port 5
2021-05-06 10:22:17,496 [DEBUG]: Added element [267]
2021-05-06 10:22:17,496 [DEBUG]: [5]: More variables, requesting index 268
2021-05-06 10:22:17,496 [DEBUG]: Requesting index 268 on port 5
2021-05-06 10:22:17,500 [DEBUG]: Added element [268]
2021-05-06 10:22:17,500 [DEBUG]: [5]: More variables, requesting index 269
2021-05-06 10:22:17,500 [DEBUG]: Requesting index 269 on port 5
2021-05-06 10:22:17,504 [DEBUG]: Added element [269]
2021-05-06 10:22:17,504 [DEBUG]: [5]: More variables, requesting index 270
2021-05-06 10:22:17,504 [DEBUG]: Requesting index 270 on port 5
2021-05-06 10:22:17,509 [DEBUG]: Added element [270]
2021-05-06 10:22:17,509 [DEBUG]: [5]: More variables, requesting index 271
2021-05-06 10:22:17,509 [DEBUG]: Requesting index 271 on port 5
2021-05-06 10:22:17,513 [DEBUG]: Added element [271]
2021-05-06 10:22:17,513 [DEBUG]: [5]: More variables, requesting index 272
2021-05-06 10:22:17,513 [DEBUG]: Requesting index 272 on port 5
2021-05-06 10:22:17,517 [DEBUG]: Added element [272]
2021-05-06 10:22:17,517 [DEBUG]: [5]: More variables, requesting index 273
2021-05-06 10:22:17,517 [DEBUG]: Requesting index 273 on port 5
2021-05-06 10:22:17,520 [DEBUG]: Added element [273]
2021-05-06 10:22:17,521 [DEBUG]: [5]: More variables, requesting index 274
2021-05-06 10:22:17,521 [DEBUG]: Requesting index 274 on port 5
2021-05-06 10:22:17,524 [DEBUG]: Added element [274]
2021-05-06 10:22:17,525 [DEBUG]: [5]: More variables, requesting index 275
2021-05-06 10:22:17,525 [DEBUG]: Requesting index 275 on port 5
2021-05-06 10:22:17,529 [DEBUG]: Added element [275]
2021-05-06 10:22:17,529 [DEBUG]: [5]: More variables, requesting index 276
2021-05-06 10:22:17,529 [DEBUG]: Requesting index 276 on port 5
2021-05-06 10:22:17,534 [DEBUG]: Added element [276]
2021-05-06 10:22:17,534 [DEBUG]: [5]: More variables, requesting index 277
2021-05-06 10:22:17,534 [DEBUG]: Requesting index 277 on port 5
2021-05-06 10:22:17,538 [DEBUG]: Added element [277]
2021-05-06 10:22:17,538 [DEBUG]: [5]: More variables, requesting index 278
2021-05-06 10:22:17,538 [DEBUG]: Requesting index 278 on port 5
2021-05-06 10:22:17,553 [DEBUG]: Added element [278]
2021-05-06 10:22:17,554 [DEBUG]: [5]: More variables, requesting index 279
2021-05-06 10:22:17,555 [DEBUG]: Requesting index 279 on port 5
2021-05-06 10:22:17,561 [DEBUG]: Added element [279]
2021-05-06 10:22:17,562 [DEBUG]: [5]: More variables, requesting index 280
2021-05-06 10:22:17,562 [DEBUG]: Requesting index 280 on port 5
2021-05-06 10:22:17,567 [DEBUG]: Added element [280]
2021-05-06 10:22:17,567 [DEBUG]: [5]: More variables, requesting index 281
2021-05-06 10:22:17,567 [DEBUG]: Requesting index 281 on port 5
2021-05-06 10:22:17,572 [DEBUG]: Added element [281]
2021-05-06 10:22:17,572 [DEBUG]: [5]: More variables, requesting index 282
2021-05-06 10:22:17,572 [DEBUG]: Requesting index 282 on port 5
2021-05-06 10:22:17,577 [DEBUG]: Added element [282]
2021-05-06 10:22:17,577 [DEBUG]: [5]: More variables, requesting index 283
2021-05-06 10:22:17,577 [DEBUG]: Requesting index 283 on port 5
2021-05-06 10:22:17,582 [DEBUG]: Added element [283]
2021-05-06 10:22:17,582 [DEBUG]: [5]: More variables, requesting index 284
2021-05-06 10:22:17,582 [DEBUG]: Requesting index 284 on port 5
2021-05-06 10:22:17,586 [DEBUG]: Added element [284]
2021-05-06 10:22:17,586 [DEBUG]: [5]: More variables, requesting index 285
2021-05-06 10:22:17,587 [DEBUG]: Requesting index 285 on port 5
2021-05-06 10:22:17,592 [DEBUG]: Added element [285]
2021-05-06 10:22:17,592 [DEBUG]: [5]: More variables, requesting index 286
2021-05-06 10:22:17,592 [DEBUG]: Requesting index 286 on port 5
2021-05-06 10:22:17,595 [DEBUG]: Added element [286]
2021-05-06 10:22:17,596 [DEBUG]: [5]: More variables, requesting index 287
2021-05-06 10:22:17,596 [DEBUG]: Requesting index 287 on port 5
2021-05-06 10:22:17,600 [DEBUG]: Added element [287]
2021-05-06 10:22:17,600 [DEBUG]: [5]: More variables, requesting index 288
2021-05-06 10:22:17,600 [DEBUG]: Requesting index 288 on port 5
2021-05-06 10:22:17,604 [DEBUG]: Added element [288]
2021-05-06 10:22:17,605 [DEBUG]: [5]: More variables, requesting index 289
2021-05-06 10:22:17,605 [DEBUG]: Requesting index 289 on port 5
2021-05-06 10:22:17,609 [DEBUG]: Added element [289]
2021-05-06 10:22:17,609 [DEBUG]: [5]: More variables, requesting index 290
2021-05-06 10:22:17,609 [DEBUG]: Requesting index 290 on port 5
2021-05-06 10:22:17,613 [DEBUG]: Added element [290]
2021-05-06 10:22:17,614 [DEBUG]: [5]: More variables, requesting index 291
2021-05-06 10:22:17,614 [DEBUG]: Requesting index 291 on port 5
2021-05-06 10:22:17,618 [DEBUG]: Added element [291]
2021-05-06 10:22:17,618 [DEBUG]: [5]: More variables, requesting index 292
2021-05-06 10:22:17,618 [DEBUG]: Requesting index 292 on port 5
2021-05-06 10:22:17,622 [DEBUG]: Added element [292]
2021-05-06 10:22:17,623 [DEBUG]: [5]: More variables, requesting index 293
2021-05-06 10:22:17,623 [DEBUG]: Requesting index 293 on port 5
2021-05-06 10:22:17,627 [DEBUG]: Added element [293]
2021-05-06 10:22:17,627 [DEBUG]: [5]: More variables, requesting index 294
2021-05-06 10:22:17,627 [DEBUG]: Requesting index 294 on port 5
2021-05-06 10:22:17,630 [DEBUG]: Added element [294]
2021-05-06 10:22:17,630 [DEBUG]: [5]: More variables, requesting index 295
2021-05-06 10:22:17,631 [DEBUG]: Requesting index 295 on port 5
2021-05-06 10:22:17,635 [DEBUG]: Added element [295]
2021-05-06 10:22:17,635 [DEBUG]: [5]: More variables, requesting index 296
2021-05-06 10:22:17,635 [DEBUG]: Requesting index 296 on port 5
2021-05-06 10:22:17,640 [DEBUG]: Added element [296]
2021-05-06 10:22:17,640 [DEBUG]: [5]: More variables, requesting index 297
2021-05-06 10:22:17,640 [DEBUG]: Requesting index 297 on port 5
2021-05-06 10:22:17,645 [DEBUG]: Added element [297]
2021-05-06 10:22:17,645 [DEBUG]: [5]: More variables, requesting index 298
2021-05-06 10:22:17,645 [DEBUG]: Requesting index 298 on port 5
2021-05-06 10:22:17,650 [DEBUG]: Added element [298]
2021-05-06 10:22:17,650 [DEBUG]: [5]: More variables, requesting index 299
2021-05-06 10:22:17,651 [DEBUG]: Requesting index 299 on port 5
2021-05-06 10:22:17,656 [DEBUG]: Added element [299]
2021-05-06 10:22:17,656 [DEBUG]: [5]: More variables, requesting index 300
2021-05-06 10:22:17,656 [DEBUG]: Requesting index 300 on port 5
2021-05-06 10:22:17,661 [DEBUG]: Added element [300]
2021-05-06 10:22:17,661 [DEBUG]: [5]: More variables, requesting index 301
2021-05-06 10:22:17,661 [DEBUG]: Requesting index 301 on port 5
2021-05-06 10:22:17,666 [DEBUG]: Added element [301]
2021-05-06 10:22:17,666 [DEBUG]: [5]: More variables, requesting index 302
2021-05-06 10:22:17,666 [DEBUG]: Requesting index 302 on port 5
2021-05-06 10:22:17,680 [DEBUG]: Added element [302]
2021-05-06 10:22:17,680 [DEBUG]: [5]: More variables, requesting index 303
2021-05-06 10:22:17,680 [DEBUG]: Requesting index 303 on port 5
2021-05-06 10:22:17,684 [DEBUG]: Added element [303]
2021-05-06 10:22:17,685 [DEBUG]: [5]: More variables, requesting index 304
2021-05-06 10:22:17,685 [DEBUG]: Requesting index 304 on port 5
2021-05-06 10:22:17,689 [DEBUG]: Added element [304]
2021-05-06 10:22:17,689 [DEBUG]: [5]: More variables, requesting index 305
2021-05-06 10:22:17,689 [DEBUG]: Requesting index 305 on port 5
2021-05-06 10:22:17,694 [DEBUG]: Added element [305]
2021-05-06 10:22:17,694 [DEBUG]: [5]: More variables, requesting index 306
2021-05-06 10:22:17,694 [DEBUG]: Requesting index 306 on port 5
2021-05-06 10:22:17,698 [DEBUG]: Added element [306]
2021-05-06 10:22:17,698 [DEBUG]: [5]: More variables, requesting index 307
2021-05-06 10:22:17,699 [DEBUG]: Requesting index 307 on port 5
2021-05-06 10:22:17,703 [DEBUG]: Added element [307]
2021-05-06 10:22:17,703 [DEBUG]: [5]: More variables, requesting index 308
2021-05-06 10:22:17,703 [DEBUG]: Requesting index 308 on port 5
2021-05-06 10:22:17,708 [DEBUG]: Added element [308]
2021-05-06 10:22:17,708 [DEBUG]: [5]: More variables, requesting index 309
2021-05-06 10:22:17,708 [DEBUG]: Requesting index 309 on port 5
2021-05-06 10:22:17,712 [DEBUG]: Added element [309]
2021-05-06 10:22:17,713 [DEBUG]: [5]: More variables, requesting index 310
2021-05-06 10:22:17,713 [DEBUG]: Requesting index 310 on port 5
2021-05-06 10:22:17,717 [DEBUG]: Added element [310]
2021-05-06 10:22:17,717 [DEBUG]: [5]: More variables, requesting index 311
2021-05-06 10:22:17,717 [DEBUG]: Requesting index 311 on port 5
2021-05-06 10:22:17,722 [DEBUG]: Added element [311]
2021-05-06 10:22:17,722 [DEBUG]: [5]: More variables, requesting index 312
2021-05-06 10:22:17,722 [DEBUG]: Requesting index 312 on port 5
2021-05-06 10:22:17,726 [DEBUG]: Added element [312]
2021-05-06 10:22:17,726 [DEBUG]: [5]: More variables, requesting index 313
2021-05-06 10:22:17,726 [DEBUG]: Requesting index 313 on port 5
2021-05-06 10:22:17,731 [DEBUG]: Added element [313]
2021-05-06 10:22:17,731 [DEBUG]: [5]: More variables, requesting index 314
2021-05-06 10:22:17,731 [DEBUG]: Requesting index 314 on port 5
2021-05-06 10:22:17,734 [DEBUG]: Added element [314]
2021-05-06 10:22:17,734 [DEBUG]: [5]: More variables, requesting index 315
2021-05-06 10:22:17,735 [DEBUG]: Requesting index 315 on port 5
2021-05-06 10:22:17,738 [DEBUG]: Added element [315]
2021-05-06 10:22:17,738 [DEBUG]: [5]: More variables, requesting index 316
2021-05-06 10:22:17,738 [DEBUG]: Requesting index 316 on port 5
2021-05-06 10:22:17,742 [DEBUG]: Added element [316]
2021-05-06 10:22:17,742 [WARNING]: Could not save cache, no writable directory
2021-05-06 10:22:17,742 [DEBUG]: Removing callback on port [5] to [<bound method TocFetcher._new_packet_cb of <cflib.crazyflie.toc.TocFetcher object at 0x0000021753DFD3C8>>]
2021-05-06 10:22:17,742 [DEBUG]: [5]: Done!
2021-05-06 10:22:17,742 [INFO]: Log TOC finished updating
2021-05-06 10:22:17,742 [DEBUG]: Requesting number of memories
2021-05-06 10:22:17,745 [INFO]: 9 memories found
2021-05-06 10:22:17,746 [DEBUG]: Requesting first id
2021-05-06 10:22:17,750 [DEBUG]: Requesting information about memory 1
2021-05-06 10:22:17,754 [DEBUG]: Memory: id=1, type=LED driver, size=24
2021-05-06 10:22:17,755 [DEBUG]: Requesting information about memory 2
2021-05-06 10:22:17,759 [DEBUG]: Memory: id=2, type=Loco Positioning, size=6144
2021-05-06 10:22:17,759 [DEBUG]: Requesting information about memory 3
2021-05-06 10:22:17,764 [DEBUG]: Memory: id=3, type=Trajectory, size=4096
2021-05-06 10:22:17,764 [DEBUG]: Requesting information about memory 4
2021-05-06 10:22:17,768 [DEBUG]: Memory: id=4, type=Loco Positioning 2, size=69632
2021-05-06 10:22:17,768 [DEBUG]: Requesting information about memory 5
2021-05-06 10:22:17,772 [DEBUG]: Memory: id=5, type=Lighthouse positioning, size=96
2021-05-06 10:22:17,772 [DEBUG]: Requesting information about memory 6
2021-05-06 10:22:17,777 [DEBUG]: Memory: id=6, type=Memory tester, size=4096
2021-05-06 10:22:17,777 [DEBUG]: Requesting information about memory 7
2021-05-06 10:22:17,781 [DEBUG]: Memory: id=7, type=Unknown, size=0
2021-05-06 10:22:17,782 [DEBUG]: Requesting information about memory 8
2021-05-06 10:22:17,787 [DEBUG]: Done getting all the memories, start reading the OWs
2021-05-06 10:22:17,787 [DEBUG]: Updating content of memory 8
2021-05-06 10:22:17,787 [DEBUG]: Requesting new chunk of 11bytes at 0x0
2021-05-06 10:22:17,792 [DEBUG]: READ: Mem=8, addr=0x0, status=0x0, data=(235, 12, 0, 0, 0, 188, 15, 205, 0, 12, 1)
2021-05-06 10:22:17,792 [DEBUG]: READING: We are still interested in request for mem 8
2021-05-06 10:22:17,792 [DEBUG]: Requesting new chunk of 15bytes at 0x8
2021-05-06 10:22:17,797 [DEBUG]: READ: Mem=8, addr=0x8, status=0x0, data=(0, 12, 1, 7, 98, 99, 70, 108, 111, 119, 50, 2, 1, 65, 84)
2021-05-06 10:22:17,797 [DEBUG]: READING: We are still interested in request for mem 8
2021-05-06 10:22:17,797 [DEBUG]: OW 0DD9203F00000040 (BC:0F): {'Board name': 'bcFlow2', 'Board revision': 'A'}
2021-05-06 10:22:17,797 [INFO]: Memories finished updating
2021-05-06 10:22:17,798 [DEBUG]: [2]: Using V2 protocol: 1
2021-05-06 10:22:17,798 [DEBUG]: [2]: Start fetching...
2021-05-06 10:22:17,798 [DEBUG]: Adding callback on port [2] to [<bound method TocFetcher._new_packet_cb of <cflib.crazyflie.toc.TocFetcher object at 0x0000021753E20748>>]
2021-05-06 10:22:17,810 [DEBUG]: [2]: Got TOC CRC, 164 items and crc=0x1042AFA8
2021-05-06 10:22:17,811 [DEBUG]: Requesting index 0 on port 2
2021-05-06 10:22:17,815 [DEBUG]: Added element [0]
2021-05-06 10:22:17,815 [DEBUG]: [2]: More variables, requesting index 1
2021-05-06 10:22:17,815 [DEBUG]: Requesting index 1 on port 2
2021-05-06 10:22:17,820 [DEBUG]: Added element [1]
2021-05-06 10:22:17,820 [DEBUG]: [2]: More variables, requesting index 2
2021-05-06 10:22:17,820 [DEBUG]: Requesting index 2 on port 2
2021-05-06 10:22:17,825 [DEBUG]: Added element [2]
2021-05-06 10:22:17,825 [DEBUG]: [2]: More variables, requesting index 3
2021-05-06 10:22:17,825 [DEBUG]: Requesting index 3 on port 2
2021-05-06 10:22:17,830 [DEBUG]: Added element [3]
2021-05-06 10:22:17,830 [DEBUG]: [2]: More variables, requesting index 4
2021-05-06 10:22:17,830 [DEBUG]: Requesting index 4 on port 2
2021-05-06 10:22:17,835 [DEBUG]: Added element [4]
2021-05-06 10:22:17,835 [DEBUG]: [2]: More variables, requesting index 5
2021-05-06 10:22:17,835 [DEBUG]: Requesting index 5 on port 2
2021-05-06 10:22:17,840 [DEBUG]: Added element [5]
2021-05-06 10:22:17,840 [DEBUG]: [2]: More variables, requesting index 6
2021-05-06 10:22:17,840 [DEBUG]: Requesting index 6 on port 2
2021-05-06 10:22:17,845 [DEBUG]: Added element [6]
2021-05-06 10:22:17,845 [DEBUG]: [2]: More variables, requesting index 7
2021-05-06 10:22:17,845 [DEBUG]: Requesting index 7 on port 2
2021-05-06 10:22:17,849 [DEBUG]: Added element [7]
2021-05-06 10:22:17,849 [DEBUG]: [2]: More variables, requesting index 8
2021-05-06 10:22:17,849 [DEBUG]: Requesting index 8 on port 2
2021-05-06 10:22:17,853 [DEBUG]: Added element [8]
2021-05-06 10:22:17,853 [DEBUG]: [2]: More variables, requesting index 9
2021-05-06 10:22:17,853 [DEBUG]: Requesting index 9 on port 2
2021-05-06 10:22:17,856 [DEBUG]: Added element [9]
2021-05-06 10:22:17,857 [DEBUG]: [2]: More variables, requesting index 10
2021-05-06 10:22:17,857 [DEBUG]: Requesting index 10 on port 2
2021-05-06 10:22:17,860 [DEBUG]: Added element [10]
2021-05-06 10:22:17,860 [DEBUG]: [2]: More variables, requesting index 11
2021-05-06 10:22:17,860 [DEBUG]: Requesting index 11 on port 2
2021-05-06 10:22:17,865 [DEBUG]: Added element [11]
2021-05-06 10:22:17,865 [DEBUG]: [2]: More variables, requesting index 12
2021-05-06 10:22:17,865 [DEBUG]: Requesting index 12 on port 2
2021-05-06 10:22:17,869 [DEBUG]: Added element [12]
2021-05-06 10:22:17,869 [DEBUG]: [2]: More variables, requesting index 13
2021-05-06 10:22:17,869 [DEBUG]: Requesting index 13 on port 2
2021-05-06 10:22:17,873 [DEBUG]: Added element [13]
2021-05-06 10:22:17,874 [DEBUG]: [2]: More variables, requesting index 14
2021-05-06 10:22:17,874 [DEBUG]: Requesting index 14 on port 2
2021-05-06 10:22:17,878 [DEBUG]: Added element [14]
2021-05-06 10:22:17,878 [DEBUG]: [2]: More variables, requesting index 15
2021-05-06 10:22:17,878 [DEBUG]: Requesting index 15 on port 2
2021-05-06 10:22:17,883 [DEBUG]: Added element [15]
2021-05-06 10:22:17,883 [DEBUG]: [2]: More variables, requesting index 16
2021-05-06 10:22:17,883 [DEBUG]: Requesting index 16 on port 2
2021-05-06 10:22:17,887 [DEBUG]: Added element [16]
2021-05-06 10:22:17,888 [DEBUG]: [2]: More variables, requesting index 17
2021-05-06 10:22:17,888 [DEBUG]: Requesting index 17 on port 2
2021-05-06 10:22:17,892 [DEBUG]: Added element [17]
2021-05-06 10:22:17,892 [DEBUG]: [2]: More variables, requesting index 18
2021-05-06 10:22:17,892 [DEBUG]: Requesting index 18 on port 2
2021-05-06 10:22:17,898 [DEBUG]: Added element [18]
2021-05-06 10:22:17,898 [DEBUG]: [2]: More variables, requesting index 19
2021-05-06 10:22:17,898 [DEBUG]: Requesting index 19 on port 2
2021-05-06 10:22:17,902 [DEBUG]: Added element [19]
2021-05-06 10:22:17,902 [DEBUG]: [2]: More variables, requesting index 20
2021-05-06 10:22:17,902 [DEBUG]: Requesting index 20 on port 2
2021-05-06 10:22:17,906 [DEBUG]: Added element [20]
2021-05-06 10:22:17,906 [DEBUG]: [2]: More variables, requesting index 21
2021-05-06 10:22:17,906 [DEBUG]: Requesting index 21 on port 2
2021-05-06 10:22:17,911 [DEBUG]: Added element [21]
2021-05-06 10:22:17,911 [DEBUG]: [2]: More variables, requesting index 22
2021-05-06 10:22:17,911 [DEBUG]: Requesting index 22 on port 2
2021-05-06 10:22:17,916 [DEBUG]: Added element [22]
2021-05-06 10:22:17,916 [DEBUG]: [2]: More variables, requesting index 23
2021-05-06 10:22:17,916 [DEBUG]: Requesting index 23 on port 2
2021-05-06 10:22:17,921 [DEBUG]: Added element [23]
2021-05-06 10:22:17,921 [DEBUG]: [2]: More variables, requesting index 24
2021-05-06 10:22:17,921 [DEBUG]: Requesting index 24 on port 2
2021-05-06 10:22:17,934 [DEBUG]: Added element [24]
2021-05-06 10:22:17,934 [DEBUG]: [2]: More variables, requesting index 25
2021-05-06 10:22:17,934 [DEBUG]: Requesting index 25 on port 2
2021-05-06 10:22:17,939 [DEBUG]: Added element [25]
2021-05-06 10:22:17,939 [DEBUG]: [2]: More variables, requesting index 26
2021-05-06 10:22:17,939 [DEBUG]: Requesting index 26 on port 2
2021-05-06 10:22:17,944 [DEBUG]: Added element [26]
2021-05-06 10:22:17,944 [DEBUG]: [2]: More variables, requesting index 27
2021-05-06 10:22:17,944 [DEBUG]: Requesting index 27 on port 2
2021-05-06 10:22:17,949 [DEBUG]: Added element [27]
2021-05-06 10:22:17,949 [DEBUG]: [2]: More variables, requesting index 28
2021-05-06 10:22:17,949 [DEBUG]: Requesting index 28 on port 2
2021-05-06 10:22:17,955 [DEBUG]: Added element [28]
2021-05-06 10:22:17,955 [DEBUG]: [2]: More variables, requesting index 29
2021-05-06 10:22:17,955 [DEBUG]: Requesting index 29 on port 2
2021-05-06 10:22:17,960 [DEBUG]: Added element [29]
2021-05-06 10:22:17,960 [DEBUG]: [2]: More variables, requesting index 30
2021-05-06 10:22:17,960 [DEBUG]: Requesting index 30 on port 2
2021-05-06 10:22:17,965 [DEBUG]: Added element [30]
2021-05-06 10:22:17,965 [DEBUG]: [2]: More variables, requesting index 31
2021-05-06 10:22:17,965 [DEBUG]: Requesting index 31 on port 2
2021-05-06 10:22:17,970 [DEBUG]: Added element [31]
2021-05-06 10:22:17,970 [DEBUG]: [2]: More variables, requesting index 32
2021-05-06 10:22:17,970 [DEBUG]: Requesting index 32 on port 2
2021-05-06 10:22:17,975 [DEBUG]: Added element [32]
2021-05-06 10:22:17,976 [DEBUG]: [2]: More variables, requesting index 33
2021-05-06 10:22:17,976 [DEBUG]: Requesting index 33 on port 2
2021-05-06 10:22:17,980 [DEBUG]: Added element [33]
2021-05-06 10:22:17,980 [DEBUG]: [2]: More variables, requesting index 34
2021-05-06 10:22:17,980 [DEBUG]: Requesting index 34 on port 2
2021-05-06 10:22:17,985 [DEBUG]: Added element [34]
2021-05-06 10:22:17,985 [DEBUG]: [2]: More variables, requesting index 35
2021-05-06 10:22:17,985 [DEBUG]: Requesting index 35 on port 2
2021-05-06 10:22:17,989 [DEBUG]: Added element [35]
2021-05-06 10:22:17,989 [DEBUG]: [2]: More variables, requesting index 36
2021-05-06 10:22:17,990 [DEBUG]: Requesting index 36 on port 2
2021-05-06 10:22:17,994 [DEBUG]: Added element [36]
2021-05-06 10:22:17,994 [DEBUG]: [2]: More variables, requesting index 37
2021-05-06 10:22:17,994 [DEBUG]: Requesting index 37 on port 2
2021-05-06 10:22:17,999 [DEBUG]: Added element [37]
2021-05-06 10:22:17,999 [DEBUG]: [2]: More variables, requesting index 38
2021-05-06 10:22:17,999 [DEBUG]: Requesting index 38 on port 2
2021-05-06 10:22:18,003 [DEBUG]: Added element [38]
2021-05-06 10:22:18,003 [DEBUG]: [2]: More variables, requesting index 39
2021-05-06 10:22:18,004 [DEBUG]: Requesting index 39 on port 2
2021-05-06 10:22:18,009 [DEBUG]: Added element [39]
2021-05-06 10:22:18,009 [DEBUG]: [2]: More variables, requesting index 40
2021-05-06 10:22:18,009 [DEBUG]: Requesting index 40 on port 2
2021-05-06 10:22:18,013 [DEBUG]: Added element [40]
2021-05-06 10:22:18,013 [DEBUG]: [2]: More variables, requesting index 41
2021-05-06 10:22:18,013 [DEBUG]: Requesting index 41 on port 2
2021-05-06 10:22:18,018 [DEBUG]: Added element [41]
2021-05-06 10:22:18,019 [DEBUG]: [2]: More variables, requesting index 42
2021-05-06 10:22:18,019 [DEBUG]: Requesting index 42 on port 2
2021-05-06 10:22:18,023 [DEBUG]: Added element [42]
2021-05-06 10:22:18,023 [DEBUG]: [2]: More variables, requesting index 43
2021-05-06 10:22:18,023 [DEBUG]: Requesting index 43 on port 2
2021-05-06 10:22:18,027 [DEBUG]: Added element [43]
2021-05-06 10:22:18,028 [DEBUG]: [2]: More variables, requesting index 44
2021-05-06 10:22:18,028 [DEBUG]: Requesting index 44 on port 2
2021-05-06 10:22:18,032 [DEBUG]: Added element [44]
2021-05-06 10:22:18,032 [DEBUG]: [2]: More variables, requesting index 45
2021-05-06 10:22:18,032 [DEBUG]: Requesting index 45 on port 2
2021-05-06 10:22:18,037 [DEBUG]: Added element [45]
2021-05-06 10:22:18,037 [DEBUG]: [2]: More variables, requesting index 46
2021-05-06 10:22:18,037 [DEBUG]: Requesting index 46 on port 2
2021-05-06 10:22:18,041 [DEBUG]: Added element [46]
2021-05-06 10:22:18,041 [DEBUG]: [2]: More variables, requesting index 47
2021-05-06 10:22:18,041 [DEBUG]: Requesting index 47 on port 2
2021-05-06 10:22:18,046 [DEBUG]: Added element [47]
2021-05-06 10:22:18,046 [DEBUG]: [2]: More variables, requesting index 48
2021-05-06 10:22:18,046 [DEBUG]: Requesting index 48 on port 2
2021-05-06 10:22:18,051 [DEBUG]: Added element [48]
2021-05-06 10:22:18,051 [DEBUG]: [2]: More variables, requesting index 49
2021-05-06 10:22:18,051 [DEBUG]: Requesting index 49 on port 2
2021-05-06 10:22:18,063 [DEBUG]: Added element [49]
2021-05-06 10:22:18,064 [DEBUG]: [2]: More variables, requesting index 50
2021-05-06 10:22:18,064 [DEBUG]: Requesting index 50 on port 2
2021-05-06 10:22:18,069 [DEBUG]: Added element [50]
2021-05-06 10:22:18,069 [DEBUG]: [2]: More variables, requesting index 51
2021-05-06 10:22:18,069 [DEBUG]: Requesting index 51 on port 2
2021-05-06 10:22:18,074 [DEBUG]: Added element [51]
2021-05-06 10:22:18,074 [DEBUG]: [2]: More variables, requesting index 52
2021-05-06 10:22:18,074 [DEBUG]: Requesting index 52 on port 2
2021-05-06 10:22:18,078 [DEBUG]: Added element [52]
2021-05-06 10:22:18,079 [DEBUG]: [2]: More variables, requesting index 53
2021-05-06 10:22:18,079 [DEBUG]: Requesting index 53 on port 2
2021-05-06 10:22:18,083 [DEBUG]: Added element [53]
2021-05-06 10:22:18,084 [DEBUG]: [2]: More variables, requesting index 54
2021-05-06 10:22:18,084 [DEBUG]: Requesting index 54 on port 2
2021-05-06 10:22:18,088 [DEBUG]: Added element [54]
2021-05-06 10:22:18,088 [DEBUG]: [2]: More variables, requesting index 55
2021-05-06 10:22:18,088 [DEBUG]: Requesting index 55 on port 2
2021-05-06 10:22:18,093 [DEBUG]: Added element [55]
2021-05-06 10:22:18,093 [DEBUG]: [2]: More variables, requesting index 56
2021-05-06 10:22:18,093 [DEBUG]: Requesting index 56 on port 2
2021-05-06 10:22:18,097 [DEBUG]: Added element [56]
2021-05-06 10:22:18,097 [DEBUG]: [2]: More variables, requesting index 57
2021-05-06 10:22:18,097 [DEBUG]: Requesting index 57 on port 2
2021-05-06 10:22:18,101 [DEBUG]: Added element [57]
2021-05-06 10:22:18,102 [DEBUG]: [2]: More variables, requesting index 58
2021-05-06 10:22:18,102 [DEBUG]: Requesting index 58 on port 2
2021-05-06 10:22:18,107 [DEBUG]: Added element [58]
2021-05-06 10:22:18,107 [DEBUG]: [2]: More variables, requesting index 59
2021-05-06 10:22:18,107 [DEBUG]: Requesting index 59 on port 2
2021-05-06 10:22:18,112 [DEBUG]: Added element [59]
2021-05-06 10:22:18,112 [DEBUG]: [2]: More variables, requesting index 60
2021-05-06 10:22:18,112 [DEBUG]: Requesting index 60 on port 2
2021-05-06 10:22:18,117 [DEBUG]: Added element [60]
2021-05-06 10:22:18,117 [DEBUG]: [2]: More variables, requesting index 61
2021-05-06 10:22:18,117 [DEBUG]: Requesting index 61 on port 2
2021-05-06 10:22:18,122 [DEBUG]: Added element [61]
2021-05-06 10:22:18,122 [DEBUG]: [2]: More variables, requesting index 62
2021-05-06 10:22:18,122 [DEBUG]: Requesting index 62 on port 2
2021-05-06 10:22:18,127 [DEBUG]: Added element [62]
2021-05-06 10:22:18,127 [DEBUG]: [2]: More variables, requesting index 63
2021-05-06 10:22:18,127 [DEBUG]: Requesting index 63 on port 2
2021-05-06 10:22:18,131 [DEBUG]: Added element [63]
2021-05-06 10:22:18,132 [DEBUG]: [2]: More variables, requesting index 64
2021-05-06 10:22:18,132 [DEBUG]: Requesting index 64 on port 2
2021-05-06 10:22:18,136 [DEBUG]: Added element [64]
2021-05-06 10:22:18,136 [DEBUG]: [2]: More variables, requesting index 65
2021-05-06 10:22:18,136 [DEBUG]: Requesting index 65 on port 2
2021-05-06 10:22:18,140 [DEBUG]: Added element [65]
2021-05-06 10:22:18,141 [DEBUG]: [2]: More variables, requesting index 66
2021-05-06 10:22:18,141 [DEBUG]: Requesting index 66 on port 2
2021-05-06 10:22:18,145 [DEBUG]: Added element [66]
2021-05-06 10:22:18,145 [DEBUG]: [2]: More variables, requesting index 67
2021-05-06 10:22:18,145 [DEBUG]: Requesting index 67 on port 2
2021-05-06 10:22:18,150 [DEBUG]: Added element [67]
2021-05-06 10:22:18,150 [DEBUG]: [2]: More variables, requesting index 68
2021-05-06 10:22:18,150 [DEBUG]: Requesting index 68 on port 2
2021-05-06 10:22:18,155 [DEBUG]: Added element [68]
2021-05-06 10:22:18,155 [DEBUG]: [2]: More variables, requesting index 69
2021-05-06 10:22:18,155 [DEBUG]: Requesting index 69 on port 2
2021-05-06 10:22:18,159 [DEBUG]: Added element [69]
2021-05-06 10:22:18,159 [DEBUG]: [2]: More variables, requesting index 70
2021-05-06 10:22:18,159 [DEBUG]: Requesting index 70 on port 2
2021-05-06 10:22:18,164 [DEBUG]: Added element [70]
2021-05-06 10:22:18,164 [DEBUG]: [2]: More variables, requesting index 71
2021-05-06 10:22:18,164 [DEBUG]: Requesting index 71 on port 2
2021-05-06 10:22:18,168 [DEBUG]: Added element [71]
2021-05-06 10:22:18,168 [DEBUG]: [2]: More variables, requesting index 72
2021-05-06 10:22:18,168 [DEBUG]: Requesting index 72 on port 2
2021-05-06 10:22:18,173 [DEBUG]: Added element [72]
2021-05-06 10:22:18,173 [DEBUG]: [2]: More variables, requesting index 73
2021-05-06 10:22:18,173 [DEBUG]: Requesting index 73 on port 2
2021-05-06 10:22:18,177 [DEBUG]: Added element [73]
2021-05-06 10:22:18,178 [DEBUG]: [2]: More variables, requesting index 74
2021-05-06 10:22:18,178 [DEBUG]: Requesting index 74 on port 2
2021-05-06 10:22:18,182 [DEBUG]: Added element [74]
2021-05-06 10:22:18,182 [DEBUG]: [2]: More variables, requesting index 75
2021-05-06 10:22:18,182 [DEBUG]: Requesting index 75 on port 2
2021-05-06 10:22:18,196 [DEBUG]: Added element [75]
2021-05-06 10:22:18,197 [DEBUG]: [2]: More variables, requesting index 76
2021-05-06 10:22:18,199 [DEBUG]: Requesting index 76 on port 2
2021-05-06 10:22:18,206 [DEBUG]: Added element [76]
2021-05-06 10:22:18,206 [DEBUG]: [2]: More variables, requesting index 77
2021-05-06 10:22:18,206 [DEBUG]: Requesting index 77 on port 2
2021-05-06 10:22:18,212 [DEBUG]: Added element [77]
2021-05-06 10:22:18,213 [DEBUG]: [2]: More variables, requesting index 78
2021-05-06 10:22:18,213 [DEBUG]: Requesting index 78 on port 2
2021-05-06 10:22:18,220 [DEBUG]: Added element [78]
2021-05-06 10:22:18,220 [DEBUG]: [2]: More variables, requesting index 79
2021-05-06 10:22:18,221 [DEBUG]: Requesting index 79 on port 2
2021-05-06 10:22:18,226 [DEBUG]: Added element [79]
2021-05-06 10:22:18,226 [DEBUG]: [2]: More variables, requesting index 80
2021-05-06 10:22:18,226 [DEBUG]: Requesting index 80 on port 2
2021-05-06 10:22:18,231 [DEBUG]: Added element [80]
2021-05-06 10:22:18,232 [DEBUG]: [2]: More variables, requesting index 81
2021-05-06 10:22:18,232 [DEBUG]: Requesting index 81 on port 2
2021-05-06 10:22:18,237 [DEBUG]: Added element [81]
2021-05-06 10:22:18,237 [DEBUG]: [2]: More variables, requesting index 82
2021-05-06 10:22:18,237 [DEBUG]: Requesting index 82 on port 2
2021-05-06 10:22:18,242 [DEBUG]: Added element [82]
2021-05-06 10:22:18,242 [DEBUG]: [2]: More variables, requesting index 83
2021-05-06 10:22:18,242 [DEBUG]: Requesting index 83 on port 2
2021-05-06 10:22:18,247 [DEBUG]: Added element [83]
2021-05-06 10:22:18,247 [DEBUG]: [2]: More variables, requesting index 84
2021-05-06 10:22:18,248 [DEBUG]: Requesting index 84 on port 2
2021-05-06 10:22:18,252 [DEBUG]: Added element [84]
2021-05-06 10:22:18,252 [DEBUG]: [2]: More variables, requesting index 85
2021-05-06 10:22:18,252 [DEBUG]: Requesting index 85 on port 2
2021-05-06 10:22:18,257 [DEBUG]: Added element [85]
2021-05-06 10:22:18,258 [DEBUG]: [2]: More variables, requesting index 86
2021-05-06 10:22:18,258 [DEBUG]: Requesting index 86 on port 2
2021-05-06 10:22:18,262 [DEBUG]: Added element [86]
2021-05-06 10:22:18,262 [DEBUG]: [2]: More variables, requesting index 87
2021-05-06 10:22:18,262 [DEBUG]: Requesting index 87 on port 2
2021-05-06 10:22:18,266 [DEBUG]: Added element [87]
2021-05-06 10:22:18,267 [DEBUG]: [2]: More variables, requesting index 88
2021-05-06 10:22:18,267 [DEBUG]: Requesting index 88 on port 2
2021-05-06 10:22:18,273 [DEBUG]: Added element [88]
2021-05-06 10:22:18,273 [DEBUG]: [2]: More variables, requesting index 89
2021-05-06 10:22:18,273 [DEBUG]: Requesting index 89 on port 2
