2021-03-23 15:23:53,565 [INFO]: Connecting to the Vicon...
2021-03-23 15:23:53,566 [INFO]: Connected to Vicon!
2021-03-23 15:23:53,566 [INFO]: Enabling data types...
2021-03-23 15:23:53,566 [DEBUG]: Segments: True
2021-03-23 15:23:53,567 [DEBUG]: Markers: True
2021-03-23 15:23:53,567 [DEBUG]: Unlabeled Markers: True
2021-03-23 15:23:53,567 [DEBUG]: Marker Rays: True
2021-03-23 15:23:53,567 [DEBUG]: Devices: True
2021-03-23 15:23:53,567 [DEBUG]: Centroids: True 
2021-03-23 15:23:53,567 [INFO]: Testing stream modes...
2021-03-23 15:23:53,567 [INFO]: Getting a frame in ClientPull mode...
2021-03-23 15:23:54,567 [ERROR]: Error using ClientPull mode. --> NoFrame
2021-03-23 15:23:54,567 [INFO]: Getting a frame in PreFetch mode...
2021-03-23 15:23:55,568 [ERROR]: Error using ClientPreFetch mode. --> NoFrame
2021-03-23 15:23:55,568 [INFO]: Getting a frame in ServerPush mode...
2021-03-23 15:23:55,568 [DEBUG]: Fetched! Pulled frame number: 1174026
2021-03-23 15:23:55,568 [INFO]: ServerPush mode set.
2021-03-23 15:23:55,568 [INFO]: Getting available framerates...
2021-03-23 15:23:55,568 [INFO]: Current Vicon frame rate: 100.0 Hz.
2021-03-23 15:23:55,569 [INFO]: Available frame rates: 
2021-03-23 15:23:55,569 [INFO]: Process Rate : 99 Hz 

2021-03-23 15:23:55,569 [INFO]: Setting axis...
2021-03-23 15:23:55,569 [INFO]: X Axis: AxisMapping.EForward
2021-03-23 15:23:55,569 [INFO]: Y Axis: AxisMapping.ELeft
2021-03-23 15:23:55,569 [INFO]: Z Axis: AxisMapping.EUp
2021-03-23 15:23:55,569 [INFO]: Initializing drivers...
2021-03-23 15:23:55,569 [INFO]: Drivers initialized.
2021-03-23 15:23:55,569 [INFO]: Connecting to the Crazyflie...
2021-03-23 15:23:55,569 [DEBUG]: Adding callback on port [6] to [<bound method Localization._incoming of <cflib.crazyflie.localization.Localization object at 0x0000013925C99888>>]
2021-03-23 15:23:55,569 [DEBUG]: Adding callback on port [5] to [<bound method Log._new_packet_cb of <cflib.crazyflie.log.Log object at 0x0000013925C99988>>]
2021-03-23 15:23:55,569 [DEBUG]: Adding callback on port [0] to [<bound method Console.incoming of <cflib.crazyflie.console.Console object at 0x0000013923A6D048>>]
2021-03-23 15:23:55,569 [DEBUG]: Adding callback on port [2] to [<bound method _ParamUpdater._new_packet_cb of <_ParamUpdater(Thread-2, initial daemon)>>]
2021-03-23 15:23:55,570 [DEBUG]: Adding callback on port [4] to [<bound method Memory._new_packet_cb of <cflib.crazyflie.mem.Memory object at 0x0000013923A67C48>>]
2021-03-23 15:23:55,570 [DEBUG]: Adding callback on port [13] to [<bound method PlatformService._platform_callback of <cflib.crazyflie.platformservice.PlatformService object at 0x0000013925C99E08>>]
2021-03-23 15:23:55,570 [DEBUG]: Adding callback on port [15] to [<bound method PlatformService._crt_service_callback of <cflib.crazyflie.platformservice.PlatformService object at 0x0000013925C99E08>>]
2021-03-23 15:23:55,570 [INFO]: Crazyflie2 has the following segments: ['Crazyflie2']
2021-03-23 15:23:55,570 [INFO]: Crazyflie2 has root: Crazyflie2
2021-03-23 15:23:55,570 [DEBUG]: ===Checking functions without flying===
2021-03-23 15:23:55,570 [DEBUG]: ===============Offline check done=================
2021-03-23 15:23:55,570 [DEBUG]: Adding callback on port [6] to [<bound method Localization._incoming of <cflib.crazyflie.localization.Localization object at 0x0000013925C99E48>>]
2021-03-23 15:23:55,570 [DEBUG]: Adding callback on port [5] to [<bound method Log._new_packet_cb of <cflib.crazyflie.log.Log object at 0x0000013925CAD108>>]
2021-03-23 15:23:55,570 [DEBUG]: Adding callback on port [0] to [<bound method Console.incoming of <cflib.crazyflie.console.Console object at 0x0000013925CAD3C8>>]
2021-03-23 15:23:55,570 [DEBUG]: Adding callback on port [2] to [<bound method _ParamUpdater._new_packet_cb of <_ParamUpdater(Thread-4, initial daemon)>>]
2021-03-23 15:23:55,571 [DEBUG]: Adding callback on port [4] to [<bound method Memory._new_packet_cb of <cflib.crazyflie.mem.Memory object at 0x0000013925CAD7C8>>]
2021-03-23 15:23:55,571 [DEBUG]: Adding callback on port [13] to [<bound method PlatformService._platform_callback of <cflib.crazyflie.platformservice.PlatformService object at 0x0000013925CAD908>>]
2021-03-23 15:23:55,571 [DEBUG]: Adding callback on port [15] to [<bound method PlatformService._crt_service_callback of <cflib.crazyflie.platformservice.PlatformService object at 0x0000013925CAD908>>]
2021-03-23 15:23:55,571 [INFO]: Callback->Connection initialized[radio://0/80/2M]
2021-03-23 15:23:55,575 [INFO]: We are connected[radio://0/80/2M], request connection setup
2021-03-23 15:23:55,576 [INFO]: Callback->Connected to [radio://0/80/2M]
2021-03-23 15:23:55,579 [WARNING]: Error no LogEntry to handle id=1
2021-03-23 15:23:55,580 [WARNING]: Error no LogEntry to handle id=1
2021-03-23 15:23:55,585 [INFO]: Protocol  version: 4
2021-03-23 15:23:55,588 [DEBUG]: Logging reset, continue with TOC download
2021-03-23 15:23:55,588 [DEBUG]: [5]: Using V2 protocol: 1
2021-03-23 15:23:55,588 [DEBUG]: [5]: Start fetching...
2021-03-23 15:23:55,588 [DEBUG]: Adding callback on port [5] to [<bound method TocFetcher._new_packet_cb of <cflib.crazyflie.toc.TocFetcher object at 0x0000013925CF2748>>]
2021-03-23 15:23:55,592 [DEBUG]: [5]: Got TOC CRC, 317 items and crc=0x05C5AF70
2021-03-23 15:23:55,594 [INFO]: TOC for port [5] found in cache
2021-03-23 15:23:55,594 [DEBUG]: Removing callback on port [5] to [<bound method TocFetcher._new_packet_cb of <cflib.crazyflie.toc.TocFetcher object at 0x0000013925CF2748>>]
2021-03-23 15:23:55,594 [DEBUG]: [5]: Done!
2021-03-23 15:23:55,595 [INFO]: Log TOC finished updating
2021-03-23 15:23:55,595 [DEBUG]: Requesting number of memories
2021-03-23 15:23:55,599 [INFO]: 9 memories found
2021-03-23 15:23:55,599 [DEBUG]: Requesting first id
2021-03-23 15:23:55,603 [DEBUG]: Requesting information about memory 1
2021-03-23 15:23:55,607 [DEBUG]: Memory: id=1, type=LED driver, size=24
2021-03-23 15:23:55,607 [DEBUG]: Requesting information about memory 2
2021-03-23 15:23:55,611 [DEBUG]: Memory: id=2, type=Loco Positioning, size=6144
2021-03-23 15:23:55,611 [DEBUG]: Requesting information about memory 3
2021-03-23 15:23:55,615 [DEBUG]: Memory: id=3, type=Trajectory, size=4096
2021-03-23 15:23:55,615 [DEBUG]: Requesting information about memory 4
2021-03-23 15:23:55,619 [DEBUG]: Memory: id=4, type=Loco Positioning 2, size=69632
2021-03-23 15:23:55,619 [DEBUG]: Requesting information about memory 5
2021-03-23 15:23:55,623 [DEBUG]: Memory: id=5, type=Lighthouse positioning, size=96
2021-03-23 15:23:55,623 [DEBUG]: Requesting information about memory 6
2021-03-23 15:23:55,628 [DEBUG]: Memory: id=6, type=Memory tester, size=4096
2021-03-23 15:23:55,628 [DEBUG]: Requesting information about memory 7
2021-03-23 15:23:55,632 [DEBUG]: Memory: id=7, type=Unknown, size=0
2021-03-23 15:23:55,632 [DEBUG]: Requesting information about memory 8
2021-03-23 15:23:55,636 [DEBUG]: Done getting all the memories, start reading the OWs
2021-03-23 15:23:55,636 [DEBUG]: Updating content of memory 8
2021-03-23 15:23:55,636 [DEBUG]: Requesting new chunk of 11bytes at 0x0
2021-03-23 15:23:55,641 [DEBUG]: READ: Mem=8, addr=0x0, status=0x0, data=(235, 12, 0, 0, 0, 188, 15, 205, 0, 12, 1)
2021-03-23 15:23:55,641 [DEBUG]: READING: We are still interested in request for mem 8
2021-03-23 15:23:55,641 [DEBUG]: Requesting new chunk of 15bytes at 0x8
2021-03-23 15:23:55,647 [DEBUG]: READ: Mem=8, addr=0x8, status=0x0, data=(0, 12, 1, 7, 98, 99, 70, 108, 111, 119, 50, 2, 1, 65, 84)
2021-03-23 15:23:55,647 [DEBUG]: READING: We are still interested in request for mem 8
2021-03-23 15:23:55,647 [DEBUG]: OW 0DD9203F00000040 (BC:0F): {'Board name': 'bcFlow2', 'Board revision': 'A'}
2021-03-23 15:23:55,647 [INFO]: Memories finished updating
2021-03-23 15:23:55,647 [DEBUG]: [2]: Using V2 protocol: 1
2021-03-23 15:23:55,647 [DEBUG]: [2]: Start fetching...
2021-03-23 15:23:55,647 [DEBUG]: Adding callback on port [2] to [<bound method TocFetcher._new_packet_cb of <cflib.crazyflie.toc.TocFetcher object at 0x0000013925D26748>>]
2021-03-23 15:23:55,652 [DEBUG]: [2]: Got TOC CRC, 164 items and crc=0x1042AFA8
2021-03-23 15:23:55,654 [INFO]: TOC for port [2] found in cache
2021-03-23 15:23:55,654 [DEBUG]: Removing callback on port [2] to [<bound method TocFetcher._new_packet_cb of <cflib.crazyflie.toc.TocFetcher object at 0x0000013925D26748>>]
2021-03-23 15:23:55,654 [DEBUG]: [2]: Done!
2021-03-23 15:23:55,654 [INFO]: Param TOC finished updating
2021-03-23 15:23:55,654 [INFO]: Callback->Connection setup finished [radio://0/80/2M]
2021-03-23 15:23:55,654 [DEBUG]: Requesting request to update param [6]
2021-03-23 15:23:55,654 [DEBUG]: Requesting request to update param [1]
2021-03-23 15:23:55,655 [DEBUG]: Adding stateEstimate.x with id=121 and type=0x77
2021-03-23 15:23:55,655 [DEBUG]: Requesting request to update param [2]
2021-03-23 15:23:55,655 [DEBUG]: Adding stateEstimate.y with id=122 and type=0x77
2021-03-23 15:23:55,655 [DEBUG]: Requesting request to update param [3]
2021-03-23 15:23:55,655 [DEBUG]: Adding stateEstimate.z with id=123 and type=0x77
2021-03-23 15:23:55,655 [DEBUG]: Requesting request to update param [4]
2021-03-23 15:23:55,656 [DEBUG]: Adding stabilizer.roll with id=117 and type=0x77
2021-03-23 15:23:55,656 [DEBUG]: Requesting request to update param [5]
2021-03-23 15:23:55,656 [DEBUG]: Adding stabilizer.pitch with id=118 and type=0x77
2021-03-23 15:23:55,656 [DEBUG]: Requesting request to update param [7]
2021-03-23 15:23:55,656 [DEBUG]: Adding stabilizer.yaw with id=119 and type=0x77
2021-03-23 15:23:55,656 [DEBUG]: Requesting request to update param [8]
2021-03-23 15:23:55,656 [DEBUG]: Adding/appending log block id 1
2021-03-23 15:23:55,656 [DEBUG]: Requesting request to update param [9]
2021-03-23 15:23:55,656 [DEBUG]: First time block is started, add block
2021-03-23 15:23:55,656 [DEBUG]: Requesting request to update param [10]
2021-03-23 15:23:55,656 [DEBUG]: Adding stateEstimate.x with id=121 and type=0x77
2021-03-23 15:23:55,657 [DEBUG]: Requesting request to update param [11]
2021-03-23 15:23:55,657 [DEBUG]: Adding stateEstimate.y with id=122 and type=0x77
2021-03-23 15:23:55,657 [DEBUG]: Requesting request to update param [16]
2021-03-23 15:23:55,657 [DEBUG]: Adding stateEstimate.z with id=123 and type=0x77
2021-03-23 15:23:55,657 [DEBUG]: Requesting request to update param [12]
2021-03-23 15:23:55,657 [DEBUG]: Adding stabilizer.roll with id=117 and type=0x77
2021-03-23 15:23:55,657 [DEBUG]: Requesting request to update param [13]
2021-03-23 15:23:55,657 [DEBUG]: Adding stabilizer.pitch with id=118 and type=0x77
2021-03-23 15:23:55,657 [DEBUG]: Requesting request to update param [14]
2021-03-23 15:23:55,657 [DEBUG]: Adding stabilizer.yaw with id=119 and type=0x77
2021-03-23 15:23:55,657 [DEBUG]: Requesting request to update param [15]
2021-03-23 15:23:55,657 [DEBUG]: Adding/appending log block id 2
2021-03-23 15:23:55,658 [DEBUG]: Requesting request to update param [17]
2021-03-23 15:23:55,658 [DEBUG]: First time block is started, add block
2021-03-23 15:23:55,658 [DEBUG]: Requesting request to update param [18]
2021-03-23 15:23:55,658 [DEBUG]: Requesting request to update param [19]
2021-03-23 15:23:55,658 [DEBUG]: Requesting request to update param [20]
2021-03-23 15:23:55,658 [DEBUG]: Requesting request to update param [21]
2021-03-23 15:23:55,658 [DEBUG]: Requesting request to update param [22]
2021-03-23 15:23:55,658 [DEBUG]: Requesting request to update param [23]
2021-03-23 15:23:55,658 [DEBUG]: Requesting request to update param [24]
2021-03-23 15:23:55,658 [DEBUG]: Requesting request to update param [25]
2021-03-23 15:23:55,658 [DEBUG]: Requesting request to update param [26]
2021-03-23 15:23:55,658 [DEBUG]: Requesting request to update param [27]
2021-03-23 15:23:55,658 [DEBUG]: Requesting request to update param [28]
2021-03-23 15:23:55,658 [DEBUG]: Requesting request to update param [29]
2021-03-23 15:23:55,659 [DEBUG]: Requesting request to update param [30]
2021-03-23 15:23:55,659 [DEBUG]: Requesting request to update param [31]
2021-03-23 15:23:55,659 [DEBUG]: Requesting request to update param [32]
2021-03-23 15:23:55,659 [DEBUG]: Requesting request to update param [33]
2021-03-23 15:23:55,659 [DEBUG]: Requesting request to update param [34]
2021-03-23 15:23:55,659 [DEBUG]: Requesting request to update param [35]
2021-03-23 15:23:55,659 [DEBUG]: Requesting request to update param [36]
2021-03-23 15:23:55,659 [DEBUG]: Requesting request to update param [37]
2021-03-23 15:23:55,659 [DEBUG]: Requesting request to update param [38]
2021-03-23 15:23:55,659 [DEBUG]: Requesting request to update param [39]
2021-03-23 15:23:55,659 [DEBUG]: Requesting request to update param [40]
2021-03-23 15:23:55,659 [DEBUG]: Requesting request to update param [41]
2021-03-23 15:23:55,659 [DEBUG]: Requesting request to update param [42]
2021-03-23 15:23:55,659 [DEBUG]: Requesting request to update param [43]
2021-03-23 15:23:55,659 [DEBUG]: Requesting request to update param [44]
2021-03-23 15:23:55,659 [DEBUG]: Requesting request to update param [45]
2021-03-23 15:23:55,659 [DEBUG]: Requesting request to update param [46]
2021-03-23 15:23:55,659 [DEBUG]: Requesting request to update param [47]
2021-03-23 15:23:55,660 [DEBUG]: Requesting request to update param [48]
2021-03-23 15:23:55,660 [DEBUG]: Requesting request to update param [49]
2021-03-23 15:23:55,660 [DEBUG]: Requesting request to update param [50]
2021-03-23 15:23:55,660 [DEBUG]: Requesting request to update param [51]
2021-03-23 15:23:55,660 [DEBUG]: Requesting request to update param [52]
2021-03-23 15:23:55,660 [DEBUG]: Requesting request to update param [53]
2021-03-23 15:23:55,660 [DEBUG]: Requesting request to update param [54]
2021-03-23 15:23:55,660 [DEBUG]: Requesting request to update param [55]
2021-03-23 15:23:55,660 [DEBUG]: Requesting request to update param [56]
2021-03-23 15:23:55,660 [DEBUG]: Requesting request to update param [57]
2021-03-23 15:23:55,660 [DEBUG]: Requesting request to update param [58]
2021-03-23 15:23:55,660 [DEBUG]: Requesting request to update param [59]
2021-03-23 15:23:55,660 [DEBUG]: Requesting request to update param [60]
2021-03-23 15:23:55,660 [DEBUG]: Requesting request to update param [61]
2021-03-23 15:23:55,660 [DEBUG]: Requesting request to update param [62]
2021-03-23 15:23:55,660 [DEBUG]: Requesting request to update param [63]
2021-03-23 15:23:55,660 [DEBUG]: Requesting request to update param [64]
2021-03-23 15:23:55,661 [DEBUG]: Requesting request to update param [65]
2021-03-23 15:23:55,661 [DEBUG]: Requesting request to update param [66]
2021-03-23 15:23:55,661 [DEBUG]: Requesting request to update param [67]
2021-03-23 15:23:55,661 [DEBUG]: Requesting request to update param [68]
2021-03-23 15:23:55,661 [DEBUG]: Requesting request to update param [69]
2021-03-23 15:23:55,661 [DEBUG]: Requesting request to update param [70]
2021-03-23 15:23:55,661 [DEBUG]: Requesting request to update param [71]
2021-03-23 15:23:55,661 [DEBUG]: Requesting request to update param [72]
2021-03-23 15:23:55,661 [DEBUG]: Requesting request to update param [73]
2021-03-23 15:23:55,661 [DEBUG]: Requesting request to update param [74]
2021-03-23 15:23:55,661 [DEBUG]: Requesting request to update param [75]
2021-03-23 15:23:55,661 [DEBUG]: Requesting request to update param [76]
2021-03-23 15:23:55,661 [DEBUG]: Requesting request to update param [77]
2021-03-23 15:23:55,661 [DEBUG]: Requesting request to update param [78]
2021-03-23 15:23:55,662 [DEBUG]: Requesting request to update param [79]
2021-03-23 15:23:55,662 [DEBUG]: Requesting request to update param [80]
2021-03-23 15:23:55,662 [DEBUG]: Requesting request to update param [81]
2021-03-23 15:23:55,662 [DEBUG]: Requesting request to update param [82]
2021-03-23 15:23:55,662 [DEBUG]: Requesting request to update param [83]
2021-03-23 15:23:55,662 [DEBUG]: Requesting request to update param [84]
2021-03-23 15:23:55,662 [DEBUG]: Requesting request to update param [85]
2021-03-23 15:23:55,662 [DEBUG]: Requesting request to update param [86]
2021-03-23 15:23:55,662 [DEBUG]: Requesting request to update param [87]
2021-03-23 15:23:55,662 [DEBUG]: Requesting request to update param [88]
2021-03-23 15:23:55,662 [DEBUG]: Requesting request to update param [89]
2021-03-23 15:23:55,662 [DEBUG]: Requesting request to update param [90]
2021-03-23 15:23:55,662 [DEBUG]: Requesting request to update param [91]
2021-03-23 15:23:55,662 [DEBUG]: Requesting request to update param [92]
2021-03-23 15:23:55,662 [DEBUG]: Requesting request to update param [93]
2021-03-23 15:23:55,662 [DEBUG]: Requesting request to update param [94]
2021-03-23 15:23:55,662 [DEBUG]: Requesting request to update param [95]
2021-03-23 15:23:55,662 [DEBUG]: Requesting request to update param [96]
2021-03-23 15:23:55,662 [DEBUG]: Requesting request to update param [97]
2021-03-23 15:23:55,663 [DEBUG]: Requesting request to update param [98]
2021-03-23 15:23:55,663 [DEBUG]: Requesting request to update param [99]
2021-03-23 15:23:55,663 [DEBUG]: Requesting request to update param [100]
2021-03-23 15:23:55,663 [DEBUG]: Requesting request to update param [101]
2021-03-23 15:23:55,663 [DEBUG]: Requesting request to update param [102]
2021-03-23 15:23:55,663 [DEBUG]: Requesting request to update param [103]
2021-03-23 15:23:55,663 [DEBUG]: Requesting request to update param [104]
2021-03-23 15:23:55,663 [DEBUG]: Requesting request to update param [105]
2021-03-23 15:23:55,663 [DEBUG]: Requesting request to update param [106]
2021-03-23 15:23:55,663 [DEBUG]: Requesting request to update param [107]
2021-03-23 15:23:55,663 [DEBUG]: Requesting request to update param [108]
2021-03-23 15:23:55,663 [DEBUG]: Requesting request to update param [109]
2021-03-23 15:23:55,663 [DEBUG]: Requesting request to update param [110]
2021-03-23 15:23:55,663 [DEBUG]: Requesting request to update param [111]
2021-03-23 15:23:55,664 [DEBUG]: Requesting request to update param [112]
2021-03-23 15:23:55,664 [DEBUG]: Requesting request to update param [113]
2021-03-23 15:23:55,664 [DEBUG]: Requesting request to update param [114]
2021-03-23 15:23:55,664 [DEBUG]: Requesting request to update param [115]
2021-03-23 15:23:55,664 [DEBUG]: Requesting request to update param [116]
2021-03-23 15:23:55,664 [DEBUG]: Requesting request to update param [117]
2021-03-23 15:23:55,664 [DEBUG]: Requesting request to update param [118]
2021-03-23 15:23:55,664 [DEBUG]: Requesting request to update param [119]
2021-03-23 15:23:55,664 [DEBUG]: Requesting request to update param [120]
2021-03-23 15:23:55,664 [DEBUG]: Requesting request to update param [121]
2021-03-23 15:23:55,664 [DEBUG]: Requesting request to update param [122]
2021-03-23 15:23:55,664 [DEBUG]: Requesting request to update param [123]
2021-03-23 15:23:55,664 [DEBUG]: Requesting request to update param [124]
2021-03-23 15:23:55,664 [DEBUG]: Requesting request to update param [125]
2021-03-23 15:23:55,664 [DEBUG]: Requesting request to update param [126]
2021-03-23 15:23:55,664 [DEBUG]: Requesting request to update param [127]
2021-03-23 15:23:55,664 [DEBUG]: Requesting request to update param [128]
2021-03-23 15:23:55,665 [DEBUG]: Requesting request to update param [140]
2021-03-23 15:23:55,665 [DEBUG]: Requesting request to update param [141]
2021-03-23 15:23:55,665 [DEBUG]: Requesting request to update param [142]
2021-03-23 15:23:55,665 [DEBUG]: Requesting request to update param [143]
2021-03-23 15:23:55,665 [DEBUG]: Requesting request to update param [145]
2021-03-23 15:23:55,665 [DEBUG]: Requesting request to update param [146]
2021-03-23 15:23:55,665 [DEBUG]: Requesting request to update param [147]
2021-03-23 15:23:55,665 [DEBUG]: Requesting request to update param [151]
2021-03-23 15:23:55,665 [DEBUG]: Requesting request to update param [152]
2021-03-23 15:23:55,665 [DEBUG]: Requesting request to update param [154]
2021-03-23 15:23:55,665 [DEBUG]: Requesting request to update param [155]
2021-03-23 15:23:55,665 [DEBUG]: Requesting request to update param [156]
2021-03-23 15:23:55,665 [DEBUG]: Requesting request to update param [129]
2021-03-23 15:23:55,665 [DEBUG]: Requesting request to update param [130]
2021-03-23 15:23:55,665 [DEBUG]: Requesting request to update param [131]
2021-03-23 15:23:55,665 [DEBUG]: Requesting request to update param [132]
2021-03-23 15:23:55,665 [DEBUG]: Requesting request to update param [133]
2021-03-23 15:23:55,665 [DEBUG]: Requesting request to update param [134]
2021-03-23 15:23:55,665 [DEBUG]: Requesting request to update param [135]
2021-03-23 15:23:55,665 [DEBUG]: Requesting request to update param [136]
2021-03-23 15:23:55,666 [DEBUG]: Requesting request to update param [137]
2021-03-23 15:23:55,666 [DEBUG]: Requesting request to update param [138]
2021-03-23 15:23:55,666 [DEBUG]: Requesting request to update param [139]
2021-03-23 15:23:55,666 [DEBUG]: Requesting request to update param [144]
2021-03-23 15:23:55,666 [DEBUG]: Requesting request to update param [148]
2021-03-23 15:23:55,666 [DEBUG]: Requesting request to update param [149]
2021-03-23 15:23:55,666 [DEBUG]: Requesting request to update param [150]
2021-03-23 15:23:55,666 [DEBUG]: Requesting request to update param [153]
2021-03-23 15:23:55,666 [DEBUG]: Requesting request to update param [157]
2021-03-23 15:23:55,666 [DEBUG]: Requesting request to update param [158]
2021-03-23 15:23:55,666 [DEBUG]: Requesting request to update param [159]
2021-03-23 15:23:55,666 [DEBUG]: Requesting request to update param [160]
2021-03-23 15:23:55,666 [DEBUG]: Requesting request to update param [161]
2021-03-23 15:23:55,666 [DEBUG]: Requesting request to update param [162]
2021-03-23 15:23:55,666 [DEBUG]: Requesting request to update param [163]
2021-03-23 15:23:55,667 [DEBUG]: Updated parameter [imu_sensors.BMP388]
2021-03-23 15:23:55,670 [DEBUG]: Have successfully added id=1
2021-03-23 15:23:55,671 [DEBUG]: Have successfully added id=2
2021-03-23 15:23:55,672 [DEBUG]: Updated parameter [imu_sensors.HMC5883L]
2021-03-23 15:23:55,674 [INFO]: Have successfully started logging for id=1
2021-03-23 15:23:55,675 [INFO]: Have successfully started logging for id=2
2021-03-23 15:23:55,676 [DEBUG]: Updated parameter [imu_sensors.MS5611]
2021-03-23 15:23:55,679 [DEBUG]: Updated parameter [imu_tests.MPU6500]
2021-03-23 15:23:55,682 [DEBUG]: Updated parameter [imu_tests.HMC5883L]
2021-03-23 15:23:55,687 [DEBUG]: Updated parameter [imu_tests.MS5611]
2021-03-23 15:23:55,689 [DEBUG]: Updated parameter [cpu.flash]
2021-03-23 15:23:55,693 [DEBUG]: Updated parameter [cpu.id0]
2021-03-23 15:23:55,698 [DEBUG]: Updated parameter [cpu.id1]
2021-03-23 15:23:55,702 [DEBUG]: Updated parameter [cpu.id2]
2021-03-23 15:23:55,706 [DEBUG]: Updated parameter [system.selftestPassed]
2021-03-23 15:23:55,709 [DEBUG]: Updated parameter [system.taskDump]
2021-03-23 15:23:55,713 [DEBUG]: Updated parameter [sound.effect]
2021-03-23 15:23:55,718 [DEBUG]: Updated parameter [sound.neffect]
2021-03-23 15:23:55,721 [DEBUG]: Updated parameter [sound.freq]
2021-03-23 15:23:55,724 [DEBUG]: Updated parameter [sound.ratio]
2021-03-23 15:23:55,728 [DEBUG]: Updated parameter [memTst.resetW]
2021-03-23 15:23:55,731 [DEBUG]: Updated parameter [kalman.resetEstimation]
2021-03-23 15:23:55,734 [DEBUG]: Updated parameter [commander.enHighLevel]
2021-03-23 15:23:55,738 [DEBUG]: Updated parameter [flightmode.althold]
2021-03-23 15:23:55,741 [DEBUG]: Updated parameter [flightmode.poshold]
2021-03-23 15:23:55,744 [DEBUG]: Updated parameter [flightmode.posSet]
2021-03-23 15:23:55,748 [DEBUG]: Updated parameter [flightmode.yawMode]
2021-03-23 15:23:55,752 [DEBUG]: Updated parameter [flightmode.yawRst]
2021-03-23 15:23:55,757 [DEBUG]: Updated parameter [flightmode.stabModeRoll]
2021-03-23 15:23:55,761 [DEBUG]: Updated parameter [flightmode.stabModePitch]
2021-03-23 15:23:55,764 [DEBUG]: Updated parameter [flightmode.stabModeYaw]
2021-03-23 15:23:55,768 [DEBUG]: Updated parameter [cmdrCPPM.rateRoll]
2021-03-23 15:23:55,772 [DEBUG]: Updated parameter [cmdrCPPM.ratePitch]
2021-03-23 15:23:55,776 [DEBUG]: Updated parameter [cmdrCPPM.rateYaw]
2021-03-23 15:23:55,780 [DEBUG]: Updated parameter [cmdrCPPM.angRoll]
2021-03-23 15:23:55,784 [DEBUG]: Updated parameter [cmdrCPPM.angPitch]
2021-03-23 15:23:55,789 [DEBUG]: Updated parameter [locSrv.enRangeStreamFP32]
2021-03-23 15:23:55,802 [DEBUG]: Updated parameter [locSrv.extPosStdDev]
2021-03-23 15:23:55,807 [DEBUG]: Updated parameter [locSrv.extQuatStdDev]
2021-03-23 15:23:55,811 [DEBUG]: Updated parameter [pid_attitude.roll_kp]
2021-03-23 15:23:55,815 [DEBUG]: Updated parameter [pid_attitude.roll_ki]
2021-03-23 15:23:55,818 [DEBUG]: Updated parameter [pid_attitude.roll_kd]
2021-03-23 15:23:55,821 [DEBUG]: Updated parameter [pid_attitude.pitch_kp]
2021-03-23 15:23:55,827 [DEBUG]: Updated parameter [pid_attitude.pitch_ki]
2021-03-23 15:23:55,830 [DEBUG]: Updated parameter [pid_attitude.pitch_kd]
2021-03-23 15:23:55,836 [DEBUG]: Updated parameter [pid_attitude.yaw_kp]
2021-03-23 15:23:55,839 [DEBUG]: Updated parameter [pid_attitude.yaw_ki]
2021-03-23 15:23:55,843 [DEBUG]: Updated parameter [pid_attitude.yaw_kd]
2021-03-23 15:23:55,846 [DEBUG]: Updated parameter [pid_rate.roll_kp]
2021-03-23 15:23:55,849 [DEBUG]: Updated parameter [pid_rate.roll_ki]
2021-03-23 15:23:55,852 [DEBUG]: Updated parameter [pid_rate.roll_kd]
2021-03-23 15:23:55,857 [DEBUG]: Updated parameter [pid_rate.pitch_kp]
2021-03-23 15:23:55,861 [DEBUG]: Updated parameter [pid_rate.pitch_ki]
2021-03-23 15:23:55,866 [DEBUG]: Updated parameter [pid_rate.pitch_kd]
2021-03-23 15:23:55,870 [DEBUG]: Updated parameter [pid_rate.yaw_kp]
2021-03-23 15:23:55,874 [DEBUG]: Updated parameter [pid_rate.yaw_ki]
2021-03-23 15:23:55,877 [DEBUG]: Updated parameter [pid_rate.yaw_kd]
2021-03-23 15:23:55,881 [DEBUG]: Updated parameter [sensfusion6.kp]
2021-03-23 15:23:55,886 [DEBUG]: Updated parameter [sensfusion6.ki]
2021-03-23 15:23:55,889 [DEBUG]: Updated parameter [sensfusion6.baseZacc]
2021-03-23 15:23:55,892 [DEBUG]: Updated parameter [health.startPropTest]
2021-03-23 15:23:55,897 [DEBUG]: Updated parameter [stabilizer.estimator]
2021-03-23 15:23:55,900 [DEBUG]: Updated parameter [stabilizer.controller]
2021-03-23 15:23:55,903 [DEBUG]: Updated parameter [posEstAlt.estAlphaAsl]
2021-03-23 15:23:55,907 [DEBUG]: Updated parameter [posEstAlt.estAlphaZr]
2021-03-23 15:23:55,910 [DEBUG]: Updated parameter [posEstAlt.velFactor]
2021-03-23 15:23:55,913 [DEBUG]: Updated parameter [posEstAlt.velZAlpha]
2021-03-23 15:23:55,917 [DEBUG]: Updated parameter [posEstAlt.vAccDeadband]
2021-03-23 15:23:55,932 [DEBUG]: Updated parameter [posCtlPid.xKp]
2021-03-23 15:23:55,939 [DEBUG]: Updated parameter [posCtlPid.xKi]
2021-03-23 15:23:55,943 [DEBUG]: Updated parameter [posCtlPid.xKd]
2021-03-23 15:23:55,948 [DEBUG]: Updated parameter [posCtlPid.yKp]
2021-03-23 15:23:55,951 [DEBUG]: Updated parameter [posCtlPid.yKi]
2021-03-23 15:23:55,956 [DEBUG]: Updated parameter [posCtlPid.yKd]
2021-03-23 15:23:55,960 [DEBUG]: Updated parameter [posCtlPid.zKp]
2021-03-23 15:23:55,963 [DEBUG]: Updated parameter [posCtlPid.zKi]
2021-03-23 15:23:55,967 [DEBUG]: Updated parameter [posCtlPid.zKd]
2021-03-23 15:23:55,971 [DEBUG]: Updated parameter [posCtlPid.thrustBase]
2021-03-23 15:23:55,974 [DEBUG]: Updated parameter [posCtlPid.thrustMin]
2021-03-23 15:23:55,978 [DEBUG]: Updated parameter [posCtlPid.rpLimit]
2021-03-23 15:23:55,981 [DEBUG]: Updated parameter [posCtlPid.xyVelMax]
2021-03-23 15:23:55,984 [DEBUG]: Updated parameter [posCtlPid.zVelMax]
2021-03-23 15:23:55,988 [DEBUG]: Updated parameter [velCtlPid.vxKp]
2021-03-23 15:23:55,991 [DEBUG]: Updated parameter [velCtlPid.vxKi]
2021-03-23 15:23:55,996 [DEBUG]: Updated parameter [velCtlPid.vxKd]
2021-03-23 15:23:55,999 [DEBUG]: Updated parameter [velCtlPid.vyKp]
2021-03-23 15:23:56,002 [DEBUG]: Updated parameter [velCtlPid.vyKi]
2021-03-23 15:23:56,007 [DEBUG]: Updated parameter [velCtlPid.vyKd]
2021-03-23 15:23:56,011 [DEBUG]: Updated parameter [velCtlPid.vzKp]
2021-03-23 15:23:56,016 [DEBUG]: Updated parameter [velCtlPid.vzKi]
2021-03-23 15:23:56,019 [DEBUG]: Updated parameter [velCtlPid.vzKd]
2021-03-23 15:23:56,022 [DEBUG]: Updated parameter [controller.tiltComp]
2021-03-23 15:23:56,028 [DEBUG]: Updated parameter [ctrlMel.kp_xy]
2021-03-23 15:23:56,032 [DEBUG]: Updated parameter [ctrlMel.kd_xy]
2021-03-23 15:23:56,038 [DEBUG]: Updated parameter [ctrlMel.ki_xy]
2021-03-23 15:23:56,041 [DEBUG]: Updated parameter [ctrlMel.i_range_xy]
2021-03-23 15:23:56,046 [DEBUG]: Updated parameter [ctrlMel.kp_z]
2021-03-23 15:23:56,050 [DEBUG]: Updated parameter [ctrlMel.kd_z]
2021-03-23 15:23:56,062 [DEBUG]: Updated parameter [ctrlMel.ki_z]
2021-03-23 15:23:56,067 [DEBUG]: Updated parameter [ctrlMel.i_range_z]
2021-03-23 15:23:56,071 [DEBUG]: Updated parameter [ctrlMel.mass]
2021-03-23 15:23:56,074 [DEBUG]: Updated parameter [ctrlMel.massThrust]
2021-03-23 15:23:56,078 [DEBUG]: Updated parameter [ctrlMel.kR_xy]
2021-03-23 15:23:56,081 [DEBUG]: Updated parameter [ctrlMel.kR_z]
2021-03-23 15:23:56,086 [DEBUG]: Updated parameter [ctrlMel.kw_xy]
2021-03-23 15:23:56,089 [DEBUG]: Updated parameter [ctrlMel.kw_z]
2021-03-23 15:23:56,093 [DEBUG]: Updated parameter [ctrlMel.ki_m_xy]
2021-03-23 15:23:56,098 [DEBUG]: Updated parameter [ctrlMel.ki_m_z]
2021-03-23 15:23:56,102 [DEBUG]: Updated parameter [ctrlMel.kd_omega_rp]
2021-03-23 15:23:56,106 [DEBUG]: Updated parameter [ctrlMel.i_range_m_xy]
2021-03-23 15:23:56,110 [DEBUG]: Updated parameter [ctrlMel.i_range_m_z]
2021-03-23 15:23:56,113 [DEBUG]: Updated parameter [motorPowerSet.enable]
2021-03-23 15:23:56,117 [DEBUG]: Updated parameter [motorPowerSet.m1]
2021-03-23 15:23:56,121 [DEBUG]: Updated parameter [motorPowerSet.m2]
2021-03-23 15:23:56,124 [DEBUG]: Updated parameter [motorPowerSet.m3]
2021-03-23 15:23:56,127 [DEBUG]: Updated parameter [motorPowerSet.m4]
2021-03-23 15:23:56,131 [DEBUG]: Updated parameter [kalman.resetEstimation]
2021-03-23 15:23:56,134 [DEBUG]: Updated parameter [kalman.quadIsFlying]
2021-03-23 15:23:56,139 [DEBUG]: Updated parameter [kalman.pNAcc_xy]
2021-03-23 15:23:56,142 [DEBUG]: Updated parameter [kalman.pNAcc_z]
2021-03-23 15:23:56,147 [DEBUG]: Updated parameter [kalman.pNVel]
2021-03-23 15:23:56,150 [DEBUG]: Updated parameter [kalman.pNPos]
2021-03-23 15:23:56,154 [DEBUG]: Updated parameter [kalman.pNAtt]
2021-03-23 15:23:56,158 [DEBUG]: Updated parameter [kalman.mNBaro]
2021-03-23 15:23:56,162 [DEBUG]: Updated parameter [kalman.mNGyro_rollpitch]
2021-03-23 15:23:56,165 [DEBUG]: Updated parameter [kalman.mNGyro_yaw]
2021-03-23 15:23:56,169 [DEBUG]: Updated parameter [kalman.initialX]
2021-03-23 15:23:56,172 [DEBUG]: Updated parameter [kalman.initialY]
2021-03-23 15:23:56,178 [DEBUG]: Updated parameter [kalman.initialZ]
2021-03-23 15:23:56,180 [DEBUG]: Updated parameter [kalman.initialYaw]
2021-03-23 15:23:56,197 [DEBUG]: Updated parameter [kalman.maxPos]
2021-03-23 15:23:56,203 [DEBUG]: Updated parameter [kalman.maxVel]
2021-03-23 15:23:56,209 [DEBUG]: Updated parameter [deck.bcLedRing]
2021-03-23 15:23:56,212 [DEBUG]: Updated parameter [deck.bcBuzzer]
2021-03-23 15:23:56,216 [DEBUG]: Updated parameter [deck.bcGTGPS]
2021-03-23 15:23:56,220 [DEBUG]: Updated parameter [deck.bcCPPM]
2021-03-23 15:23:56,223 [DEBUG]: Updated parameter [deck.bcUSD]
2021-03-23 15:23:56,227 [DEBUG]: Updated parameter [deck.bcZRanger]
2021-03-23 15:23:56,230 [DEBUG]: Updated parameter [deck.bcZRanger2]
2021-03-23 15:23:56,234 [DEBUG]: Updated parameter [deck.bcDWM1000]
2021-03-23 15:23:56,237 [DEBUG]: Updated parameter [deck.bcFlow]
2021-03-23 15:23:56,241 [DEBUG]: Updated parameter [deck.bcFlow2]
2021-03-23 15:23:56,244 [DEBUG]: Updated parameter [deck.bcOA]
2021-03-23 15:23:56,248 [DEBUG]: Updated parameter [deck.bcMultiranger]
2021-03-23 15:23:56,252 [DEBUG]: Updated parameter [deck.bdLighthouse4]
2021-03-23 15:23:56,256 [DEBUG]: Updated parameter [ring.effect]
2021-03-23 15:23:56,260 [DEBUG]: Updated parameter [ring.neffect]
2021-03-23 15:23:56,263 [DEBUG]: Updated parameter [ring.solidRed]
2021-03-23 15:23:56,267 [DEBUG]: Updated parameter [ring.solidGreen]
2021-03-23 15:23:56,271 [DEBUG]: Updated parameter [ring.solidBlue]
2021-03-23 15:23:56,274 [DEBUG]: Updated parameter [ring.headlightEnable]
2021-03-23 15:23:56,278 [DEBUG]: Updated parameter [ring.glowstep]
2021-03-23 15:23:56,281 [DEBUG]: Updated parameter [ring.emptyCharge]
2021-03-23 15:23:56,286 [DEBUG]: Updated parameter [ring.fullCharge]
2021-03-23 15:23:56,289 [DEBUG]: Updated parameter [ring.fadeColor]
2021-03-23 15:23:56,293 [DEBUG]: Updated parameter [ring.fadeTime]
2021-03-23 15:23:56,297 [DEBUG]: Updated parameter [usd.logging]
2021-03-23 15:23:56,300 [DEBUG]: Updated parameter [loco.mode]
2021-03-23 15:23:56,303 [DEBUG]: Updated parameter [tdoa3.logId]
2021-03-23 15:23:56,307 [DEBUG]: Updated parameter [tdoa3.logOthrId]
2021-03-23 15:23:56,319 [DEBUG]: Updated parameter [motion.disable]
2021-03-23 15:23:56,323 [DEBUG]: Updated parameter [activeMarker.front]
2021-03-23 15:23:56,327 [DEBUG]: Updated parameter [activeMarker.back]
2021-03-23 15:23:56,330 [DEBUG]: Updated parameter [activeMarker.left]
2021-03-23 15:23:56,333 [DEBUG]: Updated parameter [activeMarker.right]
2021-03-23 15:23:56,337 [DEBUG]: Updated parameter [firmware.revision0]
2021-03-23 15:23:56,341 [DEBUG]: Updated parameter [firmware.revision1]
2021-03-23 15:23:56,345 [DEBUG]: Updated parameter [firmware.modified]
2021-03-23 15:23:56,348 [DEBUG]: Updated parameter [kalman.resetEstimation]
2021-03-23 15:24:00,260 [INFO]: Take-off!
2021-03-23 15:24:12,762 [DEBUG]: Sending stop logging for block id=1
2021-03-23 15:24:12,763 [DEBUG]: Sending stop logging for block id=2
2021-03-23 15:24:12,764 [INFO]: Closing link
2021-03-23 15:24:12,766 [INFO]: Callback->Disconnected from [radio://0/80/2M]
