2021-03-19 15:50:03,313 [INFO]: Connecting to the Vicon...
2021-03-19 15:50:03,315 [INFO]: Connected to Vicon!
2021-03-19 15:50:03,315 [INFO]: Enabling data types...
2021-03-19 15:50:03,315 [DEBUG]: Segments: True
2021-03-19 15:50:03,315 [DEBUG]: Markers: True
2021-03-19 15:50:03,315 [DEBUG]: Unlabeled Markers: True
2021-03-19 15:50:03,315 [DEBUG]: Marker Rays: True
2021-03-19 15:50:03,315 [DEBUG]: Devices: True
2021-03-19 15:50:03,315 [DEBUG]: Centroids: True 
2021-03-19 15:50:03,315 [INFO]: Testing stream modes...
2021-03-19 15:50:03,315 [INFO]: Getting a frame in ClientPull mode...
2021-03-19 15:50:04,316 [ERROR]: Error using ClientPull mode. --> NoFrame
2021-03-19 15:50:04,316 [INFO]: Getting a frame in PreFetch mode...
2021-03-19 15:50:05,317 [ERROR]: Error using ClientPreFetch mode. --> NoFrame
2021-03-19 15:50:05,317 [INFO]: Getting a frame in ServerPush mode...
2021-03-19 15:50:05,317 [DEBUG]: Fetched! Pulled frame number: 1951826
2021-03-19 15:50:05,317 [INFO]: ServerPush mode set.
2021-03-19 15:50:05,317 [INFO]: Getting available framerates...
2021-03-19 15:50:05,317 [INFO]: Current Vicon frame rate: 100.0 Hz.
2021-03-19 15:50:05,318 [INFO]: Available frame rates: 
2021-03-19 15:50:05,318 [INFO]: Process Rate : 99 Hz 

2021-03-19 15:50:05,318 [INFO]: Setting axis...
2021-03-19 15:50:05,318 [INFO]: X Axis: AxisMapping.EForward
2021-03-19 15:50:05,318 [INFO]: Y Axis: AxisMapping.ELeft
2021-03-19 15:50:05,318 [INFO]: Z Axis: AxisMapping.EUp
2021-03-19 15:50:05,318 [INFO]: Initializing drivers...
2021-03-19 15:50:05,318 [INFO]: Drivers initialized.
2021-03-19 15:50:05,318 [INFO]: Connecting to the Crazyflie...
2021-03-19 15:50:05,318 [DEBUG]: Adding callback on port [6] to [<bound method Localization._incoming of <cflib.crazyflie.localization.Localization object at 0x00000253B34D9C08>>]
2021-03-19 15:50:05,318 [DEBUG]: Adding callback on port [5] to [<bound method Log._new_packet_cb of <cflib.crazyflie.log.Log object at 0x00000253B34D9D08>>]
2021-03-19 15:50:05,318 [DEBUG]: Adding callback on port [0] to [<bound method Console.incoming of <cflib.crazyflie.console.Console object at 0x00000253B34D9DC8>>]
2021-03-19 15:50:05,318 [DEBUG]: Adding callback on port [2] to [<bound method _ParamUpdater._new_packet_cb of <_ParamUpdater(Thread-2, initial daemon)>>]
2021-03-19 15:50:05,319 [DEBUG]: Adding callback on port [4] to [<bound method Memory._new_packet_cb of <cflib.crazyflie.mem.Memory object at 0x00000253B34E9188>>]
2021-03-19 15:50:05,319 [DEBUG]: Adding callback on port [13] to [<bound method PlatformService._platform_callback of <cflib.crazyflie.platformservice.PlatformService object at 0x00000253B34E92C8>>]
2021-03-19 15:50:05,319 [DEBUG]: Adding callback on port [15] to [<bound method PlatformService._crt_service_callback of <cflib.crazyflie.platformservice.PlatformService object at 0x00000253B34E92C8>>]
2021-03-19 15:50:05,319 [INFO]: Crazyflie has the following segments: ['Crazyflie']
2021-03-19 15:50:05,319 [INFO]: Crazyflie has root: Crazyflie
2021-03-19 15:50:05,319 [DEBUG]: ===Checking functions without flying===
2021-03-19 15:50:05,319 [DEBUG]: Fetched! Pulled frame number: 1951835
2021-03-19 15:50:05,320 [DEBUG]: Drone rotation matrix from Vicon: (((0.9981516621493282, 0.028258816537669356, -0.05380240363054178), (-0.030844807475767986, 0.9983778387414066, -0.04785696356665962), (0.052362746302272924, 0.04942803251119878, 0.9974041369483865)), False)
2021-03-19 15:50:05,320 [DEBUG]: Drone Euler XYZ from Vicon as given: [ 0.04794475 -0.05382839 -0.02830358]
2021-03-19 15:50:05,320 [DEBUG]: Drone position from global origin: (-174.4673202990424, -320.08073794926446, 42.32945911123396)
2021-03-19 15:50:05,323 [DEBUG]: Fetched! Pulled frame number: 1951836
2021-03-19 15:50:05,323 [DEBUG]: Drone rotation matrix from Vicon: (((0.9981529189545506, 0.028240665791952044, -0.05378861569270469), (-0.030836952105729495, 0.9983680283316521, -0.048066229205112214), (0.05234341188095359, 0.049636123950170676, 0.9973948177285984)), False)
2021-03-19 15:50:05,324 [DEBUG]: Drone Euler XYZ from Vicon as given: [ 0.04815452 -0.05381459 -0.02828538]
2021-03-19 15:50:05,324 [DEBUG]: Drone position from global origin: (-174.46940235041006, -320.0835814220395, 42.325312378323446)
2021-03-19 15:50:05,335 [DEBUG]: Fetched! Pulled frame number: 1951837
2021-03-19 15:50:05,335 [DEBUG]: Drone rotation matrix from Vicon: (((0.9981591773328558, 0.028283412392369634, -0.05364983960497685), (-0.030874500364802705, 0.9983653033524267, -0.048098714008180984), (0.05220174262819574, 0.049666584797629684, 0.9974007260981513)), False)
2021-03-19 15:50:05,335 [DEBUG]: Drone Euler XYZ from Vicon as given: [ 0.04818673 -0.05367561 -0.02832799]
2021-03-19 15:50:05,335 [DEBUG]: Drone position from global origin: (-174.46925907008156, -320.0824668772534, 42.31873860599907)
2021-03-19 15:50:05,345 [DEBUG]: Fetched! Pulled frame number: 1951838
2021-03-19 15:50:05,345 [DEBUG]: Drone rotation matrix from Vicon: (((0.9981495398994026, 0.028168407377171887, -0.053889116010978996), (-0.030764684949909134, 0.9983748269353215, -0.04797123202294901), (0.052450263665151375, 0.049540344848420896, 0.9973939663311362)), False)
2021-03-19 15:50:05,345 [DEBUG]: Drone Euler XYZ from Vicon as given: [ 0.04805954 -0.05391523 -0.02821314]
2021-03-19 15:50:05,345 [DEBUG]: Drone position from global origin: (-174.46489088434743, -320.0834965170334, 42.319896963860245)
2021-03-19 15:50:05,354 [DEBUG]: Fetched! Pulled frame number: 1951839
2021-03-19 15:50:05,354 [DEBUG]: Drone rotation matrix from Vicon: (((0.9981535002375623, 0.028263372314253347, -0.05376589763901097), (-0.03086007685136482, 0.998365896096766, -0.048095666827994404), (0.05231869283755631, 0.04966607792374471, 0.997394623548494)), False)
2021-03-19 15:50:05,355 [DEBUG]: Drone Euler XYZ from Vicon as given: [ 0.04818398 -0.05379184 -0.02830809]
2021-03-19 15:50:05,355 [DEBUG]: Drone position from global origin: (-174.46552281769124, -320.08310589187215, 42.316944257286195)
2021-03-19 15:50:05,364 [DEBUG]: Fetched! Pulled frame number: 1951840
2021-03-19 15:50:05,365 [DEBUG]: Drone rotation matrix from Vicon: (((0.9981591404599852, 0.02827371937500728, -0.05365563445610145), (-0.030858597783816496, 0.9983717661586115, -0.0479746128713049), (0.05221184979485096, 0.04954203599003856, 0.9974063913024428)), False)
2021-03-19 15:50:05,365 [DEBUG]: Drone Euler XYZ from Vicon as given: [ 0.04806232 -0.05368141 -0.02831829]
2021-03-19 15:50:05,365 [DEBUG]: Drone position from global origin: (-174.45725783004798, -320.08484798756683, 42.315440039307916)
2021-03-19 15:50:05,374 [DEBUG]: Fetched! Pulled frame number: 1951841
2021-03-19 15:50:05,375 [DEBUG]: Drone rotation matrix from Vicon: (((0.9981652160406039, 0.02823476285043591, -0.05356304372787269), (-0.030818559031767428, 0.9983697584288643, -0.0480420844041611), (0.052119266167318816, 0.049604673383369, 0.9974081203162071)), False)
2021-03-19 15:50:05,375 [DEBUG]: Drone Euler XYZ from Vicon as given: [ 0.04812973 -0.05358869 -0.02827912]
2021-03-19 15:50:05,375 [DEBUG]: Drone position from global origin: (-174.4593461427362, -320.0849632012314, 42.31746099447662)
2021-03-19 15:50:05,384 [DEBUG]: Fetched! Pulled frame number: 1951842
2021-03-19 15:50:05,385 [DEBUG]: Drone rotation matrix from Vicon: (((0.9981482745347039, 0.028199495717063768, -0.05389629379369859), (-0.030799467489928005, 0.9983707096090041, -0.048034560445063816), (0.052453930698568615, 0.049605590774800014, 0.9973905305937855)), False)
2021-03-19 15:50:05,385 [DEBUG]: Drone Euler XYZ from Vicon as given: [ 0.04812305 -0.05392242 -0.0282443 ]
2021-03-19 15:50:05,385 [DEBUG]: Drone position from global origin: (-174.46152637299107, -320.08136528539853, 42.32145337209347)
2021-03-19 15:50:05,395 [DEBUG]: Fetched! Pulled frame number: 1951843
2021-03-19 15:50:05,395 [DEBUG]: Drone rotation matrix from Vicon: (((0.998163915406155, 0.028074709993553583, -0.053671301827253), (-0.030670184097404775, 0.9983685072748202, -0.04816288497669746), (0.05223157846059726, 0.04972056255338583, 0.9973964747636165)), False)
2021-03-19 15:50:05,395 [DEBUG]: Drone Euler XYZ from Vicon as given: [ 0.04825113 -0.0536971  -0.02811894]
2021-03-19 15:50:05,395 [DEBUG]: Drone position from global origin: (-174.46043578660272, -320.0839404603546, 42.3196785691693)
2021-03-19 15:50:05,404 [DEBUG]: Fetched! Pulled frame number: 1951844
2021-03-19 15:50:05,404 [DEBUG]: Drone rotation matrix from Vicon: (((0.9981547320737759, 0.028135619421119955, -0.05381001541087461), (-0.030739880406654648, 0.9983646566081098, -0.04819825918387043), (0.05236592968059705, 0.04976343392050913, 0.9973872919047675)), False)
2021-03-19 15:50:05,404 [DEBUG]: Drone Euler XYZ from Vicon as given: [ 0.04828695 -0.05383602 -0.02818017]
2021-03-19 15:50:05,404 [DEBUG]: Drone position from global origin: (-174.45993940429304, -320.08664060535074, 42.324575498740586)
2021-03-19 15:50:05,404 [DEBUG]: ===============Offline check done=================
2021-03-19 15:50:05,405 [DEBUG]: Adding callback on port [6] to [<bound method Localization._incoming of <cflib.crazyflie.localization.Localization object at 0x00000253B34E9308>>]
2021-03-19 15:50:05,405 [DEBUG]: Adding callback on port [5] to [<bound method Log._new_packet_cb of <cflib.crazyflie.log.Log object at 0x00000253B34E9488>>]
2021-03-19 15:50:05,405 [DEBUG]: Adding callback on port [0] to [<bound method Console.incoming of <cflib.crazyflie.console.Console object at 0x00000253B34E9908>>]
2021-03-19 15:50:05,405 [DEBUG]: Adding callback on port [2] to [<bound method _ParamUpdater._new_packet_cb of <_ParamUpdater(Thread-4, initial daemon)>>]
2021-03-19 15:50:05,405 [DEBUG]: Adding callback on port [4] to [<bound method Memory._new_packet_cb of <cflib.crazyflie.mem.Memory object at 0x00000253B34E9D08>>]
2021-03-19 15:50:05,406 [DEBUG]: Adding callback on port [13] to [<bound method PlatformService._platform_callback of <cflib.crazyflie.platformservice.PlatformService object at 0x00000253B34E9E48>>]
2021-03-19 15:50:05,406 [DEBUG]: Adding callback on port [15] to [<bound method PlatformService._crt_service_callback of <cflib.crazyflie.platformservice.PlatformService object at 0x00000253B34E9E48>>]
2021-03-19 15:50:05,406 [INFO]: Callback->Connection initialized[radio://0/80/2M]
2021-03-19 15:50:05,410 [INFO]: We are connected[radio://0/80/2M], request connection setup
2021-03-19 15:50:05,411 [INFO]: Callback->Connected to [radio://0/80/2M]
2021-03-19 15:50:05,412 [WARNING]: Error no LogEntry to handle id=1
2021-03-19 15:50:05,413 [WARNING]: Error no LogEntry to handle id=1
2021-03-19 15:50:05,437 [INFO]: Protocol  version: 4
2021-03-19 15:50:05,440 [DEBUG]: Logging reset, continue with TOC download
2021-03-19 15:50:05,440 [DEBUG]: [5]: Using V2 protocol: 1
2021-03-19 15:50:05,440 [DEBUG]: [5]: Start fetching...
2021-03-19 15:50:05,440 [DEBUG]: Adding callback on port [5] to [<bound method TocFetcher._new_packet_cb of <cflib.crazyflie.toc.TocFetcher object at 0x00000253B3503048>>]
2021-03-19 15:50:05,444 [DEBUG]: [5]: Got TOC CRC, 317 items and crc=0x05C5AF70
2021-03-19 15:50:05,447 [INFO]: TOC for port [5] found in cache
2021-03-19 15:50:05,447 [DEBUG]: Removing callback on port [5] to [<bound method TocFetcher._new_packet_cb of <cflib.crazyflie.toc.TocFetcher object at 0x00000253B3503048>>]
2021-03-19 15:50:05,447 [DEBUG]: [5]: Done!
2021-03-19 15:50:05,447 [INFO]: Log TOC finished updating
2021-03-19 15:50:05,447 [DEBUG]: Requesting number of memories
2021-03-19 15:50:05,458 [INFO]: 9 memories found
2021-03-19 15:50:05,458 [DEBUG]: Requesting first id
2021-03-19 15:50:05,462 [DEBUG]: Requesting information about memory 1
2021-03-19 15:50:05,466 [DEBUG]: Memory: id=1, type=LED driver, size=24
2021-03-19 15:50:05,466 [DEBUG]: Requesting information about memory 2
2021-03-19 15:50:05,470 [DEBUG]: Memory: id=2, type=Loco Positioning, size=6144
2021-03-19 15:50:05,470 [DEBUG]: Requesting information about memory 3
2021-03-19 15:50:05,475 [DEBUG]: Memory: id=3, type=Trajectory, size=4096
2021-03-19 15:50:05,475 [DEBUG]: Requesting information about memory 4
2021-03-19 15:50:05,479 [DEBUG]: Memory: id=4, type=Loco Positioning 2, size=69632
2021-03-19 15:50:05,479 [DEBUG]: Requesting information about memory 5
2021-03-19 15:50:05,483 [DEBUG]: Memory: id=5, type=Lighthouse positioning, size=96
2021-03-19 15:50:05,483 [DEBUG]: Requesting information about memory 6
2021-03-19 15:50:05,487 [DEBUG]: Memory: id=6, type=Memory tester, size=4096
2021-03-19 15:50:05,488 [DEBUG]: Requesting information about memory 7
2021-03-19 15:50:05,492 [DEBUG]: Memory: id=7, type=Unknown, size=0
2021-03-19 15:50:05,492 [DEBUG]: Requesting information about memory 8
2021-03-19 15:50:05,496 [DEBUG]: Done getting all the memories, start reading the OWs
2021-03-19 15:50:05,496 [DEBUG]: Updating content of memory 8
2021-03-19 15:50:05,497 [DEBUG]: Requesting new chunk of 11bytes at 0x0
2021-03-19 15:50:05,502 [DEBUG]: READ: Mem=8, addr=0x0, status=0x0, data=(235, 12, 0, 0, 0, 188, 15, 205, 0, 12, 1)
2021-03-19 15:50:05,502 [DEBUG]: READING: We are still interested in request for mem 8
2021-03-19 15:50:05,502 [DEBUG]: Requesting new chunk of 15bytes at 0x8
2021-03-19 15:50:05,508 [DEBUG]: READ: Mem=8, addr=0x8, status=0x0, data=(0, 12, 1, 7, 98, 99, 70, 108, 111, 119, 50, 2, 1, 65, 84)
2021-03-19 15:50:05,508 [DEBUG]: READING: We are still interested in request for mem 8
2021-03-19 15:50:05,508 [DEBUG]: OW 0DD9203F00000040 (BC:0F): {'Board name': 'bcFlow2', 'Board revision': 'A'}
2021-03-19 15:50:05,508 [INFO]: Memories finished updating
2021-03-19 15:50:05,508 [DEBUG]: [2]: Using V2 protocol: 1
2021-03-19 15:50:05,508 [DEBUG]: [2]: Start fetching...
2021-03-19 15:50:05,508 [DEBUG]: Adding callback on port [2] to [<bound method TocFetcher._new_packet_cb of <cflib.crazyflie.toc.TocFetcher object at 0x00000253B3538108>>]
2021-03-19 15:50:05,512 [DEBUG]: [2]: Got TOC CRC, 164 items and crc=0x1042AFA8
2021-03-19 15:50:05,514 [INFO]: TOC for port [2] found in cache
2021-03-19 15:50:05,514 [DEBUG]: Removing callback on port [2] to [<bound method TocFetcher._new_packet_cb of <cflib.crazyflie.toc.TocFetcher object at 0x00000253B3538108>>]
2021-03-19 15:50:05,514 [DEBUG]: [2]: Done!
2021-03-19 15:50:05,514 [INFO]: Param TOC finished updating
2021-03-19 15:50:05,514 [INFO]: Callback->Connection setup finished [radio://0/80/2M]
2021-03-19 15:50:05,514 [DEBUG]: Requesting request to update param [6]
2021-03-19 15:50:05,514 [DEBUG]: Adding stateEstimate.x with id=121 and type=0x77
2021-03-19 15:50:05,514 [DEBUG]: Requesting request to update param [1]
2021-03-19 15:50:05,515 [DEBUG]: Adding stateEstimate.y with id=122 and type=0x77
2021-03-19 15:50:05,515 [DEBUG]: Requesting request to update param [2]
2021-03-19 15:50:05,515 [DEBUG]: Adding stateEstimate.z with id=123 and type=0x77
2021-03-19 15:50:05,515 [DEBUG]: Requesting request to update param [3]
2021-03-19 15:50:05,515 [DEBUG]: Adding stabilizer.roll with id=117 and type=0x77
2021-03-19 15:50:05,515 [DEBUG]: Requesting request to update param [4]
2021-03-19 15:50:05,515 [DEBUG]: Adding stabilizer.pitch with id=118 and type=0x77
2021-03-19 15:50:05,515 [DEBUG]: Requesting request to update param [5]
2021-03-19 15:50:05,515 [DEBUG]: Adding stabilizer.yaw with id=119 and type=0x77
2021-03-19 15:50:05,516 [DEBUG]: Requesting request to update param [7]
2021-03-19 15:50:05,516 [DEBUG]: Adding log block id 1
2021-03-19 15:50:05,516 [DEBUG]: Requesting request to update param [8]
2021-03-19 15:50:05,516 [DEBUG]: First time block is started, add block
2021-03-19 15:50:05,516 [DEBUG]: Requesting request to update param [9]
2021-03-19 15:50:05,516 [DEBUG]: Adding log block id 2
2021-03-19 15:50:05,516 [DEBUG]: Requesting request to update param [10]
2021-03-19 15:50:05,516 [DEBUG]: First time block is started, add block
2021-03-19 15:50:05,516 [DEBUG]: Requesting request to update param [11]
2021-03-19 15:50:05,516 [DEBUG]: Requesting request to update param [16]
2021-03-19 15:50:05,517 [DEBUG]: Requesting request to update param [12]
2021-03-19 15:50:05,517 [DEBUG]: Requesting request to update param [13]
2021-03-19 15:50:05,517 [DEBUG]: Requesting request to update param [14]
2021-03-19 15:50:05,517 [DEBUG]: Requesting request to update param [15]
2021-03-19 15:50:05,517 [DEBUG]: Requesting request to update param [17]
2021-03-19 15:50:05,517 [DEBUG]: Requesting request to update param [18]
2021-03-19 15:50:05,517 [DEBUG]: Requesting request to update param [19]
2021-03-19 15:50:05,517 [DEBUG]: Requesting request to update param [20]
2021-03-19 15:50:05,517 [DEBUG]: Requesting request to update param [21]
2021-03-19 15:50:05,517 [DEBUG]: Requesting request to update param [22]
2021-03-19 15:50:05,517 [DEBUG]: Requesting request to update param [23]
2021-03-19 15:50:05,517 [DEBUG]: Requesting request to update param [24]
2021-03-19 15:50:05,517 [DEBUG]: Requesting request to update param [25]
2021-03-19 15:50:05,517 [DEBUG]: Requesting request to update param [26]
2021-03-19 15:50:05,517 [DEBUG]: Requesting request to update param [27]
2021-03-19 15:50:05,517 [DEBUG]: Requesting request to update param [28]
2021-03-19 15:50:05,517 [DEBUG]: Requesting request to update param [29]
2021-03-19 15:50:05,518 [DEBUG]: Requesting request to update param [30]
2021-03-19 15:50:05,518 [DEBUG]: Requesting request to update param [31]
2021-03-19 15:50:05,518 [DEBUG]: Requesting request to update param [32]
2021-03-19 15:50:05,518 [DEBUG]: Requesting request to update param [33]
2021-03-19 15:50:05,518 [DEBUG]: Requesting request to update param [34]
2021-03-19 15:50:05,518 [DEBUG]: Requesting request to update param [35]
2021-03-19 15:50:05,518 [DEBUG]: Requesting request to update param [36]
2021-03-19 15:50:05,518 [DEBUG]: Requesting request to update param [37]
2021-03-19 15:50:05,518 [DEBUG]: Requesting request to update param [38]
2021-03-19 15:50:05,518 [DEBUG]: Requesting request to update param [39]
2021-03-19 15:50:05,518 [DEBUG]: Requesting request to update param [40]
2021-03-19 15:50:05,518 [DEBUG]: Requesting request to update param [41]
2021-03-19 15:50:05,518 [DEBUG]: Requesting request to update param [42]
2021-03-19 15:50:05,518 [DEBUG]: Requesting request to update param [43]
2021-03-19 15:50:05,518 [DEBUG]: Requesting request to update param [44]
2021-03-19 15:50:05,518 [DEBUG]: Requesting request to update param [45]
2021-03-19 15:50:05,519 [DEBUG]: Requesting request to update param [46]
2021-03-19 15:50:05,519 [DEBUG]: Requesting request to update param [47]
2021-03-19 15:50:05,519 [DEBUG]: Requesting request to update param [48]
2021-03-19 15:50:05,519 [DEBUG]: Requesting request to update param [49]
2021-03-19 15:50:05,519 [DEBUG]: Requesting request to update param [50]
2021-03-19 15:50:05,519 [DEBUG]: Requesting request to update param [51]
2021-03-19 15:50:05,519 [DEBUG]: Requesting request to update param [52]
2021-03-19 15:50:05,519 [DEBUG]: Requesting request to update param [53]
2021-03-19 15:50:05,519 [DEBUG]: Requesting request to update param [54]
2021-03-19 15:50:05,519 [DEBUG]: Requesting request to update param [55]
2021-03-19 15:50:05,519 [DEBUG]: Requesting request to update param [56]
2021-03-19 15:50:05,519 [DEBUG]: Requesting request to update param [57]
2021-03-19 15:50:05,519 [DEBUG]: Requesting request to update param [58]
2021-03-19 15:50:05,519 [DEBUG]: Requesting request to update param [59]
2021-03-19 15:50:05,519 [DEBUG]: Requesting request to update param [60]
2021-03-19 15:50:05,520 [DEBUG]: Requesting request to update param [61]
2021-03-19 15:50:05,520 [DEBUG]: Requesting request to update param [62]
2021-03-19 15:50:05,520 [DEBUG]: Requesting request to update param [63]
2021-03-19 15:50:05,520 [DEBUG]: Requesting request to update param [64]
2021-03-19 15:50:05,520 [DEBUG]: Requesting request to update param [65]
2021-03-19 15:50:05,520 [DEBUG]: Requesting request to update param [66]
2021-03-19 15:50:05,520 [DEBUG]: Requesting request to update param [67]
2021-03-19 15:50:05,520 [DEBUG]: Requesting request to update param [68]
2021-03-19 15:50:05,520 [DEBUG]: Requesting request to update param [69]
2021-03-19 15:50:05,520 [DEBUG]: Requesting request to update param [70]
2021-03-19 15:50:05,520 [DEBUG]: Requesting request to update param [71]
2021-03-19 15:50:05,520 [DEBUG]: Requesting request to update param [72]
2021-03-19 15:50:05,520 [DEBUG]: Requesting request to update param [73]
2021-03-19 15:50:05,520 [DEBUG]: Requesting request to update param [74]
2021-03-19 15:50:05,521 [DEBUG]: Requesting request to update param [75]
2021-03-19 15:50:05,521 [DEBUG]: Requesting request to update param [76]
2021-03-19 15:50:05,521 [DEBUG]: Requesting request to update param [77]
2021-03-19 15:50:05,521 [DEBUG]: Requesting request to update param [78]
2021-03-19 15:50:05,521 [DEBUG]: Requesting request to update param [79]
2021-03-19 15:50:05,521 [DEBUG]: Requesting request to update param [80]
2021-03-19 15:50:05,521 [DEBUG]: Requesting request to update param [81]
2021-03-19 15:50:05,521 [DEBUG]: Requesting request to update param [82]
2021-03-19 15:50:05,521 [DEBUG]: Requesting request to update param [83]
2021-03-19 15:50:05,521 [DEBUG]: Requesting request to update param [84]
2021-03-19 15:50:05,521 [DEBUG]: Requesting request to update param [85]
2021-03-19 15:50:05,521 [DEBUG]: Requesting request to update param [86]
2021-03-19 15:50:05,521 [DEBUG]: Requesting request to update param [87]
2021-03-19 15:50:05,522 [DEBUG]: Requesting request to update param [88]
2021-03-19 15:50:05,522 [DEBUG]: Requesting request to update param [89]
2021-03-19 15:50:05,522 [DEBUG]: Requesting request to update param [90]
2021-03-19 15:50:05,522 [DEBUG]: Requesting request to update param [91]
2021-03-19 15:50:05,522 [DEBUG]: Requesting request to update param [92]
2021-03-19 15:50:05,522 [DEBUG]: Requesting request to update param [93]
2021-03-19 15:50:05,522 [DEBUG]: Requesting request to update param [94]
2021-03-19 15:50:05,522 [DEBUG]: Requesting request to update param [95]
2021-03-19 15:50:05,522 [DEBUG]: Requesting request to update param [96]
2021-03-19 15:50:05,522 [DEBUG]: Requesting request to update param [97]
2021-03-19 15:50:05,522 [DEBUG]: Requesting request to update param [98]
2021-03-19 15:50:05,522 [DEBUG]: Requesting request to update param [99]
2021-03-19 15:50:05,522 [DEBUG]: Requesting request to update param [100]
2021-03-19 15:50:05,522 [DEBUG]: Requesting request to update param [101]
2021-03-19 15:50:05,523 [DEBUG]: Requesting request to update param [102]
2021-03-19 15:50:05,523 [DEBUG]: Requesting request to update param [103]
2021-03-19 15:50:05,523 [DEBUG]: Requesting request to update param [104]
2021-03-19 15:50:05,523 [DEBUG]: Requesting request to update param [105]
2021-03-19 15:50:05,523 [DEBUG]: Requesting request to update param [106]
2021-03-19 15:50:05,523 [DEBUG]: Requesting request to update param [107]
2021-03-19 15:50:05,523 [DEBUG]: Requesting request to update param [108]
2021-03-19 15:50:05,523 [DEBUG]: Requesting request to update param [109]
2021-03-19 15:50:05,523 [DEBUG]: Requesting request to update param [110]
2021-03-19 15:50:05,523 [DEBUG]: Requesting request to update param [111]
2021-03-19 15:50:05,523 [DEBUG]: Requesting request to update param [112]
2021-03-19 15:50:05,523 [DEBUG]: Requesting request to update param [113]
2021-03-19 15:50:05,524 [DEBUG]: Requesting request to update param [114]
2021-03-19 15:50:05,524 [DEBUG]: Requesting request to update param [115]
2021-03-19 15:50:05,524 [DEBUG]: Requesting request to update param [116]
2021-03-19 15:50:05,524 [DEBUG]: Requesting request to update param [117]
2021-03-19 15:50:05,524 [DEBUG]: Requesting request to update param [118]
2021-03-19 15:50:05,524 [DEBUG]: Requesting request to update param [119]
2021-03-19 15:50:05,524 [DEBUG]: Requesting request to update param [120]
2021-03-19 15:50:05,524 [DEBUG]: Requesting request to update param [121]
2021-03-19 15:50:05,524 [DEBUG]: Requesting request to update param [122]
2021-03-19 15:50:05,524 [DEBUG]: Requesting request to update param [123]
2021-03-19 15:50:05,525 [DEBUG]: Requesting request to update param [124]
2021-03-19 15:50:05,525 [DEBUG]: Requesting request to update param [125]
2021-03-19 15:50:05,525 [DEBUG]: Requesting request to update param [126]
2021-03-19 15:50:05,525 [DEBUG]: Requesting request to update param [127]
2021-03-19 15:50:05,525 [DEBUG]: Requesting request to update param [128]
2021-03-19 15:50:05,525 [DEBUG]: Requesting request to update param [140]
2021-03-19 15:50:05,525 [DEBUG]: Requesting request to update param [141]
2021-03-19 15:50:05,525 [DEBUG]: Requesting request to update param [142]
2021-03-19 15:50:05,525 [DEBUG]: Requesting request to update param [143]
2021-03-19 15:50:05,525 [DEBUG]: Requesting request to update param [145]
2021-03-19 15:50:05,525 [DEBUG]: Requesting request to update param [146]
2021-03-19 15:50:05,525 [DEBUG]: Requesting request to update param [147]
2021-03-19 15:50:05,525 [DEBUG]: Requesting request to update param [151]
2021-03-19 15:50:05,526 [DEBUG]: Requesting request to update param [152]
2021-03-19 15:50:05,526 [DEBUG]: Requesting request to update param [154]
2021-03-19 15:50:05,526 [DEBUG]: Requesting request to update param [155]
2021-03-19 15:50:05,526 [DEBUG]: Requesting request to update param [156]
2021-03-19 15:50:05,526 [DEBUG]: Requesting request to update param [129]
2021-03-19 15:50:05,526 [DEBUG]: Requesting request to update param [130]
2021-03-19 15:50:05,526 [DEBUG]: Requesting request to update param [131]
2021-03-19 15:50:05,526 [DEBUG]: Requesting request to update param [132]
2021-03-19 15:50:05,526 [DEBUG]: Requesting request to update param [133]
2021-03-19 15:50:05,526 [DEBUG]: Requesting request to update param [134]
2021-03-19 15:50:05,526 [DEBUG]: Requesting request to update param [135]
2021-03-19 15:50:05,526 [DEBUG]: Requesting request to update param [136]
2021-03-19 15:50:05,526 [DEBUG]: Requesting request to update param [137]
2021-03-19 15:50:05,526 [DEBUG]: Requesting request to update param [138]
2021-03-19 15:50:05,527 [DEBUG]: Requesting request to update param [139]
2021-03-19 15:50:05,527 [DEBUG]: Requesting request to update param [144]
2021-03-19 15:50:05,527 [DEBUG]: Requesting request to update param [148]
2021-03-19 15:50:05,527 [DEBUG]: Requesting request to update param [149]
2021-03-19 15:50:05,527 [DEBUG]: Requesting request to update param [150]
2021-03-19 15:50:05,527 [DEBUG]: Requesting request to update param [153]
2021-03-19 15:50:05,527 [DEBUG]: Requesting request to update param [157]
2021-03-19 15:50:05,527 [DEBUG]: Requesting request to update param [158]
2021-03-19 15:50:05,527 [DEBUG]: Requesting request to update param [159]
2021-03-19 15:50:05,527 [DEBUG]: Requesting request to update param [160]
2021-03-19 15:50:05,528 [DEBUG]: Requesting request to update param [161]
2021-03-19 15:50:05,528 [DEBUG]: Requesting request to update param [162]
2021-03-19 15:50:05,528 [DEBUG]: Requesting request to update param [163]
2021-03-19 15:50:05,528 [DEBUG]: Updated parameter [imu_sensors.BMP388]
2021-03-19 15:50:05,528 [DEBUG]: Have successfully added id=1
2021-03-19 15:50:05,528 [DEBUG]: Have successfully added id=2
2021-03-19 15:50:05,531 [INFO]: Have successfully started logging for id=1
2021-03-19 15:50:05,532 [DEBUG]: Updated parameter [imu_sensors.HMC5883L]
2021-03-19 15:50:05,533 [INFO]: Have successfully started logging for id=2
2021-03-19 15:50:05,535 [DEBUG]: Updated parameter [imu_sensors.MS5611]
2021-03-19 15:50:05,539 [DEBUG]: Updated parameter [imu_tests.MPU6500]
2021-03-19 15:50:05,542 [DEBUG]: Updated parameter [imu_tests.HMC5883L]
2021-03-19 15:50:05,546 [DEBUG]: Updated parameter [imu_tests.MS5611]
2021-03-19 15:50:05,549 [DEBUG]: Updated parameter [cpu.flash]
2021-03-19 15:50:05,553 [DEBUG]: Updated parameter [cpu.id0]
2021-03-19 15:50:05,556 [DEBUG]: Updated parameter [cpu.id1]
2021-03-19 15:50:05,559 [DEBUG]: Updated parameter [cpu.id2]
2021-03-19 15:50:05,563 [DEBUG]: Updated parameter [kalman.resetEstimation]
2021-03-19 15:50:05,566 [DEBUG]: Updated parameter [system.selftestPassed]
2021-03-19 15:50:05,569 [DEBUG]: Updated parameter [system.taskDump]
2021-03-19 15:50:05,573 [DEBUG]: Updated parameter [sound.effect]
2021-03-19 15:50:05,577 [DEBUG]: Updated parameter [sound.neffect]
2021-03-19 15:50:05,580 [DEBUG]: Updated parameter [sound.freq]
2021-03-19 15:50:05,592 [DEBUG]: Updated parameter [sound.ratio]
2021-03-19 15:50:05,595 [DEBUG]: Updated parameter [memTst.resetW]
2021-03-19 15:50:05,599 [DEBUG]: Updated parameter [commander.enHighLevel]
2021-03-19 15:50:05,603 [DEBUG]: Updated parameter [flightmode.althold]
2021-03-19 15:50:05,606 [DEBUG]: Updated parameter [flightmode.poshold]
2021-03-19 15:50:05,609 [DEBUG]: Updated parameter [flightmode.posSet]
2021-03-19 15:50:05,612 [DEBUG]: Updated parameter [flightmode.yawMode]
2021-03-19 15:50:05,615 [DEBUG]: Updated parameter [flightmode.yawRst]
2021-03-19 15:50:05,618 [DEBUG]: Updated parameter [flightmode.stabModeRoll]
2021-03-19 15:50:05,621 [DEBUG]: Updated parameter [flightmode.stabModePitch]
2021-03-19 15:50:05,624 [DEBUG]: Updated parameter [flightmode.stabModeYaw]
2021-03-19 15:50:05,628 [DEBUG]: Updated parameter [cmdrCPPM.rateRoll]
2021-03-19 15:50:05,632 [DEBUG]: Updated parameter [cmdrCPPM.ratePitch]
2021-03-19 15:50:05,635 [DEBUG]: Updated parameter [cmdrCPPM.rateYaw]
2021-03-19 15:50:05,639 [DEBUG]: Updated parameter [cmdrCPPM.angRoll]
2021-03-19 15:50:05,643 [DEBUG]: Updated parameter [cmdrCPPM.angPitch]
2021-03-19 15:50:05,646 [DEBUG]: Updated parameter [locSrv.enRangeStreamFP32]
2021-03-19 15:50:05,649 [DEBUG]: Updated parameter [locSrv.extPosStdDev]
2021-03-19 15:50:05,653 [DEBUG]: Updated parameter [locSrv.extQuatStdDev]
2021-03-19 15:50:05,656 [DEBUG]: Updated parameter [pid_attitude.roll_kp]
2021-03-19 15:50:05,659 [DEBUG]: Updated parameter [pid_attitude.roll_ki]
2021-03-19 15:50:05,663 [DEBUG]: Updated parameter [pid_attitude.roll_kd]
2021-03-19 15:50:05,666 [DEBUG]: Updated parameter [pid_attitude.pitch_kp]
2021-03-19 15:50:05,669 [DEBUG]: Updated parameter [pid_attitude.pitch_ki]
2021-03-19 15:50:05,673 [DEBUG]: Updated parameter [pid_attitude.pitch_kd]
2021-03-19 15:50:05,677 [DEBUG]: Updated parameter [pid_attitude.yaw_kp]
2021-03-19 15:50:05,680 [DEBUG]: Updated parameter [pid_attitude.yaw_ki]
2021-03-19 15:50:05,684 [DEBUG]: Updated parameter [pid_attitude.yaw_kd]
2021-03-19 15:50:05,687 [DEBUG]: Updated parameter [pid_rate.roll_kp]
2021-03-19 15:50:05,690 [DEBUG]: Updated parameter [pid_rate.roll_ki]
2021-03-19 15:50:05,695 [DEBUG]: Updated parameter [pid_rate.roll_kd]
2021-03-19 15:50:05,698 [DEBUG]: Updated parameter [pid_rate.pitch_kp]
2021-03-19 15:50:05,702 [DEBUG]: Updated parameter [pid_rate.pitch_ki]
2021-03-19 15:50:05,705 [DEBUG]: Updated parameter [pid_rate.pitch_kd]
2021-03-19 15:50:05,708 [DEBUG]: Updated parameter [pid_rate.yaw_kp]
2021-03-19 15:50:05,720 [DEBUG]: Updated parameter [pid_rate.yaw_ki]
2021-03-19 15:50:05,723 [DEBUG]: Updated parameter [pid_rate.yaw_kd]
2021-03-19 15:50:05,727 [DEBUG]: Updated parameter [sensfusion6.kp]
2021-03-19 15:50:05,730 [DEBUG]: Updated parameter [sensfusion6.ki]
2021-03-19 15:50:05,734 [DEBUG]: Updated parameter [sensfusion6.baseZacc]
2021-03-19 15:50:05,737 [DEBUG]: Updated parameter [health.startPropTest]
2021-03-19 15:50:05,740 [DEBUG]: Updated parameter [stabilizer.estimator]
2021-03-19 15:50:05,743 [DEBUG]: Updated parameter [stabilizer.controller]
2021-03-19 15:50:05,747 [DEBUG]: Updated parameter [posEstAlt.estAlphaAsl]
2021-03-19 15:50:05,751 [DEBUG]: Updated parameter [posEstAlt.estAlphaZr]
2021-03-19 15:50:05,754 [DEBUG]: Updated parameter [posEstAlt.velFactor]
2021-03-19 15:50:05,757 [DEBUG]: Updated parameter [posEstAlt.velZAlpha]
2021-03-19 15:50:05,761 [DEBUG]: Updated parameter [posEstAlt.vAccDeadband]
2021-03-19 15:50:05,764 [DEBUG]: Updated parameter [posCtlPid.xKp]
2021-03-19 15:50:05,767 [DEBUG]: Updated parameter [posCtlPid.xKi]
2021-03-19 15:50:05,770 [DEBUG]: Updated parameter [posCtlPid.xKd]
2021-03-19 15:50:05,773 [DEBUG]: Updated parameter [posCtlPid.yKp]
2021-03-19 15:50:05,777 [DEBUG]: Updated parameter [posCtlPid.yKi]
2021-03-19 15:50:05,781 [DEBUG]: Updated parameter [posCtlPid.yKd]
2021-03-19 15:50:05,784 [DEBUG]: Updated parameter [posCtlPid.zKp]
2021-03-19 15:50:05,787 [DEBUG]: Updated parameter [posCtlPid.zKi]
2021-03-19 15:50:05,791 [DEBUG]: Updated parameter [posCtlPid.zKd]
2021-03-19 15:50:05,794 [DEBUG]: Updated parameter [posCtlPid.thrustBase]
2021-03-19 15:50:05,797 [DEBUG]: Updated parameter [posCtlPid.thrustMin]
2021-03-19 15:50:05,800 [DEBUG]: Updated parameter [posCtlPid.rpLimit]
2021-03-19 15:50:05,804 [DEBUG]: Updated parameter [posCtlPid.xyVelMax]
2021-03-19 15:50:05,807 [DEBUG]: Updated parameter [posCtlPid.zVelMax]
2021-03-19 15:50:05,810 [DEBUG]: Updated parameter [velCtlPid.vxKp]
2021-03-19 15:50:05,814 [DEBUG]: Updated parameter [velCtlPid.vxKi]
2021-03-19 15:50:05,818 [DEBUG]: Updated parameter [velCtlPid.vxKd]
2021-03-19 15:50:05,821 [DEBUG]: Updated parameter [velCtlPid.vyKp]
2021-03-19 15:50:05,825 [DEBUG]: Updated parameter [velCtlPid.vyKi]
2021-03-19 15:50:05,828 [DEBUG]: Updated parameter [velCtlPid.vyKd]
2021-03-19 15:50:05,832 [DEBUG]: Updated parameter [velCtlPid.vzKp]
2021-03-19 15:50:05,836 [DEBUG]: Updated parameter [velCtlPid.vzKi]
2021-03-19 15:50:05,848 [DEBUG]: Updated parameter [velCtlPid.vzKd]
2021-03-19 15:50:05,851 [DEBUG]: Updated parameter [controller.tiltComp]
2021-03-19 15:50:05,854 [DEBUG]: Updated parameter [ctrlMel.kp_xy]
2021-03-19 15:50:05,858 [DEBUG]: Updated parameter [ctrlMel.kd_xy]
2021-03-19 15:50:05,862 [DEBUG]: Updated parameter [ctrlMel.ki_xy]
2021-03-19 15:50:05,865 [DEBUG]: Updated parameter [ctrlMel.i_range_xy]
2021-03-19 15:50:05,868 [DEBUG]: Updated parameter [ctrlMel.kp_z]
2021-03-19 15:50:05,872 [DEBUG]: Updated parameter [ctrlMel.kd_z]
2021-03-19 15:50:05,875 [DEBUG]: Updated parameter [ctrlMel.ki_z]
2021-03-19 15:50:05,879 [DEBUG]: Updated parameter [ctrlMel.i_range_z]
2021-03-19 15:50:05,883 [DEBUG]: Updated parameter [ctrlMel.mass]
2021-03-19 15:50:05,887 [DEBUG]: Updated parameter [ctrlMel.massThrust]
2021-03-19 15:50:05,890 [DEBUG]: Updated parameter [ctrlMel.kR_xy]
2021-03-19 15:50:05,894 [DEBUG]: Updated parameter [ctrlMel.kR_z]
2021-03-19 15:50:05,898 [DEBUG]: Updated parameter [ctrlMel.kw_xy]
2021-03-19 15:50:05,902 [DEBUG]: Updated parameter [ctrlMel.kw_z]
2021-03-19 15:50:05,905 [DEBUG]: Updated parameter [ctrlMel.ki_m_xy]
2021-03-19 15:50:05,909 [DEBUG]: Updated parameter [ctrlMel.ki_m_z]
2021-03-19 15:50:05,913 [DEBUG]: Updated parameter [ctrlMel.kd_omega_rp]
2021-03-19 15:50:05,916 [DEBUG]: Updated parameter [ctrlMel.i_range_m_xy]
2021-03-19 15:50:05,919 [DEBUG]: Updated parameter [ctrlMel.i_range_m_z]
2021-03-19 15:50:05,922 [DEBUG]: Updated parameter [motorPowerSet.enable]
2021-03-19 15:50:05,925 [DEBUG]: Updated parameter [motorPowerSet.m1]
2021-03-19 15:50:05,929 [DEBUG]: Updated parameter [motorPowerSet.m2]
2021-03-19 15:50:05,932 [DEBUG]: Updated parameter [motorPowerSet.m3]
2021-03-19 15:50:05,935 [DEBUG]: Updated parameter [motorPowerSet.m4]
2021-03-19 15:50:05,938 [DEBUG]: Updated parameter [kalman.resetEstimation]
2021-03-19 15:50:05,941 [DEBUG]: Updated parameter [kalman.quadIsFlying]
2021-03-19 15:50:05,944 [DEBUG]: Updated parameter [kalman.pNAcc_xy]
2021-03-19 15:50:05,948 [DEBUG]: Updated parameter [kalman.pNAcc_z]
2021-03-19 15:50:05,953 [DEBUG]: Updated parameter [kalman.pNVel]
2021-03-19 15:50:05,956 [DEBUG]: Updated parameter [kalman.pNPos]
2021-03-19 15:50:05,959 [DEBUG]: Updated parameter [kalman.pNAtt]
2021-03-19 15:50:05,962 [DEBUG]: Updated parameter [kalman.mNBaro]
2021-03-19 15:50:05,966 [DEBUG]: Updated parameter [kalman.mNGyro_rollpitch]
2021-03-19 15:50:05,979 [DEBUG]: Updated parameter [kalman.mNGyro_yaw]
2021-03-19 15:50:05,983 [DEBUG]: Updated parameter [kalman.initialX]
2021-03-19 15:50:05,986 [DEBUG]: Updated parameter [kalman.initialY]
2021-03-19 15:50:05,990 [DEBUG]: Updated parameter [kalman.initialZ]
2021-03-19 15:50:05,994 [DEBUG]: Updated parameter [kalman.initialYaw]
2021-03-19 15:50:05,997 [DEBUG]: Updated parameter [kalman.maxPos]
2021-03-19 15:50:06,001 [DEBUG]: Updated parameter [kalman.maxVel]
2021-03-19 15:50:06,004 [DEBUG]: Updated parameter [deck.bcLedRing]
2021-03-19 15:50:06,007 [DEBUG]: Updated parameter [deck.bcBuzzer]
2021-03-19 15:50:06,011 [DEBUG]: Updated parameter [deck.bcGTGPS]
2021-03-19 15:50:06,014 [DEBUG]: Updated parameter [deck.bcCPPM]
2021-03-19 15:50:06,017 [DEBUG]: Updated parameter [deck.bcUSD]
2021-03-19 15:50:06,020 [DEBUG]: Updated parameter [deck.bcZRanger]
2021-03-19 15:50:06,024 [DEBUG]: Updated parameter [deck.bcZRanger2]
2021-03-19 15:50:06,027 [DEBUG]: Updated parameter [deck.bcDWM1000]
2021-03-19 15:50:06,031 [DEBUG]: Updated parameter [deck.bcFlow]
2021-03-19 15:50:06,034 [DEBUG]: Updated parameter [deck.bcFlow2]
2021-03-19 15:50:06,037 [DEBUG]: Updated parameter [deck.bcOA]
2021-03-19 15:50:06,040 [DEBUG]: Updated parameter [deck.bcMultiranger]
2021-03-19 15:50:06,043 [DEBUG]: Updated parameter [deck.bdLighthouse4]
2021-03-19 15:50:06,046 [DEBUG]: Updated parameter [ring.effect]
2021-03-19 15:50:06,049 [DEBUG]: Updated parameter [ring.neffect]
2021-03-19 15:50:06,052 [DEBUG]: Updated parameter [ring.solidRed]
2021-03-19 15:50:06,055 [DEBUG]: Updated parameter [ring.solidGreen]
2021-03-19 15:50:06,059 [DEBUG]: Updated parameter [ring.solidBlue]
2021-03-19 15:50:06,063 [DEBUG]: Updated parameter [ring.headlightEnable]
2021-03-19 15:50:06,066 [DEBUG]: Updated parameter [ring.glowstep]
2021-03-19 15:50:06,070 [DEBUG]: Updated parameter [ring.emptyCharge]
2021-03-19 15:50:06,074 [DEBUG]: Updated parameter [ring.fullCharge]
2021-03-19 15:50:06,077 [DEBUG]: Updated parameter [ring.fadeColor]
2021-03-19 15:50:06,081 [DEBUG]: Updated parameter [ring.fadeTime]
2021-03-19 15:50:06,084 [DEBUG]: Updated parameter [usd.logging]
2021-03-19 15:50:06,087 [DEBUG]: Updated parameter [loco.mode]
2021-03-19 15:50:06,090 [DEBUG]: Updated parameter [tdoa3.logId]
2021-03-19 15:50:06,094 [DEBUG]: Updated parameter [tdoa3.logOthrId]
2021-03-19 15:50:06,106 [DEBUG]: Updated parameter [motion.disable]
2021-03-19 15:50:06,109 [DEBUG]: Updated parameter [activeMarker.front]
2021-03-19 15:50:06,113 [DEBUG]: Updated parameter [activeMarker.back]
2021-03-19 15:50:06,116 [DEBUG]: Updated parameter [activeMarker.left]
2021-03-19 15:50:06,119 [DEBUG]: Updated parameter [activeMarker.right]
2021-03-19 15:50:06,124 [DEBUG]: Updated parameter [firmware.revision0]
2021-03-19 15:50:06,127 [DEBUG]: Updated parameter [firmware.revision1]
2021-03-19 15:50:06,130 [DEBUG]: Updated parameter [firmware.modified]
2021-03-19 15:50:06,133 [DEBUG]: Updated parameter [kalman.resetEstimation]
2021-03-19 15:50:10,124 [DEBUG]: Updated parameter [kalman.resetEstimation]
2021-03-19 15:50:10,219 [INFO]: Take-off!
2021-03-19 15:50:10,220 [DEBUG]: Updated parameter [kalman.resetEstimation]
