2021-03-19 15:26:14,274 [INFO]: Connecting to the Vicon...
2021-03-19 15:26:14,275 [INFO]: Connected to Vicon!
2021-03-19 15:26:14,275 [INFO]: Enabling data types...
2021-03-19 15:26:14,275 [DEBUG]: Segments: True
2021-03-19 15:26:14,276 [DEBUG]: Markers: True
2021-03-19 15:26:14,276 [DEBUG]: Unlabeled Markers: True
2021-03-19 15:26:14,276 [DEBUG]: Marker Rays: True
2021-03-19 15:26:14,276 [DEBUG]: Devices: True
2021-03-19 15:26:14,276 [DEBUG]: Centroids: True 
2021-03-19 15:26:14,276 [INFO]: Testing stream modes...
2021-03-19 15:26:14,276 [INFO]: Getting a frame in ClientPull mode...
2021-03-19 15:26:15,276 [ERROR]: Error using ClientPull mode. --> NoFrame
2021-03-19 15:26:15,276 [INFO]: Getting a frame in PreFetch mode...
2021-03-19 15:26:16,276 [ERROR]: Error using ClientPreFetch mode. --> NoFrame
2021-03-19 15:26:16,276 [INFO]: Getting a frame in ServerPush mode...
2021-03-19 15:26:16,277 [DEBUG]: Fetched! Pulled frame number: 1808920
2021-03-19 15:26:16,278 [INFO]: ServerPush mode set.
2021-03-19 15:26:16,278 [INFO]: Getting available framerates...
2021-03-19 15:26:16,278 [INFO]: Current Vicon frame rate: 100.0 Hz.
2021-03-19 15:26:16,279 [INFO]: Available frame rates: 
2021-03-19 15:26:16,279 [INFO]: Process Rate : 99 Hz 

2021-03-19 15:26:16,279 [INFO]: Setting axis...
2021-03-19 15:26:16,279 [INFO]: X Axis: AxisMapping.EForward
2021-03-19 15:26:16,279 [INFO]: Y Axis: AxisMapping.ELeft
2021-03-19 15:26:16,280 [INFO]: Z Axis: AxisMapping.EUp
2021-03-19 15:26:16,280 [INFO]: Initializing drivers...
2021-03-19 15:26:16,280 [INFO]: Drivers initialized.
2021-03-19 15:26:16,280 [INFO]: Connecting to the Crazyflie...
2021-03-19 15:26:16,280 [DEBUG]: Adding callback on port [6] to [<bound method Localization._incoming of <cflib.crazyflie.localization.Localization object at 0x000001D23E759C08>>]
2021-03-19 15:26:16,281 [DEBUG]: Adding callback on port [5] to [<bound method Log._new_packet_cb of <cflib.crazyflie.log.Log object at 0x000001D23E759D08>>]
2021-03-19 15:26:16,281 [DEBUG]: Adding callback on port [0] to [<bound method Console.incoming of <cflib.crazyflie.console.Console object at 0x000001D23E759DC8>>]
2021-03-19 15:26:16,281 [DEBUG]: Adding callback on port [2] to [<bound method _ParamUpdater._new_packet_cb of <_ParamUpdater(Thread-2, initial daemon)>>]
2021-03-19 15:26:16,282 [DEBUG]: Adding callback on port [4] to [<bound method Memory._new_packet_cb of <cflib.crazyflie.mem.Memory object at 0x000001D23E769148>>]
2021-03-19 15:26:16,282 [DEBUG]: Adding callback on port [13] to [<bound method PlatformService._platform_callback of <cflib.crazyflie.platformservice.PlatformService object at 0x000001D23E769288>>]
2021-03-19 15:26:16,282 [DEBUG]: Adding callback on port [15] to [<bound method PlatformService._crt_service_callback of <cflib.crazyflie.platformservice.PlatformService object at 0x000001D23E769288>>]
2021-03-19 15:26:16,282 [INFO]: Crazyflie has the following segments: ['Crazyflie']
2021-03-19 15:26:16,282 [INFO]: Crazyflie has root: Crazyflie
2021-03-19 15:26:16,283 [DEBUG]: ===Checking functions without flying===
2021-03-19 15:26:16,283 [DEBUG]: Fetched! Pulled frame number: 1808930
2021-03-19 15:26:16,283 [DEBUG]: Drone rotation matrix from Vicon: (((0.9861490915478694, 0.08517222808905156, -0.14232238334730857), (-0.09181797852723655, 0.9949401254447995, -0.04078732154798362), (0.13812830288714767, 0.053290133629343206, 0.9889796426617098)), False)
2021-03-19 15:26:16,284 [DEBUG]: Drone Euler XYZ from Vicon as given: [ 0.04121846 -0.14280729 -0.08615471]
2021-03-19 15:26:16,284 [DEBUG]: Drone position from global origin: (-241.99422546998278, -51.197155603139706, 43.29059824485524)
2021-03-19 15:26:16,290 [DEBUG]: Fetched! Pulled frame number: 1808931
2021-03-19 15:26:16,290 [DEBUG]: Drone rotation matrix from Vicon: (((0.9861421760793162, 0.08518386670368278, -0.14236332888409195), (-0.09182540865024433, 0.9949413571551213, -0.040740522192786344), (0.1381727284371506, 0.0532485180613929, 0.9889756783867331)), False)
2021-03-19 15:26:16,290 [DEBUG]: Drone Euler XYZ from Vicon as given: [ 0.04117139 -0.14284866 -0.08616703]
2021-03-19 15:26:16,290 [DEBUG]: Drone position from global origin: (-241.99152456490594, -51.20149171588433, 43.292364142804175)
2021-03-19 15:26:16,298 [DEBUG]: Fetched! Pulled frame number: 1808932
2021-03-19 15:26:16,298 [DEBUG]: Drone rotation matrix from Vicon: (((0.9861783411966967, 0.08516827786757358, -0.14212193285908953), (-0.0918236684502371, 0.994933542459238, -0.04093482627118995), (0.13791552946232238, 0.05341919631165695, 0.9890023742127942)), False)
2021-03-19 15:26:16,299 [DEBUG]: Drone Euler XYZ from Vicon as given: [ 0.04136641 -0.14260478 -0.08614819]
2021-03-19 15:26:16,299 [DEBUG]: Drone position from global origin: (-241.98620820006556, -51.20282421710098, 43.28789861027107)
2021-03-19 15:26:16,307 [DEBUG]: Fetched! Pulled frame number: 1808933
2021-03-19 15:26:16,307 [DEBUG]: Drone rotation matrix from Vicon: (((0.9861405343087923, 0.08512235180825212, -0.14241148765391715), (-0.09178188228827619, 0.9949407020470472, -0.04085444276636094), (0.13821335925586448, 0.05335901641485723, 0.9889640451960063)), False)
2021-03-19 15:26:16,308 [DEBUG]: Drone Euler XYZ from Vicon as given: [ 0.04128687 -0.14289731 -0.08610525]
2021-03-19 15:26:16,308 [DEBUG]: Drone position from global origin: (-241.98572033243804, -51.19770252821594, 43.285897289197344)
2021-03-19 15:26:16,320 [DEBUG]: Fetched! Pulled frame number: 1808934
2021-03-19 15:26:16,320 [DEBUG]: Drone rotation matrix from Vicon: (((0.9861487009014729, 0.08520869039311804, -0.1423032634616195), (-0.09188308000005102, 0.994925475422905, -0.040997536074876086), (0.13808779569549787, 0.05350492908131264, 0.9889737019981685)), False)
2021-03-19 15:26:16,321 [DEBUG]: Drone Euler XYZ from Vicon as given: [ 0.04143091 -0.14278797 -0.08619145]
2021-03-19 15:26:16,321 [DEBUG]: Drone position from global origin: (-241.99210350893617, -51.19449737103867, 43.2906064036522)
2021-03-19 15:26:16,327 [DEBUG]: Fetched! Pulled frame number: 1808935
2021-03-19 15:26:16,328 [DEBUG]: Drone rotation matrix from Vicon: (((0.9861466016004004, 0.08524373345968209, -0.14229682377985775), (-0.09192133507647082, 0.9949209817927823, -0.04102082576259472), (0.1380773272834479, 0.0535326619396108, 0.988973662842403)), False)
2021-03-19 15:26:16,328 [DEBUG]: Drone Euler XYZ from Vicon as given: [ 0.04145442 -0.14278147 -0.0862269 ]
2021-03-19 15:26:16,328 [DEBUG]: Drone position from global origin: (-241.99149020897738, -51.19482390940068, 43.29877032206291)
2021-03-19 15:26:16,342 [DEBUG]: Fetched! Pulled frame number: 1808936
2021-03-19 15:26:16,342 [DEBUG]: Drone rotation matrix from Vicon: (((0.986133896835023, 0.08533545842454673, -0.1423298881066264), (-0.09200828806911479, 0.9949151260385164, -0.04096787651750807), (0.13811014604135036, 0.053495341061025624, 0.9889710997017058)), False)
2021-03-19 15:26:16,343 [DEBUG]: Drone Euler XYZ from Vicon as given: [ 0.04140108 -0.14281487 -0.08632033]
2021-03-19 15:26:16,343 [DEBUG]: Drone position from global origin: (-241.99431894907372, -51.19495863447574, 43.29570510818915)
2021-03-19 15:26:16,349 [DEBUG]: Fetched! Pulled frame number: 1808937
2021-03-19 15:26:16,349 [DEBUG]: Drone rotation matrix from Vicon: (((0.9861263890142852, 0.08525545658191942, -0.14242981433904683), (-0.09195141362892088, 0.9949149576944563, -0.041099446315994825), (0.13820160064662784, 0.0536258713574585, 0.988951254359821)), False)
2021-03-19 15:26:16,350 [DEBUG]: Drone Euler XYZ from Vicon as given: [ 0.04153472 -0.14291583 -0.08624046]
2021-03-19 15:26:16,350 [DEBUG]: Drone position from global origin: (-241.99101780787987, -51.19475662355792, 43.29540741392357)
2021-03-19 15:26:16,357 [DEBUG]: Fetched! Pulled frame number: 1808938
2021-03-19 15:26:16,358 [DEBUG]: Drone rotation matrix from Vicon: (((0.9861321293621501, 0.08527308714904741, -0.14237950712002978), (-0.09196212459785422, 0.9949152460507322, -0.04106848932283397), (0.13815350548980065, 0.053592478799566245, 0.9889597843881204)), False)
2021-03-19 15:26:16,358 [DEBUG]: Drone Euler XYZ from Vicon as given: [ 0.04150311 -0.142865   -0.0862577 ]
2021-03-19 15:26:16,358 [DEBUG]: Drone position from global origin: (-241.9901948785111, -51.190511649886375, 43.289972818534366)
2021-03-19 15:26:16,367 [DEBUG]: Fetched! Pulled frame number: 1808939
2021-03-19 15:26:16,367 [DEBUG]: Drone rotation matrix from Vicon: (((0.9861279878260003, 0.08527198226740923, -0.1424088503795688), (-0.0919522852434719, 0.9949192040742798, -0.04099456796582667), (0.1381896120001317, 0.0535207100512339, 0.9889586263999444)), False)
2021-03-19 15:26:16,367 [DEBUG]: Drone Euler XYZ from Vicon as given: [ 0.04142854 -0.14289465 -0.08625695]
2021-03-19 15:26:16,367 [DEBUG]: Drone position from global origin: (-241.98677890356342, -51.19306331009022, 43.28971193845821)
2021-03-19 15:26:16,367 [DEBUG]: ===============Offline check done=================
2021-03-19 15:26:16,368 [DEBUG]: Adding callback on port [6] to [<bound method Localization._incoming of <cflib.crazyflie.localization.Localization object at 0x000001D23E769648>>]
2021-03-19 15:26:16,368 [DEBUG]: Adding callback on port [5] to [<bound method Log._new_packet_cb of <cflib.crazyflie.log.Log object at 0x000001D23E7695C8>>]
2021-03-19 15:26:16,368 [DEBUG]: Adding callback on port [0] to [<bound method Console.incoming of <cflib.crazyflie.console.Console object at 0x000001D23E769888>>]
2021-03-19 15:26:16,368 [DEBUG]: Adding callback on port [2] to [<bound method _ParamUpdater._new_packet_cb of <_ParamUpdater(Thread-4, initial daemon)>>]
2021-03-19 15:26:16,368 [DEBUG]: Adding callback on port [4] to [<bound method Memory._new_packet_cb of <cflib.crazyflie.mem.Memory object at 0x000001D23E769C88>>]
2021-03-19 15:26:16,368 [DEBUG]: Adding callback on port [13] to [<bound method PlatformService._platform_callback of <cflib.crazyflie.platformservice.PlatformService object at 0x000001D23E769DC8>>]
2021-03-19 15:26:16,368 [DEBUG]: Adding callback on port [15] to [<bound method PlatformService._crt_service_callback of <cflib.crazyflie.platformservice.PlatformService object at 0x000001D23E769DC8>>]
2021-03-19 15:26:16,369 [INFO]: Callback->Connection initialized[radio://0/80/2M]
2021-03-19 15:26:16,372 [INFO]: We are connected[radio://0/80/2M], request connection setup
2021-03-19 15:26:16,374 [INFO]: Callback->Connected to [radio://0/80/2M]
2021-03-19 15:26:16,436 [INFO]: Protocol  version: 4
2021-03-19 15:26:16,440 [DEBUG]: Logging reset, continue with TOC download
2021-03-19 15:26:16,440 [DEBUG]: [5]: Using V2 protocol: 1
2021-03-19 15:26:16,440 [DEBUG]: [5]: Start fetching...
2021-03-19 15:26:16,440 [DEBUG]: Adding callback on port [5] to [<bound method TocFetcher._new_packet_cb of <cflib.crazyflie.toc.TocFetcher object at 0x000001D23E783088>>]
2021-03-19 15:26:16,444 [DEBUG]: [5]: Got TOC CRC, 317 items and crc=0x05C5AF70
2021-03-19 15:26:16,447 [INFO]: TOC for port [5] found in cache
2021-03-19 15:26:16,447 [DEBUG]: Removing callback on port [5] to [<bound method TocFetcher._new_packet_cb of <cflib.crazyflie.toc.TocFetcher object at 0x000001D23E783088>>]
2021-03-19 15:26:16,447 [DEBUG]: [5]: Done!
2021-03-19 15:26:16,447 [INFO]: Log TOC finished updating
2021-03-19 15:26:16,447 [DEBUG]: Requesting number of memories
2021-03-19 15:26:16,451 [INFO]: 9 memories found
2021-03-19 15:26:16,451 [DEBUG]: Requesting first id
2021-03-19 15:26:16,455 [DEBUG]: Requesting information about memory 1
2021-03-19 15:26:16,459 [DEBUG]: Memory: id=1, type=LED driver, size=24
2021-03-19 15:26:16,460 [DEBUG]: Requesting information about memory 2
2021-03-19 15:26:16,464 [DEBUG]: Memory: id=2, type=Loco Positioning, size=6144
2021-03-19 15:26:16,464 [DEBUG]: Requesting information about memory 3
2021-03-19 15:26:16,467 [DEBUG]: Memory: id=3, type=Trajectory, size=4096
2021-03-19 15:26:16,468 [DEBUG]: Requesting information about memory 4
2021-03-19 15:26:16,471 [DEBUG]: Memory: id=4, type=Loco Positioning 2, size=69632
2021-03-19 15:26:16,472 [DEBUG]: Requesting information about memory 5
2021-03-19 15:26:16,476 [DEBUG]: Memory: id=5, type=Lighthouse positioning, size=96
2021-03-19 15:26:16,476 [DEBUG]: Requesting information about memory 6
2021-03-19 15:26:16,480 [DEBUG]: Memory: id=6, type=Memory tester, size=4096
2021-03-19 15:26:16,480 [DEBUG]: Requesting information about memory 7
2021-03-19 15:26:16,484 [DEBUG]: Memory: id=7, type=Unknown, size=0
2021-03-19 15:26:16,484 [DEBUG]: Requesting information about memory 8
2021-03-19 15:26:16,488 [DEBUG]: Done getting all the memories, start reading the OWs
2021-03-19 15:26:16,488 [DEBUG]: Updating content of memory 8
2021-03-19 15:26:16,488 [DEBUG]: Requesting new chunk of 11bytes at 0x0
2021-03-19 15:26:16,494 [DEBUG]: READ: Mem=8, addr=0x0, status=0x0, data=(235, 12, 0, 0, 0, 188, 15, 205, 0, 12, 1)
2021-03-19 15:26:16,494 [DEBUG]: READING: We are still interested in request for mem 8
2021-03-19 15:26:16,494 [DEBUG]: Requesting new chunk of 15bytes at 0x8
2021-03-19 15:26:16,500 [DEBUG]: READ: Mem=8, addr=0x8, status=0x0, data=(0, 12, 1, 7, 98, 99, 70, 108, 111, 119, 50, 2, 1, 65, 84)
2021-03-19 15:26:16,500 [DEBUG]: READING: We are still interested in request for mem 8
2021-03-19 15:26:16,500 [DEBUG]: OW 0DD9203F00000040 (BC:0F): {'Board name': 'bcFlow2', 'Board revision': 'A'}
2021-03-19 15:26:16,500 [INFO]: Memories finished updating
2021-03-19 15:26:16,500 [DEBUG]: [2]: Using V2 protocol: 1
2021-03-19 15:26:16,500 [DEBUG]: [2]: Start fetching...
2021-03-19 15:26:16,500 [DEBUG]: Adding callback on port [2] to [<bound method TocFetcher._new_packet_cb of <cflib.crazyflie.toc.TocFetcher object at 0x000001D23E7B8108>>]
2021-03-19 15:26:16,503 [DEBUG]: [2]: Got TOC CRC, 164 items and crc=0x1042AFA8
2021-03-19 15:26:16,505 [INFO]: TOC for port [2] found in cache
2021-03-19 15:26:16,505 [DEBUG]: Removing callback on port [2] to [<bound method TocFetcher._new_packet_cb of <cflib.crazyflie.toc.TocFetcher object at 0x000001D23E7B8108>>]
2021-03-19 15:26:16,505 [DEBUG]: [2]: Done!
2021-03-19 15:26:16,505 [INFO]: Param TOC finished updating
2021-03-19 15:26:16,505 [INFO]: Callback->Connection setup finished [radio://0/80/2M]
2021-03-19 15:26:16,505 [DEBUG]: Requesting request to update param [6]
2021-03-19 15:26:16,506 [DEBUG]: Adding stateEstimate.x with id=121 and type=0x77
2021-03-19 15:26:16,506 [DEBUG]: Requesting request to update param [1]
2021-03-19 15:26:16,506 [DEBUG]: Adding stateEstimate.y with id=122 and type=0x77
2021-03-19 15:26:16,506 [DEBUG]: Requesting request to update param [2]
2021-03-19 15:26:16,506 [DEBUG]: Adding stateEstimate.z with id=123 and type=0x77
2021-03-19 15:26:16,507 [DEBUG]: Requesting request to update param [3]
2021-03-19 15:26:16,507 [DEBUG]: Adding log block id 1
2021-03-19 15:26:16,507 [DEBUG]: Requesting request to update param [4]
2021-03-19 15:26:16,507 [DEBUG]: First time block is started, add block
2021-03-19 15:26:16,507 [DEBUG]: Requesting request to update param [5]
2021-03-19 15:26:16,507 [DEBUG]: Adding stabilizer.roll with id=117 and type=0x77
2021-03-19 15:26:16,508 [DEBUG]: Requesting request to update param [7]
2021-03-19 15:26:16,508 [DEBUG]: Adding stabilizer.pitch with id=118 and type=0x77
2021-03-19 15:26:16,508 [DEBUG]: Requesting request to update param [8]
2021-03-19 15:26:16,508 [DEBUG]: Adding stabilizer.yaw with id=119 and type=0x77
2021-03-19 15:26:16,508 [DEBUG]: Requesting request to update param [9]
2021-03-19 15:26:16,508 [DEBUG]: Adding log block id 2
2021-03-19 15:26:16,508 [DEBUG]: Requesting request to update param [10]
2021-03-19 15:26:16,508 [DEBUG]: First time block is started, add block
2021-03-19 15:26:16,508 [DEBUG]: Requesting request to update param [11]
2021-03-19 15:26:16,509 [DEBUG]: Adding stateEstimate.x with id=121 and type=0x77
2021-03-19 15:26:16,509 [DEBUG]: Requesting request to update param [16]
2021-03-19 15:26:16,509 [DEBUG]: Adding stateEstimate.y with id=122 and type=0x77
2021-03-19 15:26:16,509 [DEBUG]: Requesting request to update param [12]
2021-03-19 15:26:16,509 [DEBUG]: Adding stateEstimate.z with id=123 and type=0x77
2021-03-19 15:26:16,509 [DEBUG]: Requesting request to update param [13]
2021-03-19 15:26:16,509 [DEBUG]: Adding stabilizer.roll with id=117 and type=0x77
2021-03-19 15:26:16,509 [DEBUG]: Requesting request to update param [14]
2021-03-19 15:26:16,509 [DEBUG]: Adding stabilizer.pitch with id=118 and type=0x77
2021-03-19 15:26:16,509 [DEBUG]: Requesting request to update param [15]
2021-03-19 15:26:16,509 [DEBUG]: Adding stabilizer.yaw with id=119 and type=0x77
2021-03-19 15:26:16,510 [DEBUG]: Requesting request to update param [17]
2021-03-19 15:26:16,510 [DEBUG]: Adding log block id 3
2021-03-19 15:26:16,510 [DEBUG]: Requesting request to update param [18]
2021-03-19 15:26:16,510 [DEBUG]: First time block is started, add block
2021-03-19 15:26:16,510 [DEBUG]: Requesting request to update param [19]
2021-03-19 15:26:16,510 [DEBUG]: Requesting request to update param [20]
2021-03-19 15:26:16,510 [DEBUG]: Requesting request to update param [21]
2021-03-19 15:26:16,510 [DEBUG]: Requesting request to update param [22]
2021-03-19 15:26:16,510 [DEBUG]: Requesting request to update param [23]
2021-03-19 15:26:16,510 [DEBUG]: Requesting request to update param [24]
2021-03-19 15:26:16,510 [DEBUG]: Requesting request to update param [25]
2021-03-19 15:26:16,510 [DEBUG]: Requesting request to update param [26]
2021-03-19 15:26:16,510 [DEBUG]: Requesting request to update param [27]
2021-03-19 15:26:16,511 [DEBUG]: Requesting request to update param [28]
2021-03-19 15:26:16,511 [DEBUG]: Requesting request to update param [29]
2021-03-19 15:26:16,511 [DEBUG]: Requesting request to update param [30]
2021-03-19 15:26:16,511 [DEBUG]: Requesting request to update param [31]
2021-03-19 15:26:16,511 [DEBUG]: Requesting request to update param [32]
2021-03-19 15:26:16,511 [DEBUG]: Requesting request to update param [33]
2021-03-19 15:26:16,511 [DEBUG]: Requesting request to update param [34]
2021-03-19 15:26:16,511 [DEBUG]: Requesting request to update param [35]
2021-03-19 15:26:16,511 [DEBUG]: Requesting request to update param [36]
2021-03-19 15:26:16,511 [DEBUG]: Requesting request to update param [37]
2021-03-19 15:26:16,511 [DEBUG]: Requesting request to update param [38]
2021-03-19 15:26:16,511 [DEBUG]: Requesting request to update param [39]
2021-03-19 15:26:16,511 [DEBUG]: Requesting request to update param [40]
2021-03-19 15:26:16,511 [DEBUG]: Requesting request to update param [41]
2021-03-19 15:26:16,511 [DEBUG]: Requesting request to update param [42]
2021-03-19 15:26:16,511 [DEBUG]: Requesting request to update param [43]
2021-03-19 15:26:16,511 [DEBUG]: Requesting request to update param [44]
2021-03-19 15:26:16,511 [DEBUG]: Requesting request to update param [45]
2021-03-19 15:26:16,511 [DEBUG]: Requesting request to update param [46]
2021-03-19 15:26:16,511 [DEBUG]: Requesting request to update param [47]
2021-03-19 15:26:16,512 [DEBUG]: Requesting request to update param [48]
2021-03-19 15:26:16,512 [DEBUG]: Requesting request to update param [49]
2021-03-19 15:26:16,512 [DEBUG]: Requesting request to update param [50]
2021-03-19 15:26:16,512 [DEBUG]: Requesting request to update param [51]
2021-03-19 15:26:16,512 [DEBUG]: Requesting request to update param [52]
2021-03-19 15:26:16,512 [DEBUG]: Requesting request to update param [53]
2021-03-19 15:26:16,512 [DEBUG]: Requesting request to update param [54]
2021-03-19 15:26:16,512 [DEBUG]: Requesting request to update param [55]
2021-03-19 15:26:16,512 [DEBUG]: Requesting request to update param [56]
2021-03-19 15:26:16,512 [DEBUG]: Requesting request to update param [57]
2021-03-19 15:26:16,512 [DEBUG]: Requesting request to update param [58]
2021-03-19 15:26:16,512 [DEBUG]: Requesting request to update param [59]
2021-03-19 15:26:16,512 [DEBUG]: Requesting request to update param [60]
2021-03-19 15:26:16,512 [DEBUG]: Requesting request to update param [61]
2021-03-19 15:26:16,512 [DEBUG]: Requesting request to update param [62]
2021-03-19 15:26:16,512 [DEBUG]: Requesting request to update param [63]
2021-03-19 15:26:16,513 [DEBUG]: Requesting request to update param [64]
2021-03-19 15:26:16,513 [DEBUG]: Requesting request to update param [65]
2021-03-19 15:26:16,513 [DEBUG]: Requesting request to update param [66]
2021-03-19 15:26:16,513 [DEBUG]: Requesting request to update param [67]
2021-03-19 15:26:16,513 [DEBUG]: Requesting request to update param [68]
2021-03-19 15:26:16,513 [DEBUG]: Requesting request to update param [69]
2021-03-19 15:26:16,513 [DEBUG]: Requesting request to update param [70]
2021-03-19 15:26:16,513 [DEBUG]: Requesting request to update param [71]
2021-03-19 15:26:16,513 [DEBUG]: Requesting request to update param [72]
2021-03-19 15:26:16,513 [DEBUG]: Requesting request to update param [73]
2021-03-19 15:26:16,513 [DEBUG]: Requesting request to update param [74]
2021-03-19 15:26:16,513 [DEBUG]: Requesting request to update param [75]
2021-03-19 15:26:16,513 [DEBUG]: Requesting request to update param [76]
2021-03-19 15:26:16,513 [DEBUG]: Requesting request to update param [77]
2021-03-19 15:26:16,513 [DEBUG]: Requesting request to update param [78]
2021-03-19 15:26:16,513 [DEBUG]: Requesting request to update param [79]
2021-03-19 15:26:16,513 [DEBUG]: Requesting request to update param [80]
2021-03-19 15:26:16,513 [DEBUG]: Requesting request to update param [81]
2021-03-19 15:26:16,513 [DEBUG]: Requesting request to update param [82]
2021-03-19 15:26:16,514 [DEBUG]: Requesting request to update param [83]
2021-03-19 15:26:16,514 [DEBUG]: Requesting request to update param [84]
2021-03-19 15:26:16,514 [DEBUG]: Requesting request to update param [85]
2021-03-19 15:26:16,514 [DEBUG]: Requesting request to update param [86]
2021-03-19 15:26:16,514 [DEBUG]: Requesting request to update param [87]
2021-03-19 15:26:16,514 [DEBUG]: Requesting request to update param [88]
2021-03-19 15:26:16,514 [DEBUG]: Requesting request to update param [89]
2021-03-19 15:26:16,514 [DEBUG]: Requesting request to update param [90]
2021-03-19 15:26:16,514 [DEBUG]: Requesting request to update param [91]
2021-03-19 15:26:16,514 [DEBUG]: Requesting request to update param [92]
2021-03-19 15:26:16,514 [DEBUG]: Requesting request to update param [93]
2021-03-19 15:26:16,514 [DEBUG]: Requesting request to update param [94]
2021-03-19 15:26:16,514 [DEBUG]: Requesting request to update param [95]
2021-03-19 15:26:16,514 [DEBUG]: Requesting request to update param [96]
2021-03-19 15:26:16,514 [DEBUG]: Requesting request to update param [97]
2021-03-19 15:26:16,514 [DEBUG]: Requesting request to update param [98]
2021-03-19 15:26:16,514 [DEBUG]: Requesting request to update param [99]
2021-03-19 15:26:16,514 [DEBUG]: Requesting request to update param [100]
2021-03-19 15:26:16,515 [DEBUG]: Requesting request to update param [101]
2021-03-19 15:26:16,515 [DEBUG]: Requesting request to update param [102]
2021-03-19 15:26:16,515 [DEBUG]: Requesting request to update param [103]
2021-03-19 15:26:16,515 [DEBUG]: Requesting request to update param [104]
2021-03-19 15:26:16,515 [DEBUG]: Requesting request to update param [105]
2021-03-19 15:26:16,515 [DEBUG]: Requesting request to update param [106]
2021-03-19 15:26:16,515 [DEBUG]: Requesting request to update param [107]
2021-03-19 15:26:16,515 [DEBUG]: Requesting request to update param [108]
2021-03-19 15:26:16,515 [DEBUG]: Requesting request to update param [109]
2021-03-19 15:26:16,515 [DEBUG]: Requesting request to update param [110]
2021-03-19 15:26:16,515 [DEBUG]: Requesting request to update param [111]
2021-03-19 15:26:16,515 [DEBUG]: Requesting request to update param [112]
2021-03-19 15:26:16,515 [DEBUG]: Requesting request to update param [113]
2021-03-19 15:26:16,515 [DEBUG]: Requesting request to update param [114]
2021-03-19 15:26:16,515 [DEBUG]: Requesting request to update param [115]
2021-03-19 15:26:16,516 [DEBUG]: Requesting request to update param [116]
2021-03-19 15:26:16,516 [DEBUG]: Requesting request to update param [117]
2021-03-19 15:26:16,516 [DEBUG]: Requesting request to update param [118]
2021-03-19 15:26:16,516 [DEBUG]: Requesting request to update param [119]
2021-03-19 15:26:16,516 [DEBUG]: Requesting request to update param [120]
2021-03-19 15:26:16,516 [DEBUG]: Requesting request to update param [121]
2021-03-19 15:26:16,516 [DEBUG]: Requesting request to update param [122]
2021-03-19 15:26:16,516 [DEBUG]: Requesting request to update param [123]
2021-03-19 15:26:16,516 [DEBUG]: Requesting request to update param [124]
2021-03-19 15:26:16,517 [DEBUG]: Requesting request to update param [125]
2021-03-19 15:26:16,517 [DEBUG]: Requesting request to update param [126]
2021-03-19 15:26:16,517 [DEBUG]: Requesting request to update param [127]
2021-03-19 15:26:16,517 [DEBUG]: Requesting request to update param [128]
2021-03-19 15:26:16,517 [DEBUG]: Requesting request to update param [140]
2021-03-19 15:26:16,517 [DEBUG]: Requesting request to update param [141]
2021-03-19 15:26:16,517 [DEBUG]: Requesting request to update param [142]
2021-03-19 15:26:16,517 [DEBUG]: Requesting request to update param [143]
2021-03-19 15:26:16,517 [DEBUG]: Requesting request to update param [145]
2021-03-19 15:26:16,517 [DEBUG]: Requesting request to update param [146]
2021-03-19 15:26:16,517 [DEBUG]: Requesting request to update param [147]
2021-03-19 15:26:16,517 [DEBUG]: Requesting request to update param [151]
2021-03-19 15:26:16,517 [DEBUG]: Requesting request to update param [152]
2021-03-19 15:26:16,518 [DEBUG]: Requesting request to update param [154]
2021-03-19 15:26:16,518 [DEBUG]: Requesting request to update param [155]
2021-03-19 15:26:16,518 [DEBUG]: Requesting request to update param [156]
2021-03-19 15:26:16,518 [DEBUG]: Requesting request to update param [129]
2021-03-19 15:26:16,518 [DEBUG]: Requesting request to update param [130]
2021-03-19 15:26:16,518 [DEBUG]: Requesting request to update param [131]
2021-03-19 15:26:16,518 [DEBUG]: Requesting request to update param [132]
2021-03-19 15:26:16,518 [DEBUG]: Requesting request to update param [133]
2021-03-19 15:26:16,518 [DEBUG]: Requesting request to update param [134]
2021-03-19 15:26:16,518 [DEBUG]: Requesting request to update param [135]
2021-03-19 15:26:16,518 [DEBUG]: Requesting request to update param [136]
2021-03-19 15:26:16,518 [DEBUG]: Requesting request to update param [137]
2021-03-19 15:26:16,518 [DEBUG]: Requesting request to update param [138]
2021-03-19 15:26:16,518 [DEBUG]: Requesting request to update param [139]
2021-03-19 15:26:16,518 [DEBUG]: Requesting request to update param [144]
2021-03-19 15:26:16,518 [DEBUG]: Requesting request to update param [148]
2021-03-19 15:26:16,518 [DEBUG]: Requesting request to update param [149]
2021-03-19 15:26:16,518 [DEBUG]: Requesting request to update param [150]
2021-03-19 15:26:16,518 [DEBUG]: Requesting request to update param [153]
2021-03-19 15:26:16,519 [DEBUG]: Requesting request to update param [157]
2021-03-19 15:26:16,519 [DEBUG]: Requesting request to update param [158]
2021-03-19 15:26:16,519 [DEBUG]: Requesting request to update param [159]
2021-03-19 15:26:16,519 [DEBUG]: Requesting request to update param [160]
2021-03-19 15:26:16,519 [DEBUG]: Requesting request to update param [161]
2021-03-19 15:26:16,519 [DEBUG]: Requesting request to update param [162]
2021-03-19 15:26:16,519 [DEBUG]: Requesting request to update param [163]
2021-03-19 15:26:16,520 [DEBUG]: Updated parameter [imu_sensors.BMP388]
2021-03-19 15:26:16,521 [DEBUG]: Have successfully added id=1
2021-03-19 15:26:16,523 [DEBUG]: Have successfully added id=2
2021-03-19 15:26:16,524 [DEBUG]: Have successfully added id=3
2021-03-19 15:26:16,525 [DEBUG]: Updated parameter [imu_sensors.HMC5883L]
2021-03-19 15:26:16,526 [INFO]: Have successfully started logging for id=1
2021-03-19 15:26:16,527 [INFO]: Have successfully started logging for id=2
2021-03-19 15:26:16,527 [INFO]: Have successfully started logging for id=3
2021-03-19 15:26:16,528 [DEBUG]: Updated parameter [imu_sensors.MS5611]
2021-03-19 15:26:16,532 [DEBUG]: Updated parameter [imu_tests.MPU6500]
2021-03-19 15:26:16,535 [DEBUG]: Updated parameter [imu_tests.HMC5883L]
2021-03-19 15:26:16,540 [DEBUG]: Updated parameter [imu_tests.MS5611]
2021-03-19 15:26:16,543 [DEBUG]: Updated parameter [cpu.flash]
2021-03-19 15:26:16,546 [DEBUG]: Updated parameter [cpu.id0]
2021-03-19 15:26:16,550 [DEBUG]: Updated parameter [cpu.id1]
2021-03-19 15:26:16,553 [DEBUG]: Updated parameter [cpu.id2]
2021-03-19 15:26:16,556 [DEBUG]: Updated parameter [system.selftestPassed]
2021-03-19 15:26:16,560 [DEBUG]: Updated parameter [system.taskDump]
2021-03-19 15:26:16,563 [DEBUG]: Updated parameter [sound.effect]
2021-03-19 15:26:16,568 [DEBUG]: Updated parameter [sound.neffect]
2021-03-19 15:26:16,571 [DEBUG]: Updated parameter [sound.freq]
2021-03-19 15:26:16,574 [DEBUG]: Updated parameter [sound.ratio]
2021-03-19 15:26:16,578 [DEBUG]: Updated parameter [memTst.resetW]
2021-03-19 15:26:16,581 [DEBUG]: Updated parameter [commander.enHighLevel]
2021-03-19 15:26:16,584 [DEBUG]: Updated parameter [kalman.resetEstimation]
2021-03-19 15:26:16,589 [DEBUG]: Updated parameter [flightmode.althold]
2021-03-19 15:26:16,592 [DEBUG]: Updated parameter [flightmode.poshold]
2021-03-19 15:26:16,595 [DEBUG]: Updated parameter [flightmode.posSet]
2021-03-19 15:26:16,599 [DEBUG]: Updated parameter [flightmode.yawMode]
2021-03-19 15:26:16,602 [DEBUG]: Updated parameter [flightmode.yawRst]
2021-03-19 15:26:16,605 [DEBUG]: Updated parameter [flightmode.stabModeRoll]
2021-03-19 15:26:16,609 [DEBUG]: Updated parameter [flightmode.stabModePitch]
2021-03-19 15:26:16,612 [DEBUG]: Updated parameter [flightmode.stabModeYaw]
2021-03-19 15:26:16,615 [DEBUG]: Updated parameter [cmdrCPPM.rateRoll]
2021-03-19 15:26:16,619 [DEBUG]: Updated parameter [cmdrCPPM.ratePitch]
2021-03-19 15:26:16,622 [DEBUG]: Updated parameter [cmdrCPPM.rateYaw]
2021-03-19 15:26:16,625 [DEBUG]: Updated parameter [cmdrCPPM.angRoll]
2021-03-19 15:26:16,630 [DEBUG]: Updated parameter [cmdrCPPM.angPitch]
2021-03-19 15:26:16,633 [DEBUG]: Updated parameter [locSrv.enRangeStreamFP32]
2021-03-19 15:26:16,636 [DEBUG]: Updated parameter [locSrv.extPosStdDev]
2021-03-19 15:26:16,641 [DEBUG]: Updated parameter [locSrv.extQuatStdDev]
2021-03-19 15:26:16,655 [DEBUG]: Updated parameter [pid_attitude.roll_kp]
2021-03-19 15:26:16,660 [DEBUG]: Updated parameter [pid_attitude.roll_ki]
2021-03-19 15:26:16,664 [DEBUG]: Updated parameter [pid_attitude.roll_kd]
2021-03-19 15:26:16,670 [DEBUG]: Updated parameter [pid_attitude.pitch_kp]
2021-03-19 15:26:16,673 [DEBUG]: Updated parameter [pid_attitude.pitch_ki]
2021-03-19 15:26:16,676 [DEBUG]: Updated parameter [pid_attitude.pitch_kd]
2021-03-19 15:26:16,680 [DEBUG]: Updated parameter [pid_attitude.yaw_kp]
2021-03-19 15:26:16,684 [DEBUG]: Updated parameter [pid_attitude.yaw_ki]
2021-03-19 15:26:16,688 [DEBUG]: Updated parameter [pid_attitude.yaw_kd]
2021-03-19 15:26:16,691 [DEBUG]: Updated parameter [pid_rate.roll_kp]
2021-03-19 15:26:16,696 [DEBUG]: Updated parameter [pid_rate.roll_ki]
2021-03-19 15:26:16,700 [DEBUG]: Updated parameter [pid_rate.roll_kd]
2021-03-19 15:26:16,703 [DEBUG]: Updated parameter [pid_rate.pitch_kp]
2021-03-19 15:26:16,707 [DEBUG]: Updated parameter [pid_rate.pitch_ki]
2021-03-19 15:26:16,711 [DEBUG]: Updated parameter [pid_rate.pitch_kd]
2021-03-19 15:26:16,715 [DEBUG]: Updated parameter [pid_rate.yaw_kp]
2021-03-19 15:26:16,719 [DEBUG]: Updated parameter [pid_rate.yaw_ki]
2021-03-19 15:26:16,722 [DEBUG]: Updated parameter [pid_rate.yaw_kd]
2021-03-19 15:26:16,725 [DEBUG]: Updated parameter [sensfusion6.kp]
2021-03-19 15:26:16,730 [DEBUG]: Updated parameter [sensfusion6.ki]
2021-03-19 15:26:16,733 [DEBUG]: Updated parameter [sensfusion6.baseZacc]
2021-03-19 15:26:16,739 [DEBUG]: Updated parameter [health.startPropTest]
2021-03-19 15:26:16,743 [DEBUG]: Updated parameter [stabilizer.estimator]
2021-03-19 15:26:16,746 [DEBUG]: Updated parameter [stabilizer.controller]
2021-03-19 15:26:16,750 [DEBUG]: Updated parameter [posEstAlt.estAlphaAsl]
2021-03-19 15:26:16,754 [DEBUG]: Updated parameter [posEstAlt.estAlphaZr]
2021-03-19 15:26:16,758 [DEBUG]: Updated parameter [posEstAlt.velFactor]
2021-03-19 15:26:16,762 [DEBUG]: Updated parameter [posEstAlt.velZAlpha]
2021-03-19 15:26:16,766 [DEBUG]: Updated parameter [posEstAlt.vAccDeadband]
2021-03-19 15:26:16,777 [DEBUG]: Updated parameter [posCtlPid.xKp]
2021-03-19 15:26:16,782 [DEBUG]: Updated parameter [posCtlPid.xKi]
2021-03-19 15:26:16,785 [DEBUG]: Updated parameter [posCtlPid.xKd]
2021-03-19 15:26:16,789 [DEBUG]: Updated parameter [posCtlPid.yKp]
2021-03-19 15:26:16,792 [DEBUG]: Updated parameter [posCtlPid.yKi]
2021-03-19 15:26:16,795 [DEBUG]: Updated parameter [posCtlPid.yKd]
2021-03-19 15:26:16,800 [DEBUG]: Updated parameter [posCtlPid.zKp]
2021-03-19 15:26:16,804 [DEBUG]: Updated parameter [posCtlPid.zKi]
2021-03-19 15:26:16,808 [DEBUG]: Updated parameter [posCtlPid.zKd]
2021-03-19 15:26:16,812 [DEBUG]: Updated parameter [posCtlPid.thrustBase]
2021-03-19 15:26:16,816 [DEBUG]: Updated parameter [posCtlPid.thrustMin]
2021-03-19 15:26:16,820 [DEBUG]: Updated parameter [posCtlPid.rpLimit]
2021-03-19 15:26:16,823 [DEBUG]: Updated parameter [posCtlPid.xyVelMax]
2021-03-19 15:26:16,828 [DEBUG]: Updated parameter [posCtlPid.zVelMax]
2021-03-19 15:26:16,832 [DEBUG]: Updated parameter [velCtlPid.vxKp]
2021-03-19 15:26:16,836 [DEBUG]: Updated parameter [velCtlPid.vxKi]
2021-03-19 15:26:16,841 [DEBUG]: Updated parameter [velCtlPid.vxKd]
2021-03-19 15:26:16,846 [DEBUG]: Updated parameter [velCtlPid.vyKp]
2021-03-19 15:26:16,850 [DEBUG]: Updated parameter [velCtlPid.vyKi]
2021-03-19 15:26:16,854 [DEBUG]: Updated parameter [velCtlPid.vyKd]
2021-03-19 15:26:16,860 [DEBUG]: Updated parameter [velCtlPid.vzKp]
2021-03-19 15:26:16,864 [DEBUG]: Updated parameter [velCtlPid.vzKi]
2021-03-19 15:26:16,869 [DEBUG]: Updated parameter [velCtlPid.vzKd]
2021-03-19 15:26:16,872 [DEBUG]: Updated parameter [controller.tiltComp]
2021-03-19 15:26:16,875 [DEBUG]: Updated parameter [ctrlMel.kp_xy]
2021-03-19 15:26:16,880 [DEBUG]: Updated parameter [ctrlMel.kd_xy]
2021-03-19 15:26:16,883 [DEBUG]: Updated parameter [ctrlMel.ki_xy]
2021-03-19 15:26:16,887 [DEBUG]: Updated parameter [ctrlMel.i_range_xy]
2021-03-19 15:26:16,891 [DEBUG]: Updated parameter [ctrlMel.kp_z]
2021-03-19 15:26:16,895 [DEBUG]: Updated parameter [ctrlMel.kd_z]
2021-03-19 15:26:16,910 [DEBUG]: Updated parameter [ctrlMel.ki_z]
2021-03-19 15:26:16,913 [DEBUG]: Updated parameter [ctrlMel.i_range_z]
2021-03-19 15:26:16,917 [DEBUG]: Updated parameter [ctrlMel.mass]
2021-03-19 15:26:16,921 [DEBUG]: Updated parameter [ctrlMel.massThrust]
2021-03-19 15:26:16,925 [DEBUG]: Updated parameter [ctrlMel.kR_xy]
2021-03-19 15:26:16,928 [DEBUG]: Updated parameter [ctrlMel.kR_z]
2021-03-19 15:26:16,932 [DEBUG]: Updated parameter [ctrlMel.kw_xy]
2021-03-19 15:26:16,935 [DEBUG]: Updated parameter [ctrlMel.kw_z]
2021-03-19 15:26:16,940 [DEBUG]: Updated parameter [ctrlMel.ki_m_xy]
2021-03-19 15:26:16,943 [DEBUG]: Updated parameter [ctrlMel.ki_m_z]
2021-03-19 15:26:16,946 [DEBUG]: Updated parameter [ctrlMel.kd_omega_rp]
2021-03-19 15:26:16,951 [DEBUG]: Updated parameter [ctrlMel.i_range_m_xy]
2021-03-19 15:26:16,955 [DEBUG]: Updated parameter [ctrlMel.i_range_m_z]
2021-03-19 15:26:16,959 [DEBUG]: Updated parameter [motorPowerSet.enable]
2021-03-19 15:26:16,963 [DEBUG]: Updated parameter [motorPowerSet.m1]
2021-03-19 15:26:16,966 [DEBUG]: Updated parameter [motorPowerSet.m2]
2021-03-19 15:26:16,970 [DEBUG]: Updated parameter [motorPowerSet.m3]
2021-03-19 15:26:16,973 [DEBUG]: Updated parameter [motorPowerSet.m4]
2021-03-19 15:26:16,976 [DEBUG]: Updated parameter [kalman.resetEstimation]
2021-03-19 15:26:16,980 [DEBUG]: Updated parameter [kalman.quadIsFlying]
2021-03-19 15:26:16,983 [DEBUG]: Updated parameter [kalman.pNAcc_xy]
2021-03-19 15:26:16,986 [DEBUG]: Updated parameter [kalman.pNAcc_z]
2021-03-19 15:26:16,990 [DEBUG]: Updated parameter [kalman.pNVel]
2021-03-19 15:26:16,993 [DEBUG]: Updated parameter [kalman.pNPos]
2021-03-19 15:26:16,999 [DEBUG]: Updated parameter [kalman.pNAtt]
2021-03-19 15:26:17,002 [DEBUG]: Updated parameter [kalman.mNBaro]
2021-03-19 15:26:17,005 [DEBUG]: Updated parameter [kalman.mNGyro_rollpitch]
2021-03-19 15:26:17,009 [DEBUG]: Updated parameter [kalman.mNGyro_yaw]
2021-03-19 15:26:17,012 [DEBUG]: Updated parameter [kalman.initialX]
2021-03-19 15:26:17,015 [DEBUG]: Updated parameter [kalman.initialY]
2021-03-19 15:26:17,019 [DEBUG]: Updated parameter [kalman.initialZ]
2021-03-19 15:26:17,023 [DEBUG]: Updated parameter [kalman.initialYaw]
2021-03-19 15:26:17,026 [DEBUG]: Updated parameter [kalman.maxPos]
2021-03-19 15:26:17,039 [DEBUG]: Updated parameter [kalman.maxVel]
2021-03-19 15:26:17,043 [DEBUG]: Updated parameter [deck.bcLedRing]
2021-03-19 15:26:17,046 [DEBUG]: Updated parameter [deck.bcBuzzer]
2021-03-19 15:26:17,050 [DEBUG]: Updated parameter [deck.bcGTGPS]
2021-03-19 15:26:17,054 [DEBUG]: Updated parameter [deck.bcCPPM]
2021-03-19 15:26:17,058 [DEBUG]: Updated parameter [deck.bcUSD]
2021-03-19 15:26:17,061 [DEBUG]: Updated parameter [deck.bcZRanger]
2021-03-19 15:26:17,064 [DEBUG]: Updated parameter [deck.bcZRanger2]
2021-03-19 15:26:17,069 [DEBUG]: Updated parameter [deck.bcDWM1000]
2021-03-19 15:26:17,072 [DEBUG]: Updated parameter [deck.bcFlow]
2021-03-19 15:26:17,075 [DEBUG]: Updated parameter [deck.bcFlow2]
2021-03-19 15:26:17,079 [DEBUG]: Updated parameter [deck.bcOA]
2021-03-19 15:26:17,082 [DEBUG]: Updated parameter [deck.bcMultiranger]
2021-03-19 15:26:17,085 [DEBUG]: Updated parameter [deck.bdLighthouse4]
2021-03-19 15:26:17,089 [DEBUG]: Updated parameter [ring.effect]
2021-03-19 15:26:17,092 [DEBUG]: Updated parameter [ring.neffect]
2021-03-19 15:26:17,096 [DEBUG]: Updated parameter [ring.solidRed]
2021-03-19 15:26:17,100 [DEBUG]: Updated parameter [ring.solidGreen]
2021-03-19 15:26:17,103 [DEBUG]: Updated parameter [ring.solidBlue]
2021-03-19 15:26:17,106 [DEBUG]: Updated parameter [ring.headlightEnable]
2021-03-19 15:26:17,110 [DEBUG]: Updated parameter [ring.glowstep]
2021-03-19 15:26:17,113 [DEBUG]: Updated parameter [ring.emptyCharge]
2021-03-19 15:26:17,116 [DEBUG]: Updated parameter [ring.fullCharge]
2021-03-19 15:26:17,120 [DEBUG]: Updated parameter [ring.fadeColor]
2021-03-19 15:26:17,124 [DEBUG]: Updated parameter [ring.fadeTime]
2021-03-19 15:26:17,129 [DEBUG]: Updated parameter [usd.logging]
2021-03-19 15:26:17,132 [DEBUG]: Updated parameter [loco.mode]
2021-03-19 15:26:17,135 [DEBUG]: Updated parameter [tdoa3.logId]
2021-03-19 15:26:17,140 [DEBUG]: Updated parameter [tdoa3.logOthrId]
2021-03-19 15:26:17,143 [DEBUG]: Updated parameter [motion.disable]
2021-03-19 15:26:17,146 [DEBUG]: Updated parameter [activeMarker.front]
2021-03-19 15:26:17,150 [DEBUG]: Updated parameter [activeMarker.back]
2021-03-19 15:26:17,153 [DEBUG]: Updated parameter [activeMarker.left]
2021-03-19 15:26:17,156 [DEBUG]: Updated parameter [activeMarker.right]
2021-03-19 15:26:17,169 [DEBUG]: Updated parameter [firmware.revision0]
2021-03-19 15:26:17,173 [DEBUG]: Updated parameter [firmware.revision1]
2021-03-19 15:26:17,176 [DEBUG]: Updated parameter [firmware.modified]
2021-03-19 15:26:17,180 [DEBUG]: Updated parameter [kalman.resetEstimation]
2021-03-19 15:26:21,112 [INFO]: Take-off!
