2021-03-19 15:42:18,685 [INFO]: Connecting to the Vicon...
2021-03-19 15:42:18,686 [INFO]: Connected to Vicon!
2021-03-19 15:42:18,686 [INFO]: Enabling data types...
2021-03-19 15:42:18,687 [DEBUG]: Segments: True
2021-03-19 15:42:18,687 [DEBUG]: Markers: True
2021-03-19 15:42:18,687 [DEBUG]: Unlabeled Markers: True
2021-03-19 15:42:18,687 [DEBUG]: Marker Rays: True
2021-03-19 15:42:18,687 [DEBUG]: Devices: True
2021-03-19 15:42:18,687 [DEBUG]: Centroids: True 
2021-03-19 15:42:18,687 [INFO]: Testing stream modes...
2021-03-19 15:42:18,687 [INFO]: Getting a frame in ClientPull mode...
2021-03-19 15:42:19,688 [ERROR]: Error using ClientPull mode. --> NoFrame
2021-03-19 15:42:19,688 [INFO]: Getting a frame in PreFetch mode...
2021-03-19 15:42:20,689 [ERROR]: Error using ClientPreFetch mode. --> NoFrame
2021-03-19 15:42:20,689 [INFO]: Getting a frame in ServerPush mode...
2021-03-19 15:42:20,689 [DEBUG]: Fetched! Pulled frame number: 1905363
2021-03-19 15:42:20,690 [INFO]: ServerPush mode set.
2021-03-19 15:42:20,690 [INFO]: Getting available framerates...
2021-03-19 15:42:20,690 [INFO]: Current Vicon frame rate: 100.0 Hz.
2021-03-19 15:42:20,690 [INFO]: Available frame rates: 
2021-03-19 15:42:20,690 [INFO]: Process Rate : 100 Hz 

2021-03-19 15:42:20,690 [INFO]: Setting axis...
2021-03-19 15:42:20,690 [INFO]: X Axis: AxisMapping.EForward
2021-03-19 15:42:20,690 [INFO]: Y Axis: AxisMapping.ELeft
2021-03-19 15:42:20,690 [INFO]: Z Axis: AxisMapping.EUp
2021-03-19 15:42:20,690 [INFO]: Initializing drivers...
2021-03-19 15:42:20,691 [INFO]: Drivers initialized.
2021-03-19 15:42:20,691 [INFO]: Connecting to the Crazyflie...
2021-03-19 15:42:20,691 [DEBUG]: Adding callback on port [6] to [<bound method Localization._incoming of <cflib.crazyflie.localization.Localization object at 0x0000012FEA343A08>>]
2021-03-19 15:42:20,691 [DEBUG]: Adding callback on port [5] to [<bound method Log._new_packet_cb of <cflib.crazyflie.log.Log object at 0x0000012FEA343B88>>]
2021-03-19 15:42:20,691 [DEBUG]: Adding callback on port [0] to [<bound method Console.incoming of <cflib.crazyflie.console.Console object at 0x0000012FEA343C48>>]
2021-03-19 15:42:20,691 [DEBUG]: Adding callback on port [2] to [<bound method _ParamUpdater._new_packet_cb of <_ParamUpdater(Thread-7, initial daemon)>>]
2021-03-19 15:42:20,692 [DEBUG]: Adding callback on port [4] to [<bound method Memory._new_packet_cb of <cflib.crazyflie.mem.Memory object at 0x0000012FD91E2988>>]
2021-03-19 15:42:20,692 [DEBUG]: Adding callback on port [13] to [<bound method PlatformService._platform_callback of <cflib.crazyflie.platformservice.PlatformService object at 0x0000012FEA358308>>]
2021-03-19 15:42:20,693 [DEBUG]: Adding callback on port [15] to [<bound method PlatformService._crt_service_callback of <cflib.crazyflie.platformservice.PlatformService object at 0x0000012FEA358308>>]
2021-03-19 15:42:20,693 [INFO]: Crazyflie has the following segments: ['Crazyflie']
2021-03-19 15:42:20,693 [INFO]: Crazyflie has root: Crazyflie
2021-03-19 15:42:20,693 [DEBUG]: ===Checking functions without flying===
2021-03-19 15:42:20,693 [DEBUG]: Fetched! Pulled frame number: 1905372
2021-03-19 15:42:20,693 [DEBUG]: Drone rotation matrix from Vicon: (((0.9950941146243197, 0.06152501910701489, -0.07747499637897852), (-0.06350136273446642, 0.9977095502070348, -0.02330730264406381), (0.07586356154905331, 0.028112727536788715, 0.9967218240710571)), False)
2021-03-19 15:42:20,694 [DEBUG]: Drone Euler XYZ from Vicon as given: [ 0.0233797  -0.07755271 -0.06174974]
2021-03-19 15:42:20,694 [DEBUG]: Drone position from global origin: (-17.657586474807164, -270.49109577731633, 44.017025612327075)
2021-03-19 15:42:20,698 [DEBUG]: Fetched! Pulled frame number: 1905373
2021-03-19 15:42:20,699 [DEBUG]: Drone rotation matrix from Vicon: (((0.9950814239452918, 0.0614076510627785, -0.07773068962747387), (-0.06339089418452203, 0.9977165820427559, -0.023307004342202533), (0.0761219695849849, 0.028119784989803092, 0.9967019230635756)), False)
2021-03-19 15:42:20,699 [DEBUG]: Drone Euler XYZ from Vicon as given: [ 0.02337987 -0.07780918 -0.06163302]
2021-03-19 15:42:20,699 [DEBUG]: Drone position from global origin: (-17.660143688486777, -270.48554499951376, 44.020709793940874)
2021-03-19 15:42:20,709 [DEBUG]: Fetched! Pulled frame number: 1905374
2021-03-19 15:42:20,709 [DEBUG]: Drone rotation matrix from Vicon: (((0.995074428332376, 0.061483474408754055, -0.07776030127014141), (-0.06346284266076559, 0.9977135083560495, -0.02324269444960915), (0.07615346138167314, 0.028063100657109624, 0.9967011150295253)), False)
2021-03-19 15:42:20,709 [DEBUG]: Drone Euler XYZ from Vicon as given: [ 0.0233154  -0.07783888 -0.06170936]
2021-03-19 15:42:20,709 [DEBUG]: Drone position from global origin: (-17.66181202953895, -270.48271386110446, 44.01880789274245)
2021-03-19 15:42:20,718 [DEBUG]: Fetched! Pulled frame number: 1905375
2021-03-19 15:42:20,718 [DEBUG]: Drone rotation matrix from Vicon: (((0.9950675883087708, 0.06142166130134012, -0.0778965610303184), (-0.06340637250286878, 0.997716593208586, -0.023264383986696873), (0.07628975438021877, 0.028088772832512435, 0.9966899689559283)), False)
2021-03-19 15:42:20,719 [DEBUG]: Drone Euler XYZ from Vicon as given: [ 0.02333741 -0.07797555 -0.0616479 ]
2021-03-19 15:42:20,719 [DEBUG]: Drone position from global origin: (-17.660616954936778, -270.48248805736733, 44.02123271737811)
2021-03-19 15:42:20,728 [DEBUG]: Fetched! Pulled frame number: 1905376
2021-03-19 15:42:20,728 [DEBUG]: Drone rotation matrix from Vicon: (((0.9950705146035506, 0.06141494399775544, -0.07786446956332264), (-0.06340205681801579, 0.997715852784991, -0.02330785903431338), (0.07625516479472151, 0.02812973080693964, 0.9966914608277022)), False)
2021-03-19 15:42:20,728 [DEBUG]: Drone Euler XYZ from Vicon as given: [ 0.02338097 -0.07794337 -0.061641  ]
2021-03-19 15:42:20,728 [DEBUG]: Drone position from global origin: (-17.656886368679388, -270.47908089511407, 44.01412457974109)
2021-03-19 15:42:20,738 [DEBUG]: Fetched! Pulled frame number: 1905377
2021-03-19 15:42:20,739 [DEBUG]: Drone rotation matrix from Vicon: (((0.9950661668949115, 0.06150294930520574, -0.07785056665066312), (-0.0634808311732823, 0.9977136070772071, -0.023189271798347386), (0.07624636105819921, 0.028016878479760955, 0.996695312994715)), False)
2021-03-19 15:42:20,739 [DEBUG]: Drone Euler XYZ from Vicon as given: [ 0.02326196 -0.07792942 -0.06172937]
2021-03-19 15:42:20,739 [DEBUG]: Drone position from global origin: (-17.65934048807454, -270.4803434316621, 44.01464754442327)
2021-03-19 15:42:20,749 [DEBUG]: Fetched! Pulled frame number: 1905378
2021-03-19 15:42:20,749 [DEBUG]: Drone rotation matrix from Vicon: (((0.9950915832746462, 0.06144816166402871, -0.07756844928235503), (-0.06342450596502706, 0.9977151863193932, -0.023275287984274598), (0.07596099616941669, 0.028080783745651813, 0.9967153037077237)), False)
2021-03-19 15:42:20,749 [DEBUG]: Drone Euler XYZ from Vicon as given: [ 0.02334775 -0.07764645 -0.06167295]
2021-03-19 15:42:20,749 [DEBUG]: Drone position from global origin: (-17.662306939571767, -270.48479928051944, 44.02010796997075)
2021-03-19 15:42:20,758 [DEBUG]: Fetched! Pulled frame number: 1905379
2021-03-19 15:42:20,759 [DEBUG]: Drone rotation matrix from Vicon: (((0.9950783711992395, 0.061455525293970366, -0.07773193412176702), (-0.06345011903978584, 0.997709384134668, -0.023453511537901765), (0.07611253224867481, 0.028270182533256732, 0.9966983892904768)), False)
2021-03-19 15:42:20,759 [DEBUG]: Drone Euler XYZ from Vicon as given: [ 0.02352686 -0.07781043 -0.06168114]
2021-03-19 15:42:20,759 [DEBUG]: Drone position from global origin: (-17.659977231183248, -270.48281094493666, 44.023016642665226)
2021-03-19 15:42:20,768 [DEBUG]: Fetched! Pulled frame number: 1905380
2021-03-19 15:42:20,768 [DEBUG]: Drone rotation matrix from Vicon: (((0.9950603784124677, 0.061411951748867655, -0.07799625308969127), (-0.06341547772016069, 0.997711117338413, -0.02347346427051697), (0.07637617756316578, 0.028303683889737495, 0.9966772702229693)), False)
2021-03-19 15:42:20,768 [DEBUG]: Drone Euler XYZ from Vicon as given: [ 0.02354737 -0.07807555 -0.06163863]
2021-03-19 15:42:20,769 [DEBUG]: Drone position from global origin: (-17.652911126678703, -270.4844852605041, 44.0203436541847)
2021-03-19 15:42:20,785 [DEBUG]: Fetched! Pulled frame number: 1905381
2021-03-19 15:42:20,786 [DEBUG]: Drone rotation matrix from Vicon: (((0.995063493266405, 0.061453906770052275, -0.07792343492914695), (-0.06345840211342182, 0.997707486567609, -0.023511751277938444), (0.07629990543683875, 0.028340582027229128, 0.9966820635692645)), False)
2021-03-19 15:42:20,788 [DEBUG]: Drone Euler XYZ from Vicon as given: [ 0.02358565 -0.07800251 -0.06168044]
2021-03-19 15:42:20,789 [DEBUG]: Drone position from global origin: (-17.65571246361358, -270.4861704471974, 44.02352604624225)
2021-03-19 15:42:20,789 [DEBUG]: ===============Offline check done=================
2021-03-19 15:42:20,791 [DEBUG]: Adding callback on port [6] to [<bound method Localization._incoming of <cflib.crazyflie.localization.Localization object at 0x0000012FEA3581C8>>]
2021-03-19 15:42:20,791 [DEBUG]: Adding callback on port [5] to [<bound method Log._new_packet_cb of <cflib.crazyflie.log.Log object at 0x0000012FEA358688>>]
2021-03-19 15:42:20,792 [DEBUG]: Adding callback on port [0] to [<bound method Console.incoming of <cflib.crazyflie.console.Console object at 0x0000012FEA358AC8>>]
2021-03-19 15:42:20,792 [DEBUG]: Adding callback on port [2] to [<bound method _ParamUpdater._new_packet_cb of <_ParamUpdater(Thread-9, initial daemon)>>]
2021-03-19 15:42:20,794 [DEBUG]: Adding callback on port [4] to [<bound method Memory._new_packet_cb of <cflib.crazyflie.mem.Memory object at 0x0000012FEA358F88>>]
2021-03-19 15:42:20,794 [DEBUG]: Adding callback on port [13] to [<bound method PlatformService._platform_callback of <cflib.crazyflie.platformservice.PlatformService object at 0x0000012FEA365148>>]
2021-03-19 15:42:20,794 [DEBUG]: Adding callback on port [15] to [<bound method PlatformService._crt_service_callback of <cflib.crazyflie.platformservice.PlatformService object at 0x0000012FEA365148>>]
2021-03-19 15:42:20,795 [INFO]: Callback->Connection initialized[radio://0/80/2M]
2021-03-19 15:42:20,806 [INFO]: We are connected[radio://0/80/2M], request connection setup
2021-03-19 15:42:20,807 [INFO]: Callback->Connected to [radio://0/80/2M]
2021-03-19 15:42:20,810 [WARNING]: Error no LogEntry to handle id=1
2021-03-19 15:42:20,815 [INFO]: Protocol  version: 4
2021-03-19 15:42:20,819 [DEBUG]: Logging reset, continue with TOC download
2021-03-19 15:42:20,819 [DEBUG]: [5]: Using V2 protocol: 1
2021-03-19 15:42:20,819 [DEBUG]: [5]: Start fetching...
2021-03-19 15:42:20,819 [DEBUG]: Adding callback on port [5] to [<bound method TocFetcher._new_packet_cb of <cflib.crazyflie.toc.TocFetcher object at 0x0000012FEA382188>>]
2021-03-19 15:42:20,822 [DEBUG]: [5]: Got TOC CRC, 317 items and crc=0x05C5AF70
2021-03-19 15:42:20,827 [INFO]: TOC for port [5] found in cache
2021-03-19 15:42:20,828 [DEBUG]: Removing callback on port [5] to [<bound method TocFetcher._new_packet_cb of <cflib.crazyflie.toc.TocFetcher object at 0x0000012FEA382188>>]
2021-03-19 15:42:20,828 [DEBUG]: [5]: Done!
2021-03-19 15:42:20,828 [INFO]: Log TOC finished updating
2021-03-19 15:42:20,829 [DEBUG]: Requesting number of memories
2021-03-19 15:42:20,832 [INFO]: 9 memories found
2021-03-19 15:42:20,832 [DEBUG]: Requesting first id
2021-03-19 15:42:20,837 [DEBUG]: Requesting information about memory 1
2021-03-19 15:42:20,841 [DEBUG]: Memory: id=1, type=LED driver, size=24
2021-03-19 15:42:20,841 [DEBUG]: Requesting information about memory 2
2021-03-19 15:42:20,845 [DEBUG]: Memory: id=2, type=Loco Positioning, size=6144
2021-03-19 15:42:20,845 [DEBUG]: Requesting information about memory 3
2021-03-19 15:42:20,849 [DEBUG]: Memory: id=3, type=Trajectory, size=4096
2021-03-19 15:42:20,849 [DEBUG]: Requesting information about memory 4
2021-03-19 15:42:20,853 [DEBUG]: Memory: id=4, type=Loco Positioning 2, size=69632
2021-03-19 15:42:20,854 [DEBUG]: Requesting information about memory 5
2021-03-19 15:42:20,858 [DEBUG]: Memory: id=5, type=Lighthouse positioning, size=96
2021-03-19 15:42:20,858 [DEBUG]: Requesting information about memory 6
2021-03-19 15:42:20,862 [DEBUG]: Memory: id=6, type=Memory tester, size=4096
2021-03-19 15:42:20,862 [DEBUG]: Requesting information about memory 7
2021-03-19 15:42:20,866 [DEBUG]: Memory: id=7, type=Unknown, size=0
2021-03-19 15:42:20,866 [DEBUG]: Requesting information about memory 8
2021-03-19 15:42:20,870 [DEBUG]: Done getting all the memories, start reading the OWs
2021-03-19 15:42:20,871 [DEBUG]: Updating content of memory 8
2021-03-19 15:42:20,871 [DEBUG]: Requesting new chunk of 11bytes at 0x0
2021-03-19 15:42:20,876 [DEBUG]: READ: Mem=8, addr=0x0, status=0x0, data=(235, 12, 0, 0, 0, 188, 15, 205, 0, 12, 1)
2021-03-19 15:42:20,876 [DEBUG]: READING: We are still interested in request for mem 8
2021-03-19 15:42:20,876 [DEBUG]: Requesting new chunk of 15bytes at 0x8
2021-03-19 15:42:20,882 [DEBUG]: READ: Mem=8, addr=0x8, status=0x0, data=(0, 12, 1, 7, 98, 99, 70, 108, 111, 119, 50, 2, 1, 65, 84)
2021-03-19 15:42:20,882 [DEBUG]: READING: We are still interested in request for mem 8
2021-03-19 15:42:20,882 [DEBUG]: OW 0DD9203F00000040 (BC:0F): {'Board name': 'bcFlow2', 'Board revision': 'A'}
2021-03-19 15:42:20,882 [INFO]: Memories finished updating
2021-03-19 15:42:20,883 [DEBUG]: [2]: Using V2 protocol: 1
2021-03-19 15:42:20,883 [DEBUG]: [2]: Start fetching...
2021-03-19 15:42:20,883 [DEBUG]: Adding callback on port [2] to [<bound method TocFetcher._new_packet_cb of <cflib.crazyflie.toc.TocFetcher object at 0x0000012FEA3B7288>>]
2021-03-19 15:42:20,886 [DEBUG]: [2]: Got TOC CRC, 164 items and crc=0x1042AFA8
2021-03-19 15:42:20,889 [INFO]: TOC for port [2] found in cache
2021-03-19 15:42:20,889 [DEBUG]: Removing callback on port [2] to [<bound method TocFetcher._new_packet_cb of <cflib.crazyflie.toc.TocFetcher object at 0x0000012FEA3B7288>>]
2021-03-19 15:42:20,889 [DEBUG]: [2]: Done!
2021-03-19 15:42:20,889 [INFO]: Param TOC finished updating
2021-03-19 15:42:20,889 [INFO]: Callback->Connection setup finished [radio://0/80/2M]
2021-03-19 15:42:20,890 [DEBUG]: Requesting request to update param [6]
2021-03-19 15:42:20,890 [DEBUG]: Requesting request to update param [1]
2021-03-19 15:42:20,890 [DEBUG]: Requesting request to update param [2]
2021-03-19 15:42:20,890 [DEBUG]: Requesting request to update param [3]
2021-03-19 15:42:20,890 [DEBUG]: Requesting request to update param [4]
2021-03-19 15:42:20,890 [DEBUG]: Requesting request to update param [5]
2021-03-19 15:42:20,890 [DEBUG]: Requesting request to update param [7]
2021-03-19 15:42:20,890 [DEBUG]: Requesting request to update param [8]
2021-03-19 15:42:20,890 [DEBUG]: Requesting request to update param [9]
2021-03-19 15:42:20,891 [DEBUG]: Requesting request to update param [10]
2021-03-19 15:42:20,891 [DEBUG]: Requesting request to update param [11]
2021-03-19 15:42:20,892 [DEBUG]: Requesting request to update param [16]
2021-03-19 15:42:20,892 [DEBUG]: Requesting request to update param [12]
2021-03-19 15:42:20,892 [DEBUG]: Requesting request to update param [13]
2021-03-19 15:42:20,892 [DEBUG]: Requesting request to update param [14]
2021-03-19 15:42:20,892 [DEBUG]: Requesting request to update param [15]
2021-03-19 15:42:20,892 [DEBUG]: Requesting request to update param [17]
2021-03-19 15:42:20,892 [DEBUG]: Requesting request to update param [18]
2021-03-19 15:42:20,892 [DEBUG]: Requesting request to update param [19]
2021-03-19 15:42:20,893 [DEBUG]: Requesting request to update param [20]
2021-03-19 15:42:20,893 [DEBUG]: Requesting request to update param [21]
2021-03-19 15:42:20,893 [DEBUG]: Requesting request to update param [22]
2021-03-19 15:42:20,893 [DEBUG]: Requesting request to update param [23]
2021-03-19 15:42:20,893 [DEBUG]: Requesting request to update param [24]
2021-03-19 15:42:20,893 [DEBUG]: Requesting request to update param [25]
2021-03-19 15:42:20,893 [DEBUG]: Requesting request to update param [26]
2021-03-19 15:42:20,893 [DEBUG]: Requesting request to update param [27]
2021-03-19 15:42:20,894 [DEBUG]: Requesting request to update param [28]
2021-03-19 15:42:20,894 [DEBUG]: Requesting request to update param [29]
2021-03-19 15:42:20,894 [DEBUG]: Requesting request to update param [30]
2021-03-19 15:42:20,894 [DEBUG]: Requesting request to update param [31]
2021-03-19 15:42:20,894 [DEBUG]: Requesting request to update param [32]
2021-03-19 15:42:20,895 [DEBUG]: Requesting request to update param [33]
2021-03-19 15:42:20,895 [DEBUG]: Requesting request to update param [34]
2021-03-19 15:42:20,895 [DEBUG]: Requesting request to update param [35]
2021-03-19 15:42:20,895 [DEBUG]: Requesting request to update param [36]
2021-03-19 15:42:20,895 [DEBUG]: Requesting request to update param [37]
2021-03-19 15:42:20,895 [DEBUG]: Requesting request to update param [38]
2021-03-19 15:42:20,896 [DEBUG]: Requesting request to update param [39]
2021-03-19 15:42:20,896 [DEBUG]: Requesting request to update param [40]
2021-03-19 15:42:20,896 [DEBUG]: Requesting request to update param [41]
2021-03-19 15:42:20,897 [DEBUG]: Requesting request to update param [42]
2021-03-19 15:42:20,897 [DEBUG]: Requesting request to update param [43]
2021-03-19 15:42:20,897 [DEBUG]: Requesting request to update param [44]
2021-03-19 15:42:20,898 [DEBUG]: Requesting request to update param [45]
2021-03-19 15:42:20,898 [DEBUG]: Requesting request to update param [46]
2021-03-19 15:42:20,898 [DEBUG]: Requesting request to update param [47]
2021-03-19 15:42:20,898 [DEBUG]: Requesting request to update param [48]
2021-03-19 15:42:20,899 [DEBUG]: Requesting request to update param [49]
2021-03-19 15:42:20,899 [DEBUG]: Requesting request to update param [50]
2021-03-19 15:42:20,899 [DEBUG]: Requesting request to update param [51]
2021-03-19 15:42:20,900 [DEBUG]: Requesting request to update param [52]
2021-03-19 15:42:20,900 [DEBUG]: Requesting request to update param [53]
2021-03-19 15:42:20,900 [DEBUG]: Requesting request to update param [54]
2021-03-19 15:42:20,900 [DEBUG]: Requesting request to update param [55]
2021-03-19 15:42:20,901 [DEBUG]: Requesting request to update param [56]
2021-03-19 15:42:20,901 [DEBUG]: Requesting request to update param [57]
2021-03-19 15:42:20,901 [DEBUG]: Requesting request to update param [58]
2021-03-19 15:42:20,901 [DEBUG]: Requesting request to update param [59]
2021-03-19 15:42:20,901 [DEBUG]: Requesting request to update param [60]
2021-03-19 15:42:20,901 [DEBUG]: Requesting request to update param [61]
2021-03-19 15:42:20,902 [DEBUG]: Requesting request to update param [62]
2021-03-19 15:42:20,902 [DEBUG]: Requesting request to update param [63]
2021-03-19 15:42:20,902 [DEBUG]: Requesting request to update param [64]
2021-03-19 15:42:20,902 [DEBUG]: Requesting request to update param [65]
2021-03-19 15:42:20,902 [DEBUG]: Requesting request to update param [66]
2021-03-19 15:42:20,902 [DEBUG]: Requesting request to update param [67]
2021-03-19 15:42:20,902 [DEBUG]: Requesting request to update param [68]
2021-03-19 15:42:20,902 [DEBUG]: Requesting request to update param [69]
2021-03-19 15:42:20,902 [DEBUG]: Requesting request to update param [70]
2021-03-19 15:42:20,902 [DEBUG]: Requesting request to update param [71]
2021-03-19 15:42:20,903 [DEBUG]: Requesting request to update param [72]
2021-03-19 15:42:20,903 [DEBUG]: Requesting request to update param [73]
2021-03-19 15:42:20,903 [DEBUG]: Requesting request to update param [74]
2021-03-19 15:42:20,903 [DEBUG]: Requesting request to update param [75]
2021-03-19 15:42:20,903 [DEBUG]: Requesting request to update param [76]
2021-03-19 15:42:20,903 [DEBUG]: Requesting request to update param [77]
2021-03-19 15:42:20,903 [DEBUG]: Requesting request to update param [78]
2021-03-19 15:42:20,903 [DEBUG]: Requesting request to update param [79]
2021-03-19 15:42:20,904 [DEBUG]: Requesting request to update param [80]
2021-03-19 15:42:20,904 [DEBUG]: Requesting request to update param [81]
2021-03-19 15:42:20,904 [DEBUG]: Requesting request to update param [82]
2021-03-19 15:42:20,904 [DEBUG]: Requesting request to update param [83]
2021-03-19 15:42:20,904 [DEBUG]: Requesting request to update param [84]
2021-03-19 15:42:20,904 [DEBUG]: Requesting request to update param [85]
2021-03-19 15:42:20,904 [DEBUG]: Requesting request to update param [86]
2021-03-19 15:42:20,904 [DEBUG]: Requesting request to update param [87]
2021-03-19 15:42:20,905 [DEBUG]: Requesting request to update param [88]
2021-03-19 15:42:20,905 [DEBUG]: Requesting request to update param [89]
2021-03-19 15:42:20,905 [DEBUG]: Requesting request to update param [90]
2021-03-19 15:42:20,905 [DEBUG]: Requesting request to update param [91]
2021-03-19 15:42:20,905 [DEBUG]: Requesting request to update param [92]
2021-03-19 15:42:20,905 [DEBUG]: Requesting request to update param [93]
2021-03-19 15:42:20,906 [DEBUG]: Requesting request to update param [94]
2021-03-19 15:42:20,906 [DEBUG]: Requesting request to update param [95]
2021-03-19 15:42:20,906 [DEBUG]: Requesting request to update param [96]
2021-03-19 15:42:20,906 [DEBUG]: Requesting request to update param [97]
2021-03-19 15:42:20,906 [DEBUG]: Requesting request to update param [98]
2021-03-19 15:42:20,907 [DEBUG]: Requesting request to update param [99]
2021-03-19 15:42:20,907 [DEBUG]: Requesting request to update param [100]
2021-03-19 15:42:20,907 [DEBUG]: Requesting request to update param [101]
2021-03-19 15:42:20,907 [DEBUG]: Requesting request to update param [102]
2021-03-19 15:42:20,907 [DEBUG]: Requesting request to update param [103]
2021-03-19 15:42:20,908 [DEBUG]: Requesting request to update param [104]
2021-03-19 15:42:20,908 [DEBUG]: Requesting request to update param [105]
2021-03-19 15:42:20,908 [DEBUG]: Requesting request to update param [106]
2021-03-19 15:42:20,908 [DEBUG]: Requesting request to update param [107]
2021-03-19 15:42:20,908 [DEBUG]: Requesting request to update param [108]
2021-03-19 15:42:20,909 [DEBUG]: Requesting request to update param [109]
2021-03-19 15:42:20,909 [DEBUG]: Requesting request to update param [110]
2021-03-19 15:42:20,909 [DEBUG]: Requesting request to update param [111]
2021-03-19 15:42:20,909 [DEBUG]: Requesting request to update param [112]
2021-03-19 15:42:20,910 [DEBUG]: Requesting request to update param [113]
2021-03-19 15:42:20,910 [DEBUG]: Requesting request to update param [114]
2021-03-19 15:42:20,910 [DEBUG]: Requesting request to update param [115]
2021-03-19 15:42:20,910 [DEBUG]: Requesting request to update param [116]
2021-03-19 15:42:20,911 [DEBUG]: Requesting request to update param [117]
2021-03-19 15:42:20,911 [DEBUG]: Requesting request to update param [118]
2021-03-19 15:42:20,911 [DEBUG]: Requesting request to update param [119]
2021-03-19 15:42:20,911 [DEBUG]: Requesting request to update param [120]
2021-03-19 15:42:20,911 [DEBUG]: Requesting request to update param [121]
2021-03-19 15:42:20,912 [DEBUG]: Requesting request to update param [122]
2021-03-19 15:42:20,912 [DEBUG]: Requesting request to update param [123]
2021-03-19 15:42:20,912 [DEBUG]: Requesting request to update param [124]
2021-03-19 15:42:20,912 [DEBUG]: Requesting request to update param [125]
2021-03-19 15:42:20,912 [DEBUG]: Requesting request to update param [126]
2021-03-19 15:42:20,912 [DEBUG]: Requesting request to update param [127]
2021-03-19 15:42:20,913 [DEBUG]: Requesting request to update param [128]
2021-03-19 15:42:20,913 [DEBUG]: Requesting request to update param [140]
2021-03-19 15:42:20,913 [DEBUG]: Requesting request to update param [141]
2021-03-19 15:42:20,913 [DEBUG]: Requesting request to update param [142]
2021-03-19 15:42:20,913 [DEBUG]: Requesting request to update param [143]
2021-03-19 15:42:20,914 [DEBUG]: Requesting request to update param [145]
2021-03-19 15:42:20,914 [DEBUG]: Requesting request to update param [146]
2021-03-19 15:42:20,914 [DEBUG]: Requesting request to update param [147]
2021-03-19 15:42:20,914 [DEBUG]: Requesting request to update param [151]
2021-03-19 15:42:20,914 [DEBUG]: Requesting request to update param [152]
2021-03-19 15:42:20,915 [DEBUG]: Requesting request to update param [154]
2021-03-19 15:42:20,915 [DEBUG]: Requesting request to update param [155]
2021-03-19 15:42:20,915 [DEBUG]: Requesting request to update param [156]
2021-03-19 15:42:20,915 [DEBUG]: Requesting request to update param [129]
2021-03-19 15:42:20,916 [DEBUG]: Requesting request to update param [130]
2021-03-19 15:42:20,916 [DEBUG]: Requesting request to update param [131]
2021-03-19 15:42:20,916 [DEBUG]: Requesting request to update param [132]
2021-03-19 15:42:20,917 [DEBUG]: Requesting request to update param [133]
2021-03-19 15:42:20,917 [DEBUG]: Requesting request to update param [134]
2021-03-19 15:42:20,917 [DEBUG]: Requesting request to update param [135]
2021-03-19 15:42:20,917 [DEBUG]: Requesting request to update param [136]
2021-03-19 15:42:20,918 [DEBUG]: Requesting request to update param [137]
2021-03-19 15:42:20,918 [DEBUG]: Requesting request to update param [138]
2021-03-19 15:42:20,918 [DEBUG]: Requesting request to update param [139]
2021-03-19 15:42:20,918 [DEBUG]: Requesting request to update param [144]
2021-03-19 15:42:20,919 [DEBUG]: Requesting request to update param [148]
2021-03-19 15:42:20,919 [DEBUG]: Requesting request to update param [149]
2021-03-19 15:42:20,919 [DEBUG]: Requesting request to update param [150]
2021-03-19 15:42:20,919 [DEBUG]: Requesting request to update param [153]
2021-03-19 15:42:20,919 [DEBUG]: Requesting request to update param [157]
2021-03-19 15:42:20,919 [DEBUG]: Requesting request to update param [158]
2021-03-19 15:42:20,919 [DEBUG]: Requesting request to update param [159]
2021-03-19 15:42:20,919 [DEBUG]: Requesting request to update param [160]
2021-03-19 15:42:20,920 [DEBUG]: Requesting request to update param [161]
2021-03-19 15:42:20,920 [DEBUG]: Requesting request to update param [162]
2021-03-19 15:42:20,920 [DEBUG]: Requesting request to update param [163]
2021-03-19 15:42:20,920 [DEBUG]: Updated parameter [imu_sensors.BMP388]
2021-03-19 15:42:20,924 [DEBUG]: Updated parameter [imu_sensors.HMC5883L]
2021-03-19 15:42:20,928 [DEBUG]: Updated parameter [imu_sensors.MS5611]
2021-03-19 15:42:20,932 [DEBUG]: Updated parameter [imu_tests.MPU6500]
2021-03-19 15:42:20,935 [DEBUG]: Updated parameter [imu_tests.HMC5883L]
2021-03-19 15:42:20,938 [DEBUG]: Updated parameter [imu_tests.MS5611]
2021-03-19 15:42:20,942 [DEBUG]: Updated parameter [cpu.flash]
2021-03-19 15:42:20,947 [DEBUG]: Updated parameter [cpu.id0]
2021-03-19 15:42:20,952 [DEBUG]: Updated parameter [cpu.id1]
2021-03-19 15:42:20,957 [DEBUG]: Updated parameter [cpu.id2]
2021-03-19 15:42:20,960 [DEBUG]: Updated parameter [system.selftestPassed]
2021-03-19 15:42:20,963 [DEBUG]: Updated parameter [system.taskDump]
2021-03-19 15:42:20,967 [DEBUG]: Updated parameter [sound.effect]
2021-03-19 15:42:20,970 [DEBUG]: Updated parameter [sound.neffect]
2021-03-19 15:42:20,973 [DEBUG]: Updated parameter [sound.freq]
2021-03-19 15:42:20,977 [DEBUG]: Updated parameter [sound.ratio]
2021-03-19 15:42:20,980 [DEBUG]: Updated parameter [memTst.resetW]
2021-03-19 15:42:20,983 [DEBUG]: Updated parameter [commander.enHighLevel]
2021-03-19 15:42:20,987 [DEBUG]: Updated parameter [flightmode.althold]
2021-03-19 15:42:20,990 [DEBUG]: Updated parameter [flightmode.poshold]
2021-03-19 15:42:20,993 [DEBUG]: Updated parameter [flightmode.posSet]
2021-03-19 15:42:20,997 [DEBUG]: Updated parameter [flightmode.yawMode]
2021-03-19 15:42:21,000 [DEBUG]: Updated parameter [flightmode.yawRst]
2021-03-19 15:42:21,003 [DEBUG]: Updated parameter [flightmode.stabModeRoll]
2021-03-19 15:42:21,007 [DEBUG]: Updated parameter [flightmode.stabModePitch]
2021-03-19 15:42:21,011 [DEBUG]: Updated parameter [flightmode.stabModeYaw]
2021-03-19 15:42:21,015 [DEBUG]: Updated parameter [cmdrCPPM.rateRoll]
2021-03-19 15:42:21,019 [DEBUG]: Updated parameter [cmdrCPPM.ratePitch]
2021-03-19 15:42:21,022 [DEBUG]: Updated parameter [cmdrCPPM.rateYaw]
2021-03-19 15:42:21,025 [DEBUG]: Updated parameter [cmdrCPPM.angRoll]
2021-03-19 15:42:21,038 [DEBUG]: Updated parameter [cmdrCPPM.angPitch]
2021-03-19 15:42:21,041 [DEBUG]: Updated parameter [locSrv.enRangeStreamFP32]
2021-03-19 15:42:21,045 [DEBUG]: Updated parameter [locSrv.extPosStdDev]
2021-03-19 15:42:21,049 [DEBUG]: Updated parameter [locSrv.extQuatStdDev]
2021-03-19 15:42:21,053 [DEBUG]: Updated parameter [pid_attitude.roll_kp]
2021-03-19 15:42:21,056 [DEBUG]: Updated parameter [pid_attitude.roll_ki]
2021-03-19 15:42:21,060 [DEBUG]: Updated parameter [pid_attitude.roll_kd]
2021-03-19 15:42:21,063 [DEBUG]: Updated parameter [pid_attitude.pitch_kp]
2021-03-19 15:42:21,066 [DEBUG]: Updated parameter [pid_attitude.pitch_ki]
2021-03-19 15:42:21,070 [DEBUG]: Updated parameter [pid_attitude.pitch_kd]
2021-03-19 15:42:21,074 [DEBUG]: Updated parameter [pid_attitude.yaw_kp]
2021-03-19 15:42:21,077 [DEBUG]: Updated parameter [pid_attitude.yaw_ki]
2021-03-19 15:42:21,081 [DEBUG]: Updated parameter [pid_attitude.yaw_kd]
2021-03-19 15:42:21,085 [DEBUG]: Updated parameter [pid_rate.roll_kp]
2021-03-19 15:42:21,089 [DEBUG]: Updated parameter [pid_rate.roll_ki]
2021-03-19 15:42:21,093 [DEBUG]: Updated parameter [pid_rate.roll_kd]
2021-03-19 15:42:21,096 [DEBUG]: Updated parameter [pid_rate.pitch_kp]
2021-03-19 15:42:21,099 [DEBUG]: Updated parameter [pid_rate.pitch_ki]
2021-03-19 15:42:21,103 [DEBUG]: Updated parameter [pid_rate.pitch_kd]
2021-03-19 15:42:21,106 [DEBUG]: Updated parameter [pid_rate.yaw_kp]
2021-03-19 15:42:21,109 [DEBUG]: Updated parameter [pid_rate.yaw_ki]
2021-03-19 15:42:21,113 [DEBUG]: Updated parameter [pid_rate.yaw_kd]
2021-03-19 15:42:21,117 [DEBUG]: Updated parameter [sensfusion6.kp]
2021-03-19 15:42:21,120 [DEBUG]: Updated parameter [sensfusion6.ki]
2021-03-19 15:42:21,124 [DEBUG]: Updated parameter [sensfusion6.baseZacc]
2021-03-19 15:42:21,127 [DEBUG]: Updated parameter [health.startPropTest]
2021-03-19 15:42:21,130 [DEBUG]: Updated parameter [stabilizer.estimator]
2021-03-19 15:42:21,133 [DEBUG]: Updated parameter [stabilizer.controller]
2021-03-19 15:42:21,137 [DEBUG]: Updated parameter [posEstAlt.estAlphaAsl]
2021-03-19 15:42:21,141 [DEBUG]: Updated parameter [posEstAlt.estAlphaZr]
2021-03-19 15:42:21,144 [DEBUG]: Updated parameter [posEstAlt.velFactor]
2021-03-19 15:42:21,148 [DEBUG]: Updated parameter [posEstAlt.velZAlpha]
2021-03-19 15:42:21,152 [DEBUG]: Updated parameter [posEstAlt.vAccDeadband]
2021-03-19 15:42:21,155 [DEBUG]: Updated parameter [posCtlPid.xKp]
2021-03-19 15:42:21,168 [DEBUG]: Updated parameter [posCtlPid.xKi]
2021-03-19 15:42:21,171 [DEBUG]: Updated parameter [posCtlPid.xKd]
2021-03-19 15:42:21,175 [DEBUG]: Updated parameter [posCtlPid.yKp]
2021-03-19 15:42:21,178 [DEBUG]: Updated parameter [posCtlPid.yKi]
2021-03-19 15:42:21,181 [DEBUG]: Updated parameter [posCtlPid.yKd]
2021-03-19 15:42:21,185 [DEBUG]: Updated parameter [posCtlPid.zKp]
2021-03-19 15:42:21,188 [DEBUG]: Updated parameter [posCtlPid.zKi]
2021-03-19 15:42:21,192 [DEBUG]: Updated parameter [posCtlPid.zKd]
2021-03-19 15:42:21,196 [DEBUG]: Updated parameter [posCtlPid.thrustBase]
2021-03-19 15:42:21,199 [DEBUG]: Updated parameter [posCtlPid.thrustMin]
2021-03-19 15:42:21,203 [DEBUG]: Updated parameter [posCtlPid.rpLimit]
2021-03-19 15:42:21,207 [DEBUG]: Updated parameter [posCtlPid.xyVelMax]
2021-03-19 15:42:21,210 [DEBUG]: Updated parameter [posCtlPid.zVelMax]
2021-03-19 15:42:21,213 [DEBUG]: Updated parameter [velCtlPid.vxKp]
2021-03-19 15:42:21,217 [DEBUG]: Updated parameter [velCtlPid.vxKi]
2021-03-19 15:42:21,220 [DEBUG]: Updated parameter [velCtlPid.vxKd]
2021-03-19 15:42:21,223 [DEBUG]: Updated parameter [velCtlPid.vyKp]
2021-03-19 15:42:21,227 [DEBUG]: Updated parameter [velCtlPid.vyKi]
2021-03-19 15:42:21,230 [DEBUG]: Updated parameter [velCtlPid.vyKd]
2021-03-19 15:42:21,233 [DEBUG]: Updated parameter [velCtlPid.vzKp]
2021-03-19 15:42:21,237 [DEBUG]: Updated parameter [velCtlPid.vzKi]
2021-03-19 15:42:21,240 [DEBUG]: Updated parameter [velCtlPid.vzKd]
2021-03-19 15:42:21,243 [DEBUG]: Updated parameter [controller.tiltComp]
2021-03-19 15:42:21,247 [DEBUG]: Updated parameter [ctrlMel.kp_xy]
2021-03-19 15:42:21,251 [DEBUG]: Updated parameter [ctrlMel.kd_xy]
2021-03-19 15:42:21,254 [DEBUG]: Updated parameter [ctrlMel.ki_xy]
2021-03-19 15:42:21,258 [DEBUG]: Updated parameter [ctrlMel.i_range_xy]
2021-03-19 15:42:21,261 [DEBUG]: Updated parameter [ctrlMel.kp_z]
2021-03-19 15:42:21,265 [DEBUG]: Updated parameter [ctrlMel.kd_z]
2021-03-19 15:42:21,268 [DEBUG]: Updated parameter [ctrlMel.ki_z]
2021-03-19 15:42:21,271 [DEBUG]: Updated parameter [ctrlMel.i_range_z]
2021-03-19 15:42:21,275 [DEBUG]: Updated parameter [ctrlMel.mass]
2021-03-19 15:42:21,278 [DEBUG]: Updated parameter [ctrlMel.massThrust]
2021-03-19 15:42:21,281 [DEBUG]: Updated parameter [ctrlMel.kR_xy]
2021-03-19 15:42:21,285 [DEBUG]: Updated parameter [ctrlMel.kR_z]
2021-03-19 15:42:21,289 [DEBUG]: Updated parameter [ctrlMel.kw_xy]
2021-03-19 15:42:21,302 [DEBUG]: Updated parameter [ctrlMel.kw_z]
2021-03-19 15:42:21,305 [DEBUG]: Updated parameter [ctrlMel.ki_m_xy]
2021-03-19 15:42:21,309 [DEBUG]: Updated parameter [ctrlMel.ki_m_z]
2021-03-19 15:42:21,313 [DEBUG]: Updated parameter [ctrlMel.kd_omega_rp]
2021-03-19 15:42:21,316 [DEBUG]: Updated parameter [ctrlMel.i_range_m_xy]
2021-03-19 15:42:21,321 [DEBUG]: Updated parameter [ctrlMel.i_range_m_z]
2021-03-19 15:42:21,325 [DEBUG]: Updated parameter [motorPowerSet.enable]
2021-03-19 15:42:21,328 [DEBUG]: Updated parameter [motorPowerSet.m1]
2021-03-19 15:42:21,332 [DEBUG]: Updated parameter [motorPowerSet.m2]
2021-03-19 15:42:21,335 [DEBUG]: Updated parameter [motorPowerSet.m3]
2021-03-19 15:42:21,338 [DEBUG]: Updated parameter [motorPowerSet.m4]
2021-03-19 15:42:21,342 [DEBUG]: Updated parameter [kalman.resetEstimation]
2021-03-19 15:42:21,345 [DEBUG]: Updated parameter [kalman.quadIsFlying]
2021-03-19 15:42:21,348 [DEBUG]: Updated parameter [kalman.pNAcc_xy]
2021-03-19 15:42:21,352 [DEBUG]: Updated parameter [kalman.pNAcc_z]
2021-03-19 15:42:21,355 [DEBUG]: Updated parameter [kalman.pNVel]
2021-03-19 15:42:21,359 [DEBUG]: Updated parameter [kalman.pNPos]
2021-03-19 15:42:21,363 [DEBUG]: Updated parameter [kalman.pNAtt]
2021-03-19 15:42:21,366 [DEBUG]: Updated parameter [kalman.mNBaro]
2021-03-19 15:42:21,369 [DEBUG]: Updated parameter [kalman.mNGyro_rollpitch]
2021-03-19 15:42:21,373 [DEBUG]: Updated parameter [kalman.mNGyro_yaw]
2021-03-19 15:42:21,377 [DEBUG]: Updated parameter [kalman.initialX]
2021-03-19 15:42:21,380 [DEBUG]: Updated parameter [kalman.initialY]
2021-03-19 15:42:21,383 [DEBUG]: Updated parameter [kalman.initialZ]
2021-03-19 15:42:21,387 [DEBUG]: Updated parameter [kalman.initialYaw]
2021-03-19 15:42:21,391 [DEBUG]: Updated parameter [kalman.maxPos]
2021-03-19 15:42:21,394 [DEBUG]: Updated parameter [kalman.maxVel]
2021-03-19 15:42:21,397 [DEBUG]: Updated parameter [deck.bcLedRing]
2021-03-19 15:42:21,401 [DEBUG]: Updated parameter [deck.bcBuzzer]
2021-03-19 15:42:21,404 [DEBUG]: Updated parameter [deck.bcGTGPS]
2021-03-19 15:42:21,407 [DEBUG]: Updated parameter [deck.bcCPPM]
2021-03-19 15:42:21,411 [DEBUG]: Updated parameter [deck.bcUSD]
2021-03-19 15:42:21,414 [DEBUG]: Updated parameter [deck.bcZRanger]
2021-03-19 15:42:21,418 [DEBUG]: Updated parameter [deck.bcZRanger2]
2021-03-19 15:42:21,421 [DEBUG]: Updated parameter [deck.bcDWM1000]
2021-03-19 15:42:21,434 [DEBUG]: Updated parameter [deck.bcFlow]
2021-03-19 15:42:21,437 [DEBUG]: Updated parameter [deck.bcFlow2]
2021-03-19 15:42:21,441 [DEBUG]: Updated parameter [deck.bcOA]
2021-03-19 15:42:21,444 [DEBUG]: Updated parameter [deck.bcMultiranger]
2021-03-19 15:42:21,447 [DEBUG]: Updated parameter [deck.bdLighthouse4]
2021-03-19 15:42:21,451 [DEBUG]: Updated parameter [ring.effect]
2021-03-19 15:42:21,455 [DEBUG]: Updated parameter [ring.neffect]
2021-03-19 15:42:21,459 [DEBUG]: Updated parameter [ring.solidRed]
2021-03-19 15:42:21,463 [DEBUG]: Updated parameter [ring.solidGreen]
2021-03-19 15:42:21,465 [DEBUG]: Updated parameter [ring.solidBlue]
2021-03-19 15:42:21,469 [DEBUG]: Updated parameter [ring.headlightEnable]
2021-03-19 15:42:21,472 [DEBUG]: Updated parameter [ring.glowstep]
2021-03-19 15:42:21,475 [DEBUG]: Updated parameter [ring.emptyCharge]
2021-03-19 15:42:21,479 [DEBUG]: Updated parameter [ring.fullCharge]
2021-03-19 15:42:21,483 [DEBUG]: Updated parameter [ring.fadeColor]
2021-03-19 15:42:21,487 [DEBUG]: Updated parameter [ring.fadeTime]
2021-03-19 15:42:21,490 [DEBUG]: Updated parameter [usd.logging]
2021-03-19 15:42:21,493 [DEBUG]: Updated parameter [loco.mode]
2021-03-19 15:42:21,496 [DEBUG]: Updated parameter [tdoa3.logId]
2021-03-19 15:42:21,500 [DEBUG]: Updated parameter [tdoa3.logOthrId]
2021-03-19 15:42:21,503 [DEBUG]: Updated parameter [motion.disable]
2021-03-19 15:42:21,506 [DEBUG]: Updated parameter [activeMarker.front]
2021-03-19 15:42:21,510 [DEBUG]: Updated parameter [activeMarker.back]
2021-03-19 15:42:21,513 [DEBUG]: Updated parameter [activeMarker.left]
2021-03-19 15:42:21,516 [DEBUG]: Updated parameter [activeMarker.right]
2021-03-19 15:42:21,520 [DEBUG]: Updated parameter [firmware.revision0]
2021-03-19 15:42:21,523 [DEBUG]: Updated parameter [firmware.revision1]
2021-03-19 15:42:21,526 [DEBUG]: Updated parameter [firmware.modified]
2021-03-19 15:42:23,044 [DEBUG]: Adding stateEstimate.x with id=121 and type=0x77
2021-03-19 15:42:23,044 [DEBUG]: Adding stateEstimate.y with id=122 and type=0x77
2021-03-19 15:42:23,044 [DEBUG]: Adding stateEstimate.z with id=123 and type=0x77
2021-03-19 15:42:23,044 [DEBUG]: Adding stabilizer.roll with id=117 and type=0x77
2021-03-19 15:42:23,045 [DEBUG]: Adding stabilizer.pitch with id=118 and type=0x77
2021-03-19 15:42:23,045 [DEBUG]: Adding stabilizer.yaw with id=119 and type=0x77
2021-03-19 15:42:23,045 [DEBUG]: Adding log block id 1
2021-03-19 15:42:23,045 [DEBUG]: First time block is started, add block
2021-03-19 15:42:23,049 [DEBUG]: Have successfully added id=1
2021-03-19 15:42:23,052 [INFO]: Have successfully started logging for id=1
2021-03-19 15:42:23,054 [ERROR]: Exception while doing callback on port [5]

Traceback (most recent call last):
  File "C:\Users\Vicon-PC\Desktop\PROGETTO CRAZYFLIE\CrazyFlie-SdGN\cflib\crazyflie\__init__.py", line 399, in run
    cb.callback(pk)
  File "C:\Users\Vicon-PC\Desktop\PROGETTO CRAZYFLIE\CrazyFlie-SdGN\cflib\crazyflie\log.py", line 527, in _new_packet_cb
    block.started = True
  File "C:\Users\Vicon-PC\Desktop\PROGETTO CRAZYFLIE\CrazyFlie-SdGN\cflib\crazyflie\log.py", line 211, in _set_started
    self.started_cb.call(self, started)
  File "C:\Users\Vicon-PC\Desktop\PROGETTO CRAZYFLIE\CrazyFlie-SdGN\cflib\utils\callbacks.py", line 55, in call
    cb(*args)
TypeError: print_callback() missing 1 required positional argument: 'log_conf'

2021-03-19 15:42:34,264 [DEBUG]: Block already registered, starting logging for id=1
2021-03-19 15:42:34,267 [INFO]: Have successfully started logging for id=1
2021-03-19 15:42:34,268 [ERROR]: Exception while doing callback on port [5]

Traceback (most recent call last):
  File "C:\Users\Vicon-PC\Desktop\PROGETTO CRAZYFLIE\CrazyFlie-SdGN\cflib\crazyflie\__init__.py", line 399, in run
    cb.callback(pk)
  File "C:\Users\Vicon-PC\Desktop\PROGETTO CRAZYFLIE\CrazyFlie-SdGN\cflib\crazyflie\log.py", line 527, in _new_packet_cb
    block.started = True
  File "C:\Users\Vicon-PC\Desktop\PROGETTO CRAZYFLIE\CrazyFlie-SdGN\cflib\crazyflie\log.py", line 211, in _set_started
    self.started_cb.call(self, started)
  File "C:\Users\Vicon-PC\Desktop\PROGETTO CRAZYFLIE\CrazyFlie-SdGN\cflib\utils\callbacks.py", line 55, in call
    cb(*args)
TypeError: print_callback() missing 1 required positional argument: 'log_conf'

2021-03-19 15:42:34,268 [DEBUG]: Updated parameter [kalman.resetEstimation]
2021-03-19 15:42:34,368 [DEBUG]: Updated parameter [kalman.resetEstimation]
2021-03-19 15:42:38,867 [INFO]: Take-off!
