2021-03-19 15:27:05,907 [INFO]: Connecting to the Vicon...
2021-03-19 15:27:05,908 [INFO]: Connected to Vicon!
2021-03-19 15:27:05,908 [INFO]: Enabling data types...
2021-03-19 15:27:05,908 [DEBUG]: Segments: True
2021-03-19 15:27:05,908 [DEBUG]: Markers: True
2021-03-19 15:27:05,908 [DEBUG]: Unlabeled Markers: True
2021-03-19 15:27:05,908 [DEBUG]: Marker Rays: True
2021-03-19 15:27:05,909 [DEBUG]: Devices: True
2021-03-19 15:27:05,909 [DEBUG]: Centroids: True 
2021-03-19 15:27:05,909 [INFO]: Testing stream modes...
2021-03-19 15:27:05,909 [INFO]: Getting a frame in ClientPull mode...
2021-03-19 15:27:06,911 [ERROR]: Error using ClientPull mode. --> NoFrame
2021-03-19 15:27:06,912 [INFO]: Getting a frame in PreFetch mode...
2021-03-19 15:27:07,912 [ERROR]: Error using ClientPreFetch mode. --> NoFrame
2021-03-19 15:27:07,913 [INFO]: Getting a frame in ServerPush mode...
2021-03-19 15:27:07,914 [DEBUG]: Fetched! Pulled frame number: 1814084
2021-03-19 15:27:07,915 [INFO]: ServerPush mode set.
2021-03-19 15:27:07,915 [INFO]: Getting available framerates...
2021-03-19 15:27:07,916 [INFO]: Current Vicon frame rate: 100.0 Hz.
2021-03-19 15:27:07,917 [INFO]: Available frame rates: 
2021-03-19 15:27:07,917 [INFO]: Process Rate : 100 Hz 

2021-03-19 15:27:07,917 [INFO]: Setting axis...
2021-03-19 15:27:07,918 [INFO]: X Axis: AxisMapping.EForward
2021-03-19 15:27:07,919 [INFO]: Y Axis: AxisMapping.ELeft
2021-03-19 15:27:07,919 [INFO]: Z Axis: AxisMapping.EUp
2021-03-19 15:27:07,920 [INFO]: Initializing drivers...
2021-03-19 15:27:07,920 [INFO]: Drivers initialized.
2021-03-19 15:27:07,920 [INFO]: Connecting to the Crazyflie...
2021-03-19 15:27:07,921 [DEBUG]: Adding callback on port [6] to [<bound method Localization._incoming of <cflib.crazyflie.localization.Localization object at 0x00000201611B29C8>>]
2021-03-19 15:27:07,921 [DEBUG]: Adding callback on port [5] to [<bound method Log._new_packet_cb of <cflib.crazyflie.log.Log object at 0x00000201611B2B48>>]
2021-03-19 15:27:07,922 [DEBUG]: Adding callback on port [0] to [<bound method Console.incoming of <cflib.crazyflie.console.Console object at 0x00000201611B2C08>>]
2021-03-19 15:27:07,922 [DEBUG]: Adding callback on port [2] to [<bound method _ParamUpdater._new_packet_cb of <_ParamUpdater(Thread-7, initial daemon)>>]
2021-03-19 15:27:07,924 [DEBUG]: Adding callback on port [4] to [<bound method Memory._new_packet_cb of <cflib.crazyflie.mem.Memory object at 0x00000201611B2F08>>]
2021-03-19 15:27:07,924 [DEBUG]: Adding callback on port [13] to [<bound method PlatformService._platform_callback of <cflib.crazyflie.platformservice.PlatformService object at 0x00000201611C8188>>]
2021-03-19 15:27:07,925 [DEBUG]: Adding callback on port [15] to [<bound method PlatformService._crt_service_callback of <cflib.crazyflie.platformservice.PlatformService object at 0x00000201611C8188>>]
2021-03-19 15:27:07,925 [INFO]: Crazyflie has the following segments: ['Crazyflie']
2021-03-19 15:27:07,925 [INFO]: Crazyflie has root: Crazyflie
2021-03-19 15:27:07,925 [DEBUG]: ===Checking functions without flying===
2021-03-19 15:27:07,926 [DEBUG]: Fetched! Pulled frame number: 1814094
2021-03-19 15:27:07,926 [DEBUG]: Drone rotation matrix from Vicon: (((0.9894831138048221, 0.12677966150142986, -0.06964255110703652), (-0.13094276721105494, 0.989640964481756, -0.05886215367051439), (0.06145859752894462, 0.06736229545675121, 0.9958339027872934)), False)
2021-03-19 15:27:07,927 [DEBUG]: Drone Euler XYZ from Vicon as given: [ 0.05903971 -0.06969897 -0.12743285]
2021-03-19 15:27:07,927 [DEBUG]: Drone position from global origin: (26.15660021202015, -81.29936462716904, 45.284784158112444)
2021-03-19 15:27:07,929 [DEBUG]: Fetched! Pulled frame number: 1814095
2021-03-19 15:27:07,929 [DEBUG]: Drone rotation matrix from Vicon: (((0.9894698140321093, 0.12676073404914084, -0.06986560972743402), (-0.1309351068446516, 0.9896456480426323, -0.05880041756533725), (0.061688612521621965, 0.0673290993078129, 0.9958219255828603)), False)
2021-03-19 15:27:07,930 [DEBUG]: Drone Euler XYZ from Vicon as given: [ 0.05897864 -0.06992257 -0.12741572]
2021-03-19 15:27:07,930 [DEBUG]: Drone position from global origin: (26.157042833380395, -81.29850738861929, 45.28567384206444)
2021-03-19 15:27:07,937 [DEBUG]: Fetched! Pulled frame number: 1814096
2021-03-19 15:27:07,937 [DEBUG]: Drone rotation matrix from Vicon: (((0.9894625551426482, 0.12679538176062025, -0.06990553007280872), (-0.1309684895451099, 0.9896450347820224, -0.058736359076489345), (0.06173416166802817, 0.06727284961608522, 0.9958229044301388)), False)
2021-03-19 15:27:07,938 [DEBUG]: Drone Euler XYZ from Vicon as given: [ 0.05891448 -0.06996259 -0.1274511 ]
2021-03-19 15:27:07,938 [DEBUG]: Drone position from global origin: (26.149800090692707, -81.29529968555065, 45.289100233786215)
2021-03-19 15:27:07,953 [DEBUG]: Fetched! Pulled frame number: 1814097
2021-03-19 15:27:07,954 [DEBUG]: Drone rotation matrix from Vicon: (((0.9894594732150305, 0.1268100896987129, -0.06992247146403503), (-0.13098712696718642, 0.9896399042035698, -0.05878122639781538), (0.06174401536923716, 0.06732058495403487, 0.9958190676059231)), False)
2021-03-19 15:27:07,955 [DEBUG]: Drone Euler XYZ from Vicon as given: [ 0.0589596  -0.06997957 -0.12746612]
2021-03-19 15:27:07,955 [DEBUG]: Drone position from global origin: (26.15047598055006, -81.2968716486828, 45.28711140459735)
2021-03-19 15:27:07,960 [DEBUG]: Fetched! Pulled frame number: 1814098
2021-03-19 15:27:07,961 [DEBUG]: Drone rotation matrix from Vicon: (((0.9894841715005979, 0.12668887448029947, -0.06979257433774985), (-0.1308628925629433, 0.9896507833099181, -0.058874701223235494), (0.06161150622923422, 0.0673888431194706, 0.9958226579683676)), False)
2021-03-19 15:27:07,961 [DEBUG]: Drone Euler XYZ from Vicon as given: [ 0.05905293 -0.06984936 -0.12734244]
2021-03-19 15:27:07,962 [DEBUG]: Drone position from global origin: (26.153084895492192, -81.29429962465923, 45.290644360092536)
2021-03-19 15:27:07,969 [DEBUG]: Fetched! Pulled frame number: 1814099
2021-03-19 15:27:07,969 [DEBUG]: Drone rotation matrix from Vicon: (((0.9894654300383802, 0.12667252119736166, -0.07008733931650823), (-0.13086011222759136, 0.9896572511059788, -0.05877207126807525), (0.06191763712178938, 0.06732456986020398, 0.9958080178962172)), False)
2021-03-19 15:27:07,970 [DEBUG]: Drone Euler XYZ from Vicon as given: [ 0.0589511  -0.07014485 -0.12732857]
2021-03-19 15:27:07,970 [DEBUG]: Drone position from global origin: (26.15051025713722, -81.29438696089622, 45.28315812174253)
2021-03-19 15:27:07,978 [DEBUG]: Fetched! Pulled frame number: 1814100
2021-03-19 15:27:07,978 [DEBUG]: Drone rotation matrix from Vicon: (((0.9894844154967506, 0.12665571529016414, -0.06984927539631769), (-0.1308387341920764, 0.9896490084677246, -0.05895816884762098), (0.061658877090561136, 0.06747718001803493, 0.9958137441573824)), False)
2021-03-19 15:27:07,978 [DEBUG]: Drone Euler XYZ from Vicon as given: [ 0.05913699 -0.0699062  -0.12730944]
2021-03-19 15:27:07,978 [DEBUG]: Drone position from global origin: (26.1504890265551, -81.29653728502024, 45.29040288309787)
2021-03-19 15:27:07,987 [DEBUG]: Fetched! Pulled frame number: 1814101
2021-03-19 15:27:07,987 [DEBUG]: Drone rotation matrix from Vicon: (((0.9894963555975964, 0.12664299251457375, -0.06970304660507066), (-0.13080968809860175, 0.9896590263751965, -0.05885437123650688), (0.06152875554260433, 0.06735401963544313, 0.9958301302332275)), False)
2021-03-19 15:27:07,988 [DEBUG]: Drone Euler XYZ from Vicon as given: [ 0.05903215 -0.06975961 -0.12729527]
2021-03-19 15:27:07,988 [DEBUG]: Drone position from global origin: (26.15458796975957, -81.29459464618971, 45.28890045954239)
2021-03-19 15:27:07,997 [DEBUG]: Fetched! Pulled frame number: 1814102
2021-03-19 15:27:07,998 [DEBUG]: Drone rotation matrix from Vicon: (((0.9895042743876428, 0.12665605233275534, -0.06956676919382519), (-0.13081785720596312, 0.9896537719891245, -0.05892452650414863), (0.061383867625173665, 0.06740664652080101, 0.9958355109154298)), False)
2021-03-19 15:27:07,998 [DEBUG]: Drone Euler XYZ from Vicon as given: [ 0.05910203 -0.069623   -0.12730725]
2021-03-19 15:27:07,998 [DEBUG]: Drone position from global origin: (26.152805461055422, -81.30127128660416, 45.2940015501634)
2021-03-19 15:27:08,007 [DEBUG]: Fetched! Pulled frame number: 1814103
2021-03-19 15:27:08,007 [DEBUG]: Drone rotation matrix from Vicon: (((0.9895074926042372, 0.12668276569083872, -0.06947228913023949), (-0.13083788268320015, 0.9896514112529949, -0.05891971367829869), (0.0612892366982384, 0.06739110536172853, 0.995842391336637)), False)
2021-03-19 15:27:08,008 [DEBUG]: Drone Euler XYZ from Vicon as given: [ 0.05909681 -0.06952829 -0.1273334 ]
2021-03-19 15:27:08,008 [DEBUG]: Drone position from global origin: (26.1488331775869, -81.29800806100133, 45.29957182078789)
2021-03-19 15:27:08,008 [DEBUG]: ===============Offline check done=================
2021-03-19 15:27:08,009 [DEBUG]: Adding callback on port [6] to [<bound method Localization._incoming of <cflib.crazyflie.localization.Localization object at 0x00000201611C84C8>>]
2021-03-19 15:27:08,009 [DEBUG]: Adding callback on port [5] to [<bound method Log._new_packet_cb of <cflib.crazyflie.log.Log object at 0x00000201611C8708>>]
2021-03-19 15:27:08,009 [DEBUG]: Adding callback on port [0] to [<bound method Console.incoming of <cflib.crazyflie.console.Console object at 0x00000201611C8B48>>]
2021-03-19 15:27:08,009 [DEBUG]: Adding callback on port [2] to [<bound method _ParamUpdater._new_packet_cb of <_ParamUpdater(Thread-9, initial daemon)>>]
2021-03-19 15:27:08,010 [DEBUG]: Adding callback on port [4] to [<bound method Memory._new_packet_cb of <cflib.crazyflie.mem.Memory object at 0x00000201611D40C8>>]
2021-03-19 15:27:08,010 [DEBUG]: Adding callback on port [13] to [<bound method PlatformService._platform_callback of <cflib.crazyflie.platformservice.PlatformService object at 0x00000201611D41C8>>]
2021-03-19 15:27:08,010 [DEBUG]: Adding callback on port [15] to [<bound method PlatformService._crt_service_callback of <cflib.crazyflie.platformservice.PlatformService object at 0x00000201611D41C8>>]
2021-03-19 15:27:08,010 [INFO]: Callback->Connection initialized[radio://0/80/2M]
2021-03-19 15:27:08,017 [INFO]: We are connected[radio://0/80/2M], request connection setup
2021-03-19 15:27:08,018 [INFO]: Callback->Connected to [radio://0/80/2M]
2021-03-19 15:27:08,020 [WARNING]: Error no LogEntry to handle id=3
2021-03-19 15:27:08,022 [WARNING]: Error no LogEntry to handle id=3
2021-03-19 15:27:08,027 [INFO]: Protocol  version: 4
2021-03-19 15:27:08,031 [DEBUG]: Logging reset, continue with TOC download
2021-03-19 15:27:08,031 [DEBUG]: [5]: Using V2 protocol: 1
2021-03-19 15:27:08,031 [DEBUG]: [5]: Start fetching...
2021-03-19 15:27:08,031 [DEBUG]: Adding callback on port [5] to [<bound method TocFetcher._new_packet_cb of <cflib.crazyflie.toc.TocFetcher object at 0x00000201611F1188>>]
2021-03-19 15:27:08,035 [DEBUG]: [5]: Got TOC CRC, 317 items and crc=0x05C5AF70
2021-03-19 15:27:08,042 [INFO]: TOC for port [5] found in cache
2021-03-19 15:27:08,042 [DEBUG]: Removing callback on port [5] to [<bound method TocFetcher._new_packet_cb of <cflib.crazyflie.toc.TocFetcher object at 0x00000201611F1188>>]
2021-03-19 15:27:08,042 [DEBUG]: [5]: Done!
2021-03-19 15:27:08,042 [INFO]: Log TOC finished updating
2021-03-19 15:27:08,043 [DEBUG]: Requesting number of memories
2021-03-19 15:27:08,046 [INFO]: 9 memories found
2021-03-19 15:27:08,046 [DEBUG]: Requesting first id
2021-03-19 15:27:08,050 [DEBUG]: Requesting information about memory 1
2021-03-19 15:27:08,055 [DEBUG]: Memory: id=1, type=LED driver, size=24
2021-03-19 15:27:08,055 [DEBUG]: Requesting information about memory 2
2021-03-19 15:27:08,059 [DEBUG]: Memory: id=2, type=Loco Positioning, size=6144
2021-03-19 15:27:08,059 [DEBUG]: Requesting information about memory 3
2021-03-19 15:27:08,065 [DEBUG]: Memory: id=3, type=Trajectory, size=4096
2021-03-19 15:27:08,065 [DEBUG]: Requesting information about memory 4
2021-03-19 15:27:08,069 [DEBUG]: Memory: id=4, type=Loco Positioning 2, size=69632
2021-03-19 15:27:08,069 [DEBUG]: Requesting information about memory 5
2021-03-19 15:27:08,074 [DEBUG]: Memory: id=5, type=Lighthouse positioning, size=96
2021-03-19 15:27:08,074 [DEBUG]: Requesting information about memory 6
2021-03-19 15:27:08,087 [DEBUG]: Memory: id=6, type=Memory tester, size=4096
2021-03-19 15:27:08,088 [DEBUG]: Requesting information about memory 7
2021-03-19 15:27:08,092 [DEBUG]: Memory: id=7, type=Unknown, size=0
2021-03-19 15:27:08,092 [DEBUG]: Requesting information about memory 8
2021-03-19 15:27:08,097 [DEBUG]: Done getting all the memories, start reading the OWs
2021-03-19 15:27:08,098 [DEBUG]: Updating content of memory 8
2021-03-19 15:27:08,098 [DEBUG]: Requesting new chunk of 11bytes at 0x0
2021-03-19 15:27:08,103 [DEBUG]: READ: Mem=8, addr=0x0, status=0x0, data=(235, 12, 0, 0, 0, 188, 15, 205, 0, 12, 1)
2021-03-19 15:27:08,103 [DEBUG]: READING: We are still interested in request for mem 8
2021-03-19 15:27:08,103 [DEBUG]: Requesting new chunk of 15bytes at 0x8
2021-03-19 15:27:08,108 [DEBUG]: READ: Mem=8, addr=0x8, status=0x0, data=(0, 12, 1, 7, 98, 99, 70, 108, 111, 119, 50, 2, 1, 65, 84)
2021-03-19 15:27:08,108 [DEBUG]: READING: We are still interested in request for mem 8
2021-03-19 15:27:08,109 [DEBUG]: OW 0DD9203F00000040 (BC:0F): {'Board name': 'bcFlow2', 'Board revision': 'A'}
2021-03-19 15:27:08,109 [INFO]: Memories finished updating
2021-03-19 15:27:08,109 [DEBUG]: [2]: Using V2 protocol: 1
2021-03-19 15:27:08,109 [DEBUG]: [2]: Start fetching...
2021-03-19 15:27:08,109 [DEBUG]: Adding callback on port [2] to [<bound method TocFetcher._new_packet_cb of <cflib.crazyflie.toc.TocFetcher object at 0x000002015EEE0808>>]
2021-03-19 15:27:08,114 [DEBUG]: [2]: Got TOC CRC, 164 items and crc=0x1042AFA8
2021-03-19 15:27:08,117 [INFO]: TOC for port [2] found in cache
2021-03-19 15:27:08,117 [DEBUG]: Removing callback on port [2] to [<bound method TocFetcher._new_packet_cb of <cflib.crazyflie.toc.TocFetcher object at 0x000002015EEE0808>>]
2021-03-19 15:27:08,118 [DEBUG]: [2]: Done!
2021-03-19 15:27:08,118 [INFO]: Param TOC finished updating
2021-03-19 15:27:08,118 [INFO]: Callback->Connection setup finished [radio://0/80/2M]
2021-03-19 15:27:08,118 [DEBUG]: Requesting request to update param [6]
2021-03-19 15:27:08,118 [DEBUG]: Requesting request to update param [1]
2021-03-19 15:27:08,118 [DEBUG]: Requesting request to update param [2]
2021-03-19 15:27:08,118 [DEBUG]: Requesting request to update param [3]
2021-03-19 15:27:08,119 [DEBUG]: Requesting request to update param [4]
2021-03-19 15:27:08,119 [DEBUG]: Requesting request to update param [5]
2021-03-19 15:27:08,119 [DEBUG]: Requesting request to update param [7]
2021-03-19 15:27:08,119 [DEBUG]: Requesting request to update param [8]
2021-03-19 15:27:08,119 [DEBUG]: Requesting request to update param [9]
2021-03-19 15:27:08,119 [DEBUG]: Requesting request to update param [10]
2021-03-19 15:27:08,120 [DEBUG]: Adding stateEstimate.x with id=121 and type=0x77
2021-03-19 15:27:08,120 [DEBUG]: Requesting request to update param [11]
2021-03-19 15:27:08,120 [DEBUG]: Adding stateEstimate.y with id=122 and type=0x77
2021-03-19 15:27:08,121 [DEBUG]: Requesting request to update param [16]
2021-03-19 15:27:08,121 [DEBUG]: Adding stateEstimate.z with id=123 and type=0x77
2021-03-19 15:27:08,121 [DEBUG]: Requesting request to update param [12]
2021-03-19 15:27:08,121 [DEBUG]: Adding log block id 1
2021-03-19 15:27:08,121 [DEBUG]: Requesting request to update param [13]
2021-03-19 15:27:08,122 [DEBUG]: First time block is started, add block
2021-03-19 15:27:08,122 [DEBUG]: Requesting request to update param [14]
2021-03-19 15:27:08,122 [DEBUG]: Adding stabilizer.roll with id=117 and type=0x77
2021-03-19 15:27:08,122 [DEBUG]: Requesting request to update param [15]
2021-03-19 15:27:08,122 [DEBUG]: Adding stabilizer.pitch with id=118 and type=0x77
2021-03-19 15:27:08,123 [DEBUG]: Requesting request to update param [17]
2021-03-19 15:27:08,123 [DEBUG]: Adding stabilizer.yaw with id=119 and type=0x77
2021-03-19 15:27:08,123 [DEBUG]: Requesting request to update param [18]
2021-03-19 15:27:08,123 [DEBUG]: Adding log block id 2
2021-03-19 15:27:08,124 [DEBUG]: Requesting request to update param [19]
2021-03-19 15:27:08,124 [DEBUG]: First time block is started, add block
2021-03-19 15:27:08,125 [DEBUG]: Requesting request to update param [20]
2021-03-19 15:27:08,126 [DEBUG]: Adding stateEstimate.x with id=121 and type=0x77
2021-03-19 15:27:08,126 [DEBUG]: Requesting request to update param [21]
2021-03-19 15:27:08,126 [DEBUG]: Adding stateEstimate.y with id=122 and type=0x77
2021-03-19 15:27:08,127 [DEBUG]: Requesting request to update param [22]
2021-03-19 15:27:08,127 [DEBUG]: Adding stateEstimate.z with id=123 and type=0x77
2021-03-19 15:27:08,127 [DEBUG]: Requesting request to update param [23]
2021-03-19 15:27:08,128 [DEBUG]: Adding stabilizer.roll with id=117 and type=0x77
2021-03-19 15:27:08,128 [DEBUG]: Requesting request to update param [24]
2021-03-19 15:27:08,128 [DEBUG]: Adding stabilizer.pitch with id=118 and type=0x77
2021-03-19 15:27:08,128 [DEBUG]: Requesting request to update param [25]
2021-03-19 15:27:08,129 [DEBUG]: Adding stabilizer.yaw with id=119 and type=0x77
2021-03-19 15:27:08,129 [DEBUG]: Requesting request to update param [26]
2021-03-19 15:27:08,129 [DEBUG]: Adding log block id 3
2021-03-19 15:27:08,129 [DEBUG]: Requesting request to update param [27]
2021-03-19 15:27:08,130 [DEBUG]: First time block is started, add block
2021-03-19 15:27:08,130 [DEBUG]: Requesting request to update param [28]
2021-03-19 15:27:08,130 [DEBUG]: Requesting request to update param [29]
2021-03-19 15:27:08,131 [DEBUG]: Requesting request to update param [30]
2021-03-19 15:27:08,131 [DEBUG]: Requesting request to update param [31]
2021-03-19 15:27:08,131 [DEBUG]: Requesting request to update param [32]
2021-03-19 15:27:08,131 [DEBUG]: Requesting request to update param [33]
2021-03-19 15:27:08,131 [DEBUG]: Requesting request to update param [34]
2021-03-19 15:27:08,131 [DEBUG]: Requesting request to update param [35]
2021-03-19 15:27:08,131 [DEBUG]: Requesting request to update param [36]
2021-03-19 15:27:08,131 [DEBUG]: Requesting request to update param [37]
2021-03-19 15:27:08,132 [DEBUG]: Requesting request to update param [38]
2021-03-19 15:27:08,132 [DEBUG]: Requesting request to update param [39]
2021-03-19 15:27:08,132 [DEBUG]: Requesting request to update param [40]
2021-03-19 15:27:08,132 [DEBUG]: Requesting request to update param [41]
2021-03-19 15:27:08,132 [DEBUG]: Requesting request to update param [42]
2021-03-19 15:27:08,133 [DEBUG]: Requesting request to update param [43]
2021-03-19 15:27:08,133 [DEBUG]: Requesting request to update param [44]
2021-03-19 15:27:08,133 [DEBUG]: Requesting request to update param [45]
2021-03-19 15:27:08,133 [DEBUG]: Requesting request to update param [46]
2021-03-19 15:27:08,133 [DEBUG]: Requesting request to update param [47]
2021-03-19 15:27:08,134 [DEBUG]: Requesting request to update param [48]
2021-03-19 15:27:08,134 [DEBUG]: Requesting request to update param [49]
2021-03-19 15:27:08,134 [DEBUG]: Requesting request to update param [50]
2021-03-19 15:27:08,134 [DEBUG]: Requesting request to update param [51]
2021-03-19 15:27:08,134 [DEBUG]: Requesting request to update param [52]
2021-03-19 15:27:08,134 [DEBUG]: Requesting request to update param [53]
2021-03-19 15:27:08,134 [DEBUG]: Requesting request to update param [54]
2021-03-19 15:27:08,135 [DEBUG]: Requesting request to update param [55]
2021-03-19 15:27:08,135 [DEBUG]: Requesting request to update param [56]
2021-03-19 15:27:08,135 [DEBUG]: Requesting request to update param [57]
2021-03-19 15:27:08,135 [DEBUG]: Requesting request to update param [58]
2021-03-19 15:27:08,135 [DEBUG]: Requesting request to update param [59]
2021-03-19 15:27:08,136 [DEBUG]: Requesting request to update param [60]
2021-03-19 15:27:08,136 [DEBUG]: Requesting request to update param [61]
2021-03-19 15:27:08,137 [DEBUG]: Requesting request to update param [62]
2021-03-19 15:27:08,137 [DEBUG]: Requesting request to update param [63]
2021-03-19 15:27:08,137 [DEBUG]: Requesting request to update param [64]
2021-03-19 15:27:08,137 [DEBUG]: Requesting request to update param [65]
2021-03-19 15:27:08,138 [DEBUG]: Requesting request to update param [66]
2021-03-19 15:27:08,138 [DEBUG]: Requesting request to update param [67]
2021-03-19 15:27:08,138 [DEBUG]: Requesting request to update param [68]
2021-03-19 15:27:08,138 [DEBUG]: Requesting request to update param [69]
2021-03-19 15:27:08,138 [DEBUG]: Requesting request to update param [70]
2021-03-19 15:27:08,139 [DEBUG]: Requesting request to update param [71]
2021-03-19 15:27:08,139 [DEBUG]: Requesting request to update param [72]
2021-03-19 15:27:08,139 [DEBUG]: Requesting request to update param [73]
2021-03-19 15:27:08,139 [DEBUG]: Requesting request to update param [74]
2021-03-19 15:27:08,139 [DEBUG]: Requesting request to update param [75]
2021-03-19 15:27:08,140 [DEBUG]: Requesting request to update param [76]
2021-03-19 15:27:08,140 [DEBUG]: Requesting request to update param [77]
2021-03-19 15:27:08,140 [DEBUG]: Requesting request to update param [78]
2021-03-19 15:27:08,141 [DEBUG]: Requesting request to update param [79]
2021-03-19 15:27:08,141 [DEBUG]: Requesting request to update param [80]
2021-03-19 15:27:08,141 [DEBUG]: Requesting request to update param [81]
2021-03-19 15:27:08,141 [DEBUG]: Requesting request to update param [82]
2021-03-19 15:27:08,142 [DEBUG]: Requesting request to update param [83]
2021-03-19 15:27:08,142 [DEBUG]: Requesting request to update param [84]
2021-03-19 15:27:08,142 [DEBUG]: Requesting request to update param [85]
2021-03-19 15:27:08,142 [DEBUG]: Requesting request to update param [86]
2021-03-19 15:27:08,142 [DEBUG]: Requesting request to update param [87]
2021-03-19 15:27:08,142 [DEBUG]: Requesting request to update param [88]
2021-03-19 15:27:08,142 [DEBUG]: Requesting request to update param [89]
2021-03-19 15:27:08,143 [DEBUG]: Requesting request to update param [90]
2021-03-19 15:27:08,143 [DEBUG]: Requesting request to update param [91]
2021-03-19 15:27:08,143 [DEBUG]: Requesting request to update param [92]
2021-03-19 15:27:08,143 [DEBUG]: Requesting request to update param [93]
2021-03-19 15:27:08,143 [DEBUG]: Requesting request to update param [94]
2021-03-19 15:27:08,143 [DEBUG]: Requesting request to update param [95]
2021-03-19 15:27:08,144 [DEBUG]: Requesting request to update param [96]
2021-03-19 15:27:08,144 [DEBUG]: Requesting request to update param [97]
2021-03-19 15:27:08,144 [DEBUG]: Requesting request to update param [98]
2021-03-19 15:27:08,144 [DEBUG]: Requesting request to update param [99]
2021-03-19 15:27:08,144 [DEBUG]: Requesting request to update param [100]
2021-03-19 15:27:08,145 [DEBUG]: Requesting request to update param [101]
2021-03-19 15:27:08,145 [DEBUG]: Requesting request to update param [102]
2021-03-19 15:27:08,145 [DEBUG]: Requesting request to update param [103]
2021-03-19 15:27:08,145 [DEBUG]: Requesting request to update param [104]
2021-03-19 15:27:08,146 [DEBUG]: Requesting request to update param [105]
2021-03-19 15:27:08,146 [DEBUG]: Requesting request to update param [106]
2021-03-19 15:27:08,146 [DEBUG]: Requesting request to update param [107]
2021-03-19 15:27:08,147 [DEBUG]: Requesting request to update param [108]
2021-03-19 15:27:08,147 [DEBUG]: Requesting request to update param [109]
2021-03-19 15:27:08,147 [DEBUG]: Requesting request to update param [110]
2021-03-19 15:27:08,147 [DEBUG]: Requesting request to update param [111]
2021-03-19 15:27:08,147 [DEBUG]: Requesting request to update param [112]
2021-03-19 15:27:08,148 [DEBUG]: Requesting request to update param [113]
2021-03-19 15:27:08,148 [DEBUG]: Requesting request to update param [114]
2021-03-19 15:27:08,148 [DEBUG]: Requesting request to update param [115]
2021-03-19 15:27:08,148 [DEBUG]: Requesting request to update param [116]
2021-03-19 15:27:08,149 [DEBUG]: Requesting request to update param [117]
2021-03-19 15:27:08,149 [DEBUG]: Requesting request to update param [118]
2021-03-19 15:27:08,149 [DEBUG]: Requesting request to update param [119]
2021-03-19 15:27:08,149 [DEBUG]: Requesting request to update param [120]
2021-03-19 15:27:08,149 [DEBUG]: Requesting request to update param [121]
2021-03-19 15:27:08,149 [DEBUG]: Requesting request to update param [122]
2021-03-19 15:27:08,149 [DEBUG]: Requesting request to update param [123]
2021-03-19 15:27:08,150 [DEBUG]: Requesting request to update param [124]
2021-03-19 15:27:08,150 [DEBUG]: Requesting request to update param [125]
2021-03-19 15:27:08,150 [DEBUG]: Requesting request to update param [126]
2021-03-19 15:27:08,150 [DEBUG]: Requesting request to update param [127]
2021-03-19 15:27:08,150 [DEBUG]: Requesting request to update param [128]
2021-03-19 15:27:08,150 [DEBUG]: Requesting request to update param [140]
2021-03-19 15:27:08,151 [DEBUG]: Requesting request to update param [141]
2021-03-19 15:27:08,151 [DEBUG]: Requesting request to update param [142]
2021-03-19 15:27:08,151 [DEBUG]: Requesting request to update param [143]
2021-03-19 15:27:08,151 [DEBUG]: Requesting request to update param [145]
2021-03-19 15:27:08,151 [DEBUG]: Requesting request to update param [146]
2021-03-19 15:27:08,151 [DEBUG]: Requesting request to update param [147]
2021-03-19 15:27:08,152 [DEBUG]: Requesting request to update param [151]
2021-03-19 15:27:08,152 [DEBUG]: Requesting request to update param [152]
2021-03-19 15:27:08,152 [DEBUG]: Requesting request to update param [154]
2021-03-19 15:27:08,152 [DEBUG]: Requesting request to update param [155]
2021-03-19 15:27:08,152 [DEBUG]: Requesting request to update param [156]
2021-03-19 15:27:08,153 [DEBUG]: Requesting request to update param [129]
2021-03-19 15:27:08,153 [DEBUG]: Requesting request to update param [130]
2021-03-19 15:27:08,153 [DEBUG]: Requesting request to update param [131]
2021-03-19 15:27:08,153 [DEBUG]: Requesting request to update param [132]
2021-03-19 15:27:08,153 [DEBUG]: Requesting request to update param [133]
2021-03-19 15:27:08,153 [DEBUG]: Requesting request to update param [134]
2021-03-19 15:27:08,154 [DEBUG]: Requesting request to update param [135]
2021-03-19 15:27:08,154 [DEBUG]: Requesting request to update param [136]
2021-03-19 15:27:08,154 [DEBUG]: Requesting request to update param [137]
2021-03-19 15:27:08,154 [DEBUG]: Requesting request to update param [138]
2021-03-19 15:27:08,154 [DEBUG]: Requesting request to update param [139]
2021-03-19 15:27:08,154 [DEBUG]: Requesting request to update param [144]
2021-03-19 15:27:08,155 [DEBUG]: Requesting request to update param [148]
2021-03-19 15:27:08,155 [DEBUG]: Requesting request to update param [149]
2021-03-19 15:27:08,155 [DEBUG]: Requesting request to update param [150]
2021-03-19 15:27:08,155 [DEBUG]: Requesting request to update param [153]
2021-03-19 15:27:08,155 [DEBUG]: Requesting request to update param [157]
2021-03-19 15:27:08,155 [DEBUG]: Requesting request to update param [158]
2021-03-19 15:27:08,156 [DEBUG]: Requesting request to update param [159]
2021-03-19 15:27:08,156 [DEBUG]: Requesting request to update param [160]
2021-03-19 15:27:08,156 [DEBUG]: Requesting request to update param [161]
2021-03-19 15:27:08,156 [DEBUG]: Requesting request to update param [162]
2021-03-19 15:27:08,157 [DEBUG]: Requesting request to update param [163]
2021-03-19 15:27:08,157 [DEBUG]: Updated parameter [imu_sensors.BMP388]
2021-03-19 15:27:08,157 [DEBUG]: Have successfully added id=1
2021-03-19 15:27:08,158 [DEBUG]: Have successfully added id=2
2021-03-19 15:27:08,159 [DEBUG]: Have successfully added id=3
2021-03-19 15:27:08,161 [DEBUG]: Updated parameter [imu_sensors.HMC5883L]
2021-03-19 15:27:08,162 [INFO]: Have successfully started logging for id=1
2021-03-19 15:27:08,164 [INFO]: Have successfully started logging for id=2
2021-03-19 15:27:08,165 [INFO]: Have successfully started logging for id=3
2021-03-19 15:27:08,166 [DEBUG]: Updated parameter [imu_sensors.MS5611]
2021-03-19 15:27:08,169 [DEBUG]: Updated parameter [imu_tests.MPU6500]
2021-03-19 15:27:08,172 [DEBUG]: Updated parameter [imu_tests.HMC5883L]
2021-03-19 15:27:08,176 [DEBUG]: Updated parameter [imu_tests.MS5611]
2021-03-19 15:27:08,179 [DEBUG]: Updated parameter [cpu.flash]
2021-03-19 15:27:08,185 [DEBUG]: Updated parameter [cpu.id0]
2021-03-19 15:27:08,189 [DEBUG]: Updated parameter [cpu.id1]
2021-03-19 15:27:08,192 [DEBUG]: Updated parameter [cpu.id2]
2021-03-19 15:27:08,196 [DEBUG]: Updated parameter [system.selftestPassed]
2021-03-19 15:27:08,199 [DEBUG]: Updated parameter [system.taskDump]
2021-03-19 15:27:08,205 [DEBUG]: Updated parameter [sound.effect]
2021-03-19 15:27:08,219 [DEBUG]: Updated parameter [sound.neffect]
2021-03-19 15:27:08,223 [DEBUG]: Updated parameter [sound.freq]
2021-03-19 15:27:08,227 [DEBUG]: Updated parameter [sound.ratio]
2021-03-19 15:27:08,230 [DEBUG]: Updated parameter [memTst.resetW]
2021-03-19 15:27:08,235 [DEBUG]: Updated parameter [commander.enHighLevel]
2021-03-19 15:27:08,239 [DEBUG]: Updated parameter [flightmode.althold]
2021-03-19 15:27:08,246 [DEBUG]: Updated parameter [flightmode.poshold]
2021-03-19 15:27:08,250 [DEBUG]: Updated parameter [flightmode.posSet]
2021-03-19 15:27:08,255 [DEBUG]: Updated parameter [flightmode.yawMode]
2021-03-19 15:27:08,259 [DEBUG]: Updated parameter [flightmode.yawRst]
2021-03-19 15:27:08,262 [DEBUG]: Updated parameter [flightmode.stabModeRoll]
2021-03-19 15:27:08,266 [DEBUG]: Updated parameter [flightmode.stabModePitch]
2021-03-19 15:27:08,269 [DEBUG]: Updated parameter [flightmode.stabModeYaw]
2021-03-19 15:27:08,273 [DEBUG]: Updated parameter [cmdrCPPM.rateRoll]
2021-03-19 15:27:08,278 [DEBUG]: Updated parameter [kalman.resetEstimation]
2021-03-19 15:27:08,282 [DEBUG]: Updated parameter [cmdrCPPM.ratePitch]
2021-03-19 15:27:08,286 [DEBUG]: Updated parameter [cmdrCPPM.rateYaw]
2021-03-19 15:27:08,289 [DEBUG]: Updated parameter [cmdrCPPM.angRoll]
2021-03-19 15:27:08,293 [DEBUG]: Updated parameter [cmdrCPPM.angPitch]
2021-03-19 15:27:08,297 [DEBUG]: Updated parameter [locSrv.enRangeStreamFP32]
2021-03-19 15:27:08,301 [DEBUG]: Updated parameter [locSrv.extPosStdDev]
2021-03-19 15:27:08,305 [DEBUG]: Updated parameter [locSrv.extQuatStdDev]
2021-03-19 15:27:08,309 [DEBUG]: Updated parameter [pid_attitude.roll_kp]
2021-03-19 15:27:08,312 [DEBUG]: Updated parameter [pid_attitude.roll_ki]
2021-03-19 15:27:08,317 [DEBUG]: Updated parameter [pid_attitude.roll_kd]
2021-03-19 15:27:08,320 [DEBUG]: Updated parameter [pid_attitude.pitch_kp]
2021-03-19 15:27:08,325 [DEBUG]: Updated parameter [pid_attitude.pitch_ki]
2021-03-19 15:27:08,329 [DEBUG]: Updated parameter [pid_attitude.pitch_kd]
2021-03-19 15:27:08,332 [DEBUG]: Updated parameter [pid_attitude.yaw_kp]
2021-03-19 15:27:08,336 [DEBUG]: Updated parameter [pid_attitude.yaw_ki]
2021-03-19 15:27:08,340 [DEBUG]: Updated parameter [pid_attitude.yaw_kd]
2021-03-19 15:27:08,352 [DEBUG]: Updated parameter [pid_rate.roll_kp]
2021-03-19 15:27:08,357 [DEBUG]: Updated parameter [pid_rate.roll_ki]
2021-03-19 15:27:08,360 [DEBUG]: Updated parameter [pid_rate.roll_kd]
2021-03-19 15:27:08,366 [DEBUG]: Updated parameter [pid_rate.pitch_kp]
2021-03-19 15:27:08,369 [DEBUG]: Updated parameter [pid_rate.pitch_ki]
2021-03-19 15:27:08,372 [DEBUG]: Updated parameter [pid_rate.pitch_kd]
2021-03-19 15:27:08,376 [DEBUG]: Updated parameter [pid_rate.yaw_kp]
2021-03-19 15:27:08,380 [DEBUG]: Updated parameter [pid_rate.yaw_ki]
2021-03-19 15:27:08,385 [DEBUG]: Updated parameter [pid_rate.yaw_kd]
2021-03-19 15:27:08,389 [DEBUG]: Updated parameter [sensfusion6.kp]
2021-03-19 15:27:08,392 [DEBUG]: Updated parameter [sensfusion6.ki]
2021-03-19 15:27:08,396 [DEBUG]: Updated parameter [sensfusion6.baseZacc]
2021-03-19 15:27:08,399 [DEBUG]: Updated parameter [health.startPropTest]
2021-03-19 15:27:08,403 [DEBUG]: Updated parameter [stabilizer.estimator]
2021-03-19 15:27:08,407 [DEBUG]: Updated parameter [stabilizer.controller]
2021-03-19 15:27:08,410 [DEBUG]: Updated parameter [posEstAlt.estAlphaAsl]
2021-03-19 15:27:08,416 [DEBUG]: Updated parameter [posEstAlt.estAlphaZr]
2021-03-19 15:27:08,419 [DEBUG]: Updated parameter [posEstAlt.velFactor]
2021-03-19 15:27:08,425 [DEBUG]: Updated parameter [posEstAlt.velZAlpha]
2021-03-19 15:27:08,429 [DEBUG]: Updated parameter [posEstAlt.vAccDeadband]
2021-03-19 15:27:08,433 [DEBUG]: Updated parameter [posCtlPid.xKp]
2021-03-19 15:27:08,437 [DEBUG]: Updated parameter [posCtlPid.xKi]
2021-03-19 15:27:08,441 [DEBUG]: Updated parameter [posCtlPid.xKd]
2021-03-19 15:27:08,445 [DEBUG]: Updated parameter [posCtlPid.yKp]
2021-03-19 15:27:08,448 [DEBUG]: Updated parameter [posCtlPid.yKi]
2021-03-19 15:27:08,451 [DEBUG]: Updated parameter [posCtlPid.yKd]
2021-03-19 15:27:08,455 [DEBUG]: Updated parameter [posCtlPid.zKp]
2021-03-19 15:27:08,459 [DEBUG]: Updated parameter [posCtlPid.zKi]
2021-03-19 15:27:08,465 [DEBUG]: Updated parameter [posCtlPid.zKd]
2021-03-19 15:27:08,469 [DEBUG]: Updated parameter [posCtlPid.thrustBase]
2021-03-19 15:27:08,472 [DEBUG]: Updated parameter [posCtlPid.thrustMin]
2021-03-19 15:27:08,487 [DEBUG]: Updated parameter [posCtlPid.rpLimit]
2021-03-19 15:27:08,490 [DEBUG]: Updated parameter [posCtlPid.xyVelMax]
2021-03-19 15:27:08,496 [DEBUG]: Updated parameter [posCtlPid.zVelMax]
2021-03-19 15:27:08,500 [DEBUG]: Updated parameter [velCtlPid.vxKp]
2021-03-19 15:27:08,506 [DEBUG]: Updated parameter [velCtlPid.vxKi]
2021-03-19 15:27:08,509 [DEBUG]: Updated parameter [velCtlPid.vxKd]
2021-03-19 15:27:08,513 [DEBUG]: Updated parameter [velCtlPid.vyKp]
2021-03-19 15:27:08,517 [DEBUG]: Updated parameter [velCtlPid.vyKi]
2021-03-19 15:27:08,520 [DEBUG]: Updated parameter [velCtlPid.vyKd]
2021-03-19 15:27:08,526 [DEBUG]: Updated parameter [velCtlPid.vzKp]
2021-03-19 15:27:08,529 [DEBUG]: Updated parameter [velCtlPid.vzKi]
2021-03-19 15:27:08,533 [DEBUG]: Updated parameter [velCtlPid.vzKd]
2021-03-19 15:27:08,537 [DEBUG]: Updated parameter [controller.tiltComp]
2021-03-19 15:27:08,540 [DEBUG]: Updated parameter [ctrlMel.kp_xy]
2021-03-19 15:27:08,545 [DEBUG]: Updated parameter [ctrlMel.kd_xy]
2021-03-19 15:27:08,548 [DEBUG]: Updated parameter [ctrlMel.ki_xy]
2021-03-19 15:27:08,552 [DEBUG]: Updated parameter [ctrlMel.i_range_xy]
2021-03-19 15:27:08,556 [DEBUG]: Updated parameter [ctrlMel.kp_z]
2021-03-19 15:27:08,559 [DEBUG]: Updated parameter [ctrlMel.kd_z]
2021-03-19 15:27:08,562 [DEBUG]: Updated parameter [ctrlMel.ki_z]
2021-03-19 15:27:08,566 [DEBUG]: Updated parameter [ctrlMel.i_range_z]
2021-03-19 15:27:08,570 [DEBUG]: Updated parameter [ctrlMel.mass]
2021-03-19 15:27:08,575 [DEBUG]: Updated parameter [ctrlMel.massThrust]
2021-03-19 15:27:08,579 [DEBUG]: Updated parameter [ctrlMel.kR_xy]
2021-03-19 15:27:08,583 [DEBUG]: Updated parameter [ctrlMel.kR_z]
2021-03-19 15:27:08,587 [DEBUG]: Updated parameter [ctrlMel.kw_xy]
2021-03-19 15:27:08,590 [DEBUG]: Updated parameter [ctrlMel.kw_z]
2021-03-19 15:27:08,596 [DEBUG]: Updated parameter [ctrlMel.ki_m_xy]
2021-03-19 15:27:08,600 [DEBUG]: Updated parameter [ctrlMel.ki_m_z]
2021-03-19 15:27:08,615 [DEBUG]: Updated parameter [ctrlMel.kd_omega_rp]
2021-03-19 15:27:08,619 [DEBUG]: Updated parameter [ctrlMel.i_range_m_xy]
2021-03-19 15:27:08,623 [DEBUG]: Updated parameter [ctrlMel.i_range_m_z]
2021-03-19 15:27:08,627 [DEBUG]: Updated parameter [motorPowerSet.enable]
2021-03-19 15:27:08,630 [DEBUG]: Updated parameter [motorPowerSet.m1]
2021-03-19 15:27:08,636 [DEBUG]: Updated parameter [motorPowerSet.m2]
2021-03-19 15:27:08,640 [DEBUG]: Updated parameter [motorPowerSet.m3]
2021-03-19 15:27:08,646 [DEBUG]: Updated parameter [motorPowerSet.m4]
2021-03-19 15:27:08,649 [DEBUG]: Updated parameter [kalman.resetEstimation]
2021-03-19 15:27:08,653 [DEBUG]: Updated parameter [kalman.quadIsFlying]
2021-03-19 15:27:08,657 [DEBUG]: Updated parameter [kalman.pNAcc_xy]
2021-03-19 15:27:08,661 [DEBUG]: Updated parameter [kalman.pNAcc_z]
2021-03-19 15:27:08,666 [DEBUG]: Updated parameter [kalman.pNVel]
2021-03-19 15:27:08,669 [DEBUG]: Updated parameter [kalman.pNPos]
2021-03-19 15:27:08,673 [DEBUG]: Updated parameter [kalman.pNAtt]
2021-03-19 15:27:08,677 [DEBUG]: Updated parameter [kalman.mNBaro]
2021-03-19 15:27:08,681 [DEBUG]: Updated parameter [kalman.mNGyro_rollpitch]
2021-03-19 15:27:08,686 [DEBUG]: Updated parameter [kalman.mNGyro_yaw]
2021-03-19 15:27:08,690 [DEBUG]: Updated parameter [kalman.initialX]
2021-03-19 15:27:08,693 [DEBUG]: Updated parameter [kalman.initialY]
2021-03-19 15:27:08,697 [DEBUG]: Updated parameter [kalman.initialZ]
2021-03-19 15:27:08,701 [DEBUG]: Updated parameter [kalman.initialYaw]
2021-03-19 15:27:08,705 [DEBUG]: Updated parameter [kalman.maxPos]
2021-03-19 15:27:08,709 [DEBUG]: Updated parameter [kalman.maxVel]
2021-03-19 15:27:08,713 [DEBUG]: Updated parameter [deck.bcLedRing]
2021-03-19 15:27:08,717 [DEBUG]: Updated parameter [deck.bcBuzzer]
2021-03-19 15:27:08,720 [DEBUG]: Updated parameter [deck.bcGTGPS]
2021-03-19 15:27:08,725 [DEBUG]: Updated parameter [deck.bcCPPM]
2021-03-19 15:27:08,729 [DEBUG]: Updated parameter [deck.bcUSD]
2021-03-19 15:27:08,733 [DEBUG]: Updated parameter [deck.bcZRanger]
2021-03-19 15:27:08,748 [DEBUG]: Updated parameter [deck.bcZRanger2]
2021-03-19 15:27:08,752 [DEBUG]: Updated parameter [deck.bcDWM1000]
2021-03-19 15:27:08,756 [DEBUG]: Updated parameter [deck.bcFlow]
2021-03-19 15:27:08,760 [DEBUG]: Updated parameter [deck.bcFlow2]
2021-03-19 15:27:08,766 [DEBUG]: Updated parameter [deck.bcOA]
2021-03-19 15:27:08,769 [DEBUG]: Updated parameter [deck.bcMultiranger]
2021-03-19 15:27:08,773 [DEBUG]: Updated parameter [deck.bdLighthouse4]
2021-03-19 15:27:08,777 [DEBUG]: Updated parameter [ring.effect]
2021-03-19 15:27:08,781 [DEBUG]: Updated parameter [ring.neffect]
2021-03-19 15:27:08,785 [DEBUG]: Updated parameter [ring.solidRed]
2021-03-19 15:27:08,789 [DEBUG]: Updated parameter [ring.solidGreen]
2021-03-19 15:27:08,794 [DEBUG]: Updated parameter [ring.solidBlue]
2021-03-19 15:27:08,798 [DEBUG]: Updated parameter [ring.headlightEnable]
2021-03-19 15:27:08,801 [DEBUG]: Updated parameter [ring.glowstep]
2021-03-19 15:27:08,805 [DEBUG]: Updated parameter [ring.emptyCharge]
2021-03-19 15:27:08,809 [DEBUG]: Updated parameter [ring.fullCharge]
2021-03-19 15:27:08,813 [DEBUG]: Updated parameter [ring.fadeColor]
2021-03-19 15:27:08,817 [DEBUG]: Updated parameter [ring.fadeTime]
2021-03-19 15:27:08,820 [DEBUG]: Updated parameter [usd.logging]
2021-03-19 15:27:08,825 [DEBUG]: Updated parameter [loco.mode]
2021-03-19 15:27:08,828 [DEBUG]: Updated parameter [tdoa3.logId]
2021-03-19 15:27:08,832 [DEBUG]: Updated parameter [tdoa3.logOthrId]
2021-03-19 15:27:08,836 [DEBUG]: Updated parameter [motion.disable]
2021-03-19 15:27:08,839 [DEBUG]: Updated parameter [activeMarker.front]
2021-03-19 15:27:08,843 [DEBUG]: Updated parameter [activeMarker.back]
2021-03-19 15:27:08,847 [DEBUG]: Updated parameter [activeMarker.left]
2021-03-19 15:27:08,851 [DEBUG]: Updated parameter [activeMarker.right]
2021-03-19 15:27:08,855 [DEBUG]: Updated parameter [firmware.revision0]
2021-03-19 15:27:08,859 [DEBUG]: Updated parameter [firmware.revision1]
2021-03-19 15:27:08,863 [DEBUG]: Updated parameter [firmware.modified]
2021-03-19 15:27:08,867 [DEBUG]: Updated parameter [kalman.resetEstimation]
2021-03-19 15:27:12,731 [INFO]: Take-off!
