2021-03-23 15:06:40,575 [INFO]: Connecting to the Vicon...
2021-03-23 15:06:40,576 [INFO]: Connected to Vicon!
2021-03-23 15:06:40,576 [INFO]: Enabling data types...
2021-03-23 15:06:40,576 [DEBUG]: Segments: True
2021-03-23 15:06:40,576 [DEBUG]: Markers: True
2021-03-23 15:06:40,576 [DEBUG]: Unlabeled Markers: True
2021-03-23 15:06:40,576 [DEBUG]: Marker Rays: True
2021-03-23 15:06:40,577 [DEBUG]: Devices: True
2021-03-23 15:06:40,577 [DEBUG]: Centroids: True 
2021-03-23 15:06:40,577 [INFO]: Testing stream modes...
2021-03-23 15:06:40,577 [INFO]: Getting a frame in ClientPull mode...
2021-03-23 15:06:41,577 [ERROR]: Error using ClientPull mode. --> NoFrame
2021-03-23 15:06:41,577 [INFO]: Getting a frame in PreFetch mode...
2021-03-23 15:06:42,580 [ERROR]: Error using ClientPreFetch mode. --> NoFrame
2021-03-23 15:06:42,580 [INFO]: Getting a frame in ServerPush mode...
2021-03-23 15:06:42,580 [DEBUG]: Fetched! Pulled frame number: 1070725
2021-03-23 15:06:42,580 [INFO]: ServerPush mode set.
2021-03-23 15:06:42,580 [INFO]: Getting available framerates...
2021-03-23 15:06:42,580 [INFO]: Current Vicon frame rate: 100.0 Hz.
2021-03-23 15:06:42,580 [INFO]: Available frame rates: 
2021-03-23 15:06:42,581 [INFO]: Process Rate : 99 Hz 

2021-03-23 15:06:42,581 [INFO]: Setting axis...
2021-03-23 15:06:42,581 [INFO]: X Axis: AxisMapping.EForward
2021-03-23 15:06:42,581 [INFO]: Y Axis: AxisMapping.ELeft
2021-03-23 15:06:42,581 [INFO]: Z Axis: AxisMapping.EUp
2021-03-23 15:06:42,581 [INFO]: Initializing drivers...
2021-03-23 15:06:42,581 [INFO]: Drivers initialized.
2021-03-23 15:06:42,581 [INFO]: Connecting to the Crazyflie...
2021-03-23 15:06:42,581 [DEBUG]: Adding callback on port [6] to [<bound method Localization._incoming of <cflib.crazyflie.localization.Localization object at 0x0000023072B22448>>]
2021-03-23 15:06:42,581 [DEBUG]: Adding callback on port [5] to [<bound method Log._new_packet_cb of <cflib.crazyflie.log.Log object at 0x0000023072B22548>>]
2021-03-23 15:06:42,581 [DEBUG]: Adding callback on port [0] to [<bound method Console.incoming of <cflib.crazyflie.console.Console object at 0x0000023072B22608>>]
2021-03-23 15:06:42,581 [DEBUG]: Adding callback on port [2] to [<bound method _ParamUpdater._new_packet_cb of <_ParamUpdater(Thread-2, initial daemon)>>]
2021-03-23 15:06:42,582 [DEBUG]: Adding callback on port [4] to [<bound method Memory._new_packet_cb of <cflib.crazyflie.mem.Memory object at 0x0000023072B22948>>]
2021-03-23 15:06:42,582 [DEBUG]: Adding callback on port [13] to [<bound method PlatformService._platform_callback of <cflib.crazyflie.platformservice.PlatformService object at 0x0000023072B22A88>>]
2021-03-23 15:06:42,582 [DEBUG]: Adding callback on port [15] to [<bound method PlatformService._crt_service_callback of <cflib.crazyflie.platformservice.PlatformService object at 0x0000023072B22A88>>]
2021-03-23 15:06:42,582 [INFO]: Crazyflie2 has the following segments: ['Crazyflie2']
2021-03-23 15:06:42,582 [INFO]: Crazyflie2 has root: Crazyflie2
2021-03-23 15:06:42,582 [DEBUG]: ===Checking functions without flying===
2021-03-23 15:06:42,582 [DEBUG]: ===============Offline check done=================
2021-03-23 15:06:42,582 [DEBUG]: Adding callback on port [6] to [<bound method Localization._incoming of <cflib.crazyflie.localization.Localization object at 0x0000023072B22AC8>>]
2021-03-23 15:06:42,582 [DEBUG]: Adding callback on port [5] to [<bound method Log._new_packet_cb of <cflib.crazyflie.log.Log object at 0x0000023072B22D48>>]
2021-03-23 15:06:42,582 [DEBUG]: Adding callback on port [0] to [<bound method Console.incoming of <cflib.crazyflie.console.Console object at 0x0000023072B2C0C8>>]
2021-03-23 15:06:42,582 [DEBUG]: Adding callback on port [2] to [<bound method _ParamUpdater._new_packet_cb of <_ParamUpdater(Thread-4, initial daemon)>>]
2021-03-23 15:06:42,583 [DEBUG]: Adding callback on port [4] to [<bound method Memory._new_packet_cb of <cflib.crazyflie.mem.Memory object at 0x0000023072B2C448>>]
2021-03-23 15:06:42,583 [DEBUG]: Adding callback on port [13] to [<bound method PlatformService._platform_callback of <cflib.crazyflie.platformservice.PlatformService object at 0x0000023072B2C588>>]
2021-03-23 15:06:42,583 [DEBUG]: Adding callback on port [15] to [<bound method PlatformService._crt_service_callback of <cflib.crazyflie.platformservice.PlatformService object at 0x0000023072B2C588>>]
2021-03-23 15:06:42,583 [INFO]: Callback->Connection initialized[radio://0/80/2M]
2021-03-23 15:06:42,586 [INFO]: We are connected[radio://0/80/2M], request connection setup
2021-03-23 15:06:42,588 [INFO]: Callback->Connected to [radio://0/80/2M]
2021-03-23 15:06:42,591 [WARNING]: Error no LogEntry to handle id=2
2021-03-23 15:06:42,593 [WARNING]: Error no LogEntry to handle id=2
2021-03-23 15:06:42,600 [INFO]: Protocol  version: 4
2021-03-23 15:06:42,603 [DEBUG]: Logging reset, continue with TOC download
2021-03-23 15:06:42,603 [DEBUG]: [5]: Using V2 protocol: 1
2021-03-23 15:06:42,603 [DEBUG]: [5]: Start fetching...
2021-03-23 15:06:42,603 [DEBUG]: Adding callback on port [5] to [<bound method TocFetcher._new_packet_cb of <cflib.crazyflie.toc.TocFetcher object at 0x0000023072B71808>>]
2021-03-23 15:06:42,607 [DEBUG]: [5]: Got TOC CRC, 317 items and crc=0x05C5AF70
2021-03-23 15:06:42,610 [INFO]: TOC for port [5] found in cache
2021-03-23 15:06:42,611 [DEBUG]: Removing callback on port [5] to [<bound method TocFetcher._new_packet_cb of <cflib.crazyflie.toc.TocFetcher object at 0x0000023072B71808>>]
2021-03-23 15:06:42,611 [DEBUG]: [5]: Done!
2021-03-23 15:06:42,611 [INFO]: Log TOC finished updating
2021-03-23 15:06:42,611 [DEBUG]: Requesting number of memories
2021-03-23 15:06:42,614 [INFO]: 9 memories found
2021-03-23 15:06:42,614 [DEBUG]: Requesting first id
2021-03-23 15:06:42,618 [DEBUG]: Requesting information about memory 1
2021-03-23 15:06:42,623 [DEBUG]: Memory: id=1, type=LED driver, size=24
2021-03-23 15:06:42,623 [DEBUG]: Requesting information about memory 2
2021-03-23 15:06:42,627 [DEBUG]: Memory: id=2, type=Loco Positioning, size=6144
2021-03-23 15:06:42,627 [DEBUG]: Requesting information about memory 3
2021-03-23 15:06:42,631 [DEBUG]: Memory: id=3, type=Trajectory, size=4096
2021-03-23 15:06:42,631 [DEBUG]: Requesting information about memory 4
2021-03-23 15:06:42,634 [DEBUG]: Memory: id=4, type=Loco Positioning 2, size=69632
2021-03-23 15:06:42,635 [DEBUG]: Requesting information about memory 5
2021-03-23 15:06:42,638 [DEBUG]: Memory: id=5, type=Lighthouse positioning, size=96
2021-03-23 15:06:42,639 [DEBUG]: Requesting information about memory 6
2021-03-23 15:06:42,643 [DEBUG]: Memory: id=6, type=Memory tester, size=4096
2021-03-23 15:06:42,643 [DEBUG]: Requesting information about memory 7
2021-03-23 15:06:42,647 [DEBUG]: Memory: id=7, type=Unknown, size=0
2021-03-23 15:06:42,647 [DEBUG]: Requesting information about memory 8
2021-03-23 15:06:42,651 [DEBUG]: Done getting all the memories, start reading the OWs
2021-03-23 15:06:42,651 [DEBUG]: Updating content of memory 8
2021-03-23 15:06:42,651 [DEBUG]: Requesting new chunk of 11bytes at 0x0
2021-03-23 15:06:42,657 [DEBUG]: READ: Mem=8, addr=0x0, status=0x0, data=(235, 12, 0, 0, 0, 188, 15, 205, 0, 12, 1)
2021-03-23 15:06:42,657 [DEBUG]: READING: We are still interested in request for mem 8
2021-03-23 15:06:42,657 [DEBUG]: Requesting new chunk of 15bytes at 0x8
2021-03-23 15:06:42,662 [DEBUG]: READ: Mem=8, addr=0x8, status=0x0, data=(0, 12, 1, 7, 98, 99, 70, 108, 111, 119, 50, 2, 1, 65, 84)
2021-03-23 15:06:42,662 [DEBUG]: READING: We are still interested in request for mem 8
2021-03-23 15:06:42,663 [DEBUG]: OW 0DD9203F00000040 (BC:0F): {'Board name': 'bcFlow2', 'Board revision': 'A'}
2021-03-23 15:06:42,663 [INFO]: Memories finished updating
2021-03-23 15:06:42,663 [DEBUG]: [2]: Using V2 protocol: 1
2021-03-23 15:06:42,663 [DEBUG]: [2]: Start fetching...
2021-03-23 15:06:42,663 [DEBUG]: Adding callback on port [2] to [<bound method TocFetcher._new_packet_cb of <cflib.crazyflie.toc.TocFetcher object at 0x0000023072BA6308>>]
2021-03-23 15:06:42,666 [DEBUG]: [2]: Got TOC CRC, 164 items and crc=0x1042AFA8
2021-03-23 15:06:42,669 [INFO]: TOC for port [2] found in cache
2021-03-23 15:06:42,669 [DEBUG]: Removing callback on port [2] to [<bound method TocFetcher._new_packet_cb of <cflib.crazyflie.toc.TocFetcher object at 0x0000023072BA6308>>]
2021-03-23 15:06:42,669 [DEBUG]: [2]: Done!
2021-03-23 15:06:42,669 [INFO]: Param TOC finished updating
2021-03-23 15:06:42,669 [INFO]: Callback->Connection setup finished [radio://0/80/2M]
2021-03-23 15:06:42,669 [DEBUG]: Requesting request to update param [6]
2021-03-23 15:06:42,669 [DEBUG]: Requesting request to update param [1]
2021-03-23 15:06:42,669 [DEBUG]: Requesting request to update param [2]
2021-03-23 15:06:42,669 [DEBUG]: Requesting request to update param [3]
2021-03-23 15:06:42,669 [DEBUG]: Requesting request to update param [4]
2021-03-23 15:06:42,669 [DEBUG]: Requesting request to update param [5]
2021-03-23 15:06:42,669 [DEBUG]: Requesting request to update param [7]
2021-03-23 15:06:42,669 [DEBUG]: Requesting request to update param [8]
2021-03-23 15:06:42,670 [DEBUG]: Requesting request to update param [9]
2021-03-23 15:06:42,670 [DEBUG]: Adding stateEstimate.x with id=121 and type=0x77
2021-03-23 15:06:42,670 [DEBUG]: Requesting request to update param [10]
2021-03-23 15:06:42,670 [DEBUG]: Adding stateEstimate.y with id=122 and type=0x77
2021-03-23 15:06:42,671 [DEBUG]: Requesting request to update param [11]
2021-03-23 15:06:42,671 [DEBUG]: Adding stateEstimate.z with id=123 and type=0x77
2021-03-23 15:06:42,671 [DEBUG]: Requesting request to update param [16]
2021-03-23 15:06:42,671 [DEBUG]: Adding stabilizer.roll with id=117 and type=0x77
2021-03-23 15:06:42,671 [DEBUG]: Requesting request to update param [12]
2021-03-23 15:06:42,671 [DEBUG]: Adding stabilizer.pitch with id=118 and type=0x77
2021-03-23 15:06:42,671 [DEBUG]: Requesting request to update param [13]
2021-03-23 15:06:42,671 [DEBUG]: Adding stabilizer.yaw with id=119 and type=0x77
2021-03-23 15:06:42,672 [DEBUG]: Adding/appending log block id 1
2021-03-23 15:06:42,671 [DEBUG]: Requesting request to update param [14]
2021-03-23 15:06:42,672 [DEBUG]: First time block is started, add block
2021-03-23 15:06:42,672 [DEBUG]: Requesting request to update param [15]
2021-03-23 15:06:42,672 [DEBUG]: Adding stateEstimate.x with id=121 and type=0x77
2021-03-23 15:06:42,672 [DEBUG]: Requesting request to update param [17]
2021-03-23 15:06:42,672 [DEBUG]: Adding stateEstimate.y with id=122 and type=0x77
2021-03-23 15:06:42,672 [DEBUG]: Requesting request to update param [18]
2021-03-23 15:06:42,672 [DEBUG]: Adding stateEstimate.z with id=123 and type=0x77
2021-03-23 15:06:42,672 [DEBUG]: Requesting request to update param [19]
2021-03-23 15:06:42,672 [DEBUG]: Adding stabilizer.roll with id=117 and type=0x77
2021-03-23 15:06:42,672 [DEBUG]: Requesting request to update param [20]
2021-03-23 15:06:42,673 [DEBUG]: Adding stabilizer.pitch with id=118 and type=0x77
2021-03-23 15:06:42,673 [DEBUG]: Requesting request to update param [21]
2021-03-23 15:06:42,673 [DEBUG]: Adding stabilizer.yaw with id=119 and type=0x77
2021-03-23 15:06:42,673 [DEBUG]: Requesting request to update param [22]
2021-03-23 15:06:42,673 [DEBUG]: Adding/appending log block id 2
2021-03-23 15:06:42,673 [DEBUG]: Requesting request to update param [23]
2021-03-23 15:06:42,673 [DEBUG]: First time block is started, add block
2021-03-23 15:06:42,673 [DEBUG]: Requesting request to update param [24]
2021-03-23 15:06:42,673 [DEBUG]: Requesting request to update param [25]
2021-03-23 15:06:42,673 [DEBUG]: Requesting request to update param [26]
2021-03-23 15:06:42,673 [DEBUG]: Requesting request to update param [27]
2021-03-23 15:06:42,673 [DEBUG]: Requesting request to update param [28]
2021-03-23 15:06:42,674 [DEBUG]: Requesting request to update param [29]
2021-03-23 15:06:42,674 [DEBUG]: Requesting request to update param [30]
2021-03-23 15:06:42,674 [DEBUG]: Requesting request to update param [31]
2021-03-23 15:06:42,674 [DEBUG]: Requesting request to update param [32]
2021-03-23 15:06:42,674 [DEBUG]: Requesting request to update param [33]
2021-03-23 15:06:42,674 [DEBUG]: Requesting request to update param [34]
2021-03-23 15:06:42,674 [DEBUG]: Requesting request to update param [35]
2021-03-23 15:06:42,674 [DEBUG]: Requesting request to update param [36]
2021-03-23 15:06:42,674 [DEBUG]: Requesting request to update param [37]
2021-03-23 15:06:42,674 [DEBUG]: Requesting request to update param [38]
2021-03-23 15:06:42,674 [DEBUG]: Requesting request to update param [39]
2021-03-23 15:06:42,674 [DEBUG]: Requesting request to update param [40]
2021-03-23 15:06:42,674 [DEBUG]: Requesting request to update param [41]
2021-03-23 15:06:42,674 [DEBUG]: Requesting request to update param [42]
2021-03-23 15:06:42,674 [DEBUG]: Requesting request to update param [43]
2021-03-23 15:06:42,674 [DEBUG]: Requesting request to update param [44]
2021-03-23 15:06:42,674 [DEBUG]: Requesting request to update param [45]
2021-03-23 15:06:42,674 [DEBUG]: Requesting request to update param [46]
2021-03-23 15:06:42,675 [DEBUG]: Requesting request to update param [47]
2021-03-23 15:06:42,675 [DEBUG]: Requesting request to update param [48]
2021-03-23 15:06:42,675 [DEBUG]: Requesting request to update param [49]
2021-03-23 15:06:42,675 [DEBUG]: Requesting request to update param [50]
2021-03-23 15:06:42,675 [DEBUG]: Requesting request to update param [51]
2021-03-23 15:06:42,675 [DEBUG]: Requesting request to update param [52]
2021-03-23 15:06:42,675 [DEBUG]: Requesting request to update param [53]
2021-03-23 15:06:42,675 [DEBUG]: Requesting request to update param [54]
2021-03-23 15:06:42,675 [DEBUG]: Requesting request to update param [55]
2021-03-23 15:06:42,675 [DEBUG]: Requesting request to update param [56]
2021-03-23 15:06:42,675 [DEBUG]: Requesting request to update param [57]
2021-03-23 15:06:42,675 [DEBUG]: Requesting request to update param [58]
2021-03-23 15:06:42,675 [DEBUG]: Requesting request to update param [59]
2021-03-23 15:06:42,675 [DEBUG]: Requesting request to update param [60]
2021-03-23 15:06:42,675 [DEBUG]: Requesting request to update param [61]
2021-03-23 15:06:42,675 [DEBUG]: Requesting request to update param [62]
2021-03-23 15:06:42,675 [DEBUG]: Requesting request to update param [63]
2021-03-23 15:06:42,676 [DEBUG]: Requesting request to update param [64]
2021-03-23 15:06:42,676 [DEBUG]: Requesting request to update param [65]
2021-03-23 15:06:42,676 [DEBUG]: Requesting request to update param [66]
2021-03-23 15:06:42,676 [DEBUG]: Requesting request to update param [67]
2021-03-23 15:06:42,676 [DEBUG]: Requesting request to update param [68]
2021-03-23 15:06:42,676 [DEBUG]: Requesting request to update param [69]
2021-03-23 15:06:42,676 [DEBUG]: Requesting request to update param [70]
2021-03-23 15:06:42,676 [DEBUG]: Requesting request to update param [71]
2021-03-23 15:06:42,676 [DEBUG]: Requesting request to update param [72]
2021-03-23 15:06:42,676 [DEBUG]: Requesting request to update param [73]
2021-03-23 15:06:42,676 [DEBUG]: Requesting request to update param [74]
2021-03-23 15:06:42,676 [DEBUG]: Requesting request to update param [75]
2021-03-23 15:06:42,676 [DEBUG]: Requesting request to update param [76]
2021-03-23 15:06:42,676 [DEBUG]: Requesting request to update param [77]
2021-03-23 15:06:42,676 [DEBUG]: Requesting request to update param [78]
2021-03-23 15:06:42,676 [DEBUG]: Requesting request to update param [79]
2021-03-23 15:06:42,676 [DEBUG]: Requesting request to update param [80]
2021-03-23 15:06:42,677 [DEBUG]: Requesting request to update param [81]
2021-03-23 15:06:42,677 [DEBUG]: Requesting request to update param [82]
2021-03-23 15:06:42,677 [DEBUG]: Requesting request to update param [83]
2021-03-23 15:06:42,677 [DEBUG]: Requesting request to update param [84]
2021-03-23 15:06:42,677 [DEBUG]: Requesting request to update param [85]
2021-03-23 15:06:42,677 [DEBUG]: Requesting request to update param [86]
2021-03-23 15:06:42,677 [DEBUG]: Requesting request to update param [87]
2021-03-23 15:06:42,677 [DEBUG]: Requesting request to update param [88]
2021-03-23 15:06:42,677 [DEBUG]: Requesting request to update param [89]
2021-03-23 15:06:42,677 [DEBUG]: Requesting request to update param [90]
2021-03-23 15:06:42,677 [DEBUG]: Requesting request to update param [91]
2021-03-23 15:06:42,677 [DEBUG]: Requesting request to update param [92]
2021-03-23 15:06:42,677 [DEBUG]: Requesting request to update param [93]
2021-03-23 15:06:42,678 [DEBUG]: Requesting request to update param [94]
2021-03-23 15:06:42,678 [DEBUG]: Requesting request to update param [95]
2021-03-23 15:06:42,678 [DEBUG]: Requesting request to update param [96]
2021-03-23 15:06:42,678 [DEBUG]: Requesting request to update param [97]
2021-03-23 15:06:42,678 [DEBUG]: Requesting request to update param [98]
2021-03-23 15:06:42,678 [DEBUG]: Requesting request to update param [99]
2021-03-23 15:06:42,678 [DEBUG]: Requesting request to update param [100]
2021-03-23 15:06:42,679 [DEBUG]: Requesting request to update param [101]
2021-03-23 15:06:42,679 [DEBUG]: Requesting request to update param [102]
2021-03-23 15:06:42,679 [DEBUG]: Requesting request to update param [103]
2021-03-23 15:06:42,679 [DEBUG]: Requesting request to update param [104]
2021-03-23 15:06:42,679 [DEBUG]: Requesting request to update param [105]
2021-03-23 15:06:42,679 [DEBUG]: Requesting request to update param [106]
2021-03-23 15:06:42,679 [DEBUG]: Requesting request to update param [107]
2021-03-23 15:06:42,679 [DEBUG]: Requesting request to update param [108]
2021-03-23 15:06:42,679 [DEBUG]: Requesting request to update param [109]
2021-03-23 15:06:42,679 [DEBUG]: Requesting request to update param [110]
2021-03-23 15:06:42,679 [DEBUG]: Requesting request to update param [111]
2021-03-23 15:06:42,680 [DEBUG]: Requesting request to update param [112]
2021-03-23 15:06:42,680 [DEBUG]: Requesting request to update param [113]
2021-03-23 15:06:42,680 [DEBUG]: Requesting request to update param [114]
2021-03-23 15:06:42,680 [DEBUG]: Requesting request to update param [115]
2021-03-23 15:06:42,680 [DEBUG]: Requesting request to update param [116]
2021-03-23 15:06:42,680 [DEBUG]: Requesting request to update param [117]
2021-03-23 15:06:42,680 [DEBUG]: Requesting request to update param [118]
2021-03-23 15:06:42,680 [DEBUG]: Requesting request to update param [119]
2021-03-23 15:06:42,680 [DEBUG]: Requesting request to update param [120]
2021-03-23 15:06:42,680 [DEBUG]: Requesting request to update param [121]
2021-03-23 15:06:42,680 [DEBUG]: Requesting request to update param [122]
2021-03-23 15:06:42,680 [DEBUG]: Requesting request to update param [123]
2021-03-23 15:06:42,680 [DEBUG]: Requesting request to update param [124]
2021-03-23 15:06:42,680 [DEBUG]: Requesting request to update param [125]
2021-03-23 15:06:42,681 [DEBUG]: Requesting request to update param [126]
2021-03-23 15:06:42,681 [DEBUG]: Requesting request to update param [127]
2021-03-23 15:06:42,681 [DEBUG]: Requesting request to update param [128]
2021-03-23 15:06:42,681 [DEBUG]: Requesting request to update param [140]
2021-03-23 15:06:42,681 [DEBUG]: Requesting request to update param [141]
2021-03-23 15:06:42,681 [DEBUG]: Requesting request to update param [142]
2021-03-23 15:06:42,681 [DEBUG]: Requesting request to update param [143]
2021-03-23 15:06:42,681 [DEBUG]: Requesting request to update param [145]
2021-03-23 15:06:42,681 [DEBUG]: Requesting request to update param [146]
2021-03-23 15:06:42,681 [DEBUG]: Requesting request to update param [147]
2021-03-23 15:06:42,681 [DEBUG]: Requesting request to update param [151]
2021-03-23 15:06:42,681 [DEBUG]: Requesting request to update param [152]
2021-03-23 15:06:42,681 [DEBUG]: Requesting request to update param [154]
2021-03-23 15:06:42,682 [DEBUG]: Requesting request to update param [155]
2021-03-23 15:06:42,682 [DEBUG]: Requesting request to update param [156]
2021-03-23 15:06:42,682 [DEBUG]: Requesting request to update param [129]
2021-03-23 15:06:42,682 [DEBUG]: Requesting request to update param [130]
2021-03-23 15:06:42,682 [DEBUG]: Requesting request to update param [131]
2021-03-23 15:06:42,682 [DEBUG]: Requesting request to update param [132]
2021-03-23 15:06:42,682 [DEBUG]: Requesting request to update param [133]
2021-03-23 15:06:42,682 [DEBUG]: Requesting request to update param [134]
2021-03-23 15:06:42,682 [DEBUG]: Requesting request to update param [135]
2021-03-23 15:06:42,682 [DEBUG]: Requesting request to update param [136]
2021-03-23 15:06:42,682 [DEBUG]: Requesting request to update param [137]
2021-03-23 15:06:42,683 [DEBUG]: Requesting request to update param [138]
2021-03-23 15:06:42,683 [DEBUG]: Requesting request to update param [139]
2021-03-23 15:06:42,683 [DEBUG]: Requesting request to update param [144]
2021-03-23 15:06:42,683 [DEBUG]: Requesting request to update param [148]
2021-03-23 15:06:42,683 [DEBUG]: Requesting request to update param [149]
2021-03-23 15:06:42,683 [DEBUG]: Requesting request to update param [150]
2021-03-23 15:06:42,683 [DEBUG]: Requesting request to update param [153]
2021-03-23 15:06:42,683 [DEBUG]: Requesting request to update param [157]
2021-03-23 15:06:42,683 [DEBUG]: Requesting request to update param [158]
2021-03-23 15:06:42,683 [DEBUG]: Requesting request to update param [159]
2021-03-23 15:06:42,683 [DEBUG]: Requesting request to update param [160]
2021-03-23 15:06:42,683 [DEBUG]: Requesting request to update param [161]
2021-03-23 15:06:42,684 [DEBUG]: Requesting request to update param [162]
2021-03-23 15:06:42,684 [DEBUG]: Requesting request to update param [163]
2021-03-23 15:06:42,684 [DEBUG]: Updated parameter [imu_sensors.BMP388]
2021-03-23 15:06:42,684 [DEBUG]: Have successfully added id=1
2021-03-23 15:06:42,685 [DEBUG]: Have successfully added id=2
2021-03-23 15:06:42,688 [DEBUG]: Updated parameter [imu_sensors.HMC5883L]
2021-03-23 15:06:42,689 [INFO]: Have successfully started logging for id=1
2021-03-23 15:06:42,690 [INFO]: Have successfully started logging for id=2
2021-03-23 15:06:42,691 [DEBUG]: Updated parameter [imu_sensors.MS5611]
2021-03-23 15:06:42,694 [DEBUG]: Updated parameter [imu_tests.MPU6500]
2021-03-23 15:06:42,698 [DEBUG]: Updated parameter [imu_tests.HMC5883L]
2021-03-23 15:06:42,702 [DEBUG]: Updated parameter [imu_tests.MS5611]
2021-03-23 15:06:42,715 [DEBUG]: Updated parameter [cpu.flash]
2021-03-23 15:06:42,723 [DEBUG]: Updated parameter [cpu.id0]
2021-03-23 15:06:42,728 [DEBUG]: Updated parameter [cpu.id1]
2021-03-23 15:06:42,733 [DEBUG]: Updated parameter [cpu.id2]
2021-03-23 15:06:42,737 [DEBUG]: Updated parameter [system.selftestPassed]
2021-03-23 15:06:42,741 [DEBUG]: Updated parameter [system.taskDump]
2021-03-23 15:06:42,745 [DEBUG]: Updated parameter [sound.effect]
2021-03-23 15:06:42,748 [DEBUG]: Updated parameter [sound.neffect]
2021-03-23 15:06:42,751 [DEBUG]: Updated parameter [sound.freq]
2021-03-23 15:06:42,754 [DEBUG]: Updated parameter [sound.ratio]
2021-03-23 15:06:42,758 [DEBUG]: Updated parameter [memTst.resetW]
2021-03-23 15:06:42,762 [DEBUG]: Updated parameter [commander.enHighLevel]
2021-03-23 15:06:42,765 [DEBUG]: Updated parameter [flightmode.althold]
2021-03-23 15:06:42,768 [DEBUG]: Updated parameter [flightmode.poshold]
2021-03-23 15:06:42,772 [DEBUG]: Updated parameter [flightmode.posSet]
2021-03-23 15:06:42,775 [DEBUG]: Updated parameter [flightmode.yawMode]
2021-03-23 15:06:42,778 [DEBUG]: Updated parameter [flightmode.yawRst]
2021-03-23 15:06:42,782 [DEBUG]: Updated parameter [kalman.resetEstimation]
2021-03-23 15:06:42,785 [DEBUG]: Updated parameter [flightmode.stabModeRoll]
2021-03-23 15:06:42,789 [DEBUG]: Updated parameter [flightmode.stabModePitch]
2021-03-23 15:06:42,793 [DEBUG]: Updated parameter [flightmode.stabModeYaw]
2021-03-23 15:06:42,796 [DEBUG]: Updated parameter [cmdrCPPM.rateRoll]
2021-03-23 15:06:42,801 [DEBUG]: Updated parameter [cmdrCPPM.ratePitch]
2021-03-23 15:06:42,805 [DEBUG]: Updated parameter [cmdrCPPM.rateYaw]
2021-03-23 15:06:42,809 [DEBUG]: Updated parameter [cmdrCPPM.angRoll]
2021-03-23 15:06:42,814 [DEBUG]: Updated parameter [cmdrCPPM.angPitch]
2021-03-23 15:06:42,818 [DEBUG]: Updated parameter [locSrv.enRangeStreamFP32]
2021-03-23 15:06:42,822 [DEBUG]: Updated parameter [locSrv.extPosStdDev]
2021-03-23 15:06:42,825 [DEBUG]: Updated parameter [locSrv.extQuatStdDev]
2021-03-23 15:06:42,829 [DEBUG]: Updated parameter [pid_attitude.roll_kp]
2021-03-23 15:06:42,834 [DEBUG]: Updated parameter [pid_attitude.roll_ki]
2021-03-23 15:06:42,847 [DEBUG]: Updated parameter [pid_attitude.roll_kd]
2021-03-23 15:06:42,852 [DEBUG]: Updated parameter [pid_attitude.pitch_kp]
2021-03-23 15:06:42,855 [DEBUG]: Updated parameter [pid_attitude.pitch_ki]
2021-03-23 15:06:42,860 [DEBUG]: Updated parameter [pid_attitude.pitch_kd]
2021-03-23 15:06:42,863 [DEBUG]: Updated parameter [pid_attitude.yaw_kp]
2021-03-23 15:06:42,868 [DEBUG]: Updated parameter [pid_attitude.yaw_ki]
2021-03-23 15:06:42,871 [DEBUG]: Updated parameter [pid_attitude.yaw_kd]
2021-03-23 15:06:42,874 [DEBUG]: Updated parameter [pid_rate.roll_kp]
2021-03-23 15:06:42,879 [DEBUG]: Updated parameter [pid_rate.roll_ki]
2021-03-23 15:06:42,882 [DEBUG]: Updated parameter [pid_rate.roll_kd]
2021-03-23 15:06:42,886 [DEBUG]: Updated parameter [pid_rate.pitch_kp]
2021-03-23 15:06:42,890 [DEBUG]: Updated parameter [pid_rate.pitch_ki]
2021-03-23 15:06:42,894 [DEBUG]: Updated parameter [pid_rate.pitch_kd]
2021-03-23 15:06:42,897 [DEBUG]: Updated parameter [pid_rate.yaw_kp]
2021-03-23 15:06:42,902 [DEBUG]: Updated parameter [pid_rate.yaw_ki]
2021-03-23 15:06:42,905 [DEBUG]: Updated parameter [pid_rate.yaw_kd]
2021-03-23 15:06:42,910 [DEBUG]: Updated parameter [sensfusion6.kp]
2021-03-23 15:06:42,914 [DEBUG]: Updated parameter [sensfusion6.ki]
2021-03-23 15:06:42,917 [DEBUG]: Updated parameter [sensfusion6.baseZacc]
2021-03-23 15:06:42,921 [DEBUG]: Updated parameter [health.startPropTest]
2021-03-23 15:06:42,924 [DEBUG]: Updated parameter [stabilizer.estimator]
2021-03-23 15:06:42,929 [DEBUG]: Updated parameter [stabilizer.controller]
2021-03-23 15:06:42,933 [DEBUG]: Updated parameter [posEstAlt.estAlphaAsl]
2021-03-23 15:06:42,937 [DEBUG]: Updated parameter [posEstAlt.estAlphaZr]
2021-03-23 15:06:42,941 [DEBUG]: Updated parameter [posEstAlt.velFactor]
2021-03-23 15:06:42,944 [DEBUG]: Updated parameter [posEstAlt.velZAlpha]
2021-03-23 15:06:42,947 [DEBUG]: Updated parameter [posEstAlt.vAccDeadband]
2021-03-23 15:06:42,952 [DEBUG]: Updated parameter [posCtlPid.xKp]
2021-03-23 15:06:42,955 [DEBUG]: Updated parameter [posCtlPid.xKi]
2021-03-23 15:06:42,961 [DEBUG]: Updated parameter [posCtlPid.xKd]
2021-03-23 15:06:42,964 [DEBUG]: Updated parameter [posCtlPid.yKp]
2021-03-23 15:06:42,968 [DEBUG]: Updated parameter [posCtlPid.yKi]
2021-03-23 15:06:42,982 [DEBUG]: Updated parameter [posCtlPid.yKd]
2021-03-23 15:06:42,986 [DEBUG]: Updated parameter [posCtlPid.zKp]
2021-03-23 15:06:42,991 [DEBUG]: Updated parameter [posCtlPid.zKi]
2021-03-23 15:06:42,995 [DEBUG]: Updated parameter [posCtlPid.zKd]
2021-03-23 15:06:42,999 [DEBUG]: Updated parameter [posCtlPid.thrustBase]
2021-03-23 15:06:43,002 [DEBUG]: Updated parameter [posCtlPid.thrustMin]
2021-03-23 15:06:43,007 [DEBUG]: Updated parameter [posCtlPid.rpLimit]
2021-03-23 15:06:43,011 [DEBUG]: Updated parameter [posCtlPid.xyVelMax]
2021-03-23 15:06:43,016 [DEBUG]: Updated parameter [posCtlPid.zVelMax]
2021-03-23 15:06:43,021 [DEBUG]: Updated parameter [velCtlPid.vxKp]
2021-03-23 15:06:43,025 [DEBUG]: Updated parameter [velCtlPid.vxKi]
2021-03-23 15:06:43,030 [DEBUG]: Updated parameter [velCtlPid.vxKd]
2021-03-23 15:06:43,034 [DEBUG]: Updated parameter [velCtlPid.vyKp]
2021-03-23 15:06:43,037 [DEBUG]: Updated parameter [velCtlPid.vyKi]
2021-03-23 15:06:43,041 [DEBUG]: Updated parameter [velCtlPid.vyKd]
2021-03-23 15:06:43,045 [DEBUG]: Updated parameter [velCtlPid.vzKp]
2021-03-23 15:06:43,048 [DEBUG]: Updated parameter [velCtlPid.vzKi]
2021-03-23 15:06:43,052 [DEBUG]: Updated parameter [velCtlPid.vzKd]
2021-03-23 15:06:43,055 [DEBUG]: Updated parameter [controller.tiltComp]
2021-03-23 15:06:43,059 [DEBUG]: Updated parameter [ctrlMel.kp_xy]
2021-03-23 15:06:43,063 [DEBUG]: Updated parameter [ctrlMel.kd_xy]
2021-03-23 15:06:43,067 [DEBUG]: Updated parameter [ctrlMel.ki_xy]
2021-03-23 15:06:43,071 [DEBUG]: Updated parameter [ctrlMel.i_range_xy]
2021-03-23 15:06:43,075 [DEBUG]: Updated parameter [ctrlMel.kp_z]
2021-03-23 15:06:43,079 [DEBUG]: Updated parameter [ctrlMel.kd_z]
2021-03-23 15:06:43,084 [DEBUG]: Updated parameter [ctrlMel.ki_z]
2021-03-23 15:06:43,088 [DEBUG]: Updated parameter [ctrlMel.i_range_z]
2021-03-23 15:06:43,094 [DEBUG]: Updated parameter [ctrlMel.mass]
2021-03-23 15:06:43,109 [DEBUG]: Updated parameter [ctrlMel.massThrust]
2021-03-23 15:06:43,114 [DEBUG]: Updated parameter [ctrlMel.kR_xy]
2021-03-23 15:06:43,118 [DEBUG]: Updated parameter [ctrlMel.kR_z]
2021-03-23 15:06:43,122 [DEBUG]: Updated parameter [ctrlMel.kw_xy]
2021-03-23 15:06:43,125 [DEBUG]: Updated parameter [ctrlMel.kw_z]
2021-03-23 15:06:43,128 [DEBUG]: Updated parameter [ctrlMel.ki_m_xy]
2021-03-23 15:06:43,133 [DEBUG]: Updated parameter [ctrlMel.ki_m_z]
2021-03-23 15:06:43,136 [DEBUG]: Updated parameter [ctrlMel.kd_omega_rp]
2021-03-23 15:06:43,141 [DEBUG]: Updated parameter [ctrlMel.i_range_m_xy]
2021-03-23 15:06:43,144 [DEBUG]: Updated parameter [ctrlMel.i_range_m_z]
2021-03-23 15:06:43,147 [DEBUG]: Updated parameter [motorPowerSet.enable]
2021-03-23 15:06:43,151 [DEBUG]: Updated parameter [motorPowerSet.m1]
2021-03-23 15:06:43,154 [DEBUG]: Updated parameter [motorPowerSet.m2]
2021-03-23 15:06:43,157 [DEBUG]: Updated parameter [motorPowerSet.m3]
2021-03-23 15:06:43,161 [DEBUG]: Updated parameter [motorPowerSet.m4]
2021-03-23 15:06:43,164 [DEBUG]: Updated parameter [kalman.resetEstimation]
2021-03-23 15:06:43,167 [DEBUG]: Updated parameter [kalman.quadIsFlying]
2021-03-23 15:06:43,171 [DEBUG]: Updated parameter [kalman.pNAcc_xy]
2021-03-23 15:06:43,174 [DEBUG]: Updated parameter [kalman.pNAcc_z]
2021-03-23 15:06:43,177 [DEBUG]: Updated parameter [kalman.pNVel]
2021-03-23 15:06:43,181 [DEBUG]: Updated parameter [kalman.pNPos]
2021-03-23 15:06:43,184 [DEBUG]: Updated parameter [kalman.pNAtt]
2021-03-23 15:06:43,188 [DEBUG]: Updated parameter [kalman.mNBaro]
2021-03-23 15:06:43,192 [DEBUG]: Updated parameter [kalman.mNGyro_rollpitch]
2021-03-23 15:06:43,195 [DEBUG]: Updated parameter [kalman.mNGyro_yaw]
2021-03-23 15:06:43,200 [DEBUG]: Updated parameter [kalman.initialX]
2021-03-23 15:06:43,203 [DEBUG]: Updated parameter [kalman.initialY]
2021-03-23 15:06:43,206 [DEBUG]: Updated parameter [kalman.initialZ]
2021-03-23 15:06:43,210 [DEBUG]: Updated parameter [kalman.initialYaw]
2021-03-23 15:06:43,213 [DEBUG]: Updated parameter [kalman.maxPos]
2021-03-23 15:06:43,217 [DEBUG]: Updated parameter [kalman.maxVel]
2021-03-23 15:06:43,221 [DEBUG]: Updated parameter [deck.bcLedRing]
2021-03-23 15:06:43,224 [DEBUG]: Updated parameter [deck.bcBuzzer]
2021-03-23 15:06:43,237 [DEBUG]: Updated parameter [deck.bcGTGPS]
2021-03-23 15:06:43,242 [DEBUG]: Updated parameter [deck.bcCPPM]
2021-03-23 15:06:43,245 [DEBUG]: Updated parameter [deck.bcUSD]
2021-03-23 15:06:43,249 [DEBUG]: Updated parameter [deck.bcZRanger]
2021-03-23 15:06:43,253 [DEBUG]: Updated parameter [deck.bcZRanger2]
2021-03-23 15:06:43,256 [DEBUG]: Updated parameter [deck.bcDWM1000]
2021-03-23 15:06:43,261 [DEBUG]: Updated parameter [deck.bcFlow]
2021-03-23 15:06:43,264 [DEBUG]: Updated parameter [deck.bcFlow2]
2021-03-23 15:06:43,267 [DEBUG]: Updated parameter [deck.bcOA]
2021-03-23 15:06:43,272 [DEBUG]: Updated parameter [deck.bcMultiranger]
2021-03-23 15:06:43,275 [DEBUG]: Updated parameter [deck.bdLighthouse4]
2021-03-23 15:06:43,278 [DEBUG]: Updated parameter [ring.effect]
2021-03-23 15:06:43,282 [DEBUG]: Updated parameter [ring.neffect]
2021-03-23 15:06:43,286 [DEBUG]: Updated parameter [ring.solidRed]
2021-03-23 15:06:43,291 [DEBUG]: Updated parameter [ring.solidGreen]
2021-03-23 15:06:43,294 [DEBUG]: Updated parameter [ring.solidBlue]
2021-03-23 15:06:43,297 [DEBUG]: Updated parameter [ring.headlightEnable]
2021-03-23 15:06:43,301 [DEBUG]: Updated parameter [ring.glowstep]
2021-03-23 15:06:43,304 [DEBUG]: Updated parameter [ring.emptyCharge]
2021-03-23 15:06:43,309 [DEBUG]: Updated parameter [ring.fullCharge]
2021-03-23 15:06:43,314 [DEBUG]: Updated parameter [ring.fadeColor]
2021-03-23 15:06:43,318 [DEBUG]: Updated parameter [ring.fadeTime]
2021-03-23 15:06:43,321 [DEBUG]: Updated parameter [usd.logging]
2021-03-23 15:06:43,325 [DEBUG]: Updated parameter [loco.mode]
2021-03-23 15:06:43,328 [DEBUG]: Updated parameter [tdoa3.logId]
2021-03-23 15:06:43,333 [DEBUG]: Updated parameter [tdoa3.logOthrId]
2021-03-23 15:06:43,336 [DEBUG]: Updated parameter [motion.disable]
2021-03-23 15:06:43,340 [DEBUG]: Updated parameter [activeMarker.front]
2021-03-23 15:06:43,344 [DEBUG]: Updated parameter [activeMarker.back]
2021-03-23 15:06:43,348 [DEBUG]: Updated parameter [activeMarker.left]
2021-03-23 15:06:43,352 [DEBUG]: Updated parameter [activeMarker.right]
2021-03-23 15:06:43,365 [DEBUG]: Updated parameter [firmware.revision0]
2021-03-23 15:06:43,370 [DEBUG]: Updated parameter [firmware.revision1]
2021-03-23 15:06:43,373 [DEBUG]: Updated parameter [firmware.modified]
2021-03-23 15:06:43,377 [DEBUG]: Updated parameter [kalman.resetEstimation]
2021-03-23 15:06:47,275 [INFO]: Take-off!
