2021-03-23 15:08:01,365 [INFO]: Connecting to the Vicon...
2021-03-23 15:08:01,366 [INFO]: Connected to Vicon!
2021-03-23 15:08:01,366 [INFO]: Enabling data types...
2021-03-23 15:08:01,367 [DEBUG]: Segments: True
2021-03-23 15:08:01,367 [DEBUG]: Markers: True
2021-03-23 15:08:01,367 [DEBUG]: Unlabeled Markers: True
2021-03-23 15:08:01,367 [DEBUG]: Marker Rays: True
2021-03-23 15:08:01,367 [DEBUG]: Devices: True
2021-03-23 15:08:01,367 [DEBUG]: Centroids: True 
2021-03-23 15:08:01,367 [INFO]: Testing stream modes...
2021-03-23 15:08:01,367 [INFO]: Getting a frame in ClientPull mode...
2021-03-23 15:08:02,369 [ERROR]: Error using ClientPull mode. --> NoFrame
2021-03-23 15:08:02,369 [INFO]: Getting a frame in PreFetch mode...
2021-03-23 15:08:03,370 [ERROR]: Error using ClientPreFetch mode. --> NoFrame
2021-03-23 15:08:03,370 [INFO]: Getting a frame in ServerPush mode...
2021-03-23 15:08:03,370 [DEBUG]: Fetched! Pulled frame number: 1078805
2021-03-23 15:08:03,371 [INFO]: ServerPush mode set.
2021-03-23 15:08:03,371 [INFO]: Getting available framerates...
2021-03-23 15:08:03,371 [INFO]: Current Vicon frame rate: 100.0 Hz.
2021-03-23 15:08:03,371 [INFO]: Available frame rates: 
2021-03-23 15:08:03,371 [INFO]: Process Rate : 99 Hz 

2021-03-23 15:08:03,371 [INFO]: Setting axis...
2021-03-23 15:08:03,371 [INFO]: X Axis: AxisMapping.EForward
2021-03-23 15:08:03,371 [INFO]: Y Axis: AxisMapping.ELeft
2021-03-23 15:08:03,371 [INFO]: Z Axis: AxisMapping.EUp
2021-03-23 15:08:03,371 [INFO]: Initializing drivers...
2021-03-23 15:08:03,371 [INFO]: Drivers initialized.
2021-03-23 15:08:03,372 [INFO]: Connecting to the Crazyflie...
2021-03-23 15:08:03,372 [DEBUG]: Adding callback on port [6] to [<bound method Localization._incoming of <cflib.crazyflie.localization.Localization object at 0x0000024CA975A6C8>>]
2021-03-23 15:08:03,372 [DEBUG]: Adding callback on port [5] to [<bound method Log._new_packet_cb of <cflib.crazyflie.log.Log object at 0x0000024CA975A7C8>>]
2021-03-23 15:08:03,372 [DEBUG]: Adding callback on port [0] to [<bound method Console.incoming of <cflib.crazyflie.console.Console object at 0x0000024CA975A888>>]
2021-03-23 15:08:03,372 [DEBUG]: Adding callback on port [2] to [<bound method _ParamUpdater._new_packet_cb of <_ParamUpdater(Thread-2, initial daemon)>>]
2021-03-23 15:08:03,372 [DEBUG]: Adding callback on port [4] to [<bound method Memory._new_packet_cb of <cflib.crazyflie.mem.Memory object at 0x0000024CA975AB48>>]
2021-03-23 15:08:03,373 [DEBUG]: Adding callback on port [13] to [<bound method PlatformService._platform_callback of <cflib.crazyflie.platformservice.PlatformService object at 0x0000024CA975ACC8>>]
2021-03-23 15:08:03,373 [DEBUG]: Adding callback on port [15] to [<bound method PlatformService._crt_service_callback of <cflib.crazyflie.platformservice.PlatformService object at 0x0000024CA975ACC8>>]
2021-03-23 15:08:03,373 [INFO]: Crazyflie2 has the following segments: ['Crazyflie2']
2021-03-23 15:08:03,373 [INFO]: Crazyflie2 has root: Crazyflie2
2021-03-23 15:08:03,373 [DEBUG]: ===Checking functions without flying===
2021-03-23 15:08:03,373 [DEBUG]: ===============Offline check done=================
2021-03-23 15:08:03,374 [DEBUG]: Adding callback on port [6] to [<bound method Localization._incoming of <cflib.crazyflie.localization.Localization object at 0x0000024CA975AD08>>]
2021-03-23 15:08:03,374 [DEBUG]: Adding callback on port [5] to [<bound method Log._new_packet_cb of <cflib.crazyflie.log.Log object at 0x0000024CA975AF08>>]
2021-03-23 15:08:03,374 [DEBUG]: Adding callback on port [0] to [<bound method Console.incoming of <cflib.crazyflie.console.Console object at 0x0000024CA9770208>>]
2021-03-23 15:08:03,374 [DEBUG]: Adding callback on port [2] to [<bound method _ParamUpdater._new_packet_cb of <_ParamUpdater(Thread-4, initial daemon)>>]
2021-03-23 15:08:03,374 [DEBUG]: Adding callback on port [4] to [<bound method Memory._new_packet_cb of <cflib.crazyflie.mem.Memory object at 0x0000024CA9770608>>]
2021-03-23 15:08:03,374 [DEBUG]: Adding callback on port [13] to [<bound method PlatformService._platform_callback of <cflib.crazyflie.platformservice.PlatformService object at 0x0000024CA9770748>>]
2021-03-23 15:08:03,374 [DEBUG]: Adding callback on port [15] to [<bound method PlatformService._crt_service_callback of <cflib.crazyflie.platformservice.PlatformService object at 0x0000024CA9770748>>]
2021-03-23 15:08:03,374 [INFO]: Callback->Connection initialized[radio://0/80/2M]
2021-03-23 15:08:03,378 [INFO]: We are connected[radio://0/80/2M], request connection setup
2021-03-23 15:08:03,380 [INFO]: Callback->Connected to [radio://0/80/2M]
2021-03-23 15:08:03,383 [WARNING]: Error no LogEntry to handle id=2
2021-03-23 15:08:03,385 [WARNING]: Error no LogEntry to handle id=2
2021-03-23 15:08:03,391 [INFO]: Protocol  version: 4
2021-03-23 15:08:03,395 [DEBUG]: Logging reset, continue with TOC download
2021-03-23 15:08:03,395 [DEBUG]: [5]: Using V2 protocol: 1
2021-03-23 15:08:03,395 [DEBUG]: [5]: Start fetching...
2021-03-23 15:08:03,395 [DEBUG]: Adding callback on port [5] to [<bound method TocFetcher._new_packet_cb of <cflib.crazyflie.toc.TocFetcher object at 0x0000024CA97B3908>>]
2021-03-23 15:08:03,399 [DEBUG]: [5]: Got TOC CRC, 317 items and crc=0x05C5AF70
2021-03-23 15:08:03,402 [INFO]: TOC for port [5] found in cache
2021-03-23 15:08:03,402 [DEBUG]: Removing callback on port [5] to [<bound method TocFetcher._new_packet_cb of <cflib.crazyflie.toc.TocFetcher object at 0x0000024CA97B3908>>]
2021-03-23 15:08:03,402 [DEBUG]: [5]: Done!
2021-03-23 15:08:03,402 [INFO]: Log TOC finished updating
2021-03-23 15:08:03,402 [DEBUG]: Requesting number of memories
2021-03-23 15:08:03,404 [INFO]: 9 memories found
2021-03-23 15:08:03,404 [DEBUG]: Requesting first id
2021-03-23 15:08:03,408 [DEBUG]: Requesting information about memory 1
2021-03-23 15:08:03,412 [DEBUG]: Memory: id=1, type=LED driver, size=24
2021-03-23 15:08:03,412 [DEBUG]: Requesting information about memory 2
2021-03-23 15:08:03,416 [DEBUG]: Memory: id=2, type=Loco Positioning, size=6144
2021-03-23 15:08:03,416 [DEBUG]: Requesting information about memory 3
2021-03-23 15:08:03,420 [DEBUG]: Memory: id=3, type=Trajectory, size=4096
2021-03-23 15:08:03,420 [DEBUG]: Requesting information about memory 4
2021-03-23 15:08:03,424 [DEBUG]: Memory: id=4, type=Loco Positioning 2, size=69632
2021-03-23 15:08:03,424 [DEBUG]: Requesting information about memory 5
2021-03-23 15:08:03,428 [DEBUG]: Memory: id=5, type=Lighthouse positioning, size=96
2021-03-23 15:08:03,428 [DEBUG]: Requesting information about memory 6
2021-03-23 15:08:03,432 [DEBUG]: Memory: id=6, type=Memory tester, size=4096
2021-03-23 15:08:03,432 [DEBUG]: Requesting information about memory 7
2021-03-23 15:08:03,436 [DEBUG]: Memory: id=7, type=Unknown, size=0
2021-03-23 15:08:03,436 [DEBUG]: Requesting information about memory 8
2021-03-23 15:08:03,441 [DEBUG]: Done getting all the memories, start reading the OWs
2021-03-23 15:08:03,441 [DEBUG]: Updating content of memory 8
2021-03-23 15:08:03,441 [DEBUG]: Requesting new chunk of 11bytes at 0x0
2021-03-23 15:08:03,446 [DEBUG]: READ: Mem=8, addr=0x0, status=0x0, data=(235, 12, 0, 0, 0, 188, 15, 205, 0, 12, 1)
2021-03-23 15:08:03,446 [DEBUG]: READING: We are still interested in request for mem 8
2021-03-23 15:08:03,447 [DEBUG]: Requesting new chunk of 15bytes at 0x8
2021-03-23 15:08:03,452 [DEBUG]: READ: Mem=8, addr=0x8, status=0x0, data=(0, 12, 1, 7, 98, 99, 70, 108, 111, 119, 50, 2, 1, 65, 84)
2021-03-23 15:08:03,452 [DEBUG]: READING: We are still interested in request for mem 8
2021-03-23 15:08:03,452 [DEBUG]: OW 0DD9203F00000040 (BC:0F): {'Board name': 'bcFlow2', 'Board revision': 'A'}
2021-03-23 15:08:03,452 [INFO]: Memories finished updating
2021-03-23 15:08:03,452 [DEBUG]: [2]: Using V2 protocol: 1
2021-03-23 15:08:03,452 [DEBUG]: [2]: Start fetching...
2021-03-23 15:08:03,453 [DEBUG]: Adding callback on port [2] to [<bound method TocFetcher._new_packet_cb of <cflib.crazyflie.toc.TocFetcher object at 0x0000024CA97E82C8>>]
2021-03-23 15:08:03,456 [DEBUG]: [2]: Got TOC CRC, 164 items and crc=0x1042AFA8
2021-03-23 15:08:03,457 [INFO]: TOC for port [2] found in cache
2021-03-23 15:08:03,458 [DEBUG]: Removing callback on port [2] to [<bound method TocFetcher._new_packet_cb of <cflib.crazyflie.toc.TocFetcher object at 0x0000024CA97E82C8>>]
2021-03-23 15:08:03,458 [DEBUG]: [2]: Done!
2021-03-23 15:08:03,458 [INFO]: Param TOC finished updating
2021-03-23 15:08:03,458 [INFO]: Callback->Connection setup finished [radio://0/80/2M]
2021-03-23 15:08:03,458 [DEBUG]: Requesting request to update param [6]
2021-03-23 15:08:03,458 [DEBUG]: Requesting request to update param [1]
2021-03-23 15:08:03,458 [DEBUG]: Adding stateEstimate.x with id=121 and type=0x77
2021-03-23 15:08:03,458 [DEBUG]: Requesting request to update param [2]
2021-03-23 15:08:03,459 [DEBUG]: Adding stateEstimate.y with id=122 and type=0x77
2021-03-23 15:08:03,459 [DEBUG]: Requesting request to update param [3]
2021-03-23 15:08:03,459 [DEBUG]: Adding stateEstimate.z with id=123 and type=0x77
2021-03-23 15:08:03,459 [DEBUG]: Requesting request to update param [4]
2021-03-23 15:08:03,459 [DEBUG]: Adding stabilizer.roll with id=117 and type=0x77
2021-03-23 15:08:03,459 [DEBUG]: Requesting request to update param [5]
2021-03-23 15:08:03,460 [DEBUG]: Adding stabilizer.pitch with id=118 and type=0x77
2021-03-23 15:08:03,460 [DEBUG]: Requesting request to update param [7]
2021-03-23 15:08:03,460 [DEBUG]: Adding stabilizer.yaw with id=119 and type=0x77
2021-03-23 15:08:03,460 [DEBUG]: Requesting request to update param [8]
2021-03-23 15:08:03,460 [DEBUG]: Adding/appending log block id 1
2021-03-23 15:08:03,460 [DEBUG]: Requesting request to update param [9]
2021-03-23 15:08:03,460 [DEBUG]: First time block is started, add block
2021-03-23 15:08:03,461 [DEBUG]: Requesting request to update param [10]
2021-03-23 15:08:03,461 [DEBUG]: Adding stateEstimate.x with id=121 and type=0x77
2021-03-23 15:08:03,461 [DEBUG]: Requesting request to update param [11]
2021-03-23 15:08:03,461 [DEBUG]: Adding stateEstimate.y with id=122 and type=0x77
2021-03-23 15:08:03,461 [DEBUG]: Requesting request to update param [16]
2021-03-23 15:08:03,461 [DEBUG]: Adding stateEstimate.z with id=123 and type=0x77
2021-03-23 15:08:03,461 [DEBUG]: Requesting request to update param [12]
2021-03-23 15:08:03,461 [DEBUG]: Adding stabilizer.roll with id=117 and type=0x77
2021-03-23 15:08:03,462 [DEBUG]: Requesting request to update param [13]
2021-03-23 15:08:03,462 [DEBUG]: Adding stabilizer.pitch with id=118 and type=0x77
2021-03-23 15:08:03,462 [DEBUG]: Requesting request to update param [14]
2021-03-23 15:08:03,462 [DEBUG]: Adding stabilizer.yaw with id=119 and type=0x77
2021-03-23 15:08:03,462 [DEBUG]: Requesting request to update param [15]
2021-03-23 15:08:03,462 [DEBUG]: Adding/appending log block id 2
2021-03-23 15:08:03,462 [DEBUG]: Requesting request to update param [17]
2021-03-23 15:08:03,462 [DEBUG]: First time block is started, add block
2021-03-23 15:08:03,462 [DEBUG]: Requesting request to update param [18]
2021-03-23 15:08:03,463 [DEBUG]: Requesting request to update param [19]
2021-03-23 15:08:03,463 [DEBUG]: Requesting request to update param [20]
2021-03-23 15:08:03,463 [DEBUG]: Requesting request to update param [21]
2021-03-23 15:08:03,463 [DEBUG]: Requesting request to update param [22]
2021-03-23 15:08:03,463 [DEBUG]: Requesting request to update param [23]
2021-03-23 15:08:03,463 [DEBUG]: Requesting request to update param [24]
2021-03-23 15:08:03,463 [DEBUG]: Requesting request to update param [25]
2021-03-23 15:08:03,463 [DEBUG]: Requesting request to update param [26]
2021-03-23 15:08:03,463 [DEBUG]: Requesting request to update param [27]
2021-03-23 15:08:03,463 [DEBUG]: Requesting request to update param [28]
2021-03-23 15:08:03,463 [DEBUG]: Requesting request to update param [29]
2021-03-23 15:08:03,463 [DEBUG]: Requesting request to update param [30]
2021-03-23 15:08:03,463 [DEBUG]: Requesting request to update param [31]
2021-03-23 15:08:03,463 [DEBUG]: Requesting request to update param [32]
2021-03-23 15:08:03,463 [DEBUG]: Requesting request to update param [33]
2021-03-23 15:08:03,463 [DEBUG]: Requesting request to update param [34]
2021-03-23 15:08:03,463 [DEBUG]: Requesting request to update param [35]
2021-03-23 15:08:03,464 [DEBUG]: Requesting request to update param [36]
2021-03-23 15:08:03,464 [DEBUG]: Requesting request to update param [37]
2021-03-23 15:08:03,464 [DEBUG]: Requesting request to update param [38]
2021-03-23 15:08:03,464 [DEBUG]: Requesting request to update param [39]
2021-03-23 15:08:03,464 [DEBUG]: Requesting request to update param [40]
2021-03-23 15:08:03,464 [DEBUG]: Requesting request to update param [41]
2021-03-23 15:08:03,464 [DEBUG]: Requesting request to update param [42]
2021-03-23 15:08:03,464 [DEBUG]: Requesting request to update param [43]
2021-03-23 15:08:03,464 [DEBUG]: Requesting request to update param [44]
2021-03-23 15:08:03,464 [DEBUG]: Requesting request to update param [45]
2021-03-23 15:08:03,464 [DEBUG]: Requesting request to update param [46]
2021-03-23 15:08:03,464 [DEBUG]: Requesting request to update param [47]
2021-03-23 15:08:03,464 [DEBUG]: Requesting request to update param [48]
2021-03-23 15:08:03,464 [DEBUG]: Requesting request to update param [49]
2021-03-23 15:08:03,465 [DEBUG]: Requesting request to update param [50]
2021-03-23 15:08:03,465 [DEBUG]: Requesting request to update param [51]
2021-03-23 15:08:03,465 [DEBUG]: Requesting request to update param [52]
2021-03-23 15:08:03,465 [DEBUG]: Requesting request to update param [53]
2021-03-23 15:08:03,465 [DEBUG]: Requesting request to update param [54]
2021-03-23 15:08:03,465 [DEBUG]: Requesting request to update param [55]
2021-03-23 15:08:03,465 [DEBUG]: Requesting request to update param [56]
2021-03-23 15:08:03,465 [DEBUG]: Requesting request to update param [57]
2021-03-23 15:08:03,465 [DEBUG]: Requesting request to update param [58]
2021-03-23 15:08:03,465 [DEBUG]: Requesting request to update param [59]
2021-03-23 15:08:03,465 [DEBUG]: Requesting request to update param [60]
2021-03-23 15:08:03,465 [DEBUG]: Requesting request to update param [61]
2021-03-23 15:08:03,465 [DEBUG]: Requesting request to update param [62]
2021-03-23 15:08:03,465 [DEBUG]: Requesting request to update param [63]
2021-03-23 15:08:03,465 [DEBUG]: Requesting request to update param [64]
2021-03-23 15:08:03,465 [DEBUG]: Requesting request to update param [65]
2021-03-23 15:08:03,465 [DEBUG]: Requesting request to update param [66]
2021-03-23 15:08:03,466 [DEBUG]: Requesting request to update param [67]
2021-03-23 15:08:03,466 [DEBUG]: Requesting request to update param [68]
2021-03-23 15:08:03,466 [DEBUG]: Requesting request to update param [69]
2021-03-23 15:08:03,466 [DEBUG]: Requesting request to update param [70]
2021-03-23 15:08:03,466 [DEBUG]: Requesting request to update param [71]
2021-03-23 15:08:03,466 [DEBUG]: Requesting request to update param [72]
2021-03-23 15:08:03,466 [DEBUG]: Requesting request to update param [73]
2021-03-23 15:08:03,466 [DEBUG]: Requesting request to update param [74]
2021-03-23 15:08:03,466 [DEBUG]: Requesting request to update param [75]
2021-03-23 15:08:03,466 [DEBUG]: Requesting request to update param [76]
2021-03-23 15:08:03,466 [DEBUG]: Requesting request to update param [77]
2021-03-23 15:08:03,466 [DEBUG]: Requesting request to update param [78]
2021-03-23 15:08:03,466 [DEBUG]: Requesting request to update param [79]
2021-03-23 15:08:03,466 [DEBUG]: Requesting request to update param [80]
2021-03-23 15:08:03,466 [DEBUG]: Requesting request to update param [81]
2021-03-23 15:08:03,466 [DEBUG]: Requesting request to update param [82]
2021-03-23 15:08:03,466 [DEBUG]: Requesting request to update param [83]
2021-03-23 15:08:03,467 [DEBUG]: Requesting request to update param [84]
2021-03-23 15:08:03,467 [DEBUG]: Requesting request to update param [85]
2021-03-23 15:08:03,467 [DEBUG]: Requesting request to update param [86]
2021-03-23 15:08:03,467 [DEBUG]: Requesting request to update param [87]
2021-03-23 15:08:03,467 [DEBUG]: Requesting request to update param [88]
2021-03-23 15:08:03,467 [DEBUG]: Requesting request to update param [89]
2021-03-23 15:08:03,467 [DEBUG]: Requesting request to update param [90]
2021-03-23 15:08:03,467 [DEBUG]: Requesting request to update param [91]
2021-03-23 15:08:03,467 [DEBUG]: Requesting request to update param [92]
2021-03-23 15:08:03,467 [DEBUG]: Requesting request to update param [93]
2021-03-23 15:08:03,468 [DEBUG]: Requesting request to update param [94]
2021-03-23 15:08:03,468 [DEBUG]: Requesting request to update param [95]
2021-03-23 15:08:03,468 [DEBUG]: Requesting request to update param [96]
2021-03-23 15:08:03,468 [DEBUG]: Requesting request to update param [97]
2021-03-23 15:08:03,468 [DEBUG]: Requesting request to update param [98]
2021-03-23 15:08:03,468 [DEBUG]: Requesting request to update param [99]
2021-03-23 15:08:03,468 [DEBUG]: Requesting request to update param [100]
2021-03-23 15:08:03,468 [DEBUG]: Requesting request to update param [101]
2021-03-23 15:08:03,468 [DEBUG]: Requesting request to update param [102]
2021-03-23 15:08:03,468 [DEBUG]: Requesting request to update param [103]
2021-03-23 15:08:03,469 [DEBUG]: Requesting request to update param [104]
2021-03-23 15:08:03,469 [DEBUG]: Requesting request to update param [105]
2021-03-23 15:08:03,469 [DEBUG]: Requesting request to update param [106]
2021-03-23 15:08:03,469 [DEBUG]: Requesting request to update param [107]
2021-03-23 15:08:03,469 [DEBUG]: Requesting request to update param [108]
2021-03-23 15:08:03,469 [DEBUG]: Requesting request to update param [109]
2021-03-23 15:08:03,469 [DEBUG]: Requesting request to update param [110]
2021-03-23 15:08:03,469 [DEBUG]: Requesting request to update param [111]
2021-03-23 15:08:03,469 [DEBUG]: Requesting request to update param [112]
2021-03-23 15:08:03,469 [DEBUG]: Requesting request to update param [113]
2021-03-23 15:08:03,469 [DEBUG]: Requesting request to update param [114]
2021-03-23 15:08:03,470 [DEBUG]: Requesting request to update param [115]
2021-03-23 15:08:03,470 [DEBUG]: Requesting request to update param [116]
2021-03-23 15:08:03,470 [DEBUG]: Requesting request to update param [117]
2021-03-23 15:08:03,470 [DEBUG]: Requesting request to update param [118]
2021-03-23 15:08:03,470 [DEBUG]: Requesting request to update param [119]
2021-03-23 15:08:03,470 [DEBUG]: Requesting request to update param [120]
2021-03-23 15:08:03,470 [DEBUG]: Requesting request to update param [121]
2021-03-23 15:08:03,470 [DEBUG]: Requesting request to update param [122]
2021-03-23 15:08:03,470 [DEBUG]: Requesting request to update param [123]
2021-03-23 15:08:03,470 [DEBUG]: Requesting request to update param [124]
2021-03-23 15:08:03,471 [DEBUG]: Requesting request to update param [125]
2021-03-23 15:08:03,471 [DEBUG]: Requesting request to update param [126]
2021-03-23 15:08:03,471 [DEBUG]: Requesting request to update param [127]
2021-03-23 15:08:03,471 [DEBUG]: Requesting request to update param [128]
2021-03-23 15:08:03,471 [DEBUG]: Requesting request to update param [140]
2021-03-23 15:08:03,471 [DEBUG]: Requesting request to update param [141]
2021-03-23 15:08:03,471 [DEBUG]: Requesting request to update param [142]
2021-03-23 15:08:03,471 [DEBUG]: Requesting request to update param [143]
2021-03-23 15:08:03,471 [DEBUG]: Requesting request to update param [145]
2021-03-23 15:08:03,471 [DEBUG]: Requesting request to update param [146]
2021-03-23 15:08:03,471 [DEBUG]: Requesting request to update param [147]
2021-03-23 15:08:03,471 [DEBUG]: Requesting request to update param [151]
2021-03-23 15:08:03,471 [DEBUG]: Requesting request to update param [152]
2021-03-23 15:08:03,471 [DEBUG]: Requesting request to update param [154]
2021-03-23 15:08:03,472 [DEBUG]: Requesting request to update param [155]
2021-03-23 15:08:03,472 [DEBUG]: Requesting request to update param [156]
2021-03-23 15:08:03,472 [DEBUG]: Requesting request to update param [129]
2021-03-23 15:08:03,472 [DEBUG]: Requesting request to update param [130]
2021-03-23 15:08:03,472 [DEBUG]: Requesting request to update param [131]
2021-03-23 15:08:03,472 [DEBUG]: Requesting request to update param [132]
2021-03-23 15:08:03,472 [DEBUG]: Requesting request to update param [133]
2021-03-23 15:08:03,472 [DEBUG]: Requesting request to update param [134]
2021-03-23 15:08:03,472 [DEBUG]: Requesting request to update param [135]
2021-03-23 15:08:03,472 [DEBUG]: Requesting request to update param [136]
2021-03-23 15:08:03,472 [DEBUG]: Requesting request to update param [137]
2021-03-23 15:08:03,472 [DEBUG]: Requesting request to update param [138]
2021-03-23 15:08:03,472 [DEBUG]: Requesting request to update param [139]
2021-03-23 15:08:03,472 [DEBUG]: Requesting request to update param [144]
2021-03-23 15:08:03,472 [DEBUG]: Requesting request to update param [148]
2021-03-23 15:08:03,472 [DEBUG]: Requesting request to update param [149]
2021-03-23 15:08:03,472 [DEBUG]: Requesting request to update param [150]
2021-03-23 15:08:03,472 [DEBUG]: Requesting request to update param [153]
2021-03-23 15:08:03,472 [DEBUG]: Requesting request to update param [157]
2021-03-23 15:08:03,472 [DEBUG]: Requesting request to update param [158]
2021-03-23 15:08:03,473 [DEBUG]: Requesting request to update param [159]
2021-03-23 15:08:03,473 [DEBUG]: Requesting request to update param [160]
2021-03-23 15:08:03,473 [DEBUG]: Requesting request to update param [161]
2021-03-23 15:08:03,473 [DEBUG]: Requesting request to update param [162]
2021-03-23 15:08:03,473 [DEBUG]: Requesting request to update param [163]
2021-03-23 15:08:03,473 [DEBUG]: Updated parameter [imu_sensors.BMP388]
2021-03-23 15:08:03,473 [DEBUG]: Have successfully added id=1
2021-03-23 15:08:03,473 [DEBUG]: Have successfully added id=2
2021-03-23 15:08:03,483 [INFO]: Have successfully started logging for id=1
2021-03-23 15:08:03,485 [INFO]: Have successfully started logging for id=2
2021-03-23 15:08:03,486 [DEBUG]: Updated parameter [imu_sensors.HMC5883L]
2021-03-23 15:08:03,489 [DEBUG]: Updated parameter [imu_sensors.MS5611]
2021-03-23 15:08:03,492 [DEBUG]: Updated parameter [imu_tests.MPU6500]
2021-03-23 15:08:03,495 [DEBUG]: Updated parameter [imu_tests.HMC5883L]
2021-03-23 15:08:03,499 [DEBUG]: Updated parameter [imu_tests.MS5611]
2021-03-23 15:08:03,502 [DEBUG]: Updated parameter [cpu.flash]
2021-03-23 15:08:03,507 [DEBUG]: Updated parameter [cpu.id0]
2021-03-23 15:08:03,511 [DEBUG]: Updated parameter [cpu.id1]
2021-03-23 15:08:03,516 [DEBUG]: Updated parameter [cpu.id2]
2021-03-23 15:08:03,519 [DEBUG]: Updated parameter [system.selftestPassed]
2021-03-23 15:08:03,522 [DEBUG]: Updated parameter [system.taskDump]
2021-03-23 15:08:03,526 [DEBUG]: Updated parameter [sound.effect]
2021-03-23 15:08:03,529 [DEBUG]: Updated parameter [sound.neffect]
2021-03-23 15:08:03,532 [DEBUG]: Updated parameter [sound.freq]
2021-03-23 15:08:03,536 [DEBUG]: Updated parameter [sound.ratio]
2021-03-23 15:08:03,539 [DEBUG]: Updated parameter [memTst.resetW]
2021-03-23 15:08:03,542 [DEBUG]: Updated parameter [kalman.resetEstimation]
2021-03-23 15:08:03,546 [DEBUG]: Updated parameter [commander.enHighLevel]
2021-03-23 15:08:03,549 [DEBUG]: Updated parameter [flightmode.althold]
2021-03-23 15:08:03,552 [DEBUG]: Updated parameter [flightmode.poshold]
2021-03-23 15:08:03,556 [DEBUG]: Updated parameter [flightmode.posSet]
2021-03-23 15:08:03,559 [DEBUG]: Updated parameter [flightmode.yawMode]
2021-03-23 15:08:03,562 [DEBUG]: Updated parameter [flightmode.yawRst]
2021-03-23 15:08:03,566 [DEBUG]: Updated parameter [flightmode.stabModeRoll]
2021-03-23 15:08:03,569 [DEBUG]: Updated parameter [flightmode.stabModePitch]
2021-03-23 15:08:03,572 [DEBUG]: Updated parameter [flightmode.stabModeYaw]
2021-03-23 15:08:03,576 [DEBUG]: Updated parameter [cmdrCPPM.rateRoll]
2021-03-23 15:08:03,580 [DEBUG]: Updated parameter [cmdrCPPM.ratePitch]
2021-03-23 15:08:03,583 [DEBUG]: Updated parameter [cmdrCPPM.rateYaw]
2021-03-23 15:08:03,587 [DEBUG]: Updated parameter [cmdrCPPM.angRoll]
2021-03-23 15:08:03,590 [DEBUG]: Updated parameter [cmdrCPPM.angPitch]
2021-03-23 15:08:03,593 [DEBUG]: Updated parameter [locSrv.enRangeStreamFP32]
2021-03-23 15:08:03,597 [DEBUG]: Updated parameter [locSrv.extPosStdDev]
2021-03-23 15:08:03,609 [DEBUG]: Updated parameter [locSrv.extQuatStdDev]
2021-03-23 15:08:03,612 [DEBUG]: Updated parameter [pid_attitude.roll_kp]
2021-03-23 15:08:03,617 [DEBUG]: Updated parameter [pid_attitude.roll_ki]
2021-03-23 15:08:03,621 [DEBUG]: Updated parameter [pid_attitude.roll_kd]
2021-03-23 15:08:03,625 [DEBUG]: Updated parameter [pid_attitude.pitch_kp]
2021-03-23 15:08:03,628 [DEBUG]: Updated parameter [pid_attitude.pitch_ki]
2021-03-23 15:08:03,632 [DEBUG]: Updated parameter [pid_attitude.pitch_kd]
2021-03-23 15:08:03,637 [DEBUG]: Updated parameter [pid_attitude.yaw_kp]
2021-03-23 15:08:03,641 [DEBUG]: Updated parameter [pid_attitude.yaw_ki]
2021-03-23 15:08:03,645 [DEBUG]: Updated parameter [pid_attitude.yaw_kd]
2021-03-23 15:08:03,648 [DEBUG]: Updated parameter [pid_rate.roll_kp]
2021-03-23 15:08:03,652 [DEBUG]: Updated parameter [pid_rate.roll_ki]
2021-03-23 15:08:03,656 [DEBUG]: Updated parameter [pid_rate.roll_kd]
2021-03-23 15:08:03,659 [DEBUG]: Updated parameter [pid_rate.pitch_kp]
2021-03-23 15:08:03,662 [DEBUG]: Updated parameter [pid_rate.pitch_ki]
2021-03-23 15:08:03,666 [DEBUG]: Updated parameter [pid_rate.pitch_kd]
2021-03-23 15:08:03,670 [DEBUG]: Updated parameter [pid_rate.yaw_kp]
2021-03-23 15:08:03,675 [DEBUG]: Updated parameter [pid_rate.yaw_ki]
2021-03-23 15:08:03,678 [DEBUG]: Updated parameter [pid_rate.yaw_kd]
2021-03-23 15:08:03,681 [DEBUG]: Updated parameter [sensfusion6.kp]
2021-03-23 15:08:03,685 [DEBUG]: Updated parameter [sensfusion6.ki]
2021-03-23 15:08:03,689 [DEBUG]: Updated parameter [sensfusion6.baseZacc]
2021-03-23 15:08:03,692 [DEBUG]: Updated parameter [health.startPropTest]
2021-03-23 15:08:03,696 [DEBUG]: Updated parameter [stabilizer.estimator]
2021-03-23 15:08:03,699 [DEBUG]: Updated parameter [stabilizer.controller]
2021-03-23 15:08:03,702 [DEBUG]: Updated parameter [posEstAlt.estAlphaAsl]
2021-03-23 15:08:03,706 [DEBUG]: Updated parameter [posEstAlt.estAlphaZr]
2021-03-23 15:08:03,709 [DEBUG]: Updated parameter [posEstAlt.velFactor]
2021-03-23 15:08:03,715 [DEBUG]: Updated parameter [posEstAlt.velZAlpha]
2021-03-23 15:08:03,718 [DEBUG]: Updated parameter [posEstAlt.vAccDeadband]
2021-03-23 15:08:03,721 [DEBUG]: Updated parameter [posCtlPid.xKp]
2021-03-23 15:08:03,735 [DEBUG]: Updated parameter [posCtlPid.xKi]
2021-03-23 15:08:03,739 [DEBUG]: Updated parameter [posCtlPid.xKd]
2021-03-23 15:08:03,742 [DEBUG]: Updated parameter [posCtlPid.yKp]
2021-03-23 15:08:03,745 [DEBUG]: Updated parameter [posCtlPid.yKi]
2021-03-23 15:08:03,749 [DEBUG]: Updated parameter [posCtlPid.yKd]
2021-03-23 15:08:03,753 [DEBUG]: Updated parameter [posCtlPid.zKp]
2021-03-23 15:08:03,756 [DEBUG]: Updated parameter [posCtlPid.zKi]
2021-03-23 15:08:03,760 [DEBUG]: Updated parameter [posCtlPid.zKd]
2021-03-23 15:08:03,766 [DEBUG]: Updated parameter [posCtlPid.thrustBase]
2021-03-23 15:08:03,769 [DEBUG]: Updated parameter [posCtlPid.thrustMin]
2021-03-23 15:08:03,772 [DEBUG]: Updated parameter [posCtlPid.rpLimit]
2021-03-23 15:08:03,776 [DEBUG]: Updated parameter [posCtlPid.xyVelMax]
2021-03-23 15:08:03,779 [DEBUG]: Updated parameter [posCtlPid.zVelMax]
2021-03-23 15:08:03,785 [DEBUG]: Updated parameter [velCtlPid.vxKp]
2021-03-23 15:08:03,788 [DEBUG]: Updated parameter [velCtlPid.vxKi]
2021-03-23 15:08:03,791 [DEBUG]: Updated parameter [velCtlPid.vxKd]
2021-03-23 15:08:03,796 [DEBUG]: Updated parameter [velCtlPid.vyKp]
2021-03-23 15:08:03,799 [DEBUG]: Updated parameter [velCtlPid.vyKi]
2021-03-23 15:08:03,803 [DEBUG]: Updated parameter [velCtlPid.vyKd]
2021-03-23 15:08:03,807 [DEBUG]: Updated parameter [velCtlPid.vzKp]
2021-03-23 15:08:03,810 [DEBUG]: Updated parameter [velCtlPid.vzKi]
2021-03-23 15:08:03,815 [DEBUG]: Updated parameter [velCtlPid.vzKd]
2021-03-23 15:08:03,818 [DEBUG]: Updated parameter [controller.tiltComp]
2021-03-23 15:08:03,823 [DEBUG]: Updated parameter [ctrlMel.kp_xy]
2021-03-23 15:08:03,826 [DEBUG]: Updated parameter [ctrlMel.kd_xy]
2021-03-23 15:08:03,830 [DEBUG]: Updated parameter [ctrlMel.ki_xy]
2021-03-23 15:08:03,836 [DEBUG]: Updated parameter [ctrlMel.i_range_xy]
2021-03-23 15:08:03,842 [DEBUG]: Updated parameter [ctrlMel.kp_z]
2021-03-23 15:08:03,847 [DEBUG]: Updated parameter [ctrlMel.kd_z]
2021-03-23 15:08:03,851 [DEBUG]: Updated parameter [ctrlMel.ki_z]
2021-03-23 15:08:03,865 [DEBUG]: Updated parameter [ctrlMel.i_range_z]
2021-03-23 15:08:03,869 [DEBUG]: Updated parameter [ctrlMel.mass]
2021-03-23 15:08:03,872 [DEBUG]: Updated parameter [ctrlMel.massThrust]
2021-03-23 15:08:03,876 [DEBUG]: Updated parameter [ctrlMel.kR_xy]
2021-03-23 15:08:03,879 [DEBUG]: Updated parameter [ctrlMel.kR_z]
2021-03-23 15:08:03,882 [DEBUG]: Updated parameter [ctrlMel.kw_xy]
2021-03-23 15:08:03,887 [DEBUG]: Updated parameter [ctrlMel.kw_z]
2021-03-23 15:08:03,891 [DEBUG]: Updated parameter [ctrlMel.ki_m_xy]
2021-03-23 15:08:03,895 [DEBUG]: Updated parameter [ctrlMel.ki_m_z]
2021-03-23 15:08:03,898 [DEBUG]: Updated parameter [ctrlMel.kd_omega_rp]
2021-03-23 15:08:03,902 [DEBUG]: Updated parameter [ctrlMel.i_range_m_xy]
2021-03-23 15:08:03,906 [DEBUG]: Updated parameter [ctrlMel.i_range_m_z]
2021-03-23 15:08:03,909 [DEBUG]: Updated parameter [motorPowerSet.enable]
2021-03-23 15:08:03,912 [DEBUG]: Updated parameter [motorPowerSet.m1]
2021-03-23 15:08:03,916 [DEBUG]: Updated parameter [motorPowerSet.m2]
2021-03-23 15:08:03,919 [DEBUG]: Updated parameter [motorPowerSet.m3]
2021-03-23 15:08:03,924 [DEBUG]: Updated parameter [motorPowerSet.m4]
2021-03-23 15:08:03,928 [DEBUG]: Updated parameter [kalman.resetEstimation]
2021-03-23 15:08:03,931 [DEBUG]: Updated parameter [kalman.quadIsFlying]
2021-03-23 15:08:03,934 [DEBUG]: Updated parameter [kalman.pNAcc_xy]
2021-03-23 15:08:03,937 [DEBUG]: Updated parameter [kalman.pNAcc_z]
2021-03-23 15:08:03,940 [DEBUG]: Updated parameter [kalman.pNVel]
2021-03-23 15:08:03,946 [DEBUG]: Updated parameter [kalman.pNPos]
2021-03-23 15:08:03,949 [DEBUG]: Updated parameter [kalman.pNAtt]
2021-03-23 15:08:03,955 [DEBUG]: Updated parameter [kalman.mNBaro]
2021-03-23 15:08:03,959 [DEBUG]: Updated parameter [kalman.mNGyro_rollpitch]
2021-03-23 15:08:03,964 [DEBUG]: Updated parameter [kalman.mNGyro_yaw]
2021-03-23 15:08:03,968 [DEBUG]: Updated parameter [kalman.initialX]
2021-03-23 15:08:03,971 [DEBUG]: Updated parameter [kalman.initialY]
2021-03-23 15:08:03,975 [DEBUG]: Updated parameter [kalman.initialZ]
2021-03-23 15:08:03,978 [DEBUG]: Updated parameter [kalman.initialYaw]
2021-03-23 15:08:03,991 [DEBUG]: Updated parameter [kalman.maxPos]
2021-03-23 15:08:03,996 [DEBUG]: Updated parameter [kalman.maxVel]
2021-03-23 15:08:03,999 [DEBUG]: Updated parameter [deck.bcLedRing]
2021-03-23 15:08:04,002 [DEBUG]: Updated parameter [deck.bcBuzzer]
2021-03-23 15:08:04,006 [DEBUG]: Updated parameter [deck.bcGTGPS]
2021-03-23 15:08:04,010 [DEBUG]: Updated parameter [deck.bcCPPM]
2021-03-23 15:08:04,013 [DEBUG]: Updated parameter [deck.bcUSD]
2021-03-23 15:08:04,016 [DEBUG]: Updated parameter [deck.bcZRanger]
2021-03-23 15:08:04,020 [DEBUG]: Updated parameter [deck.bcZRanger2]
2021-03-23 15:08:04,025 [DEBUG]: Updated parameter [deck.bcDWM1000]
2021-03-23 15:08:04,028 [DEBUG]: Updated parameter [deck.bcFlow]
2021-03-23 15:08:04,031 [DEBUG]: Updated parameter [deck.bcFlow2]
2021-03-23 15:08:04,034 [DEBUG]: Updated parameter [deck.bcOA]
2021-03-23 15:08:04,038 [DEBUG]: Updated parameter [deck.bcMultiranger]
2021-03-23 15:08:04,042 [DEBUG]: Updated parameter [deck.bdLighthouse4]
2021-03-23 15:08:04,045 [DEBUG]: Updated parameter [ring.effect]
2021-03-23 15:08:04,049 [DEBUG]: Updated parameter [ring.neffect]
2021-03-23 15:08:04,055 [DEBUG]: Updated parameter [ring.solidRed]
2021-03-23 15:08:04,058 [DEBUG]: Updated parameter [ring.solidGreen]
2021-03-23 15:08:04,062 [DEBUG]: Updated parameter [ring.solidBlue]
2021-03-23 15:08:04,066 [DEBUG]: Updated parameter [ring.headlightEnable]
2021-03-23 15:08:04,069 [DEBUG]: Updated parameter [ring.glowstep]
2021-03-23 15:08:04,075 [DEBUG]: Updated parameter [ring.emptyCharge]
2021-03-23 15:08:04,078 [DEBUG]: Updated parameter [ring.fullCharge]
2021-03-23 15:08:04,082 [DEBUG]: Updated parameter [ring.fadeColor]
2021-03-23 15:08:04,086 [DEBUG]: Updated parameter [ring.fadeTime]
2021-03-23 15:08:04,089 [DEBUG]: Updated parameter [usd.logging]
2021-03-23 15:08:04,092 [DEBUG]: Updated parameter [loco.mode]
2021-03-23 15:08:04,096 [DEBUG]: Updated parameter [tdoa3.logId]
2021-03-23 15:08:04,099 [DEBUG]: Updated parameter [tdoa3.logOthrId]
2021-03-23 15:08:04,102 [DEBUG]: Updated parameter [motion.disable]
2021-03-23 15:08:04,106 [DEBUG]: Updated parameter [activeMarker.front]
2021-03-23 15:08:04,109 [DEBUG]: Updated parameter [activeMarker.back]
2021-03-23 15:08:04,122 [DEBUG]: Updated parameter [activeMarker.left]
2021-03-23 15:08:04,126 [DEBUG]: Updated parameter [activeMarker.right]
2021-03-23 15:08:04,130 [DEBUG]: Updated parameter [firmware.revision0]
2021-03-23 15:08:04,135 [DEBUG]: Updated parameter [firmware.revision1]
2021-03-23 15:08:04,138 [DEBUG]: Updated parameter [firmware.modified]
2021-03-23 15:08:04,141 [DEBUG]: Updated parameter [kalman.resetEstimation]
