2021-03-19 15:41:10,247 [INFO]: Connecting to the Vicon...
2021-03-19 15:41:10,248 [INFO]: Connected to Vicon!
2021-03-19 15:41:10,248 [INFO]: Enabling data types...
2021-03-19 15:41:10,248 [DEBUG]: Segments: True
2021-03-19 15:41:10,248 [DEBUG]: Markers: True
2021-03-19 15:41:10,248 [DEBUG]: Unlabeled Markers: True
2021-03-19 15:41:10,248 [DEBUG]: Marker Rays: True
2021-03-19 15:41:10,249 [DEBUG]: Devices: True
2021-03-19 15:41:10,249 [DEBUG]: Centroids: True 
2021-03-19 15:41:10,249 [INFO]: Testing stream modes...
2021-03-19 15:41:10,249 [INFO]: Getting a frame in ClientPull mode...
2021-03-19 15:41:10,250 [DEBUG]: Fetched! Pulled frame number: 1898328
2021-03-19 15:41:10,250 [INFO]: Getting a frame in PreFetch mode...
2021-03-19 15:41:11,256 [INFO]: Getting a frame in ServerPush mode...
2021-03-19 15:41:11,256 [DEBUG]: Fetched! Pulled frame number: 1898419
2021-03-19 15:41:11,257 [INFO]: ServerPush mode set.
2021-03-19 15:41:11,257 [INFO]: Getting available framerates...
2021-03-19 15:41:11,257 [INFO]: Current Vicon frame rate: 100.0 Hz.
2021-03-19 15:41:11,257 [INFO]: Available frame rates: 
2021-03-19 15:41:11,257 [INFO]: Process Rate : 0 Hz 

2021-03-19 15:41:11,257 [INFO]: Setting axis...
2021-03-19 15:41:11,258 [INFO]: X Axis: AxisMapping.EForward
2021-03-19 15:41:11,258 [INFO]: Y Axis: AxisMapping.ELeft
2021-03-19 15:41:11,258 [INFO]: Z Axis: AxisMapping.EUp
2021-03-19 15:41:11,258 [INFO]: Initializing drivers...
2021-03-19 15:41:11,258 [INFO]: Drivers initialized.
2021-03-19 15:41:11,258 [INFO]: Connecting to the Crazyflie...
2021-03-19 15:41:11,259 [DEBUG]: Adding callback on port [6] to [<bound method Localization._incoming of <cflib.crazyflie.localization.Localization object at 0x0000014E6018E348>>]
2021-03-19 15:41:11,259 [DEBUG]: Adding callback on port [5] to [<bound method Log._new_packet_cb of <cflib.crazyflie.log.Log object at 0x0000014E6018E4C8>>]
2021-03-19 15:41:11,259 [DEBUG]: Adding callback on port [0] to [<bound method Console.incoming of <cflib.crazyflie.console.Console object at 0x0000014E6018E588>>]
2021-03-19 15:41:11,259 [DEBUG]: Adding callback on port [2] to [<bound method _ParamUpdater._new_packet_cb of <_ParamUpdater(Thread-7, initial daemon)>>]
2021-03-19 15:41:11,261 [DEBUG]: Adding callback on port [4] to [<bound method Memory._new_packet_cb of <cflib.crazyflie.mem.Memory object at 0x0000014E6018EA88>>]
2021-03-19 15:41:11,261 [DEBUG]: Adding callback on port [13] to [<bound method PlatformService._platform_callback of <cflib.crazyflie.platformservice.PlatformService object at 0x0000014E6018E988>>]
2021-03-19 15:41:11,261 [DEBUG]: Adding callback on port [15] to [<bound method PlatformService._crt_service_callback of <cflib.crazyflie.platformservice.PlatformService object at 0x0000014E6018E988>>]
2021-03-19 15:41:11,261 [INFO]: Crazyflie has the following segments: ['Crazyflie']
2021-03-19 15:41:11,261 [INFO]: Crazyflie has root: Crazyflie
2021-03-19 15:41:11,261 [DEBUG]: ===Checking functions without flying===
2021-03-19 15:41:11,262 [DEBUG]: Fetched! Pulled frame number: 1898429
2021-03-19 15:41:11,262 [DEBUG]: Drone rotation matrix from Vicon: (((0.9951717438761324, 0.06097348445589075, -0.07691186113886972), (-0.06295317498914195, 0.9977378557837863, -0.023581113094150404), (0.0753000527843374, 0.028309103293461778, 0.9967589963082331)), False)
2021-03-19 15:41:11,262 [DEBUG]: Drone Euler XYZ from Vicon as given: [ 0.02365338 -0.07698789 -0.06119281]
2021-03-19 15:41:11,263 [DEBUG]: Drone position from global origin: (-17.385177779586506, -270.6323368804948, 44.14107705058089)
2021-03-19 15:41:11,269 [DEBUG]: Fetched! Pulled frame number: 1898430
2021-03-19 15:41:11,269 [DEBUG]: Drone rotation matrix from Vicon: (((0.9951777770310515, 0.06104820195550697, -0.07677440420826628), (-0.06302478012406201, 0.9977331442590449, -0.02358919111104856), (0.075160290006414, 0.028314128716235835, 0.9967694020791329)), False)
2021-03-19 15:41:11,270 [DEBUG]: Drone Euler XYZ from Vicon as given: [ 0.02366123 -0.07685003 -0.06126724]
2021-03-19 15:41:11,270 [DEBUG]: Drone position from global origin: (-17.38548698629864, -270.63109088473396, 44.1422302389741)
2021-03-19 15:41:11,279 [DEBUG]: Fetched! Pulled frame number: 1898431
2021-03-19 15:41:11,280 [DEBUG]: Drone rotation matrix from Vicon: (((0.9951620239650811, 0.06100835747363558, -0.07700991089523737), (-0.06299438636708007, 0.9977341737782737, -0.023626801756069894), (0.07539398745230513, 0.028363687936421193, 0.9967503437986299)), False)
2021-03-19 15:41:11,280 [DEBUG]: Drone Euler XYZ from Vicon as given: [ 0.02369939 -0.07708623 -0.06122832]
2021-03-19 15:41:11,280 [DEBUG]: Drone position from global origin: (-17.383156347109562, -270.6259291192803, 44.138218362449315)
2021-03-19 15:41:11,289 [DEBUG]: Fetched! Pulled frame number: 1898432
2021-03-19 15:41:11,290 [DEBUG]: Drone rotation matrix from Vicon: (((0.9951597259835276, 0.06099533578362318, -0.07704991105142901), (-0.06298173862140076, 0.9977352017419301, -0.023617108316123552), (0.07543487509511514, 0.028355532399040113, 0.9967474822650676)), False)
2021-03-19 15:41:11,290 [DEBUG]: Drone Euler XYZ from Vicon as given: [ 0.02368974 -0.07712635 -0.06121543]
2021-03-19 15:41:11,290 [DEBUG]: Drone position from global origin: (-17.385183516361007, -270.6230562656382, 44.1455423762411)
2021-03-19 15:41:11,299 [DEBUG]: Fetched! Pulled frame number: 1898433
2021-03-19 15:41:11,300 [DEBUG]: Drone rotation matrix from Vicon: (((0.9951367959905717, 0.060972678078554735, -0.07736336208793021), (-0.06295527313722847, 0.9977408109409787, -0.023450112303682567), (0.07575876747833366, 0.028206501214565707, 0.9967271454311839)), False)
2021-03-19 15:41:11,300 [DEBUG]: Drone Euler XYZ from Vicon as given: [ 0.02352277 -0.07744074 -0.06119415]
2021-03-19 15:41:11,300 [DEBUG]: Drone position from global origin: (-17.382243943268033, -270.6266535280406, 44.143777021815325)
2021-03-19 15:41:11,309 [DEBUG]: Fetched! Pulled frame number: 1898434
2021-03-19 15:41:11,309 [DEBUG]: Drone rotation matrix from Vicon: (((0.9951352877625866, 0.0609199140965418, -0.07742430571948132), (-0.06291118467432262, 0.9977413985348973, -0.023543247280281156), (0.07581518246728035, 0.028299570952527865, 0.9967202177097422)), False)
2021-03-19 15:41:11,310 [DEBUG]: Drone Euler XYZ from Vicon as given: [ 0.02361633 -0.07750187 -0.06114142]
2021-03-19 15:41:11,310 [DEBUG]: Drone position from global origin: (-17.382052786877537, -270.63091216404865, 44.142316258524026)
2021-03-19 15:41:11,325 [DEBUG]: Fetched! Pulled frame number: 1898435
2021-03-19 15:41:11,325 [DEBUG]: Drone rotation matrix from Vicon: (((0.9951438768746937, 0.06097998826446108, -0.07726645682358323), (-0.06296212495817531, 0.9977396747441308, -0.02348003965557085), (0.07565999695714758, 0.028230878001618206, 0.9967339576776253)), False)
2021-03-19 15:41:11,327 [DEBUG]: Drone Euler XYZ from Vicon as given: [ 0.02355262 -0.07734355 -0.06120103]
2021-03-19 15:41:11,327 [DEBUG]: Drone position from global origin: (-17.383615129176334, -270.6269052192745, 44.13168889856695)
2021-03-19 15:41:11,333 [DEBUG]: Fetched! Pulled frame number: 1898436
2021-03-19 15:41:11,333 [DEBUG]: Drone rotation matrix from Vicon: (((0.9951585964412324, 0.06088607885937487, -0.07715084789065083), (-0.06286997819338246, 0.9977438406252702, -0.02354982667237509), (0.07554292667801513, 0.028286284582201303, 0.9967412664946981)), False)
2021-03-19 15:41:11,334 [DEBUG]: Drone Euler XYZ from Vicon as given: [ 0.02362243 -0.07722759 -0.06110612]
2021-03-19 15:41:11,334 [DEBUG]: Drone position from global origin: (-17.387643841107845, -270.6262029425915, 44.14284804408308)
2021-03-19 15:41:11,340 [DEBUG]: Fetched! Pulled frame number: 1898437
2021-03-19 15:41:11,340 [DEBUG]: Drone rotation matrix from Vicon: (((0.9951396753951142, 0.060799757893769006, -0.07746235146550791), (-0.06279652031825218, 0.997747155368792, -0.023605316973150107), (0.07585264326591488, 0.02835495359796277, 0.9967157935520191)), False)
2021-03-19 15:41:11,341 [DEBUG]: Drone Euler XYZ from Vicon as given: [ 0.02367867 -0.07754003 -0.06102086]
2021-03-19 15:41:11,341 [DEBUG]: Drone position from global origin: (-17.38729355659224, -270.6209727949347, 44.146097402407634)
2021-03-19 15:41:11,350 [DEBUG]: Fetched! Pulled frame number: 1898438
2021-03-19 15:41:11,350 [DEBUG]: Drone rotation matrix from Vicon: (((0.9951598635180505, 0.060836388655034775, -0.07717369926437692), (-0.0628181707604458, 0.9977479245102794, -0.023515028338091444), (0.07556932886460224, 0.028249123010163125, 0.9967403190320487)), False)
2021-03-19 15:41:11,350 [DEBUG]: Drone Euler XYZ from Vicon as given: [ 0.02358756 -0.07725051 -0.06105629]
2021-03-19 15:41:11,350 [DEBUG]: Drone position from global origin: (-17.382790960079223, -270.6250645213287, 44.14301971815851)
2021-03-19 15:41:11,351 [DEBUG]: ===============Offline check done=================
2021-03-19 15:41:11,352 [DEBUG]: Adding callback on port [6] to [<bound method Localization._incoming of <cflib.crazyflie.localization.Localization object at 0x0000014E6018ED08>>]
2021-03-19 15:41:11,352 [DEBUG]: Adding callback on port [5] to [<bound method Log._new_packet_cb of <cflib.crazyflie.log.Log object at 0x0000014E601A5148>>]
2021-03-19 15:41:11,352 [DEBUG]: Adding callback on port [0] to [<bound method Console.incoming of <cflib.crazyflie.console.Console object at 0x0000014E601A5448>>]
2021-03-19 15:41:11,352 [DEBUG]: Adding callback on port [2] to [<bound method _ParamUpdater._new_packet_cb of <_ParamUpdater(Thread-9, initial daemon)>>]
2021-03-19 15:41:11,353 [DEBUG]: Adding callback on port [4] to [<bound method Memory._new_packet_cb of <cflib.crazyflie.mem.Memory object at 0x0000014E601A5988>>]
2021-03-19 15:41:11,353 [DEBUG]: Adding callback on port [13] to [<bound method PlatformService._platform_callback of <cflib.crazyflie.platformservice.PlatformService object at 0x0000014E601A5A88>>]
2021-03-19 15:41:11,353 [DEBUG]: Adding callback on port [15] to [<bound method PlatformService._crt_service_callback of <cflib.crazyflie.platformservice.PlatformService object at 0x0000014E601A5A88>>]
2021-03-19 15:41:11,353 [INFO]: Callback->Connection initialized[radio://0/80/2M]
2021-03-19 15:41:11,359 [INFO]: We are connected[radio://0/80/2M], request connection setup
2021-03-19 15:41:11,360 [INFO]: Callback->Connected to [radio://0/80/2M]
2021-03-19 15:41:11,363 [WARNING]: Error no LogEntry to handle id=1
2021-03-19 15:41:11,375 [INFO]: Protocol  version: 4
2021-03-19 15:41:11,379 [DEBUG]: Logging reset, continue with TOC download
2021-03-19 15:41:11,379 [DEBUG]: [5]: Using V2 protocol: 1
2021-03-19 15:41:11,379 [DEBUG]: [5]: Start fetching...
2021-03-19 15:41:11,379 [DEBUG]: Adding callback on port [5] to [<bound method TocFetcher._new_packet_cb of <cflib.crazyflie.toc.TocFetcher object at 0x0000014E601C1C48>>]
2021-03-19 15:41:11,382 [DEBUG]: [5]: Got TOC CRC, 317 items and crc=0x05C5AF70
2021-03-19 15:41:11,387 [INFO]: TOC for port [5] found in cache
2021-03-19 15:41:11,387 [DEBUG]: Removing callback on port [5] to [<bound method TocFetcher._new_packet_cb of <cflib.crazyflie.toc.TocFetcher object at 0x0000014E601C1C48>>]
2021-03-19 15:41:11,387 [DEBUG]: [5]: Done!
2021-03-19 15:41:11,387 [INFO]: Log TOC finished updating
2021-03-19 15:41:11,387 [DEBUG]: Requesting number of memories
2021-03-19 15:41:11,390 [INFO]: 9 memories found
2021-03-19 15:41:11,390 [DEBUG]: Requesting first id
2021-03-19 15:41:11,394 [DEBUG]: Requesting information about memory 1
2021-03-19 15:41:11,398 [DEBUG]: Memory: id=1, type=LED driver, size=24
2021-03-19 15:41:11,398 [DEBUG]: Requesting information about memory 2
2021-03-19 15:41:11,402 [DEBUG]: Memory: id=2, type=Loco Positioning, size=6144
2021-03-19 15:41:11,402 [DEBUG]: Requesting information about memory 3
2021-03-19 15:41:11,406 [DEBUG]: Memory: id=3, type=Trajectory, size=4096
2021-03-19 15:41:11,407 [DEBUG]: Requesting information about memory 4
2021-03-19 15:41:11,411 [DEBUG]: Memory: id=4, type=Loco Positioning 2, size=69632
2021-03-19 15:41:11,411 [DEBUG]: Requesting information about memory 5
2021-03-19 15:41:11,424 [DEBUG]: Memory: id=5, type=Lighthouse positioning, size=96
2021-03-19 15:41:11,425 [DEBUG]: Requesting information about memory 6
2021-03-19 15:41:11,428 [DEBUG]: Memory: id=6, type=Memory tester, size=4096
2021-03-19 15:41:11,428 [DEBUG]: Requesting information about memory 7
2021-03-19 15:41:11,432 [DEBUG]: Memory: id=7, type=Unknown, size=0
2021-03-19 15:41:11,432 [DEBUG]: Requesting information about memory 8
2021-03-19 15:41:11,437 [DEBUG]: Done getting all the memories, start reading the OWs
2021-03-19 15:41:11,437 [DEBUG]: Updating content of memory 8
2021-03-19 15:41:11,437 [DEBUG]: Requesting new chunk of 11bytes at 0x0
2021-03-19 15:41:11,443 [DEBUG]: READ: Mem=8, addr=0x0, status=0x0, data=(235, 12, 0, 0, 0, 188, 15, 205, 0, 12, 1)
2021-03-19 15:41:11,443 [DEBUG]: READING: We are still interested in request for mem 8
2021-03-19 15:41:11,443 [DEBUG]: Requesting new chunk of 15bytes at 0x8
2021-03-19 15:41:11,448 [DEBUG]: READ: Mem=8, addr=0x8, status=0x0, data=(0, 12, 1, 7, 98, 99, 70, 108, 111, 119, 50, 2, 1, 65, 84)
2021-03-19 15:41:11,448 [DEBUG]: READING: We are still interested in request for mem 8
2021-03-19 15:41:11,448 [DEBUG]: OW 0DD9203F00000040 (BC:0F): {'Board name': 'bcFlow2', 'Board revision': 'A'}
2021-03-19 15:41:11,449 [INFO]: Memories finished updating
2021-03-19 15:41:11,449 [DEBUG]: [2]: Using V2 protocol: 1
2021-03-19 15:41:11,449 [DEBUG]: [2]: Start fetching...
2021-03-19 15:41:11,449 [DEBUG]: Adding callback on port [2] to [<bound method TocFetcher._new_packet_cb of <cflib.crazyflie.toc.TocFetcher object at 0x0000014E601F54C8>>]
2021-03-19 15:41:11,452 [DEBUG]: [2]: Got TOC CRC, 164 items and crc=0x1042AFA8
2021-03-19 15:41:11,455 [INFO]: TOC for port [2] found in cache
2021-03-19 15:41:11,455 [DEBUG]: Removing callback on port [2] to [<bound method TocFetcher._new_packet_cb of <cflib.crazyflie.toc.TocFetcher object at 0x0000014E601F54C8>>]
2021-03-19 15:41:11,455 [DEBUG]: [2]: Done!
2021-03-19 15:41:11,455 [INFO]: Param TOC finished updating
2021-03-19 15:41:11,455 [INFO]: Callback->Connection setup finished [radio://0/80/2M]
2021-03-19 15:41:11,456 [DEBUG]: Requesting request to update param [6]
2021-03-19 15:41:11,457 [DEBUG]: Requesting request to update param [1]
2021-03-19 15:41:11,457 [DEBUG]: Requesting request to update param [2]
2021-03-19 15:41:11,458 [DEBUG]: Requesting request to update param [3]
2021-03-19 15:41:11,459 [DEBUG]: Requesting request to update param [4]
2021-03-19 15:41:11,459 [DEBUG]: Requesting request to update param [5]
2021-03-19 15:41:11,459 [DEBUG]: Requesting request to update param [7]
2021-03-19 15:41:11,459 [DEBUG]: Requesting request to update param [8]
2021-03-19 15:41:11,459 [DEBUG]: Requesting request to update param [9]
2021-03-19 15:41:11,460 [DEBUG]: Requesting request to update param [10]
2021-03-19 15:41:11,460 [DEBUG]: Requesting request to update param [11]
2021-03-19 15:41:11,460 [DEBUG]: Requesting request to update param [16]
2021-03-19 15:41:11,460 [DEBUG]: Requesting request to update param [12]
2021-03-19 15:41:11,460 [DEBUG]: Requesting request to update param [13]
2021-03-19 15:41:11,460 [DEBUG]: Requesting request to update param [14]
2021-03-19 15:41:11,461 [DEBUG]: Requesting request to update param [15]
2021-03-19 15:41:11,461 [DEBUG]: Requesting request to update param [17]
2021-03-19 15:41:11,461 [DEBUG]: Requesting request to update param [18]
2021-03-19 15:41:11,461 [DEBUG]: Requesting request to update param [19]
2021-03-19 15:41:11,462 [DEBUG]: Requesting request to update param [20]
2021-03-19 15:41:11,462 [DEBUG]: Requesting request to update param [21]
2021-03-19 15:41:11,462 [DEBUG]: Requesting request to update param [22]
2021-03-19 15:41:11,462 [DEBUG]: Requesting request to update param [23]
2021-03-19 15:41:11,462 [DEBUG]: Requesting request to update param [24]
2021-03-19 15:41:11,463 [DEBUG]: Requesting request to update param [25]
2021-03-19 15:41:11,463 [DEBUG]: Requesting request to update param [26]
2021-03-19 15:41:11,463 [DEBUG]: Requesting request to update param [27]
2021-03-19 15:41:11,463 [DEBUG]: Requesting request to update param [28]
2021-03-19 15:41:11,464 [DEBUG]: Requesting request to update param [29]
2021-03-19 15:41:11,464 [DEBUG]: Requesting request to update param [30]
2021-03-19 15:41:11,464 [DEBUG]: Requesting request to update param [31]
2021-03-19 15:41:11,464 [DEBUG]: Requesting request to update param [32]
2021-03-19 15:41:11,465 [DEBUG]: Requesting request to update param [33]
2021-03-19 15:41:11,465 [DEBUG]: Requesting request to update param [34]
2021-03-19 15:41:11,465 [DEBUG]: Requesting request to update param [35]
2021-03-19 15:41:11,465 [DEBUG]: Requesting request to update param [36]
2021-03-19 15:41:11,465 [DEBUG]: Requesting request to update param [37]
2021-03-19 15:41:11,466 [DEBUG]: Requesting request to update param [38]
2021-03-19 15:41:11,466 [DEBUG]: Requesting request to update param [39]
2021-03-19 15:41:11,466 [DEBUG]: Requesting request to update param [40]
2021-03-19 15:41:11,466 [DEBUG]: Requesting request to update param [41]
2021-03-19 15:41:11,466 [DEBUG]: Requesting request to update param [42]
2021-03-19 15:41:11,467 [DEBUG]: Requesting request to update param [43]
2021-03-19 15:41:11,467 [DEBUG]: Requesting request to update param [44]
2021-03-19 15:41:11,467 [DEBUG]: Requesting request to update param [45]
2021-03-19 15:41:11,467 [DEBUG]: Requesting request to update param [46]
2021-03-19 15:41:11,468 [DEBUG]: Requesting request to update param [47]
2021-03-19 15:41:11,468 [DEBUG]: Requesting request to update param [48]
2021-03-19 15:41:11,468 [DEBUG]: Requesting request to update param [49]
2021-03-19 15:41:11,468 [DEBUG]: Requesting request to update param [50]
2021-03-19 15:41:11,468 [DEBUG]: Requesting request to update param [51]
2021-03-19 15:41:11,469 [DEBUG]: Requesting request to update param [52]
2021-03-19 15:41:11,469 [DEBUG]: Requesting request to update param [53]
2021-03-19 15:41:11,469 [DEBUG]: Requesting request to update param [54]
2021-03-19 15:41:11,469 [DEBUG]: Requesting request to update param [55]
2021-03-19 15:41:11,469 [DEBUG]: Requesting request to update param [56]
2021-03-19 15:41:11,469 [DEBUG]: Requesting request to update param [57]
2021-03-19 15:41:11,470 [DEBUG]: Requesting request to update param [58]
2021-03-19 15:41:11,470 [DEBUG]: Requesting request to update param [59]
2021-03-19 15:41:11,470 [DEBUG]: Requesting request to update param [60]
2021-03-19 15:41:11,470 [DEBUG]: Requesting request to update param [61]
2021-03-19 15:41:11,470 [DEBUG]: Requesting request to update param [62]
2021-03-19 15:41:11,470 [DEBUG]: Requesting request to update param [63]
2021-03-19 15:41:11,470 [DEBUG]: Requesting request to update param [64]
2021-03-19 15:41:11,470 [DEBUG]: Requesting request to update param [65]
2021-03-19 15:41:11,471 [DEBUG]: Requesting request to update param [66]
2021-03-19 15:41:11,471 [DEBUG]: Requesting request to update param [67]
2021-03-19 15:41:11,471 [DEBUG]: Requesting request to update param [68]
2021-03-19 15:41:11,471 [DEBUG]: Requesting request to update param [69]
2021-03-19 15:41:11,471 [DEBUG]: Requesting request to update param [70]
2021-03-19 15:41:11,471 [DEBUG]: Requesting request to update param [71]
2021-03-19 15:41:11,471 [DEBUG]: Requesting request to update param [72]
2021-03-19 15:41:11,471 [DEBUG]: Requesting request to update param [73]
2021-03-19 15:41:11,471 [DEBUG]: Requesting request to update param [74]
2021-03-19 15:41:11,472 [DEBUG]: Requesting request to update param [75]
2021-03-19 15:41:11,472 [DEBUG]: Requesting request to update param [76]
2021-03-19 15:41:11,472 [DEBUG]: Requesting request to update param [77]
2021-03-19 15:41:11,472 [DEBUG]: Requesting request to update param [78]
2021-03-19 15:41:11,472 [DEBUG]: Requesting request to update param [79]
2021-03-19 15:41:11,473 [DEBUG]: Requesting request to update param [80]
2021-03-19 15:41:11,473 [DEBUG]: Requesting request to update param [81]
2021-03-19 15:41:11,473 [DEBUG]: Requesting request to update param [82]
2021-03-19 15:41:11,473 [DEBUG]: Requesting request to update param [83]
2021-03-19 15:41:11,473 [DEBUG]: Requesting request to update param [84]
2021-03-19 15:41:11,473 [DEBUG]: Requesting request to update param [85]
2021-03-19 15:41:11,474 [DEBUG]: Requesting request to update param [86]
2021-03-19 15:41:11,474 [DEBUG]: Requesting request to update param [87]
2021-03-19 15:41:11,474 [DEBUG]: Requesting request to update param [88]
2021-03-19 15:41:11,474 [DEBUG]: Requesting request to update param [89]
2021-03-19 15:41:11,474 [DEBUG]: Requesting request to update param [90]
2021-03-19 15:41:11,474 [DEBUG]: Requesting request to update param [91]
2021-03-19 15:41:11,475 [DEBUG]: Requesting request to update param [92]
2021-03-19 15:41:11,475 [DEBUG]: Requesting request to update param [93]
2021-03-19 15:41:11,475 [DEBUG]: Requesting request to update param [94]
2021-03-19 15:41:11,475 [DEBUG]: Requesting request to update param [95]
2021-03-19 15:41:11,475 [DEBUG]: Requesting request to update param [96]
2021-03-19 15:41:11,476 [DEBUG]: Requesting request to update param [97]
2021-03-19 15:41:11,476 [DEBUG]: Requesting request to update param [98]
2021-03-19 15:41:11,476 [DEBUG]: Requesting request to update param [99]
2021-03-19 15:41:11,476 [DEBUG]: Requesting request to update param [100]
2021-03-19 15:41:11,476 [DEBUG]: Requesting request to update param [101]
2021-03-19 15:41:11,477 [DEBUG]: Requesting request to update param [102]
2021-03-19 15:41:11,477 [DEBUG]: Requesting request to update param [103]
2021-03-19 15:41:11,477 [DEBUG]: Requesting request to update param [104]
2021-03-19 15:41:11,477 [DEBUG]: Requesting request to update param [105]
2021-03-19 15:41:11,477 [DEBUG]: Requesting request to update param [106]
2021-03-19 15:41:11,478 [DEBUG]: Requesting request to update param [107]
2021-03-19 15:41:11,478 [DEBUG]: Requesting request to update param [108]
2021-03-19 15:41:11,478 [DEBUG]: Requesting request to update param [109]
2021-03-19 15:41:11,478 [DEBUG]: Requesting request to update param [110]
2021-03-19 15:41:11,479 [DEBUG]: Requesting request to update param [111]
2021-03-19 15:41:11,479 [DEBUG]: Requesting request to update param [112]
2021-03-19 15:41:11,479 [DEBUG]: Requesting request to update param [113]
2021-03-19 15:41:11,480 [DEBUG]: Requesting request to update param [114]
2021-03-19 15:41:11,480 [DEBUG]: Requesting request to update param [115]
2021-03-19 15:41:11,480 [DEBUG]: Requesting request to update param [116]
2021-03-19 15:41:11,481 [DEBUG]: Requesting request to update param [117]
2021-03-19 15:41:11,481 [DEBUG]: Requesting request to update param [118]
2021-03-19 15:41:11,481 [DEBUG]: Requesting request to update param [119]
2021-03-19 15:41:11,481 [DEBUG]: Requesting request to update param [120]
2021-03-19 15:41:11,481 [DEBUG]: Requesting request to update param [121]
2021-03-19 15:41:11,481 [DEBUG]: Requesting request to update param [122]
2021-03-19 15:41:11,482 [DEBUG]: Requesting request to update param [123]
2021-03-19 15:41:11,482 [DEBUG]: Requesting request to update param [124]
2021-03-19 15:41:11,482 [DEBUG]: Requesting request to update param [125]
2021-03-19 15:41:11,482 [DEBUG]: Requesting request to update param [126]
2021-03-19 15:41:11,483 [DEBUG]: Requesting request to update param [127]
2021-03-19 15:41:11,483 [DEBUG]: Requesting request to update param [128]
2021-03-19 15:41:11,483 [DEBUG]: Requesting request to update param [140]
2021-03-19 15:41:11,483 [DEBUG]: Requesting request to update param [141]
2021-03-19 15:41:11,483 [DEBUG]: Requesting request to update param [142]
2021-03-19 15:41:11,484 [DEBUG]: Requesting request to update param [143]
2021-03-19 15:41:11,484 [DEBUG]: Requesting request to update param [145]
2021-03-19 15:41:11,484 [DEBUG]: Requesting request to update param [146]
2021-03-19 15:41:11,484 [DEBUG]: Requesting request to update param [147]
2021-03-19 15:41:11,484 [DEBUG]: Requesting request to update param [151]
2021-03-19 15:41:11,484 [DEBUG]: Requesting request to update param [152]
2021-03-19 15:41:11,485 [DEBUG]: Requesting request to update param [154]
2021-03-19 15:41:11,485 [DEBUG]: Requesting request to update param [155]
2021-03-19 15:41:11,485 [DEBUG]: Requesting request to update param [156]
2021-03-19 15:41:11,485 [DEBUG]: Requesting request to update param [129]
2021-03-19 15:41:11,485 [DEBUG]: Requesting request to update param [130]
2021-03-19 15:41:11,486 [DEBUG]: Requesting request to update param [131]
2021-03-19 15:41:11,486 [DEBUG]: Requesting request to update param [132]
2021-03-19 15:41:11,486 [DEBUG]: Requesting request to update param [133]
2021-03-19 15:41:11,487 [DEBUG]: Requesting request to update param [134]
2021-03-19 15:41:11,487 [DEBUG]: Requesting request to update param [135]
2021-03-19 15:41:11,487 [DEBUG]: Requesting request to update param [136]
2021-03-19 15:41:11,487 [DEBUG]: Requesting request to update param [137]
2021-03-19 15:41:11,487 [DEBUG]: Requesting request to update param [138]
2021-03-19 15:41:11,488 [DEBUG]: Requesting request to update param [139]
2021-03-19 15:41:11,488 [DEBUG]: Requesting request to update param [144]
2021-03-19 15:41:11,488 [DEBUG]: Requesting request to update param [148]
2021-03-19 15:41:11,488 [DEBUG]: Requesting request to update param [149]
2021-03-19 15:41:11,488 [DEBUG]: Requesting request to update param [150]
2021-03-19 15:41:11,489 [DEBUG]: Requesting request to update param [153]
2021-03-19 15:41:11,489 [DEBUG]: Requesting request to update param [157]
2021-03-19 15:41:11,489 [DEBUG]: Requesting request to update param [158]
2021-03-19 15:41:11,489 [DEBUG]: Requesting request to update param [159]
2021-03-19 15:41:11,490 [DEBUG]: Requesting request to update param [160]
2021-03-19 15:41:11,490 [DEBUG]: Requesting request to update param [161]
2021-03-19 15:41:11,490 [DEBUG]: Requesting request to update param [162]
2021-03-19 15:41:11,490 [DEBUG]: Requesting request to update param [163]
2021-03-19 15:41:11,491 [DEBUG]: Updated parameter [imu_sensors.BMP388]
2021-03-19 15:41:11,495 [DEBUG]: Updated parameter [imu_sensors.HMC5883L]
2021-03-19 15:41:11,499 [DEBUG]: Updated parameter [imu_sensors.MS5611]
2021-03-19 15:41:11,502 [DEBUG]: Updated parameter [imu_tests.MPU6500]
2021-03-19 15:41:11,506 [DEBUG]: Updated parameter [imu_tests.HMC5883L]
2021-03-19 15:41:11,510 [DEBUG]: Updated parameter [imu_tests.MS5611]
2021-03-19 15:41:11,514 [DEBUG]: Updated parameter [cpu.flash]
2021-03-19 15:41:11,517 [DEBUG]: Updated parameter [cpu.id0]
2021-03-19 15:41:11,521 [DEBUG]: Updated parameter [cpu.id1]
2021-03-19 15:41:11,525 [DEBUG]: Updated parameter [cpu.id2]
2021-03-19 15:41:11,528 [DEBUG]: Updated parameter [system.selftestPassed]
2021-03-19 15:41:11,531 [DEBUG]: Updated parameter [system.taskDump]
2021-03-19 15:41:11,535 [DEBUG]: Updated parameter [sound.effect]
2021-03-19 15:41:11,538 [DEBUG]: Updated parameter [sound.neffect]
2021-03-19 15:41:11,542 [DEBUG]: Updated parameter [sound.freq]
2021-03-19 15:41:11,545 [DEBUG]: Updated parameter [sound.ratio]
2021-03-19 15:41:11,558 [DEBUG]: Updated parameter [memTst.resetW]
2021-03-19 15:41:11,561 [DEBUG]: Updated parameter [commander.enHighLevel]
2021-03-19 15:41:11,565 [DEBUG]: Updated parameter [flightmode.althold]
2021-03-19 15:41:11,568 [DEBUG]: Updated parameter [flightmode.poshold]
2021-03-19 15:41:11,572 [DEBUG]: Updated parameter [flightmode.posSet]
2021-03-19 15:41:11,575 [DEBUG]: Updated parameter [flightmode.yawMode]
2021-03-19 15:41:11,578 [DEBUG]: Updated parameter [flightmode.yawRst]
2021-03-19 15:41:11,581 [DEBUG]: Updated parameter [flightmode.stabModeRoll]
2021-03-19 15:41:11,585 [DEBUG]: Updated parameter [flightmode.stabModePitch]
2021-03-19 15:41:11,588 [DEBUG]: Updated parameter [flightmode.stabModeYaw]
2021-03-19 15:41:11,591 [DEBUG]: Updated parameter [cmdrCPPM.rateRoll]
2021-03-19 15:41:11,596 [DEBUG]: Updated parameter [cmdrCPPM.ratePitch]
2021-03-19 15:41:11,599 [DEBUG]: Updated parameter [cmdrCPPM.rateYaw]
2021-03-19 15:41:11,603 [DEBUG]: Updated parameter [cmdrCPPM.angRoll]
2021-03-19 15:41:11,607 [DEBUG]: Updated parameter [cmdrCPPM.angPitch]
2021-03-19 15:41:11,610 [DEBUG]: Updated parameter [locSrv.enRangeStreamFP32]
2021-03-19 15:41:11,613 [DEBUG]: Updated parameter [locSrv.extPosStdDev]
2021-03-19 15:41:11,617 [DEBUG]: Updated parameter [locSrv.extQuatStdDev]
2021-03-19 15:41:11,620 [DEBUG]: Updated parameter [pid_attitude.roll_kp]
2021-03-19 15:41:11,624 [DEBUG]: Updated parameter [pid_attitude.roll_ki]
2021-03-19 15:41:11,627 [DEBUG]: Updated parameter [pid_attitude.roll_kd]
2021-03-19 15:41:11,630 [DEBUG]: Updated parameter [pid_attitude.pitch_kp]
2021-03-19 15:41:11,634 [DEBUG]: Updated parameter [pid_attitude.pitch_ki]
2021-03-19 15:41:11,637 [DEBUG]: Updated parameter [pid_attitude.pitch_kd]
2021-03-19 15:41:11,641 [DEBUG]: Updated parameter [pid_attitude.yaw_kp]
2021-03-19 15:41:11,645 [DEBUG]: Updated parameter [pid_attitude.yaw_ki]
2021-03-19 15:41:11,649 [DEBUG]: Updated parameter [pid_attitude.yaw_kd]
2021-03-19 15:41:11,652 [DEBUG]: Updated parameter [pid_rate.roll_kp]
2021-03-19 15:41:11,656 [DEBUG]: Updated parameter [pid_rate.roll_ki]
2021-03-19 15:41:11,659 [DEBUG]: Updated parameter [pid_rate.roll_kd]
2021-03-19 15:41:11,663 [DEBUG]: Updated parameter [pid_rate.pitch_kp]
2021-03-19 15:41:11,667 [DEBUG]: Updated parameter [pid_rate.pitch_ki]
2021-03-19 15:41:11,670 [DEBUG]: Updated parameter [pid_rate.pitch_kd]
2021-03-19 15:41:11,683 [DEBUG]: Updated parameter [pid_rate.yaw_kp]
2021-03-19 15:41:11,687 [DEBUG]: Updated parameter [pid_rate.yaw_ki]
2021-03-19 15:41:11,689 [DEBUG]: Updated parameter [pid_rate.yaw_kd]
2021-03-19 15:41:11,693 [DEBUG]: Updated parameter [sensfusion6.kp]
2021-03-19 15:41:11,696 [DEBUG]: Updated parameter [sensfusion6.ki]
2021-03-19 15:41:11,699 [DEBUG]: Updated parameter [sensfusion6.baseZacc]
2021-03-19 15:41:11,703 [DEBUG]: Updated parameter [health.startPropTest]
2021-03-19 15:41:11,707 [DEBUG]: Updated parameter [stabilizer.estimator]
2021-03-19 15:41:11,711 [DEBUG]: Updated parameter [stabilizer.controller]
2021-03-19 15:41:11,715 [DEBUG]: Updated parameter [posEstAlt.estAlphaAsl]
2021-03-19 15:41:11,719 [DEBUG]: Updated parameter [posEstAlt.estAlphaZr]
2021-03-19 15:41:11,722 [DEBUG]: Updated parameter [posEstAlt.velFactor]
2021-03-19 15:41:11,725 [DEBUG]: Updated parameter [posEstAlt.velZAlpha]
2021-03-19 15:41:11,729 [DEBUG]: Updated parameter [posEstAlt.vAccDeadband]
2021-03-19 15:41:11,732 [DEBUG]: Updated parameter [posCtlPid.xKp]
2021-03-19 15:41:11,735 [DEBUG]: Updated parameter [posCtlPid.xKi]
2021-03-19 15:41:11,739 [DEBUG]: Updated parameter [posCtlPid.xKd]
2021-03-19 15:41:11,742 [DEBUG]: Updated parameter [posCtlPid.yKp]
2021-03-19 15:41:11,745 [DEBUG]: Updated parameter [posCtlPid.yKi]
2021-03-19 15:41:11,749 [DEBUG]: Updated parameter [posCtlPid.yKd]
2021-03-19 15:41:11,752 [DEBUG]: Updated parameter [posCtlPid.zKp]
2021-03-19 15:41:11,756 [DEBUG]: Updated parameter [posCtlPid.zKi]
2021-03-19 15:41:11,759 [DEBUG]: Updated parameter [posCtlPid.zKd]
2021-03-19 15:41:11,762 [DEBUG]: Updated parameter [posCtlPid.thrustBase]
2021-03-19 15:41:11,765 [DEBUG]: Updated parameter [posCtlPid.thrustMin]
2021-03-19 15:41:11,768 [DEBUG]: Updated parameter [posCtlPid.rpLimit]
2021-03-19 15:41:11,772 [DEBUG]: Updated parameter [posCtlPid.xyVelMax]
2021-03-19 15:41:11,775 [DEBUG]: Updated parameter [posCtlPid.zVelMax]
2021-03-19 15:41:11,778 [DEBUG]: Updated parameter [velCtlPid.vxKp]
2021-03-19 15:41:11,782 [DEBUG]: Updated parameter [velCtlPid.vxKi]
2021-03-19 15:41:11,785 [DEBUG]: Updated parameter [velCtlPid.vxKd]
2021-03-19 15:41:11,788 [DEBUG]: Updated parameter [velCtlPid.vyKp]
2021-03-19 15:41:11,792 [DEBUG]: Updated parameter [velCtlPid.vyKi]
2021-03-19 15:41:11,795 [DEBUG]: Updated parameter [velCtlPid.vyKd]
2021-03-19 15:41:11,798 [DEBUG]: Updated parameter [velCtlPid.vzKp]
2021-03-19 15:41:11,802 [DEBUG]: Updated parameter [velCtlPid.vzKi]
2021-03-19 15:41:11,815 [DEBUG]: Updated parameter [velCtlPid.vzKd]
2021-03-19 15:41:11,819 [DEBUG]: Updated parameter [controller.tiltComp]
2021-03-19 15:41:11,823 [DEBUG]: Updated parameter [ctrlMel.kp_xy]
2021-03-19 15:41:11,830 [DEBUG]: Updated parameter [ctrlMel.kd_xy]
2021-03-19 15:41:11,837 [DEBUG]: Updated parameter [ctrlMel.ki_xy]
2021-03-19 15:41:11,842 [DEBUG]: Updated parameter [ctrlMel.i_range_xy]
2021-03-19 15:41:11,847 [DEBUG]: Updated parameter [ctrlMel.kp_z]
2021-03-19 15:41:11,851 [DEBUG]: Updated parameter [ctrlMel.kd_z]
2021-03-19 15:41:11,854 [DEBUG]: Updated parameter [ctrlMel.ki_z]
2021-03-19 15:41:11,858 [DEBUG]: Updated parameter [ctrlMel.i_range_z]
2021-03-19 15:41:11,862 [DEBUG]: Updated parameter [ctrlMel.mass]
2021-03-19 15:41:11,865 [DEBUG]: Updated parameter [ctrlMel.massThrust]
2021-03-19 15:41:11,868 [DEBUG]: Updated parameter [ctrlMel.kR_xy]
2021-03-19 15:41:11,872 [DEBUG]: Updated parameter [ctrlMel.kR_z]
2021-03-19 15:41:11,875 [DEBUG]: Updated parameter [ctrlMel.kw_xy]
2021-03-19 15:41:11,878 [DEBUG]: Updated parameter [ctrlMel.kw_z]
2021-03-19 15:41:11,881 [DEBUG]: Updated parameter [ctrlMel.ki_m_xy]
2021-03-19 15:41:11,885 [DEBUG]: Updated parameter [ctrlMel.ki_m_z]
2021-03-19 15:41:11,888 [DEBUG]: Updated parameter [ctrlMel.kd_omega_rp]
2021-03-19 15:41:11,891 [DEBUG]: Updated parameter [ctrlMel.i_range_m_xy]
2021-03-19 15:41:11,895 [DEBUG]: Updated parameter [ctrlMel.i_range_m_z]
2021-03-19 15:41:11,898 [DEBUG]: Updated parameter [motorPowerSet.enable]
2021-03-19 15:41:11,901 [DEBUG]: Updated parameter [motorPowerSet.m1]
2021-03-19 15:41:11,904 [DEBUG]: Updated parameter [motorPowerSet.m2]
2021-03-19 15:41:11,908 [DEBUG]: Updated parameter [motorPowerSet.m3]
2021-03-19 15:41:11,911 [DEBUG]: Updated parameter [motorPowerSet.m4]
2021-03-19 15:41:11,914 [DEBUG]: Updated parameter [kalman.resetEstimation]
2021-03-19 15:41:11,918 [DEBUG]: Updated parameter [kalman.quadIsFlying]
2021-03-19 15:41:11,921 [DEBUG]: Updated parameter [kalman.pNAcc_xy]
2021-03-19 15:41:11,925 [DEBUG]: Updated parameter [kalman.pNAcc_z]
2021-03-19 15:41:11,929 [DEBUG]: Updated parameter [kalman.pNVel]
2021-03-19 15:41:11,933 [DEBUG]: Updated parameter [kalman.pNPos]
2021-03-19 15:41:11,945 [DEBUG]: Updated parameter [kalman.pNAtt]
2021-03-19 15:41:11,948 [DEBUG]: Updated parameter [kalman.mNBaro]
2021-03-19 15:41:11,951 [DEBUG]: Updated parameter [kalman.mNGyro_rollpitch]
2021-03-19 15:41:11,955 [DEBUG]: Updated parameter [kalman.mNGyro_yaw]
2021-03-19 15:41:11,958 [DEBUG]: Updated parameter [kalman.initialX]
2021-03-19 15:41:11,961 [DEBUG]: Updated parameter [kalman.initialY]
2021-03-19 15:41:11,965 [DEBUG]: Updated parameter [kalman.initialZ]
2021-03-19 15:41:11,968 [DEBUG]: Updated parameter [kalman.initialYaw]
2021-03-19 15:41:11,971 [DEBUG]: Updated parameter [kalman.maxPos]
2021-03-19 15:41:11,975 [DEBUG]: Updated parameter [kalman.maxVel]
2021-03-19 15:41:11,978 [DEBUG]: Updated parameter [deck.bcLedRing]
2021-03-19 15:41:11,981 [DEBUG]: Updated parameter [deck.bcBuzzer]
2021-03-19 15:41:11,985 [DEBUG]: Updated parameter [deck.bcGTGPS]
2021-03-19 15:41:11,988 [DEBUG]: Updated parameter [deck.bcCPPM]
2021-03-19 15:41:11,991 [DEBUG]: Updated parameter [deck.bcUSD]
2021-03-19 15:41:11,995 [DEBUG]: Updated parameter [deck.bcZRanger]
2021-03-19 15:41:11,998 [DEBUG]: Updated parameter [deck.bcZRanger2]
2021-03-19 15:41:12,001 [DEBUG]: Updated parameter [deck.bcDWM1000]
2021-03-19 15:41:12,005 [DEBUG]: Updated parameter [deck.bcFlow]
2021-03-19 15:41:12,008 [DEBUG]: Updated parameter [deck.bcFlow2]
2021-03-19 15:41:12,011 [DEBUG]: Updated parameter [deck.bcOA]
2021-03-19 15:41:12,014 [DEBUG]: Updated parameter [deck.bcMultiranger]
2021-03-19 15:41:12,018 [DEBUG]: Updated parameter [deck.bdLighthouse4]
2021-03-19 15:41:12,021 [DEBUG]: Updated parameter [ring.effect]
2021-03-19 15:41:12,024 [DEBUG]: Updated parameter [ring.neffect]
2021-03-19 15:41:12,027 [DEBUG]: Updated parameter [ring.solidRed]
2021-03-19 15:41:12,031 [DEBUG]: Updated parameter [ring.solidGreen]
2021-03-19 15:41:12,035 [DEBUG]: Updated parameter [ring.solidBlue]
2021-03-19 15:41:12,038 [DEBUG]: Updated parameter [ring.headlightEnable]
2021-03-19 15:41:12,041 [DEBUG]: Updated parameter [ring.glowstep]
2021-03-19 15:41:12,045 [DEBUG]: Updated parameter [ring.emptyCharge]
2021-03-19 15:41:12,048 [DEBUG]: Updated parameter [ring.fullCharge]
2021-03-19 15:41:12,052 [DEBUG]: Updated parameter [ring.fadeColor]
2021-03-19 15:41:12,055 [DEBUG]: Updated parameter [ring.fadeTime]
2021-03-19 15:41:12,058 [DEBUG]: Updated parameter [usd.logging]
2021-03-19 15:41:12,062 [DEBUG]: Updated parameter [loco.mode]
2021-03-19 15:41:12,065 [DEBUG]: Updated parameter [tdoa3.logId]
2021-03-19 15:41:12,078 [DEBUG]: Updated parameter [tdoa3.logOthrId]
2021-03-19 15:41:12,081 [DEBUG]: Updated parameter [motion.disable]
2021-03-19 15:41:12,085 [DEBUG]: Updated parameter [activeMarker.front]
2021-03-19 15:41:12,088 [DEBUG]: Updated parameter [activeMarker.back]
2021-03-19 15:41:12,092 [DEBUG]: Updated parameter [activeMarker.left]
2021-03-19 15:41:12,095 [DEBUG]: Updated parameter [activeMarker.right]
2021-03-19 15:41:12,098 [DEBUG]: Updated parameter [firmware.revision0]
2021-03-19 15:41:12,101 [DEBUG]: Updated parameter [firmware.revision1]
2021-03-19 15:41:12,105 [DEBUG]: Updated parameter [firmware.modified]
2021-03-19 15:41:36,254 [DEBUG]: Adding stateEstimate.x with id=121 and type=0x77
2021-03-19 15:41:36,254 [DEBUG]: Adding stateEstimate.y with id=122 and type=0x77
2021-03-19 15:41:36,254 [DEBUG]: Adding stateEstimate.z with id=123 and type=0x77
2021-03-19 15:41:36,254 [DEBUG]: Adding stabilizer.roll with id=117 and type=0x77
2021-03-19 15:41:36,254 [DEBUG]: Adding stabilizer.pitch with id=118 and type=0x77
2021-03-19 15:41:36,255 [DEBUG]: Adding stabilizer.yaw with id=119 and type=0x77
2021-03-19 15:41:36,255 [DEBUG]: Adding log block id 1
2021-03-19 15:41:36,267 [DEBUG]: Have successfully added id=1
2021-03-19 15:41:36,271 [INFO]: Have successfully started logging for id=1
2021-03-19 15:41:36,272 [ERROR]: Exception while doing callback on port [5]

Traceback (most recent call last):
  File "C:\Users\Vicon-PC\Desktop\PROGETTO CRAZYFLIE\CrazyFlie-SdGN\cflib\crazyflie\__init__.py", line 399, in run
    cb.callback(pk)
  File "C:\Users\Vicon-PC\Desktop\PROGETTO CRAZYFLIE\CrazyFlie-SdGN\cflib\crazyflie\log.py", line 527, in _new_packet_cb
    block.started = True
  File "C:\Users\Vicon-PC\Desktop\PROGETTO CRAZYFLIE\CrazyFlie-SdGN\cflib\crazyflie\log.py", line 211, in _set_started
    self.started_cb.call(self, started)
  File "C:\Users\Vicon-PC\Desktop\PROGETTO CRAZYFLIE\CrazyFlie-SdGN\cflib\utils\callbacks.py", line 55, in call
    cb(*args)
TypeError: print_callback() missing 1 required positional argument: 'log_conf'

2021-03-19 15:41:40,538 [DEBUG]: First time block is started, add block
