2021-03-23 15:26:01,447 [INFO]: Connecting to the Vicon...
2021-03-23 15:26:01,448 [INFO]: Connected to Vicon!
2021-03-23 15:26:01,448 [INFO]: Enabling data types...
2021-03-23 15:26:01,448 [DEBUG]: Segments: True
2021-03-23 15:26:01,448 [DEBUG]: Markers: True
2021-03-23 15:26:01,448 [DEBUG]: Unlabeled Markers: True
2021-03-23 15:26:01,448 [DEBUG]: Marker Rays: True
2021-03-23 15:26:01,449 [DEBUG]: Devices: True
2021-03-23 15:26:01,449 [DEBUG]: Centroids: True 
2021-03-23 15:26:01,449 [INFO]: Testing stream modes...
2021-03-23 15:26:01,449 [INFO]: Getting a frame in ClientPull mode...
2021-03-23 15:26:02,449 [ERROR]: Error using ClientPull mode. --> NoFrame
2021-03-23 15:26:02,450 [INFO]: Getting a frame in PreFetch mode...
2021-03-23 15:26:03,450 [ERROR]: Error using ClientPreFetch mode. --> NoFrame
2021-03-23 15:26:03,450 [INFO]: Getting a frame in ServerPush mode...
2021-03-23 15:26:03,450 [DEBUG]: Fetched! Pulled frame number: 1186814
2021-03-23 15:26:03,450 [INFO]: ServerPush mode set.
2021-03-23 15:26:03,450 [INFO]: Getting available framerates...
2021-03-23 15:26:03,450 [INFO]: Current Vicon frame rate: 100.0 Hz.
2021-03-23 15:26:03,450 [INFO]: Available frame rates: 
2021-03-23 15:26:03,450 [INFO]: Process Rate : 99 Hz 

2021-03-23 15:26:03,450 [INFO]: Setting axis...
2021-03-23 15:26:03,451 [INFO]: X Axis: AxisMapping.EForward
2021-03-23 15:26:03,451 [INFO]: Y Axis: AxisMapping.ELeft
2021-03-23 15:26:03,451 [INFO]: Z Axis: AxisMapping.EUp
2021-03-23 15:26:03,451 [INFO]: Initializing drivers...
2021-03-23 15:26:03,451 [INFO]: Drivers initialized.
2021-03-23 15:26:03,451 [INFO]: Connecting to the Crazyflie...
2021-03-23 15:26:03,451 [DEBUG]: Adding callback on port [6] to [<bound method Localization._incoming of <cflib.crazyflie.localization.Localization object at 0x000001BF440EE5C8>>]
2021-03-23 15:26:03,451 [DEBUG]: Adding callback on port [5] to [<bound method Log._new_packet_cb of <cflib.crazyflie.log.Log object at 0x000001BF440EE6C8>>]
2021-03-23 15:26:03,451 [DEBUG]: Adding callback on port [0] to [<bound method Console.incoming of <cflib.crazyflie.console.Console object at 0x000001BF440EE788>>]
2021-03-23 15:26:03,451 [DEBUG]: Adding callback on port [2] to [<bound method _ParamUpdater._new_packet_cb of <_ParamUpdater(Thread-2, initial daemon)>>]
2021-03-23 15:26:03,451 [DEBUG]: Adding callback on port [4] to [<bound method Memory._new_packet_cb of <cflib.crazyflie.mem.Memory object at 0x000001BF440EEB08>>]
2021-03-23 15:26:03,452 [DEBUG]: Adding callback on port [13] to [<bound method PlatformService._platform_callback of <cflib.crazyflie.platformservice.PlatformService object at 0x000001BF440EEC48>>]
2021-03-23 15:26:03,452 [DEBUG]: Adding callback on port [15] to [<bound method PlatformService._crt_service_callback of <cflib.crazyflie.platformservice.PlatformService object at 0x000001BF440EEC48>>]
2021-03-23 15:26:03,452 [INFO]: Crazyflie2 has the following segments: ['Crazyflie2']
2021-03-23 15:26:03,452 [INFO]: Crazyflie2 has root: Crazyflie2
2021-03-23 15:26:03,452 [DEBUG]: ===Checking functions without flying===
2021-03-23 15:26:03,452 [DEBUG]: ===============Offline check done=================
2021-03-23 15:26:03,452 [DEBUG]: Adding callback on port [6] to [<bound method Localization._incoming of <cflib.crazyflie.localization.Localization object at 0x000001BF440EEC88>>]
2021-03-23 15:26:03,452 [DEBUG]: Adding callback on port [5] to [<bound method Log._new_packet_cb of <cflib.crazyflie.log.Log object at 0x000001BF440EEF08>>]
2021-03-23 15:26:03,453 [DEBUG]: Adding callback on port [0] to [<bound method Console.incoming of <cflib.crazyflie.console.Console object at 0x000001BF440FD208>>]
2021-03-23 15:26:03,453 [DEBUG]: Adding callback on port [2] to [<bound method _ParamUpdater._new_packet_cb of <_ParamUpdater(Thread-4, initial daemon)>>]
2021-03-23 15:26:03,453 [DEBUG]: Adding callback on port [4] to [<bound method Memory._new_packet_cb of <cflib.crazyflie.mem.Memory object at 0x000001BF440FD608>>]
2021-03-23 15:26:03,453 [DEBUG]: Adding callback on port [13] to [<bound method PlatformService._platform_callback of <cflib.crazyflie.platformservice.PlatformService object at 0x000001BF440FD748>>]
2021-03-23 15:26:03,453 [DEBUG]: Adding callback on port [15] to [<bound method PlatformService._crt_service_callback of <cflib.crazyflie.platformservice.PlatformService object at 0x000001BF440FD748>>]
2021-03-23 15:26:03,453 [INFO]: Callback->Connection initialized[radio://0/80/2M]
2021-03-23 15:26:03,458 [INFO]: We are connected[radio://0/80/2M], request connection setup
2021-03-23 15:26:03,459 [INFO]: Callback->Connected to [radio://0/80/2M]
2021-03-23 15:26:03,460 [INFO]: Have successfully stopped logging for id=2
2021-03-23 15:26:03,467 [INFO]: Protocol  version: 4
2021-03-23 15:26:03,470 [DEBUG]: Logging reset, continue with TOC download
2021-03-23 15:26:03,470 [DEBUG]: [5]: Using V2 protocol: 1
2021-03-23 15:26:03,470 [DEBUG]: [5]: Start fetching...
2021-03-23 15:26:03,471 [DEBUG]: Adding callback on port [5] to [<bound method TocFetcher._new_packet_cb of <cflib.crazyflie.toc.TocFetcher object at 0x000001BF441416C8>>]
2021-03-23 15:26:03,473 [DEBUG]: [5]: Got TOC CRC, 317 items and crc=0x05C5AF70
2021-03-23 15:26:03,476 [INFO]: TOC for port [5] found in cache
2021-03-23 15:26:03,476 [DEBUG]: Removing callback on port [5] to [<bound method TocFetcher._new_packet_cb of <cflib.crazyflie.toc.TocFetcher object at 0x000001BF441416C8>>]
2021-03-23 15:26:03,476 [DEBUG]: [5]: Done!
2021-03-23 15:26:03,477 [INFO]: Log TOC finished updating
2021-03-23 15:26:03,477 [DEBUG]: Requesting number of memories
2021-03-23 15:26:03,486 [INFO]: 9 memories found
2021-03-23 15:26:03,486 [DEBUG]: Requesting first id
2021-03-23 15:26:03,490 [DEBUG]: Requesting information about memory 1
2021-03-23 15:26:03,494 [DEBUG]: Memory: id=1, type=LED driver, size=24
2021-03-23 15:26:03,494 [DEBUG]: Requesting information about memory 2
2021-03-23 15:26:03,498 [DEBUG]: Memory: id=2, type=Loco Positioning, size=6144
2021-03-23 15:26:03,498 [DEBUG]: Requesting information about memory 3
2021-03-23 15:26:03,503 [DEBUG]: Memory: id=3, type=Trajectory, size=4096
2021-03-23 15:26:03,503 [DEBUG]: Requesting information about memory 4
2021-03-23 15:26:03,507 [DEBUG]: Memory: id=4, type=Loco Positioning 2, size=69632
2021-03-23 15:26:03,507 [DEBUG]: Requesting information about memory 5
2021-03-23 15:26:03,511 [DEBUG]: Memory: id=5, type=Lighthouse positioning, size=96
2021-03-23 15:26:03,511 [DEBUG]: Requesting information about memory 6
2021-03-23 15:26:03,515 [DEBUG]: Memory: id=6, type=Memory tester, size=4096
2021-03-23 15:26:03,515 [DEBUG]: Requesting information about memory 7
2021-03-23 15:26:03,520 [DEBUG]: Memory: id=7, type=Unknown, size=0
2021-03-23 15:26:03,520 [DEBUG]: Requesting information about memory 8
2021-03-23 15:26:03,525 [DEBUG]: Done getting all the memories, start reading the OWs
2021-03-23 15:26:03,525 [DEBUG]: Updating content of memory 8
2021-03-23 15:26:03,525 [DEBUG]: Requesting new chunk of 11bytes at 0x0
2021-03-23 15:26:03,530 [DEBUG]: READ: Mem=8, addr=0x0, status=0x0, data=(235, 12, 0, 0, 0, 188, 15, 205, 0, 12, 1)
2021-03-23 15:26:03,530 [DEBUG]: READING: We are still interested in request for mem 8
2021-03-23 15:26:03,530 [DEBUG]: Requesting new chunk of 15bytes at 0x8
2021-03-23 15:26:03,535 [DEBUG]: READ: Mem=8, addr=0x8, status=0x0, data=(0, 12, 1, 7, 98, 99, 70, 108, 111, 119, 50, 2, 1, 65, 84)
2021-03-23 15:26:03,535 [DEBUG]: READING: We are still interested in request for mem 8
2021-03-23 15:26:03,535 [DEBUG]: OW 0DD9203F00000040 (BC:0F): {'Board name': 'bcFlow2', 'Board revision': 'A'}
2021-03-23 15:26:03,535 [INFO]: Memories finished updating
2021-03-23 15:26:03,535 [DEBUG]: [2]: Using V2 protocol: 1
2021-03-23 15:26:03,535 [DEBUG]: [2]: Start fetching...
2021-03-23 15:26:03,535 [DEBUG]: Adding callback on port [2] to [<bound method TocFetcher._new_packet_cb of <cflib.crazyflie.toc.TocFetcher object at 0x000001BF441755C8>>]
2021-03-23 15:26:03,538 [DEBUG]: [2]: Got TOC CRC, 164 items and crc=0x1042AFA8
2021-03-23 15:26:03,540 [INFO]: TOC for port [2] found in cache
2021-03-23 15:26:03,540 [DEBUG]: Removing callback on port [2] to [<bound method TocFetcher._new_packet_cb of <cflib.crazyflie.toc.TocFetcher object at 0x000001BF441755C8>>]
2021-03-23 15:26:03,540 [DEBUG]: [2]: Done!
2021-03-23 15:26:03,540 [INFO]: Param TOC finished updating
2021-03-23 15:26:03,540 [INFO]: Callback->Connection setup finished [radio://0/80/2M]
2021-03-23 15:26:03,540 [DEBUG]: Requesting request to update param [6]
2021-03-23 15:26:03,541 [DEBUG]: Adding stateEstimate.x with id=121 and type=0x77
2021-03-23 15:26:03,541 [DEBUG]: Requesting request to update param [1]
2021-03-23 15:26:03,541 [DEBUG]: Adding stateEstimate.y with id=122 and type=0x77
2021-03-23 15:26:03,541 [DEBUG]: Requesting request to update param [2]
2021-03-23 15:26:03,542 [DEBUG]: Adding stateEstimate.z with id=123 and type=0x77
2021-03-23 15:26:03,542 [DEBUG]: Requesting request to update param [3]
2021-03-23 15:26:03,542 [DEBUG]: Adding stabilizer.roll with id=117 and type=0x77
2021-03-23 15:26:03,542 [DEBUG]: Requesting request to update param [4]
2021-03-23 15:26:03,542 [DEBUG]: Adding stabilizer.pitch with id=118 and type=0x77
2021-03-23 15:26:03,542 [DEBUG]: Requesting request to update param [5]
2021-03-23 15:26:03,542 [DEBUG]: Adding stabilizer.yaw with id=119 and type=0x77
2021-03-23 15:26:03,542 [DEBUG]: Requesting request to update param [7]
2021-03-23 15:26:03,542 [DEBUG]: Adding/appending log block id 1
2021-03-23 15:26:03,543 [DEBUG]: Requesting request to update param [8]
2021-03-23 15:26:03,543 [DEBUG]: First time block is started, add block
2021-03-23 15:26:03,543 [DEBUG]: Requesting request to update param [9]
2021-03-23 15:26:03,543 [DEBUG]: Adding stateEstimate.x with id=121 and type=0x77
2021-03-23 15:26:03,543 [DEBUG]: Requesting request to update param [10]
2021-03-23 15:26:03,543 [DEBUG]: Adding stateEstimate.y with id=122 and type=0x77
2021-03-23 15:26:03,544 [DEBUG]: Requesting request to update param [11]
2021-03-23 15:26:03,544 [DEBUG]: Adding stateEstimate.z with id=123 and type=0x77
2021-03-23 15:26:03,544 [DEBUG]: Requesting request to update param [16]
2021-03-23 15:26:03,544 [DEBUG]: Adding stabilizer.roll with id=117 and type=0x77
2021-03-23 15:26:03,544 [DEBUG]: Requesting request to update param [12]
2021-03-23 15:26:03,544 [DEBUG]: Adding stabilizer.pitch with id=118 and type=0x77
2021-03-23 15:26:03,544 [DEBUG]: Requesting request to update param [13]
2021-03-23 15:26:03,544 [DEBUG]: Adding stabilizer.yaw with id=119 and type=0x77
2021-03-23 15:26:03,544 [DEBUG]: Requesting request to update param [14]
2021-03-23 15:26:03,545 [DEBUG]: Adding/appending log block id 2
2021-03-23 15:26:03,545 [DEBUG]: Requesting request to update param [15]
2021-03-23 15:26:03,545 [DEBUG]: First time block is started, add block
2021-03-23 15:26:03,545 [DEBUG]: Requesting request to update param [17]
2021-03-23 15:26:03,545 [DEBUG]: Requesting request to update param [18]
2021-03-23 15:26:03,545 [DEBUG]: Requesting request to update param [19]
2021-03-23 15:26:03,545 [DEBUG]: Requesting request to update param [20]
2021-03-23 15:26:03,545 [DEBUG]: Requesting request to update param [21]
2021-03-23 15:26:03,545 [DEBUG]: Requesting request to update param [22]
2021-03-23 15:26:03,545 [DEBUG]: Requesting request to update param [23]
2021-03-23 15:26:03,545 [DEBUG]: Requesting request to update param [24]
2021-03-23 15:26:03,545 [DEBUG]: Requesting request to update param [25]
2021-03-23 15:26:03,546 [DEBUG]: Requesting request to update param [26]
2021-03-23 15:26:03,546 [DEBUG]: Requesting request to update param [27]
2021-03-23 15:26:03,546 [DEBUG]: Requesting request to update param [28]
2021-03-23 15:26:03,546 [DEBUG]: Requesting request to update param [29]
2021-03-23 15:26:03,546 [DEBUG]: Requesting request to update param [30]
2021-03-23 15:26:03,546 [DEBUG]: Requesting request to update param [31]
2021-03-23 15:26:03,546 [DEBUG]: Requesting request to update param [32]
2021-03-23 15:26:03,546 [DEBUG]: Requesting request to update param [33]
2021-03-23 15:26:03,546 [DEBUG]: Requesting request to update param [34]
2021-03-23 15:26:03,546 [DEBUG]: Requesting request to update param [35]
2021-03-23 15:26:03,546 [DEBUG]: Requesting request to update param [36]
2021-03-23 15:26:03,546 [DEBUG]: Requesting request to update param [37]
2021-03-23 15:26:03,546 [DEBUG]: Requesting request to update param [38]
2021-03-23 15:26:03,546 [DEBUG]: Requesting request to update param [39]
2021-03-23 15:26:03,546 [DEBUG]: Requesting request to update param [40]
2021-03-23 15:26:03,546 [DEBUG]: Requesting request to update param [41]
2021-03-23 15:26:03,546 [DEBUG]: Requesting request to update param [42]
2021-03-23 15:26:03,546 [DEBUG]: Requesting request to update param [43]
2021-03-23 15:26:03,547 [DEBUG]: Requesting request to update param [44]
2021-03-23 15:26:03,547 [DEBUG]: Requesting request to update param [45]
2021-03-23 15:26:03,547 [DEBUG]: Requesting request to update param [46]
2021-03-23 15:26:03,547 [DEBUG]: Requesting request to update param [47]
2021-03-23 15:26:03,547 [DEBUG]: Requesting request to update param [48]
2021-03-23 15:26:03,547 [DEBUG]: Requesting request to update param [49]
2021-03-23 15:26:03,547 [DEBUG]: Requesting request to update param [50]
2021-03-23 15:26:03,547 [DEBUG]: Requesting request to update param [51]
2021-03-23 15:26:03,547 [DEBUG]: Requesting request to update param [52]
2021-03-23 15:26:03,547 [DEBUG]: Requesting request to update param [53]
2021-03-23 15:26:03,547 [DEBUG]: Requesting request to update param [54]
2021-03-23 15:26:03,547 [DEBUG]: Requesting request to update param [55]
2021-03-23 15:26:03,547 [DEBUG]: Requesting request to update param [56]
2021-03-23 15:26:03,547 [DEBUG]: Requesting request to update param [57]
2021-03-23 15:26:03,547 [DEBUG]: Requesting request to update param [58]
2021-03-23 15:26:03,547 [DEBUG]: Requesting request to update param [59]
2021-03-23 15:26:03,548 [DEBUG]: Requesting request to update param [60]
2021-03-23 15:26:03,548 [DEBUG]: Requesting request to update param [61]
2021-03-23 15:26:03,548 [DEBUG]: Requesting request to update param [62]
2021-03-23 15:26:03,548 [DEBUG]: Requesting request to update param [63]
2021-03-23 15:26:03,548 [DEBUG]: Requesting request to update param [64]
2021-03-23 15:26:03,548 [DEBUG]: Requesting request to update param [65]
2021-03-23 15:26:03,548 [DEBUG]: Requesting request to update param [66]
2021-03-23 15:26:03,548 [DEBUG]: Requesting request to update param [67]
2021-03-23 15:26:03,548 [DEBUG]: Requesting request to update param [68]
2021-03-23 15:26:03,548 [DEBUG]: Requesting request to update param [69]
2021-03-23 15:26:03,549 [DEBUG]: Requesting request to update param [70]
2021-03-23 15:26:03,549 [DEBUG]: Requesting request to update param [71]
2021-03-23 15:26:03,549 [DEBUG]: Requesting request to update param [72]
2021-03-23 15:26:03,549 [DEBUG]: Requesting request to update param [73]
2021-03-23 15:26:03,549 [DEBUG]: Requesting request to update param [74]
2021-03-23 15:26:03,549 [DEBUG]: Requesting request to update param [75]
2021-03-23 15:26:03,549 [DEBUG]: Requesting request to update param [76]
2021-03-23 15:26:03,549 [DEBUG]: Requesting request to update param [77]
2021-03-23 15:26:03,549 [DEBUG]: Requesting request to update param [78]
2021-03-23 15:26:03,549 [DEBUG]: Requesting request to update param [79]
2021-03-23 15:26:03,549 [DEBUG]: Requesting request to update param [80]
2021-03-23 15:26:03,549 [DEBUG]: Requesting request to update param [81]
2021-03-23 15:26:03,549 [DEBUG]: Requesting request to update param [82]
2021-03-23 15:26:03,550 [DEBUG]: Requesting request to update param [83]
2021-03-23 15:26:03,550 [DEBUG]: Requesting request to update param [84]
2021-03-23 15:26:03,550 [DEBUG]: Requesting request to update param [85]
2021-03-23 15:26:03,550 [DEBUG]: Requesting request to update param [86]
2021-03-23 15:26:03,550 [DEBUG]: Requesting request to update param [87]
2021-03-23 15:26:03,550 [DEBUG]: Requesting request to update param [88]
2021-03-23 15:26:03,550 [DEBUG]: Requesting request to update param [89]
2021-03-23 15:26:03,550 [DEBUG]: Requesting request to update param [90]
2021-03-23 15:26:03,550 [DEBUG]: Requesting request to update param [91]
2021-03-23 15:26:03,550 [DEBUG]: Requesting request to update param [92]
2021-03-23 15:26:03,550 [DEBUG]: Requesting request to update param [93]
2021-03-23 15:26:03,550 [DEBUG]: Requesting request to update param [94]
2021-03-23 15:26:03,550 [DEBUG]: Requesting request to update param [95]
2021-03-23 15:26:03,551 [DEBUG]: Requesting request to update param [96]
2021-03-23 15:26:03,551 [DEBUG]: Requesting request to update param [97]
2021-03-23 15:26:03,551 [DEBUG]: Requesting request to update param [98]
2021-03-23 15:26:03,551 [DEBUG]: Requesting request to update param [99]
2021-03-23 15:26:03,551 [DEBUG]: Requesting request to update param [100]
2021-03-23 15:26:03,551 [DEBUG]: Requesting request to update param [101]
2021-03-23 15:26:03,551 [DEBUG]: Requesting request to update param [102]
2021-03-23 15:26:03,551 [DEBUG]: Requesting request to update param [103]
2021-03-23 15:26:03,552 [DEBUG]: Requesting request to update param [104]
2021-03-23 15:26:03,552 [DEBUG]: Requesting request to update param [105]
2021-03-23 15:26:03,552 [DEBUG]: Requesting request to update param [106]
2021-03-23 15:26:03,552 [DEBUG]: Requesting request to update param [107]
2021-03-23 15:26:03,552 [DEBUG]: Requesting request to update param [108]
2021-03-23 15:26:03,552 [DEBUG]: Requesting request to update param [109]
2021-03-23 15:26:03,552 [DEBUG]: Requesting request to update param [110]
2021-03-23 15:26:03,552 [DEBUG]: Requesting request to update param [111]
2021-03-23 15:26:03,552 [DEBUG]: Requesting request to update param [112]
2021-03-23 15:26:03,552 [DEBUG]: Requesting request to update param [113]
2021-03-23 15:26:03,552 [DEBUG]: Requesting request to update param [114]
2021-03-23 15:26:03,552 [DEBUG]: Requesting request to update param [115]
2021-03-23 15:26:03,553 [DEBUG]: Requesting request to update param [116]
2021-03-23 15:26:03,553 [DEBUG]: Requesting request to update param [117]
2021-03-23 15:26:03,553 [DEBUG]: Requesting request to update param [118]
2021-03-23 15:26:03,553 [DEBUG]: Requesting request to update param [119]
2021-03-23 15:26:03,553 [DEBUG]: Requesting request to update param [120]
2021-03-23 15:26:03,553 [DEBUG]: Requesting request to update param [121]
2021-03-23 15:26:03,553 [DEBUG]: Requesting request to update param [122]
2021-03-23 15:26:03,553 [DEBUG]: Requesting request to update param [123]
2021-03-23 15:26:03,553 [DEBUG]: Requesting request to update param [124]
2021-03-23 15:26:03,553 [DEBUG]: Requesting request to update param [125]
2021-03-23 15:26:03,553 [DEBUG]: Requesting request to update param [126]
2021-03-23 15:26:03,553 [DEBUG]: Requesting request to update param [127]
2021-03-23 15:26:03,554 [DEBUG]: Requesting request to update param [128]
2021-03-23 15:26:03,554 [DEBUG]: Requesting request to update param [140]
2021-03-23 15:26:03,554 [DEBUG]: Requesting request to update param [141]
2021-03-23 15:26:03,554 [DEBUG]: Requesting request to update param [142]
2021-03-23 15:26:03,554 [DEBUG]: Requesting request to update param [143]
2021-03-23 15:26:03,554 [DEBUG]: Requesting request to update param [145]
2021-03-23 15:26:03,554 [DEBUG]: Requesting request to update param [146]
2021-03-23 15:26:03,554 [DEBUG]: Requesting request to update param [147]
2021-03-23 15:26:03,554 [DEBUG]: Requesting request to update param [151]
2021-03-23 15:26:03,554 [DEBUG]: Requesting request to update param [152]
2021-03-23 15:26:03,554 [DEBUG]: Requesting request to update param [154]
2021-03-23 15:26:03,554 [DEBUG]: Requesting request to update param [155]
2021-03-23 15:26:03,555 [DEBUG]: Requesting request to update param [156]
2021-03-23 15:26:03,555 [DEBUG]: Requesting request to update param [129]
2021-03-23 15:26:03,555 [DEBUG]: Requesting request to update param [130]
2021-03-23 15:26:03,555 [DEBUG]: Requesting request to update param [131]
2021-03-23 15:26:03,555 [DEBUG]: Requesting request to update param [132]
2021-03-23 15:26:03,555 [DEBUG]: Requesting request to update param [133]
2021-03-23 15:26:03,555 [DEBUG]: Requesting request to update param [134]
2021-03-23 15:26:03,555 [DEBUG]: Requesting request to update param [135]
2021-03-23 15:26:03,555 [DEBUG]: Requesting request to update param [136]
2021-03-23 15:26:03,555 [DEBUG]: Requesting request to update param [137]
2021-03-23 15:26:03,555 [DEBUG]: Requesting request to update param [138]
2021-03-23 15:26:03,555 [DEBUG]: Requesting request to update param [139]
2021-03-23 15:26:03,555 [DEBUG]: Requesting request to update param [144]
2021-03-23 15:26:03,555 [DEBUG]: Requesting request to update param [148]
2021-03-23 15:26:03,556 [DEBUG]: Requesting request to update param [149]
2021-03-23 15:26:03,556 [DEBUG]: Requesting request to update param [150]
2021-03-23 15:26:03,556 [DEBUG]: Requesting request to update param [153]
2021-03-23 15:26:03,556 [DEBUG]: Requesting request to update param [157]
2021-03-23 15:26:03,556 [DEBUG]: Requesting request to update param [158]
2021-03-23 15:26:03,556 [DEBUG]: Requesting request to update param [159]
2021-03-23 15:26:03,556 [DEBUG]: Requesting request to update param [160]
2021-03-23 15:26:03,556 [DEBUG]: Requesting request to update param [161]
2021-03-23 15:26:03,556 [DEBUG]: Requesting request to update param [162]
2021-03-23 15:26:03,556 [DEBUG]: Requesting request to update param [163]
2021-03-23 15:26:03,556 [DEBUG]: Updated parameter [imu_sensors.BMP388]
2021-03-23 15:26:03,556 [DEBUG]: Have successfully added id=1
2021-03-23 15:26:03,557 [DEBUG]: Have successfully added id=2
2021-03-23 15:26:03,560 [DEBUG]: Updated parameter [imu_sensors.HMC5883L]
2021-03-23 15:26:03,561 [INFO]: Have successfully started logging for id=1
2021-03-23 15:26:03,562 [INFO]: Have successfully started logging for id=2
2021-03-23 15:26:03,564 [DEBUG]: Updated parameter [imu_sensors.MS5611]
2021-03-23 15:26:03,567 [DEBUG]: Updated parameter [imu_tests.MPU6500]
2021-03-23 15:26:03,570 [DEBUG]: Updated parameter [imu_tests.HMC5883L]
2021-03-23 15:26:03,574 [DEBUG]: Updated parameter [imu_tests.MS5611]
2021-03-23 15:26:03,577 [DEBUG]: Updated parameter [cpu.flash]
2021-03-23 15:26:03,580 [DEBUG]: Updated parameter [cpu.id0]
2021-03-23 15:26:03,584 [DEBUG]: Updated parameter [cpu.id1]
2021-03-23 15:26:03,588 [DEBUG]: Updated parameter [cpu.id2]
2021-03-23 15:26:03,590 [DEBUG]: Updated parameter [system.selftestPassed]
2021-03-23 15:26:03,594 [DEBUG]: Updated parameter [system.taskDump]
2021-03-23 15:26:03,597 [DEBUG]: Updated parameter [sound.effect]
2021-03-23 15:26:03,600 [DEBUG]: Updated parameter [sound.neffect]
2021-03-23 15:26:03,614 [DEBUG]: Updated parameter [sound.freq]
2021-03-23 15:26:03,618 [DEBUG]: Updated parameter [sound.ratio]
2021-03-23 15:26:03,621 [DEBUG]: Updated parameter [kalman.resetEstimation]
2021-03-23 15:26:03,625 [DEBUG]: Updated parameter [memTst.resetW]
2021-03-23 15:26:03,628 [DEBUG]: Updated parameter [commander.enHighLevel]
2021-03-23 15:26:03,632 [DEBUG]: Updated parameter [flightmode.althold]
2021-03-23 15:26:03,635 [DEBUG]: Updated parameter [flightmode.poshold]
2021-03-23 15:26:03,639 [DEBUG]: Updated parameter [flightmode.posSet]
2021-03-23 15:26:03,644 [DEBUG]: Updated parameter [flightmode.yawMode]
2021-03-23 15:26:03,647 [DEBUG]: Updated parameter [flightmode.yawRst]
2021-03-23 15:26:03,651 [DEBUG]: Updated parameter [flightmode.stabModeRoll]
2021-03-23 15:26:03,655 [DEBUG]: Updated parameter [flightmode.stabModePitch]
2021-03-23 15:26:03,658 [DEBUG]: Updated parameter [flightmode.stabModeYaw]
2021-03-23 15:26:03,663 [DEBUG]: Updated parameter [cmdrCPPM.rateRoll]
2021-03-23 15:26:03,666 [DEBUG]: Updated parameter [cmdrCPPM.ratePitch]
2021-03-23 15:26:03,670 [DEBUG]: Updated parameter [cmdrCPPM.rateYaw]
2021-03-23 15:26:03,675 [DEBUG]: Updated parameter [cmdrCPPM.angRoll]
2021-03-23 15:26:03,678 [DEBUG]: Updated parameter [cmdrCPPM.angPitch]
2021-03-23 15:26:03,681 [DEBUG]: Updated parameter [locSrv.enRangeStreamFP32]
2021-03-23 15:26:03,685 [DEBUG]: Updated parameter [locSrv.extPosStdDev]
2021-03-23 15:26:03,688 [DEBUG]: Updated parameter [locSrv.extQuatStdDev]
2021-03-23 15:26:03,694 [DEBUG]: Updated parameter [pid_attitude.roll_kp]
2021-03-23 15:26:03,697 [DEBUG]: Updated parameter [pid_attitude.roll_ki]
2021-03-23 15:26:03,701 [DEBUG]: Updated parameter [pid_attitude.roll_kd]
2021-03-23 15:26:03,705 [DEBUG]: Updated parameter [pid_attitude.pitch_kp]
2021-03-23 15:26:03,709 [DEBUG]: Updated parameter [pid_attitude.pitch_ki]
2021-03-23 15:26:03,714 [DEBUG]: Updated parameter [pid_attitude.pitch_kd]
2021-03-23 15:26:03,717 [DEBUG]: Updated parameter [pid_attitude.yaw_kp]
2021-03-23 15:26:03,721 [DEBUG]: Updated parameter [pid_attitude.yaw_ki]
2021-03-23 15:26:03,725 [DEBUG]: Updated parameter [pid_attitude.yaw_kd]
2021-03-23 15:26:03,728 [DEBUG]: Updated parameter [pid_rate.roll_kp]
2021-03-23 15:26:03,731 [DEBUG]: Updated parameter [pid_rate.roll_ki]
2021-03-23 15:26:03,736 [DEBUG]: Updated parameter [pid_rate.roll_kd]
2021-03-23 15:26:03,750 [DEBUG]: Updated parameter [pid_rate.pitch_kp]
2021-03-23 15:26:03,755 [DEBUG]: Updated parameter [pid_rate.pitch_ki]
2021-03-23 15:26:03,758 [DEBUG]: Updated parameter [pid_rate.pitch_kd]
2021-03-23 15:26:03,762 [DEBUG]: Updated parameter [pid_rate.yaw_kp]
2021-03-23 15:26:03,766 [DEBUG]: Updated parameter [pid_rate.yaw_ki]
2021-03-23 15:26:03,770 [DEBUG]: Updated parameter [pid_rate.yaw_kd]
2021-03-23 15:26:03,773 [DEBUG]: Updated parameter [sensfusion6.kp]
2021-03-23 15:26:03,778 [DEBUG]: Updated parameter [sensfusion6.ki]
2021-03-23 15:26:03,782 [DEBUG]: Updated parameter [sensfusion6.baseZacc]
2021-03-23 15:26:03,786 [DEBUG]: Updated parameter [health.startPropTest]
2021-03-23 15:26:03,789 [DEBUG]: Updated parameter [stabilizer.estimator]
2021-03-23 15:26:03,793 [DEBUG]: Updated parameter [stabilizer.controller]
2021-03-23 15:26:03,797 [DEBUG]: Updated parameter [posEstAlt.estAlphaAsl]
2021-03-23 15:26:03,801 [DEBUG]: Updated parameter [posEstAlt.estAlphaZr]
2021-03-23 15:26:03,805 [DEBUG]: Updated parameter [posEstAlt.velFactor]
2021-03-23 15:26:03,808 [DEBUG]: Updated parameter [posEstAlt.velZAlpha]
2021-03-23 15:26:03,811 [DEBUG]: Updated parameter [posEstAlt.vAccDeadband]
2021-03-23 15:26:03,815 [DEBUG]: Updated parameter [posCtlPid.xKp]
2021-03-23 15:26:03,819 [DEBUG]: Updated parameter [posCtlPid.xKi]
2021-03-23 15:26:03,821 [DEBUG]: Updated parameter [posCtlPid.xKd]
2021-03-23 15:26:03,825 [DEBUG]: Updated parameter [posCtlPid.yKp]
2021-03-23 15:26:03,828 [DEBUG]: Updated parameter [posCtlPid.yKi]
2021-03-23 15:26:03,834 [DEBUG]: Updated parameter [posCtlPid.yKd]
2021-03-23 15:26:03,838 [DEBUG]: Updated parameter [posCtlPid.zKp]
2021-03-23 15:26:03,842 [DEBUG]: Updated parameter [posCtlPid.zKi]
2021-03-23 15:26:03,846 [DEBUG]: Updated parameter [posCtlPid.zKd]
2021-03-23 15:26:03,849 [DEBUG]: Updated parameter [posCtlPid.thrustBase]
2021-03-23 15:26:03,855 [DEBUG]: Updated parameter [posCtlPid.thrustMin]
2021-03-23 15:26:03,859 [DEBUG]: Updated parameter [posCtlPid.rpLimit]
2021-03-23 15:26:03,865 [DEBUG]: Updated parameter [posCtlPid.xyVelMax]
2021-03-23 15:26:03,868 [DEBUG]: Updated parameter [posCtlPid.zVelMax]
2021-03-23 15:26:03,882 [DEBUG]: Updated parameter [velCtlPid.vxKp]
2021-03-23 15:26:03,886 [DEBUG]: Updated parameter [velCtlPid.vxKi]
2021-03-23 15:26:03,889 [DEBUG]: Updated parameter [velCtlPid.vxKd]
2021-03-23 15:26:03,895 [DEBUG]: Updated parameter [velCtlPid.vyKp]
2021-03-23 15:26:03,898 [DEBUG]: Updated parameter [velCtlPid.vyKi]
2021-03-23 15:26:03,901 [DEBUG]: Updated parameter [velCtlPid.vyKd]
2021-03-23 15:26:03,905 [DEBUG]: Updated parameter [velCtlPid.vzKp]
2021-03-23 15:26:03,908 [DEBUG]: Updated parameter [velCtlPid.vzKi]
2021-03-23 15:26:03,912 [DEBUG]: Updated parameter [velCtlPid.vzKd]
2021-03-23 15:26:03,916 [DEBUG]: Updated parameter [controller.tiltComp]
2021-03-23 15:26:03,919 [DEBUG]: Updated parameter [ctrlMel.kp_xy]
2021-03-23 15:26:03,924 [DEBUG]: Updated parameter [ctrlMel.kd_xy]
2021-03-23 15:26:03,927 [DEBUG]: Updated parameter [ctrlMel.ki_xy]
2021-03-23 15:26:03,930 [DEBUG]: Updated parameter [ctrlMel.i_range_xy]
2021-03-23 15:26:03,935 [DEBUG]: Updated parameter [ctrlMel.kp_z]
2021-03-23 15:26:03,938 [DEBUG]: Updated parameter [ctrlMel.kd_z]
2021-03-23 15:26:03,944 [DEBUG]: Updated parameter [ctrlMel.ki_z]
2021-03-23 15:26:03,947 [DEBUG]: Updated parameter [ctrlMel.i_range_z]
2021-03-23 15:26:03,950 [DEBUG]: Updated parameter [ctrlMel.mass]
2021-03-23 15:26:03,955 [DEBUG]: Updated parameter [ctrlMel.massThrust]
2021-03-23 15:26:03,958 [DEBUG]: Updated parameter [ctrlMel.kR_xy]
2021-03-23 15:26:03,962 [DEBUG]: Updated parameter [ctrlMel.kR_z]
2021-03-23 15:26:03,966 [DEBUG]: Updated parameter [ctrlMel.kw_xy]
2021-03-23 15:26:03,969 [DEBUG]: Updated parameter [ctrlMel.kw_z]
2021-03-23 15:26:03,973 [DEBUG]: Updated parameter [ctrlMel.ki_m_xy]
2021-03-23 15:26:03,977 [DEBUG]: Updated parameter [ctrlMel.ki_m_z]
2021-03-23 15:26:03,980 [DEBUG]: Updated parameter [ctrlMel.kd_omega_rp]
2021-03-23 15:26:03,985 [DEBUG]: Updated parameter [ctrlMel.i_range_m_xy]
2021-03-23 15:26:03,988 [DEBUG]: Updated parameter [ctrlMel.i_range_m_z]
2021-03-23 15:26:03,991 [DEBUG]: Updated parameter [motorPowerSet.enable]
2021-03-23 15:26:03,995 [DEBUG]: Updated parameter [motorPowerSet.m1]
2021-03-23 15:26:03,999 [DEBUG]: Updated parameter [motorPowerSet.m2]
2021-03-23 15:26:04,012 [DEBUG]: Updated parameter [motorPowerSet.m3]
2021-03-23 15:26:04,016 [DEBUG]: Updated parameter [motorPowerSet.m4]
2021-03-23 15:26:04,019 [DEBUG]: Updated parameter [kalman.resetEstimation]
2021-03-23 15:26:04,024 [DEBUG]: Updated parameter [kalman.quadIsFlying]
2021-03-23 15:26:04,027 [DEBUG]: Updated parameter [kalman.pNAcc_xy]
2021-03-23 15:26:04,030 [DEBUG]: Updated parameter [kalman.pNAcc_z]
2021-03-23 15:26:04,035 [DEBUG]: Updated parameter [kalman.pNVel]
2021-03-23 15:26:04,038 [DEBUG]: Updated parameter [kalman.pNPos]
2021-03-23 15:26:04,042 [DEBUG]: Updated parameter [kalman.pNAtt]
2021-03-23 15:26:04,046 [DEBUG]: Updated parameter [kalman.mNBaro]
2021-03-23 15:26:04,050 [DEBUG]: Updated parameter [kalman.mNGyro_rollpitch]
2021-03-23 15:26:04,053 [DEBUG]: Updated parameter [kalman.mNGyro_yaw]
2021-03-23 15:26:04,057 [DEBUG]: Updated parameter [kalman.initialX]
2021-03-23 15:26:04,060 [DEBUG]: Updated parameter [kalman.initialY]
2021-03-23 15:26:04,064 [DEBUG]: Updated parameter [kalman.initialZ]
2021-03-23 15:26:04,067 [DEBUG]: Updated parameter [kalman.initialYaw]
2021-03-23 15:26:04,071 [DEBUG]: Updated parameter [kalman.maxPos]
2021-03-23 15:26:04,076 [DEBUG]: Updated parameter [kalman.maxVel]
2021-03-23 15:26:04,079 [DEBUG]: Updated parameter [deck.bcLedRing]
2021-03-23 15:26:04,085 [DEBUG]: Updated parameter [deck.bcBuzzer]
2021-03-23 15:26:04,088 [DEBUG]: Updated parameter [deck.bcGTGPS]
2021-03-23 15:26:04,094 [DEBUG]: Updated parameter [deck.bcCPPM]
2021-03-23 15:26:04,097 [DEBUG]: Updated parameter [deck.bcUSD]
2021-03-23 15:26:04,100 [DEBUG]: Updated parameter [deck.bcZRanger]
2021-03-23 15:26:04,104 [DEBUG]: Updated parameter [deck.bcZRanger2]
2021-03-23 15:26:04,107 [DEBUG]: Updated parameter [deck.bcDWM1000]
2021-03-23 15:26:04,111 [DEBUG]: Updated parameter [deck.bcFlow]
2021-03-23 15:26:04,115 [DEBUG]: Updated parameter [deck.bcFlow2]
2021-03-23 15:26:04,118 [DEBUG]: Updated parameter [deck.bcOA]
2021-03-23 15:26:04,124 [DEBUG]: Updated parameter [deck.bcMultiranger]
2021-03-23 15:26:04,128 [DEBUG]: Updated parameter [deck.bdLighthouse4]
2021-03-23 15:26:04,143 [DEBUG]: Updated parameter [ring.effect]
2021-03-23 15:26:04,147 [DEBUG]: Updated parameter [ring.neffect]
2021-03-23 15:26:04,151 [DEBUG]: Updated parameter [ring.solidRed]
2021-03-23 15:26:04,155 [DEBUG]: Updated parameter [ring.solidGreen]
2021-03-23 15:26:04,159 [DEBUG]: Updated parameter [ring.solidBlue]
2021-03-23 15:26:04,163 [DEBUG]: Updated parameter [ring.headlightEnable]
2021-03-23 15:26:04,167 [DEBUG]: Updated parameter [ring.glowstep]
2021-03-23 15:26:04,170 [DEBUG]: Updated parameter [ring.emptyCharge]
2021-03-23 15:26:04,175 [DEBUG]: Updated parameter [ring.fullCharge]
2021-03-23 15:26:04,178 [DEBUG]: Updated parameter [ring.fadeColor]
2021-03-23 15:26:04,185 [DEBUG]: Updated parameter [ring.fadeTime]
2021-03-23 15:26:04,188 [DEBUG]: Updated parameter [usd.logging]
2021-03-23 15:26:04,194 [DEBUG]: Updated parameter [loco.mode]
2021-03-23 15:26:04,197 [DEBUG]: Updated parameter [tdoa3.logId]
2021-03-23 15:26:04,201 [DEBUG]: Updated parameter [tdoa3.logOthrId]
2021-03-23 15:26:04,205 [DEBUG]: Updated parameter [motion.disable]
2021-03-23 15:26:04,208 [DEBUG]: Updated parameter [activeMarker.front]
2021-03-23 15:26:04,213 [DEBUG]: Updated parameter [activeMarker.back]
2021-03-23 15:26:04,216 [DEBUG]: Updated parameter [activeMarker.left]
2021-03-23 15:26:04,220 [DEBUG]: Updated parameter [activeMarker.right]
2021-03-23 15:26:04,224 [DEBUG]: Updated parameter [firmware.revision0]
2021-03-23 15:26:04,228 [DEBUG]: Updated parameter [firmware.revision1]
2021-03-23 15:26:04,233 [DEBUG]: Updated parameter [firmware.modified]
2021-03-23 15:26:04,236 [DEBUG]: Updated parameter [kalman.resetEstimation]
2021-03-23 15:26:08,147 [INFO]: Take-off!
2021-03-23 15:26:11,649 [DEBUG]: Sending stop logging for block id=1
2021-03-23 15:26:11,650 [DEBUG]: Sending stop logging for block id=2
2021-03-23 15:26:11,651 [INFO]: Closing link
2021-03-23 15:26:11,653 [INFO]: Callback->Disconnected from [radio://0/80/2M]
