2021-03-30 16:31:25,575 [INFO]: Connecting to the Vicon...
2021-03-30 16:31:25,576 [INFO]: Connected to Vicon!
2021-03-30 16:31:25,576 [INFO]: Enabling data types...
2021-03-30 16:31:25,576 [DEBUG]: Segments: True
2021-03-30 16:31:25,576 [DEBUG]: Markers: True
2021-03-30 16:31:25,577 [DEBUG]: Unlabeled Markers: True
2021-03-30 16:31:25,577 [DEBUG]: Marker Rays: True
2021-03-30 16:31:25,577 [DEBUG]: Devices: True
2021-03-30 16:31:25,577 [DEBUG]: Centroids: True 
2021-03-30 16:31:25,577 [INFO]: Testing stream modes...
2021-03-30 16:31:25,577 [INFO]: Getting a frame in ClientPull mode...
2021-03-30 16:31:26,577 [ERROR]: Error using ClientPull mode. --> NoFrame
2021-03-30 16:31:26,577 [INFO]: Getting a frame in PreFetch mode...
2021-03-30 16:31:27,578 [ERROR]: Error using ClientPreFetch mode. --> NoFrame
2021-03-30 16:31:27,578 [INFO]: Getting a frame in ServerPush mode...
2021-03-30 16:31:27,578 [DEBUG]: Fetched! Pulled frame number: 2342690
2021-03-30 16:31:27,578 [INFO]: ServerPush mode set.
2021-03-30 16:31:27,578 [INFO]: Getting available framerates...
2021-03-30 16:31:27,578 [INFO]: Current Vicon frame rate: 100.0 Hz.
2021-03-30 16:31:27,578 [INFO]: Available frame rates: 
2021-03-30 16:31:27,579 [INFO]: Process Rate : 100 Hz 

2021-03-30 16:31:27,579 [INFO]: Setting axis...
2021-03-30 16:31:27,579 [INFO]: X Axis: AxisMapping.EForward
2021-03-30 16:31:27,579 [INFO]: Y Axis: AxisMapping.ELeft
2021-03-30 16:31:27,579 [INFO]: Z Axis: AxisMapping.EUp
2021-03-30 16:31:27,579 [INFO]: Initializing drivers...
2021-03-30 16:31:27,579 [INFO]: Drivers initialized.
2021-03-30 16:31:27,579 [INFO]: Connecting to the Crazyflie...
2021-03-30 16:31:27,579 [DEBUG]: Adding callback on port [6] to [<bound method Localization._incoming of <cflib.crazyflie.localization.Localization object at 0x000001D8A1BF2F88>>]
2021-03-30 16:31:27,579 [DEBUG]: Adding callback on port [5] to [<bound method Log._new_packet_cb of <cflib.crazyflie.log.Log object at 0x000001D8A3D7F5C8>>]
2021-03-30 16:31:27,579 [DEBUG]: Adding callback on port [0] to [<bound method Console.incoming of <cflib.crazyflie.console.Console object at 0x000001D8A3D7F688>>]
2021-03-30 16:31:27,579 [DEBUG]: Adding callback on port [2] to [<bound method _ParamUpdater._new_packet_cb of <_ParamUpdater(Thread-2, initial daemon)>>]
2021-03-30 16:31:27,579 [DEBUG]: Adding callback on port [4] to [<bound method Memory._new_packet_cb of <cflib.crazyflie.mem.Memory object at 0x000001D8A3D7F9C8>>]
2021-03-30 16:31:27,580 [DEBUG]: Adding callback on port [13] to [<bound method PlatformService._platform_callback of <cflib.crazyflie.platformservice.PlatformService object at 0x000001D8A3D7FB08>>]
2021-03-30 16:31:27,580 [DEBUG]: Adding callback on port [15] to [<bound method PlatformService._crt_service_callback of <cflib.crazyflie.platformservice.PlatformService object at 0x000001D8A3D7FB08>>]
2021-03-30 16:31:27,580 [INFO]: Crazyflie has the following segments: ['Crazyflie']
2021-03-30 16:31:27,580 [INFO]: Crazyflie has root: Crazyflie
2021-03-30 16:31:27,580 [DEBUG]: ===Checking functions without flying===
2021-03-30 16:31:27,580 [DEBUG]: ===============Offline check done=================
2021-03-30 16:31:27,581 [INFO]: Callback->Connection initialized[radio://0/80/2M]
2021-03-30 16:31:27,586 [INFO]: We are connected[radio://0/80/2M], request connection setup
2021-03-30 16:31:27,587 [INFO]: Callback->Connected to [radio://0/80/2M]
2021-03-30 16:31:27,590 [WARNING]: Error no LogEntry to handle id=1
2021-03-30 16:31:27,598 [WARNING]: Error no LogEntry to handle id=2
2021-03-30 16:31:27,602 [INFO]: Protocol  version: 4
2021-03-30 16:31:27,605 [DEBUG]: Logging reset, continue with TOC download
2021-03-30 16:31:27,606 [DEBUG]: [5]: Using V2 protocol: 1
2021-03-30 16:31:27,606 [DEBUG]: [5]: Start fetching...
2021-03-30 16:31:27,606 [DEBUG]: Adding callback on port [5] to [<bound method TocFetcher._new_packet_cb of <cflib.crazyflie.toc.TocFetcher object at 0x000001D8A3DD00C8>>]
2021-03-30 16:31:27,609 [DEBUG]: [5]: Got TOC CRC, 317 items and crc=0x05C5AF70
2021-03-30 16:31:27,609 [DEBUG]: Requesting index 0 on port 5
2021-03-30 16:31:27,613 [DEBUG]: Added element [0]
2021-03-30 16:31:27,613 [DEBUG]: [5]: More variables, requesting index 1
2021-03-30 16:31:27,613 [DEBUG]: Requesting index 1 on port 5
2021-03-30 16:31:27,617 [DEBUG]: Added element [1]
2021-03-30 16:31:27,617 [DEBUG]: [5]: More variables, requesting index 2
2021-03-30 16:31:27,617 [DEBUG]: Requesting index 2 on port 5
2021-03-30 16:31:27,621 [DEBUG]: Added element [2]
2021-03-30 16:31:27,622 [DEBUG]: [5]: More variables, requesting index 3
2021-03-30 16:31:27,622 [DEBUG]: Requesting index 3 on port 5
2021-03-30 16:31:27,626 [DEBUG]: Added element [3]
2021-03-30 16:31:27,626 [DEBUG]: [5]: More variables, requesting index 4
2021-03-30 16:31:27,626 [DEBUG]: Requesting index 4 on port 5
2021-03-30 16:31:27,630 [DEBUG]: Added element [4]
2021-03-30 16:31:27,630 [DEBUG]: [5]: More variables, requesting index 5
2021-03-30 16:31:27,630 [DEBUG]: Requesting index 5 on port 5
2021-03-30 16:31:27,634 [DEBUG]: Added element [5]
2021-03-30 16:31:27,634 [DEBUG]: [5]: More variables, requesting index 6
2021-03-30 16:31:27,634 [DEBUG]: Requesting index 6 on port 5
2021-03-30 16:31:27,639 [DEBUG]: Added element [6]
2021-03-30 16:31:27,639 [DEBUG]: [5]: More variables, requesting index 7
2021-03-30 16:31:27,639 [DEBUG]: Requesting index 7 on port 5
2021-03-30 16:31:27,644 [DEBUG]: Added element [7]
2021-03-30 16:31:27,644 [DEBUG]: [5]: More variables, requesting index 8
2021-03-30 16:31:27,644 [DEBUG]: Requesting index 8 on port 5
2021-03-30 16:31:27,648 [DEBUG]: Added element [8]
2021-03-30 16:31:27,648 [DEBUG]: [5]: More variables, requesting index 9
2021-03-30 16:31:27,648 [DEBUG]: Requesting index 9 on port 5
2021-03-30 16:31:27,652 [DEBUG]: Added element [9]
2021-03-30 16:31:27,652 [DEBUG]: [5]: More variables, requesting index 10
2021-03-30 16:31:27,652 [DEBUG]: Requesting index 10 on port 5
2021-03-30 16:31:27,656 [DEBUG]: Added element [10]
2021-03-30 16:31:27,656 [DEBUG]: [5]: More variables, requesting index 11
2021-03-30 16:31:27,656 [DEBUG]: Requesting index 11 on port 5
2021-03-30 16:31:27,660 [DEBUG]: Added element [11]
2021-03-30 16:31:27,660 [DEBUG]: [5]: More variables, requesting index 12
2021-03-30 16:31:27,660 [DEBUG]: Requesting index 12 on port 5
2021-03-30 16:31:27,664 [DEBUG]: Added element [12]
2021-03-30 16:31:27,664 [DEBUG]: [5]: More variables, requesting index 13
2021-03-30 16:31:27,665 [DEBUG]: Requesting index 13 on port 5
2021-03-30 16:31:27,669 [DEBUG]: Added element [13]
2021-03-30 16:31:27,669 [DEBUG]: [5]: More variables, requesting index 14
2021-03-30 16:31:27,669 [DEBUG]: Requesting index 14 on port 5
2021-03-30 16:31:27,673 [DEBUG]: Added element [14]
2021-03-30 16:31:27,673 [DEBUG]: [5]: More variables, requesting index 15
2021-03-30 16:31:27,673 [DEBUG]: Requesting index 15 on port 5
2021-03-30 16:31:27,677 [DEBUG]: Added element [15]
2021-03-30 16:31:27,677 [DEBUG]: [5]: More variables, requesting index 16
2021-03-30 16:31:27,677 [DEBUG]: Requesting index 16 on port 5
2021-03-30 16:31:27,682 [DEBUG]: Added element [16]
2021-03-30 16:31:27,682 [DEBUG]: [5]: More variables, requesting index 17
2021-03-30 16:31:27,682 [DEBUG]: Requesting index 17 on port 5
2021-03-30 16:31:27,686 [DEBUG]: Added element [17]
2021-03-30 16:31:27,687 [DEBUG]: [5]: More variables, requesting index 18
2021-03-30 16:31:27,687 [DEBUG]: Requesting index 18 on port 5
2021-03-30 16:31:27,691 [DEBUG]: Added element [18]
2021-03-30 16:31:27,691 [DEBUG]: [5]: More variables, requesting index 19
2021-03-30 16:31:27,691 [DEBUG]: Requesting index 19 on port 5
2021-03-30 16:31:27,695 [DEBUG]: Added element [19]
2021-03-30 16:31:27,695 [DEBUG]: [5]: More variables, requesting index 20
2021-03-30 16:31:27,695 [DEBUG]: Requesting index 20 on port 5
2021-03-30 16:31:27,700 [DEBUG]: Added element [20]
2021-03-30 16:31:27,700 [DEBUG]: [5]: More variables, requesting index 21
2021-03-30 16:31:27,700 [DEBUG]: Requesting index 21 on port 5
2021-03-30 16:31:27,704 [DEBUG]: Added element [21]
2021-03-30 16:31:27,704 [DEBUG]: [5]: More variables, requesting index 22
2021-03-30 16:31:27,704 [DEBUG]: Requesting index 22 on port 5
2021-03-30 16:31:27,717 [DEBUG]: Added element [22]
2021-03-30 16:31:27,718 [DEBUG]: [5]: More variables, requesting index 23
2021-03-30 16:31:27,718 [DEBUG]: Requesting index 23 on port 5
2021-03-30 16:31:27,722 [DEBUG]: Added element [23]
2021-03-30 16:31:27,722 [DEBUG]: [5]: More variables, requesting index 24
2021-03-30 16:31:27,722 [DEBUG]: Requesting index 24 on port 5
2021-03-30 16:31:27,727 [DEBUG]: Added element [24]
2021-03-30 16:31:27,727 [DEBUG]: [5]: More variables, requesting index 25
2021-03-30 16:31:27,727 [DEBUG]: Requesting index 25 on port 5
2021-03-30 16:31:27,731 [DEBUG]: Added element [25]
2021-03-30 16:31:27,731 [DEBUG]: [5]: More variables, requesting index 26
2021-03-30 16:31:27,731 [DEBUG]: Requesting index 26 on port 5
2021-03-30 16:31:27,735 [DEBUG]: Added element [26]
2021-03-30 16:31:27,735 [DEBUG]: [5]: More variables, requesting index 27
2021-03-30 16:31:27,736 [DEBUG]: Requesting index 27 on port 5
2021-03-30 16:31:27,740 [DEBUG]: Added element [27]
2021-03-30 16:31:27,740 [DEBUG]: [5]: More variables, requesting index 28
2021-03-30 16:31:27,740 [DEBUG]: Requesting index 28 on port 5
2021-03-30 16:31:27,743 [DEBUG]: Added element [28]
2021-03-30 16:31:27,743 [DEBUG]: [5]: More variables, requesting index 29
2021-03-30 16:31:27,743 [DEBUG]: Requesting index 29 on port 5
2021-03-30 16:31:27,747 [DEBUG]: Added element [29]
2021-03-30 16:31:27,748 [DEBUG]: [5]: More variables, requesting index 30
2021-03-30 16:31:27,748 [DEBUG]: Requesting index 30 on port 5
2021-03-30 16:31:27,752 [DEBUG]: Added element [30]
2021-03-30 16:31:27,752 [DEBUG]: [5]: More variables, requesting index 31
2021-03-30 16:31:27,752 [DEBUG]: Requesting index 31 on port 5
2021-03-30 16:31:27,756 [DEBUG]: Added element [31]
2021-03-30 16:31:27,756 [DEBUG]: [5]: More variables, requesting index 32
2021-03-30 16:31:27,756 [DEBUG]: Requesting index 32 on port 5
2021-03-30 16:31:27,760 [DEBUG]: Added element [32]
2021-03-30 16:31:27,760 [DEBUG]: [5]: More variables, requesting index 33
2021-03-30 16:31:27,760 [DEBUG]: Requesting index 33 on port 5
2021-03-30 16:31:27,763 [DEBUG]: Added element [33]
2021-03-30 16:31:27,763 [DEBUG]: [5]: More variables, requesting index 34
2021-03-30 16:31:27,763 [DEBUG]: Requesting index 34 on port 5
2021-03-30 16:31:27,768 [DEBUG]: Added element [34]
2021-03-30 16:31:27,768 [DEBUG]: [5]: More variables, requesting index 35
2021-03-30 16:31:27,768 [DEBUG]: Requesting index 35 on port 5
2021-03-30 16:31:27,773 [DEBUG]: Added element [35]
2021-03-30 16:31:27,773 [DEBUG]: [5]: More variables, requesting index 36
2021-03-30 16:31:27,773 [DEBUG]: Requesting index 36 on port 5
2021-03-30 16:31:27,777 [DEBUG]: Added element [36]
2021-03-30 16:31:27,777 [DEBUG]: [5]: More variables, requesting index 37
2021-03-30 16:31:27,777 [DEBUG]: Requesting index 37 on port 5
2021-03-30 16:31:27,781 [DEBUG]: Added element [37]
2021-03-30 16:31:27,781 [DEBUG]: [5]: More variables, requesting index 38
2021-03-30 16:31:27,781 [DEBUG]: Requesting index 38 on port 5
2021-03-30 16:31:27,785 [DEBUG]: Added element [38]
2021-03-30 16:31:27,785 [DEBUG]: [5]: More variables, requesting index 39
2021-03-30 16:31:27,786 [DEBUG]: Requesting index 39 on port 5
2021-03-30 16:31:27,789 [DEBUG]: Added element [39]
2021-03-30 16:31:27,789 [DEBUG]: [5]: More variables, requesting index 40
2021-03-30 16:31:27,790 [DEBUG]: Requesting index 40 on port 5
2021-03-30 16:31:27,793 [DEBUG]: Added element [40]
2021-03-30 16:31:27,794 [DEBUG]: [5]: More variables, requesting index 41
2021-03-30 16:31:27,794 [DEBUG]: Requesting index 41 on port 5
2021-03-30 16:31:27,798 [DEBUG]: Added element [41]
2021-03-30 16:31:27,798 [DEBUG]: [5]: More variables, requesting index 42
2021-03-30 16:31:27,798 [DEBUG]: Requesting index 42 on port 5
2021-03-30 16:31:27,802 [DEBUG]: Added element [42]
2021-03-30 16:31:27,802 [DEBUG]: [5]: More variables, requesting index 43
2021-03-30 16:31:27,802 [DEBUG]: Requesting index 43 on port 5
2021-03-30 16:31:27,806 [DEBUG]: Added element [43]
2021-03-30 16:31:27,806 [DEBUG]: [5]: More variables, requesting index 44
2021-03-30 16:31:27,806 [DEBUG]: Requesting index 44 on port 5
2021-03-30 16:31:27,811 [DEBUG]: Added element [44]
2021-03-30 16:31:27,811 [DEBUG]: [5]: More variables, requesting index 45
2021-03-30 16:31:27,811 [DEBUG]: Requesting index 45 on port 5
2021-03-30 16:31:27,815 [DEBUG]: Added element [45]
2021-03-30 16:31:27,815 [DEBUG]: [5]: More variables, requesting index 46
2021-03-30 16:31:27,815 [DEBUG]: Requesting index 46 on port 5
2021-03-30 16:31:27,820 [DEBUG]: Added element [46]
2021-03-30 16:31:27,820 [DEBUG]: [5]: More variables, requesting index 47
2021-03-30 16:31:27,820 [DEBUG]: Requesting index 47 on port 5
2021-03-30 16:31:27,824 [DEBUG]: Added element [47]
2021-03-30 16:31:27,824 [DEBUG]: [5]: More variables, requesting index 48
2021-03-30 16:31:27,824 [DEBUG]: Requesting index 48 on port 5
2021-03-30 16:31:27,829 [DEBUG]: Added element [48]
2021-03-30 16:31:27,829 [DEBUG]: [5]: More variables, requesting index 49
2021-03-30 16:31:27,829 [DEBUG]: Requesting index 49 on port 5
2021-03-30 16:31:27,843 [DEBUG]: Added element [49]
2021-03-30 16:31:27,843 [DEBUG]: [5]: More variables, requesting index 50
2021-03-30 16:31:27,843 [DEBUG]: Requesting index 50 on port 5
2021-03-30 16:31:27,847 [DEBUG]: Added element [50]
2021-03-30 16:31:27,847 [DEBUG]: [5]: More variables, requesting index 51
2021-03-30 16:31:27,847 [DEBUG]: Requesting index 51 on port 5
2021-03-30 16:31:27,852 [DEBUG]: Added element [51]
2021-03-30 16:31:27,852 [DEBUG]: [5]: More variables, requesting index 52
2021-03-30 16:31:27,852 [DEBUG]: Requesting index 52 on port 5
2021-03-30 16:31:27,856 [DEBUG]: Added element [52]
2021-03-30 16:31:27,856 [DEBUG]: [5]: More variables, requesting index 53
2021-03-30 16:31:27,856 [DEBUG]: Requesting index 53 on port 5
2021-03-30 16:31:27,861 [DEBUG]: Added element [53]
2021-03-30 16:31:27,861 [DEBUG]: [5]: More variables, requesting index 54
2021-03-30 16:31:27,861 [DEBUG]: Requesting index 54 on port 5
2021-03-30 16:31:27,866 [DEBUG]: Added element [54]
2021-03-30 16:31:27,866 [DEBUG]: [5]: More variables, requesting index 55
2021-03-30 16:31:27,866 [DEBUG]: Requesting index 55 on port 5
2021-03-30 16:31:27,870 [DEBUG]: Added element [55]
2021-03-30 16:31:27,870 [DEBUG]: [5]: More variables, requesting index 56
2021-03-30 16:31:27,870 [DEBUG]: Requesting index 56 on port 5
2021-03-30 16:31:27,874 [DEBUG]: Added element [56]
2021-03-30 16:31:27,874 [DEBUG]: [5]: More variables, requesting index 57
2021-03-30 16:31:27,874 [DEBUG]: Requesting index 57 on port 5
2021-03-30 16:31:27,879 [DEBUG]: Added element [57]
2021-03-30 16:31:27,880 [DEBUG]: [5]: More variables, requesting index 58
2021-03-30 16:31:27,880 [DEBUG]: Requesting index 58 on port 5
2021-03-30 16:31:27,884 [DEBUG]: Added element [58]
2021-03-30 16:31:27,884 [DEBUG]: [5]: More variables, requesting index 59
2021-03-30 16:31:27,884 [DEBUG]: Requesting index 59 on port 5
2021-03-30 16:31:27,889 [DEBUG]: Added element [59]
2021-03-30 16:31:27,889 [DEBUG]: [5]: More variables, requesting index 60
2021-03-30 16:31:27,889 [DEBUG]: Requesting index 60 on port 5
2021-03-30 16:31:27,894 [DEBUG]: Added element [60]
2021-03-30 16:31:27,894 [DEBUG]: [5]: More variables, requesting index 61
2021-03-30 16:31:27,894 [DEBUG]: Requesting index 61 on port 5
2021-03-30 16:31:27,898 [DEBUG]: Added element [61]
2021-03-30 16:31:27,898 [DEBUG]: [5]: More variables, requesting index 62
2021-03-30 16:31:27,898 [DEBUG]: Requesting index 62 on port 5
2021-03-30 16:31:27,902 [DEBUG]: Added element [62]
2021-03-30 16:31:27,902 [DEBUG]: [5]: More variables, requesting index 63
2021-03-30 16:31:27,902 [DEBUG]: Requesting index 63 on port 5
2021-03-30 16:31:27,907 [DEBUG]: Added element [63]
2021-03-30 16:31:27,907 [DEBUG]: [5]: More variables, requesting index 64
2021-03-30 16:31:27,907 [DEBUG]: Requesting index 64 on port 5
2021-03-30 16:31:27,911 [DEBUG]: Added element [64]
2021-03-30 16:31:27,911 [DEBUG]: [5]: More variables, requesting index 65
2021-03-30 16:31:27,911 [DEBUG]: Requesting index 65 on port 5
2021-03-30 16:31:27,915 [DEBUG]: Added element [65]
2021-03-30 16:31:27,915 [DEBUG]: [5]: More variables, requesting index 66
2021-03-30 16:31:27,915 [DEBUG]: Requesting index 66 on port 5
2021-03-30 16:31:27,919 [DEBUG]: Added element [66]
2021-03-30 16:31:27,919 [DEBUG]: [5]: More variables, requesting index 67
2021-03-30 16:31:27,919 [DEBUG]: Requesting index 67 on port 5
2021-03-30 16:31:27,923 [DEBUG]: Added element [67]
2021-03-30 16:31:27,924 [DEBUG]: [5]: More variables, requesting index 68
2021-03-30 16:31:27,924 [DEBUG]: Requesting index 68 on port 5
2021-03-30 16:31:27,928 [DEBUG]: Added element [68]
2021-03-30 16:31:27,928 [DEBUG]: [5]: More variables, requesting index 69
2021-03-30 16:31:27,928 [DEBUG]: Requesting index 69 on port 5
2021-03-30 16:31:27,932 [DEBUG]: Added element [69]
2021-03-30 16:31:27,932 [DEBUG]: [5]: More variables, requesting index 70
2021-03-30 16:31:27,932 [DEBUG]: Requesting index 70 on port 5
2021-03-30 16:31:27,937 [DEBUG]: Added element [70]
2021-03-30 16:31:27,937 [DEBUG]: [5]: More variables, requesting index 71
2021-03-30 16:31:27,937 [DEBUG]: Requesting index 71 on port 5
2021-03-30 16:31:27,941 [DEBUG]: Added element [71]
2021-03-30 16:31:27,942 [DEBUG]: [5]: More variables, requesting index 72
2021-03-30 16:31:27,942 [DEBUG]: Requesting index 72 on port 5
2021-03-30 16:31:27,946 [DEBUG]: Added element [72]
2021-03-30 16:31:27,946 [DEBUG]: [5]: More variables, requesting index 73
2021-03-30 16:31:27,946 [DEBUG]: Requesting index 73 on port 5
2021-03-30 16:31:27,949 [DEBUG]: Added element [73]
2021-03-30 16:31:27,949 [DEBUG]: [5]: More variables, requesting index 74
2021-03-30 16:31:27,949 [DEBUG]: Requesting index 74 on port 5
2021-03-30 16:31:27,952 [DEBUG]: Added element [74]
2021-03-30 16:31:27,952 [DEBUG]: [5]: More variables, requesting index 75
2021-03-30 16:31:27,952 [DEBUG]: Requesting index 75 on port 5
2021-03-30 16:31:27,955 [DEBUG]: Added element [75]
2021-03-30 16:31:27,955 [DEBUG]: [5]: More variables, requesting index 76
2021-03-30 16:31:27,955 [DEBUG]: Requesting index 76 on port 5
2021-03-30 16:31:27,969 [DEBUG]: Added element [76]
2021-03-30 16:31:27,969 [DEBUG]: [5]: More variables, requesting index 77
2021-03-30 16:31:27,969 [DEBUG]: Requesting index 77 on port 5
2021-03-30 16:31:27,973 [DEBUG]: Added element [77]
2021-03-30 16:31:27,973 [DEBUG]: [5]: More variables, requesting index 78
2021-03-30 16:31:27,973 [DEBUG]: Requesting index 78 on port 5
2021-03-30 16:31:27,978 [DEBUG]: Added element [78]
2021-03-30 16:31:27,978 [DEBUG]: [5]: More variables, requesting index 79
2021-03-30 16:31:27,978 [DEBUG]: Requesting index 79 on port 5
2021-03-30 16:31:27,983 [DEBUG]: Added element [79]
2021-03-30 16:31:27,983 [DEBUG]: [5]: More variables, requesting index 80
2021-03-30 16:31:27,983 [DEBUG]: Requesting index 80 on port 5
2021-03-30 16:31:27,987 [DEBUG]: Added element [80]
2021-03-30 16:31:27,988 [DEBUG]: [5]: More variables, requesting index 81
2021-03-30 16:31:27,988 [DEBUG]: Requesting index 81 on port 5
2021-03-30 16:31:27,992 [DEBUG]: Added element [81]
2021-03-30 16:31:27,992 [DEBUG]: [5]: More variables, requesting index 82
2021-03-30 16:31:27,992 [DEBUG]: Requesting index 82 on port 5
2021-03-30 16:31:27,995 [DEBUG]: Added element [82]
2021-03-30 16:31:27,995 [DEBUG]: [5]: More variables, requesting index 83
2021-03-30 16:31:27,995 [DEBUG]: Requesting index 83 on port 5
2021-03-30 16:31:27,999 [DEBUG]: Added element [83]
2021-03-30 16:31:27,999 [DEBUG]: [5]: More variables, requesting index 84
2021-03-30 16:31:27,999 [DEBUG]: Requesting index 84 on port 5
2021-03-30 16:31:28,003 [DEBUG]: Added element [84]
2021-03-30 16:31:28,004 [DEBUG]: [5]: More variables, requesting index 85
2021-03-30 16:31:28,004 [DEBUG]: Requesting index 85 on port 5
2021-03-30 16:31:28,008 [DEBUG]: Added element [85]
2021-03-30 16:31:28,008 [DEBUG]: [5]: More variables, requesting index 86
2021-03-30 16:31:28,008 [DEBUG]: Requesting index 86 on port 5
2021-03-30 16:31:28,013 [DEBUG]: Added element [86]
2021-03-30 16:31:28,013 [DEBUG]: [5]: More variables, requesting index 87
2021-03-30 16:31:28,013 [DEBUG]: Requesting index 87 on port 5
2021-03-30 16:31:28,017 [DEBUG]: Added element [87]
2021-03-30 16:31:28,017 [DEBUG]: [5]: More variables, requesting index 88
2021-03-30 16:31:28,017 [DEBUG]: Requesting index 88 on port 5
2021-03-30 16:31:28,021 [DEBUG]: Added element [88]
2021-03-30 16:31:28,021 [DEBUG]: [5]: More variables, requesting index 89
2021-03-30 16:31:28,021 [DEBUG]: Requesting index 89 on port 5
2021-03-30 16:31:28,025 [DEBUG]: Added element [89]
2021-03-30 16:31:28,025 [DEBUG]: [5]: More variables, requesting index 90
2021-03-30 16:31:28,025 [DEBUG]: Requesting index 90 on port 5
2021-03-30 16:31:28,029 [DEBUG]: Added element [90]
2021-03-30 16:31:28,029 [DEBUG]: [5]: More variables, requesting index 91
2021-03-30 16:31:28,029 [DEBUG]: Requesting index 91 on port 5
2021-03-30 16:31:28,034 [DEBUG]: Added element [91]
2021-03-30 16:31:28,034 [DEBUG]: [5]: More variables, requesting index 92
2021-03-30 16:31:28,034 [DEBUG]: Requesting index 92 on port 5
2021-03-30 16:31:28,038 [DEBUG]: Added element [92]
2021-03-30 16:31:28,038 [DEBUG]: [5]: More variables, requesting index 93
2021-03-30 16:31:28,038 [DEBUG]: Requesting index 93 on port 5
2021-03-30 16:31:28,043 [DEBUG]: Added element [93]
2021-03-30 16:31:28,043 [DEBUG]: [5]: More variables, requesting index 94
2021-03-30 16:31:28,043 [DEBUG]: Requesting index 94 on port 5
2021-03-30 16:31:28,047 [DEBUG]: Added element [94]
2021-03-30 16:31:28,047 [DEBUG]: [5]: More variables, requesting index 95
2021-03-30 16:31:28,047 [DEBUG]: Requesting index 95 on port 5
2021-03-30 16:31:28,052 [DEBUG]: Added element [95]
2021-03-30 16:31:28,052 [DEBUG]: [5]: More variables, requesting index 96
2021-03-30 16:31:28,052 [DEBUG]: Requesting index 96 on port 5
2021-03-30 16:31:28,056 [DEBUG]: Added element [96]
2021-03-30 16:31:28,056 [DEBUG]: [5]: More variables, requesting index 97
2021-03-30 16:31:28,056 [DEBUG]: Requesting index 97 on port 5
2021-03-30 16:31:28,061 [DEBUG]: Added element [97]
2021-03-30 16:31:28,061 [DEBUG]: [5]: More variables, requesting index 98
2021-03-30 16:31:28,061 [DEBUG]: Requesting index 98 on port 5
2021-03-30 16:31:28,065 [DEBUG]: Added element [98]
2021-03-30 16:31:28,065 [DEBUG]: [5]: More variables, requesting index 99
2021-03-30 16:31:28,065 [DEBUG]: Requesting index 99 on port 5
2021-03-30 16:31:28,070 [DEBUG]: Added element [99]
2021-03-30 16:31:28,070 [DEBUG]: [5]: More variables, requesting index 100
2021-03-30 16:31:28,070 [DEBUG]: Requesting index 100 on port 5
2021-03-30 16:31:28,074 [DEBUG]: Added element [100]
2021-03-30 16:31:28,074 [DEBUG]: [5]: More variables, requesting index 101
2021-03-30 16:31:28,074 [DEBUG]: Requesting index 101 on port 5
2021-03-30 16:31:28,077 [DEBUG]: Added element [101]
2021-03-30 16:31:28,077 [DEBUG]: [5]: More variables, requesting index 102
2021-03-30 16:31:28,077 [DEBUG]: Requesting index 102 on port 5
2021-03-30 16:31:28,081 [DEBUG]: Added element [102]
2021-03-30 16:31:28,081 [DEBUG]: [5]: More variables, requesting index 103
2021-03-30 16:31:28,082 [DEBUG]: Requesting index 103 on port 5
2021-03-30 16:31:28,086 [DEBUG]: Added element [103]
2021-03-30 16:31:28,086 [DEBUG]: [5]: More variables, requesting index 104
2021-03-30 16:31:28,086 [DEBUG]: Requesting index 104 on port 5
2021-03-30 16:31:28,091 [DEBUG]: Added element [104]
2021-03-30 16:31:28,092 [DEBUG]: [5]: More variables, requesting index 105
2021-03-30 16:31:28,092 [DEBUG]: Requesting index 105 on port 5
2021-03-30 16:31:28,105 [DEBUG]: Added element [105]
2021-03-30 16:31:28,105 [DEBUG]: [5]: More variables, requesting index 106
2021-03-30 16:31:28,105 [DEBUG]: Requesting index 106 on port 5
2021-03-30 16:31:28,110 [DEBUG]: Added element [106]
2021-03-30 16:31:28,110 [DEBUG]: [5]: More variables, requesting index 107
2021-03-30 16:31:28,110 [DEBUG]: Requesting index 107 on port 5
2021-03-30 16:31:28,114 [DEBUG]: Added element [107]
2021-03-30 16:31:28,114 [DEBUG]: [5]: More variables, requesting index 108
2021-03-30 16:31:28,114 [DEBUG]: Requesting index 108 on port 5
2021-03-30 16:31:28,119 [DEBUG]: Added element [108]
2021-03-30 16:31:28,119 [DEBUG]: [5]: More variables, requesting index 109
2021-03-30 16:31:28,119 [DEBUG]: Requesting index 109 on port 5
2021-03-30 16:31:28,123 [DEBUG]: Added element [109]
2021-03-30 16:31:28,123 [DEBUG]: [5]: More variables, requesting index 110
2021-03-30 16:31:28,124 [DEBUG]: Requesting index 110 on port 5
2021-03-30 16:31:28,128 [DEBUG]: Added element [110]
2021-03-30 16:31:28,128 [DEBUG]: [5]: More variables, requesting index 111
2021-03-30 16:31:28,128 [DEBUG]: Requesting index 111 on port 5
2021-03-30 16:31:28,132 [DEBUG]: Added element [111]
2021-03-30 16:31:28,132 [DEBUG]: [5]: More variables, requesting index 112
2021-03-30 16:31:28,132 [DEBUG]: Requesting index 112 on port 5
2021-03-30 16:31:28,137 [DEBUG]: Added element [112]
2021-03-30 16:31:28,137 [DEBUG]: [5]: More variables, requesting index 113
2021-03-30 16:31:28,137 [DEBUG]: Requesting index 113 on port 5
2021-03-30 16:31:28,142 [DEBUG]: Added element [113]
2021-03-30 16:31:28,142 [DEBUG]: [5]: More variables, requesting index 114
2021-03-30 16:31:28,142 [DEBUG]: Requesting index 114 on port 5
2021-03-30 16:31:28,146 [DEBUG]: Added element [114]
2021-03-30 16:31:28,146 [DEBUG]: [5]: More variables, requesting index 115
2021-03-30 16:31:28,146 [DEBUG]: Requesting index 115 on port 5
2021-03-30 16:31:28,150 [DEBUG]: Added element [115]
2021-03-30 16:31:28,150 [DEBUG]: [5]: More variables, requesting index 116
2021-03-30 16:31:28,150 [DEBUG]: Requesting index 116 on port 5
2021-03-30 16:31:28,154 [DEBUG]: Added element [116]
2021-03-30 16:31:28,154 [DEBUG]: [5]: More variables, requesting index 117
2021-03-30 16:31:28,154 [DEBUG]: Requesting index 117 on port 5
2021-03-30 16:31:28,158 [DEBUG]: Added element [117]
2021-03-30 16:31:28,158 [DEBUG]: [5]: More variables, requesting index 118
2021-03-30 16:31:28,158 [DEBUG]: Requesting index 118 on port 5
2021-03-30 16:31:28,162 [DEBUG]: Added element [118]
2021-03-30 16:31:28,162 [DEBUG]: [5]: More variables, requesting index 119
2021-03-30 16:31:28,162 [DEBUG]: Requesting index 119 on port 5
2021-03-30 16:31:28,166 [DEBUG]: Added element [119]
2021-03-30 16:31:28,167 [DEBUG]: [5]: More variables, requesting index 120
2021-03-30 16:31:28,167 [DEBUG]: Requesting index 120 on port 5
2021-03-30 16:31:28,171 [DEBUG]: Added element [120]
2021-03-30 16:31:28,171 [DEBUG]: [5]: More variables, requesting index 121
2021-03-30 16:31:28,171 [DEBUG]: Requesting index 121 on port 5
2021-03-30 16:31:28,175 [DEBUG]: Added element [121]
2021-03-30 16:31:28,175 [DEBUG]: [5]: More variables, requesting index 122
2021-03-30 16:31:28,175 [DEBUG]: Requesting index 122 on port 5
2021-03-30 16:31:28,180 [DEBUG]: Added element [122]
2021-03-30 16:31:28,180 [DEBUG]: [5]: More variables, requesting index 123
2021-03-30 16:31:28,180 [DEBUG]: Requesting index 123 on port 5
2021-03-30 16:31:28,184 [DEBUG]: Added element [123]
2021-03-30 16:31:28,184 [DEBUG]: [5]: More variables, requesting index 124
2021-03-30 16:31:28,184 [DEBUG]: Requesting index 124 on port 5
2021-03-30 16:31:28,188 [DEBUG]: Added element [124]
2021-03-30 16:31:28,188 [DEBUG]: [5]: More variables, requesting index 125
2021-03-30 16:31:28,188 [DEBUG]: Requesting index 125 on port 5
2021-03-30 16:31:28,192 [DEBUG]: Added element [125]
2021-03-30 16:31:28,193 [DEBUG]: [5]: More variables, requesting index 126
2021-03-30 16:31:28,193 [DEBUG]: Requesting index 126 on port 5
2021-03-30 16:31:28,197 [DEBUG]: Added element [126]
2021-03-30 16:31:28,197 [DEBUG]: [5]: More variables, requesting index 127
2021-03-30 16:31:28,197 [DEBUG]: Requesting index 127 on port 5
2021-03-30 16:31:28,201 [DEBUG]: Added element [127]
2021-03-30 16:31:28,201 [DEBUG]: [5]: More variables, requesting index 128
2021-03-30 16:31:28,201 [DEBUG]: Requesting index 128 on port 5
2021-03-30 16:31:28,205 [DEBUG]: Added element [128]
2021-03-30 16:31:28,205 [DEBUG]: [5]: More variables, requesting index 129
2021-03-30 16:31:28,205 [DEBUG]: Requesting index 129 on port 5
2021-03-30 16:31:28,210 [DEBUG]: Added element [129]
2021-03-30 16:31:28,210 [DEBUG]: [5]: More variables, requesting index 130
2021-03-30 16:31:28,210 [DEBUG]: Requesting index 130 on port 5
2021-03-30 16:31:28,214 [DEBUG]: Added element [130]
2021-03-30 16:31:28,214 [DEBUG]: [5]: More variables, requesting index 131
2021-03-30 16:31:28,214 [DEBUG]: Requesting index 131 on port 5
2021-03-30 16:31:28,219 [DEBUG]: Added element [131]
2021-03-30 16:31:28,219 [DEBUG]: [5]: More variables, requesting index 132
2021-03-30 16:31:28,219 [DEBUG]: Requesting index 132 on port 5
2021-03-30 16:31:28,232 [DEBUG]: Added element [132]
2021-03-30 16:31:28,232 [DEBUG]: [5]: More variables, requesting index 133
2021-03-30 16:31:28,232 [DEBUG]: Requesting index 133 on port 5
2021-03-30 16:31:28,237 [DEBUG]: Added element [133]
2021-03-30 16:31:28,237 [DEBUG]: [5]: More variables, requesting index 134
2021-03-30 16:31:28,237 [DEBUG]: Requesting index 134 on port 5
2021-03-30 16:31:28,242 [DEBUG]: Added element [134]
2021-03-30 16:31:28,242 [DEBUG]: [5]: More variables, requesting index 135
2021-03-30 16:31:28,242 [DEBUG]: Requesting index 135 on port 5
2021-03-30 16:31:28,247 [DEBUG]: Added element [135]
2021-03-30 16:31:28,247 [DEBUG]: [5]: More variables, requesting index 136
2021-03-30 16:31:28,247 [DEBUG]: Requesting index 136 on port 5
2021-03-30 16:31:28,251 [DEBUG]: Added element [136]
2021-03-30 16:31:28,251 [DEBUG]: [5]: More variables, requesting index 137
2021-03-30 16:31:28,251 [DEBUG]: Requesting index 137 on port 5
2021-03-30 16:31:28,255 [DEBUG]: Added element [137]
2021-03-30 16:31:28,255 [DEBUG]: [5]: More variables, requesting index 138
2021-03-30 16:31:28,255 [DEBUG]: Requesting index 138 on port 5
2021-03-30 16:31:28,259 [DEBUG]: Added element [138]
2021-03-30 16:31:28,259 [DEBUG]: [5]: More variables, requesting index 139
2021-03-30 16:31:28,259 [DEBUG]: Requesting index 139 on port 5
2021-03-30 16:31:28,263 [DEBUG]: Added element [139]
2021-03-30 16:31:28,264 [DEBUG]: [5]: More variables, requesting index 140
2021-03-30 16:31:28,264 [DEBUG]: Requesting index 140 on port 5
2021-03-30 16:31:28,268 [DEBUG]: Added element [140]
2021-03-30 16:31:28,268 [DEBUG]: [5]: More variables, requesting index 141
2021-03-30 16:31:28,268 [DEBUG]: Requesting index 141 on port 5
2021-03-30 16:31:28,272 [DEBUG]: Added element [141]
2021-03-30 16:31:28,272 [DEBUG]: [5]: More variables, requesting index 142
2021-03-30 16:31:28,272 [DEBUG]: Requesting index 142 on port 5
2021-03-30 16:31:28,276 [DEBUG]: Added element [142]
2021-03-30 16:31:28,277 [DEBUG]: [5]: More variables, requesting index 143
2021-03-30 16:31:28,277 [DEBUG]: Requesting index 143 on port 5
2021-03-30 16:31:28,282 [DEBUG]: Added element [143]
2021-03-30 16:31:28,282 [DEBUG]: [5]: More variables, requesting index 144
2021-03-30 16:31:28,282 [DEBUG]: Requesting index 144 on port 5
2021-03-30 16:31:28,287 [DEBUG]: Added element [144]
2021-03-30 16:31:28,287 [DEBUG]: [5]: More variables, requesting index 145
2021-03-30 16:31:28,287 [DEBUG]: Requesting index 145 on port 5
2021-03-30 16:31:28,291 [DEBUG]: Added element [145]
2021-03-30 16:31:28,291 [DEBUG]: [5]: More variables, requesting index 146
2021-03-30 16:31:28,291 [DEBUG]: Requesting index 146 on port 5
2021-03-30 16:31:28,295 [DEBUG]: Added element [146]
2021-03-30 16:31:28,295 [DEBUG]: [5]: More variables, requesting index 147
2021-03-30 16:31:28,296 [DEBUG]: Requesting index 147 on port 5
2021-03-30 16:31:28,300 [DEBUG]: Added element [147]
2021-03-30 16:31:28,300 [DEBUG]: [5]: More variables, requesting index 148
2021-03-30 16:31:28,300 [DEBUG]: Requesting index 148 on port 5
2021-03-30 16:31:28,304 [DEBUG]: Added element [148]
2021-03-30 16:31:28,304 [DEBUG]: [5]: More variables, requesting index 149
2021-03-30 16:31:28,305 [DEBUG]: Requesting index 149 on port 5
2021-03-30 16:31:28,309 [DEBUG]: Added element [149]
2021-03-30 16:31:28,309 [DEBUG]: [5]: More variables, requesting index 150
2021-03-30 16:31:28,309 [DEBUG]: Requesting index 150 on port 5
2021-03-30 16:31:28,313 [DEBUG]: Added element [150]
2021-03-30 16:31:28,313 [DEBUG]: [5]: More variables, requesting index 151
2021-03-30 16:31:28,314 [DEBUG]: Requesting index 151 on port 5
2021-03-30 16:31:28,319 [DEBUG]: Added element [151]
2021-03-30 16:31:28,319 [DEBUG]: [5]: More variables, requesting index 152
2021-03-30 16:31:28,319 [DEBUG]: Requesting index 152 on port 5
2021-03-30 16:31:28,323 [DEBUG]: Added element [152]
2021-03-30 16:31:28,323 [DEBUG]: [5]: More variables, requesting index 153
2021-03-30 16:31:28,323 [DEBUG]: Requesting index 153 on port 5
2021-03-30 16:31:28,327 [DEBUG]: Added element [153]
2021-03-30 16:31:28,327 [DEBUG]: [5]: More variables, requesting index 154
2021-03-30 16:31:28,328 [DEBUG]: Requesting index 154 on port 5
2021-03-30 16:31:28,332 [DEBUG]: Added element [154]
2021-03-30 16:31:28,332 [DEBUG]: [5]: More variables, requesting index 155
2021-03-30 16:31:28,333 [DEBUG]: Requesting index 155 on port 5
2021-03-30 16:31:28,336 [DEBUG]: Added element [155]
2021-03-30 16:31:28,337 [DEBUG]: [5]: More variables, requesting index 156
2021-03-30 16:31:28,337 [DEBUG]: Requesting index 156 on port 5
2021-03-30 16:31:28,341 [DEBUG]: Added element [156]
2021-03-30 16:31:28,341 [DEBUG]: [5]: More variables, requesting index 157
2021-03-30 16:31:28,341 [DEBUG]: Requesting index 157 on port 5
2021-03-30 16:31:28,345 [DEBUG]: Added element [157]
2021-03-30 16:31:28,345 [DEBUG]: [5]: More variables, requesting index 158
2021-03-30 16:31:28,345 [DEBUG]: Requesting index 158 on port 5
2021-03-30 16:31:28,349 [DEBUG]: Added element [158]
2021-03-30 16:31:28,349 [DEBUG]: [5]: More variables, requesting index 159
2021-03-30 16:31:28,349 [DEBUG]: Requesting index 159 on port 5
2021-03-30 16:31:28,361 [DEBUG]: Added element [159]
2021-03-30 16:31:28,361 [DEBUG]: [5]: More variables, requesting index 160
2021-03-30 16:31:28,361 [DEBUG]: Requesting index 160 on port 5
2021-03-30 16:31:28,365 [DEBUG]: Added element [160]
2021-03-30 16:31:28,365 [DEBUG]: [5]: More variables, requesting index 161
2021-03-30 16:31:28,365 [DEBUG]: Requesting index 161 on port 5
2021-03-30 16:31:28,369 [DEBUG]: Added element [161]
2021-03-30 16:31:28,369 [DEBUG]: [5]: More variables, requesting index 162
2021-03-30 16:31:28,369 [DEBUG]: Requesting index 162 on port 5
2021-03-30 16:31:28,373 [DEBUG]: Added element [162]
2021-03-30 16:31:28,373 [DEBUG]: [5]: More variables, requesting index 163
2021-03-30 16:31:28,373 [DEBUG]: Requesting index 163 on port 5
2021-03-30 16:31:28,377 [DEBUG]: Added element [163]
2021-03-30 16:31:28,377 [DEBUG]: [5]: More variables, requesting index 164
2021-03-30 16:31:28,377 [DEBUG]: Requesting index 164 on port 5
2021-03-30 16:31:28,381 [DEBUG]: Added element [164]
2021-03-30 16:31:28,381 [DEBUG]: [5]: More variables, requesting index 165
2021-03-30 16:31:28,381 [DEBUG]: Requesting index 165 on port 5
2021-03-30 16:31:28,385 [DEBUG]: Added element [165]
2021-03-30 16:31:28,385 [DEBUG]: [5]: More variables, requesting index 166
2021-03-30 16:31:28,385 [DEBUG]: Requesting index 166 on port 5
2021-03-30 16:31:28,389 [DEBUG]: Added element [166]
2021-03-30 16:31:28,390 [DEBUG]: [5]: More variables, requesting index 167
2021-03-30 16:31:28,390 [DEBUG]: Requesting index 167 on port 5
2021-03-30 16:31:28,393 [DEBUG]: Added element [167]
2021-03-30 16:31:28,393 [DEBUG]: [5]: More variables, requesting index 168
2021-03-30 16:31:28,394 [DEBUG]: Requesting index 168 on port 5
2021-03-30 16:31:28,398 [DEBUG]: Added element [168]
2021-03-30 16:31:28,398 [DEBUG]: [5]: More variables, requesting index 169
2021-03-30 16:31:28,398 [DEBUG]: Requesting index 169 on port 5
2021-03-30 16:31:28,402 [DEBUG]: Added element [169]
2021-03-30 16:31:28,402 [DEBUG]: [5]: More variables, requesting index 170
2021-03-30 16:31:28,402 [DEBUG]: Requesting index 170 on port 5
2021-03-30 16:31:28,406 [DEBUG]: Added element [170]
2021-03-30 16:31:28,406 [DEBUG]: [5]: More variables, requesting index 171
2021-03-30 16:31:28,406 [DEBUG]: Requesting index 171 on port 5
2021-03-30 16:31:28,411 [DEBUG]: Added element [171]
2021-03-30 16:31:28,411 [DEBUG]: [5]: More variables, requesting index 172
2021-03-30 16:31:28,411 [DEBUG]: Requesting index 172 on port 5
2021-03-30 16:31:28,415 [DEBUG]: Added element [172]
2021-03-30 16:31:28,415 [DEBUG]: [5]: More variables, requesting index 173
2021-03-30 16:31:28,415 [DEBUG]: Requesting index 173 on port 5
2021-03-30 16:31:28,419 [DEBUG]: Added element [173]
2021-03-30 16:31:28,419 [DEBUG]: [5]: More variables, requesting index 174
2021-03-30 16:31:28,419 [DEBUG]: Requesting index 174 on port 5
2021-03-30 16:31:28,423 [DEBUG]: Added element [174]
2021-03-30 16:31:28,423 [DEBUG]: [5]: More variables, requesting index 175
2021-03-30 16:31:28,423 [DEBUG]: Requesting index 175 on port 5
2021-03-30 16:31:28,427 [DEBUG]: Added element [175]
2021-03-30 16:31:28,427 [DEBUG]: [5]: More variables, requesting index 176
2021-03-30 16:31:28,427 [DEBUG]: Requesting index 176 on port 5
2021-03-30 16:31:28,432 [DEBUG]: Added element [176]
2021-03-30 16:31:28,432 [DEBUG]: [5]: More variables, requesting index 177
2021-03-30 16:31:28,432 [DEBUG]: Requesting index 177 on port 5
2021-03-30 16:31:28,437 [DEBUG]: Added element [177]
2021-03-30 16:31:28,437 [DEBUG]: [5]: More variables, requesting index 178
2021-03-30 16:31:28,437 [DEBUG]: Requesting index 178 on port 5
2021-03-30 16:31:28,441 [DEBUG]: Added element [178]
2021-03-30 16:31:28,441 [DEBUG]: [5]: More variables, requesting index 179
2021-03-30 16:31:28,441 [DEBUG]: Requesting index 179 on port 5
2021-03-30 16:31:28,445 [DEBUG]: Added element [179]
2021-03-30 16:31:28,445 [DEBUG]: [5]: More variables, requesting index 180
2021-03-30 16:31:28,445 [DEBUG]: Requesting index 180 on port 5
2021-03-30 16:31:28,449 [DEBUG]: Added element [180]
2021-03-30 16:31:28,449 [DEBUG]: [5]: More variables, requesting index 181
2021-03-30 16:31:28,449 [DEBUG]: Requesting index 181 on port 5
2021-03-30 16:31:28,453 [DEBUG]: Added element [181]
2021-03-30 16:31:28,453 [DEBUG]: [5]: More variables, requesting index 182
2021-03-30 16:31:28,453 [DEBUG]: Requesting index 182 on port 5
2021-03-30 16:31:28,457 [DEBUG]: Added element [182]
2021-03-30 16:31:28,457 [DEBUG]: [5]: More variables, requesting index 183
2021-03-30 16:31:28,458 [DEBUG]: Requesting index 183 on port 5
2021-03-30 16:31:28,461 [DEBUG]: Added element [183]
2021-03-30 16:31:28,461 [DEBUG]: [5]: More variables, requesting index 184
2021-03-30 16:31:28,462 [DEBUG]: Requesting index 184 on port 5
2021-03-30 16:31:28,465 [DEBUG]: Added element [184]
2021-03-30 16:31:28,466 [DEBUG]: [5]: More variables, requesting index 185
2021-03-30 16:31:28,466 [DEBUG]: Requesting index 185 on port 5
2021-03-30 16:31:28,470 [DEBUG]: Added element [185]
2021-03-30 16:31:28,470 [DEBUG]: [5]: More variables, requesting index 186
2021-03-30 16:31:28,470 [DEBUG]: Requesting index 186 on port 5
2021-03-30 16:31:28,474 [DEBUG]: Added element [186]
2021-03-30 16:31:28,474 [DEBUG]: [5]: More variables, requesting index 187
2021-03-30 16:31:28,474 [DEBUG]: Requesting index 187 on port 5
2021-03-30 16:31:28,487 [DEBUG]: Added element [187]
2021-03-30 16:31:28,487 [DEBUG]: [5]: More variables, requesting index 188
2021-03-30 16:31:28,487 [DEBUG]: Requesting index 188 on port 5
2021-03-30 16:31:28,490 [DEBUG]: Added element [188]
2021-03-30 16:31:28,490 [DEBUG]: [5]: More variables, requesting index 189
2021-03-30 16:31:28,490 [DEBUG]: Requesting index 189 on port 5
2021-03-30 16:31:28,494 [DEBUG]: Added element [189]
2021-03-30 16:31:28,494 [DEBUG]: [5]: More variables, requesting index 190
2021-03-30 16:31:28,494 [DEBUG]: Requesting index 190 on port 5
2021-03-30 16:31:28,499 [DEBUG]: Added element [190]
2021-03-30 16:31:28,499 [DEBUG]: [5]: More variables, requesting index 191
2021-03-30 16:31:28,499 [DEBUG]: Requesting index 191 on port 5
2021-03-30 16:31:28,503 [DEBUG]: Added element [191]
2021-03-30 16:31:28,503 [DEBUG]: [5]: More variables, requesting index 192
2021-03-30 16:31:28,503 [DEBUG]: Requesting index 192 on port 5
2021-03-30 16:31:28,507 [DEBUG]: Added element [192]
2021-03-30 16:31:28,507 [DEBUG]: [5]: More variables, requesting index 193
2021-03-30 16:31:28,507 [DEBUG]: Requesting index 193 on port 5
2021-03-30 16:31:28,511 [DEBUG]: Added element [193]
2021-03-30 16:31:28,511 [DEBUG]: [5]: More variables, requesting index 194
2021-03-30 16:31:28,511 [DEBUG]: Requesting index 194 on port 5
2021-03-30 16:31:28,515 [DEBUG]: Added element [194]
2021-03-30 16:31:28,515 [DEBUG]: [5]: More variables, requesting index 195
2021-03-30 16:31:28,515 [DEBUG]: Requesting index 195 on port 5
2021-03-30 16:31:28,519 [DEBUG]: Added element [195]
2021-03-30 16:31:28,519 [DEBUG]: [5]: More variables, requesting index 196
2021-03-30 16:31:28,519 [DEBUG]: Requesting index 196 on port 5
2021-03-30 16:31:28,523 [DEBUG]: Added element [196]
2021-03-30 16:31:28,523 [DEBUG]: [5]: More variables, requesting index 197
2021-03-30 16:31:28,523 [DEBUG]: Requesting index 197 on port 5
2021-03-30 16:31:28,527 [DEBUG]: Added element [197]
2021-03-30 16:31:28,527 [DEBUG]: [5]: More variables, requesting index 198
2021-03-30 16:31:28,528 [DEBUG]: Requesting index 198 on port 5
2021-03-30 16:31:28,531 [DEBUG]: Added element [198]
2021-03-30 16:31:28,532 [DEBUG]: [5]: More variables, requesting index 199
2021-03-30 16:31:28,532 [DEBUG]: Requesting index 199 on port 5
2021-03-30 16:31:28,536 [DEBUG]: Added element [199]
2021-03-30 16:31:28,536 [DEBUG]: [5]: More variables, requesting index 200
2021-03-30 16:31:28,536 [DEBUG]: Requesting index 200 on port 5
2021-03-30 16:31:28,541 [DEBUG]: Added element [200]
2021-03-30 16:31:28,541 [DEBUG]: [5]: More variables, requesting index 201
2021-03-30 16:31:28,541 [DEBUG]: Requesting index 201 on port 5
2021-03-30 16:31:28,545 [DEBUG]: Added element [201]
2021-03-30 16:31:28,545 [DEBUG]: [5]: More variables, requesting index 202
2021-03-30 16:31:28,545 [DEBUG]: Requesting index 202 on port 5
2021-03-30 16:31:28,549 [DEBUG]: Added element [202]
2021-03-30 16:31:28,549 [DEBUG]: [5]: More variables, requesting index 203
2021-03-30 16:31:28,549 [DEBUG]: Requesting index 203 on port 5
2021-03-30 16:31:28,553 [DEBUG]: Added element [203]
2021-03-30 16:31:28,553 [DEBUG]: [5]: More variables, requesting index 204
2021-03-30 16:31:28,553 [DEBUG]: Requesting index 204 on port 5
2021-03-30 16:31:28,557 [DEBUG]: Added element [204]
2021-03-30 16:31:28,557 [DEBUG]: [5]: More variables, requesting index 205
2021-03-30 16:31:28,557 [DEBUG]: Requesting index 205 on port 5
2021-03-30 16:31:28,561 [DEBUG]: Added element [205]
2021-03-30 16:31:28,561 [DEBUG]: [5]: More variables, requesting index 206
2021-03-30 16:31:28,561 [DEBUG]: Requesting index 206 on port 5
2021-03-30 16:31:28,565 [DEBUG]: Added element [206]
2021-03-30 16:31:28,565 [DEBUG]: [5]: More variables, requesting index 207
2021-03-30 16:31:28,565 [DEBUG]: Requesting index 207 on port 5
2021-03-30 16:31:28,569 [DEBUG]: Added element [207]
2021-03-30 16:31:28,569 [DEBUG]: [5]: More variables, requesting index 208
2021-03-30 16:31:28,569 [DEBUG]: Requesting index 208 on port 5
2021-03-30 16:31:28,573 [DEBUG]: Added element [208]
2021-03-30 16:31:28,573 [DEBUG]: [5]: More variables, requesting index 209
2021-03-30 16:31:28,573 [DEBUG]: Requesting index 209 on port 5
2021-03-30 16:31:28,577 [DEBUG]: Added element [209]
2021-03-30 16:31:28,577 [DEBUG]: [5]: More variables, requesting index 210
2021-03-30 16:31:28,577 [DEBUG]: Requesting index 210 on port 5
2021-03-30 16:31:28,581 [DEBUG]: Added element [210]
2021-03-30 16:31:28,581 [DEBUG]: [5]: More variables, requesting index 211
2021-03-30 16:31:28,581 [DEBUG]: Requesting index 211 on port 5
2021-03-30 16:31:28,585 [DEBUG]: Added element [211]
2021-03-30 16:31:28,585 [DEBUG]: [5]: More variables, requesting index 212
2021-03-30 16:31:28,585 [DEBUG]: Requesting index 212 on port 5
2021-03-30 16:31:28,589 [DEBUG]: Added element [212]
2021-03-30 16:31:28,589 [DEBUG]: [5]: More variables, requesting index 213
2021-03-30 16:31:28,589 [DEBUG]: Requesting index 213 on port 5
2021-03-30 16:31:28,593 [DEBUG]: Added element [213]
2021-03-30 16:31:28,593 [DEBUG]: [5]: More variables, requesting index 214
2021-03-30 16:31:28,593 [DEBUG]: Requesting index 214 on port 5
2021-03-30 16:31:28,597 [DEBUG]: Added element [214]
2021-03-30 16:31:28,597 [DEBUG]: [5]: More variables, requesting index 215
2021-03-30 16:31:28,597 [DEBUG]: Requesting index 215 on port 5
2021-03-30 16:31:28,601 [DEBUG]: Added element [215]
2021-03-30 16:31:28,601 [DEBUG]: [5]: More variables, requesting index 216
2021-03-30 16:31:28,601 [DEBUG]: Requesting index 216 on port 5
2021-03-30 16:31:28,605 [DEBUG]: Added element [216]
2021-03-30 16:31:28,605 [DEBUG]: [5]: More variables, requesting index 217
2021-03-30 16:31:28,605 [DEBUG]: Requesting index 217 on port 5
2021-03-30 16:31:28,619 [DEBUG]: Added element [217]
2021-03-30 16:31:28,619 [DEBUG]: [5]: More variables, requesting index 218
2021-03-30 16:31:28,619 [DEBUG]: Requesting index 218 on port 5
2021-03-30 16:31:28,623 [DEBUG]: Added element [218]
2021-03-30 16:31:28,623 [DEBUG]: [5]: More variables, requesting index 219
2021-03-30 16:31:28,623 [DEBUG]: Requesting index 219 on port 5
2021-03-30 16:31:28,628 [DEBUG]: Added element [219]
2021-03-30 16:31:28,628 [DEBUG]: [5]: More variables, requesting index 220
2021-03-30 16:31:28,628 [DEBUG]: Requesting index 220 on port 5
2021-03-30 16:31:28,632 [DEBUG]: Added element [220]
2021-03-30 16:31:28,632 [DEBUG]: [5]: More variables, requesting index 221
2021-03-30 16:31:28,632 [DEBUG]: Requesting index 221 on port 5
2021-03-30 16:31:28,637 [DEBUG]: Added element [221]
2021-03-30 16:31:28,637 [DEBUG]: [5]: More variables, requesting index 222
2021-03-30 16:31:28,637 [DEBUG]: Requesting index 222 on port 5
2021-03-30 16:31:28,642 [DEBUG]: Added element [222]
2021-03-30 16:31:28,642 [DEBUG]: [5]: More variables, requesting index 223
2021-03-30 16:31:28,642 [DEBUG]: Requesting index 223 on port 5
2021-03-30 16:31:28,645 [DEBUG]: Added element [223]
2021-03-30 16:31:28,646 [DEBUG]: [5]: More variables, requesting index 224
2021-03-30 16:31:28,646 [DEBUG]: Requesting index 224 on port 5
2021-03-30 16:31:28,650 [DEBUG]: Added element [224]
2021-03-30 16:31:28,650 [DEBUG]: [5]: More variables, requesting index 225
2021-03-30 16:31:28,650 [DEBUG]: Requesting index 225 on port 5
2021-03-30 16:31:28,654 [DEBUG]: Added element [225]
2021-03-30 16:31:28,654 [DEBUG]: [5]: More variables, requesting index 226
2021-03-30 16:31:28,654 [DEBUG]: Requesting index 226 on port 5
2021-03-30 16:31:28,658 [DEBUG]: Added element [226]
2021-03-30 16:31:28,658 [DEBUG]: [5]: More variables, requesting index 227
2021-03-30 16:31:28,658 [DEBUG]: Requesting index 227 on port 5
2021-03-30 16:31:28,662 [DEBUG]: Added element [227]
2021-03-30 16:31:28,662 [DEBUG]: [5]: More variables, requesting index 228
2021-03-30 16:31:28,662 [DEBUG]: Requesting index 228 on port 5
2021-03-30 16:31:28,666 [DEBUG]: Added element [228]
2021-03-30 16:31:28,666 [DEBUG]: [5]: More variables, requesting index 229
2021-03-30 16:31:28,666 [DEBUG]: Requesting index 229 on port 5
2021-03-30 16:31:28,670 [DEBUG]: Added element [229]
2021-03-30 16:31:28,670 [DEBUG]: [5]: More variables, requesting index 230
2021-03-30 16:31:28,670 [DEBUG]: Requesting index 230 on port 5
2021-03-30 16:31:28,674 [DEBUG]: Added element [230]
2021-03-30 16:31:28,674 [DEBUG]: [5]: More variables, requesting index 231
2021-03-30 16:31:28,674 [DEBUG]: Requesting index 231 on port 5
2021-03-30 16:31:28,679 [DEBUG]: Added element [231]
2021-03-30 16:31:28,679 [DEBUG]: [5]: More variables, requesting index 232
2021-03-30 16:31:28,679 [DEBUG]: Requesting index 232 on port 5
2021-03-30 16:31:28,683 [DEBUG]: Added element [232]
2021-03-30 16:31:28,683 [DEBUG]: [5]: More variables, requesting index 233
2021-03-30 16:31:28,683 [DEBUG]: Requesting index 233 on port 5
2021-03-30 16:31:28,687 [DEBUG]: Added element [233]
2021-03-30 16:31:28,687 [DEBUG]: [5]: More variables, requesting index 234
2021-03-30 16:31:28,687 [DEBUG]: Requesting index 234 on port 5
2021-03-30 16:31:28,691 [DEBUG]: Added element [234]
2021-03-30 16:31:28,691 [DEBUG]: [5]: More variables, requesting index 235
2021-03-30 16:31:28,691 [DEBUG]: Requesting index 235 on port 5
2021-03-30 16:31:28,695 [DEBUG]: Added element [235]
2021-03-30 16:31:28,695 [DEBUG]: [5]: More variables, requesting index 236
2021-03-30 16:31:28,696 [DEBUG]: Requesting index 236 on port 5
2021-03-30 16:31:28,700 [DEBUG]: Added element [236]
2021-03-30 16:31:28,700 [DEBUG]: [5]: More variables, requesting index 237
2021-03-30 16:31:28,700 [DEBUG]: Requesting index 237 on port 5
2021-03-30 16:31:28,704 [DEBUG]: Added element [237]
2021-03-30 16:31:28,704 [DEBUG]: [5]: More variables, requesting index 238
2021-03-30 16:31:28,704 [DEBUG]: Requesting index 238 on port 5
2021-03-30 16:31:28,708 [DEBUG]: Added element [238]
2021-03-30 16:31:28,709 [DEBUG]: [5]: More variables, requesting index 239
2021-03-30 16:31:28,709 [DEBUG]: Requesting index 239 on port 5
2021-03-30 16:31:28,713 [DEBUG]: Added element [239]
2021-03-30 16:31:28,713 [DEBUG]: [5]: More variables, requesting index 240
2021-03-30 16:31:28,713 [DEBUG]: Requesting index 240 on port 5
2021-03-30 16:31:28,717 [DEBUG]: Added element [240]
2021-03-30 16:31:28,717 [DEBUG]: [5]: More variables, requesting index 241
2021-03-30 16:31:28,717 [DEBUG]: Requesting index 241 on port 5
2021-03-30 16:31:28,722 [DEBUG]: Added element [241]
2021-03-30 16:31:28,722 [DEBUG]: [5]: More variables, requesting index 242
2021-03-30 16:31:28,722 [DEBUG]: Requesting index 242 on port 5
2021-03-30 16:31:28,726 [DEBUG]: Added element [242]
2021-03-30 16:31:28,726 [DEBUG]: [5]: More variables, requesting index 243
2021-03-30 16:31:28,726 [DEBUG]: Requesting index 243 on port 5
2021-03-30 16:31:28,731 [DEBUG]: Added element [243]
2021-03-30 16:31:28,731 [DEBUG]: [5]: More variables, requesting index 244
2021-03-30 16:31:28,731 [DEBUG]: Requesting index 244 on port 5
2021-03-30 16:31:28,735 [DEBUG]: Added element [244]
2021-03-30 16:31:28,735 [DEBUG]: [5]: More variables, requesting index 245
2021-03-30 16:31:28,735 [DEBUG]: Requesting index 245 on port 5
2021-03-30 16:31:28,739 [DEBUG]: Added element [245]
2021-03-30 16:31:28,739 [DEBUG]: [5]: More variables, requesting index 246
2021-03-30 16:31:28,740 [DEBUG]: Requesting index 246 on port 5
2021-03-30 16:31:28,752 [DEBUG]: Added element [246]
2021-03-30 16:31:28,753 [DEBUG]: [5]: More variables, requesting index 247
2021-03-30 16:31:28,753 [DEBUG]: Requesting index 247 on port 5
2021-03-30 16:31:28,757 [DEBUG]: Added element [247]
2021-03-30 16:31:28,758 [DEBUG]: [5]: More variables, requesting index 248
2021-03-30 16:31:28,758 [DEBUG]: Requesting index 248 on port 5
2021-03-30 16:31:28,762 [DEBUG]: Added element [248]
2021-03-30 16:31:28,762 [DEBUG]: [5]: More variables, requesting index 249
2021-03-30 16:31:28,763 [DEBUG]: Requesting index 249 on port 5
2021-03-30 16:31:28,768 [DEBUG]: Added element [249]
2021-03-30 16:31:28,768 [DEBUG]: [5]: More variables, requesting index 250
2021-03-30 16:31:28,768 [DEBUG]: Requesting index 250 on port 5
2021-03-30 16:31:28,772 [DEBUG]: Added element [250]
2021-03-30 16:31:28,773 [DEBUG]: [5]: More variables, requesting index 251
2021-03-30 16:31:28,773 [DEBUG]: Requesting index 251 on port 5
2021-03-30 16:31:28,778 [DEBUG]: Added element [251]
2021-03-30 16:31:28,778 [DEBUG]: [5]: More variables, requesting index 252
2021-03-30 16:31:28,778 [DEBUG]: Requesting index 252 on port 5
2021-03-30 16:31:28,782 [DEBUG]: Added element [252]
2021-03-30 16:31:28,782 [DEBUG]: [5]: More variables, requesting index 253
2021-03-30 16:31:28,782 [DEBUG]: Requesting index 253 on port 5
2021-03-30 16:31:28,786 [DEBUG]: Added element [253]
2021-03-30 16:31:28,786 [DEBUG]: [5]: More variables, requesting index 254
2021-03-30 16:31:28,786 [DEBUG]: Requesting index 254 on port 5
2021-03-30 16:31:28,790 [DEBUG]: Added element [254]
2021-03-30 16:31:28,790 [DEBUG]: [5]: More variables, requesting index 255
2021-03-30 16:31:28,790 [DEBUG]: Requesting index 255 on port 5
2021-03-30 16:31:28,795 [DEBUG]: Added element [255]
2021-03-30 16:31:28,795 [DEBUG]: [5]: More variables, requesting index 256
2021-03-30 16:31:28,795 [DEBUG]: Requesting index 256 on port 5
2021-03-30 16:31:28,799 [DEBUG]: Added element [256]
2021-03-30 16:31:28,799 [DEBUG]: [5]: More variables, requesting index 257
2021-03-30 16:31:28,799 [DEBUG]: Requesting index 257 on port 5
2021-03-30 16:31:28,804 [DEBUG]: Added element [257]
2021-03-30 16:31:28,804 [DEBUG]: [5]: More variables, requesting index 258
2021-03-30 16:31:28,804 [DEBUG]: Requesting index 258 on port 5
2021-03-30 16:31:28,808 [DEBUG]: Added element [258]
2021-03-30 16:31:28,808 [DEBUG]: [5]: More variables, requesting index 259
2021-03-30 16:31:28,808 [DEBUG]: Requesting index 259 on port 5
2021-03-30 16:31:28,811 [DEBUG]: Added element [259]
2021-03-30 16:31:28,812 [DEBUG]: [5]: More variables, requesting index 260
2021-03-30 16:31:28,812 [DEBUG]: Requesting index 260 on port 5
2021-03-30 16:31:28,815 [DEBUG]: Added element [260]
2021-03-30 16:31:28,816 [DEBUG]: [5]: More variables, requesting index 261
2021-03-30 16:31:28,816 [DEBUG]: Requesting index 261 on port 5
2021-03-30 16:31:28,820 [DEBUG]: Added element [261]
2021-03-30 16:31:28,820 [DEBUG]: [5]: More variables, requesting index 262
2021-03-30 16:31:28,820 [DEBUG]: Requesting index 262 on port 5
2021-03-30 16:31:28,824 [DEBUG]: Added element [262]
2021-03-30 16:31:28,824 [DEBUG]: [5]: More variables, requesting index 263
2021-03-30 16:31:28,824 [DEBUG]: Requesting index 263 on port 5
2021-03-30 16:31:28,828 [DEBUG]: Added element [263]
2021-03-30 16:31:28,828 [DEBUG]: [5]: More variables, requesting index 264
2021-03-30 16:31:28,828 [DEBUG]: Requesting index 264 on port 5
2021-03-30 16:31:28,832 [DEBUG]: Added element [264]
2021-03-30 16:31:28,832 [DEBUG]: [5]: More variables, requesting index 265
2021-03-30 16:31:28,832 [DEBUG]: Requesting index 265 on port 5
2021-03-30 16:31:28,836 [DEBUG]: Added element [265]
2021-03-30 16:31:28,836 [DEBUG]: [5]: More variables, requesting index 266
2021-03-30 16:31:28,836 [DEBUG]: Requesting index 266 on port 5
2021-03-30 16:31:28,841 [DEBUG]: Added element [266]
2021-03-30 16:31:28,841 [DEBUG]: [5]: More variables, requesting index 267
2021-03-30 16:31:28,841 [DEBUG]: Requesting index 267 on port 5
2021-03-30 16:31:28,846 [DEBUG]: Added element [267]
2021-03-30 16:31:28,846 [DEBUG]: [5]: More variables, requesting index 268
2021-03-30 16:31:28,846 [DEBUG]: Requesting index 268 on port 5
2021-03-30 16:31:28,850 [DEBUG]: Added element [268]
2021-03-30 16:31:28,850 [DEBUG]: [5]: More variables, requesting index 269
2021-03-30 16:31:28,850 [DEBUG]: Requesting index 269 on port 5
2021-03-30 16:31:28,854 [DEBUG]: Added element [269]
2021-03-30 16:31:28,854 [DEBUG]: [5]: More variables, requesting index 270
2021-03-30 16:31:28,854 [DEBUG]: Requesting index 270 on port 5
2021-03-30 16:31:28,857 [DEBUG]: Added element [270]
2021-03-30 16:31:28,857 [DEBUG]: [5]: More variables, requesting index 271
2021-03-30 16:31:28,857 [DEBUG]: Requesting index 271 on port 5
2021-03-30 16:31:28,862 [DEBUG]: Added element [271]
2021-03-30 16:31:28,862 [DEBUG]: [5]: More variables, requesting index 272
2021-03-30 16:31:28,862 [DEBUG]: Requesting index 272 on port 5
2021-03-30 16:31:28,866 [DEBUG]: Added element [272]
2021-03-30 16:31:28,867 [DEBUG]: [5]: More variables, requesting index 273
2021-03-30 16:31:28,867 [DEBUG]: Requesting index 273 on port 5
2021-03-30 16:31:28,870 [DEBUG]: Added element [273]
2021-03-30 16:31:28,871 [DEBUG]: [5]: More variables, requesting index 274
2021-03-30 16:31:28,871 [DEBUG]: Requesting index 274 on port 5
2021-03-30 16:31:28,883 [DEBUG]: Added element [274]
2021-03-30 16:31:28,883 [DEBUG]: [5]: More variables, requesting index 275
2021-03-30 16:31:28,883 [DEBUG]: Requesting index 275 on port 5
2021-03-30 16:31:28,887 [DEBUG]: Added element [275]
2021-03-30 16:31:28,888 [DEBUG]: [5]: More variables, requesting index 276
2021-03-30 16:31:28,888 [DEBUG]: Requesting index 276 on port 5
2021-03-30 16:31:28,893 [DEBUG]: Added element [276]
2021-03-30 16:31:28,893 [DEBUG]: [5]: More variables, requesting index 277
2021-03-30 16:31:28,893 [DEBUG]: Requesting index 277 on port 5
2021-03-30 16:31:28,897 [DEBUG]: Added element [277]
2021-03-30 16:31:28,897 [DEBUG]: [5]: More variables, requesting index 278
2021-03-30 16:31:28,897 [DEBUG]: Requesting index 278 on port 5
2021-03-30 16:31:28,901 [DEBUG]: Added element [278]
2021-03-30 16:31:28,901 [DEBUG]: [5]: More variables, requesting index 279
2021-03-30 16:31:28,901 [DEBUG]: Requesting index 279 on port 5
2021-03-30 16:31:28,905 [DEBUG]: Added element [279]
2021-03-30 16:31:28,905 [DEBUG]: [5]: More variables, requesting index 280
2021-03-30 16:31:28,905 [DEBUG]: Requesting index 280 on port 5
2021-03-30 16:31:28,909 [DEBUG]: Added element [280]
2021-03-30 16:31:28,909 [DEBUG]: [5]: More variables, requesting index 281
2021-03-30 16:31:28,909 [DEBUG]: Requesting index 281 on port 5
2021-03-30 16:31:28,913 [DEBUG]: Added element [281]
2021-03-30 16:31:28,913 [DEBUG]: [5]: More variables, requesting index 282
2021-03-30 16:31:28,913 [DEBUG]: Requesting index 282 on port 5
2021-03-30 16:31:28,917 [DEBUG]: Added element [282]
2021-03-30 16:31:28,918 [DEBUG]: [5]: More variables, requesting index 283
2021-03-30 16:31:28,918 [DEBUG]: Requesting index 283 on port 5
2021-03-30 16:31:28,921 [DEBUG]: Added element [283]
2021-03-30 16:31:28,922 [DEBUG]: [5]: More variables, requesting index 284
2021-03-30 16:31:28,922 [DEBUG]: Requesting index 284 on port 5
2021-03-30 16:31:28,925 [DEBUG]: Added element [284]
2021-03-30 16:31:28,926 [DEBUG]: [5]: More variables, requesting index 285
2021-03-30 16:31:28,926 [DEBUG]: Requesting index 285 on port 5
2021-03-30 16:31:28,930 [DEBUG]: Added element [285]
2021-03-30 16:31:28,930 [DEBUG]: [5]: More variables, requesting index 286
2021-03-30 16:31:28,930 [DEBUG]: Requesting index 286 on port 5
2021-03-30 16:31:28,934 [DEBUG]: Added element [286]
2021-03-30 16:31:28,934 [DEBUG]: [5]: More variables, requesting index 287
2021-03-30 16:31:28,934 [DEBUG]: Requesting index 287 on port 5
2021-03-30 16:31:28,938 [DEBUG]: Added element [287]
2021-03-30 16:31:28,938 [DEBUG]: [5]: More variables, requesting index 288
2021-03-30 16:31:28,938 [DEBUG]: Requesting index 288 on port 5
2021-03-30 16:31:28,942 [DEBUG]: Added element [288]
2021-03-30 16:31:28,942 [DEBUG]: [5]: More variables, requesting index 289
2021-03-30 16:31:28,942 [DEBUG]: Requesting index 289 on port 5
2021-03-30 16:31:28,946 [DEBUG]: Added element [289]
2021-03-30 16:31:28,946 [DEBUG]: [5]: More variables, requesting index 290
2021-03-30 16:31:28,946 [DEBUG]: Requesting index 290 on port 5
2021-03-30 16:31:28,950 [DEBUG]: Added element [290]
2021-03-30 16:31:28,950 [DEBUG]: [5]: More variables, requesting index 291
2021-03-30 16:31:28,950 [DEBUG]: Requesting index 291 on port 5
2021-03-30 16:31:28,954 [DEBUG]: Added element [291]
2021-03-30 16:31:28,954 [DEBUG]: [5]: More variables, requesting index 292
2021-03-30 16:31:28,954 [DEBUG]: Requesting index 292 on port 5
2021-03-30 16:31:28,958 [DEBUG]: Added element [292]
2021-03-30 16:31:28,958 [DEBUG]: [5]: More variables, requesting index 293
2021-03-30 16:31:28,958 [DEBUG]: Requesting index 293 on port 5
2021-03-30 16:31:28,962 [DEBUG]: Added element [293]
2021-03-30 16:31:28,962 [DEBUG]: [5]: More variables, requesting index 294
2021-03-30 16:31:28,962 [DEBUG]: Requesting index 294 on port 5
2021-03-30 16:31:28,966 [DEBUG]: Added element [294]
2021-03-30 16:31:28,966 [DEBUG]: [5]: More variables, requesting index 295
2021-03-30 16:31:28,966 [DEBUG]: Requesting index 295 on port 5
2021-03-30 16:31:28,970 [DEBUG]: Added element [295]
2021-03-30 16:31:28,970 [DEBUG]: [5]: More variables, requesting index 296
2021-03-30 16:31:28,970 [DEBUG]: Requesting index 296 on port 5
2021-03-30 16:31:28,974 [DEBUG]: Added element [296]
2021-03-30 16:31:28,974 [DEBUG]: [5]: More variables, requesting index 297
2021-03-30 16:31:28,974 [DEBUG]: Requesting index 297 on port 5
2021-03-30 16:31:28,978 [DEBUG]: Added element [297]
2021-03-30 16:31:28,978 [DEBUG]: [5]: More variables, requesting index 298
2021-03-30 16:31:28,978 [DEBUG]: Requesting index 298 on port 5
2021-03-30 16:31:28,982 [DEBUG]: Added element [298]
2021-03-30 16:31:28,982 [DEBUG]: [5]: More variables, requesting index 299
2021-03-30 16:31:28,983 [DEBUG]: Requesting index 299 on port 5
2021-03-30 16:31:28,986 [DEBUG]: Added element [299]
2021-03-30 16:31:28,987 [DEBUG]: [5]: More variables, requesting index 300
2021-03-30 16:31:28,987 [DEBUG]: Requesting index 300 on port 5
2021-03-30 16:31:28,991 [DEBUG]: Added element [300]
2021-03-30 16:31:28,991 [DEBUG]: [5]: More variables, requesting index 301
2021-03-30 16:31:28,991 [DEBUG]: Requesting index 301 on port 5
2021-03-30 16:31:28,995 [DEBUG]: Added element [301]
2021-03-30 16:31:28,995 [DEBUG]: [5]: More variables, requesting index 302
2021-03-30 16:31:28,995 [DEBUG]: Requesting index 302 on port 5
2021-03-30 16:31:28,999 [DEBUG]: Added element [302]
2021-03-30 16:31:28,999 [DEBUG]: [5]: More variables, requesting index 303
2021-03-30 16:31:28,999 [DEBUG]: Requesting index 303 on port 5
2021-03-30 16:31:29,003 [DEBUG]: Added element [303]
2021-03-30 16:31:29,003 [DEBUG]: [5]: More variables, requesting index 304
2021-03-30 16:31:29,003 [DEBUG]: Requesting index 304 on port 5
2021-03-30 16:31:29,016 [DEBUG]: Added element [304]
2021-03-30 16:31:29,017 [DEBUG]: [5]: More variables, requesting index 305
2021-03-30 16:31:29,017 [DEBUG]: Requesting index 305 on port 5
2021-03-30 16:31:29,021 [DEBUG]: Added element [305]
2021-03-30 16:31:29,021 [DEBUG]: [5]: More variables, requesting index 306
2021-03-30 16:31:29,021 [DEBUG]: Requesting index 306 on port 5
2021-03-30 16:31:29,025 [DEBUG]: Added element [306]
2021-03-30 16:31:29,025 [DEBUG]: [5]: More variables, requesting index 307
2021-03-30 16:31:29,025 [DEBUG]: Requesting index 307 on port 5
2021-03-30 16:31:29,029 [DEBUG]: Added element [307]
2021-03-30 16:31:29,029 [DEBUG]: [5]: More variables, requesting index 308
2021-03-30 16:31:29,029 [DEBUG]: Requesting index 308 on port 5
2021-03-30 16:31:29,033 [DEBUG]: Added element [308]
2021-03-30 16:31:29,033 [DEBUG]: [5]: More variables, requesting index 309
2021-03-30 16:31:29,033 [DEBUG]: Requesting index 309 on port 5
2021-03-30 16:31:29,037 [DEBUG]: Added element [309]
2021-03-30 16:31:29,037 [DEBUG]: [5]: More variables, requesting index 310
2021-03-30 16:31:29,037 [DEBUG]: Requesting index 310 on port 5
2021-03-30 16:31:29,041 [DEBUG]: Added element [310]
2021-03-30 16:31:29,041 [DEBUG]: [5]: More variables, requesting index 311
2021-03-30 16:31:29,041 [DEBUG]: Requesting index 311 on port 5
2021-03-30 16:31:29,045 [DEBUG]: Added element [311]
2021-03-30 16:31:29,045 [DEBUG]: [5]: More variables, requesting index 312
2021-03-30 16:31:29,045 [DEBUG]: Requesting index 312 on port 5
2021-03-30 16:31:29,049 [DEBUG]: Added element [312]
2021-03-30 16:31:29,049 [DEBUG]: [5]: More variables, requesting index 313
2021-03-30 16:31:29,049 [DEBUG]: Requesting index 313 on port 5
2021-03-30 16:31:29,053 [DEBUG]: Added element [313]
2021-03-30 16:31:29,053 [DEBUG]: [5]: More variables, requesting index 314
2021-03-30 16:31:29,053 [DEBUG]: Requesting index 314 on port 5
2021-03-30 16:31:29,056 [DEBUG]: Added element [314]
2021-03-30 16:31:29,056 [DEBUG]: [5]: More variables, requesting index 315
2021-03-30 16:31:29,056 [DEBUG]: Requesting index 315 on port 5
2021-03-30 16:31:29,060 [DEBUG]: Added element [315]
2021-03-30 16:31:29,060 [DEBUG]: [5]: More variables, requesting index 316
2021-03-30 16:31:29,060 [DEBUG]: Requesting index 316 on port 5
2021-03-30 16:31:29,064 [DEBUG]: Added element [316]
2021-03-30 16:31:29,064 [WARNING]: Could not save cache, no writable directory
2021-03-30 16:31:29,064 [DEBUG]: Removing callback on port [5] to [<bound method TocFetcher._new_packet_cb of <cflib.crazyflie.toc.TocFetcher object at 0x000001D8A3DD00C8>>]
2021-03-30 16:31:29,064 [DEBUG]: [5]: Done!
2021-03-30 16:31:29,064 [INFO]: Log TOC finished updating
2021-03-30 16:31:29,064 [DEBUG]: Requesting number of memories
2021-03-30 16:31:29,067 [INFO]: 9 memories found
2021-03-30 16:31:29,067 [DEBUG]: Requesting first id
