2021-04-15 15:14:05,004 [INFO]: Connecting to the Vicon...
2021-04-15 15:14:05,005 [INFO]: Connected to Vicon!
2021-04-15 15:14:05,005 [INFO]: Enabling data types...
2021-04-15 15:14:05,005 [DEBUG]: Segments: True
2021-04-15 15:14:05,005 [DEBUG]: Markers: True
2021-04-15 15:14:05,005 [DEBUG]: Unlabeled Markers: True
2021-04-15 15:14:05,005 [DEBUG]: Marker Rays: True
2021-04-15 15:14:05,005 [DEBUG]: Devices: True
2021-04-15 15:14:05,005 [DEBUG]: Centroids: True 
2021-04-15 15:14:05,005 [INFO]: Testing stream modes...
2021-04-15 15:14:05,005 [INFO]: Getting a frame in ClientPull mode...
2021-04-15 15:14:06,005 [ERROR]: Error using ClientPull mode. --> NoFrame
2021-04-15 15:14:06,005 [INFO]: Getting a frame in PreFetch mode...
2021-04-15 15:14:07,006 [ERROR]: Error using ClientPreFetch mode. --> NoFrame
2021-04-15 15:14:07,006 [INFO]: Getting a frame in ServerPush mode...
2021-04-15 15:14:07,007 [DEBUG]: Fetched! Pulled frame number: 53426
2021-04-15 15:14:07,008 [INFO]: ServerPush mode set.
2021-04-15 15:14:07,008 [INFO]: Getting available framerates...
2021-04-15 15:14:07,008 [INFO]: Current Vicon frame rate: 100.0 Hz.
2021-04-15 15:14:07,008 [INFO]: Available frame rates: 
2021-04-15 15:14:07,008 [INFO]: Process Rate : 100 Hz 

2021-04-15 15:14:07,009 [INFO]: Setting axis...
2021-04-15 15:14:07,009 [INFO]: X Axis: AxisMapping.EForward
2021-04-15 15:14:07,009 [INFO]: Y Axis: AxisMapping.ELeft
2021-04-15 15:14:07,009 [INFO]: Z Axis: AxisMapping.EUp
2021-04-15 15:14:07,009 [INFO]: Initializing drivers...
2021-04-15 15:14:07,010 [INFO]: Drivers initialized.
2021-04-15 15:14:07,010 [INFO]: Connecting to the Crazyflie...
2021-04-15 15:14:07,010 [DEBUG]: Adding callback on port [6] to [<bound method Localization._incoming of <cflib.crazyflie.localization.Localization object at 0x000001CA7138BE48>>]
2021-04-15 15:14:07,011 [DEBUG]: Adding callback on port [5] to [<bound method Log._new_packet_cb of <cflib.crazyflie.log.Log object at 0x000001CA7138BF48>>]
2021-04-15 15:14:07,011 [DEBUG]: Adding callback on port [0] to [<bound method Console.incoming of <cflib.crazyflie.console.Console object at 0x000001CA7138BFC8>>]
2021-04-15 15:14:07,011 [DEBUG]: Adding callback on port [2] to [<bound method _ParamUpdater._new_packet_cb of <_ParamUpdater(Thread-2, initial daemon)>>]
2021-04-15 15:14:07,012 [DEBUG]: Adding callback on port [4] to [<bound method Memory._new_packet_cb of <cflib.crazyflie.mem.Memory object at 0x000001CA7139C388>>]
2021-04-15 15:14:07,012 [DEBUG]: Adding callback on port [13] to [<bound method PlatformService._platform_callback of <cflib.crazyflie.platformservice.PlatformService object at 0x000001CA7139C488>>]
2021-04-15 15:14:07,013 [DEBUG]: Adding callback on port [15] to [<bound method PlatformService._crt_service_callback of <cflib.crazyflie.platformservice.PlatformService object at 0x000001CA7139C488>>]
2021-04-15 15:14:07,013 [INFO]: Crazyflie2 has the following segments: ['Crazyflie2']
2021-04-15 15:14:07,013 [INFO]: Crazyflie2 has root: Crazyflie2
2021-04-15 15:14:07,013 [DEBUG]: ===Checking functions without flying===
2021-04-15 15:14:07,014 [DEBUG]: ===============Offline check done=================
2021-04-15 15:14:07,018 [INFO]: Callback->Connection initialized[radio://0/80/2M]
2021-04-15 15:14:07,024 [INFO]: We are connected[radio://0/80/2M], request connection setup
2021-04-15 15:14:07,026 [INFO]: Callback->Connected to [radio://0/80/2M]
2021-04-15 15:14:07,028 [WARNING]: Error no LogEntry to handle id=3
2021-04-15 15:14:07,031 [WARNING]: Error no LogEntry to handle id=3
2021-04-15 15:14:07,038 [INFO]: Protocol  version: 4
2021-04-15 15:14:07,042 [DEBUG]: Logging reset, continue with TOC download
2021-04-15 15:14:07,042 [DEBUG]: [5]: Using V2 protocol: 1
2021-04-15 15:14:07,042 [DEBUG]: [5]: Start fetching...
2021-04-15 15:14:07,042 [DEBUG]: Adding callback on port [5] to [<bound method TocFetcher._new_packet_cb of <cflib.crazyflie.toc.TocFetcher object at 0x000001CA713E3248>>]
2021-04-15 15:14:07,046 [DEBUG]: [5]: Got TOC CRC, 317 items and crc=0x05C5AF70
2021-04-15 15:14:07,046 [DEBUG]: Requesting index 0 on port 5
2021-04-15 15:14:07,050 [DEBUG]: Added element [0]
2021-04-15 15:14:07,050 [DEBUG]: [5]: More variables, requesting index 1
2021-04-15 15:14:07,050 [DEBUG]: Requesting index 1 on port 5
2021-04-15 15:14:07,054 [DEBUG]: Added element [1]
2021-04-15 15:14:07,054 [DEBUG]: [5]: More variables, requesting index 2
2021-04-15 15:14:07,054 [DEBUG]: Requesting index 2 on port 5
2021-04-15 15:14:07,058 [DEBUG]: Added element [2]
2021-04-15 15:14:07,058 [DEBUG]: [5]: More variables, requesting index 3
2021-04-15 15:14:07,058 [DEBUG]: Requesting index 3 on port 5
2021-04-15 15:14:07,062 [DEBUG]: Added element [3]
2021-04-15 15:14:07,062 [DEBUG]: [5]: More variables, requesting index 4
2021-04-15 15:14:07,063 [DEBUG]: Requesting index 4 on port 5
2021-04-15 15:14:07,067 [DEBUG]: Added element [4]
2021-04-15 15:14:07,067 [DEBUG]: [5]: More variables, requesting index 5
2021-04-15 15:14:07,067 [DEBUG]: Requesting index 5 on port 5
2021-04-15 15:14:07,071 [DEBUG]: Added element [5]
2021-04-15 15:14:07,071 [DEBUG]: [5]: More variables, requesting index 6
2021-04-15 15:14:07,071 [DEBUG]: Requesting index 6 on port 5
2021-04-15 15:14:07,075 [DEBUG]: Added element [6]
2021-04-15 15:14:07,075 [DEBUG]: [5]: More variables, requesting index 7
2021-04-15 15:14:07,075 [DEBUG]: Requesting index 7 on port 5
2021-04-15 15:14:07,079 [DEBUG]: Added element [7]
2021-04-15 15:14:07,079 [DEBUG]: [5]: More variables, requesting index 8
2021-04-15 15:14:07,079 [DEBUG]: Requesting index 8 on port 5
2021-04-15 15:14:07,083 [DEBUG]: Added element [8]
2021-04-15 15:14:07,083 [DEBUG]: [5]: More variables, requesting index 9
2021-04-15 15:14:07,083 [DEBUG]: Requesting index 9 on port 5
2021-04-15 15:14:07,087 [DEBUG]: Added element [9]
2021-04-15 15:14:07,088 [DEBUG]: [5]: More variables, requesting index 10
2021-04-15 15:14:07,088 [DEBUG]: Requesting index 10 on port 5
2021-04-15 15:14:07,091 [DEBUG]: Added element [10]
2021-04-15 15:14:07,092 [DEBUG]: [5]: More variables, requesting index 11
2021-04-15 15:14:07,092 [DEBUG]: Requesting index 11 on port 5
2021-04-15 15:14:07,096 [DEBUG]: Added element [11]
2021-04-15 15:14:07,096 [DEBUG]: [5]: More variables, requesting index 12
2021-04-15 15:14:07,096 [DEBUG]: Requesting index 12 on port 5
2021-04-15 15:14:07,099 [DEBUG]: Added element [12]
2021-04-15 15:14:07,099 [DEBUG]: [5]: More variables, requesting index 13
2021-04-15 15:14:07,100 [DEBUG]: Requesting index 13 on port 5
2021-04-15 15:14:07,106 [DEBUG]: Added element [13]
2021-04-15 15:14:07,107 [DEBUG]: [5]: More variables, requesting index 14
2021-04-15 15:14:07,107 [DEBUG]: Requesting index 14 on port 5
2021-04-15 15:14:07,119 [DEBUG]: Added element [14]
2021-04-15 15:14:07,120 [DEBUG]: [5]: More variables, requesting index 15
2021-04-15 15:14:07,120 [DEBUG]: Requesting index 15 on port 5
2021-04-15 15:14:07,124 [DEBUG]: Added element [15]
2021-04-15 15:14:07,124 [DEBUG]: [5]: More variables, requesting index 16
2021-04-15 15:14:07,124 [DEBUG]: Requesting index 16 on port 5
2021-04-15 15:14:07,128 [DEBUG]: Added element [16]
2021-04-15 15:14:07,129 [DEBUG]: [5]: More variables, requesting index 17
2021-04-15 15:14:07,129 [DEBUG]: Requesting index 17 on port 5
2021-04-15 15:14:07,133 [DEBUG]: Added element [17]
2021-04-15 15:14:07,133 [DEBUG]: [5]: More variables, requesting index 18
2021-04-15 15:14:07,133 [DEBUG]: Requesting index 18 on port 5
2021-04-15 15:14:07,137 [DEBUG]: Added element [18]
2021-04-15 15:14:07,137 [DEBUG]: [5]: More variables, requesting index 19
2021-04-15 15:14:07,137 [DEBUG]: Requesting index 19 on port 5
2021-04-15 15:14:07,141 [DEBUG]: Added element [19]
2021-04-15 15:14:07,141 [DEBUG]: [5]: More variables, requesting index 20
2021-04-15 15:14:07,141 [DEBUG]: Requesting index 20 on port 5
2021-04-15 15:14:07,145 [DEBUG]: Added element [20]
2021-04-15 15:14:07,145 [DEBUG]: [5]: More variables, requesting index 21
2021-04-15 15:14:07,145 [DEBUG]: Requesting index 21 on port 5
2021-04-15 15:14:07,150 [DEBUG]: Added element [21]
2021-04-15 15:14:07,150 [DEBUG]: [5]: More variables, requesting index 22
2021-04-15 15:14:07,150 [DEBUG]: Requesting index 22 on port 5
2021-04-15 15:14:07,154 [DEBUG]: Added element [22]
2021-04-15 15:14:07,154 [DEBUG]: [5]: More variables, requesting index 23
2021-04-15 15:14:07,154 [DEBUG]: Requesting index 23 on port 5
2021-04-15 15:14:07,159 [DEBUG]: Added element [23]
2021-04-15 15:14:07,159 [DEBUG]: [5]: More variables, requesting index 24
2021-04-15 15:14:07,159 [DEBUG]: Requesting index 24 on port 5
2021-04-15 15:14:07,163 [DEBUG]: Added element [24]
2021-04-15 15:14:07,163 [DEBUG]: [5]: More variables, requesting index 25
2021-04-15 15:14:07,163 [DEBUG]: Requesting index 25 on port 5
2021-04-15 15:14:07,167 [DEBUG]: Added element [25]
2021-04-15 15:14:07,168 [DEBUG]: [5]: More variables, requesting index 26
2021-04-15 15:14:07,168 [DEBUG]: Requesting index 26 on port 5
2021-04-15 15:14:07,171 [DEBUG]: Added element [26]
2021-04-15 15:14:07,172 [DEBUG]: [5]: More variables, requesting index 27
2021-04-15 15:14:07,172 [DEBUG]: Requesting index 27 on port 5
2021-04-15 15:14:07,175 [DEBUG]: Added element [27]
2021-04-15 15:14:07,176 [DEBUG]: [5]: More variables, requesting index 28
2021-04-15 15:14:07,176 [DEBUG]: Requesting index 28 on port 5
2021-04-15 15:14:07,180 [DEBUG]: Added element [28]
2021-04-15 15:14:07,180 [DEBUG]: [5]: More variables, requesting index 29
2021-04-15 15:14:07,180 [DEBUG]: Requesting index 29 on port 5
2021-04-15 15:14:07,184 [DEBUG]: Added element [29]
2021-04-15 15:14:07,184 [DEBUG]: [5]: More variables, requesting index 30
2021-04-15 15:14:07,184 [DEBUG]: Requesting index 30 on port 5
2021-04-15 15:14:07,189 [DEBUG]: Added element [30]
2021-04-15 15:14:07,189 [DEBUG]: [5]: More variables, requesting index 31
2021-04-15 15:14:07,189 [DEBUG]: Requesting index 31 on port 5
2021-04-15 15:14:07,193 [DEBUG]: Added element [31]
2021-04-15 15:14:07,193 [DEBUG]: [5]: More variables, requesting index 32
2021-04-15 15:14:07,193 [DEBUG]: Requesting index 32 on port 5
2021-04-15 15:14:07,197 [DEBUG]: Added element [32]
2021-04-15 15:14:07,197 [DEBUG]: [5]: More variables, requesting index 33
2021-04-15 15:14:07,197 [DEBUG]: Requesting index 33 on port 5
2021-04-15 15:14:07,202 [DEBUG]: Added element [33]
2021-04-15 15:14:07,202 [DEBUG]: [5]: More variables, requesting index 34
2021-04-15 15:14:07,202 [DEBUG]: Requesting index 34 on port 5
2021-04-15 15:14:07,206 [DEBUG]: Added element [34]
2021-04-15 15:14:07,206 [DEBUG]: [5]: More variables, requesting index 35
2021-04-15 15:14:07,206 [DEBUG]: Requesting index 35 on port 5
2021-04-15 15:14:07,210 [DEBUG]: Added element [35]
2021-04-15 15:14:07,210 [DEBUG]: [5]: More variables, requesting index 36
2021-04-15 15:14:07,210 [DEBUG]: Requesting index 36 on port 5
2021-04-15 15:14:07,214 [DEBUG]: Added element [36]
2021-04-15 15:14:07,214 [DEBUG]: [5]: More variables, requesting index 37
2021-04-15 15:14:07,214 [DEBUG]: Requesting index 37 on port 5
2021-04-15 15:14:07,217 [DEBUG]: Added element [37]
2021-04-15 15:14:07,217 [DEBUG]: [5]: More variables, requesting index 38
2021-04-15 15:14:07,217 [DEBUG]: Requesting index 38 on port 5
2021-04-15 15:14:07,222 [DEBUG]: Added element [38]
2021-04-15 15:14:07,222 [DEBUG]: [5]: More variables, requesting index 39
2021-04-15 15:14:07,222 [DEBUG]: Requesting index 39 on port 5
2021-04-15 15:14:07,226 [DEBUG]: Added element [39]
2021-04-15 15:14:07,226 [DEBUG]: [5]: More variables, requesting index 40
2021-04-15 15:14:07,226 [DEBUG]: Requesting index 40 on port 5
2021-04-15 15:14:07,230 [DEBUG]: Added element [40]
2021-04-15 15:14:07,230 [DEBUG]: [5]: More variables, requesting index 41
2021-04-15 15:14:07,230 [DEBUG]: Requesting index 41 on port 5
2021-04-15 15:14:07,235 [DEBUG]: Added element [41]
2021-04-15 15:14:07,235 [DEBUG]: [5]: More variables, requesting index 42
2021-04-15 15:14:07,235 [DEBUG]: Requesting index 42 on port 5
2021-04-15 15:14:07,247 [DEBUG]: Added element [42]
2021-04-15 15:14:07,247 [DEBUG]: [5]: More variables, requesting index 43
2021-04-15 15:14:07,248 [DEBUG]: Requesting index 43 on port 5
2021-04-15 15:14:07,252 [DEBUG]: Added element [43]
2021-04-15 15:14:07,252 [DEBUG]: [5]: More variables, requesting index 44
2021-04-15 15:14:07,252 [DEBUG]: Requesting index 44 on port 5
2021-04-15 15:14:07,257 [DEBUG]: Added element [44]
2021-04-15 15:14:07,257 [DEBUG]: [5]: More variables, requesting index 45
2021-04-15 15:14:07,257 [DEBUG]: Requesting index 45 on port 5
2021-04-15 15:14:07,261 [DEBUG]: Added element [45]
2021-04-15 15:14:07,261 [DEBUG]: [5]: More variables, requesting index 46
2021-04-15 15:14:07,262 [DEBUG]: Requesting index 46 on port 5
2021-04-15 15:14:07,266 [DEBUG]: Added element [46]
2021-04-15 15:14:07,266 [DEBUG]: [5]: More variables, requesting index 47
2021-04-15 15:14:07,266 [DEBUG]: Requesting index 47 on port 5
2021-04-15 15:14:07,270 [DEBUG]: Added element [47]
2021-04-15 15:14:07,270 [DEBUG]: [5]: More variables, requesting index 48
2021-04-15 15:14:07,270 [DEBUG]: Requesting index 48 on port 5
2021-04-15 15:14:07,275 [DEBUG]: Added element [48]
2021-04-15 15:14:07,275 [DEBUG]: [5]: More variables, requesting index 49
2021-04-15 15:14:07,275 [DEBUG]: Requesting index 49 on port 5
2021-04-15 15:14:07,279 [DEBUG]: Added element [49]
2021-04-15 15:14:07,280 [DEBUG]: [5]: More variables, requesting index 50
2021-04-15 15:14:07,280 [DEBUG]: Requesting index 50 on port 5
2021-04-15 15:14:07,284 [DEBUG]: Added element [50]
2021-04-15 15:14:07,284 [DEBUG]: [5]: More variables, requesting index 51
2021-04-15 15:14:07,284 [DEBUG]: Requesting index 51 on port 5
2021-04-15 15:14:07,288 [DEBUG]: Added element [51]
2021-04-15 15:14:07,289 [DEBUG]: [5]: More variables, requesting index 52
2021-04-15 15:14:07,289 [DEBUG]: Requesting index 52 on port 5
2021-04-15 15:14:07,295 [DEBUG]: Added element [52]
2021-04-15 15:14:07,295 [DEBUG]: [5]: More variables, requesting index 53
2021-04-15 15:14:07,295 [DEBUG]: Requesting index 53 on port 5
2021-04-15 15:14:07,299 [DEBUG]: Added element [53]
2021-04-15 15:14:07,299 [DEBUG]: [5]: More variables, requesting index 54
2021-04-15 15:14:07,299 [DEBUG]: Requesting index 54 on port 5
2021-04-15 15:14:07,304 [DEBUG]: Added element [54]
2021-04-15 15:14:07,304 [DEBUG]: [5]: More variables, requesting index 55
2021-04-15 15:14:07,304 [DEBUG]: Requesting index 55 on port 5
2021-04-15 15:14:07,311 [DEBUG]: Added element [55]
2021-04-15 15:14:07,311 [DEBUG]: [5]: More variables, requesting index 56
2021-04-15 15:14:07,311 [DEBUG]: Requesting index 56 on port 5
2021-04-15 15:14:07,316 [DEBUG]: Added element [56]
2021-04-15 15:14:07,316 [DEBUG]: [5]: More variables, requesting index 57
2021-04-15 15:14:07,316 [DEBUG]: Requesting index 57 on port 5
2021-04-15 15:14:07,320 [DEBUG]: Added element [57]
2021-04-15 15:14:07,320 [DEBUG]: [5]: More variables, requesting index 58
2021-04-15 15:14:07,320 [DEBUG]: Requesting index 58 on port 5
2021-04-15 15:14:07,324 [DEBUG]: Added element [58]
2021-04-15 15:14:07,325 [DEBUG]: [5]: More variables, requesting index 59
2021-04-15 15:14:07,325 [DEBUG]: Requesting index 59 on port 5
2021-04-15 15:14:07,329 [DEBUG]: Added element [59]
2021-04-15 15:14:07,329 [DEBUG]: [5]: More variables, requesting index 60
2021-04-15 15:14:07,329 [DEBUG]: Requesting index 60 on port 5
2021-04-15 15:14:07,333 [DEBUG]: Added element [60]
2021-04-15 15:14:07,333 [DEBUG]: [5]: More variables, requesting index 61
2021-04-15 15:14:07,333 [DEBUG]: Requesting index 61 on port 5
2021-04-15 15:14:07,338 [DEBUG]: Added element [61]
2021-04-15 15:14:07,338 [DEBUG]: [5]: More variables, requesting index 62
2021-04-15 15:14:07,338 [DEBUG]: Requesting index 62 on port 5
2021-04-15 15:14:07,342 [DEBUG]: Added element [62]
2021-04-15 15:14:07,342 [DEBUG]: [5]: More variables, requesting index 63
2021-04-15 15:14:07,342 [DEBUG]: Requesting index 63 on port 5
2021-04-15 15:14:07,347 [DEBUG]: Added element [63]
2021-04-15 15:14:07,347 [DEBUG]: [5]: More variables, requesting index 64
2021-04-15 15:14:07,347 [DEBUG]: Requesting index 64 on port 5
2021-04-15 15:14:07,351 [DEBUG]: Added element [64]
2021-04-15 15:14:07,351 [DEBUG]: [5]: More variables, requesting index 65
2021-04-15 15:14:07,351 [DEBUG]: Requesting index 65 on port 5
2021-04-15 15:14:07,356 [DEBUG]: Added element [65]
2021-04-15 15:14:07,356 [DEBUG]: [5]: More variables, requesting index 66
2021-04-15 15:14:07,356 [DEBUG]: Requesting index 66 on port 5
2021-04-15 15:14:07,360 [DEBUG]: Added element [66]
2021-04-15 15:14:07,360 [DEBUG]: [5]: More variables, requesting index 67
2021-04-15 15:14:07,360 [DEBUG]: Requesting index 67 on port 5
2021-04-15 15:14:07,364 [DEBUG]: Added element [67]
2021-04-15 15:14:07,364 [DEBUG]: [5]: More variables, requesting index 68
2021-04-15 15:14:07,364 [DEBUG]: Requesting index 68 on port 5
2021-04-15 15:14:07,377 [DEBUG]: Added element [68]
2021-04-15 15:14:07,377 [DEBUG]: [5]: More variables, requesting index 69
2021-04-15 15:14:07,377 [DEBUG]: Requesting index 69 on port 5
2021-04-15 15:14:07,382 [DEBUG]: Added element [69]
2021-04-15 15:14:07,382 [DEBUG]: [5]: More variables, requesting index 70
2021-04-15 15:14:07,382 [DEBUG]: Requesting index 70 on port 5
2021-04-15 15:14:07,387 [DEBUG]: Added element [70]
2021-04-15 15:14:07,387 [DEBUG]: [5]: More variables, requesting index 71
2021-04-15 15:14:07,387 [DEBUG]: Requesting index 71 on port 5
2021-04-15 15:14:07,390 [DEBUG]: Added element [71]
2021-04-15 15:14:07,390 [DEBUG]: [5]: More variables, requesting index 72
2021-04-15 15:14:07,390 [DEBUG]: Requesting index 72 on port 5
2021-04-15 15:14:07,394 [DEBUG]: Added element [72]
2021-04-15 15:14:07,394 [DEBUG]: [5]: More variables, requesting index 73
2021-04-15 15:14:07,394 [DEBUG]: Requesting index 73 on port 5
2021-04-15 15:14:07,398 [DEBUG]: Added element [73]
2021-04-15 15:14:07,398 [DEBUG]: [5]: More variables, requesting index 74
2021-04-15 15:14:07,399 [DEBUG]: Requesting index 74 on port 5
2021-04-15 15:14:07,402 [DEBUG]: Added element [74]
2021-04-15 15:14:07,402 [DEBUG]: [5]: More variables, requesting index 75
2021-04-15 15:14:07,402 [DEBUG]: Requesting index 75 on port 5
2021-04-15 15:14:07,406 [DEBUG]: Added element [75]
2021-04-15 15:14:07,406 [DEBUG]: [5]: More variables, requesting index 76
2021-04-15 15:14:07,406 [DEBUG]: Requesting index 76 on port 5
2021-04-15 15:14:07,413 [DEBUG]: Added element [76]
2021-04-15 15:14:07,413 [DEBUG]: [5]: More variables, requesting index 77
2021-04-15 15:14:07,413 [DEBUG]: Requesting index 77 on port 5
2021-04-15 15:14:07,417 [DEBUG]: Added element [77]
2021-04-15 15:14:07,417 [DEBUG]: [5]: More variables, requesting index 78
2021-04-15 15:14:07,417 [DEBUG]: Requesting index 78 on port 5
2021-04-15 15:14:07,422 [DEBUG]: Added element [78]
2021-04-15 15:14:07,422 [DEBUG]: [5]: More variables, requesting index 79
2021-04-15 15:14:07,422 [DEBUG]: Requesting index 79 on port 5
2021-04-15 15:14:07,426 [DEBUG]: Added element [79]
2021-04-15 15:14:07,426 [DEBUG]: [5]: More variables, requesting index 80
2021-04-15 15:14:07,426 [DEBUG]: Requesting index 80 on port 5
2021-04-15 15:14:07,430 [DEBUG]: Added element [80]
2021-04-15 15:14:07,430 [DEBUG]: [5]: More variables, requesting index 81
2021-04-15 15:14:07,430 [DEBUG]: Requesting index 81 on port 5
2021-04-15 15:14:07,434 [DEBUG]: Added element [81]
2021-04-15 15:14:07,434 [DEBUG]: [5]: More variables, requesting index 82
2021-04-15 15:14:07,434 [DEBUG]: Requesting index 82 on port 5
2021-04-15 15:14:07,439 [DEBUG]: Added element [82]
2021-04-15 15:14:07,439 [DEBUG]: [5]: More variables, requesting index 83
2021-04-15 15:14:07,439 [DEBUG]: Requesting index 83 on port 5
2021-04-15 15:14:07,443 [DEBUG]: Added element [83]
2021-04-15 15:14:07,443 [DEBUG]: [5]: More variables, requesting index 84
2021-04-15 15:14:07,443 [DEBUG]: Requesting index 84 on port 5
2021-04-15 15:14:07,447 [DEBUG]: Added element [84]
2021-04-15 15:14:07,447 [DEBUG]: [5]: More variables, requesting index 85
2021-04-15 15:14:07,447 [DEBUG]: Requesting index 85 on port 5
2021-04-15 15:14:07,451 [DEBUG]: Added element [85]
2021-04-15 15:14:07,451 [DEBUG]: [5]: More variables, requesting index 86
2021-04-15 15:14:07,451 [DEBUG]: Requesting index 86 on port 5
2021-04-15 15:14:07,455 [DEBUG]: Added element [86]
2021-04-15 15:14:07,456 [DEBUG]: [5]: More variables, requesting index 87
2021-04-15 15:14:07,456 [DEBUG]: Requesting index 87 on port 5
2021-04-15 15:14:07,460 [DEBUG]: Added element [87]
2021-04-15 15:14:07,460 [DEBUG]: [5]: More variables, requesting index 88
2021-04-15 15:14:07,460 [DEBUG]: Requesting index 88 on port 5
2021-04-15 15:14:07,464 [DEBUG]: Added element [88]
2021-04-15 15:14:07,464 [DEBUG]: [5]: More variables, requesting index 89
2021-04-15 15:14:07,464 [DEBUG]: Requesting index 89 on port 5
2021-04-15 15:14:07,469 [DEBUG]: Added element [89]
2021-04-15 15:14:07,469 [DEBUG]: [5]: More variables, requesting index 90
2021-04-15 15:14:07,469 [DEBUG]: Requesting index 90 on port 5
2021-04-15 15:14:07,473 [DEBUG]: Added element [90]
2021-04-15 15:14:07,473 [DEBUG]: [5]: More variables, requesting index 91
2021-04-15 15:14:07,473 [DEBUG]: Requesting index 91 on port 5
2021-04-15 15:14:07,477 [DEBUG]: Added element [91]
2021-04-15 15:14:07,477 [DEBUG]: [5]: More variables, requesting index 92
2021-04-15 15:14:07,477 [DEBUG]: Requesting index 92 on port 5
2021-04-15 15:14:07,482 [DEBUG]: Added element [92]
2021-04-15 15:14:07,482 [DEBUG]: [5]: More variables, requesting index 93
2021-04-15 15:14:07,482 [DEBUG]: Requesting index 93 on port 5
2021-04-15 15:14:07,487 [DEBUG]: Added element [93]
2021-04-15 15:14:07,488 [DEBUG]: [5]: More variables, requesting index 94
2021-04-15 15:14:07,488 [DEBUG]: Requesting index 94 on port 5
2021-04-15 15:14:07,492 [DEBUG]: Added element [94]
2021-04-15 15:14:07,492 [DEBUG]: [5]: More variables, requesting index 95
2021-04-15 15:14:07,492 [DEBUG]: Requesting index 95 on port 5
2021-04-15 15:14:07,504 [DEBUG]: Added element [95]
2021-04-15 15:14:07,504 [DEBUG]: [5]: More variables, requesting index 96
2021-04-15 15:14:07,504 [DEBUG]: Requesting index 96 on port 5
2021-04-15 15:14:07,509 [DEBUG]: Added element [96]
2021-04-15 15:14:07,509 [DEBUG]: [5]: More variables, requesting index 97
2021-04-15 15:14:07,509 [DEBUG]: Requesting index 97 on port 5
2021-04-15 15:14:07,513 [DEBUG]: Added element [97]
2021-04-15 15:14:07,513 [DEBUG]: [5]: More variables, requesting index 98
2021-04-15 15:14:07,513 [DEBUG]: Requesting index 98 on port 5
2021-04-15 15:14:07,517 [DEBUG]: Added element [98]
2021-04-15 15:14:07,517 [DEBUG]: [5]: More variables, requesting index 99
2021-04-15 15:14:07,517 [DEBUG]: Requesting index 99 on port 5
2021-04-15 15:14:07,522 [DEBUG]: Added element [99]
2021-04-15 15:14:07,522 [DEBUG]: [5]: More variables, requesting index 100
2021-04-15 15:14:07,522 [DEBUG]: Requesting index 100 on port 5
2021-04-15 15:14:07,525 [DEBUG]: Added element [100]
2021-04-15 15:14:07,525 [DEBUG]: [5]: More variables, requesting index 101
2021-04-15 15:14:07,525 [DEBUG]: Requesting index 101 on port 5
2021-04-15 15:14:07,529 [DEBUG]: Added element [101]
2021-04-15 15:14:07,529 [DEBUG]: [5]: More variables, requesting index 102
2021-04-15 15:14:07,529 [DEBUG]: Requesting index 102 on port 5
2021-04-15 15:14:07,533 [DEBUG]: Added element [102]
2021-04-15 15:14:07,533 [DEBUG]: [5]: More variables, requesting index 103
2021-04-15 15:14:07,533 [DEBUG]: Requesting index 103 on port 5
2021-04-15 15:14:07,537 [DEBUG]: Added element [103]
2021-04-15 15:14:07,537 [DEBUG]: [5]: More variables, requesting index 104
2021-04-15 15:14:07,537 [DEBUG]: Requesting index 104 on port 5
2021-04-15 15:14:07,541 [DEBUG]: Added element [104]
2021-04-15 15:14:07,542 [DEBUG]: [5]: More variables, requesting index 105
2021-04-15 15:14:07,542 [DEBUG]: Requesting index 105 on port 5
2021-04-15 15:14:07,546 [DEBUG]: Added element [105]
2021-04-15 15:14:07,546 [DEBUG]: [5]: More variables, requesting index 106
2021-04-15 15:14:07,546 [DEBUG]: Requesting index 106 on port 5
2021-04-15 15:14:07,550 [DEBUG]: Added element [106]
2021-04-15 15:14:07,550 [DEBUG]: [5]: More variables, requesting index 107
2021-04-15 15:14:07,550 [DEBUG]: Requesting index 107 on port 5
2021-04-15 15:14:07,555 [DEBUG]: Added element [107]
2021-04-15 15:14:07,556 [DEBUG]: [5]: More variables, requesting index 108
2021-04-15 15:14:07,556 [DEBUG]: Requesting index 108 on port 5
2021-04-15 15:14:07,560 [DEBUG]: Added element [108]
2021-04-15 15:14:07,560 [DEBUG]: [5]: More variables, requesting index 109
2021-04-15 15:14:07,560 [DEBUG]: Requesting index 109 on port 5
2021-04-15 15:14:07,564 [DEBUG]: Added element [109]
2021-04-15 15:14:07,564 [DEBUG]: [5]: More variables, requesting index 110
2021-04-15 15:14:07,564 [DEBUG]: Requesting index 110 on port 5
2021-04-15 15:14:07,568 [DEBUG]: Added element [110]
2021-04-15 15:14:07,568 [DEBUG]: [5]: More variables, requesting index 111
2021-04-15 15:14:07,568 [DEBUG]: Requesting index 111 on port 5
2021-04-15 15:14:07,572 [DEBUG]: Added element [111]
2021-04-15 15:14:07,572 [DEBUG]: [5]: More variables, requesting index 112
2021-04-15 15:14:07,572 [DEBUG]: Requesting index 112 on port 5
2021-04-15 15:14:07,577 [DEBUG]: Added element [112]
2021-04-15 15:14:07,577 [DEBUG]: [5]: More variables, requesting index 113
2021-04-15 15:14:07,577 [DEBUG]: Requesting index 113 on port 5
2021-04-15 15:14:07,581 [DEBUG]: Added element [113]
2021-04-15 15:14:07,581 [DEBUG]: [5]: More variables, requesting index 114
2021-04-15 15:14:07,581 [DEBUG]: Requesting index 114 on port 5
2021-04-15 15:14:07,585 [DEBUG]: Added element [114]
2021-04-15 15:14:07,585 [DEBUG]: [5]: More variables, requesting index 115
2021-04-15 15:14:07,585 [DEBUG]: Requesting index 115 on port 5
2021-04-15 15:14:07,588 [DEBUG]: Added element [115]
2021-04-15 15:14:07,589 [DEBUG]: [5]: More variables, requesting index 116
2021-04-15 15:14:07,589 [DEBUG]: Requesting index 116 on port 5
2021-04-15 15:14:07,592 [DEBUG]: Added element [116]
2021-04-15 15:14:07,592 [DEBUG]: [5]: More variables, requesting index 117
2021-04-15 15:14:07,592 [DEBUG]: Requesting index 117 on port 5
2021-04-15 15:14:07,596 [DEBUG]: Added element [117]
2021-04-15 15:14:07,596 [DEBUG]: [5]: More variables, requesting index 118
2021-04-15 15:14:07,596 [DEBUG]: Requesting index 118 on port 5
2021-04-15 15:14:07,600 [DEBUG]: Added element [118]
2021-04-15 15:14:07,601 [DEBUG]: [5]: More variables, requesting index 119
2021-04-15 15:14:07,601 [DEBUG]: Requesting index 119 on port 5
2021-04-15 15:14:07,605 [DEBUG]: Added element [119]
2021-04-15 15:14:07,605 [DEBUG]: [5]: More variables, requesting index 120
2021-04-15 15:14:07,605 [DEBUG]: Requesting index 120 on port 5
2021-04-15 15:14:07,609 [DEBUG]: Added element [120]
2021-04-15 15:14:07,609 [DEBUG]: [5]: More variables, requesting index 121
2021-04-15 15:14:07,609 [DEBUG]: Requesting index 121 on port 5
2021-04-15 15:14:07,613 [DEBUG]: Added element [121]
2021-04-15 15:14:07,613 [DEBUG]: [5]: More variables, requesting index 122
2021-04-15 15:14:07,613 [DEBUG]: Requesting index 122 on port 5
2021-04-15 15:14:07,617 [DEBUG]: Added element [122]
2021-04-15 15:14:07,617 [DEBUG]: [5]: More variables, requesting index 123
2021-04-15 15:14:07,618 [DEBUG]: Requesting index 123 on port 5
2021-04-15 15:14:07,631 [DEBUG]: Added element [123]
2021-04-15 15:14:07,631 [DEBUG]: [5]: More variables, requesting index 124
2021-04-15 15:14:07,631 [DEBUG]: Requesting index 124 on port 5
2021-04-15 15:14:07,636 [DEBUG]: Added element [124]
2021-04-15 15:14:07,636 [DEBUG]: [5]: More variables, requesting index 125
2021-04-15 15:14:07,636 [DEBUG]: Requesting index 125 on port 5
2021-04-15 15:14:07,640 [DEBUG]: Added element [125]
2021-04-15 15:14:07,640 [DEBUG]: [5]: More variables, requesting index 126
2021-04-15 15:14:07,640 [DEBUG]: Requesting index 126 on port 5
2021-04-15 15:14:07,645 [DEBUG]: Added element [126]
2021-04-15 15:14:07,645 [DEBUG]: [5]: More variables, requesting index 127
2021-04-15 15:14:07,645 [DEBUG]: Requesting index 127 on port 5
2021-04-15 15:14:07,649 [DEBUG]: Added element [127]
2021-04-15 15:14:07,649 [DEBUG]: [5]: More variables, requesting index 128
2021-04-15 15:14:07,649 [DEBUG]: Requesting index 128 on port 5
2021-04-15 15:14:07,654 [DEBUG]: Added element [128]
2021-04-15 15:14:07,654 [DEBUG]: [5]: More variables, requesting index 129
2021-04-15 15:14:07,654 [DEBUG]: Requesting index 129 on port 5
2021-04-15 15:14:07,658 [DEBUG]: Added element [129]
2021-04-15 15:14:07,658 [DEBUG]: [5]: More variables, requesting index 130
2021-04-15 15:14:07,658 [DEBUG]: Requesting index 130 on port 5
2021-04-15 15:14:07,663 [DEBUG]: Added element [130]
2021-04-15 15:14:07,663 [DEBUG]: [5]: More variables, requesting index 131
2021-04-15 15:14:07,663 [DEBUG]: Requesting index 131 on port 5
2021-04-15 15:14:07,668 [DEBUG]: Added element [131]
2021-04-15 15:14:07,668 [DEBUG]: [5]: More variables, requesting index 132
2021-04-15 15:14:07,668 [DEBUG]: Requesting index 132 on port 5
2021-04-15 15:14:07,672 [DEBUG]: Added element [132]
2021-04-15 15:14:07,672 [DEBUG]: [5]: More variables, requesting index 133
2021-04-15 15:14:07,672 [DEBUG]: Requesting index 133 on port 5
2021-04-15 15:14:07,676 [DEBUG]: Added element [133]
2021-04-15 15:14:07,676 [DEBUG]: [5]: More variables, requesting index 134
2021-04-15 15:14:07,676 [DEBUG]: Requesting index 134 on port 5
2021-04-15 15:14:07,680 [DEBUG]: Added element [134]
2021-04-15 15:14:07,681 [DEBUG]: [5]: More variables, requesting index 135
2021-04-15 15:14:07,681 [DEBUG]: Requesting index 135 on port 5
2021-04-15 15:14:07,685 [DEBUG]: Added element [135]
2021-04-15 15:14:07,686 [DEBUG]: [5]: More variables, requesting index 136
2021-04-15 15:14:07,686 [DEBUG]: Requesting index 136 on port 5
2021-04-15 15:14:07,690 [DEBUG]: Added element [136]
2021-04-15 15:14:07,690 [DEBUG]: [5]: More variables, requesting index 137
2021-04-15 15:14:07,690 [DEBUG]: Requesting index 137 on port 5
2021-04-15 15:14:07,694 [DEBUG]: Added element [137]
2021-04-15 15:14:07,694 [DEBUG]: [5]: More variables, requesting index 138
2021-04-15 15:14:07,694 [DEBUG]: Requesting index 138 on port 5
2021-04-15 15:14:07,698 [DEBUG]: Added element [138]
2021-04-15 15:14:07,699 [DEBUG]: [5]: More variables, requesting index 139
2021-04-15 15:14:07,699 [DEBUG]: Requesting index 139 on port 5
2021-04-15 15:14:07,703 [DEBUG]: Added element [139]
2021-04-15 15:14:07,703 [DEBUG]: [5]: More variables, requesting index 140
2021-04-15 15:14:07,703 [DEBUG]: Requesting index 140 on port 5
2021-04-15 15:14:07,707 [DEBUG]: Added element [140]
2021-04-15 15:14:07,707 [DEBUG]: [5]: More variables, requesting index 141
2021-04-15 15:14:07,707 [DEBUG]: Requesting index 141 on port 5
2021-04-15 15:14:07,711 [DEBUG]: Added element [141]
2021-04-15 15:14:07,712 [DEBUG]: [5]: More variables, requesting index 142
2021-04-15 15:14:07,712 [DEBUG]: Requesting index 142 on port 5
2021-04-15 15:14:07,719 [DEBUG]: Added element [142]
2021-04-15 15:14:07,719 [DEBUG]: [5]: More variables, requesting index 143
2021-04-15 15:14:07,719 [DEBUG]: Requesting index 143 on port 5
2021-04-15 15:14:07,723 [DEBUG]: Added element [143]
2021-04-15 15:14:07,723 [DEBUG]: [5]: More variables, requesting index 144
2021-04-15 15:14:07,723 [DEBUG]: Requesting index 144 on port 5
2021-04-15 15:14:07,728 [DEBUG]: Added element [144]
2021-04-15 15:14:07,728 [DEBUG]: [5]: More variables, requesting index 145
2021-04-15 15:14:07,728 [DEBUG]: Requesting index 145 on port 5
2021-04-15 15:14:07,733 [DEBUG]: Added element [145]
2021-04-15 15:14:07,733 [DEBUG]: [5]: More variables, requesting index 146
2021-04-15 15:14:07,733 [DEBUG]: Requesting index 146 on port 5
2021-04-15 15:14:07,738 [DEBUG]: Added element [146]
2021-04-15 15:14:07,738 [DEBUG]: [5]: More variables, requesting index 147
2021-04-15 15:14:07,738 [DEBUG]: Requesting index 147 on port 5
2021-04-15 15:14:07,743 [DEBUG]: Added element [147]
2021-04-15 15:14:07,743 [DEBUG]: [5]: More variables, requesting index 148
2021-04-15 15:14:07,743 [DEBUG]: Requesting index 148 on port 5
2021-04-15 15:14:07,756 [DEBUG]: Added element [148]
2021-04-15 15:14:07,756 [DEBUG]: [5]: More variables, requesting index 149
2021-04-15 15:14:07,756 [DEBUG]: Requesting index 149 on port 5
2021-04-15 15:14:07,761 [DEBUG]: Added element [149]
2021-04-15 15:14:07,761 [DEBUG]: [5]: More variables, requesting index 150
2021-04-15 15:14:07,761 [DEBUG]: Requesting index 150 on port 5
2021-04-15 15:14:07,765 [DEBUG]: Added element [150]
2021-04-15 15:14:07,765 [DEBUG]: [5]: More variables, requesting index 151
2021-04-15 15:14:07,765 [DEBUG]: Requesting index 151 on port 5
2021-04-15 15:14:07,769 [DEBUG]: Added element [151]
2021-04-15 15:14:07,769 [DEBUG]: [5]: More variables, requesting index 152
2021-04-15 15:14:07,769 [DEBUG]: Requesting index 152 on port 5
2021-04-15 15:14:07,774 [DEBUG]: Added element [152]
2021-04-15 15:14:07,774 [DEBUG]: [5]: More variables, requesting index 153
2021-04-15 15:14:07,774 [DEBUG]: Requesting index 153 on port 5
2021-04-15 15:14:07,778 [DEBUG]: Added element [153]
2021-04-15 15:14:07,778 [DEBUG]: [5]: More variables, requesting index 154
2021-04-15 15:14:07,778 [DEBUG]: Requesting index 154 on port 5
2021-04-15 15:14:07,782 [DEBUG]: Added element [154]
2021-04-15 15:14:07,783 [DEBUG]: [5]: More variables, requesting index 155
2021-04-15 15:14:07,783 [DEBUG]: Requesting index 155 on port 5
2021-04-15 15:14:07,787 [DEBUG]: Added element [155]
2021-04-15 15:14:07,787 [DEBUG]: [5]: More variables, requesting index 156
2021-04-15 15:14:07,787 [DEBUG]: Requesting index 156 on port 5
2021-04-15 15:14:07,791 [DEBUG]: Added element [156]
2021-04-15 15:14:07,791 [DEBUG]: [5]: More variables, requesting index 157
2021-04-15 15:14:07,791 [DEBUG]: Requesting index 157 on port 5
2021-04-15 15:14:07,795 [DEBUG]: Added element [157]
2021-04-15 15:14:07,795 [DEBUG]: [5]: More variables, requesting index 158
2021-04-15 15:14:07,795 [DEBUG]: Requesting index 158 on port 5
2021-04-15 15:14:07,799 [DEBUG]: Added element [158]
2021-04-15 15:14:07,800 [DEBUG]: [5]: More variables, requesting index 159
2021-04-15 15:14:07,800 [DEBUG]: Requesting index 159 on port 5
2021-04-15 15:14:07,804 [DEBUG]: Added element [159]
2021-04-15 15:14:07,804 [DEBUG]: [5]: More variables, requesting index 160
2021-04-15 15:14:07,804 [DEBUG]: Requesting index 160 on port 5
2021-04-15 15:14:07,808 [DEBUG]: Added element [160]
2021-04-15 15:14:07,808 [DEBUG]: [5]: More variables, requesting index 161
2021-04-15 15:14:07,808 [DEBUG]: Requesting index 161 on port 5
2021-04-15 15:14:07,812 [DEBUG]: Added element [161]
2021-04-15 15:14:07,812 [DEBUG]: [5]: More variables, requesting index 162
2021-04-15 15:14:07,812 [DEBUG]: Requesting index 162 on port 5
2021-04-15 15:14:07,816 [DEBUG]: Added element [162]
2021-04-15 15:14:07,816 [DEBUG]: [5]: More variables, requesting index 163
2021-04-15 15:14:07,816 [DEBUG]: Requesting index 163 on port 5
2021-04-15 15:14:07,822 [DEBUG]: Added element [163]
2021-04-15 15:14:07,822 [DEBUG]: [5]: More variables, requesting index 164
2021-04-15 15:14:07,822 [DEBUG]: Requesting index 164 on port 5
2021-04-15 15:14:07,825 [DEBUG]: Added element [164]
2021-04-15 15:14:07,826 [DEBUG]: [5]: More variables, requesting index 165
2021-04-15 15:14:07,826 [DEBUG]: Requesting index 165 on port 5
2021-04-15 15:14:07,830 [DEBUG]: Added element [165]
2021-04-15 15:14:07,830 [DEBUG]: [5]: More variables, requesting index 166
2021-04-15 15:14:07,830 [DEBUG]: Requesting index 166 on port 5
2021-04-15 15:14:07,834 [DEBUG]: Added element [166]
2021-04-15 15:14:07,834 [DEBUG]: [5]: More variables, requesting index 167
2021-04-15 15:14:07,834 [DEBUG]: Requesting index 167 on port 5
2021-04-15 15:14:07,838 [DEBUG]: Added element [167]
2021-04-15 15:14:07,838 [DEBUG]: [5]: More variables, requesting index 168
2021-04-15 15:14:07,838 [DEBUG]: Requesting index 168 on port 5
2021-04-15 15:14:07,842 [DEBUG]: Added element [168]
2021-04-15 15:14:07,842 [DEBUG]: [5]: More variables, requesting index 169
2021-04-15 15:14:07,842 [DEBUG]: Requesting index 169 on port 5
2021-04-15 15:14:07,847 [DEBUG]: Added element [169]
2021-04-15 15:14:07,847 [DEBUG]: [5]: More variables, requesting index 170
2021-04-15 15:14:07,847 [DEBUG]: Requesting index 170 on port 5
2021-04-15 15:14:07,851 [DEBUG]: Added element [170]
2021-04-15 15:14:07,851 [DEBUG]: [5]: More variables, requesting index 171
2021-04-15 15:14:07,851 [DEBUG]: Requesting index 171 on port 5
2021-04-15 15:14:07,854 [DEBUG]: Added element [171]
2021-04-15 15:14:07,855 [DEBUG]: [5]: More variables, requesting index 172
2021-04-15 15:14:07,855 [DEBUG]: Requesting index 172 on port 5
